2023-12-20 11:35:57,082 [.NET ThreadPool Worker] ERROR Supervisor Microsoft.AspNetCore.Antiforgery.DefaultAntiforgery GetCookieTokenDoesNotThrow - An exception was thrown while deserializing the token.
Microsoft.AspNetCore.Antiforgery.AntiforgeryValidationException: The antiforgery token could not be decrypted.
 ---> System.Security.Cryptography.CryptographicException: The provided payload cannot be decrypted because it was not protected with this protection provider. For more information go to http://aka.ms/dataprotectionwarning
   at Microsoft.AspNetCore.DataProtection.KeyManagement.KeyRingBasedDataProtector.UnprotectCore(Byte[] protectedData, Boolean allowOperationsOnRevokedKeys, UnprotectStatus& status)
   at Microsoft.AspNetCore.DataProtection.KeyManagement.KeyRingBasedDataProtector.Unprotect(Byte[] protectedData)
   at Microsoft.AspNetCore.Antiforgery.DefaultAntiforgeryTokenSerializer.Deserialize(String serializedToken)
   --- End of inner exception stack trace ---
   at Microsoft.AspNetCore.Antiforgery.DefaultAntiforgeryTokenSerializer.Deserialize(String serializedToken)
   at Microsoft.AspNetCore.Antiforgery.DefaultAntiforgery.GetCookieTokenDoesNotThrow(HttpContext httpContext)
2023-12-20 18:32:05,915 [.NET ThreadPool Worker] WARN Supervisor Microsoft.AspNetCore.Antiforgery.DefaultAntiforgery Start - Antiforgery validation failed with message 'The antiforgery cookie token and request token do not match.'.
2023-12-20 18:32:54,928 [Kestrel Timer] WARN  Microsoft.AspNetCore.Server.Kestrel TimerLoop - As of "12/20/2023 13:02:53 +00:00", the heartbeat has been running for "00:00:01.5513632" which is longer than "00:00:01". This could be caused by thread pool starvation.
2023-12-20 18:49:19,182 [.NET ThreadPool Worker] WARN Supervisor Microsoft.AspNetCore.Antiforgery.DefaultAntiforgery Start - Antiforgery validation failed with message 'The antiforgery cookie token and request token do not match.'.
2023-12-20 19:19:39,843 [.NET ThreadPool Worker] ERROR Supervisor Microsoft.AspNetCore.Server.Kestrel MoveNext - Connection id "0HN01BKEAH7VD", Request id "0HN01BKEAH7VD:0000000A": An unhandled exception was thrown by the application.
System.NotSupportedException: Specified method is not supported.
   at Microsoft.AspNetCore.Server.Kestrel.Core.Internal.Http.HttpResponseStream.Seek(Int64 offset, SeekOrigin origin)
   at Terrasoft.WebHost.Middleware.ODataErrorHandlingMiddleware.ReturnBody(HttpResponse response, Stream originBody) in /opt/buildagent/work/ApplicationCoreLinux/TSBpm/Src/Lib/Terrasoft.WebHost/Middleware/ODataErrorHandlingMiddleware.cs:line 55
   at Terrasoft.WebHost.Middleware.ODataErrorHandlingMiddleware.Invoke(HttpContext httpContext) in /opt/buildagent/work/ApplicationCoreLinux/TSBpm/Src/Lib/Terrasoft.WebHost/Middleware/ODataErrorHandlingMiddleware.cs:line 91
   at Microsoft.AspNet.OData.Batch.ODataBatchMiddleware.Invoke(HttpContext context)
   at Microsoft.AspNetCore.Authorization.AuthorizationMiddleware.Invoke(HttpContext context)
   at Terrasoft.WebHost.Middleware.AcquireRequestStateMiddleware.Invoke(HttpContext httpContext) in /opt/buildagent/work/ApplicationCoreLinux/TSBpm/Src/Lib/Terrasoft.WebHost/Middleware/AcquireRequestStateMiddleware.cs:line 183
   at Microsoft.AspNetCore.Session.SessionMiddleware.Invoke(HttpContext context)
   at Microsoft.AspNetCore.Session.SessionMiddleware.Invoke(HttpContext context)
   at Terrasoft.Authentication.Middleware.OpenIdMiddleware.Invoke(HttpContext httpContext, IOpenIdAuthorizeInitiator openIdAuthorizeInitiator) in /opt/buildagent/work/ApplicationCoreLinux/TSBpm/Src/Lib/Terrasoft.Authentication/Middleware/OpenIdMiddleware.cs:line 42
   at Microsoft.AspNetCore.Authentication.AuthenticationMiddleware.Invoke(HttpContext context)
   at Terrasoft.WebHost.Middleware.CustomHeadersMiddleware.Invoke(HttpContext context) in /opt/buildagent/work/ApplicationCoreLinux/TSBpm/Src/Lib/Terrasoft.WebHost/Middleware/CustomHeadersMiddleware.cs:line 96
   at Terrasoft.WebHost.Middleware.FileUploadSecurityMiddleware.Invoke(HttpContext context) in /opt/buildagent/work/ApplicationCoreLinux/TSBpm/Src/Lib/Terrasoft.WebHost/Middleware/FileUploadSecurityMiddleware.cs:line 77
   at Terrasoft.WebHost.UserConnectionLifetimeMiddleware.Invoke(HttpContext context) in /opt/buildagent/work/ApplicationCoreLinux/TSBpm/Src/Lib/Terrasoft.WebHost/Middleware/UserConnectionLifetimeMiddleware.cs:line 46
   at Terrasoft.WebHost.Middleware.RequestResponseLoggingMiddleware.<>c__DisplayClass26_0.<<Invoke>b__0>d.MoveNext() in /opt/buildagent/work/ApplicationCoreLinux/TSBpm/Src/Lib/Terrasoft.WebHost/Middleware/RequestResponseLoggingMiddleware.cs:line 245
--- End of stack trace from previous location ---
   at Terrasoft.WebHost.Middleware.RequestResponseLoggingMiddleware.PrepareBodyStreamIf(Boolean condition, HttpContext context, Func`3 action) in /opt/buildagent/work/ApplicationCoreLinux/TSBpm/Src/Lib/Terrasoft.WebHost/Middleware/RequestResponseLoggingMiddleware.cs:line 214
   at Terrasoft.WebHost.Middleware.RequestResponseLoggingMiddleware.PrepareBodyStreamIf(Boolean condition, HttpContext context, Func`3 action) in /opt/buildagent/work/ApplicationCoreLinux/TSBpm/Src/Lib/Terrasoft.WebHost/Middleware/RequestResponseLoggingMiddleware.cs:line 214
   at Terrasoft.WebHost.Middleware.RequestResponseLoggingMiddleware.Invoke(HttpContext context) in /opt/buildagent/work/ApplicationCoreLinux/TSBpm/Src/Lib/Terrasoft.WebHost/Middleware/RequestResponseLoggingMiddleware.cs:line 246
   at Microsoft.AspNetCore.Server.Kestrel.Core.Internal.Http.HttpProtocol.ProcessRequests[TContext](IHttpApplication`1 application)
