2023-12-19 11:25:41,027 [.NET ThreadPool Worker] WARN Supervisor <GetModelsGroupedByEntityName>b__1_0 - PredictedResultColumnName is empty for model 74ce4daa-aa40-411d-8152-1b16cc2e8c2b
Metadata: {
}
Entity schemaUid: a5657e6b-342d-4104-8ab8-aab37ef29860

2023-12-19 11:25:41,027 [.NET ThreadPool Worker] WARN Supervisor <GetModelsGroupedByEntityName>b__1_0 - PredictedResultColumnName is empty for model 8f57ed14-2c8a-47c8-a990-104698359451
Metadata: {
}
Entity schemaUid: a5657e6b-342d-4104-8ab8-aab37ef29860

2023-12-19 11:25:41,027 [.NET ThreadPool Worker] WARN Supervisor <GetModelsGroupedByEntityName>b__1_0 - PredictedResultColumnName is empty for model 6f8c5159-e07b-485d-bfa2-37dbf4f0a2d3
Metadata: {
}
Entity schemaUid: 117d32f9-8275-4534-8411-1c66115ce9cd

2023-12-19 11:25:41,027 [.NET ThreadPool Worker] WARN Supervisor <GetModelsGroupedByEntityName>b__1_0 - PredictedResultColumnName is empty for model b624f2fd-81e1-4e8d-890b-5184994d1154
Metadata: {
}
Entity schemaUid: 56143364-4580-4561-8814-8612fad2e5c0

2023-12-19 11:26:58,156 [.NET ThreadPool Worker] INFO  Execute - Start to process (training, state sync) ML models
2023-12-19 11:26:58,160 [.NET ThreadPool Worker] INFO  Execute - ML model batch prediction job started
2023-12-19 11:26:58,160 [.NET ThreadPool Worker] DEBUG  ProcessAllModels - There are no ML problem types with set ServiceUrl
2023-12-19 11:26:58,160 [.NET ThreadPool Worker] DEBUG  ProcessAllModels - There are no ML problem types with set ServiceUrl
2023-12-19 11:41:58,167 [.NET ThreadPool Worker] INFO  Execute - Start to process (training, state sync) ML models
2023-12-19 11:41:58,167 [.NET ThreadPool Worker] DEBUG  ProcessAllModels - There are no ML problem types with set ServiceUrl
2023-12-19 11:56:58,177 [.NET ThreadPool Worker] INFO  Execute - Start to process (training, state sync) ML models
2023-12-19 11:56:58,178 [.NET ThreadPool Worker] DEBUG  ProcessAllModels - There are no ML problem types with set ServiceUrl
2023-12-19 12:11:58,194 [.NET ThreadPool Worker] INFO  Execute - Start to process (training, state sync) ML models
2023-12-19 12:11:58,194 [.NET ThreadPool Worker] DEBUG  ProcessAllModels - There are no ML problem types with set ServiceUrl
2023-12-19 12:26:58,199 [.NET ThreadPool Worker] INFO  Execute - ML model batch prediction job started
2023-12-19 12:26:58,203 [.NET ThreadPool Worker] DEBUG  ProcessAllModels - There are no ML problem types with set ServiceUrl
2023-12-19 12:26:58,203 [.NET ThreadPool Worker] INFO  Execute - Start to process (training, state sync) ML models
2023-12-19 12:26:58,203 [.NET ThreadPool Worker] DEBUG  ProcessAllModels - There are no ML problem types with set ServiceUrl
2023-12-19 12:30:28,803 [.NET ThreadPool Worker] INFO  Execute - ML model batch prediction job started
2023-12-19 12:30:28,820 [.NET ThreadPool Worker] DEBUG  CheckIsServiceUrlSet - There are no ML problem types with set ServiceUrl
2023-12-19 12:30:28,855 [.NET ThreadPool Worker] INFO  Execute - Start to process (training, state sync) ML models
2023-12-19 12:30:28,855 [.NET ThreadPool Worker] DEBUG  CheckIsServiceUrlSet - There are no ML problem types with set ServiceUrl
2023-12-19 12:45:28,874 [.NET ThreadPool Worker] INFO  Execute - Start to process (training, state sync) ML models
2023-12-19 12:45:28,877 [.NET ThreadPool Worker] DEBUG  ProcessAllModels - There are no ML problem types with set ServiceUrl
2023-12-19 13:00:28,895 [.NET ThreadPool Worker] INFO  Execute - Start to process (training, state sync) ML models
2023-12-19 13:00:28,897 [.NET ThreadPool Worker] DEBUG  ProcessAllModels - There are no ML problem types with set ServiceUrl
2023-12-19 13:15:28,915 [.NET ThreadPool Worker] INFO  Execute - Start to process (training, state sync) ML models
2023-12-19 13:15:28,924 [.NET ThreadPool Worker] DEBUG  ProcessAllModels - There are no ML problem types with set ServiceUrl
2023-12-19 13:19:04,924 [.NET ThreadPool Worker] WARN Supervisor <GetModelsGroupedByEntityName>b__1_0 - PredictedResultColumnName is empty for model 74ce4daa-aa40-411d-8152-1b16cc2e8c2b
Metadata: {
}
Entity schemaUid: a5657e6b-342d-4104-8ab8-aab37ef29860

2023-12-19 13:19:04,924 [.NET ThreadPool Worker] WARN Supervisor <GetModelsGroupedByEntityName>b__1_0 - PredictedResultColumnName is empty for model 8f57ed14-2c8a-47c8-a990-104698359451
Metadata: {
}
Entity schemaUid: a5657e6b-342d-4104-8ab8-aab37ef29860

2023-12-19 13:19:04,924 [.NET ThreadPool Worker] WARN Supervisor <GetModelsGroupedByEntityName>b__1_0 - PredictedResultColumnName is empty for model 6f8c5159-e07b-485d-bfa2-37dbf4f0a2d3
Metadata: {
}
Entity schemaUid: 117d32f9-8275-4534-8411-1c66115ce9cd

2023-12-19 13:19:04,924 [.NET ThreadPool Worker] WARN Supervisor <GetModelsGroupedByEntityName>b__1_0 - PredictedResultColumnName is empty for model b624f2fd-81e1-4e8d-890b-5184994d1154
Metadata: {
}
Entity schemaUid: 56143364-4580-4561-8814-8612fad2e5c0

2023-12-19 13:30:28,868 [.NET ThreadPool Worker] INFO  Execute - ML model batch prediction job started
2023-12-19 13:30:28,874 [.NET ThreadPool Worker] DEBUG  ProcessAllModels - There are no ML problem types with set ServiceUrl
2023-12-19 13:30:28,930 [.NET ThreadPool Worker] INFO  Execute - Start to process (training, state sync) ML models
2023-12-19 13:30:28,930 [.NET ThreadPool Worker] DEBUG  ProcessAllModels - There are no ML problem types with set ServiceUrl
2023-12-19 13:45:28,936 [.NET ThreadPool Worker] INFO  Execute - Start to process (training, state sync) ML models
2023-12-19 13:45:28,936 [.NET ThreadPool Worker] DEBUG  ProcessAllModels - There are no ML problem types with set ServiceUrl
2023-12-19 14:00:28,954 [.NET ThreadPool Worker] INFO  Execute - Start to process (training, state sync) ML models
2023-12-19 14:00:28,954 [.NET ThreadPool Worker] DEBUG  ProcessAllModels - There are no ML problem types with set ServiceUrl
2023-12-19 14:15:28,973 [.NET ThreadPool Worker] INFO  Execute - Start to process (training, state sync) ML models
2023-12-19 14:15:28,973 [.NET ThreadPool Worker] DEBUG  ProcessAllModels - There are no ML problem types with set ServiceUrl
2023-12-19 14:30:28,906 [.NET ThreadPool Worker] INFO  Execute - ML model batch prediction job started
2023-12-19 14:30:28,906 [.NET ThreadPool Worker] DEBUG  ProcessAllModels - There are no ML problem types with set ServiceUrl
2023-12-19 14:30:28,992 [.NET ThreadPool Worker] INFO  Execute - Start to process (training, state sync) ML models
2023-12-19 14:30:28,998 [.NET ThreadPool Worker] DEBUG  ProcessAllModels - There are no ML problem types with set ServiceUrl
2023-12-19 14:45:29,011 [.NET ThreadPool Worker] INFO  Execute - Start to process (training, state sync) ML models
2023-12-19 14:45:29,011 [.NET ThreadPool Worker] DEBUG  ProcessAllModels - There are no ML problem types with set ServiceUrl
2023-12-19 15:00:29,030 [.NET ThreadPool Worker] INFO  Execute - Start to process (training, state sync) ML models
2023-12-19 15:00:29,030 [.NET ThreadPool Worker] DEBUG  ProcessAllModels - There are no ML problem types with set ServiceUrl
2023-12-19 15:15:29,049 [.NET ThreadPool Worker] INFO  Execute - Start to process (training, state sync) ML models
2023-12-19 15:15:29,049 [.NET ThreadPool Worker] DEBUG  ProcessAllModels - There are no ML problem types with set ServiceUrl
2023-12-19 15:30:28,925 [.NET ThreadPool Worker] INFO  Execute - ML model batch prediction job started
2023-12-19 15:30:28,931 [.NET ThreadPool Worker] DEBUG  ProcessAllModels - There are no ML problem types with set ServiceUrl
2023-12-19 15:30:29,070 [.NET ThreadPool Worker] INFO  Execute - Start to process (training, state sync) ML models
2023-12-19 15:30:29,070 [.NET ThreadPool Worker] DEBUG  ProcessAllModels - There are no ML problem types with set ServiceUrl
2023-12-19 15:45:29,089 [.NET ThreadPool Worker] INFO  Execute - Start to process (training, state sync) ML models
2023-12-19 15:45:29,089 [.NET ThreadPool Worker] DEBUG  ProcessAllModels - There are no ML problem types with set ServiceUrl
2023-12-19 15:56:18,003 [.NET ThreadPool Worker] INFO  Execute - Start to process (training, state sync) ML models
2023-12-19 15:56:18,017 [.NET ThreadPool Worker] DEBUG  CheckIsServiceUrlSet - There are no ML problem types with set ServiceUrl
2023-12-19 15:56:18,017 [.NET ThreadPool Worker] INFO  Execute - ML model batch prediction job started
2023-12-19 15:56:18,017 [.NET ThreadPool Worker] DEBUG  CheckIsServiceUrlSet - There are no ML problem types with set ServiceUrl
2023-12-19 16:11:18,034 [.NET ThreadPool Worker] INFO  Execute - Start to process (training, state sync) ML models
2023-12-19 16:11:18,038 [.NET ThreadPool Worker] DEBUG  ProcessAllModels - There are no ML problem types with set ServiceUrl
2023-12-19 16:26:18,046 [.NET ThreadPool Worker] INFO  Execute - Start to process (training, state sync) ML models
2023-12-19 16:26:18,046 [.NET ThreadPool Worker] DEBUG  ProcessAllModels - There are no ML problem types with set ServiceUrl
2023-12-19 16:41:18,064 [.NET ThreadPool Worker] INFO  Execute - Start to process (training, state sync) ML models
2023-12-19 16:41:18,066 [.NET ThreadPool Worker] DEBUG  ProcessAllModels - There are no ML problem types with set ServiceUrl
2023-12-19 16:56:18,041 [.NET ThreadPool Worker] INFO  Execute - ML model batch prediction job started
2023-12-19 16:56:18,043 [.NET ThreadPool Worker] DEBUG  ProcessAllModels - There are no ML problem types with set ServiceUrl
2023-12-19 16:56:18,083 [.NET ThreadPool Worker] INFO  Execute - Start to process (training, state sync) ML models
2023-12-19 16:56:18,083 [.NET ThreadPool Worker] DEBUG  ProcessAllModels - There are no ML problem types with set ServiceUrl
2023-12-19 17:11:18,102 [.NET ThreadPool Worker] INFO  Execute - Start to process (training, state sync) ML models
2023-12-19 17:11:18,102 [.NET ThreadPool Worker] DEBUG  ProcessAllModels - There are no ML problem types with set ServiceUrl
2023-12-19 17:26:18,118 [.NET ThreadPool Worker] INFO  Execute - Start to process (training, state sync) ML models
2023-12-19 17:26:18,118 [.NET ThreadPool Worker] DEBUG  ProcessAllModels - There are no ML problem types with set ServiceUrl
2023-12-19 17:41:18,130 [.NET ThreadPool Worker] INFO  Execute - Start to process (training, state sync) ML models
2023-12-19 17:41:18,130 [.NET ThreadPool Worker] DEBUG  ProcessAllModels - There are no ML problem types with set ServiceUrl
2023-12-19 17:56:18,062 [.NET ThreadPool Worker] INFO  Execute - ML model batch prediction job started
2023-12-19 17:56:18,062 [.NET ThreadPool Worker] DEBUG  ProcessAllModels - There are no ML problem types with set ServiceUrl
2023-12-19 17:56:18,149 [.NET ThreadPool Worker] INFO  Execute - Start to process (training, state sync) ML models
2023-12-19 17:56:18,149 [.NET ThreadPool Worker] DEBUG  ProcessAllModels - There are no ML problem types with set ServiceUrl
2023-12-19 18:11:18,166 [.NET ThreadPool Worker] INFO  Execute - Start to process (training, state sync) ML models
2023-12-19 18:11:18,166 [.NET ThreadPool Worker] DEBUG  ProcessAllModels - There are no ML problem types with set ServiceUrl
2023-12-19 18:12:08,884 [.NET ThreadPool Worker] WARN Supervisor MoveNext - PredictedResultColumnName is empty for model 74ce4daa-aa40-411d-8152-1b16cc2e8c2b
Metadata: {
}
Entity schemaUid: a5657e6b-342d-4104-8ab8-aab37ef29860

2023-12-19 18:12:08,884 [.NET ThreadPool Worker] WARN Supervisor MoveNext - PredictedResultColumnName is empty for model 8f57ed14-2c8a-47c8-a990-104698359451
Metadata: {
}
Entity schemaUid: a5657e6b-342d-4104-8ab8-aab37ef29860

2023-12-19 18:12:08,884 [.NET ThreadPool Worker] WARN Supervisor MoveNext - PredictedResultColumnName is empty for model 6f8c5159-e07b-485d-bfa2-37dbf4f0a2d3
Metadata: {
}
Entity schemaUid: 117d32f9-8275-4534-8411-1c66115ce9cd

2023-12-19 18:12:08,884 [.NET ThreadPool Worker] WARN Supervisor MoveNext - PredictedResultColumnName is empty for model b624f2fd-81e1-4e8d-890b-5184994d1154
Metadata: {
}
Entity schemaUid: 56143364-4580-4561-8814-8612fad2e5c0

2023-12-19 18:26:18,185 [.NET ThreadPool Worker] INFO  Execute - Start to process (training, state sync) ML models
2023-12-19 18:26:18,185 [.NET ThreadPool Worker] DEBUG  ProcessAllModels - There are no ML problem types with set ServiceUrl
2023-12-19 18:32:26,930 [.NET ThreadPool Worker] INFO  Execute - ML model batch prediction job started
2023-12-19 18:32:26,948 [.NET ThreadPool Worker] DEBUG  CheckIsServiceUrlSet - There are no ML problem types with set ServiceUrl
2023-12-19 18:32:26,967 [.NET ThreadPool Worker] INFO  Execute - Start to process (training, state sync) ML models
2023-12-19 18:32:26,967 [.NET ThreadPool Worker] DEBUG  CheckIsServiceUrlSet - There are no ML problem types with set ServiceUrl
2023-12-19 18:37:03,898 [.NET ThreadPool Worker] INFO  ProcessAllModels - Start to process (training, state sync) ML models
2023-12-19 18:37:03,942 [.NET ThreadPool Worker] DEBUG  CheckIsServiceUrlSet - There are no ML problem types with set ServiceUrl
2023-12-19 18:37:03,945 [.NET ThreadPool Worker] INFO  ProcessAllModels - ML model batch prediction job started
2023-12-19 18:37:03,945 [.NET ThreadPool Worker] DEBUG  CheckIsServiceUrlSet - There are no ML problem types with set ServiceUrl
2023-12-19 18:37:04,521 [.NET ThreadPool Worker] INFO  ProcessAllModels - ML model batch prediction job started
2023-12-19 18:37:04,521 [.NET ThreadPool Worker] DEBUG  CheckIsServiceUrlSet - There are no ML problem types with set ServiceUrl
2023-12-19 18:37:04,534 [.NET ThreadPool Worker] INFO  ProcessAllModels - Start to process (training, state sync) ML models
2023-12-19 18:37:04,534 [.NET ThreadPool Worker] DEBUG  CheckIsServiceUrlSet - There are no ML problem types with set ServiceUrl
2023-12-19 18:51:05,339 [.NET ThreadPool Worker] WARN Supervisor <GetModelsGroupedByEntityName>b__1_0 - PredictedResultColumnName is empty for model 74ce4daa-aa40-411d-8152-1b16cc2e8c2b
Metadata: {
}
Entity schemaUid: a5657e6b-342d-4104-8ab8-aab37ef29860

2023-12-19 18:51:05,339 [.NET ThreadPool Worker] WARN Supervisor <GetModelsGroupedByEntityName>b__1_0 - PredictedResultColumnName is empty for model 8f57ed14-2c8a-47c8-a990-104698359451
Metadata: {
}
Entity schemaUid: a5657e6b-342d-4104-8ab8-aab37ef29860

2023-12-19 18:51:05,340 [.NET ThreadPool Worker] WARN Supervisor <GetModelsGroupedByEntityName>b__1_0 - PredictedResultColumnName is empty for model 6f8c5159-e07b-485d-bfa2-37dbf4f0a2d3
Metadata: {
}
Entity schemaUid: 117d32f9-8275-4534-8411-1c66115ce9cd

2023-12-19 18:51:05,340 [.NET ThreadPool Worker] WARN Supervisor <GetModelsGroupedByEntityName>b__1_0 - PredictedResultColumnName is empty for model b624f2fd-81e1-4e8d-890b-5184994d1154
Metadata: {
}
Entity schemaUid: 56143364-4580-4561-8814-8612fad2e5c0

2023-12-19 18:52:42,264 [.NET ThreadPool Worker] INFO  Execute - ML model batch prediction job started
2023-12-19 18:52:42,264 [.NET ThreadPool Worker] INFO  Execute - Start to process (training, state sync) ML models
2023-12-19 18:52:42,300 [.NET ThreadPool Worker] DEBUG  ProcessAllModels - There are no ML problem types with set ServiceUrl
2023-12-19 18:52:42,300 [.NET ThreadPool Worker] DEBUG  ProcessAllModels - There are no ML problem types with set ServiceUrl
2023-12-19 18:56:30,534 [.NET ThreadPool Worker] INFO  Execute - ML model batch prediction job started
2023-12-19 18:56:30,536 [.NET ThreadPool Worker] DEBUG  ProcessAllModels - There are no ML problem types with set ServiceUrl
2023-12-19 18:56:30,536 [.NET ThreadPool Worker] INFO  Execute - Start to process (training, state sync) ML models
2023-12-19 18:56:30,540 [.NET ThreadPool Worker] DEBUG  ProcessAllModels - There are no ML problem types with set ServiceUrl
2023-12-19 19:13:25,784 [.NET ThreadPool Worker] INFO  ProcessAllModels - ML model batch prediction job started
2023-12-19 19:13:25,804 [.NET ThreadPool Worker] DEBUG  CheckIsServiceUrlSet - There are no ML problem types with set ServiceUrl
2023-12-19 19:13:25,853 [.NET ThreadPool Worker] INFO  ProcessAllModels - Start to process (training, state sync) ML models
2023-12-19 19:13:25,853 [.NET ThreadPool Worker] DEBUG  CheckIsServiceUrlSet - There are no ML problem types with set ServiceUrl
2023-12-19 19:28:25,873 [.NET ThreadPool Worker] INFO  Execute - Start to process (training, state sync) ML models
2023-12-19 19:28:25,873 [.NET ThreadPool Worker] DEBUG  ProcessAllModels - There are no ML problem types with set ServiceUrl
2023-12-19 19:43:25,892 [.NET ThreadPool Worker] INFO  Execute - Start to process (training, state sync) ML models
2023-12-19 19:43:25,892 [.NET ThreadPool Worker] DEBUG  ProcessAllModels - There are no ML problem types with set ServiceUrl
2023-12-19 19:58:25,902 [.NET ThreadPool Worker] INFO  Execute - Start to process (training, state sync) ML models
2023-12-19 19:58:25,902 [.NET ThreadPool Worker] DEBUG  ProcessAllModels - There are no ML problem types with set ServiceUrl
2023-12-19 20:13:25,827 [.NET ThreadPool Worker] INFO  Execute - ML model batch prediction job started
2023-12-19 20:13:25,829 [.NET ThreadPool Worker] DEBUG  ProcessAllModels - There are no ML problem types with set ServiceUrl
2023-12-19 20:13:25,921 [.NET ThreadPool Worker] INFO  Execute - Start to process (training, state sync) ML models
2023-12-19 20:13:25,921 [.NET ThreadPool Worker] DEBUG  ProcessAllModels - There are no ML problem types with set ServiceUrl
2023-12-19 20:20:20,579 [.NET ThreadPool Worker] WARN Supervisor <GetModelsGroupedByEntityName>b__1_0 - PredictedResultColumnName is empty for model 74ce4daa-aa40-411d-8152-1b16cc2e8c2b
Metadata: {
}
Entity schemaUid: a5657e6b-342d-4104-8ab8-aab37ef29860

2023-12-19 20:20:20,580 [.NET ThreadPool Worker] WARN Supervisor <GetModelsGroupedByEntityName>b__1_0 - PredictedResultColumnName is empty for model 8f57ed14-2c8a-47c8-a990-104698359451
Metadata: {
}
Entity schemaUid: a5657e6b-342d-4104-8ab8-aab37ef29860

2023-12-19 20:20:20,580 [.NET ThreadPool Worker] WARN Supervisor <GetModelsGroupedByEntityName>b__1_0 - PredictedResultColumnName is empty for model 6f8c5159-e07b-485d-bfa2-37dbf4f0a2d3
Metadata: {
}
Entity schemaUid: 117d32f9-8275-4534-8411-1c66115ce9cd

2023-12-19 20:20:20,580 [.NET ThreadPool Worker] WARN Supervisor <GetModelsGroupedByEntityName>b__1_0 - PredictedResultColumnName is empty for model b624f2fd-81e1-4e8d-890b-5184994d1154
Metadata: {
}
Entity schemaUid: 56143364-4580-4561-8814-8612fad2e5c0

2023-12-19 20:28:25,929 [.NET ThreadPool Worker] INFO  Execute - Start to process (training, state sync) ML models
2023-12-19 20:28:25,929 [.NET ThreadPool Worker] DEBUG  ProcessAllModels - There are no ML problem types with set ServiceUrl
