2023-12-14 11:44:12,815 ERROR  ProcessEngine RunProcessByStartTimerEvent - Could not run process by start timer event. The schema "StartProcessWebhookToEntity" is not enabled.
2023-12-14 11:44:14,678 INFO  Process IsDailyActualizationAllowedConditionalFlowExpressionExecute - Process: ContactAgeActualizationRunnerProcess, Source element: ExclusiveGateway2, Conditional flow: IsDailyActualizationAllowedConditionalFlow, Expression: ((Boolean)SysSettings.GetValue(UserConnection, "ActualizeAge")) && ((Boolean)SysSettings.GetValue(UserConnection, "RunAgeActualizationDaily")), Result: True
2023-12-14 11:44:14,706 INFO  Process ConditionalSequenceFlow1ExpressionExecute - Process: ContactActualizeAgeProcess, Source element: ExclusiveGateway1, Conditional flow: ConditionalSequenceFlow1, Expression: (IsNeedToNotifyUser), Result: False
2023-12-14 11:44:14,752 INFO  Process ConditionalSequenceFlow3ExpressionExecute - Process: ContactActualizeAgeProcess, Source element: ExclusiveGateway2, Conditional flow: ConditionalSequenceFlow3, Expression: (IsNeedToNotifyUser), Result: False
2023-12-14 11:45:00,009 ERROR  ProcessEngine RunProcessByStartTimerEvent - Could not run process by start timer event. The schema "StartProcessWebhookToEntity" is not enabled.
2023-12-14 11:46:00,018 ERROR  ProcessEngine RunProcessByStartTimerEvent - Could not run process by start timer event. The schema "StartProcessWebhookToEntity" is not enabled.
2023-12-14 11:47:00,017 ERROR  ProcessEngine RunProcessByStartTimerEvent - Could not run process by start timer event. The schema "StartProcessWebhookToEntity" is not enabled.
2023-12-14 11:48:00,017 ERROR  ProcessEngine RunProcessByStartTimerEvent - Could not run process by start timer event. The schema "StartProcessWebhookToEntity" is not enabled.
2023-12-14 11:49:00,019 ERROR  ProcessEngine RunProcessByStartTimerEvent - Could not run process by start timer event. The schema "StartProcessWebhookToEntity" is not enabled.
2023-12-14 11:50:00,014 ERROR  ProcessEngine RunProcessByStartTimerEvent - Could not run process by start timer event. The schema "StartProcessWebhookToEntity" is not enabled.
2023-12-14 11:51:00,018 ERROR  ProcessEngine RunProcessByStartTimerEvent - Could not run process by start timer event. The schema "StartProcessWebhookToEntity" is not enabled.
2023-12-14 11:52:00,005 ERROR  ProcessEngine RunProcessByStartTimerEvent - Could not run process by start timer event. The schema "StartProcessWebhookToEntity" is not enabled.
2023-12-14 11:53:00,015 ERROR  ProcessEngine Execute - Could not run process by start timer event. The schema "StartProcessWebhookToEntity" is not enabled.
2023-12-14 11:54:00,019 ERROR  ProcessEngine Execute - Could not run process by start timer event. The schema "StartProcessWebhookToEntity" is not enabled.
2023-12-14 11:55:00,017 ERROR  ProcessEngine Execute - Could not run process by start timer event. The schema "StartProcessWebhookToEntity" is not enabled.
2023-12-14 11:56:00,018 ERROR  ProcessEngine Execute - Could not run process by start timer event. The schema "StartProcessWebhookToEntity" is not enabled.
2023-12-14 11:57:00,015 ERROR  ProcessEngine Execute - Could not run process by start timer event. The schema "StartProcessWebhookToEntity" is not enabled.
2023-12-14 11:58:00,018 ERROR  ProcessEngine Execute - Could not run process by start timer event. The schema "StartProcessWebhookToEntity" is not enabled.
2023-12-14 11:59:00,016 ERROR  ProcessEngine Execute - Could not run process by start timer event. The schema "StartProcessWebhookToEntity" is not enabled.
2023-12-14 12:00:00,017 ERROR  ProcessEngine Execute - Could not run process by start timer event. The schema "StartProcessWebhookToEntity" is not enabled.
2023-12-14 12:01:00,018 ERROR  ProcessEngine Execute - Could not run process by start timer event. The schema "StartProcessWebhookToEntity" is not enabled.
2023-12-14 12:02:00,015 ERROR  ProcessEngine Execute - Could not run process by start timer event. The schema "StartProcessWebhookToEntity" is not enabled.
2023-12-14 12:03:00,006 ERROR  ProcessEngine Execute - Could not run process by start timer event. The schema "StartProcessWebhookToEntity" is not enabled.
2023-12-14 12:04:00,005 ERROR  ProcessEngine Execute - Could not run process by start timer event. The schema "StartProcessWebhookToEntity" is not enabled.
2023-12-14 12:05:00,012 ERROR  ProcessEngine Execute - Could not run process by start timer event. The schema "StartProcessWebhookToEntity" is not enabled.
2023-12-14 12:06:00,017 ERROR  ProcessEngine Execute - Could not run process by start timer event. The schema "StartProcessWebhookToEntity" is not enabled.
2023-12-14 12:07:00,005 ERROR  ProcessEngine Execute - Could not run process by start timer event. The schema "StartProcessWebhookToEntity" is not enabled.
2023-12-14 12:08:00,018 ERROR  ProcessEngine Execute - Could not run process by start timer event. The schema "StartProcessWebhookToEntity" is not enabled.
2023-12-14 12:09:00,005 ERROR  ProcessEngine Execute - Could not run process by start timer event. The schema "StartProcessWebhookToEntity" is not enabled.
2023-12-14 12:10:00,019 ERROR  ProcessEngine Execute - Could not run process by start timer event. The schema "StartProcessWebhookToEntity" is not enabled.
2023-12-14 12:11:00,019 ERROR  ProcessEngine Execute - Could not run process by start timer event. The schema "StartProcessWebhookToEntity" is not enabled.
2023-12-14 12:12:00,018 ERROR  ProcessEngine Execute - Could not run process by start timer event. The schema "StartProcessWebhookToEntity" is not enabled.
2023-12-14 12:13:00,018 ERROR  ProcessEngine Execute - Could not run process by start timer event. The schema "StartProcessWebhookToEntity" is not enabled.
2023-12-14 12:14:00,019 ERROR  ProcessEngine Execute - Could not run process by start timer event. The schema "StartProcessWebhookToEntity" is not enabled.
2023-12-14 12:15:00,018 ERROR  ProcessEngine Execute - Could not run process by start timer event. The schema "StartProcessWebhookToEntity" is not enabled.
2023-12-14 12:16:00,019 ERROR  ProcessEngine Execute - Could not run process by start timer event. The schema "StartProcessWebhookToEntity" is not enabled.
2023-12-14 12:17:00,016 ERROR  ProcessEngine Execute - Could not run process by start timer event. The schema "StartProcessWebhookToEntity" is not enabled.
2023-12-14 12:18:00,018 ERROR  ProcessEngine Execute - Could not run process by start timer event. The schema "StartProcessWebhookToEntity" is not enabled.
2023-12-14 12:19:00,018 ERROR  ProcessEngine Execute - Could not run process by start timer event. The schema "StartProcessWebhookToEntity" is not enabled.
2023-12-14 12:20:00,015 ERROR  ProcessEngine Execute - Could not run process by start timer event. The schema "StartProcessWebhookToEntity" is not enabled.
2023-12-14 12:21:00,017 ERROR  ProcessEngine Execute - Could not run process by start timer event. The schema "StartProcessWebhookToEntity" is not enabled.
2023-12-14 12:22:00,018 ERROR  ProcessEngine Execute - Could not run process by start timer event. The schema "StartProcessWebhookToEntity" is not enabled.
2023-12-14 12:23:00,006 ERROR  ProcessEngine Execute - Could not run process by start timer event. The schema "StartProcessWebhookToEntity" is not enabled.
2023-12-14 12:24:00,010 ERROR  ProcessEngine Execute - Could not run process by start timer event. The schema "StartProcessWebhookToEntity" is not enabled.
2023-12-14 12:25:00,016 ERROR  ProcessEngine Execute - Could not run process by start timer event. The schema "StartProcessWebhookToEntity" is not enabled.
2023-12-14 12:26:00,016 ERROR  ProcessEngine Execute - Could not run process by start timer event. The schema "StartProcessWebhookToEntity" is not enabled.
2023-12-14 12:27:00,018 ERROR  ProcessEngine Execute - Could not run process by start timer event. The schema "StartProcessWebhookToEntity" is not enabled.
2023-12-14 12:28:00,007 ERROR  ProcessEngine Execute - Could not run process by start timer event. The schema "StartProcessWebhookToEntity" is not enabled.
2023-12-14 12:29:00,020 ERROR  ProcessEngine Execute - Could not run process by start timer event. The schema "StartProcessWebhookToEntity" is not enabled.
2023-12-14 12:30:00,016 ERROR  ProcessEngine Execute - Could not run process by start timer event. The schema "StartProcessWebhookToEntity" is not enabled.
2023-12-14 12:31:00,020 ERROR  ProcessEngine Execute - Could not run process by start timer event. The schema "StartProcessWebhookToEntity" is not enabled.
2023-12-14 12:32:00,019 ERROR  ProcessEngine Execute - Could not run process by start timer event. The schema "StartProcessWebhookToEntity" is not enabled.
2023-12-14 12:33:00,011 ERROR  ProcessEngine Execute - Could not run process by start timer event. The schema "StartProcessWebhookToEntity" is not enabled.
2023-12-14 12:34:00,019 ERROR  ProcessEngine Execute - Could not run process by start timer event. The schema "StartProcessWebhookToEntity" is not enabled.
2023-12-14 12:35:00,009 ERROR  ProcessEngine Execute - Could not run process by start timer event. The schema "StartProcessWebhookToEntity" is not enabled.
2023-12-14 12:36:00,018 ERROR  ProcessEngine Execute - Could not run process by start timer event. The schema "StartProcessWebhookToEntity" is not enabled.
2023-12-14 12:37:00,018 ERROR  ProcessEngine Execute - Could not run process by start timer event. The schema "StartProcessWebhookToEntity" is not enabled.
2023-12-14 12:38:00,018 ERROR  ProcessEngine Execute - Could not run process by start timer event. The schema "StartProcessWebhookToEntity" is not enabled.
2023-12-14 12:39:00,018 ERROR  ProcessEngine Execute - Could not run process by start timer event. The schema "StartProcessWebhookToEntity" is not enabled.
2023-12-14 12:40:00,018 ERROR  ProcessEngine Execute - Could not run process by start timer event. The schema "StartProcessWebhookToEntity" is not enabled.
2023-12-14 12:41:00,018 ERROR  ProcessEngine Execute - Could not run process by start timer event. The schema "StartProcessWebhookToEntity" is not enabled.
2023-12-14 12:42:00,015 ERROR  ProcessEngine Execute - Could not run process by start timer event. The schema "StartProcessWebhookToEntity" is not enabled.
2023-12-14 12:43:00,028 ERROR  ProcessEngine Execute - Could not run process by start timer event. The schema "StartProcessWebhookToEntity" is not enabled.
2023-12-14 12:44:00,018 ERROR  ProcessEngine Execute - Could not run process by start timer event. The schema "StartProcessWebhookToEntity" is not enabled.
2023-12-14 12:45:00,016 ERROR  ProcessEngine Execute - Could not run process by start timer event. The schema "StartProcessWebhookToEntity" is not enabled.
2023-12-14 12:46:00,018 ERROR  ProcessEngine Execute - Could not run process by start timer event. The schema "StartProcessWebhookToEntity" is not enabled.
2023-12-14 12:47:00,019 ERROR  ProcessEngine Execute - Could not run process by start timer event. The schema "StartProcessWebhookToEntity" is not enabled.
2023-12-14 12:48:00,014 ERROR  ProcessEngine Execute - Could not run process by start timer event. The schema "StartProcessWebhookToEntity" is not enabled.
2023-12-14 12:49:00,012 ERROR  ProcessEngine Execute - Could not run process by start timer event. The schema "StartProcessWebhookToEntity" is not enabled.
2023-12-14 12:50:00,016 ERROR  ProcessEngine Execute - Could not run process by start timer event. The schema "StartProcessWebhookToEntity" is not enabled.
2023-12-14 12:51:00,012 ERROR  ProcessEngine Execute - Could not run process by start timer event. The schema "StartProcessWebhookToEntity" is not enabled.
2023-12-14 12:52:00,018 ERROR  ProcessEngine Execute - Could not run process by start timer event. The schema "StartProcessWebhookToEntity" is not enabled.
2023-12-14 12:53:00,014 ERROR  ProcessEngine Execute - Could not run process by start timer event. The schema "StartProcessWebhookToEntity" is not enabled.
2023-12-14 12:54:00,019 ERROR  ProcessEngine Execute - Could not run process by start timer event. The schema "StartProcessWebhookToEntity" is not enabled.
2023-12-14 12:55:00,017 ERROR  ProcessEngine Execute - Could not run process by start timer event. The schema "StartProcessWebhookToEntity" is not enabled.
2023-12-14 12:56:00,018 ERROR  ProcessEngine Execute - Could not run process by start timer event. The schema "StartProcessWebhookToEntity" is not enabled.
2023-12-14 12:57:00,008 ERROR  ProcessEngine Execute - Could not run process by start timer event. The schema "StartProcessWebhookToEntity" is not enabled.
2023-12-14 12:58:00,005 ERROR  ProcessEngine Execute - Could not run process by start timer event. The schema "StartProcessWebhookToEntity" is not enabled.
2023-12-14 12:59:00,019 ERROR  ProcessEngine Execute - Could not run process by start timer event. The schema "StartProcessWebhookToEntity" is not enabled.
2023-12-14 13:00:00,008 ERROR  ProcessEngine Execute - Could not run process by start timer event. The schema "StartProcessWebhookToEntity" is not enabled.
2023-12-14 13:01:00,021 ERROR  ProcessEngine Execute - Could not run process by start timer event. The schema "StartProcessWebhookToEntity" is not enabled.
2023-12-14 13:02:00,010 ERROR  ProcessEngine Execute - Could not run process by start timer event. The schema "StartProcessWebhookToEntity" is not enabled.
2023-12-14 13:03:00,019 ERROR  ProcessEngine Execute - Could not run process by start timer event. The schema "StartProcessWebhookToEntity" is not enabled.
2023-12-14 13:04:00,013 ERROR  ProcessEngine Execute - Could not run process by start timer event. The schema "StartProcessWebhookToEntity" is not enabled.
2023-12-14 13:05:00,005 ERROR  ProcessEngine Execute - Could not run process by start timer event. The schema "StartProcessWebhookToEntity" is not enabled.
2023-12-14 13:06:00,010 ERROR  ProcessEngine Execute - Could not run process by start timer event. The schema "StartProcessWebhookToEntity" is not enabled.
2023-12-14 13:07:00,018 ERROR  ProcessEngine Execute - Could not run process by start timer event. The schema "StartProcessWebhookToEntity" is not enabled.
2023-12-14 13:08:00,018 ERROR  ProcessEngine Execute - Could not run process by start timer event. The schema "StartProcessWebhookToEntity" is not enabled.
2023-12-14 13:09:00,012 ERROR  ProcessEngine Execute - Could not run process by start timer event. The schema "StartProcessWebhookToEntity" is not enabled.
2023-12-14 13:10:00,223 ERROR  ProcessEngine Execute - Could not run process by start timer event. The schema "StartProcessWebhookToEntity" is not enabled.
2023-12-14 13:11:00,005 ERROR  ProcessEngine Execute - Could not run process by start timer event. The schema "StartProcessWebhookToEntity" is not enabled.
2023-12-14 13:12:00,040 ERROR  ProcessEngine Execute - Could not run process by start timer event. The schema "StartProcessWebhookToEntity" is not enabled.
2023-12-14 13:13:00,011 ERROR  ProcessEngine Execute - Could not run process by start timer event. The schema "StartProcessWebhookToEntity" is not enabled.
2023-12-14 13:14:00,018 ERROR  ProcessEngine Execute - Could not run process by start timer event. The schema "StartProcessWebhookToEntity" is not enabled.
2023-12-14 13:15:00,016 ERROR  ProcessEngine Execute - Could not run process by start timer event. The schema "StartProcessWebhookToEntity" is not enabled.
2023-12-14 13:16:00,009 ERROR  ProcessEngine Execute - Could not run process by start timer event. The schema "StartProcessWebhookToEntity" is not enabled.
2023-12-14 13:17:00,005 ERROR  ProcessEngine Execute - Could not run process by start timer event. The schema "StartProcessWebhookToEntity" is not enabled.
2023-12-14 13:18:00,005 ERROR  ProcessEngine Execute - Could not run process by start timer event. The schema "StartProcessWebhookToEntity" is not enabled.
2023-12-14 13:19:00,011 ERROR  ProcessEngine Execute - Could not run process by start timer event. The schema "StartProcessWebhookToEntity" is not enabled.
2023-12-14 13:20:00,019 ERROR  ProcessEngine Execute - Could not run process by start timer event. The schema "StartProcessWebhookToEntity" is not enabled.
2023-12-14 13:21:00,018 ERROR  ProcessEngine Execute - Could not run process by start timer event. The schema "StartProcessWebhookToEntity" is not enabled.
2023-12-14 13:22:00,019 ERROR  ProcessEngine Execute - Could not run process by start timer event. The schema "StartProcessWebhookToEntity" is not enabled.
2023-12-14 13:23:00,018 ERROR  ProcessEngine Execute - Could not run process by start timer event. The schema "StartProcessWebhookToEntity" is not enabled.
2023-12-14 13:24:00,005 ERROR  ProcessEngine Execute - Could not run process by start timer event. The schema "StartProcessWebhookToEntity" is not enabled.
2023-12-14 13:25:00,008 ERROR  ProcessEngine Execute - Could not run process by start timer event. The schema "StartProcessWebhookToEntity" is not enabled.
2023-12-14 13:26:00,015 ERROR  ProcessEngine Execute - Could not run process by start timer event. The schema "StartProcessWebhookToEntity" is not enabled.
2023-12-14 13:27:00,018 ERROR  ProcessEngine Execute - Could not run process by start timer event. The schema "StartProcessWebhookToEntity" is not enabled.
2023-12-14 13:28:00,008 ERROR  ProcessEngine Execute - Could not run process by start timer event. The schema "StartProcessWebhookToEntity" is not enabled.
2023-12-14 13:29:00,008 ERROR  ProcessEngine Execute - Could not run process by start timer event. The schema "StartProcessWebhookToEntity" is not enabled.
2023-12-14 13:30:00,007 ERROR  ProcessEngine Execute - Could not run process by start timer event. The schema "StartProcessWebhookToEntity" is not enabled.
2023-12-14 13:31:00,007 ERROR  ProcessEngine Execute - Could not run process by start timer event. The schema "StartProcessWebhookToEntity" is not enabled.
2023-12-14 13:32:00,018 ERROR  ProcessEngine Execute - Could not run process by start timer event. The schema "StartProcessWebhookToEntity" is not enabled.
2023-12-14 13:33:00,006 ERROR  ProcessEngine Execute - Could not run process by start timer event. The schema "StartProcessWebhookToEntity" is not enabled.
2023-12-14 13:34:00,005 ERROR  ProcessEngine Execute - Could not run process by start timer event. The schema "StartProcessWebhookToEntity" is not enabled.
2023-12-14 13:35:00,023 ERROR  ProcessEngine Execute - Could not run process by start timer event. The schema "StartProcessWebhookToEntity" is not enabled.
2023-12-14 13:36:00,007 ERROR  ProcessEngine Execute - Could not run process by start timer event. The schema "StartProcessWebhookToEntity" is not enabled.
2023-12-14 13:37:00,006 ERROR  ProcessEngine Execute - Could not run process by start timer event. The schema "StartProcessWebhookToEntity" is not enabled.
2023-12-14 13:38:00,019 ERROR  ProcessEngine Execute - Could not run process by start timer event. The schema "StartProcessWebhookToEntity" is not enabled.
2023-12-14 13:39:00,010 ERROR  ProcessEngine Execute - Could not run process by start timer event. The schema "StartProcessWebhookToEntity" is not enabled.
2023-12-14 13:40:00,015 ERROR  ProcessEngine Execute - Could not run process by start timer event. The schema "StartProcessWebhookToEntity" is not enabled.
2023-12-14 13:41:00,020 ERROR  ProcessEngine Execute - Could not run process by start timer event. The schema "StartProcessWebhookToEntity" is not enabled.
2023-12-14 13:42:00,018 ERROR  ProcessEngine Execute - Could not run process by start timer event. The schema "StartProcessWebhookToEntity" is not enabled.
2023-12-14 13:43:00,015 ERROR  ProcessEngine Execute - Could not run process by start timer event. The schema "StartProcessWebhookToEntity" is not enabled.
2023-12-14 13:44:00,019 ERROR  ProcessEngine Execute - Could not run process by start timer event. The schema "StartProcessWebhookToEntity" is not enabled.
2023-12-14 13:45:00,018 ERROR  ProcessEngine Execute - Could not run process by start timer event. The schema "StartProcessWebhookToEntity" is not enabled.
2023-12-14 13:46:00,007 ERROR  ProcessEngine Execute - Could not run process by start timer event. The schema "StartProcessWebhookToEntity" is not enabled.
2023-12-14 13:47:00,018 ERROR  ProcessEngine Execute - Could not run process by start timer event. The schema "StartProcessWebhookToEntity" is not enabled.
2023-12-14 13:48:00,019 ERROR  ProcessEngine Execute - Could not run process by start timer event. The schema "StartProcessWebhookToEntity" is not enabled.
2023-12-14 13:49:00,015 ERROR  ProcessEngine Execute - Could not run process by start timer event. The schema "StartProcessWebhookToEntity" is not enabled.
2023-12-14 13:50:00,019 ERROR  ProcessEngine Execute - Could not run process by start timer event. The schema "StartProcessWebhookToEntity" is not enabled.
2023-12-14 13:51:00,018 ERROR  ProcessEngine Execute - Could not run process by start timer event. The schema "StartProcessWebhookToEntity" is not enabled.
2023-12-14 13:52:00,006 ERROR  ProcessEngine Execute - Could not run process by start timer event. The schema "StartProcessWebhookToEntity" is not enabled.
2023-12-14 13:53:00,010 ERROR  ProcessEngine Execute - Could not run process by start timer event. The schema "StartProcessWebhookToEntity" is not enabled.
2023-12-14 13:54:00,019 ERROR  ProcessEngine Execute - Could not run process by start timer event. The schema "StartProcessWebhookToEntity" is not enabled.
2023-12-14 13:55:00,015 ERROR  ProcessEngine Execute - Could not run process by start timer event. The schema "StartProcessWebhookToEntity" is not enabled.
2023-12-14 13:56:00,019 ERROR  ProcessEngine Execute - Could not run process by start timer event. The schema "StartProcessWebhookToEntity" is not enabled.
2023-12-14 13:57:00,010 ERROR  ProcessEngine Execute - Could not run process by start timer event. The schema "StartProcessWebhookToEntity" is not enabled.
2023-12-14 13:58:00,018 ERROR  ProcessEngine Execute - Could not run process by start timer event. The schema "StartProcessWebhookToEntity" is not enabled.
2023-12-14 13:59:00,018 ERROR  ProcessEngine Execute - Could not run process by start timer event. The schema "StartProcessWebhookToEntity" is not enabled.
2023-12-14 14:00:00,019 ERROR  ProcessEngine Execute - Could not run process by start timer event. The schema "StartProcessWebhookToEntity" is not enabled.
2023-12-14 14:01:00,005 ERROR  ProcessEngine Execute - Could not run process by start timer event. The schema "StartProcessWebhookToEntity" is not enabled.
2023-12-14 14:02:00,019 ERROR  ProcessEngine Execute - Could not run process by start timer event. The schema "StartProcessWebhookToEntity" is not enabled.
2023-12-14 14:03:00,018 ERROR  ProcessEngine Execute - Could not run process by start timer event. The schema "StartProcessWebhookToEntity" is not enabled.
2023-12-14 14:04:00,019 ERROR  ProcessEngine Execute - Could not run process by start timer event. The schema "StartProcessWebhookToEntity" is not enabled.
2023-12-14 14:05:00,017 ERROR  ProcessEngine Execute - Could not run process by start timer event. The schema "StartProcessWebhookToEntity" is not enabled.
2023-12-14 14:06:00,018 ERROR  ProcessEngine Execute - Could not run process by start timer event. The schema "StartProcessWebhookToEntity" is not enabled.
2023-12-14 14:07:00,018 ERROR  ProcessEngine Execute - Could not run process by start timer event. The schema "StartProcessWebhookToEntity" is not enabled.
2023-12-14 14:08:00,018 ERROR  ProcessEngine Execute - Could not run process by start timer event. The schema "StartProcessWebhookToEntity" is not enabled.
2023-12-14 14:09:00,019 ERROR  ProcessEngine Execute - Could not run process by start timer event. The schema "StartProcessWebhookToEntity" is not enabled.
2023-12-14 14:10:00,019 ERROR  ProcessEngine Execute - Could not run process by start timer event. The schema "StartProcessWebhookToEntity" is not enabled.
2023-12-14 14:11:00,019 ERROR  ProcessEngine Execute - Could not run process by start timer event. The schema "StartProcessWebhookToEntity" is not enabled.
2023-12-14 14:12:00,019 ERROR  ProcessEngine Execute - Could not run process by start timer event. The schema "StartProcessWebhookToEntity" is not enabled.
2023-12-14 14:13:00,019 ERROR  ProcessEngine Execute - Could not run process by start timer event. The schema "StartProcessWebhookToEntity" is not enabled.
2023-12-14 14:14:00,019 ERROR  ProcessEngine Execute - Could not run process by start timer event. The schema "StartProcessWebhookToEntity" is not enabled.
2023-12-14 14:15:00,018 ERROR  ProcessEngine Execute - Could not run process by start timer event. The schema "StartProcessWebhookToEntity" is not enabled.
2023-12-14 14:16:00,015 ERROR  ProcessEngine Execute - Could not run process by start timer event. The schema "StartProcessWebhookToEntity" is not enabled.
2023-12-14 14:17:00,018 ERROR  ProcessEngine Execute - Could not run process by start timer event. The schema "StartProcessWebhookToEntity" is not enabled.
2023-12-14 14:18:00,019 ERROR  ProcessEngine Execute - Could not run process by start timer event. The schema "StartProcessWebhookToEntity" is not enabled.
2023-12-14 14:19:00,009 ERROR  ProcessEngine Execute - Could not run process by start timer event. The schema "StartProcessWebhookToEntity" is not enabled.
2023-12-14 14:20:00,018 ERROR  ProcessEngine Execute - Could not run process by start timer event. The schema "StartProcessWebhookToEntity" is not enabled.
2023-12-14 14:21:00,018 ERROR  ProcessEngine Execute - Could not run process by start timer event. The schema "StartProcessWebhookToEntity" is not enabled.
2023-12-14 14:22:00,010 ERROR  ProcessEngine Execute - Could not run process by start timer event. The schema "StartProcessWebhookToEntity" is not enabled.
2023-12-14 14:23:00,018 ERROR  ProcessEngine Execute - Could not run process by start timer event. The schema "StartProcessWebhookToEntity" is not enabled.
2023-12-14 14:24:00,018 ERROR  ProcessEngine Execute - Could not run process by start timer event. The schema "StartProcessWebhookToEntity" is not enabled.
2023-12-14 14:25:00,018 ERROR  ProcessEngine Execute - Could not run process by start timer event. The schema "StartProcessWebhookToEntity" is not enabled.
2023-12-14 14:26:00,019 ERROR  ProcessEngine Execute - Could not run process by start timer event. The schema "StartProcessWebhookToEntity" is not enabled.
2023-12-14 14:27:00,016 ERROR  ProcessEngine Execute - Could not run process by start timer event. The schema "StartProcessWebhookToEntity" is not enabled.
2023-12-14 14:28:00,018 ERROR  ProcessEngine Execute - Could not run process by start timer event. The schema "StartProcessWebhookToEntity" is not enabled.
2023-12-14 14:29:00,019 ERROR  ProcessEngine Execute - Could not run process by start timer event. The schema "StartProcessWebhookToEntity" is not enabled.
2023-12-14 14:30:00,015 ERROR  ProcessEngine Execute - Could not run process by start timer event. The schema "StartProcessWebhookToEntity" is not enabled.
2023-12-14 14:31:00,019 ERROR  ProcessEngine Execute - Could not run process by start timer event. The schema "StartProcessWebhookToEntity" is not enabled.
2023-12-14 14:32:00,018 ERROR  ProcessEngine Execute - Could not run process by start timer event. The schema "StartProcessWebhookToEntity" is not enabled.
2023-12-14 14:33:00,014 ERROR  ProcessEngine Execute - Could not run process by start timer event. The schema "StartProcessWebhookToEntity" is not enabled.
2023-12-14 14:34:00,009 ERROR  ProcessEngine Execute - Could not run process by start timer event. The schema "StartProcessWebhookToEntity" is not enabled.
2023-12-14 14:35:00,005 ERROR  ProcessEngine Execute - Could not run process by start timer event. The schema "StartProcessWebhookToEntity" is not enabled.
2023-12-14 14:36:00,019 ERROR  ProcessEngine Execute - Could not run process by start timer event. The schema "StartProcessWebhookToEntity" is not enabled.
2023-12-14 14:37:00,019 ERROR  ProcessEngine Execute - Could not run process by start timer event. The schema "StartProcessWebhookToEntity" is not enabled.
2023-12-14 14:38:00,018 ERROR  ProcessEngine Execute - Could not run process by start timer event. The schema "StartProcessWebhookToEntity" is not enabled.
2023-12-14 14:39:00,019 ERROR  ProcessEngine Execute - Could not run process by start timer event. The schema "StartProcessWebhookToEntity" is not enabled.
2023-12-14 14:40:00,018 ERROR  ProcessEngine Execute - Could not run process by start timer event. The schema "StartProcessWebhookToEntity" is not enabled.
2023-12-14 14:41:00,019 ERROR  ProcessEngine Execute - Could not run process by start timer event. The schema "StartProcessWebhookToEntity" is not enabled.
2023-12-14 14:42:00,015 ERROR  ProcessEngine Execute - Could not run process by start timer event. The schema "StartProcessWebhookToEntity" is not enabled.
2023-12-14 14:43:00,019 ERROR  ProcessEngine Execute - Could not run process by start timer event. The schema "StartProcessWebhookToEntity" is not enabled.
2023-12-14 14:44:00,020 ERROR  ProcessEngine Execute - Could not run process by start timer event. The schema "StartProcessWebhookToEntity" is not enabled.
2023-12-14 14:45:00,013 ERROR  ProcessEngine Execute - Could not run process by start timer event. The schema "StartProcessWebhookToEntity" is not enabled.
2023-12-14 14:46:00,005 ERROR  ProcessEngine Execute - Could not run process by start timer event. The schema "StartProcessWebhookToEntity" is not enabled.
2023-12-14 14:47:00,019 ERROR  ProcessEngine Execute - Could not run process by start timer event. The schema "StartProcessWebhookToEntity" is not enabled.
2023-12-14 14:48:00,019 ERROR  ProcessEngine Execute - Could not run process by start timer event. The schema "StartProcessWebhookToEntity" is not enabled.
2023-12-14 14:49:00,018 ERROR  ProcessEngine Execute - Could not run process by start timer event. The schema "StartProcessWebhookToEntity" is not enabled.
2023-12-14 14:50:00,019 ERROR  ProcessEngine Execute - Could not run process by start timer event. The schema "StartProcessWebhookToEntity" is not enabled.
2023-12-14 14:51:00,019 ERROR  ProcessEngine Execute - Could not run process by start timer event. The schema "StartProcessWebhookToEntity" is not enabled.
2023-12-14 14:52:00,005 ERROR  ProcessEngine Execute - Could not run process by start timer event. The schema "StartProcessWebhookToEntity" is not enabled.
2023-12-14 14:53:00,018 ERROR  ProcessEngine Execute - Could not run process by start timer event. The schema "StartProcessWebhookToEntity" is not enabled.
2023-12-14 14:54:00,019 ERROR  ProcessEngine Execute - Could not run process by start timer event. The schema "StartProcessWebhookToEntity" is not enabled.
2023-12-14 14:55:00,019 ERROR  ProcessEngine Execute - Could not run process by start timer event. The schema "StartProcessWebhookToEntity" is not enabled.
2023-12-14 14:56:00,017 ERROR  ProcessEngine Execute - Could not run process by start timer event. The schema "StartProcessWebhookToEntity" is not enabled.
2023-12-14 14:57:00,006 ERROR  ProcessEngine Execute - Could not run process by start timer event. The schema "StartProcessWebhookToEntity" is not enabled.
2023-12-14 14:58:00,019 ERROR  ProcessEngine Execute - Could not run process by start timer event. The schema "StartProcessWebhookToEntity" is not enabled.
2023-12-14 14:59:00,016 ERROR  ProcessEngine Execute - Could not run process by start timer event. The schema "StartProcessWebhookToEntity" is not enabled.
2023-12-14 15:00:00,005 ERROR  ProcessEngine Execute - Could not run process by start timer event. The schema "StartProcessWebhookToEntity" is not enabled.
2023-12-14 15:01:00,005 ERROR  ProcessEngine Execute - Could not run process by start timer event. The schema "StartProcessWebhookToEntity" is not enabled.
2023-12-14 15:02:00,018 ERROR  ProcessEngine Execute - Could not run process by start timer event. The schema "StartProcessWebhookToEntity" is not enabled.
2023-12-14 15:03:00,005 ERROR  ProcessEngine Execute - Could not run process by start timer event. The schema "StartProcessWebhookToEntity" is not enabled.
2023-12-14 15:04:00,004 ERROR  ProcessEngine Execute - Could not run process by start timer event. The schema "StartProcessWebhookToEntity" is not enabled.
2023-12-14 15:05:00,006 ERROR  ProcessEngine Execute - Could not run process by start timer event. The schema "StartProcessWebhookToEntity" is not enabled.
2023-12-14 15:06:00,019 ERROR  ProcessEngine Execute - Could not run process by start timer event. The schema "StartProcessWebhookToEntity" is not enabled.
2023-12-14 15:07:00,005 ERROR  ProcessEngine Execute - Could not run process by start timer event. The schema "StartProcessWebhookToEntity" is not enabled.
2023-12-14 15:08:00,005 ERROR  ProcessEngine Execute - Could not run process by start timer event. The schema "StartProcessWebhookToEntity" is not enabled.
2023-12-14 15:09:00,006 ERROR  ProcessEngine Execute - Could not run process by start timer event. The schema "StartProcessWebhookToEntity" is not enabled.
2023-12-14 15:10:00,005 ERROR  ProcessEngine Execute - Could not run process by start timer event. The schema "StartProcessWebhookToEntity" is not enabled.
2023-12-14 15:11:00,008 ERROR  ProcessEngine Execute - Could not run process by start timer event. The schema "StartProcessWebhookToEntity" is not enabled.
2023-12-14 15:12:00,018 ERROR  ProcessEngine Execute - Could not run process by start timer event. The schema "StartProcessWebhookToEntity" is not enabled.
2023-12-14 15:13:00,018 ERROR  ProcessEngine Execute - Could not run process by start timer event. The schema "StartProcessWebhookToEntity" is not enabled.
2023-12-14 15:14:00,016 ERROR  ProcessEngine Execute - Could not run process by start timer event. The schema "StartProcessWebhookToEntity" is not enabled.
2023-12-14 15:15:00,013 ERROR  ProcessEngine Execute - Could not run process by start timer event. The schema "StartProcessWebhookToEntity" is not enabled.
2023-12-14 15:16:00,011 ERROR  ProcessEngine Execute - Could not run process by start timer event. The schema "StartProcessWebhookToEntity" is not enabled.
2023-12-14 15:17:00,005 ERROR  ProcessEngine Execute - Could not run process by start timer event. The schema "StartProcessWebhookToEntity" is not enabled.
2023-12-14 15:18:00,017 ERROR  ProcessEngine Execute - Could not run process by start timer event. The schema "StartProcessWebhookToEntity" is not enabled.
2023-12-14 15:19:00,019 ERROR  ProcessEngine Execute - Could not run process by start timer event. The schema "StartProcessWebhookToEntity" is not enabled.
2023-12-14 15:20:00,016 ERROR  ProcessEngine Execute - Could not run process by start timer event. The schema "StartProcessWebhookToEntity" is not enabled.
2023-12-14 15:21:00,019 ERROR  ProcessEngine Execute - Could not run process by start timer event. The schema "StartProcessWebhookToEntity" is not enabled.
2023-12-14 15:22:00,018 ERROR  ProcessEngine Execute - Could not run process by start timer event. The schema "StartProcessWebhookToEntity" is not enabled.
2023-12-14 15:23:00,010 ERROR  ProcessEngine Execute - Could not run process by start timer event. The schema "StartProcessWebhookToEntity" is not enabled.
2023-12-14 15:24:00,018 ERROR  ProcessEngine Execute - Could not run process by start timer event. The schema "StartProcessWebhookToEntity" is not enabled.
2023-12-14 15:25:00,018 ERROR  ProcessEngine Execute - Could not run process by start timer event. The schema "StartProcessWebhookToEntity" is not enabled.
2023-12-14 15:26:00,017 ERROR  ProcessEngine Execute - Could not run process by start timer event. The schema "StartProcessWebhookToEntity" is not enabled.
2023-12-14 15:27:00,019 ERROR  ProcessEngine Execute - Could not run process by start timer event. The schema "StartProcessWebhookToEntity" is not enabled.
2023-12-14 15:28:00,011 ERROR  ProcessEngine Execute - Could not run process by start timer event. The schema "StartProcessWebhookToEntity" is not enabled.
2023-12-14 15:29:00,012 ERROR  ProcessEngine Execute - Could not run process by start timer event. The schema "StartProcessWebhookToEntity" is not enabled.
2023-12-14 15:30:00,005 ERROR  ProcessEngine Execute - Could not run process by start timer event. The schema "StartProcessWebhookToEntity" is not enabled.
2023-12-14 15:31:00,011 ERROR  ProcessEngine Execute - Could not run process by start timer event. The schema "StartProcessWebhookToEntity" is not enabled.
2023-12-14 15:32:00,009 ERROR  ProcessEngine Execute - Could not run process by start timer event. The schema "StartProcessWebhookToEntity" is not enabled.
2023-12-14 15:33:00,007 ERROR  ProcessEngine Execute - Could not run process by start timer event. The schema "StartProcessWebhookToEntity" is not enabled.
2023-12-14 15:34:00,017 ERROR  ProcessEngine Execute - Could not run process by start timer event. The schema "StartProcessWebhookToEntity" is not enabled.
2023-12-14 15:35:00,005 ERROR  ProcessEngine Execute - Could not run process by start timer event. The schema "StartProcessWebhookToEntity" is not enabled.
2023-12-14 15:36:00,005 ERROR  ProcessEngine Execute - Could not run process by start timer event. The schema "StartProcessWebhookToEntity" is not enabled.
2023-12-14 15:37:00,005 ERROR  ProcessEngine Execute - Could not run process by start timer event. The schema "StartProcessWebhookToEntity" is not enabled.
2023-12-14 15:38:00,005 ERROR  ProcessEngine Execute - Could not run process by start timer event. The schema "StartProcessWebhookToEntity" is not enabled.
2023-12-14 15:39:00,005 ERROR  ProcessEngine Execute - Could not run process by start timer event. The schema "StartProcessWebhookToEntity" is not enabled.
2023-12-14 15:40:00,005 ERROR  ProcessEngine Execute - Could not run process by start timer event. The schema "StartProcessWebhookToEntity" is not enabled.
2023-12-14 15:41:00,005 ERROR  ProcessEngine Execute - Could not run process by start timer event. The schema "StartProcessWebhookToEntity" is not enabled.
2023-12-14 15:42:00,005 ERROR  ProcessEngine Execute - Could not run process by start timer event. The schema "StartProcessWebhookToEntity" is not enabled.
2023-12-14 15:43:00,005 ERROR  ProcessEngine Execute - Could not run process by start timer event. The schema "StartProcessWebhookToEntity" is not enabled.
2023-12-14 15:44:00,005 ERROR  ProcessEngine Execute - Could not run process by start timer event. The schema "StartProcessWebhookToEntity" is not enabled.
2023-12-14 15:45:00,005 ERROR  ProcessEngine Execute - Could not run process by start timer event. The schema "StartProcessWebhookToEntity" is not enabled.
2023-12-14 15:46:00,004 ERROR  ProcessEngine Execute - Could not run process by start timer event. The schema "StartProcessWebhookToEntity" is not enabled.
2023-12-14 15:47:00,019 ERROR  ProcessEngine Execute - Could not run process by start timer event. The schema "StartProcessWebhookToEntity" is not enabled.
2023-12-14 15:48:00,010 ERROR  ProcessEngine Execute - Could not run process by start timer event. The schema "StartProcessWebhookToEntity" is not enabled.
2023-12-14 15:49:00,051 ERROR  ProcessEngine Execute - Could not run process by start timer event. The schema "StartProcessWebhookToEntity" is not enabled.
2023-12-14 15:50:00,005 ERROR  ProcessEngine Execute - Could not run process by start timer event. The schema "StartProcessWebhookToEntity" is not enabled.
2023-12-14 15:51:00,006 ERROR  ProcessEngine Execute - Could not run process by start timer event. The schema "StartProcessWebhookToEntity" is not enabled.
2023-12-14 15:52:00,018 ERROR  ProcessEngine Execute - Could not run process by start timer event. The schema "StartProcessWebhookToEntity" is not enabled.
2023-12-14 15:53:00,005 ERROR  ProcessEngine Execute - Could not run process by start timer event. The schema "StartProcessWebhookToEntity" is not enabled.
2023-12-14 15:54:00,019 ERROR  ProcessEngine Execute - Could not run process by start timer event. The schema "StartProcessWebhookToEntity" is not enabled.
2023-12-14 15:55:00,005 ERROR  ProcessEngine Execute - Could not run process by start timer event. The schema "StartProcessWebhookToEntity" is not enabled.
2023-12-14 15:56:00,008 ERROR  ProcessEngine Execute - Could not run process by start timer event. The schema "StartProcessWebhookToEntity" is not enabled.
2023-12-14 15:57:00,005 ERROR  ProcessEngine Execute - Could not run process by start timer event. The schema "StartProcessWebhookToEntity" is not enabled.
2023-12-14 15:58:00,007 ERROR  ProcessEngine Execute - Could not run process by start timer event. The schema "StartProcessWebhookToEntity" is not enabled.
2023-12-14 15:59:00,005 ERROR  ProcessEngine Execute - Could not run process by start timer event. The schema "StartProcessWebhookToEntity" is not enabled.
2023-12-14 16:00:00,006 ERROR  ProcessEngine Execute - Could not run process by start timer event. The schema "StartProcessWebhookToEntity" is not enabled.
2023-12-14 16:01:00,018 ERROR  ProcessEngine Execute - Could not run process by start timer event. The schema "StartProcessWebhookToEntity" is not enabled.
2023-12-14 16:02:00,010 ERROR  ProcessEngine Execute - Could not run process by start timer event. The schema "StartProcessWebhookToEntity" is not enabled.
2023-12-14 16:03:00,005 ERROR  ProcessEngine Execute - Could not run process by start timer event. The schema "StartProcessWebhookToEntity" is not enabled.
2023-12-14 16:04:00,027 ERROR  ProcessEngine Execute - Could not run process by start timer event. The schema "StartProcessWebhookToEntity" is not enabled.
2023-12-14 16:05:00,010 ERROR  ProcessEngine Execute - Could not run process by start timer event. The schema "StartProcessWebhookToEntity" is not enabled.
2023-12-14 16:06:00,019 ERROR  ProcessEngine Execute - Could not run process by start timer event. The schema "StartProcessWebhookToEntity" is not enabled.
2023-12-14 16:07:00,010 ERROR  ProcessEngine Execute - Could not run process by start timer event. The schema "StartProcessWebhookToEntity" is not enabled.
2023-12-14 16:08:00,005 ERROR  ProcessEngine Execute - Could not run process by start timer event. The schema "StartProcessWebhookToEntity" is not enabled.
2023-12-14 16:09:00,022 ERROR  ProcessEngine Execute - Could not run process by start timer event. The schema "StartProcessWebhookToEntity" is not enabled.
2023-12-14 16:10:00,006 ERROR  ProcessEngine Execute - Could not run process by start timer event. The schema "StartProcessWebhookToEntity" is not enabled.
2023-12-14 16:11:00,005 ERROR  ProcessEngine Execute - Could not run process by start timer event. The schema "StartProcessWebhookToEntity" is not enabled.
2023-12-14 16:14:08,920 ERROR  ProcessEngine RunProcessByStartTimerEvent - Could not run process by start timer event. The schema "StartProcessWebhookToEntity" is not enabled.
2023-12-14 16:14:09,234 ERROR  ProcessEngine RunProcessByStartTimerEvent - Could not run process by start timer event. The schema "StartProcessWebhookToEntity" is not enabled.
2023-12-14 16:14:09,343 ERROR  ProcessEngine RunProcessByStartTimerEvent - Could not run process by start timer event. The schema "StartProcessWebhookToEntity" is not enabled.
2023-12-14 16:15:00,011 ERROR  ProcessEngine RunProcessByStartTimerEvent - Could not run process by start timer event. The schema "StartProcessWebhookToEntity" is not enabled.
2023-12-14 16:16:00,012 ERROR  ProcessEngine RunProcessByStartTimerEvent - Could not run process by start timer event. The schema "StartProcessWebhookToEntity" is not enabled.
2023-12-14 16:17:00,004 ERROR  ProcessEngine RunProcessByStartTimerEvent - Could not run process by start timer event. The schema "StartProcessWebhookToEntity" is not enabled.
2023-12-14 16:18:00,006 ERROR  ProcessEngine RunProcessByStartTimerEvent - Could not run process by start timer event. The schema "StartProcessWebhookToEntity" is not enabled.
2023-12-14 16:19:00,007 ERROR  ProcessEngine RunProcessByStartTimerEvent - Could not run process by start timer event. The schema "StartProcessWebhookToEntity" is not enabled.
2023-12-14 16:20:00,005 ERROR  ProcessEngine RunProcessByStartTimerEvent - Could not run process by start timer event. The schema "StartProcessWebhookToEntity" is not enabled.
2023-12-14 16:21:00,011 ERROR  ProcessEngine RunProcessByStartTimerEvent - Could not run process by start timer event. The schema "StartProcessWebhookToEntity" is not enabled.
2023-12-14 16:22:00,018 ERROR  ProcessEngine RunProcessByStartTimerEvent - Could not run process by start timer event. The schema "StartProcessWebhookToEntity" is not enabled.
2023-12-14 16:23:00,019 ERROR  ProcessEngine RunProcessByStartTimerEvent - Could not run process by start timer event. The schema "StartProcessWebhookToEntity" is not enabled.
2023-12-14 16:24:00,019 ERROR  ProcessEngine RunProcessByStartTimerEvent - Could not run process by start timer event. The schema "StartProcessWebhookToEntity" is not enabled.
2023-12-14 16:25:00,019 ERROR  ProcessEngine RunProcessByStartTimerEvent - Could not run process by start timer event. The schema "StartProcessWebhookToEntity" is not enabled.
2023-12-14 16:26:00,019 ERROR  ProcessEngine RunProcessByStartTimerEvent - Could not run process by start timer event. The schema "StartProcessWebhookToEntity" is not enabled.
2023-12-14 16:27:00,013 ERROR  ProcessEngine RunProcessByStartTimerEvent - Could not run process by start timer event. The schema "StartProcessWebhookToEntity" is not enabled.
2023-12-14 16:28:00,005 ERROR  ProcessEngine Execute - Could not run process by start timer event. The schema "StartProcessWebhookToEntity" is not enabled.
2023-12-14 16:29:00,024 ERROR  ProcessEngine Execute - Could not run process by start timer event. The schema "StartProcessWebhookToEntity" is not enabled.
2023-12-14 16:30:00,006 ERROR  ProcessEngine Execute - Could not run process by start timer event. The schema "StartProcessWebhookToEntity" is not enabled.
2023-12-14 16:31:00,014 ERROR  ProcessEngine Execute - Could not run process by start timer event. The schema "StartProcessWebhookToEntity" is not enabled.
2023-12-14 16:32:00,013 ERROR  ProcessEngine Execute - Could not run process by start timer event. The schema "StartProcessWebhookToEntity" is not enabled.
2023-12-14 16:33:00,019 ERROR  ProcessEngine Execute - Could not run process by start timer event. The schema "StartProcessWebhookToEntity" is not enabled.
2023-12-14 16:34:00,017 ERROR  ProcessEngine Execute - Could not run process by start timer event. The schema "StartProcessWebhookToEntity" is not enabled.
2023-12-14 16:35:00,005 ERROR  ProcessEngine Execute - Could not run process by start timer event. The schema "StartProcessWebhookToEntity" is not enabled.
2023-12-14 16:36:00,005 ERROR  ProcessEngine Execute - Could not run process by start timer event. The schema "StartProcessWebhookToEntity" is not enabled.
2023-12-14 16:37:00,005 ERROR  ProcessEngine Execute - Could not run process by start timer event. The schema "StartProcessWebhookToEntity" is not enabled.
2023-12-14 16:38:00,005 ERROR  ProcessEngine Execute - Could not run process by start timer event. The schema "StartProcessWebhookToEntity" is not enabled.
2023-12-14 16:39:00,005 ERROR  ProcessEngine Execute - Could not run process by start timer event. The schema "StartProcessWebhookToEntity" is not enabled.
2023-12-14 16:40:00,006 ERROR  ProcessEngine Execute - Could not run process by start timer event. The schema "StartProcessWebhookToEntity" is not enabled.
2023-12-14 16:41:00,005 ERROR  ProcessEngine Execute - Could not run process by start timer event. The schema "StartProcessWebhookToEntity" is not enabled.
2023-12-14 16:42:00,017 ERROR  ProcessEngine Execute - Could not run process by start timer event. The schema "StartProcessWebhookToEntity" is not enabled.
2023-12-14 16:43:00,005 ERROR  ProcessEngine Execute - Could not run process by start timer event. The schema "StartProcessWebhookToEntity" is not enabled.
2023-12-14 16:45:51,603 ERROR  ProcessEngine RunProcessByStartTimerEvent - Could not run process by start timer event. The schema "StartProcessWebhookToEntity" is not enabled.
2023-12-14 16:45:51,828 ERROR  ProcessEngine RunProcessByStartTimerEvent - Could not run process by start timer event. The schema "StartProcessWebhookToEntity" is not enabled.
2023-12-14 16:46:00,009 ERROR  ProcessEngine RunProcessByStartTimerEvent - Could not run process by start timer event. The schema "StartProcessWebhookToEntity" is not enabled.
2023-12-14 16:47:00,018 ERROR  ProcessEngine RunProcessByStartTimerEvent - Could not run process by start timer event. The schema "StartProcessWebhookToEntity" is not enabled.
2023-12-14 16:48:00,018 ERROR  ProcessEngine RunProcessByStartTimerEvent - Could not run process by start timer event. The schema "StartProcessWebhookToEntity" is not enabled.
2023-12-14 16:49:00,019 ERROR  ProcessEngine RunProcessByStartTimerEvent - Could not run process by start timer event. The schema "StartProcessWebhookToEntity" is not enabled.
2023-12-14 16:50:00,017 ERROR  ProcessEngine RunProcessByStartTimerEvent - Could not run process by start timer event. The schema "StartProcessWebhookToEntity" is not enabled.
2023-12-14 16:51:00,006 ERROR  ProcessEngine RunProcessByStartTimerEvent - Could not run process by start timer event. The schema "StartProcessWebhookToEntity" is not enabled.
2023-12-14 16:52:00,009 ERROR  ProcessEngine RunProcessByStartTimerEvent - Could not run process by start timer event. The schema "StartProcessWebhookToEntity" is not enabled.
2023-12-14 16:53:00,018 ERROR  ProcessEngine RunProcessByStartTimerEvent - Could not run process by start timer event. The schema "StartProcessWebhookToEntity" is not enabled.
2023-12-14 16:54:00,019 ERROR  ProcessEngine RunProcessByStartTimerEvent - Could not run process by start timer event. The schema "StartProcessWebhookToEntity" is not enabled.
2023-12-14 16:55:00,019 ERROR  ProcessEngine RunProcessByStartTimerEvent - Could not run process by start timer event. The schema "StartProcessWebhookToEntity" is not enabled.
2023-12-14 16:56:00,019 ERROR  ProcessEngine RunProcessByStartTimerEvent - Could not run process by start timer event. The schema "StartProcessWebhookToEntity" is not enabled.
2023-12-14 16:57:00,018 ERROR  ProcessEngine RunProcessByStartTimerEvent - Could not run process by start timer event. The schema "StartProcessWebhookToEntity" is not enabled.
2023-12-14 16:58:00,010 ERROR  ProcessEngine RunProcessByStartTimerEvent - Could not run process by start timer event. The schema "StartProcessWebhookToEntity" is not enabled.
2023-12-14 16:59:00,018 ERROR  ProcessEngine RunProcessByStartTimerEvent - Could not run process by start timer event. The schema "StartProcessWebhookToEntity" is not enabled.
2023-12-14 17:00:00,012 ERROR  ProcessEngine Execute - Could not run process by start timer event. The schema "StartProcessWebhookToEntity" is not enabled.
2023-12-14 17:01:00,018 ERROR  ProcessEngine Execute - Could not run process by start timer event. The schema "StartProcessWebhookToEntity" is not enabled.
2023-12-14 17:02:00,018 ERROR  ProcessEngine Execute - Could not run process by start timer event. The schema "StartProcessWebhookToEntity" is not enabled.
2023-12-14 17:03:00,019 ERROR  ProcessEngine Execute - Could not run process by start timer event. The schema "StartProcessWebhookToEntity" is not enabled.
2023-12-14 17:04:00,019 ERROR  ProcessEngine Execute - Could not run process by start timer event. The schema "StartProcessWebhookToEntity" is not enabled.
2023-12-14 17:05:00,015 ERROR  ProcessEngine Execute - Could not run process by start timer event. The schema "StartProcessWebhookToEntity" is not enabled.
2023-12-14 17:06:00,015 ERROR  ProcessEngine Execute - Could not run process by start timer event. The schema "StartProcessWebhookToEntity" is not enabled.
2023-12-14 17:07:00,018 ERROR  ProcessEngine Execute - Could not run process by start timer event. The schema "StartProcessWebhookToEntity" is not enabled.
2023-12-14 17:08:00,018 ERROR  ProcessEngine Execute - Could not run process by start timer event. The schema "StartProcessWebhookToEntity" is not enabled.
2023-12-14 17:09:00,018 ERROR  ProcessEngine Execute - Could not run process by start timer event. The schema "StartProcessWebhookToEntity" is not enabled.
2023-12-14 17:10:00,019 ERROR  ProcessEngine Execute - Could not run process by start timer event. The schema "StartProcessWebhookToEntity" is not enabled.
2023-12-14 17:11:00,018 ERROR  ProcessEngine Execute - Could not run process by start timer event. The schema "StartProcessWebhookToEntity" is not enabled.
2023-12-14 17:12:00,028 ERROR  ProcessEngine Execute - Could not run process by start timer event. The schema "StartProcessWebhookToEntity" is not enabled.
2023-12-14 17:13:00,018 ERROR  ProcessEngine Execute - Could not run process by start timer event. The schema "StartProcessWebhookToEntity" is not enabled.
2023-12-14 17:14:00,017 ERROR  ProcessEngine Execute - Could not run process by start timer event. The schema "StartProcessWebhookToEntity" is not enabled.
2023-12-14 17:15:00,019 ERROR  ProcessEngine Execute - Could not run process by start timer event. The schema "StartProcessWebhookToEntity" is not enabled.
2023-12-14 17:16:00,009 ERROR  ProcessEngine Execute - Could not run process by start timer event. The schema "StartProcessWebhookToEntity" is not enabled.
2023-12-14 17:17:00,019 ERROR  ProcessEngine Execute - Could not run process by start timer event. The schema "StartProcessWebhookToEntity" is not enabled.
2023-12-14 17:18:00,018 ERROR  ProcessEngine Execute - Could not run process by start timer event. The schema "StartProcessWebhookToEntity" is not enabled.
2023-12-14 17:19:00,019 ERROR  ProcessEngine Execute - Could not run process by start timer event. The schema "StartProcessWebhookToEntity" is not enabled.
2023-12-14 17:20:00,017 ERROR  ProcessEngine Execute - Could not run process by start timer event. The schema "StartProcessWebhookToEntity" is not enabled.
2023-12-14 17:21:00,019 ERROR  ProcessEngine Execute - Could not run process by start timer event. The schema "StartProcessWebhookToEntity" is not enabled.
2023-12-14 17:22:00,014 ERROR  ProcessEngine Execute - Could not run process by start timer event. The schema "StartProcessWebhookToEntity" is not enabled.
2023-12-14 17:23:00,016 ERROR  ProcessEngine Execute - Could not run process by start timer event. The schema "StartProcessWebhookToEntity" is not enabled.
2023-12-14 17:24:00,018 ERROR  ProcessEngine Execute - Could not run process by start timer event. The schema "StartProcessWebhookToEntity" is not enabled.
2023-12-14 17:25:00,019 ERROR  ProcessEngine Execute - Could not run process by start timer event. The schema "StartProcessWebhookToEntity" is not enabled.
2023-12-14 17:26:00,005 ERROR  ProcessEngine Execute - Could not run process by start timer event. The schema "StartProcessWebhookToEntity" is not enabled.
2023-12-14 17:27:00,019 ERROR  ProcessEngine Execute - Could not run process by start timer event. The schema "StartProcessWebhookToEntity" is not enabled.
2023-12-14 17:28:00,019 ERROR  ProcessEngine Execute - Could not run process by start timer event. The schema "StartProcessWebhookToEntity" is not enabled.
2023-12-14 17:29:00,019 ERROR  ProcessEngine Execute - Could not run process by start timer event. The schema "StartProcessWebhookToEntity" is not enabled.
2023-12-14 17:30:00,005 ERROR  ProcessEngine Execute - Could not run process by start timer event. The schema "StartProcessWebhookToEntity" is not enabled.
2023-12-14 17:31:00,019 ERROR  ProcessEngine Execute - Could not run process by start timer event. The schema "StartProcessWebhookToEntity" is not enabled.
2023-12-14 17:32:00,016 ERROR  ProcessEngine Execute - Could not run process by start timer event. The schema "StartProcessWebhookToEntity" is not enabled.
2023-12-14 17:33:00,018 ERROR  ProcessEngine Execute - Could not run process by start timer event. The schema "StartProcessWebhookToEntity" is not enabled.
2023-12-14 17:34:00,017 ERROR  ProcessEngine Execute - Could not run process by start timer event. The schema "StartProcessWebhookToEntity" is not enabled.
2023-12-14 17:35:00,005 ERROR  ProcessEngine Execute - Could not run process by start timer event. The schema "StartProcessWebhookToEntity" is not enabled.
2023-12-14 17:36:00,011 ERROR  ProcessEngine Execute - Could not run process by start timer event. The schema "StartProcessWebhookToEntity" is not enabled.
2023-12-14 17:37:00,019 ERROR  ProcessEngine Execute - Could not run process by start timer event. The schema "StartProcessWebhookToEntity" is not enabled.
2023-12-14 17:38:00,015 ERROR  ProcessEngine Execute - Could not run process by start timer event. The schema "StartProcessWebhookToEntity" is not enabled.
2023-12-14 17:39:00,017 ERROR  ProcessEngine Execute - Could not run process by start timer event. The schema "StartProcessWebhookToEntity" is not enabled.
2023-12-14 17:40:00,019 ERROR  ProcessEngine Execute - Could not run process by start timer event. The schema "StartProcessWebhookToEntity" is not enabled.
2023-12-14 17:41:00,006 ERROR  ProcessEngine Execute - Could not run process by start timer event. The schema "StartProcessWebhookToEntity" is not enabled.
2023-12-14 17:42:00,007 ERROR  ProcessEngine Execute - Could not run process by start timer event. The schema "StartProcessWebhookToEntity" is not enabled.
2023-12-14 17:43:00,005 ERROR  ProcessEngine Execute - Could not run process by start timer event. The schema "StartProcessWebhookToEntity" is not enabled.
2023-12-14 17:44:00,013 ERROR  ProcessEngine Execute - Could not run process by start timer event. The schema "StartProcessWebhookToEntity" is not enabled.
2023-12-14 17:45:00,019 ERROR  ProcessEngine Execute - Could not run process by start timer event. The schema "StartProcessWebhookToEntity" is not enabled.
2023-12-14 17:46:00,019 ERROR  ProcessEngine Execute - Could not run process by start timer event. The schema "StartProcessWebhookToEntity" is not enabled.
2023-12-14 17:47:00,014 ERROR  ProcessEngine Execute - Could not run process by start timer event. The schema "StartProcessWebhookToEntity" is not enabled.
2023-12-14 17:48:00,018 ERROR  ProcessEngine Execute - Could not run process by start timer event. The schema "StartProcessWebhookToEntity" is not enabled.
2023-12-14 17:49:00,018 ERROR  ProcessEngine Execute - Could not run process by start timer event. The schema "StartProcessWebhookToEntity" is not enabled.
2023-12-14 17:50:00,018 ERROR  ProcessEngine Execute - Could not run process by start timer event. The schema "StartProcessWebhookToEntity" is not enabled.
2023-12-14 17:51:00,018 ERROR  ProcessEngine Execute - Could not run process by start timer event. The schema "StartProcessWebhookToEntity" is not enabled.
2023-12-14 17:52:00,007 ERROR  ProcessEngine Execute - Could not run process by start timer event. The schema "StartProcessWebhookToEntity" is not enabled.
2023-12-14 17:53:00,019 ERROR  ProcessEngine Execute - Could not run process by start timer event. The schema "StartProcessWebhookToEntity" is not enabled.
2023-12-14 17:54:00,019 ERROR  ProcessEngine Execute - Could not run process by start timer event. The schema "StartProcessWebhookToEntity" is not enabled.
2023-12-14 17:55:00,005 ERROR  ProcessEngine Execute - Could not run process by start timer event. The schema "StartProcessWebhookToEntity" is not enabled.
2023-12-14 17:56:00,019 ERROR  ProcessEngine Execute - Could not run process by start timer event. The schema "StartProcessWebhookToEntity" is not enabled.
2023-12-14 17:57:00,019 ERROR  ProcessEngine Execute - Could not run process by start timer event. The schema "StartProcessWebhookToEntity" is not enabled.
2023-12-14 17:58:00,019 ERROR  ProcessEngine Execute - Could not run process by start timer event. The schema "StartProcessWebhookToEntity" is not enabled.
2023-12-14 17:59:00,019 ERROR  ProcessEngine Execute - Could not run process by start timer event. The schema "StartProcessWebhookToEntity" is not enabled.
2023-12-14 18:00:00,019 ERROR  ProcessEngine Execute - Could not run process by start timer event. The schema "StartProcessWebhookToEntity" is not enabled.
2023-12-14 18:01:00,016 ERROR  ProcessEngine Execute - Could not run process by start timer event. The schema "StartProcessWebhookToEntity" is not enabled.
2023-12-14 18:02:00,006 ERROR  ProcessEngine Execute - Could not run process by start timer event. The schema "StartProcessWebhookToEntity" is not enabled.
2023-12-14 18:03:00,019 ERROR  ProcessEngine Execute - Could not run process by start timer event. The schema "StartProcessWebhookToEntity" is not enabled.
2023-12-14 18:04:00,019 ERROR  ProcessEngine Execute - Could not run process by start timer event. The schema "StartProcessWebhookToEntity" is not enabled.
2023-12-14 18:05:00,019 ERROR  ProcessEngine Execute - Could not run process by start timer event. The schema "StartProcessWebhookToEntity" is not enabled.
2023-12-14 18:06:00,019 ERROR  ProcessEngine Execute - Could not run process by start timer event. The schema "StartProcessWebhookToEntity" is not enabled.
2023-12-14 18:07:00,013 ERROR  ProcessEngine Execute - Could not run process by start timer event. The schema "StartProcessWebhookToEntity" is not enabled.
2023-12-14 18:08:00,019 ERROR  ProcessEngine Execute - Could not run process by start timer event. The schema "StartProcessWebhookToEntity" is not enabled.
2023-12-14 18:09:00,019 ERROR  ProcessEngine Execute - Could not run process by start timer event. The schema "StartProcessWebhookToEntity" is not enabled.
2023-12-14 18:10:00,008 ERROR  ProcessEngine Execute - Could not run process by start timer event. The schema "StartProcessWebhookToEntity" is not enabled.
2023-12-14 18:11:00,005 ERROR  ProcessEngine Execute - Could not run process by start timer event. The schema "StartProcessWebhookToEntity" is not enabled.
2023-12-14 18:12:00,010 ERROR  ProcessEngine Execute - Could not run process by start timer event. The schema "StartProcessWebhookToEntity" is not enabled.
2023-12-14 18:13:00,005 ERROR  ProcessEngine Execute - Could not run process by start timer event. The schema "StartProcessWebhookToEntity" is not enabled.
2023-12-14 18:14:00,018 ERROR  ProcessEngine Execute - Could not run process by start timer event. The schema "StartProcessWebhookToEntity" is not enabled.
2023-12-14 18:15:00,005 ERROR  ProcessEngine Execute - Could not run process by start timer event. The schema "StartProcessWebhookToEntity" is not enabled.
2023-12-14 18:16:00,005 ERROR  ProcessEngine Execute - Could not run process by start timer event. The schema "StartProcessWebhookToEntity" is not enabled.
2023-12-14 18:17:00,005 ERROR  ProcessEngine Execute - Could not run process by start timer event. The schema "StartProcessWebhookToEntity" is not enabled.
2023-12-14 18:18:00,014 ERROR  ProcessEngine Execute - Could not run process by start timer event. The schema "StartProcessWebhookToEntity" is not enabled.
2023-12-14 18:19:00,005 ERROR  ProcessEngine Execute - Could not run process by start timer event. The schema "StartProcessWebhookToEntity" is not enabled.
2023-12-14 18:20:00,005 ERROR  ProcessEngine Execute - Could not run process by start timer event. The schema "StartProcessWebhookToEntity" is not enabled.
2023-12-14 18:21:00,008 ERROR  ProcessEngine Execute - Could not run process by start timer event. The schema "StartProcessWebhookToEntity" is not enabled.
2023-12-14 18:22:00,030 ERROR  ProcessEngine Execute - Could not run process by start timer event. The schema "StartProcessWebhookToEntity" is not enabled.
2023-12-14 18:23:00,003 ERROR  ProcessEngine Execute - Could not run process by start timer event. The schema "StartProcessWebhookToEntity" is not enabled.
2023-12-14 18:24:00,005 ERROR  ProcessEngine Execute - Could not run process by start timer event. The schema "StartProcessWebhookToEntity" is not enabled.
2023-12-14 18:25:00,009 ERROR  ProcessEngine Execute - Could not run process by start timer event. The schema "StartProcessWebhookToEntity" is not enabled.
2023-12-14 18:26:00,008 ERROR  ProcessEngine Execute - Could not run process by start timer event. The schema "StartProcessWebhookToEntity" is not enabled.
2023-12-14 18:27:00,011 ERROR  ProcessEngine Execute - Could not run process by start timer event. The schema "StartProcessWebhookToEntity" is not enabled.
2023-12-14 18:28:00,018 ERROR  ProcessEngine Execute - Could not run process by start timer event. The schema "StartProcessWebhookToEntity" is not enabled.
2023-12-14 18:29:00,010 ERROR  ProcessEngine Execute - Could not run process by start timer event. The schema "StartProcessWebhookToEntity" is not enabled.
2023-12-14 18:30:00,011 ERROR  ProcessEngine Execute - Could not run process by start timer event. The schema "StartProcessWebhookToEntity" is not enabled.
2023-12-14 18:31:00,016 ERROR  ProcessEngine Execute - Could not run process by start timer event. The schema "StartProcessWebhookToEntity" is not enabled.
2023-12-14 18:32:00,018 ERROR  ProcessEngine Execute - Could not run process by start timer event. The schema "StartProcessWebhookToEntity" is not enabled.
2023-12-14 18:33:00,005 ERROR  ProcessEngine Execute - Could not run process by start timer event. The schema "StartProcessWebhookToEntity" is not enabled.
2023-12-14 18:34:00,005 ERROR  ProcessEngine Execute - Could not run process by start timer event. The schema "StartProcessWebhookToEntity" is not enabled.
2023-12-14 18:35:00,013 ERROR  ProcessEngine Execute - Could not run process by start timer event. The schema "StartProcessWebhookToEntity" is not enabled.
2023-12-14 18:36:00,005 ERROR  ProcessEngine Execute - Could not run process by start timer event. The schema "StartProcessWebhookToEntity" is not enabled.
2023-12-14 18:37:00,012 ERROR  ProcessEngine Execute - Could not run process by start timer event. The schema "StartProcessWebhookToEntity" is not enabled.
2023-12-14 18:38:00,019 ERROR  ProcessEngine Execute - Could not run process by start timer event. The schema "StartProcessWebhookToEntity" is not enabled.
2023-12-14 18:39:00,005 ERROR  ProcessEngine Execute - Could not run process by start timer event. The schema "StartProcessWebhookToEntity" is not enabled.
2023-12-14 18:40:00,006 ERROR  ProcessEngine Execute - Could not run process by start timer event. The schema "StartProcessWebhookToEntity" is not enabled.
2023-12-14 18:41:00,008 ERROR  ProcessEngine Execute - Could not run process by start timer event. The schema "StartProcessWebhookToEntity" is not enabled.
2023-12-14 18:42:00,008 ERROR  ProcessEngine Execute - Could not run process by start timer event. The schema "StartProcessWebhookToEntity" is not enabled.
2023-12-14 18:43:00,015 ERROR  ProcessEngine Execute - Could not run process by start timer event. The schema "StartProcessWebhookToEntity" is not enabled.
2023-12-14 18:44:00,018 ERROR  ProcessEngine Execute - Could not run process by start timer event. The schema "StartProcessWebhookToEntity" is not enabled.
2023-12-14 18:45:00,006 ERROR  ProcessEngine Execute - Could not run process by start timer event. The schema "StartProcessWebhookToEntity" is not enabled.
2023-12-14 18:46:00,019 ERROR  ProcessEngine Execute - Could not run process by start timer event. The schema "StartProcessWebhookToEntity" is not enabled.
2023-12-14 18:47:00,005 ERROR  ProcessEngine Execute - Could not run process by start timer event. The schema "StartProcessWebhookToEntity" is not enabled.
2023-12-14 18:48:00,006 ERROR  ProcessEngine Execute - Could not run process by start timer event. The schema "StartProcessWebhookToEntity" is not enabled.
2023-12-14 18:49:00,013 ERROR  ProcessEngine Execute - Could not run process by start timer event. The schema "StartProcessWebhookToEntity" is not enabled.
2023-12-14 18:50:00,020 ERROR  ProcessEngine Execute - Could not run process by start timer event. The schema "StartProcessWebhookToEntity" is not enabled.
2023-12-14 18:51:00,007 ERROR  ProcessEngine Execute - Could not run process by start timer event. The schema "StartProcessWebhookToEntity" is not enabled.
2023-12-14 18:52:00,023 ERROR  ProcessEngine Execute - Could not run process by start timer event. The schema "StartProcessWebhookToEntity" is not enabled.
2023-12-14 18:53:00,006 ERROR  ProcessEngine Execute - Could not run process by start timer event. The schema "StartProcessWebhookToEntity" is not enabled.
2023-12-14 18:54:00,018 ERROR  ProcessEngine Execute - Could not run process by start timer event. The schema "StartProcessWebhookToEntity" is not enabled.
2023-12-14 18:55:00,017 ERROR  ProcessEngine Execute - Could not run process by start timer event. The schema "StartProcessWebhookToEntity" is not enabled.
2023-12-14 18:56:00,018 ERROR  ProcessEngine Execute - Could not run process by start timer event. The schema "StartProcessWebhookToEntity" is not enabled.
2023-12-14 18:57:00,006 ERROR  ProcessEngine Execute - Could not run process by start timer event. The schema "StartProcessWebhookToEntity" is not enabled.
2023-12-14 18:58:00,019 ERROR  ProcessEngine Execute - Could not run process by start timer event. The schema "StartProcessWebhookToEntity" is not enabled.
2023-12-14 18:59:00,018 ERROR  ProcessEngine Execute - Could not run process by start timer event. The schema "StartProcessWebhookToEntity" is not enabled.
2023-12-14 19:00:00,019 ERROR  ProcessEngine Execute - Could not run process by start timer event. The schema "StartProcessWebhookToEntity" is not enabled.
2023-12-14 19:01:00,019 ERROR  ProcessEngine Execute - Could not run process by start timer event. The schema "StartProcessWebhookToEntity" is not enabled.
2023-12-14 19:02:00,018 ERROR  ProcessEngine Execute - Could not run process by start timer event. The schema "StartProcessWebhookToEntity" is not enabled.
2023-12-14 19:03:00,010 ERROR  ProcessEngine Execute - Could not run process by start timer event. The schema "StartProcessWebhookToEntity" is not enabled.
2023-12-14 19:04:00,019 ERROR  ProcessEngine Execute - Could not run process by start timer event. The schema "StartProcessWebhookToEntity" is not enabled.
2023-12-14 19:05:00,019 ERROR  ProcessEngine Execute - Could not run process by start timer event. The schema "StartProcessWebhookToEntity" is not enabled.
2023-12-14 19:06:00,019 ERROR  ProcessEngine Execute - Could not run process by start timer event. The schema "StartProcessWebhookToEntity" is not enabled.
2023-12-14 19:07:00,019 ERROR  ProcessEngine Execute - Could not run process by start timer event. The schema "StartProcessWebhookToEntity" is not enabled.
2023-12-14 19:08:00,018 ERROR  ProcessEngine Execute - Could not run process by start timer event. The schema "StartProcessWebhookToEntity" is not enabled.
2023-12-14 19:09:00,018 ERROR  ProcessEngine Execute - Could not run process by start timer event. The schema "StartProcessWebhookToEntity" is not enabled.
2023-12-14 19:10:00,010 ERROR  ProcessEngine Execute - Could not run process by start timer event. The schema "StartProcessWebhookToEntity" is not enabled.
2023-12-14 19:11:00,019 ERROR  ProcessEngine Execute - Could not run process by start timer event. The schema "StartProcessWebhookToEntity" is not enabled.
2023-12-14 19:12:00,009 ERROR  ProcessEngine Execute - Could not run process by start timer event. The schema "StartProcessWebhookToEntity" is not enabled.
2023-12-14 19:13:00,005 ERROR  ProcessEngine Execute - Could not run process by start timer event. The schema "StartProcessWebhookToEntity" is not enabled.
2023-12-14 19:14:00,007 ERROR  ProcessEngine Execute - Could not run process by start timer event. The schema "StartProcessWebhookToEntity" is not enabled.
2023-12-14 19:15:00,006 ERROR  ProcessEngine Execute - Could not run process by start timer event. The schema "StartProcessWebhookToEntity" is not enabled.
2023-12-14 19:16:00,018 ERROR  ProcessEngine Execute - Could not run process by start timer event. The schema "StartProcessWebhookToEntity" is not enabled.
2023-12-14 19:17:00,005 ERROR  ProcessEngine Execute - Could not run process by start timer event. The schema "StartProcessWebhookToEntity" is not enabled.
2023-12-14 19:18:00,012 ERROR  ProcessEngine Execute - Could not run process by start timer event. The schema "StartProcessWebhookToEntity" is not enabled.
2023-12-14 19:19:00,008 ERROR  ProcessEngine Execute - Could not run process by start timer event. The schema "StartProcessWebhookToEntity" is not enabled.
2023-12-14 19:20:00,027 ERROR  ProcessEngine Execute - Could not run process by start timer event. The schema "StartProcessWebhookToEntity" is not enabled.
