2023-12-19 11:26:58,452 ERROR  ProcessEngine RunProcessByStartTimerEvent - Could not run process by start timer event. The schema "StartProcessWebhookToEntity" is not enabled.
2023-12-19 11:27:00,119 ERROR  ProcessEngine RunProcessByStartTimerEvent - Could not run process by start timer event. The schema "StartProcessWebhookToEntity" is not enabled.
2023-12-19 11:27:00,326 INFO  Process IsDailyActualizationAllowedConditionalFlowExpressionExecute - Process: ContactAgeActualizationRunnerProcess, Source element: ExclusiveGateway2, Conditional flow: IsDailyActualizationAllowedConditionalFlow, Expression: ((Boolean)SysSettings.GetValue(UserConnection, "ActualizeAge")) && ((Boolean)SysSettings.GetValue(UserConnection, "RunAgeActualizationDaily")), Result: True
2023-12-19 11:27:00,344 INFO  Process ConditionalSequenceFlow1ExpressionExecute - Process: ContactActualizeAgeProcess, Source element: ExclusiveGateway1, Conditional flow: ConditionalSequenceFlow1, Expression: (IsNeedToNotifyUser), Result: False
2023-12-19 11:27:00,382 INFO  Process ConditionalSequenceFlow3ExpressionExecute - Process: ContactActualizeAgeProcess, Source element: ExclusiveGateway2, Conditional flow: ConditionalSequenceFlow3, Expression: (IsNeedToNotifyUser), Result: False
2023-12-19 11:28:00,016 ERROR  ProcessEngine RunProcessByStartTimerEvent - Could not run process by start timer event. The schema "StartProcessWebhookToEntity" is not enabled.
2023-12-19 11:29:00,015 ERROR  ProcessEngine RunProcessByStartTimerEvent - Could not run process by start timer event. The schema "StartProcessWebhookToEntity" is not enabled.
2023-12-19 11:30:00,008 ERROR  ProcessEngine RunProcessByStartTimerEvent - Could not run process by start timer event. The schema "StartProcessWebhookToEntity" is not enabled.
2023-12-19 11:31:00,006 ERROR  ProcessEngine RunProcessByStartTimerEvent - Could not run process by start timer event. The schema "StartProcessWebhookToEntity" is not enabled.
2023-12-19 11:32:00,019 ERROR  ProcessEngine RunProcessByStartTimerEvent - Could not run process by start timer event. The schema "StartProcessWebhookToEntity" is not enabled.
2023-12-19 11:33:00,018 ERROR  ProcessEngine RunProcessByStartTimerEvent - Could not run process by start timer event. The schema "StartProcessWebhookToEntity" is not enabled.
2023-12-19 11:34:00,006 ERROR  ProcessEngine RunProcessByStartTimerEvent - Could not run process by start timer event. The schema "StartProcessWebhookToEntity" is not enabled.
2023-12-19 11:35:00,018 ERROR  ProcessEngine RunProcessByStartTimerEvent - Could not run process by start timer event. The schema "StartProcessWebhookToEntity" is not enabled.
2023-12-19 11:36:00,008 ERROR  ProcessEngine RunProcessByStartTimerEvent - Could not run process by start timer event. The schema "StartProcessWebhookToEntity" is not enabled.
2023-12-19 11:37:00,006 ERROR  ProcessEngine Execute - Could not run process by start timer event. The schema "StartProcessWebhookToEntity" is not enabled.
2023-12-19 11:38:00,010 ERROR  ProcessEngine Execute - Could not run process by start timer event. The schema "StartProcessWebhookToEntity" is not enabled.
2023-12-19 11:39:00,012 ERROR  ProcessEngine Execute - Could not run process by start timer event. The schema "StartProcessWebhookToEntity" is not enabled.
2023-12-19 11:40:00,017 ERROR  ProcessEngine Execute - Could not run process by start timer event. The schema "StartProcessWebhookToEntity" is not enabled.
2023-12-19 11:41:00,018 ERROR  ProcessEngine Execute - Could not run process by start timer event. The schema "StartProcessWebhookToEntity" is not enabled.
2023-12-19 11:42:00,005 ERROR  ProcessEngine Execute - Could not run process by start timer event. The schema "StartProcessWebhookToEntity" is not enabled.
2023-12-19 11:43:00,020 ERROR  ProcessEngine Execute - Could not run process by start timer event. The schema "StartProcessWebhookToEntity" is not enabled.
2023-12-19 11:44:00,006 ERROR  ProcessEngine Execute - Could not run process by start timer event. The schema "StartProcessWebhookToEntity" is not enabled.
2023-12-19 11:45:00,013 ERROR  ProcessEngine Execute - Could not run process by start timer event. The schema "StartProcessWebhookToEntity" is not enabled.
2023-12-19 11:46:00,005 ERROR  ProcessEngine Execute - Could not run process by start timer event. The schema "StartProcessWebhookToEntity" is not enabled.
2023-12-19 11:47:00,005 ERROR  ProcessEngine Execute - Could not run process by start timer event. The schema "StartProcessWebhookToEntity" is not enabled.
2023-12-19 11:48:00,005 ERROR  ProcessEngine Execute - Could not run process by start timer event. The schema "StartProcessWebhookToEntity" is not enabled.
2023-12-19 11:49:00,005 ERROR  ProcessEngine Execute - Could not run process by start timer event. The schema "StartProcessWebhookToEntity" is not enabled.
2023-12-19 11:50:00,005 ERROR  ProcessEngine Execute - Could not run process by start timer event. The schema "StartProcessWebhookToEntity" is not enabled.
2023-12-19 11:51:00,005 ERROR  ProcessEngine Execute - Could not run process by start timer event. The schema "StartProcessWebhookToEntity" is not enabled.
2023-12-19 11:52:00,005 ERROR  ProcessEngine Execute - Could not run process by start timer event. The schema "StartProcessWebhookToEntity" is not enabled.
2023-12-19 11:53:00,005 ERROR  ProcessEngine Execute - Could not run process by start timer event. The schema "StartProcessWebhookToEntity" is not enabled.
2023-12-19 11:54:00,005 ERROR  ProcessEngine Execute - Could not run process by start timer event. The schema "StartProcessWebhookToEntity" is not enabled.
2023-12-19 11:55:00,015 ERROR  ProcessEngine Execute - Could not run process by start timer event. The schema "StartProcessWebhookToEntity" is not enabled.
2023-12-19 11:56:00,017 ERROR  ProcessEngine Execute - Could not run process by start timer event. The schema "StartProcessWebhookToEntity" is not enabled.
2023-12-19 11:57:00,037 ERROR  ProcessEngine Execute - Could not run process by start timer event. The schema "StartProcessWebhookToEntity" is not enabled.
2023-12-19 11:58:00,011 ERROR  ProcessEngine Execute - Could not run process by start timer event. The schema "StartProcessWebhookToEntity" is not enabled.
2023-12-19 11:59:00,018 ERROR  ProcessEngine Execute - Could not run process by start timer event. The schema "StartProcessWebhookToEntity" is not enabled.
2023-12-19 12:00:00,018 ERROR  ProcessEngine Execute - Could not run process by start timer event. The schema "StartProcessWebhookToEntity" is not enabled.
2023-12-19 12:01:00,005 ERROR  ProcessEngine Execute - Could not run process by start timer event. The schema "StartProcessWebhookToEntity" is not enabled.
2023-12-19 12:02:00,017 ERROR  ProcessEngine Execute - Could not run process by start timer event. The schema "StartProcessWebhookToEntity" is not enabled.
2023-12-19 12:03:00,018 ERROR  ProcessEngine Execute - Could not run process by start timer event. The schema "StartProcessWebhookToEntity" is not enabled.
2023-12-19 12:04:00,008 ERROR  ProcessEngine Execute - Could not run process by start timer event. The schema "StartProcessWebhookToEntity" is not enabled.
2023-12-19 12:05:00,014 ERROR  ProcessEngine Execute - Could not run process by start timer event. The schema "StartProcessWebhookToEntity" is not enabled.
2023-12-19 12:06:00,006 ERROR  ProcessEngine Execute - Could not run process by start timer event. The schema "StartProcessWebhookToEntity" is not enabled.
2023-12-19 12:07:00,005 ERROR  ProcessEngine Execute - Could not run process by start timer event. The schema "StartProcessWebhookToEntity" is not enabled.
2023-12-19 12:08:00,005 ERROR  ProcessEngine Execute - Could not run process by start timer event. The schema "StartProcessWebhookToEntity" is not enabled.
2023-12-19 12:09:00,008 ERROR  ProcessEngine Execute - Could not run process by start timer event. The schema "StartProcessWebhookToEntity" is not enabled.
2023-12-19 12:10:00,010 ERROR  ProcessEngine Execute - Could not run process by start timer event. The schema "StartProcessWebhookToEntity" is not enabled.
2023-12-19 12:11:00,013 ERROR  ProcessEngine Execute - Could not run process by start timer event. The schema "StartProcessWebhookToEntity" is not enabled.
2023-12-19 12:12:00,028 ERROR  ProcessEngine Execute - Could not run process by start timer event. The schema "StartProcessWebhookToEntity" is not enabled.
2023-12-19 12:13:00,018 ERROR  ProcessEngine Execute - Could not run process by start timer event. The schema "StartProcessWebhookToEntity" is not enabled.
2023-12-19 12:14:00,018 ERROR  ProcessEngine Execute - Could not run process by start timer event. The schema "StartProcessWebhookToEntity" is not enabled.
2023-12-19 12:15:00,013 ERROR  ProcessEngine Execute - Could not run process by start timer event. The schema "StartProcessWebhookToEntity" is not enabled.
2023-12-19 12:16:00,013 ERROR  ProcessEngine Execute - Could not run process by start timer event. The schema "StartProcessWebhookToEntity" is not enabled.
2023-12-19 12:17:00,009 ERROR  ProcessEngine Execute - Could not run process by start timer event. The schema "StartProcessWebhookToEntity" is not enabled.
2023-12-19 12:18:00,018 ERROR  ProcessEngine Execute - Could not run process by start timer event. The schema "StartProcessWebhookToEntity" is not enabled.
2023-12-19 12:19:00,018 ERROR  ProcessEngine Execute - Could not run process by start timer event. The schema "StartProcessWebhookToEntity" is not enabled.
2023-12-19 12:20:00,015 ERROR  ProcessEngine Execute - Could not run process by start timer event. The schema "StartProcessWebhookToEntity" is not enabled.
2023-12-19 12:21:00,013 ERROR  ProcessEngine Execute - Could not run process by start timer event. The schema "StartProcessWebhookToEntity" is not enabled.
2023-12-19 12:22:00,018 ERROR  ProcessEngine Execute - Could not run process by start timer event. The schema "StartProcessWebhookToEntity" is not enabled.
2023-12-19 12:23:00,010 ERROR  ProcessEngine Execute - Could not run process by start timer event. The schema "StartProcessWebhookToEntity" is not enabled.
2023-12-19 12:24:00,018 ERROR  ProcessEngine Execute - Could not run process by start timer event. The schema "StartProcessWebhookToEntity" is not enabled.
2023-12-19 12:25:00,009 ERROR  ProcessEngine Execute - Could not run process by start timer event. The schema "StartProcessWebhookToEntity" is not enabled.
2023-12-19 12:26:00,006 ERROR  ProcessEngine Execute - Could not run process by start timer event. The schema "StartProcessWebhookToEntity" is not enabled.
2023-12-19 12:27:00,006 ERROR  ProcessEngine Execute - Could not run process by start timer event. The schema "StartProcessWebhookToEntity" is not enabled.
2023-12-19 12:28:00,005 ERROR  ProcessEngine Execute - Could not run process by start timer event. The schema "StartProcessWebhookToEntity" is not enabled.
2023-12-19 12:30:29,194 ERROR  ProcessEngine RunProcessByStartTimerEvent - Could not run process by start timer event. The schema "StartProcessWebhookToEntity" is not enabled.
2023-12-19 12:30:29,258 ERROR  ProcessEngine RunProcessByStartTimerEvent - Could not run process by start timer event. The schema "StartProcessWebhookToEntity" is not enabled.
2023-12-19 12:31:00,018 ERROR  ProcessEngine RunProcessByStartTimerEvent - Could not run process by start timer event. The schema "StartProcessWebhookToEntity" is not enabled.
2023-12-19 12:32:00,015 ERROR  ProcessEngine RunProcessByStartTimerEvent - Could not run process by start timer event. The schema "StartProcessWebhookToEntity" is not enabled.
2023-12-19 12:33:00,009 ERROR  ProcessEngine RunProcessByStartTimerEvent - Could not run process by start timer event. The schema "StartProcessWebhookToEntity" is not enabled.
2023-12-19 12:34:00,014 ERROR  ProcessEngine RunProcessByStartTimerEvent - Could not run process by start timer event. The schema "StartProcessWebhookToEntity" is not enabled.
2023-12-19 12:35:00,020 ERROR  ProcessEngine RunProcessByStartTimerEvent - Could not run process by start timer event. The schema "StartProcessWebhookToEntity" is not enabled.
2023-12-19 12:36:00,018 ERROR  ProcessEngine RunProcessByStartTimerEvent - Could not run process by start timer event. The schema "StartProcessWebhookToEntity" is not enabled.
2023-12-19 12:37:00,018 ERROR  ProcessEngine RunProcessByStartTimerEvent - Could not run process by start timer event. The schema "StartProcessWebhookToEntity" is not enabled.
2023-12-19 12:38:00,013 ERROR  ProcessEngine RunProcessByStartTimerEvent - Could not run process by start timer event. The schema "StartProcessWebhookToEntity" is not enabled.
2023-12-19 12:39:00,019 ERROR  ProcessEngine RunProcessByStartTimerEvent - Could not run process by start timer event. The schema "StartProcessWebhookToEntity" is not enabled.
2023-12-19 12:40:00,016 ERROR  ProcessEngine RunProcessByStartTimerEvent - Could not run process by start timer event. The schema "StartProcessWebhookToEntity" is not enabled.
2023-12-19 12:41:00,018 ERROR  ProcessEngine RunProcessByStartTimerEvent - Could not run process by start timer event. The schema "StartProcessWebhookToEntity" is not enabled.
2023-12-19 12:42:00,006 ERROR  ProcessEngine RunProcessByStartTimerEvent - Could not run process by start timer event. The schema "StartProcessWebhookToEntity" is not enabled.
2023-12-19 12:43:00,018 ERROR  ProcessEngine RunProcessByStartTimerEvent - Could not run process by start timer event. The schema "StartProcessWebhookToEntity" is not enabled.
2023-12-19 12:44:00,018 ERROR  ProcessEngine Execute - Could not run process by start timer event. The schema "StartProcessWebhookToEntity" is not enabled.
2023-12-19 12:45:00,018 ERROR  ProcessEngine Execute - Could not run process by start timer event. The schema "StartProcessWebhookToEntity" is not enabled.
2023-12-19 12:46:00,014 ERROR  ProcessEngine Execute - Could not run process by start timer event. The schema "StartProcessWebhookToEntity" is not enabled.
2023-12-19 12:47:00,018 ERROR  ProcessEngine Execute - Could not run process by start timer event. The schema "StartProcessWebhookToEntity" is not enabled.
2023-12-19 12:48:00,014 ERROR  ProcessEngine Execute - Could not run process by start timer event. The schema "StartProcessWebhookToEntity" is not enabled.
2023-12-19 12:49:00,019 ERROR  ProcessEngine Execute - Could not run process by start timer event. The schema "StartProcessWebhookToEntity" is not enabled.
2023-12-19 12:50:00,019 ERROR  ProcessEngine Execute - Could not run process by start timer event. The schema "StartProcessWebhookToEntity" is not enabled.
2023-12-19 12:51:00,015 ERROR  ProcessEngine Execute - Could not run process by start timer event. The schema "StartProcessWebhookToEntity" is not enabled.
2023-12-19 12:52:00,014 ERROR  ProcessEngine Execute - Could not run process by start timer event. The schema "StartProcessWebhookToEntity" is not enabled.
2023-12-19 12:53:00,019 ERROR  ProcessEngine Execute - Could not run process by start timer event. The schema "StartProcessWebhookToEntity" is not enabled.
2023-12-19 12:54:00,018 ERROR  ProcessEngine Execute - Could not run process by start timer event. The schema "StartProcessWebhookToEntity" is not enabled.
2023-12-19 12:55:00,018 ERROR  ProcessEngine Execute - Could not run process by start timer event. The schema "StartProcessWebhookToEntity" is not enabled.
2023-12-19 12:56:00,009 ERROR  ProcessEngine Execute - Could not run process by start timer event. The schema "StartProcessWebhookToEntity" is not enabled.
2023-12-19 12:57:00,024 ERROR  ProcessEngine Execute - Could not run process by start timer event. The schema "StartProcessWebhookToEntity" is not enabled.
2023-12-19 12:58:00,014 ERROR  ProcessEngine Execute - Could not run process by start timer event. The schema "StartProcessWebhookToEntity" is not enabled.
2023-12-19 12:59:00,005 ERROR  ProcessEngine Execute - Could not run process by start timer event. The schema "StartProcessWebhookToEntity" is not enabled.
2023-12-19 13:00:00,018 ERROR  ProcessEngine Execute - Could not run process by start timer event. The schema "StartProcessWebhookToEntity" is not enabled.
2023-12-19 13:01:00,005 ERROR  ProcessEngine Execute - Could not run process by start timer event. The schema "StartProcessWebhookToEntity" is not enabled.
2023-12-19 13:02:00,014 ERROR  ProcessEngine Execute - Could not run process by start timer event. The schema "StartProcessWebhookToEntity" is not enabled.
2023-12-19 13:03:00,015 ERROR  ProcessEngine Execute - Could not run process by start timer event. The schema "StartProcessWebhookToEntity" is not enabled.
2023-12-19 13:04:00,013 ERROR  ProcessEngine Execute - Could not run process by start timer event. The schema "StartProcessWebhookToEntity" is not enabled.
2023-12-19 13:05:00,018 ERROR  ProcessEngine Execute - Could not run process by start timer event. The schema "StartProcessWebhookToEntity" is not enabled.
2023-12-19 13:06:00,010 ERROR  ProcessEngine Execute - Could not run process by start timer event. The schema "StartProcessWebhookToEntity" is not enabled.
2023-12-19 13:07:00,010 ERROR  ProcessEngine Execute - Could not run process by start timer event. The schema "StartProcessWebhookToEntity" is not enabled.
2023-12-19 13:08:00,009 ERROR  ProcessEngine Execute - Could not run process by start timer event. The schema "StartProcessWebhookToEntity" is not enabled.
2023-12-19 13:09:00,007 ERROR  ProcessEngine Execute - Could not run process by start timer event. The schema "StartProcessWebhookToEntity" is not enabled.
2023-12-19 13:10:00,013 ERROR  ProcessEngine Execute - Could not run process by start timer event. The schema "StartProcessWebhookToEntity" is not enabled.
2023-12-19 13:11:00,012 ERROR  ProcessEngine Execute - Could not run process by start timer event. The schema "StartProcessWebhookToEntity" is not enabled.
2023-12-19 13:12:00,017 ERROR  ProcessEngine Execute - Could not run process by start timer event. The schema "StartProcessWebhookToEntity" is not enabled.
2023-12-19 13:13:00,006 ERROR  ProcessEngine Execute - Could not run process by start timer event. The schema "StartProcessWebhookToEntity" is not enabled.
2023-12-19 13:14:00,010 ERROR  ProcessEngine Execute - Could not run process by start timer event. The schema "StartProcessWebhookToEntity" is not enabled.
2023-12-19 13:15:00,016 ERROR  ProcessEngine Execute - Could not run process by start timer event. The schema "StartProcessWebhookToEntity" is not enabled.
2023-12-19 13:16:00,006 ERROR  ProcessEngine Execute - Could not run process by start timer event. The schema "StartProcessWebhookToEntity" is not enabled.
2023-12-19 13:17:00,018 ERROR  ProcessEngine Execute - Could not run process by start timer event. The schema "StartProcessWebhookToEntity" is not enabled.
2023-12-19 13:18:00,004 ERROR  ProcessEngine Execute - Could not run process by start timer event. The schema "StartProcessWebhookToEntity" is not enabled.
2023-12-19 13:19:00,005 ERROR  ProcessEngine Execute - Could not run process by start timer event. The schema "StartProcessWebhookToEntity" is not enabled.
2023-12-19 13:20:00,006 ERROR  ProcessEngine Execute - Could not run process by start timer event. The schema "StartProcessWebhookToEntity" is not enabled.
2023-12-19 13:21:00,018 ERROR  ProcessEngine Execute - Could not run process by start timer event. The schema "StartProcessWebhookToEntity" is not enabled.
2023-12-19 13:22:00,017 ERROR  ProcessEngine Execute - Could not run process by start timer event. The schema "StartProcessWebhookToEntity" is not enabled.
2023-12-19 13:23:00,018 ERROR  ProcessEngine Execute - Could not run process by start timer event. The schema "StartProcessWebhookToEntity" is not enabled.
2023-12-19 13:24:00,018 ERROR  ProcessEngine Execute - Could not run process by start timer event. The schema "StartProcessWebhookToEntity" is not enabled.
2023-12-19 13:25:00,018 ERROR  ProcessEngine Execute - Could not run process by start timer event. The schema "StartProcessWebhookToEntity" is not enabled.
2023-12-19 13:26:00,018 ERROR  ProcessEngine Execute - Could not run process by start timer event. The schema "StartProcessWebhookToEntity" is not enabled.
2023-12-19 13:27:00,006 ERROR  ProcessEngine Execute - Could not run process by start timer event. The schema "StartProcessWebhookToEntity" is not enabled.
2023-12-19 13:28:00,019 ERROR  ProcessEngine Execute - Could not run process by start timer event. The schema "StartProcessWebhookToEntity" is not enabled.
2023-12-19 13:29:00,018 ERROR  ProcessEngine Execute - Could not run process by start timer event. The schema "StartProcessWebhookToEntity" is not enabled.
2023-12-19 13:30:00,006 ERROR  ProcessEngine Execute - Could not run process by start timer event. The schema "StartProcessWebhookToEntity" is not enabled.
2023-12-19 13:31:00,007 ERROR  ProcessEngine Execute - Could not run process by start timer event. The schema "StartProcessWebhookToEntity" is not enabled.
2023-12-19 13:32:00,004 ERROR  ProcessEngine Execute - Could not run process by start timer event. The schema "StartProcessWebhookToEntity" is not enabled.
2023-12-19 13:33:00,005 ERROR  ProcessEngine Execute - Could not run process by start timer event. The schema "StartProcessWebhookToEntity" is not enabled.
2023-12-19 13:34:00,018 ERROR  ProcessEngine Execute - Could not run process by start timer event. The schema "StartProcessWebhookToEntity" is not enabled.
2023-12-19 13:35:00,018 ERROR  ProcessEngine Execute - Could not run process by start timer event. The schema "StartProcessWebhookToEntity" is not enabled.
2023-12-19 13:36:00,018 ERROR  ProcessEngine Execute - Could not run process by start timer event. The schema "StartProcessWebhookToEntity" is not enabled.
2023-12-19 13:37:00,005 ERROR  ProcessEngine Execute - Could not run process by start timer event. The schema "StartProcessWebhookToEntity" is not enabled.
2023-12-19 13:38:00,018 ERROR  ProcessEngine Execute - Could not run process by start timer event. The schema "StartProcessWebhookToEntity" is not enabled.
2023-12-19 13:39:00,007 ERROR  ProcessEngine Execute - Could not run process by start timer event. The schema "StartProcessWebhookToEntity" is not enabled.
2023-12-19 13:40:00,017 ERROR  ProcessEngine Execute - Could not run process by start timer event. The schema "StartProcessWebhookToEntity" is not enabled.
2023-12-19 13:41:00,005 ERROR  ProcessEngine Execute - Could not run process by start timer event. The schema "StartProcessWebhookToEntity" is not enabled.
2023-12-19 13:42:00,014 ERROR  ProcessEngine Execute - Could not run process by start timer event. The schema "StartProcessWebhookToEntity" is not enabled.
2023-12-19 13:43:00,005 ERROR  ProcessEngine Execute - Could not run process by start timer event. The schema "StartProcessWebhookToEntity" is not enabled.
2023-12-19 13:44:00,014 ERROR  ProcessEngine Execute - Could not run process by start timer event. The schema "StartProcessWebhookToEntity" is not enabled.
2023-12-19 13:45:00,014 ERROR  ProcessEngine Execute - Could not run process by start timer event. The schema "StartProcessWebhookToEntity" is not enabled.
2023-12-19 13:46:00,018 ERROR  ProcessEngine Execute - Could not run process by start timer event. The schema "StartProcessWebhookToEntity" is not enabled.
2023-12-19 13:47:00,014 ERROR  ProcessEngine Execute - Could not run process by start timer event. The schema "StartProcessWebhookToEntity" is not enabled.
2023-12-19 13:48:00,015 ERROR  ProcessEngine Execute - Could not run process by start timer event. The schema "StartProcessWebhookToEntity" is not enabled.
2023-12-19 13:49:00,018 ERROR  ProcessEngine Execute - Could not run process by start timer event. The schema "StartProcessWebhookToEntity" is not enabled.
2023-12-19 13:50:00,018 ERROR  ProcessEngine Execute - Could not run process by start timer event. The schema "StartProcessWebhookToEntity" is not enabled.
2023-12-19 13:51:00,015 ERROR  ProcessEngine Execute - Could not run process by start timer event. The schema "StartProcessWebhookToEntity" is not enabled.
2023-12-19 13:52:00,018 ERROR  ProcessEngine Execute - Could not run process by start timer event. The schema "StartProcessWebhookToEntity" is not enabled.
2023-12-19 13:53:00,018 ERROR  ProcessEngine Execute - Could not run process by start timer event. The schema "StartProcessWebhookToEntity" is not enabled.
2023-12-19 13:54:00,018 ERROR  ProcessEngine Execute - Could not run process by start timer event. The schema "StartProcessWebhookToEntity" is not enabled.
2023-12-19 13:55:00,015 ERROR  ProcessEngine Execute - Could not run process by start timer event. The schema "StartProcessWebhookToEntity" is not enabled.
2023-12-19 13:56:00,018 ERROR  ProcessEngine Execute - Could not run process by start timer event. The schema "StartProcessWebhookToEntity" is not enabled.
2023-12-19 13:57:00,018 ERROR  ProcessEngine Execute - Could not run process by start timer event. The schema "StartProcessWebhookToEntity" is not enabled.
2023-12-19 13:58:00,018 ERROR  ProcessEngine Execute - Could not run process by start timer event. The schema "StartProcessWebhookToEntity" is not enabled.
2023-12-19 13:59:00,005 ERROR  ProcessEngine Execute - Could not run process by start timer event. The schema "StartProcessWebhookToEntity" is not enabled.
2023-12-19 14:00:00,018 ERROR  ProcessEngine Execute - Could not run process by start timer event. The schema "StartProcessWebhookToEntity" is not enabled.
2023-12-19 14:01:00,015 ERROR  ProcessEngine Execute - Could not run process by start timer event. The schema "StartProcessWebhookToEntity" is not enabled.
2023-12-19 14:02:00,018 ERROR  ProcessEngine Execute - Could not run process by start timer event. The schema "StartProcessWebhookToEntity" is not enabled.
2023-12-19 14:03:00,017 ERROR  ProcessEngine Execute - Could not run process by start timer event. The schema "StartProcessWebhookToEntity" is not enabled.
2023-12-19 14:04:00,018 ERROR  ProcessEngine Execute - Could not run process by start timer event. The schema "StartProcessWebhookToEntity" is not enabled.
2023-12-19 14:05:00,018 ERROR  ProcessEngine Execute - Could not run process by start timer event. The schema "StartProcessWebhookToEntity" is not enabled.
2023-12-19 14:06:00,018 ERROR  ProcessEngine Execute - Could not run process by start timer event. The schema "StartProcessWebhookToEntity" is not enabled.
2023-12-19 14:07:00,007 ERROR  ProcessEngine Execute - Could not run process by start timer event. The schema "StartProcessWebhookToEntity" is not enabled.
2023-12-19 14:08:00,014 ERROR  ProcessEngine Execute - Could not run process by start timer event. The schema "StartProcessWebhookToEntity" is not enabled.
2023-12-19 14:09:00,018 ERROR  ProcessEngine Execute - Could not run process by start timer event. The schema "StartProcessWebhookToEntity" is not enabled.
2023-12-19 14:10:00,014 ERROR  ProcessEngine Execute - Could not run process by start timer event. The schema "StartProcessWebhookToEntity" is not enabled.
2023-12-19 14:11:00,014 ERROR  ProcessEngine Execute - Could not run process by start timer event. The schema "StartProcessWebhookToEntity" is not enabled.
2023-12-19 14:12:00,018 ERROR  ProcessEngine Execute - Could not run process by start timer event. The schema "StartProcessWebhookToEntity" is not enabled.
2023-12-19 14:13:00,018 ERROR  ProcessEngine Execute - Could not run process by start timer event. The schema "StartProcessWebhookToEntity" is not enabled.
2023-12-19 14:14:00,017 ERROR  ProcessEngine Execute - Could not run process by start timer event. The schema "StartProcessWebhookToEntity" is not enabled.
2023-12-19 14:15:00,014 ERROR  ProcessEngine Execute - Could not run process by start timer event. The schema "StartProcessWebhookToEntity" is not enabled.
2023-12-19 14:16:00,015 ERROR  ProcessEngine Execute - Could not run process by start timer event. The schema "StartProcessWebhookToEntity" is not enabled.
2023-12-19 14:17:00,018 ERROR  ProcessEngine Execute - Could not run process by start timer event. The schema "StartProcessWebhookToEntity" is not enabled.
2023-12-19 14:18:00,014 ERROR  ProcessEngine Execute - Could not run process by start timer event. The schema "StartProcessWebhookToEntity" is not enabled.
2023-12-19 14:19:00,015 ERROR  ProcessEngine Execute - Could not run process by start timer event. The schema "StartProcessWebhookToEntity" is not enabled.
2023-12-19 14:20:00,018 ERROR  ProcessEngine Execute - Could not run process by start timer event. The schema "StartProcessWebhookToEntity" is not enabled.
2023-12-19 14:21:00,009 ERROR  ProcessEngine Execute - Could not run process by start timer event. The schema "StartProcessWebhookToEntity" is not enabled.
2023-12-19 14:22:00,022 ERROR  ProcessEngine Execute - Could not run process by start timer event. The schema "StartProcessWebhookToEntity" is not enabled.
2023-12-19 14:23:00,019 ERROR  ProcessEngine Execute - Could not run process by start timer event. The schema "StartProcessWebhookToEntity" is not enabled.
2023-12-19 14:24:00,018 ERROR  ProcessEngine Execute - Could not run process by start timer event. The schema "StartProcessWebhookToEntity" is not enabled.
2023-12-19 14:25:00,018 ERROR  ProcessEngine Execute - Could not run process by start timer event. The schema "StartProcessWebhookToEntity" is not enabled.
2023-12-19 14:26:00,018 ERROR  ProcessEngine Execute - Could not run process by start timer event. The schema "StartProcessWebhookToEntity" is not enabled.
2023-12-19 14:27:00,022 ERROR  ProcessEngine Execute - Could not run process by start timer event. The schema "StartProcessWebhookToEntity" is not enabled.
2023-12-19 14:28:00,015 ERROR  ProcessEngine Execute - Could not run process by start timer event. The schema "StartProcessWebhookToEntity" is not enabled.
2023-12-19 14:29:00,015 ERROR  ProcessEngine Execute - Could not run process by start timer event. The schema "StartProcessWebhookToEntity" is not enabled.
2023-12-19 14:30:00,005 ERROR  ProcessEngine Execute - Could not run process by start timer event. The schema "StartProcessWebhookToEntity" is not enabled.
2023-12-19 14:31:00,007 ERROR  ProcessEngine Execute - Could not run process by start timer event. The schema "StartProcessWebhookToEntity" is not enabled.
2023-12-19 14:32:00,018 ERROR  ProcessEngine Execute - Could not run process by start timer event. The schema "StartProcessWebhookToEntity" is not enabled.
2023-12-19 14:33:00,018 ERROR  ProcessEngine Execute - Could not run process by start timer event. The schema "StartProcessWebhookToEntity" is not enabled.
2023-12-19 14:34:00,017 ERROR  ProcessEngine Execute - Could not run process by start timer event. The schema "StartProcessWebhookToEntity" is not enabled.
2023-12-19 14:35:00,013 ERROR  ProcessEngine Execute - Could not run process by start timer event. The schema "StartProcessWebhookToEntity" is not enabled.
2023-12-19 14:36:00,017 ERROR  ProcessEngine Execute - Could not run process by start timer event. The schema "StartProcessWebhookToEntity" is not enabled.
2023-12-19 14:37:00,015 ERROR  ProcessEngine Execute - Could not run process by start timer event. The schema "StartProcessWebhookToEntity" is not enabled.
2023-12-19 14:38:00,005 ERROR  ProcessEngine Execute - Could not run process by start timer event. The schema "StartProcessWebhookToEntity" is not enabled.
2023-12-19 14:39:00,006 ERROR  ProcessEngine Execute - Could not run process by start timer event. The schema "StartProcessWebhookToEntity" is not enabled.
2023-12-19 14:40:00,018 ERROR  ProcessEngine Execute - Could not run process by start timer event. The schema "StartProcessWebhookToEntity" is not enabled.
2023-12-19 14:41:00,018 ERROR  ProcessEngine Execute - Could not run process by start timer event. The schema "StartProcessWebhookToEntity" is not enabled.
2023-12-19 14:42:00,022 ERROR  ProcessEngine Execute - Could not run process by start timer event. The schema "StartProcessWebhookToEntity" is not enabled.
2023-12-19 14:43:00,014 ERROR  ProcessEngine Execute - Could not run process by start timer event. The schema "StartProcessWebhookToEntity" is not enabled.
2023-12-19 14:44:00,007 ERROR  ProcessEngine Execute - Could not run process by start timer event. The schema "StartProcessWebhookToEntity" is not enabled.
2023-12-19 14:45:00,005 ERROR  ProcessEngine Execute - Could not run process by start timer event. The schema "StartProcessWebhookToEntity" is not enabled.
2023-12-19 14:46:00,005 ERROR  ProcessEngine Execute - Could not run process by start timer event. The schema "StartProcessWebhookToEntity" is not enabled.
2023-12-19 14:47:00,022 ERROR  ProcessEngine Execute - Could not run process by start timer event. The schema "StartProcessWebhookToEntity" is not enabled.
2023-12-19 14:48:00,008 ERROR  ProcessEngine Execute - Could not run process by start timer event. The schema "StartProcessWebhookToEntity" is not enabled.
2023-12-19 14:49:00,014 ERROR  ProcessEngine Execute - Could not run process by start timer event. The schema "StartProcessWebhookToEntity" is not enabled.
2023-12-19 14:50:00,019 ERROR  ProcessEngine Execute - Could not run process by start timer event. The schema "StartProcessWebhookToEntity" is not enabled.
2023-12-19 14:51:00,007 ERROR  ProcessEngine Execute - Could not run process by start timer event. The schema "StartProcessWebhookToEntity" is not enabled.
2023-12-19 14:52:00,022 ERROR  ProcessEngine Execute - Could not run process by start timer event. The schema "StartProcessWebhookToEntity" is not enabled.
2023-12-19 14:53:00,018 ERROR  ProcessEngine Execute - Could not run process by start timer event. The schema "StartProcessWebhookToEntity" is not enabled.
2023-12-19 14:54:00,018 ERROR  ProcessEngine Execute - Could not run process by start timer event. The schema "StartProcessWebhookToEntity" is not enabled.
2023-12-19 14:55:00,014 ERROR  ProcessEngine Execute - Could not run process by start timer event. The schema "StartProcessWebhookToEntity" is not enabled.
2023-12-19 14:56:00,007 ERROR  ProcessEngine Execute - Could not run process by start timer event. The schema "StartProcessWebhookToEntity" is not enabled.
2023-12-19 14:57:00,022 ERROR  ProcessEngine Execute - Could not run process by start timer event. The schema "StartProcessWebhookToEntity" is not enabled.
2023-12-19 14:58:00,005 ERROR  ProcessEngine Execute - Could not run process by start timer event. The schema "StartProcessWebhookToEntity" is not enabled.
2023-12-19 14:59:00,012 ERROR  ProcessEngine Execute - Could not run process by start timer event. The schema "StartProcessWebhookToEntity" is not enabled.
2023-12-19 15:00:00,018 ERROR  ProcessEngine Execute - Could not run process by start timer event. The schema "StartProcessWebhookToEntity" is not enabled.
2023-12-19 15:01:00,014 ERROR  ProcessEngine Execute - Could not run process by start timer event. The schema "StartProcessWebhookToEntity" is not enabled.
2023-12-19 15:02:00,015 ERROR  ProcessEngine Execute - Could not run process by start timer event. The schema "StartProcessWebhookToEntity" is not enabled.
2023-12-19 15:03:00,018 ERROR  ProcessEngine Execute - Could not run process by start timer event. The schema "StartProcessWebhookToEntity" is not enabled.
2023-12-19 15:04:00,005 ERROR  ProcessEngine Execute - Could not run process by start timer event. The schema "StartProcessWebhookToEntity" is not enabled.
2023-12-19 15:05:00,019 ERROR  ProcessEngine Execute - Could not run process by start timer event. The schema "StartProcessWebhookToEntity" is not enabled.
2023-12-19 15:06:00,018 ERROR  ProcessEngine Execute - Could not run process by start timer event. The schema "StartProcessWebhookToEntity" is not enabled.
2023-12-19 15:07:00,022 ERROR  ProcessEngine Execute - Could not run process by start timer event. The schema "StartProcessWebhookToEntity" is not enabled.
2023-12-19 15:08:00,006 ERROR  ProcessEngine Execute - Could not run process by start timer event. The schema "StartProcessWebhookToEntity" is not enabled.
2023-12-19 15:09:00,018 ERROR  ProcessEngine Execute - Could not run process by start timer event. The schema "StartProcessWebhookToEntity" is not enabled.
2023-12-19 15:10:00,017 ERROR  ProcessEngine Execute - Could not run process by start timer event. The schema "StartProcessWebhookToEntity" is not enabled.
2023-12-19 15:11:00,017 ERROR  ProcessEngine Execute - Could not run process by start timer event. The schema "StartProcessWebhookToEntity" is not enabled.
2023-12-19 15:12:00,025 ERROR  ProcessEngine Execute - Could not run process by start timer event. The schema "StartProcessWebhookToEntity" is not enabled.
2023-12-19 15:13:00,017 ERROR  ProcessEngine Execute - Could not run process by start timer event. The schema "StartProcessWebhookToEntity" is not enabled.
2023-12-19 15:14:00,009 ERROR  ProcessEngine Execute - Could not run process by start timer event. The schema "StartProcessWebhookToEntity" is not enabled.
2023-12-19 15:15:00,005 ERROR  ProcessEngine Execute - Could not run process by start timer event. The schema "StartProcessWebhookToEntity" is not enabled.
2023-12-19 15:16:00,004 ERROR  ProcessEngine Execute - Could not run process by start timer event. The schema "StartProcessWebhookToEntity" is not enabled.
2023-12-19 15:17:00,022 ERROR  ProcessEngine Execute - Could not run process by start timer event. The schema "StartProcessWebhookToEntity" is not enabled.
2023-12-19 15:18:00,018 ERROR  ProcessEngine Execute - Could not run process by start timer event. The schema "StartProcessWebhookToEntity" is not enabled.
2023-12-19 15:19:00,005 ERROR  ProcessEngine Execute - Could not run process by start timer event. The schema "StartProcessWebhookToEntity" is not enabled.
2023-12-19 15:20:00,005 ERROR  ProcessEngine Execute - Could not run process by start timer event. The schema "StartProcessWebhookToEntity" is not enabled.
2023-12-19 15:21:00,005 ERROR  ProcessEngine Execute - Could not run process by start timer event. The schema "StartProcessWebhookToEntity" is not enabled.
2023-12-19 15:22:00,012 ERROR  ProcessEngine Execute - Could not run process by start timer event. The schema "StartProcessWebhookToEntity" is not enabled.
2023-12-19 15:23:00,006 ERROR  ProcessEngine Execute - Could not run process by start timer event. The schema "StartProcessWebhookToEntity" is not enabled.
2023-12-19 15:24:00,005 ERROR  ProcessEngine Execute - Could not run process by start timer event. The schema "StartProcessWebhookToEntity" is not enabled.
2023-12-19 15:25:00,006 ERROR  ProcessEngine Execute - Could not run process by start timer event. The schema "StartProcessWebhookToEntity" is not enabled.
2023-12-19 15:26:00,023 ERROR  ProcessEngine Execute - Could not run process by start timer event. The schema "StartProcessWebhookToEntity" is not enabled.
2023-12-19 15:27:00,009 ERROR  ProcessEngine Execute - Could not run process by start timer event. The schema "StartProcessWebhookToEntity" is not enabled.
2023-12-19 15:28:00,005 ERROR  ProcessEngine Execute - Could not run process by start timer event. The schema "StartProcessWebhookToEntity" is not enabled.
2023-12-19 15:29:00,018 ERROR  ProcessEngine Execute - Could not run process by start timer event. The schema "StartProcessWebhookToEntity" is not enabled.
2023-12-19 15:30:00,019 ERROR  ProcessEngine Execute - Could not run process by start timer event. The schema "StartProcessWebhookToEntity" is not enabled.
2023-12-19 15:31:00,020 ERROR  ProcessEngine Execute - Could not run process by start timer event. The schema "StartProcessWebhookToEntity" is not enabled.
2023-12-19 15:32:00,018 ERROR  ProcessEngine Execute - Could not run process by start timer event. The schema "StartProcessWebhookToEntity" is not enabled.
2023-12-19 15:33:00,019 ERROR  ProcessEngine Execute - Could not run process by start timer event. The schema "StartProcessWebhookToEntity" is not enabled.
2023-12-19 15:34:00,007 ERROR  ProcessEngine Execute - Could not run process by start timer event. The schema "StartProcessWebhookToEntity" is not enabled.
2023-12-19 15:35:00,019 ERROR  ProcessEngine Execute - Could not run process by start timer event. The schema "StartProcessWebhookToEntity" is not enabled.
2023-12-19 15:36:00,018 ERROR  ProcessEngine Execute - Could not run process by start timer event. The schema "StartProcessWebhookToEntity" is not enabled.
2023-12-19 15:37:00,028 ERROR  ProcessEngine Execute - Could not run process by start timer event. The schema "StartProcessWebhookToEntity" is not enabled.
2023-12-19 15:38:00,008 ERROR  ProcessEngine Execute - Could not run process by start timer event. The schema "StartProcessWebhookToEntity" is not enabled.
2023-12-19 15:39:00,006 ERROR  ProcessEngine Execute - Could not run process by start timer event. The schema "StartProcessWebhookToEntity" is not enabled.
2023-12-19 15:40:00,014 ERROR  ProcessEngine Execute - Could not run process by start timer event. The schema "StartProcessWebhookToEntity" is not enabled.
2023-12-19 15:41:00,012 ERROR  ProcessEngine Execute - Could not run process by start timer event. The schema "StartProcessWebhookToEntity" is not enabled.
2023-12-19 15:42:00,006 ERROR  ProcessEngine Execute - Could not run process by start timer event. The schema "StartProcessWebhookToEntity" is not enabled.
2023-12-19 15:43:00,006 ERROR  ProcessEngine Execute - Could not run process by start timer event. The schema "StartProcessWebhookToEntity" is not enabled.
2023-12-19 15:44:00,018 ERROR  ProcessEngine Execute - Could not run process by start timer event. The schema "StartProcessWebhookToEntity" is not enabled.
2023-12-19 15:45:00,018 ERROR  ProcessEngine Execute - Could not run process by start timer event. The schema "StartProcessWebhookToEntity" is not enabled.
2023-12-19 15:46:00,017 ERROR  ProcessEngine Execute - Could not run process by start timer event. The schema "StartProcessWebhookToEntity" is not enabled.
2023-12-19 15:47:00,026 ERROR  ProcessEngine Execute - Could not run process by start timer event. The schema "StartProcessWebhookToEntity" is not enabled.
2023-12-19 15:48:00,017 ERROR  ProcessEngine Execute - Could not run process by start timer event. The schema "StartProcessWebhookToEntity" is not enabled.
2023-12-19 15:49:00,005 ERROR  ProcessEngine Execute - Could not run process by start timer event. The schema "StartProcessWebhookToEntity" is not enabled.
2023-12-19 15:50:00,005 ERROR  ProcessEngine Execute - Could not run process by start timer event. The schema "StartProcessWebhookToEntity" is not enabled.
2023-12-19 15:51:00,019 ERROR  ProcessEngine Execute - Could not run process by start timer event. The schema "StartProcessWebhookToEntity" is not enabled.
2023-12-19 15:52:00,018 ERROR  ProcessEngine Execute - Could not run process by start timer event. The schema "StartProcessWebhookToEntity" is not enabled.
2023-12-19 15:53:00,006 ERROR  ProcessEngine Execute - Could not run process by start timer event. The schema "StartProcessWebhookToEntity" is not enabled.
2023-12-19 15:54:00,007 ERROR  ProcessEngine Execute - Could not run process by start timer event. The schema "StartProcessWebhookToEntity" is not enabled.
2023-12-19 15:56:18,150 ERROR  ProcessEngine RunProcessByStartTimerEvent - Could not run process by start timer event. The schema "StartProcessWebhookToEntity" is not enabled.
2023-12-19 15:56:18,243 ERROR  ProcessEngine RunProcessByStartTimerEvent - Could not run process by start timer event. The schema "StartProcessWebhookToEntity" is not enabled.
2023-12-19 15:57:00,005 ERROR  ProcessEngine RunProcessByStartTimerEvent - Could not run process by start timer event. The schema "StartProcessWebhookToEntity" is not enabled.
2023-12-19 15:58:00,007 ERROR  ProcessEngine RunProcessByStartTimerEvent - Could not run process by start timer event. The schema "StartProcessWebhookToEntity" is not enabled.
2023-12-19 15:59:00,030 ERROR  ProcessEngine RunProcessByStartTimerEvent - Could not run process by start timer event. The schema "StartProcessWebhookToEntity" is not enabled.
2023-12-19 16:00:00,018 ERROR  ProcessEngine RunProcessByStartTimerEvent - Could not run process by start timer event. The schema "StartProcessWebhookToEntity" is not enabled.
2023-12-19 16:01:00,018 ERROR  ProcessEngine RunProcessByStartTimerEvent - Could not run process by start timer event. The schema "StartProcessWebhookToEntity" is not enabled.
2023-12-19 16:02:00,012 ERROR  ProcessEngine RunProcessByStartTimerEvent - Could not run process by start timer event. The schema "StartProcessWebhookToEntity" is not enabled.
2023-12-19 16:03:00,013 ERROR  ProcessEngine RunProcessByStartTimerEvent - Could not run process by start timer event. The schema "StartProcessWebhookToEntity" is not enabled.
2023-12-19 16:04:00,009 ERROR  ProcessEngine RunProcessByStartTimerEvent - Could not run process by start timer event. The schema "StartProcessWebhookToEntity" is not enabled.
2023-12-19 16:05:00,005 ERROR  ProcessEngine RunProcessByStartTimerEvent - Could not run process by start timer event. The schema "StartProcessWebhookToEntity" is not enabled.
2023-12-19 16:06:00,005 ERROR  ProcessEngine RunProcessByStartTimerEvent - Could not run process by start timer event. The schema "StartProcessWebhookToEntity" is not enabled.
2023-12-19 16:07:00,018 ERROR  ProcessEngine RunProcessByStartTimerEvent - Could not run process by start timer event. The schema "StartProcessWebhookToEntity" is not enabled.
2023-12-19 16:08:00,009 ERROR  ProcessEngine RunProcessByStartTimerEvent - Could not run process by start timer event. The schema "StartProcessWebhookToEntity" is not enabled.
2023-12-19 16:09:00,006 ERROR  ProcessEngine RunProcessByStartTimerEvent - Could not run process by start timer event. The schema "StartProcessWebhookToEntity" is not enabled.
2023-12-19 16:10:00,018 ERROR  ProcessEngine RunProcessByStartTimerEvent - Could not run process by start timer event. The schema "StartProcessWebhookToEntity" is not enabled.
2023-12-19 16:11:00,017 ERROR  ProcessEngine Execute - Could not run process by start timer event. The schema "StartProcessWebhookToEntity" is not enabled.
2023-12-19 16:12:00,007 ERROR  ProcessEngine Execute - Could not run process by start timer event. The schema "StartProcessWebhookToEntity" is not enabled.
2023-12-19 16:13:00,017 ERROR  ProcessEngine Execute - Could not run process by start timer event. The schema "StartProcessWebhookToEntity" is not enabled.
2023-12-19 16:14:00,018 ERROR  ProcessEngine Execute - Could not run process by start timer event. The schema "StartProcessWebhookToEntity" is not enabled.
2023-12-19 16:15:00,018 ERROR  ProcessEngine Execute - Could not run process by start timer event. The schema "StartProcessWebhookToEntity" is not enabled.
2023-12-19 16:16:00,019 ERROR  ProcessEngine Execute - Could not run process by start timer event. The schema "StartProcessWebhookToEntity" is not enabled.
2023-12-19 16:17:00,013 ERROR  ProcessEngine Execute - Could not run process by start timer event. The schema "StartProcessWebhookToEntity" is not enabled.
2023-12-19 16:18:00,018 ERROR  ProcessEngine Execute - Could not run process by start timer event. The schema "StartProcessWebhookToEntity" is not enabled.
2023-12-19 16:19:00,009 ERROR  ProcessEngine Execute - Could not run process by start timer event. The schema "StartProcessWebhookToEntity" is not enabled.
2023-12-19 16:20:00,013 ERROR  ProcessEngine Execute - Could not run process by start timer event. The schema "StartProcessWebhookToEntity" is not enabled.
2023-12-19 16:21:00,018 ERROR  ProcessEngine Execute - Could not run process by start timer event. The schema "StartProcessWebhookToEntity" is not enabled.
2023-12-19 16:22:00,009 ERROR  ProcessEngine Execute - Could not run process by start timer event. The schema "StartProcessWebhookToEntity" is not enabled.
2023-12-19 16:23:00,018 ERROR  ProcessEngine Execute - Could not run process by start timer event. The schema "StartProcessWebhookToEntity" is not enabled.
2023-12-19 16:24:00,005 ERROR  ProcessEngine Execute - Could not run process by start timer event. The schema "StartProcessWebhookToEntity" is not enabled.
2023-12-19 16:25:00,014 ERROR  ProcessEngine Execute - Could not run process by start timer event. The schema "StartProcessWebhookToEntity" is not enabled.
2023-12-19 16:26:00,013 ERROR  ProcessEngine Execute - Could not run process by start timer event. The schema "StartProcessWebhookToEntity" is not enabled.
2023-12-19 16:27:00,017 ERROR  ProcessEngine Execute - Could not run process by start timer event. The schema "StartProcessWebhookToEntity" is not enabled.
2023-12-19 16:28:00,014 ERROR  ProcessEngine Execute - Could not run process by start timer event. The schema "StartProcessWebhookToEntity" is not enabled.
2023-12-19 16:29:00,014 ERROR  ProcessEngine Execute - Could not run process by start timer event. The schema "StartProcessWebhookToEntity" is not enabled.
2023-12-19 16:30:00,019 ERROR  ProcessEngine Execute - Could not run process by start timer event. The schema "StartProcessWebhookToEntity" is not enabled.
2023-12-19 16:31:00,017 ERROR  ProcessEngine Execute - Could not run process by start timer event. The schema "StartProcessWebhookToEntity" is not enabled.
2023-12-19 16:32:00,018 ERROR  ProcessEngine Execute - Could not run process by start timer event. The schema "StartProcessWebhookToEntity" is not enabled.
2023-12-19 16:33:00,006 ERROR  ProcessEngine Execute - Could not run process by start timer event. The schema "StartProcessWebhookToEntity" is not enabled.
2023-12-19 16:34:00,013 ERROR  ProcessEngine Execute - Could not run process by start timer event. The schema "StartProcessWebhookToEntity" is not enabled.
2023-12-19 16:35:00,008 ERROR  ProcessEngine Execute - Could not run process by start timer event. The schema "StartProcessWebhookToEntity" is not enabled.
2023-12-19 16:36:00,005 ERROR  ProcessEngine Execute - Could not run process by start timer event. The schema "StartProcessWebhookToEntity" is not enabled.
2023-12-19 16:37:00,006 ERROR  ProcessEngine Execute - Could not run process by start timer event. The schema "StartProcessWebhookToEntity" is not enabled.
2023-12-19 16:38:00,005 ERROR  ProcessEngine Execute - Could not run process by start timer event. The schema "StartProcessWebhookToEntity" is not enabled.
2023-12-19 16:39:00,005 ERROR  ProcessEngine Execute - Could not run process by start timer event. The schema "StartProcessWebhookToEntity" is not enabled.
2023-12-19 16:40:00,009 ERROR  ProcessEngine Execute - Could not run process by start timer event. The schema "StartProcessWebhookToEntity" is not enabled.
2023-12-19 16:41:00,013 ERROR  ProcessEngine Execute - Could not run process by start timer event. The schema "StartProcessWebhookToEntity" is not enabled.
2023-12-19 16:42:00,019 ERROR  ProcessEngine Execute - Could not run process by start timer event. The schema "StartProcessWebhookToEntity" is not enabled.
2023-12-19 16:43:00,019 ERROR  ProcessEngine Execute - Could not run process by start timer event. The schema "StartProcessWebhookToEntity" is not enabled.
2023-12-19 16:44:00,013 ERROR  ProcessEngine Execute - Could not run process by start timer event. The schema "StartProcessWebhookToEntity" is not enabled.
2023-12-19 16:45:00,013 ERROR  ProcessEngine Execute - Could not run process by start timer event. The schema "StartProcessWebhookToEntity" is not enabled.
2023-12-19 16:46:00,018 ERROR  ProcessEngine Execute - Could not run process by start timer event. The schema "StartProcessWebhookToEntity" is not enabled.
2023-12-19 16:47:00,021 ERROR  ProcessEngine Execute - Could not run process by start timer event. The schema "StartProcessWebhookToEntity" is not enabled.
2023-12-19 16:48:00,019 ERROR  ProcessEngine Execute - Could not run process by start timer event. The schema "StartProcessWebhookToEntity" is not enabled.
2023-12-19 16:49:00,019 ERROR  ProcessEngine Execute - Could not run process by start timer event. The schema "StartProcessWebhookToEntity" is not enabled.
2023-12-19 16:50:00,016 ERROR  ProcessEngine Execute - Could not run process by start timer event. The schema "StartProcessWebhookToEntity" is not enabled.
2023-12-19 16:51:00,018 ERROR  ProcessEngine Execute - Could not run process by start timer event. The schema "StartProcessWebhookToEntity" is not enabled.
2023-12-19 16:52:00,017 ERROR  ProcessEngine Execute - Could not run process by start timer event. The schema "StartProcessWebhookToEntity" is not enabled.
2023-12-19 16:53:00,015 ERROR  ProcessEngine Execute - Could not run process by start timer event. The schema "StartProcessWebhookToEntity" is not enabled.
2023-12-19 16:54:00,018 ERROR  ProcessEngine Execute - Could not run process by start timer event. The schema "StartProcessWebhookToEntity" is not enabled.
2023-12-19 16:55:00,018 ERROR  ProcessEngine Execute - Could not run process by start timer event. The schema "StartProcessWebhookToEntity" is not enabled.
2023-12-19 16:56:00,006 ERROR  ProcessEngine Execute - Could not run process by start timer event. The schema "StartProcessWebhookToEntity" is not enabled.
2023-12-19 16:57:00,017 ERROR  ProcessEngine Execute - Could not run process by start timer event. The schema "StartProcessWebhookToEntity" is not enabled.
2023-12-19 16:58:00,017 ERROR  ProcessEngine Execute - Could not run process by start timer event. The schema "StartProcessWebhookToEntity" is not enabled.
2023-12-19 16:59:00,019 ERROR  ProcessEngine Execute - Could not run process by start timer event. The schema "StartProcessWebhookToEntity" is not enabled.
2023-12-19 17:00:00,019 ERROR  ProcessEngine Execute - Could not run process by start timer event. The schema "StartProcessWebhookToEntity" is not enabled.
2023-12-19 17:01:00,018 ERROR  ProcessEngine Execute - Could not run process by start timer event. The schema "StartProcessWebhookToEntity" is not enabled.
2023-12-19 17:02:00,014 ERROR  ProcessEngine Execute - Could not run process by start timer event. The schema "StartProcessWebhookToEntity" is not enabled.
2023-12-19 17:03:00,018 ERROR  ProcessEngine Execute - Could not run process by start timer event. The schema "StartProcessWebhookToEntity" is not enabled.
2023-12-19 17:04:00,019 ERROR  ProcessEngine Execute - Could not run process by start timer event. The schema "StartProcessWebhookToEntity" is not enabled.
2023-12-19 17:05:00,017 ERROR  ProcessEngine Execute - Could not run process by start timer event. The schema "StartProcessWebhookToEntity" is not enabled.
2023-12-19 17:06:00,018 ERROR  ProcessEngine Execute - Could not run process by start timer event. The schema "StartProcessWebhookToEntity" is not enabled.
2023-12-19 17:07:00,018 ERROR  ProcessEngine Execute - Could not run process by start timer event. The schema "StartProcessWebhookToEntity" is not enabled.
2023-12-19 17:08:00,014 ERROR  ProcessEngine Execute - Could not run process by start timer event. The schema "StartProcessWebhookToEntity" is not enabled.
2023-12-19 17:09:00,017 ERROR  ProcessEngine Execute - Could not run process by start timer event. The schema "StartProcessWebhookToEntity" is not enabled.
2023-12-19 17:10:00,018 ERROR  ProcessEngine Execute - Could not run process by start timer event. The schema "StartProcessWebhookToEntity" is not enabled.
2023-12-19 17:11:00,018 ERROR  ProcessEngine Execute - Could not run process by start timer event. The schema "StartProcessWebhookToEntity" is not enabled.
2023-12-19 17:12:00,013 ERROR  ProcessEngine Execute - Could not run process by start timer event. The schema "StartProcessWebhookToEntity" is not enabled.
2023-12-19 17:13:00,017 ERROR  ProcessEngine Execute - Could not run process by start timer event. The schema "StartProcessWebhookToEntity" is not enabled.
2023-12-19 17:14:00,015 ERROR  ProcessEngine Execute - Could not run process by start timer event. The schema "StartProcessWebhookToEntity" is not enabled.
2023-12-19 17:15:00,018 ERROR  ProcessEngine Execute - Could not run process by start timer event. The schema "StartProcessWebhookToEntity" is not enabled.
2023-12-19 17:16:00,014 ERROR  ProcessEngine Execute - Could not run process by start timer event. The schema "StartProcessWebhookToEntity" is not enabled.
2023-12-19 17:17:00,017 ERROR  ProcessEngine Execute - Could not run process by start timer event. The schema "StartProcessWebhookToEntity" is not enabled.
2023-12-19 17:18:00,015 ERROR  ProcessEngine Execute - Could not run process by start timer event. The schema "StartProcessWebhookToEntity" is not enabled.
2023-12-19 17:19:00,018 ERROR  ProcessEngine Execute - Could not run process by start timer event. The schema "StartProcessWebhookToEntity" is not enabled.
2023-12-19 17:20:00,019 ERROR  ProcessEngine Execute - Could not run process by start timer event. The schema "StartProcessWebhookToEntity" is not enabled.
2023-12-19 17:21:00,014 ERROR  ProcessEngine Execute - Could not run process by start timer event. The schema "StartProcessWebhookToEntity" is not enabled.
2023-12-19 17:22:00,020 ERROR  ProcessEngine Execute - Could not run process by start timer event. The schema "StartProcessWebhookToEntity" is not enabled.
2023-12-19 17:23:00,013 ERROR  ProcessEngine Execute - Could not run process by start timer event. The schema "StartProcessWebhookToEntity" is not enabled.
2023-12-19 17:24:00,014 ERROR  ProcessEngine Execute - Could not run process by start timer event. The schema "StartProcessWebhookToEntity" is not enabled.
2023-12-19 17:25:00,018 ERROR  ProcessEngine Execute - Could not run process by start timer event. The schema "StartProcessWebhookToEntity" is not enabled.
2023-12-19 17:26:00,014 ERROR  ProcessEngine Execute - Could not run process by start timer event. The schema "StartProcessWebhookToEntity" is not enabled.
2023-12-19 17:27:00,017 ERROR  ProcessEngine Execute - Could not run process by start timer event. The schema "StartProcessWebhookToEntity" is not enabled.
2023-12-19 17:28:00,018 ERROR  ProcessEngine Execute - Could not run process by start timer event. The schema "StartProcessWebhookToEntity" is not enabled.
2023-12-19 17:29:00,014 ERROR  ProcessEngine Execute - Could not run process by start timer event. The schema "StartProcessWebhookToEntity" is not enabled.
2023-12-19 17:30:00,015 ERROR  ProcessEngine Execute - Could not run process by start timer event. The schema "StartProcessWebhookToEntity" is not enabled.
2023-12-19 17:31:00,018 ERROR  ProcessEngine Execute - Could not run process by start timer event. The schema "StartProcessWebhookToEntity" is not enabled.
2023-12-19 17:32:00,013 ERROR  ProcessEngine Execute - Could not run process by start timer event. The schema "StartProcessWebhookToEntity" is not enabled.
2023-12-19 17:33:00,018 ERROR  ProcessEngine Execute - Could not run process by start timer event. The schema "StartProcessWebhookToEntity" is not enabled.
2023-12-19 17:34:00,018 ERROR  ProcessEngine Execute - Could not run process by start timer event. The schema "StartProcessWebhookToEntity" is not enabled.
2023-12-19 17:35:00,018 ERROR  ProcessEngine Execute - Could not run process by start timer event. The schema "StartProcessWebhookToEntity" is not enabled.
2023-12-19 17:36:00,017 ERROR  ProcessEngine Execute - Could not run process by start timer event. The schema "StartProcessWebhookToEntity" is not enabled.
2023-12-19 17:37:00,018 ERROR  ProcessEngine Execute - Could not run process by start timer event. The schema "StartProcessWebhookToEntity" is not enabled.
2023-12-19 17:38:00,014 ERROR  ProcessEngine Execute - Could not run process by start timer event. The schema "StartProcessWebhookToEntity" is not enabled.
2023-12-19 17:39:00,018 ERROR  ProcessEngine Execute - Could not run process by start timer event. The schema "StartProcessWebhookToEntity" is not enabled.
2023-12-19 17:40:00,018 ERROR  ProcessEngine Execute - Could not run process by start timer event. The schema "StartProcessWebhookToEntity" is not enabled.
2023-12-19 17:41:00,014 ERROR  ProcessEngine Execute - Could not run process by start timer event. The schema "StartProcessWebhookToEntity" is not enabled.
2023-12-19 17:42:00,021 ERROR  ProcessEngine Execute - Could not run process by start timer event. The schema "StartProcessWebhookToEntity" is not enabled.
2023-12-19 17:43:00,013 ERROR  ProcessEngine Execute - Could not run process by start timer event. The schema "StartProcessWebhookToEntity" is not enabled.
2023-12-19 17:44:00,018 ERROR  ProcessEngine Execute - Could not run process by start timer event. The schema "StartProcessWebhookToEntity" is not enabled.
2023-12-19 17:45:00,018 ERROR  ProcessEngine Execute - Could not run process by start timer event. The schema "StartProcessWebhookToEntity" is not enabled.
2023-12-19 17:46:00,014 ERROR  ProcessEngine Execute - Could not run process by start timer event. The schema "StartProcessWebhookToEntity" is not enabled.
2023-12-19 17:47:00,017 ERROR  ProcessEngine Execute - Could not run process by start timer event. The schema "StartProcessWebhookToEntity" is not enabled.
2023-12-19 17:48:00,007 ERROR  ProcessEngine Execute - Could not run process by start timer event. The schema "StartProcessWebhookToEntity" is not enabled.
2023-12-19 17:49:00,014 ERROR  ProcessEngine Execute - Could not run process by start timer event. The schema "StartProcessWebhookToEntity" is not enabled.
2023-12-19 17:50:00,018 ERROR  ProcessEngine Execute - Could not run process by start timer event. The schema "StartProcessWebhookToEntity" is not enabled.
2023-12-19 17:51:00,014 ERROR  ProcessEngine Execute - Could not run process by start timer event. The schema "StartProcessWebhookToEntity" is not enabled.
2023-12-19 17:52:00,021 ERROR  ProcessEngine Execute - Could not run process by start timer event. The schema "StartProcessWebhookToEntity" is not enabled.
2023-12-19 17:53:00,018 ERROR  ProcessEngine Execute - Could not run process by start timer event. The schema "StartProcessWebhookToEntity" is not enabled.
2023-12-19 17:54:00,018 ERROR  ProcessEngine Execute - Could not run process by start timer event. The schema "StartProcessWebhookToEntity" is not enabled.
2023-12-19 17:55:00,018 ERROR  ProcessEngine Execute - Could not run process by start timer event. The schema "StartProcessWebhookToEntity" is not enabled.
2023-12-19 17:56:00,018 ERROR  ProcessEngine Execute - Could not run process by start timer event. The schema "StartProcessWebhookToEntity" is not enabled.
2023-12-19 17:57:00,014 ERROR  ProcessEngine Execute - Could not run process by start timer event. The schema "StartProcessWebhookToEntity" is not enabled.
2023-12-19 17:58:00,014 ERROR  ProcessEngine Execute - Could not run process by start timer event. The schema "StartProcessWebhookToEntity" is not enabled.
2023-12-19 17:59:00,018 ERROR  ProcessEngine Execute - Could not run process by start timer event. The schema "StartProcessWebhookToEntity" is not enabled.
2023-12-19 18:00:00,013 ERROR  ProcessEngine Execute - Could not run process by start timer event. The schema "StartProcessWebhookToEntity" is not enabled.
2023-12-19 18:01:00,014 ERROR  ProcessEngine Execute - Could not run process by start timer event. The schema "StartProcessWebhookToEntity" is not enabled.
2023-12-19 18:02:00,022 ERROR  ProcessEngine Execute - Could not run process by start timer event. The schema "StartProcessWebhookToEntity" is not enabled.
2023-12-19 18:03:00,008 ERROR  ProcessEngine Execute - Could not run process by start timer event. The schema "StartProcessWebhookToEntity" is not enabled.
2023-12-19 18:04:00,006 ERROR  ProcessEngine Execute - Could not run process by start timer event. The schema "StartProcessWebhookToEntity" is not enabled.
2023-12-19 18:05:00,010 ERROR  ProcessEngine Execute - Could not run process by start timer event. The schema "StartProcessWebhookToEntity" is not enabled.
2023-12-19 18:06:00,005 ERROR  ProcessEngine Execute - Could not run process by start timer event. The schema "StartProcessWebhookToEntity" is not enabled.
2023-12-19 18:07:00,022 ERROR  ProcessEngine Execute - Could not run process by start timer event. The schema "StartProcessWebhookToEntity" is not enabled.
2023-12-19 18:08:00,011 ERROR  ProcessEngine Execute - Could not run process by start timer event. The schema "StartProcessWebhookToEntity" is not enabled.
2023-12-19 18:09:00,005 ERROR  ProcessEngine Execute - Could not run process by start timer event. The schema "StartProcessWebhookToEntity" is not enabled.
2023-12-19 18:10:00,005 ERROR  ProcessEngine Execute - Could not run process by start timer event. The schema "StartProcessWebhookToEntity" is not enabled.
2023-12-19 18:11:00,017 ERROR  ProcessEngine Execute - Could not run process by start timer event. The schema "StartProcessWebhookToEntity" is not enabled.
2023-12-19 18:12:00,022 ERROR  ProcessEngine Execute - Could not run process by start timer event. The schema "StartProcessWebhookToEntity" is not enabled.
2023-12-19 18:13:00,014 ERROR  ProcessEngine Execute - Could not run process by start timer event. The schema "StartProcessWebhookToEntity" is not enabled.
2023-12-19 18:14:00,005 ERROR  ProcessEngine Execute - Could not run process by start timer event. The schema "StartProcessWebhookToEntity" is not enabled.
2023-12-19 18:15:00,005 ERROR  ProcessEngine Execute - Could not run process by start timer event. The schema "StartProcessWebhookToEntity" is not enabled.
2023-12-19 18:16:00,005 ERROR  ProcessEngine Execute - Could not run process by start timer event. The schema "StartProcessWebhookToEntity" is not enabled.
2023-12-19 18:17:00,023 ERROR  ProcessEngine Execute - Could not run process by start timer event. The schema "StartProcessWebhookToEntity" is not enabled.
2023-12-19 18:18:00,018 ERROR  ProcessEngine Execute - Could not run process by start timer event. The schema "StartProcessWebhookToEntity" is not enabled.
2023-12-19 18:19:00,013 ERROR  ProcessEngine Execute - Could not run process by start timer event. The schema "StartProcessWebhookToEntity" is not enabled.
2023-12-19 18:20:00,011 ERROR  ProcessEngine Execute - Could not run process by start timer event. The schema "StartProcessWebhookToEntity" is not enabled.
2023-12-19 18:21:00,014 ERROR  ProcessEngine Execute - Could not run process by start timer event. The schema "StartProcessWebhookToEntity" is not enabled.
2023-12-19 18:22:00,023 ERROR  ProcessEngine Execute - Could not run process by start timer event. The schema "StartProcessWebhookToEntity" is not enabled.
2023-12-19 18:23:00,010 ERROR  ProcessEngine Execute - Could not run process by start timer event. The schema "StartProcessWebhookToEntity" is not enabled.
2023-12-19 18:24:00,005 ERROR  ProcessEngine Execute - Could not run process by start timer event. The schema "StartProcessWebhookToEntity" is not enabled.
2023-12-19 18:25:00,018 ERROR  ProcessEngine Execute - Could not run process by start timer event. The schema "StartProcessWebhookToEntity" is not enabled.
2023-12-19 18:26:00,005 ERROR  ProcessEngine Execute - Could not run process by start timer event. The schema "StartProcessWebhookToEntity" is not enabled.
2023-12-19 18:27:00,024 ERROR  ProcessEngine Execute - Could not run process by start timer event. The schema "StartProcessWebhookToEntity" is not enabled.
2023-12-19 18:28:00,018 ERROR  ProcessEngine Execute - Could not run process by start timer event. The schema "StartProcessWebhookToEntity" is not enabled.
2023-12-19 18:29:00,005 ERROR  ProcessEngine Execute - Could not run process by start timer event. The schema "StartProcessWebhookToEntity" is not enabled.
2023-12-19 18:30:00,015 ERROR  ProcessEngine Execute - Could not run process by start timer event. The schema "StartProcessWebhookToEntity" is not enabled.
2023-12-19 18:32:27,371 ERROR  ProcessEngine RunProcessByStartTimerEvent - Could not run process by start timer event. The schema "StartProcessWebhookToEntity" is not enabled.
2023-12-19 18:32:27,547 ERROR  ProcessEngine RunProcessByStartTimerEvent - Could not run process by start timer event. The schema "StartProcessWebhookToEntity" is not enabled.
2023-12-19 18:33:00,018 ERROR  ProcessEngine RunProcessByStartTimerEvent - Could not run process by start timer event. The schema "StartProcessWebhookToEntity" is not enabled.
2023-12-19 18:37:04,271 ERROR  ProcessEngine RunProcessByStartTimerEvent - Could not run process by start timer event. The schema "StartProcessWebhookToEntity" is not enabled.
2023-12-19 18:37:04,434 ERROR  ProcessEngine RunProcessByStartTimerEvent - Could not run process by start timer event. The schema "StartProcessWebhookToEntity" is not enabled.
2023-12-19 18:37:04,649 ERROR  ProcessEngine RunProcessByStartTimerEvent - Could not run process by start timer event. The schema "StartProcessWebhookToEntity" is not enabled.
2023-12-19 18:37:04,810 ERROR  ProcessEngine RunProcessByStartTimerEvent - Could not run process by start timer event. The schema "StartProcessWebhookToEntity" is not enabled.
2023-12-19 18:38:00,005 ERROR  ProcessEngine RunProcessByStartTimerEvent - Could not run process by start timer event. The schema "StartProcessWebhookToEntity" is not enabled.
2023-12-19 18:39:00,005 ERROR  ProcessEngine RunProcessByStartTimerEvent - Could not run process by start timer event. The schema "StartProcessWebhookToEntity" is not enabled.
2023-12-19 18:40:00,007 ERROR  ProcessEngine RunProcessByStartTimerEvent - Could not run process by start timer event. The schema "StartProcessWebhookToEntity" is not enabled.
2023-12-19 18:41:00,006 ERROR  ProcessEngine RunProcessByStartTimerEvent - Could not run process by start timer event. The schema "StartProcessWebhookToEntity" is not enabled.
2023-12-19 18:42:00,018 ERROR  ProcessEngine RunProcessByStartTimerEvent - Could not run process by start timer event. The schema "StartProcessWebhookToEntity" is not enabled.
2023-12-19 18:43:00,018 ERROR  ProcessEngine RunProcessByStartTimerEvent - Could not run process by start timer event. The schema "StartProcessWebhookToEntity" is not enabled.
2023-12-19 18:44:00,008 ERROR  ProcessEngine RunProcessByStartTimerEvent - Could not run process by start timer event. The schema "StartProcessWebhookToEntity" is not enabled.
2023-12-19 18:45:00,019 ERROR  ProcessEngine RunProcessByStartTimerEvent - Could not run process by start timer event. The schema "StartProcessWebhookToEntity" is not enabled.
2023-12-19 18:46:00,018 ERROR  ProcessEngine RunProcessByStartTimerEvent - Could not run process by start timer event. The schema "StartProcessWebhookToEntity" is not enabled.
2023-12-19 18:47:00,006 ERROR  ProcessEngine RunProcessByStartTimerEvent - Could not run process by start timer event. The schema "StartProcessWebhookToEntity" is not enabled.
2023-12-19 18:52:40,661 ERROR  ProcessEngine RunProcessByStartTimerEvent - Could not run process by start timer event. The schema "StartProcessWebhookToEntity" is not enabled.
2023-12-19 18:52:41,593 ERROR  ProcessEngine RunProcessByStartTimerEvent - Could not run process by start timer event. The schema "StartProcessWebhookToEntity" is not enabled.
2023-12-19 18:52:41,911 ERROR  ProcessEngine RunProcessByStartTimerEvent - Could not run process by start timer event. The schema "StartProcessWebhookToEntity" is not enabled.
2023-12-19 18:52:42,588 ERROR  ProcessEngine RunProcessByStartTimerEvent - Could not run process by start timer event. The schema "StartProcessWebhookToEntity" is not enabled.
2023-12-19 18:52:42,965 ERROR  ProcessEngine RunProcessByStartTimerEvent - Could not run process by start timer event. The schema "StartProcessWebhookToEntity" is not enabled.
2023-12-19 18:53:00,006 ERROR  ProcessEngine RunProcessByStartTimerEvent - Could not run process by start timer event. The schema "StartProcessWebhookToEntity" is not enabled.
2023-12-19 18:54:00,005 ERROR  ProcessEngine RunProcessByStartTimerEvent - Could not run process by start timer event. The schema "StartProcessWebhookToEntity" is not enabled.
2023-12-19 18:56:30,819 ERROR  ProcessEngine RunProcessByStartTimerEvent - Could not run process by start timer event. The schema "StartProcessWebhookToEntity" is not enabled.
2023-12-19 18:56:30,887 ERROR  ProcessEngine RunProcessByStartTimerEvent - Could not run process by start timer event. The schema "StartProcessWebhookToEntity" is not enabled.
2023-12-19 18:57:00,011 ERROR  ProcessEngine RunProcessByStartTimerEvent - Could not run process by start timer event. The schema "StartProcessWebhookToEntity" is not enabled.
2023-12-19 18:58:00,007 ERROR  ProcessEngine RunProcessByStartTimerEvent - Could not run process by start timer event. The schema "StartProcessWebhookToEntity" is not enabled.
2023-12-19 18:59:00,021 ERROR  ProcessEngine RunProcessByStartTimerEvent - Could not run process by start timer event. The schema "StartProcessWebhookToEntity" is not enabled.
2023-12-19 19:00:00,245 ERROR  ProcessEngine RunProcessByStartTimerEvent - Could not run process by start timer event. The schema "StartProcessWebhookToEntity" is not enabled.
2023-12-19 19:01:00,018 ERROR  ProcessEngine RunProcessByStartTimerEvent - Could not run process by start timer event. The schema "StartProcessWebhookToEntity" is not enabled.
2023-12-19 19:02:00,018 ERROR  ProcessEngine RunProcessByStartTimerEvent - Could not run process by start timer event. The schema "StartProcessWebhookToEntity" is not enabled.
2023-12-19 19:03:00,018 ERROR  ProcessEngine RunProcessByStartTimerEvent - Could not run process by start timer event. The schema "StartProcessWebhookToEntity" is not enabled.
2023-12-19 19:04:00,010 ERROR  ProcessEngine RunProcessByStartTimerEvent - Could not run process by start timer event. The schema "StartProcessWebhookToEntity" is not enabled.
2023-12-19 19:05:00,006 ERROR  ProcessEngine RunProcessByStartTimerEvent - Could not run process by start timer event. The schema "StartProcessWebhookToEntity" is not enabled.
2023-12-19 19:06:00,019 ERROR  ProcessEngine RunProcessByStartTimerEvent - Could not run process by start timer event. The schema "StartProcessWebhookToEntity" is not enabled.
2023-12-19 19:07:00,006 ERROR  ProcessEngine RunProcessByStartTimerEvent - Could not run process by start timer event. The schema "StartProcessWebhookToEntity" is not enabled.
2023-12-19 19:08:00,008 ERROR  ProcessEngine RunProcessByStartTimerEvent - Could not run process by start timer event. The schema "StartProcessWebhookToEntity" is not enabled.
2023-12-19 19:09:00,018 ERROR  ProcessEngine RunProcessByStartTimerEvent - Could not run process by start timer event. The schema "StartProcessWebhookToEntity" is not enabled.
2023-12-19 19:10:00,005 ERROR  ProcessEngine Execute - Could not run process by start timer event. The schema "StartProcessWebhookToEntity" is not enabled.
2023-12-19 19:11:00,025 ERROR  ProcessEngine Execute - Could not run process by start timer event. The schema "StartProcessWebhookToEntity" is not enabled.
2023-12-19 19:13:26,225 ERROR  ProcessEngine RunProcessByStartTimerEvent - Could not run process by start timer event. The schema "StartProcessWebhookToEntity" is not enabled.
2023-12-19 19:13:26,359 ERROR  ProcessEngine RunProcessByStartTimerEvent - Could not run process by start timer event. The schema "StartProcessWebhookToEntity" is not enabled.
2023-12-19 19:14:00,021 ERROR  ProcessEngine RunProcessByStartTimerEvent - Could not run process by start timer event. The schema "StartProcessWebhookToEntity" is not enabled.
2023-12-19 19:15:00,020 ERROR  ProcessEngine RunProcessByStartTimerEvent - Could not run process by start timer event. The schema "StartProcessWebhookToEntity" is not enabled.
2023-12-19 19:16:00,015 ERROR  ProcessEngine RunProcessByStartTimerEvent - Could not run process by start timer event. The schema "StartProcessWebhookToEntity" is not enabled.
2023-12-19 19:17:00,120 ERROR  ProcessEngine RunProcessByStartTimerEvent - Could not run process by start timer event. The schema "StartProcessWebhookToEntity" is not enabled.
2023-12-19 19:18:00,016 ERROR  ProcessEngine RunProcessByStartTimerEvent - Could not run process by start timer event. The schema "StartProcessWebhookToEntity" is not enabled.
2023-12-19 19:19:00,021 ERROR  ProcessEngine RunProcessByStartTimerEvent - Could not run process by start timer event. The schema "StartProcessWebhookToEntity" is not enabled.
2023-12-19 19:20:00,018 ERROR  ProcessEngine RunProcessByStartTimerEvent - Could not run process by start timer event. The schema "StartProcessWebhookToEntity" is not enabled.
2023-12-19 19:21:00,014 ERROR  ProcessEngine RunProcessByStartTimerEvent - Could not run process by start timer event. The schema "StartProcessWebhookToEntity" is not enabled.
2023-12-19 19:22:00,019 ERROR  ProcessEngine RunProcessByStartTimerEvent - Could not run process by start timer event. The schema "StartProcessWebhookToEntity" is not enabled.
2023-12-19 19:23:00,015 ERROR  ProcessEngine RunProcessByStartTimerEvent - Could not run process by start timer event. The schema "StartProcessWebhookToEntity" is not enabled.
2023-12-19 19:24:00,016 ERROR  ProcessEngine RunProcessByStartTimerEvent - Could not run process by start timer event. The schema "StartProcessWebhookToEntity" is not enabled.
2023-12-19 19:25:00,018 ERROR  ProcessEngine Execute - Could not run process by start timer event. The schema "StartProcessWebhookToEntity" is not enabled.
2023-12-19 19:26:00,018 ERROR  ProcessEngine Execute - Could not run process by start timer event. The schema "StartProcessWebhookToEntity" is not enabled.
2023-12-19 19:27:00,006 ERROR  ProcessEngine Execute - Could not run process by start timer event. The schema "StartProcessWebhookToEntity" is not enabled.
2023-12-19 19:28:00,017 ERROR  ProcessEngine Execute - Could not run process by start timer event. The schema "StartProcessWebhookToEntity" is not enabled.
2023-12-19 19:29:00,018 ERROR  ProcessEngine Execute - Could not run process by start timer event. The schema "StartProcessWebhookToEntity" is not enabled.
2023-12-19 19:30:00,016 ERROR  ProcessEngine Execute - Could not run process by start timer event. The schema "StartProcessWebhookToEntity" is not enabled.
2023-12-19 19:31:00,018 ERROR  ProcessEngine Execute - Could not run process by start timer event. The schema "StartProcessWebhookToEntity" is not enabled.
2023-12-19 19:32:00,018 ERROR  ProcessEngine Execute - Could not run process by start timer event. The schema "StartProcessWebhookToEntity" is not enabled.
2023-12-19 19:33:00,018 ERROR  ProcessEngine Execute - Could not run process by start timer event. The schema "StartProcessWebhookToEntity" is not enabled.
2023-12-19 19:34:00,017 ERROR  ProcessEngine Execute - Could not run process by start timer event. The schema "StartProcessWebhookToEntity" is not enabled.
2023-12-19 19:35:00,013 ERROR  ProcessEngine Execute - Could not run process by start timer event. The schema "StartProcessWebhookToEntity" is not enabled.
2023-12-19 19:36:00,018 ERROR  ProcessEngine Execute - Could not run process by start timer event. The schema "StartProcessWebhookToEntity" is not enabled.
2023-12-19 19:37:00,018 ERROR  ProcessEngine Execute - Could not run process by start timer event. The schema "StartProcessWebhookToEntity" is not enabled.
2023-12-19 19:38:00,018 ERROR  ProcessEngine Execute - Could not run process by start timer event. The schema "StartProcessWebhookToEntity" is not enabled.
2023-12-19 19:39:00,018 ERROR  ProcessEngine Execute - Could not run process by start timer event. The schema "StartProcessWebhookToEntity" is not enabled.
2023-12-19 19:40:00,018 ERROR  ProcessEngine Execute - Could not run process by start timer event. The schema "StartProcessWebhookToEntity" is not enabled.
2023-12-19 19:41:00,018 ERROR  ProcessEngine Execute - Could not run process by start timer event. The schema "StartProcessWebhookToEntity" is not enabled.
2023-12-19 19:42:00,018 ERROR  ProcessEngine Execute - Could not run process by start timer event. The schema "StartProcessWebhookToEntity" is not enabled.
2023-12-19 19:43:00,019 ERROR  ProcessEngine Execute - Could not run process by start timer event. The schema "StartProcessWebhookToEntity" is not enabled.
2023-12-19 19:44:00,018 ERROR  ProcessEngine Execute - Could not run process by start timer event. The schema "StartProcessWebhookToEntity" is not enabled.
2023-12-19 19:45:00,018 ERROR  ProcessEngine Execute - Could not run process by start timer event. The schema "StartProcessWebhookToEntity" is not enabled.
2023-12-19 19:46:00,018 ERROR  ProcessEngine Execute - Could not run process by start timer event. The schema "StartProcessWebhookToEntity" is not enabled.
2023-12-19 19:47:00,018 ERROR  ProcessEngine Execute - Could not run process by start timer event. The schema "StartProcessWebhookToEntity" is not enabled.
2023-12-19 19:48:00,016 ERROR  ProcessEngine Execute - Could not run process by start timer event. The schema "StartProcessWebhookToEntity" is not enabled.
2023-12-19 19:49:00,018 ERROR  ProcessEngine Execute - Could not run process by start timer event. The schema "StartProcessWebhookToEntity" is not enabled.
2023-12-19 19:50:00,018 ERROR  ProcessEngine Execute - Could not run process by start timer event. The schema "StartProcessWebhookToEntity" is not enabled.
2023-12-19 19:51:00,015 ERROR  ProcessEngine Execute - Could not run process by start timer event. The schema "StartProcessWebhookToEntity" is not enabled.
2023-12-19 19:52:00,005 ERROR  ProcessEngine Execute - Could not run process by start timer event. The schema "StartProcessWebhookToEntity" is not enabled.
2023-12-19 19:53:00,018 ERROR  ProcessEngine Execute - Could not run process by start timer event. The schema "StartProcessWebhookToEntity" is not enabled.
2023-12-19 19:54:00,018 ERROR  ProcessEngine Execute - Could not run process by start timer event. The schema "StartProcessWebhookToEntity" is not enabled.
2023-12-19 19:55:00,018 ERROR  ProcessEngine Execute - Could not run process by start timer event. The schema "StartProcessWebhookToEntity" is not enabled.
2023-12-19 19:56:00,018 ERROR  ProcessEngine Execute - Could not run process by start timer event. The schema "StartProcessWebhookToEntity" is not enabled.
2023-12-19 19:57:00,018 ERROR  ProcessEngine Execute - Could not run process by start timer event. The schema "StartProcessWebhookToEntity" is not enabled.
2023-12-19 19:58:00,010 ERROR  ProcessEngine Execute - Could not run process by start timer event. The schema "StartProcessWebhookToEntity" is not enabled.
2023-12-19 19:59:00,017 ERROR  ProcessEngine Execute - Could not run process by start timer event. The schema "StartProcessWebhookToEntity" is not enabled.
2023-12-19 20:00:00,005 ERROR  ProcessEngine Execute - Could not run process by start timer event. The schema "StartProcessWebhookToEntity" is not enabled.
2023-12-19 20:01:00,005 ERROR  ProcessEngine Execute - Could not run process by start timer event. The schema "StartProcessWebhookToEntity" is not enabled.
2023-12-19 20:02:00,007 ERROR  ProcessEngine Execute - Could not run process by start timer event. The schema "StartProcessWebhookToEntity" is not enabled.
2023-12-19 20:03:00,005 ERROR  ProcessEngine Execute - Could not run process by start timer event. The schema "StartProcessWebhookToEntity" is not enabled.
2023-12-19 20:04:00,018 ERROR  ProcessEngine Execute - Could not run process by start timer event. The schema "StartProcessWebhookToEntity" is not enabled.
2023-12-19 20:05:00,018 ERROR  ProcessEngine Execute - Could not run process by start timer event. The schema "StartProcessWebhookToEntity" is not enabled.
2023-12-19 20:06:00,016 ERROR  ProcessEngine Execute - Could not run process by start timer event. The schema "StartProcessWebhookToEntity" is not enabled.
2023-12-19 20:07:00,018 ERROR  ProcessEngine Execute - Could not run process by start timer event. The schema "StartProcessWebhookToEntity" is not enabled.
2023-12-19 20:08:00,016 ERROR  ProcessEngine Execute - Could not run process by start timer event. The schema "StartProcessWebhookToEntity" is not enabled.
2023-12-19 20:09:00,017 ERROR  ProcessEngine Execute - Could not run process by start timer event. The schema "StartProcessWebhookToEntity" is not enabled.
2023-12-19 20:10:00,017 ERROR  ProcessEngine Execute - Could not run process by start timer event. The schema "StartProcessWebhookToEntity" is not enabled.
2023-12-19 20:11:00,019 ERROR  ProcessEngine Execute - Could not run process by start timer event. The schema "StartProcessWebhookToEntity" is not enabled.
2023-12-19 20:12:00,018 ERROR  ProcessEngine Execute - Could not run process by start timer event. The schema "StartProcessWebhookToEntity" is not enabled.
2023-12-19 20:13:00,006 ERROR  ProcessEngine Execute - Could not run process by start timer event. The schema "StartProcessWebhookToEntity" is not enabled.
2023-12-19 20:14:00,018 ERROR  ProcessEngine Execute - Could not run process by start timer event. The schema "StartProcessWebhookToEntity" is not enabled.
2023-12-19 20:15:00,018 ERROR  ProcessEngine Execute - Could not run process by start timer event. The schema "StartProcessWebhookToEntity" is not enabled.
2023-12-19 20:16:00,004 ERROR  ProcessEngine Execute - Could not run process by start timer event. The schema "StartProcessWebhookToEntity" is not enabled.
2023-12-19 20:17:00,006 ERROR  ProcessEngine Execute - Could not run process by start timer event. The schema "StartProcessWebhookToEntity" is not enabled.
2023-12-19 20:18:00,005 ERROR  ProcessEngine Execute - Could not run process by start timer event. The schema "StartProcessWebhookToEntity" is not enabled.
2023-12-19 20:19:00,006 ERROR  ProcessEngine Execute - Could not run process by start timer event. The schema "StartProcessWebhookToEntity" is not enabled.
2023-12-19 20:20:00,006 ERROR  ProcessEngine Execute - Could not run process by start timer event. The schema "StartProcessWebhookToEntity" is not enabled.
2023-12-19 20:21:00,261 ERROR  ProcessEngine Execute - Could not run process by start timer event. The schema "StartProcessWebhookToEntity" is not enabled.
2023-12-19 20:22:00,006 ERROR  ProcessEngine Execute - Could not run process by start timer event. The schema "StartProcessWebhookToEntity" is not enabled.
2023-12-19 20:23:00,019 ERROR  ProcessEngine Execute - Could not run process by start timer event. The schema "StartProcessWebhookToEntity" is not enabled.
2023-12-19 20:24:00,017 ERROR  ProcessEngine Execute - Could not run process by start timer event. The schema "StartProcessWebhookToEntity" is not enabled.
2023-12-19 20:25:00,018 ERROR  ProcessEngine Execute - Could not run process by start timer event. The schema "StartProcessWebhookToEntity" is not enabled.
2023-12-19 20:26:00,017 ERROR  ProcessEngine Execute - Could not run process by start timer event. The schema "StartProcessWebhookToEntity" is not enabled.
2023-12-19 20:27:00,005 ERROR  ProcessEngine Execute - Could not run process by start timer event. The schema "StartProcessWebhookToEntity" is not enabled.
2023-12-19 20:28:00,008 ERROR  ProcessEngine Execute - Could not run process by start timer event. The schema "StartProcessWebhookToEntity" is not enabled.
2023-12-19 20:29:00,005 ERROR  ProcessEngine Execute - Could not run process by start timer event. The schema "StartProcessWebhookToEntity" is not enabled.
2023-12-19 20:30:00,015 ERROR  ProcessEngine Execute - Could not run process by start timer event. The schema "StartProcessWebhookToEntity" is not enabled.
2023-12-19 20:31:00,018 ERROR  ProcessEngine Execute - Could not run process by start timer event. The schema "StartProcessWebhookToEntity" is not enabled.
2023-12-19 20:32:00,005 ERROR  ProcessEngine Execute - Could not run process by start timer event. The schema "StartProcessWebhookToEntity" is not enabled.
2023-12-19 20:33:00,005 ERROR  ProcessEngine Execute - Could not run process by start timer event. The schema "StartProcessWebhookToEntity" is not enabled.
2023-12-19 20:34:00,005 ERROR  ProcessEngine Execute - Could not run process by start timer event. The schema "StartProcessWebhookToEntity" is not enabled.
2023-12-19 20:35:00,006 ERROR  ProcessEngine Execute - Could not run process by start timer event. The schema "StartProcessWebhookToEntity" is not enabled.
2023-12-19 20:36:00,005 ERROR  ProcessEngine Execute - Could not run process by start timer event. The schema "StartProcessWebhookToEntity" is not enabled.
2023-12-19 20:37:00,006 ERROR  ProcessEngine Execute - Could not run process by start timer event. The schema "StartProcessWebhookToEntity" is not enabled.
