2023-12-19 12:25:38,158 Operation [Build] started
2023-12-19 12:28:13,882 Operation [Build] took 155 s 726 ms
2023-12-19 15:51:19,044 Operation [Build] started
2023-12-19 15:54:02,515 Operation [Build] took 163 s 471 ms
2023-12-19 18:29:43,005 Operation [Build] started
2023-12-19 18:30:12,882 Operation [Build] took 29 s 877 ms
2023-12-19 18:33:12,155 Operation [Build] started
2023-12-19 18:33:36,901 Operation [Build] took 24 s 748 ms
2023-12-19 18:34:33,014 Operation [Build] started
2023-12-19 18:34:53,197 Operation [Build] took 20 s 184 ms
2023-12-19 18:46:30,874 Operation [Build] started
2023-12-19 18:51:36,749 Operation [Build] started
2023-12-19 18:54:18,330 Operation [Build] took 161 s 581 ms
2023-12-19 18:59:14,933 Generating schema sources count [9]: [GuidedDev.UsrOrderVisaPageV2, GuidedDev.UsrRealtyClassic1Page, GuidedDev.Accounts_FormPage, GuidedDev.UsrRealtyClassicSectionGrid, GuidedDev.OrderPageV2, GuidedDev.OrderSectionV2, UsrRealtyFreedomUI.UsrAveragePricePage, UsrRealtyFreedomUI.UsrRealtyFreedomUI_FormPage, UsrRealtyFreedomUI.UsrRealtyFreedomUIEvents]
2023-12-19 18:59:18,938 Generated schema sources count [9]
2023-12-19 19:10:52,094 Operation [Build] started
2023-12-19 19:11:14,310 Operation [Build] took 22 s 217 ms
2023-12-19 20:20:45,242 Generating schema sources count [1]: [UsrRealtyFreedomUI.UsrRealtyService]
2023-12-19 20:20:45,950 Generated schema sources count [1]
2023-12-19 20:22:41,782 Operation [Build] started
2023-12-19 20:23:06,804 Operation [Build] took 25 s 21 ms
