2023-12-19 11:24:49,489 [1] INFO  Redis CreateRedisClientsManager - Redis clients manager is created with type: [Terrasoft.Redis.StackExchangeAdapters.RedisClientsManagerAdapter, Terrasoft.Redis.StackExchangeAdapters]
2023-12-19 11:25:03,649 [1] INFO  Redis StartCheckExpiredSessionsTimer - Expired sessions cleanup will occur every [60000] ms.
2023-12-19 11:26:03,700 [.NET ThreadPool Worker] INFO  Redis <ClearExpiredSessionsCallback>b__12_0 - All session keys: 1.Expired session keys: 0.
2023-12-19 11:27:03,706 [.NET ThreadPool Worker] INFO  Redis <ClearExpiredSessionsCallback>b__12_0 - All session keys: 1.Expired session keys: 0.
2023-12-19 11:28:03,708 [.NET ThreadPool Worker] INFO  Redis <ClearExpiredSessionsCallback>b__12_0 - All session keys: 1.Expired session keys: 0.
2023-12-19 11:29:03,713 [.NET ThreadPool Worker] INFO  Redis <ClearExpiredSessionsCallback>b__12_0 - All session keys: 1.Expired session keys: 0.
2023-12-19 11:30:03,717 [.NET ThreadPool Worker] INFO  Redis <ClearExpiredSessionsCallback>b__12_0 - All session keys: 1.Expired session keys: 0.
2023-12-19 11:31:03,720 [.NET ThreadPool Worker] INFO  Redis <ClearExpiredSessionsCallback>b__12_0 - All session keys: 1.Expired session keys: 0.
2023-12-19 11:32:03,723 [.NET ThreadPool Worker] INFO  Redis <ClearExpiredSessionsCallback>b__12_0 - All session keys: 1.Expired session keys: 0.
2023-12-19 11:33:03,726 [.NET ThreadPool Worker] INFO  Redis <ClearExpiredSessionsCallback>b__12_0 - All session keys: 1.Expired session keys: 0.
2023-12-19 11:34:03,729 [.NET ThreadPool Worker] INFO  Redis <ClearExpiredSessionsCallback>b__12_0 - All session keys: 1.Expired session keys: 0.
2023-12-19 11:35:03,734 [.NET ThreadPool Worker] INFO  Redis <ClearExpiredSessionsCallback>b__12_0 - All session keys: 1.Expired session keys: 0.
2023-12-19 11:36:03,740 [.NET ThreadPool Worker] INFO  Redis <ClearExpiredSessionsCallback>b__12_0 - All session keys: 1.Expired session keys: 0.
2023-12-19 11:37:03,741 [.NET ThreadPool Worker] INFO  Redis <ClearExpiredSessionsCallback>b__12_0 - All session keys: 1.Expired session keys: 0.
2023-12-19 11:38:03,744 [.NET ThreadPool Worker] INFO  Redis <ClearExpiredSessionsCallback>b__12_0 - All session keys: 1.Expired session keys: 0.
2023-12-19 11:39:03,749 [.NET ThreadPool Worker] INFO  Redis <ClearExpiredSessionsCallback>b__12_0 - All session keys: 1.Expired session keys: 0.
2023-12-19 11:40:03,752 [.NET ThreadPool Worker] INFO  Redis <ClearExpiredSessionsCallback>b__12_0 - All session keys: 1.Expired session keys: 0.
2023-12-19 11:41:03,754 [.NET ThreadPool Worker] INFO  Redis <ClearExpiredSessionsCallback>b__12_0 - All session keys: 1.Expired session keys: 0.
2023-12-19 11:42:03,757 [.NET ThreadPool Worker] INFO  Redis <ClearExpiredSessionsCallback>b__12_0 - All session keys: 1.Expired session keys: 0.
2023-12-19 11:43:03,755 [.NET ThreadPool Worker] INFO  Redis <ClearExpiredSessionsCallback>b__12_0 - All session keys: 1.Expired session keys: 0.
2023-12-19 11:44:03,756 [.NET ThreadPool Worker] INFO  Redis <ClearExpiredSessionsCallback>b__12_0 - All session keys: 1.Expired session keys: 0.
2023-12-19 11:45:03,761 [.NET ThreadPool Worker] INFO  Redis <ClearExpiredSessionsCallback>b__12_0 - All session keys: 1.Expired session keys: 0.
2023-12-19 11:46:03,766 [.NET ThreadPool Worker] INFO  Redis <ClearExpiredSessionsCallback>b__12_0 - All session keys: 1.Expired session keys: 0.
2023-12-19 11:47:03,767 [.NET ThreadPool Worker] INFO  Redis <ClearExpiredSessionsCallback>b__12_0 - All session keys: 1.Expired session keys: 0.
2023-12-19 11:48:03,767 [.NET ThreadPool Worker] INFO  Redis <ClearExpiredSessionsCallback>b__12_0 - All session keys: 1.Expired session keys: 0.
2023-12-19 11:49:03,771 [.NET ThreadPool Worker] INFO  Redis <ClearExpiredSessionsCallback>b__12_0 - All session keys: 1.Expired session keys: 0.
2023-12-19 11:50:03,772 [.NET ThreadPool Worker] INFO  Redis <ClearExpiredSessionsCallback>b__12_0 - All session keys: 1.Expired session keys: 0.
2023-12-19 11:51:03,771 [.NET ThreadPool Worker] INFO  Redis <ClearExpiredSessionsCallback>b__12_0 - All session keys: 1.Expired session keys: 0.
2023-12-19 11:52:03,773 [.NET ThreadPool Worker] INFO  Redis <ClearExpiredSessionsCallback>b__12_0 - All session keys: 1.Expired session keys: 0.
2023-12-19 11:53:03,771 [.NET ThreadPool Worker] INFO  Redis <ClearExpiredSessionsCallback>b__12_0 - All session keys: 1.Expired session keys: 0.
2023-12-19 11:54:03,772 [.NET ThreadPool Worker] INFO  Redis <ClearExpiredSessionsCallback>b__12_0 - All session keys: 1.Expired session keys: 0.
2023-12-19 11:55:03,777 [.NET ThreadPool Worker] INFO  Redis <ClearExpiredSessionsCallback>b__12_0 - All session keys: 1.Expired session keys: 0.
2023-12-19 11:56:03,782 [.NET ThreadPool Worker] INFO  Redis <ClearExpiredSessionsCallback>b__12_0 - All session keys: 1.Expired session keys: 0.
2023-12-19 11:57:03,785 [.NET ThreadPool Worker] INFO  Redis <ClearExpiredSessionsCallback>b__12_0 - All session keys: 1.Expired session keys: 0.
2023-12-19 11:58:03,787 [.NET ThreadPool Worker] INFO  Redis <ClearExpiredSessionsCallback>b__12_0 - All session keys: 1.Expired session keys: 0.
2023-12-19 11:59:03,792 [.NET ThreadPool Worker] INFO  Redis <ClearExpiredSessionsCallback>b__12_0 - All session keys: 1.Expired session keys: 0.
2023-12-19 12:00:03,794 [.NET ThreadPool Worker] INFO  Redis <ClearExpiredSessionsCallback>b__12_0 - All session keys: 1.Expired session keys: 0.
2023-12-19 12:01:03,802 [.NET ThreadPool Worker] INFO  Redis <ClearExpiredSessionsCallback>b__12_0 - All session keys: 1.Expired session keys: 0.
2023-12-19 12:02:03,806 [.NET ThreadPool Worker] INFO  Redis <ClearExpiredSessionsCallback>b__12_0 - All session keys: 1.Expired session keys: 0.
2023-12-19 12:03:03,813 [.NET ThreadPool Worker] INFO  Redis <ClearExpiredSessionsCallback>b__12_0 - All session keys: 1.Expired session keys: 0.
2023-12-19 12:04:03,815 [.NET ThreadPool Worker] INFO  Redis <ClearExpiredSessionsCallback>b__12_0 - All session keys: 1.Expired session keys: 0.
2023-12-19 12:05:03,820 [.NET ThreadPool Worker] INFO  Redis <ClearExpiredSessionsCallback>b__12_0 - All session keys: 1.Expired session keys: 0.
2023-12-19 12:06:03,823 [.NET ThreadPool Worker] INFO  Redis <ClearExpiredSessionsCallback>b__12_0 - All session keys: 1.Expired session keys: 0.
2023-12-19 12:07:03,829 [.NET ThreadPool Worker] INFO  Redis <ClearExpiredSessionsCallback>b__12_0 - All session keys: 1.Expired session keys: 0.
2023-12-19 12:08:03,833 [.NET ThreadPool Worker] INFO  Redis <ClearExpiredSessionsCallback>b__12_0 - All session keys: 1.Expired session keys: 0.
2023-12-19 12:09:03,836 [.NET ThreadPool Worker] INFO  Redis <ClearExpiredSessionsCallback>b__12_0 - All session keys: 1.Expired session keys: 0.
2023-12-19 12:10:03,840 [.NET ThreadPool Worker] INFO  Redis <ClearExpiredSessionsCallback>b__12_0 - All session keys: 1.Expired session keys: 0.
2023-12-19 12:11:03,842 [.NET ThreadPool Worker] INFO  Redis <ClearExpiredSessionsCallback>b__12_0 - All session keys: 1.Expired session keys: 0.
2023-12-19 12:12:03,848 [.NET ThreadPool Worker] INFO  Redis <ClearExpiredSessionsCallback>b__12_0 - All session keys: 1.Expired session keys: 0.
2023-12-19 12:13:03,852 [.NET ThreadPool Worker] INFO  Redis <ClearExpiredSessionsCallback>b__12_0 - All session keys: 1.Expired session keys: 0.
2023-12-19 12:14:03,853 [.NET ThreadPool Worker] INFO  Redis <ClearExpiredSessionsCallback>b__12_0 - All session keys: 1.Expired session keys: 0.
2023-12-19 12:15:03,857 [.NET ThreadPool Worker] INFO  Redis <ClearExpiredSessionsCallback>b__12_0 - All session keys: 1.Expired session keys: 0.
2023-12-19 12:16:03,862 [.NET ThreadPool Worker] INFO  Redis <ClearExpiredSessionsCallback>b__12_0 - All session keys: 1.Expired session keys: 0.
2023-12-19 12:17:03,861 [.NET ThreadPool Worker] INFO  Redis <ClearExpiredSessionsCallback>b__12_0 - All session keys: 1.Expired session keys: 0.
2023-12-19 12:18:03,867 [.NET ThreadPool Worker] INFO  Redis <ClearExpiredSessionsCallback>b__12_0 - All session keys: 1.Expired session keys: 0.
2023-12-19 12:19:03,868 [.NET ThreadPool Worker] INFO  Redis <ClearExpiredSessionsCallback>b__12_0 - All session keys: 1.Expired session keys: 0.
2023-12-19 12:20:03,869 [.NET ThreadPool Worker] INFO  Redis <ClearExpiredSessionsCallback>b__12_0 - All session keys: 1.Expired session keys: 0.
2023-12-19 12:21:03,872 [.NET ThreadPool Worker] INFO  Redis <ClearExpiredSessionsCallback>b__12_0 - All session keys: 1.Expired session keys: 0.
2023-12-19 12:22:03,875 [.NET ThreadPool Worker] INFO  Redis <ClearExpiredSessionsCallback>b__12_0 - All session keys: 1.Expired session keys: 0.
2023-12-19 12:23:03,877 [.NET ThreadPool Worker] INFO  Redis <ClearExpiredSessionsCallback>b__12_0 - All session keys: 1.Expired session keys: 0.
2023-12-19 12:24:03,879 [.NET ThreadPool Worker] INFO  Redis <ClearExpiredSessionsCallback>b__12_0 - All session keys: 1.Expired session keys: 0.
2023-12-19 12:25:03,882 [.NET ThreadPool Worker] INFO  Redis <ClearExpiredSessionsCallback>b__12_0 - All session keys: 1.Expired session keys: 0.
2023-12-19 12:26:03,883 [.NET ThreadPool Worker] INFO  Redis <ClearExpiredSessionsCallback>b__12_0 - All session keys: 1.Expired session keys: 0.
2023-12-19 12:27:03,883 [.NET ThreadPool Worker] INFO  Redis <ClearExpiredSessionsCallback>b__12_0 - All session keys: 1.Expired session keys: 0.
2023-12-19 12:28:03,883 [.NET ThreadPool Worker] INFO  Redis <ClearExpiredSessionsCallback>b__12_0 - All session keys: 1.Expired session keys: 0.
2023-12-19 12:28:22,241 [1] INFO  Redis CreateRedisClientsManager - Redis clients manager is created with type: [Terrasoft.Redis.StackExchangeAdapters.RedisClientsManagerAdapter, Terrasoft.Redis.StackExchangeAdapters]
2023-12-19 12:28:33,453 [1] INFO  Redis StartCheckExpiredSessionsTimer - Expired sessions cleanup will occur every [60000] ms.
2023-12-19 12:29:33,467 [.NET ThreadPool Worker] INFO  Redis GetExpiredSessionKeys - All session keys: 1.Expired session keys: 0.
2023-12-19 12:30:33,472 [.NET ThreadPool Worker] INFO  Redis <ClearExpiredSessionsCallback>b__12_0 - All session keys: 1.Expired session keys: 0.
2023-12-19 12:31:33,477 [.NET ThreadPool Worker] INFO  Redis <ClearExpiredSessionsCallback>b__12_0 - All session keys: 1.Expired session keys: 0.
2023-12-19 12:32:33,481 [.NET ThreadPool Worker] INFO  Redis <ClearExpiredSessionsCallback>b__12_0 - All session keys: 1.Expired session keys: 0.
2023-12-19 12:33:33,486 [.NET ThreadPool Worker] INFO  Redis <ClearExpiredSessionsCallback>b__12_0 - All session keys: 1.Expired session keys: 0.
2023-12-19 12:34:33,489 [.NET ThreadPool Worker] INFO  Redis <ClearExpiredSessionsCallback>b__12_0 - All session keys: 1.Expired session keys: 0.
2023-12-19 12:35:33,495 [.NET ThreadPool Worker] INFO  Redis <ClearExpiredSessionsCallback>b__12_0 - All session keys: 1.Expired session keys: 0.
2023-12-19 12:36:33,502 [.NET ThreadPool Worker] INFO  Redis <ClearExpiredSessionsCallback>b__12_0 - All session keys: 1.Expired session keys: 0.
2023-12-19 12:37:33,505 [.NET ThreadPool Worker] INFO  Redis <ClearExpiredSessionsCallback>b__12_0 - All session keys: 1.Expired session keys: 0.
2023-12-19 12:38:33,505 [.NET ThreadPool Worker] INFO  Redis <ClearExpiredSessionsCallback>b__12_0 - All session keys: 1.Expired session keys: 0.
2023-12-19 12:39:33,513 [.NET ThreadPool Worker] INFO  Redis <ClearExpiredSessionsCallback>b__12_0 - All session keys: 1.Expired session keys: 0.
2023-12-19 12:40:33,517 [.NET ThreadPool Worker] INFO  Redis <ClearExpiredSessionsCallback>b__12_0 - All session keys: 1.Expired session keys: 0.
2023-12-19 12:41:33,525 [.NET ThreadPool Worker] INFO  Redis <ClearExpiredSessionsCallback>b__12_0 - All session keys: 1.Expired session keys: 0.
2023-12-19 12:42:33,534 [.NET ThreadPool Worker] INFO  Redis <ClearExpiredSessionsCallback>b__12_0 - All session keys: 1.Expired session keys: 0.
2023-12-19 12:43:33,537 [.NET ThreadPool Worker] INFO  Redis <ClearExpiredSessionsCallback>b__12_0 - All session keys: 1.Expired session keys: 0.
2023-12-19 12:44:33,545 [.NET ThreadPool Worker] INFO  Redis <ClearExpiredSessionsCallback>b__12_0 - All session keys: 1.Expired session keys: 0.
2023-12-19 12:45:33,553 [.NET ThreadPool Worker] INFO  Redis <ClearExpiredSessionsCallback>b__12_0 - All session keys: 1.Expired session keys: 0.
2023-12-19 12:46:33,557 [.NET ThreadPool Worker] INFO  Redis <ClearExpiredSessionsCallback>b__12_0 - All session keys: 1.Expired session keys: 0.
2023-12-19 12:47:33,564 [.NET ThreadPool Worker] INFO  Redis <ClearExpiredSessionsCallback>b__12_0 - All session keys: 1.Expired session keys: 0.
2023-12-19 12:48:33,568 [.NET ThreadPool Worker] INFO  Redis <ClearExpiredSessionsCallback>b__12_0 - All session keys: 1.Expired session keys: 0.
2023-12-19 12:49:33,573 [.NET ThreadPool Worker] INFO  Redis <ClearExpiredSessionsCallback>b__12_0 - All session keys: 1.Expired session keys: 0.
2023-12-19 12:50:33,577 [.NET ThreadPool Worker] INFO  Redis <ClearExpiredSessionsCallback>b__12_0 - All session keys: 1.Expired session keys: 0.
2023-12-19 12:51:33,585 [.NET ThreadPool Worker] INFO  Redis <ClearExpiredSessionsCallback>b__12_0 - All session keys: 1.Expired session keys: 0.
2023-12-19 12:52:33,589 [.NET ThreadPool Worker] INFO  Redis <ClearExpiredSessionsCallback>b__12_0 - All session keys: 1.Expired session keys: 0.
2023-12-19 12:53:33,597 [.NET ThreadPool Worker] INFO  Redis <ClearExpiredSessionsCallback>b__12_0 - All session keys: 1.Expired session keys: 0.
2023-12-19 12:54:33,598 [.NET ThreadPool Worker] INFO  Redis <ClearExpiredSessionsCallback>b__12_0 - All session keys: 1.Expired session keys: 0.
2023-12-19 12:55:33,605 [.NET ThreadPool Worker] INFO  Redis <ClearExpiredSessionsCallback>b__12_0 - All session keys: 1.Expired session keys: 0.
2023-12-19 12:56:33,610 [.NET ThreadPool Worker] INFO  Redis <ClearExpiredSessionsCallback>b__12_0 - All session keys: 1.Expired session keys: 0.
2023-12-19 12:57:33,614 [.NET ThreadPool Worker] INFO  Redis <ClearExpiredSessionsCallback>b__12_0 - All session keys: 1.Expired session keys: 0.
2023-12-19 12:58:33,621 [.NET ThreadPool Worker] INFO  Redis <ClearExpiredSessionsCallback>b__12_0 - All session keys: 1.Expired session keys: 0.
2023-12-19 12:59:33,625 [.NET ThreadPool Worker] INFO  Redis <ClearExpiredSessionsCallback>b__12_0 - All session keys: 1.Expired session keys: 0.
2023-12-19 13:00:33,629 [.NET ThreadPool Worker] INFO  Redis <ClearExpiredSessionsCallback>b__12_0 - All session keys: 1.Expired session keys: 0.
2023-12-19 13:01:33,634 [.NET ThreadPool Worker] INFO  Redis <ClearExpiredSessionsCallback>b__12_0 - All session keys: 1.Expired session keys: 0.
2023-12-19 13:02:33,638 [.NET ThreadPool Worker] INFO  Redis <ClearExpiredSessionsCallback>b__12_0 - All session keys: 1.Expired session keys: 0.
2023-12-19 13:03:33,645 [.NET ThreadPool Worker] INFO  Redis <ClearExpiredSessionsCallback>b__12_0 - All session keys: 1.Expired session keys: 0.
2023-12-19 13:04:33,649 [.NET ThreadPool Worker] INFO  Redis <ClearExpiredSessionsCallback>b__12_0 - All session keys: 1.Expired session keys: 0.
2023-12-19 13:05:33,653 [.NET ThreadPool Worker] INFO  Redis <ClearExpiredSessionsCallback>b__12_0 - All session keys: 1.Expired session keys: 0.
2023-12-19 13:06:33,658 [.NET ThreadPool Worker] INFO  Redis <ClearExpiredSessionsCallback>b__12_0 - All session keys: 1.Expired session keys: 0.
2023-12-19 13:07:33,661 [.NET ThreadPool Worker] INFO  Redis <ClearExpiredSessionsCallback>b__12_0 - All session keys: 1.Expired session keys: 0.
2023-12-19 13:08:33,667 [.NET ThreadPool Worker] INFO  Redis <ClearExpiredSessionsCallback>b__12_0 - All session keys: 1.Expired session keys: 0.
2023-12-19 13:09:33,668 [.NET ThreadPool Worker] INFO  Redis <ClearExpiredSessionsCallback>b__12_0 - All session keys: 1.Expired session keys: 0.
2023-12-19 13:10:33,672 [.NET ThreadPool Worker] INFO  Redis <ClearExpiredSessionsCallback>b__12_0 - All session keys: 1.Expired session keys: 0.
2023-12-19 13:11:33,672 [.NET ThreadPool Worker] INFO  Redis <ClearExpiredSessionsCallback>b__12_0 - All session keys: 1.Expired session keys: 0.
2023-12-19 13:12:33,674 [.NET ThreadPool Worker] INFO  Redis <ClearExpiredSessionsCallback>b__12_0 - All session keys: 1.Expired session keys: 0.
2023-12-19 13:13:33,675 [.NET ThreadPool Worker] INFO  Redis <ClearExpiredSessionsCallback>b__12_0 - All session keys: 1.Expired session keys: 0.
2023-12-19 13:14:33,680 [.NET ThreadPool Worker] INFO  Redis <ClearExpiredSessionsCallback>b__12_0 - All session keys: 1.Expired session keys: 0.
2023-12-19 13:15:33,680 [.NET ThreadPool Worker] INFO  Redis <ClearExpiredSessionsCallback>b__12_0 - All session keys: 1.Expired session keys: 0.
2023-12-19 13:16:33,685 [.NET ThreadPool Worker] INFO  Redis <ClearExpiredSessionsCallback>b__12_0 - All session keys: 1.Expired session keys: 0.
2023-12-19 13:17:33,687 [.NET ThreadPool Worker] INFO  Redis <ClearExpiredSessionsCallback>b__12_0 - All session keys: 1.Expired session keys: 0.
2023-12-19 13:18:33,688 [.NET ThreadPool Worker] INFO  Redis <ClearExpiredSessionsCallback>b__12_0 - All session keys: 1.Expired session keys: 0.
2023-12-19 13:19:33,693 [.NET ThreadPool Worker] INFO  Redis <ClearExpiredSessionsCallback>b__12_0 - All session keys: 1.Expired session keys: 0.
2023-12-19 13:20:33,697 [.NET ThreadPool Worker] INFO  Redis <ClearExpiredSessionsCallback>b__12_0 - All session keys: 1.Expired session keys: 0.
2023-12-19 13:21:33,699 [.NET ThreadPool Worker] INFO  Redis <ClearExpiredSessionsCallback>b__12_0 - All session keys: 1.Expired session keys: 0.
2023-12-19 13:22:33,703 [.NET ThreadPool Worker] INFO  Redis <ClearExpiredSessionsCallback>b__12_0 - All session keys: 1.Expired session keys: 0.
2023-12-19 13:23:33,709 [.NET ThreadPool Worker] INFO  Redis <ClearExpiredSessionsCallback>b__12_0 - All session keys: 1.Expired session keys: 0.
2023-12-19 13:24:33,711 [.NET ThreadPool Worker] INFO  Redis <ClearExpiredSessionsCallback>b__12_0 - All session keys: 1.Expired session keys: 0.
2023-12-19 13:25:33,717 [.NET ThreadPool Worker] INFO  Redis <ClearExpiredSessionsCallback>b__12_0 - All session keys: 1.Expired session keys: 0.
2023-12-19 13:26:33,721 [.NET ThreadPool Worker] INFO  Redis <ClearExpiredSessionsCallback>b__12_0 - All session keys: 1.Expired session keys: 0.
2023-12-19 13:27:33,725 [.NET ThreadPool Worker] INFO  Redis <ClearExpiredSessionsCallback>b__12_0 - All session keys: 1.Expired session keys: 0.
2023-12-19 13:28:33,728 [.NET ThreadPool Worker] INFO  Redis <ClearExpiredSessionsCallback>b__12_0 - All session keys: 1.Expired session keys: 0.
2023-12-19 13:29:33,728 [.NET ThreadPool Worker] INFO  Redis <ClearExpiredSessionsCallback>b__12_0 - All session keys: 1.Expired session keys: 0.
2023-12-19 13:30:33,733 [.NET ThreadPool Worker] INFO  Redis <ClearExpiredSessionsCallback>b__12_0 - All session keys: 1.Expired session keys: 0.
2023-12-19 13:31:33,739 [.NET ThreadPool Worker] INFO  Redis <ClearExpiredSessionsCallback>b__12_0 - All session keys: 1.Expired session keys: 0.
2023-12-19 13:32:33,745 [.NET ThreadPool Worker] INFO  Redis <ClearExpiredSessionsCallback>b__12_0 - All session keys: 1.Expired session keys: 0.
2023-12-19 13:33:33,752 [.NET ThreadPool Worker] INFO  Redis <ClearExpiredSessionsCallback>b__12_0 - All session keys: 1.Expired session keys: 0.
2023-12-19 13:34:33,753 [.NET ThreadPool Worker] INFO  Redis <ClearExpiredSessionsCallback>b__12_0 - All session keys: 1.Expired session keys: 0.
2023-12-19 13:35:33,757 [.NET ThreadPool Worker] INFO  Redis <ClearExpiredSessionsCallback>b__12_0 - All session keys: 1.Expired session keys: 0.
2023-12-19 13:36:33,765 [.NET ThreadPool Worker] INFO  Redis <ClearExpiredSessionsCallback>b__12_0 - All session keys: 1.Expired session keys: 0.
2023-12-19 13:37:33,773 [.NET ThreadPool Worker] INFO  Redis <ClearExpiredSessionsCallback>b__12_0 - All session keys: 2.Expired session keys: 1.
2023-12-19 13:38:33,807 [.NET ThreadPool Worker] INFO  Redis <ClearExpiredSessionsCallback>b__12_0 - All session keys: 1.Expired session keys: 0.
2023-12-19 13:39:33,808 [.NET ThreadPool Worker] INFO  Redis <ClearExpiredSessionsCallback>b__12_0 - All session keys: 1.Expired session keys: 0.
2023-12-19 13:40:33,811 [.NET ThreadPool Worker] INFO  Redis <ClearExpiredSessionsCallback>b__12_0 - All session keys: 1.Expired session keys: 0.
2023-12-19 13:41:33,812 [.NET ThreadPool Worker] INFO  Redis <ClearExpiredSessionsCallback>b__12_0 - All session keys: 1.Expired session keys: 0.
2023-12-19 13:42:33,817 [.NET ThreadPool Worker] INFO  Redis <ClearExpiredSessionsCallback>b__12_0 - All session keys: 1.Expired session keys: 0.
2023-12-19 13:43:33,825 [.NET ThreadPool Worker] INFO  Redis <ClearExpiredSessionsCallback>b__12_0 - All session keys: 1.Expired session keys: 0.
2023-12-19 13:44:33,828 [.NET ThreadPool Worker] INFO  Redis <ClearExpiredSessionsCallback>b__12_0 - All session keys: 1.Expired session keys: 0.
2023-12-19 13:45:33,834 [.NET ThreadPool Worker] INFO  Redis <ClearExpiredSessionsCallback>b__12_0 - All session keys: 1.Expired session keys: 0.
2023-12-19 13:46:33,841 [.NET ThreadPool Worker] INFO  Redis <ClearExpiredSessionsCallback>b__12_0 - All session keys: 1.Expired session keys: 0.
2023-12-19 13:47:33,841 [.NET ThreadPool Worker] INFO  Redis <ClearExpiredSessionsCallback>b__12_0 - All session keys: 1.Expired session keys: 0.
2023-12-19 13:48:33,845 [.NET ThreadPool Worker] INFO  Redis <ClearExpiredSessionsCallback>b__12_0 - All session keys: 1.Expired session keys: 0.
2023-12-19 13:49:33,849 [.NET ThreadPool Worker] INFO  Redis <ClearExpiredSessionsCallback>b__12_0 - All session keys: 1.Expired session keys: 0.
2023-12-19 13:50:33,853 [.NET ThreadPool Worker] INFO  Redis <ClearExpiredSessionsCallback>b__12_0 - All session keys: 1.Expired session keys: 0.
2023-12-19 13:51:33,856 [.NET ThreadPool Worker] INFO  Redis <ClearExpiredSessionsCallback>b__12_0 - All session keys: 1.Expired session keys: 0.
2023-12-19 13:52:33,861 [.NET ThreadPool Worker] INFO  Redis <ClearExpiredSessionsCallback>b__12_0 - All session keys: 1.Expired session keys: 0.
2023-12-19 13:53:33,860 [.NET ThreadPool Worker] INFO  Redis <ClearExpiredSessionsCallback>b__12_0 - All session keys: 1.Expired session keys: 0.
2023-12-19 13:54:33,864 [.NET ThreadPool Worker] INFO  Redis <ClearExpiredSessionsCallback>b__12_0 - All session keys: 1.Expired session keys: 0.
2023-12-19 13:55:33,869 [.NET ThreadPool Worker] INFO  Redis <ClearExpiredSessionsCallback>b__12_0 - All session keys: 1.Expired session keys: 0.
2023-12-19 13:56:33,877 [.NET ThreadPool Worker] INFO  Redis <ClearExpiredSessionsCallback>b__12_0 - All session keys: 1.Expired session keys: 0.
2023-12-19 13:57:33,875 [.NET ThreadPool Worker] INFO  Redis <ClearExpiredSessionsCallback>b__12_0 - All session keys: 1.Expired session keys: 0.
2023-12-19 13:58:33,881 [.NET ThreadPool Worker] INFO  Redis <ClearExpiredSessionsCallback>b__12_0 - All session keys: 1.Expired session keys: 0.
2023-12-19 13:59:33,888 [.NET ThreadPool Worker] INFO  Redis <ClearExpiredSessionsCallback>b__12_0 - All session keys: 1.Expired session keys: 0.
2023-12-19 14:00:33,893 [.NET ThreadPool Worker] INFO  Redis <ClearExpiredSessionsCallback>b__12_0 - All session keys: 1.Expired session keys: 0.
2023-12-19 14:01:33,893 [.NET ThreadPool Worker] INFO  Redis <ClearExpiredSessionsCallback>b__12_0 - All session keys: 1.Expired session keys: 0.
2023-12-19 14:02:33,901 [.NET ThreadPool Worker] INFO  Redis <ClearExpiredSessionsCallback>b__12_0 - All session keys: 1.Expired session keys: 0.
2023-12-19 14:03:33,907 [.NET ThreadPool Worker] INFO  Redis <ClearExpiredSessionsCallback>b__12_0 - All session keys: 1.Expired session keys: 0.
2023-12-19 14:04:33,913 [.NET ThreadPool Worker] INFO  Redis <ClearExpiredSessionsCallback>b__12_0 - All session keys: 1.Expired session keys: 0.
2023-12-19 14:05:33,917 [.NET ThreadPool Worker] INFO  Redis <ClearExpiredSessionsCallback>b__12_0 - All session keys: 1.Expired session keys: 0.
2023-12-19 14:06:33,925 [.NET ThreadPool Worker] INFO  Redis <ClearExpiredSessionsCallback>b__12_0 - All session keys: 1.Expired session keys: 0.
2023-12-19 14:07:33,927 [.NET ThreadPool Worker] INFO  Redis <ClearExpiredSessionsCallback>b__12_0 - All session keys: 1.Expired session keys: 0.
2023-12-19 14:08:33,932 [.NET ThreadPool Worker] INFO  Redis <ClearExpiredSessionsCallback>b__12_0 - All session keys: 1.Expired session keys: 0.
2023-12-19 14:09:33,932 [.NET ThreadPool Worker] INFO  Redis <ClearExpiredSessionsCallback>b__12_0 - All session keys: 1.Expired session keys: 0.
2023-12-19 14:10:33,937 [.NET ThreadPool Worker] INFO  Redis <ClearExpiredSessionsCallback>b__12_0 - All session keys: 1.Expired session keys: 0.
2023-12-19 14:11:33,941 [.NET ThreadPool Worker] INFO  Redis <ClearExpiredSessionsCallback>b__12_0 - All session keys: 1.Expired session keys: 0.
2023-12-19 14:12:33,949 [.NET ThreadPool Worker] INFO  Redis <ClearExpiredSessionsCallback>b__12_0 - All session keys: 1.Expired session keys: 0.
2023-12-19 14:13:33,956 [.NET ThreadPool Worker] INFO  Redis <ClearExpiredSessionsCallback>b__12_0 - All session keys: 1.Expired session keys: 0.
2023-12-19 14:14:33,956 [.NET ThreadPool Worker] INFO  Redis <ClearExpiredSessionsCallback>b__12_0 - All session keys: 1.Expired session keys: 0.
2023-12-19 14:15:33,959 [.NET ThreadPool Worker] INFO  Redis <ClearExpiredSessionsCallback>b__12_0 - All session keys: 1.Expired session keys: 0.
2023-12-19 14:16:33,961 [.NET ThreadPool Worker] INFO  Redis <ClearExpiredSessionsCallback>b__12_0 - All session keys: 1.Expired session keys: 0.
2023-12-19 14:17:33,968 [.NET ThreadPool Worker] INFO  Redis <ClearExpiredSessionsCallback>b__12_0 - All session keys: 1.Expired session keys: 0.
2023-12-19 14:18:33,969 [.NET ThreadPool Worker] INFO  Redis <ClearExpiredSessionsCallback>b__12_0 - All session keys: 1.Expired session keys: 0.
2023-12-19 14:19:33,973 [.NET ThreadPool Worker] INFO  Redis <ClearExpiredSessionsCallback>b__12_0 - All session keys: 1.Expired session keys: 0.
2023-12-19 14:20:33,974 [.NET ThreadPool Worker] INFO  Redis <ClearExpiredSessionsCallback>b__12_0 - All session keys: 1.Expired session keys: 0.
2023-12-19 14:21:33,977 [.NET ThreadPool Worker] INFO  Redis <ClearExpiredSessionsCallback>b__12_0 - All session keys: 1.Expired session keys: 0.
2023-12-19 14:22:33,981 [.NET ThreadPool Worker] INFO  Redis <ClearExpiredSessionsCallback>b__12_0 - All session keys: 1.Expired session keys: 0.
2023-12-19 14:23:33,984 [.NET ThreadPool Worker] INFO  Redis <ClearExpiredSessionsCallback>b__12_0 - All session keys: 1.Expired session keys: 0.
2023-12-19 14:24:33,988 [.NET ThreadPool Worker] INFO  Redis <ClearExpiredSessionsCallback>b__12_0 - All session keys: 1.Expired session keys: 0.
2023-12-19 14:25:33,994 [.NET ThreadPool Worker] INFO  Redis <ClearExpiredSessionsCallback>b__12_0 - All session keys: 1.Expired session keys: 0.
2023-12-19 14:26:33,997 [.NET ThreadPool Worker] INFO  Redis <ClearExpiredSessionsCallback>b__12_0 - All session keys: 1.Expired session keys: 0.
2023-12-19 14:27:34,004 [.NET ThreadPool Worker] INFO  Redis <ClearExpiredSessionsCallback>b__12_0 - All session keys: 1.Expired session keys: 0.
2023-12-19 14:28:34,007 [.NET ThreadPool Worker] INFO  Redis <ClearExpiredSessionsCallback>b__12_0 - All session keys: 1.Expired session keys: 0.
2023-12-19 14:29:34,009 [.NET ThreadPool Worker] INFO  Redis <ClearExpiredSessionsCallback>b__12_0 - All session keys: 1.Expired session keys: 0.
2023-12-19 14:30:34,016 [.NET ThreadPool Worker] INFO  Redis <ClearExpiredSessionsCallback>b__12_0 - All session keys: 1.Expired session keys: 0.
2023-12-19 14:31:34,021 [.NET ThreadPool Worker] INFO  Redis <ClearExpiredSessionsCallback>b__12_0 - All session keys: 1.Expired session keys: 0.
2023-12-19 14:32:34,026 [.NET ThreadPool Worker] INFO  Redis <ClearExpiredSessionsCallback>b__12_0 - All session keys: 1.Expired session keys: 0.
2023-12-19 14:33:34,029 [.NET ThreadPool Worker] INFO  Redis <ClearExpiredSessionsCallback>b__12_0 - All session keys: 1.Expired session keys: 0.
2023-12-19 14:34:34,031 [.NET ThreadPool Worker] INFO  Redis <ClearExpiredSessionsCallback>b__12_0 - All session keys: 1.Expired session keys: 0.
2023-12-19 14:35:34,037 [.NET ThreadPool Worker] INFO  Redis <ClearExpiredSessionsCallback>b__12_0 - All session keys: 1.Expired session keys: 0.
2023-12-19 14:36:34,041 [.NET ThreadPool Worker] INFO  Redis <ClearExpiredSessionsCallback>b__12_0 - All session keys: 1.Expired session keys: 0.
2023-12-19 14:37:34,045 [.NET ThreadPool Worker] INFO  Redis <ClearExpiredSessionsCallback>b__12_0 - All session keys: 1.Expired session keys: 0.
2023-12-19 14:38:34,050 [.NET ThreadPool Worker] INFO  Redis <ClearExpiredSessionsCallback>b__12_0 - All session keys: 1.Expired session keys: 0.
2023-12-19 14:39:34,056 [.NET ThreadPool Worker] INFO  Redis <ClearExpiredSessionsCallback>b__12_0 - All session keys: 1.Expired session keys: 0.
2023-12-19 14:40:34,057 [.NET ThreadPool Worker] INFO  Redis <ClearExpiredSessionsCallback>b__12_0 - All session keys: 1.Expired session keys: 0.
2023-12-19 14:41:34,059 [.NET ThreadPool Worker] INFO  Redis <ClearExpiredSessionsCallback>b__12_0 - All session keys: 1.Expired session keys: 1.
2023-12-19 14:42:34,168 [.NET ThreadPool Worker] INFO  Redis <ClearExpiredSessionsCallback>b__12_0 - All session keys: 0.Expired session keys: 0.
2023-12-19 14:43:34,173 [.NET ThreadPool Worker] INFO  Redis <ClearExpiredSessionsCallback>b__12_0 - All session keys: 0.Expired session keys: 0.
2023-12-19 14:44:34,173 [.NET ThreadPool Worker] INFO  Redis <ClearExpiredSessionsCallback>b__12_0 - All session keys: 0.Expired session keys: 0.
2023-12-19 14:45:34,178 [.NET ThreadPool Worker] INFO  Redis <ClearExpiredSessionsCallback>b__12_0 - All session keys: 0.Expired session keys: 0.
2023-12-19 14:46:34,185 [.NET ThreadPool Worker] INFO  Redis <ClearExpiredSessionsCallback>b__12_0 - All session keys: 0.Expired session keys: 0.
2023-12-19 14:47:34,188 [.NET ThreadPool Worker] INFO  Redis <ClearExpiredSessionsCallback>b__12_0 - All session keys: 0.Expired session keys: 0.
2023-12-19 14:48:34,187 [.NET ThreadPool Worker] INFO  Redis <ClearExpiredSessionsCallback>b__12_0 - All session keys: 0.Expired session keys: 0.
2023-12-19 14:49:34,190 [.NET ThreadPool Worker] INFO  Redis <ClearExpiredSessionsCallback>b__12_0 - All session keys: 0.Expired session keys: 0.
2023-12-19 14:50:34,192 [.NET ThreadPool Worker] INFO  Redis <ClearExpiredSessionsCallback>b__12_0 - All session keys: 0.Expired session keys: 0.
2023-12-19 14:51:34,193 [.NET ThreadPool Worker] INFO  Redis <ClearExpiredSessionsCallback>b__12_0 - All session keys: 0.Expired session keys: 0.
2023-12-19 14:52:34,197 [.NET ThreadPool Worker] INFO  Redis <ClearExpiredSessionsCallback>b__12_0 - All session keys: 0.Expired session keys: 0.
2023-12-19 14:53:34,197 [.NET ThreadPool Worker] INFO  Redis <ClearExpiredSessionsCallback>b__12_0 - All session keys: 0.Expired session keys: 0.
2023-12-19 14:54:34,200 [.NET ThreadPool Worker] INFO  Redis <ClearExpiredSessionsCallback>b__12_0 - All session keys: 0.Expired session keys: 0.
2023-12-19 14:55:34,206 [.NET ThreadPool Worker] INFO  Redis <ClearExpiredSessionsCallback>b__12_0 - All session keys: 0.Expired session keys: 0.
2023-12-19 14:56:34,208 [.NET ThreadPool Worker] INFO  Redis <ClearExpiredSessionsCallback>b__12_0 - All session keys: 0.Expired session keys: 0.
2023-12-19 14:57:34,211 [.NET ThreadPool Worker] INFO  Redis <ClearExpiredSessionsCallback>b__12_0 - All session keys: 0.Expired session keys: 0.
2023-12-19 14:58:34,213 [.NET ThreadPool Worker] INFO  Redis <ClearExpiredSessionsCallback>b__12_0 - All session keys: 0.Expired session keys: 0.
2023-12-19 14:59:34,219 [.NET ThreadPool Worker] INFO  Redis <ClearExpiredSessionsCallback>b__12_0 - All session keys: 0.Expired session keys: 0.
2023-12-19 15:00:34,224 [.NET ThreadPool Worker] INFO  Redis <ClearExpiredSessionsCallback>b__12_0 - All session keys: 0.Expired session keys: 0.
2023-12-19 15:01:34,228 [.NET ThreadPool Worker] INFO  Redis <ClearExpiredSessionsCallback>b__12_0 - All session keys: 0.Expired session keys: 0.
2023-12-19 15:02:34,229 [.NET ThreadPool Worker] INFO  Redis <ClearExpiredSessionsCallback>b__12_0 - All session keys: 0.Expired session keys: 0.
2023-12-19 15:03:34,236 [.NET ThreadPool Worker] INFO  Redis <ClearExpiredSessionsCallback>b__12_0 - All session keys: 0.Expired session keys: 0.
2023-12-19 15:04:34,235 [.NET ThreadPool Worker] INFO  Redis <ClearExpiredSessionsCallback>b__12_0 - All session keys: 0.Expired session keys: 0.
2023-12-19 15:05:34,239 [.NET ThreadPool Worker] INFO  Redis <ClearExpiredSessionsCallback>b__12_0 - All session keys: 0.Expired session keys: 0.
2023-12-19 15:06:34,241 [.NET ThreadPool Worker] INFO  Redis <ClearExpiredSessionsCallback>b__12_0 - All session keys: 0.Expired session keys: 0.
2023-12-19 15:07:34,247 [.NET ThreadPool Worker] INFO  Redis <ClearExpiredSessionsCallback>b__12_0 - All session keys: 0.Expired session keys: 0.
2023-12-19 15:08:34,251 [.NET ThreadPool Worker] INFO  Redis <ClearExpiredSessionsCallback>b__12_0 - All session keys: 1.Expired session keys: 0.
2023-12-19 15:09:34,252 [.NET ThreadPool Worker] INFO  Redis <ClearExpiredSessionsCallback>b__12_0 - All session keys: 1.Expired session keys: 0.
2023-12-19 15:10:34,256 [.NET ThreadPool Worker] INFO  Redis <ClearExpiredSessionsCallback>b__12_0 - All session keys: 1.Expired session keys: 0.
2023-12-19 15:11:34,257 [.NET ThreadPool Worker] INFO  Redis <ClearExpiredSessionsCallback>b__12_0 - All session keys: 1.Expired session keys: 0.
2023-12-19 15:12:34,264 [.NET ThreadPool Worker] INFO  Redis <ClearExpiredSessionsCallback>b__12_0 - All session keys: 1.Expired session keys: 0.
2023-12-19 15:13:34,269 [.NET ThreadPool Worker] INFO  Redis <ClearExpiredSessionsCallback>b__12_0 - All session keys: 1.Expired session keys: 0.
2023-12-19 15:14:34,268 [.NET ThreadPool Worker] INFO  Redis <ClearExpiredSessionsCallback>b__12_0 - All session keys: 1.Expired session keys: 0.
2023-12-19 15:15:34,273 [.NET ThreadPool Worker] INFO  Redis <ClearExpiredSessionsCallback>b__12_0 - All session keys: 1.Expired session keys: 0.
2023-12-19 15:16:34,281 [.NET ThreadPool Worker] INFO  Redis <ClearExpiredSessionsCallback>b__12_0 - All session keys: 1.Expired session keys: 0.
2023-12-19 15:17:34,288 [.NET ThreadPool Worker] INFO  Redis <ClearExpiredSessionsCallback>b__12_0 - All session keys: 1.Expired session keys: 0.
2023-12-19 15:18:34,285 [.NET ThreadPool Worker] INFO  Redis <ClearExpiredSessionsCallback>b__12_0 - All session keys: 1.Expired session keys: 0.
2023-12-19 15:19:34,288 [.NET ThreadPool Worker] INFO  Redis <ClearExpiredSessionsCallback>b__12_0 - All session keys: 1.Expired session keys: 0.
2023-12-19 15:20:34,291 [.NET ThreadPool Worker] INFO  Redis <ClearExpiredSessionsCallback>b__12_0 - All session keys: 1.Expired session keys: 0.
2023-12-19 15:21:34,294 [.NET ThreadPool Worker] INFO  Redis <ClearExpiredSessionsCallback>b__12_0 - All session keys: 1.Expired session keys: 0.
2023-12-19 15:22:34,299 [.NET ThreadPool Worker] INFO  Redis <ClearExpiredSessionsCallback>b__12_0 - All session keys: 1.Expired session keys: 0.
2023-12-19 15:23:34,306 [.NET ThreadPool Worker] INFO  Redis <ClearExpiredSessionsCallback>b__12_0 - All session keys: 1.Expired session keys: 0.
2023-12-19 15:24:34,313 [.NET ThreadPool Worker] INFO  Redis <ClearExpiredSessionsCallback>b__12_0 - All session keys: 1.Expired session keys: 0.
2023-12-19 15:25:34,314 [.NET ThreadPool Worker] INFO  Redis <ClearExpiredSessionsCallback>b__12_0 - All session keys: 1.Expired session keys: 0.
2023-12-19 15:26:34,320 [.NET ThreadPool Worker] INFO  Redis <ClearExpiredSessionsCallback>b__12_0 - All session keys: 1.Expired session keys: 0.
2023-12-19 15:27:34,324 [.NET ThreadPool Worker] INFO  Redis <ClearExpiredSessionsCallback>b__12_0 - All session keys: 1.Expired session keys: 0.
2023-12-19 15:28:34,325 [.NET ThreadPool Worker] INFO  Redis <ClearExpiredSessionsCallback>b__12_0 - All session keys: 1.Expired session keys: 0.
2023-12-19 15:29:34,333 [.NET ThreadPool Worker] INFO  Redis <ClearExpiredSessionsCallback>b__12_0 - All session keys: 1.Expired session keys: 0.
2023-12-19 15:30:34,339 [.NET ThreadPool Worker] INFO  Redis <ClearExpiredSessionsCallback>b__12_0 - All session keys: 1.Expired session keys: 0.
2023-12-19 15:31:34,340 [.NET ThreadPool Worker] INFO  Redis <ClearExpiredSessionsCallback>b__12_0 - All session keys: 1.Expired session keys: 0.
2023-12-19 15:32:34,343 [.NET ThreadPool Worker] INFO  Redis <ClearExpiredSessionsCallback>b__12_0 - All session keys: 1.Expired session keys: 0.
2023-12-19 15:33:34,347 [.NET ThreadPool Worker] INFO  Redis <ClearExpiredSessionsCallback>b__12_0 - All session keys: 1.Expired session keys: 0.
2023-12-19 15:34:34,351 [.NET ThreadPool Worker] INFO  Redis <ClearExpiredSessionsCallback>b__12_0 - All session keys: 1.Expired session keys: 0.
2023-12-19 15:35:34,353 [.NET ThreadPool Worker] INFO  Redis <ClearExpiredSessionsCallback>b__12_0 - All session keys: 1.Expired session keys: 0.
2023-12-19 15:36:34,361 [.NET ThreadPool Worker] INFO  Redis <ClearExpiredSessionsCallback>b__12_0 - All session keys: 1.Expired session keys: 0.
2023-12-19 15:37:34,368 [.NET ThreadPool Worker] INFO  Redis <ClearExpiredSessionsCallback>b__12_0 - All session keys: 1.Expired session keys: 0.
2023-12-19 15:38:34,367 [.NET ThreadPool Worker] INFO  Redis <ClearExpiredSessionsCallback>b__12_0 - All session keys: 1.Expired session keys: 0.
2023-12-19 15:39:34,371 [.NET ThreadPool Worker] INFO  Redis <ClearExpiredSessionsCallback>b__12_0 - All session keys: 1.Expired session keys: 0.
2023-12-19 15:40:34,377 [.NET ThreadPool Worker] INFO  Redis <ClearExpiredSessionsCallback>b__12_0 - All session keys: 1.Expired session keys: 0.
2023-12-19 15:41:34,383 [.NET ThreadPool Worker] INFO  Redis <ClearExpiredSessionsCallback>b__12_0 - All session keys: 1.Expired session keys: 0.
2023-12-19 15:42:34,383 [.NET ThreadPool Worker] INFO  Redis <ClearExpiredSessionsCallback>b__12_0 - All session keys: 1.Expired session keys: 0.
2023-12-19 15:43:34,389 [.NET ThreadPool Worker] INFO  Redis <ClearExpiredSessionsCallback>b__12_0 - All session keys: 1.Expired session keys: 0.
2023-12-19 15:44:34,397 [.NET ThreadPool Worker] INFO  Redis <ClearExpiredSessionsCallback>b__12_0 - All session keys: 1.Expired session keys: 0.
2023-12-19 15:45:34,401 [.NET ThreadPool Worker] INFO  Redis <ClearExpiredSessionsCallback>b__12_0 - All session keys: 1.Expired session keys: 0.
2023-12-19 15:46:34,399 [.NET ThreadPool Worker] INFO  Redis <ClearExpiredSessionsCallback>b__12_0 - All session keys: 1.Expired session keys: 0.
2023-12-19 15:47:34,405 [.NET ThreadPool Worker] INFO  Redis <ClearExpiredSessionsCallback>b__12_0 - All session keys: 1.Expired session keys: 0.
2023-12-19 15:48:34,412 [.NET ThreadPool Worker] INFO  Redis <ClearExpiredSessionsCallback>b__12_0 - All session keys: 1.Expired session keys: 0.
2023-12-19 15:49:34,417 [.NET ThreadPool Worker] INFO  Redis <ClearExpiredSessionsCallback>b__12_0 - All session keys: 1.Expired session keys: 0.
2023-12-19 15:50:34,414 [.NET ThreadPool Worker] INFO  Redis <ClearExpiredSessionsCallback>b__12_0 - All session keys: 1.Expired session keys: 0.
2023-12-19 15:51:34,418 [.NET ThreadPool Worker] INFO  Redis <ClearExpiredSessionsCallback>b__12_0 - All session keys: 1.Expired session keys: 0.
2023-12-19 15:52:34,422 [.NET ThreadPool Worker] INFO  Redis <ClearExpiredSessionsCallback>b__12_0 - All session keys: 1.Expired session keys: 0.
2023-12-19 15:53:34,426 [.NET ThreadPool Worker] INFO  Redis <ClearExpiredSessionsCallback>b__12_0 - All session keys: 1.Expired session keys: 0.
2023-12-19 15:54:11,081 [1] INFO  Redis CreateRedisClientsManager - Redis clients manager is created with type: [Terrasoft.Redis.StackExchangeAdapters.RedisClientsManagerAdapter, Terrasoft.Redis.StackExchangeAdapters]
2023-12-19 15:54:22,793 [1] INFO  Redis StartCheckExpiredSessionsTimer - Expired sessions cleanup will occur every [60000] ms.
2023-12-19 15:55:22,817 [.NET ThreadPool Worker] INFO  Redis <ClearExpiredSessionsCallback>b__12_0 - All session keys: 1.Expired session keys: 0.
2023-12-19 15:56:22,828 [.NET ThreadPool Worker] INFO  Redis <ClearExpiredSessionsCallback>b__12_0 - All session keys: 1.Expired session keys: 0.
2023-12-19 15:57:22,831 [.NET ThreadPool Worker] INFO  Redis <ClearExpiredSessionsCallback>b__12_0 - All session keys: 1.Expired session keys: 0.
2023-12-19 15:58:22,833 [.NET ThreadPool Worker] INFO  Redis <ClearExpiredSessionsCallback>b__12_0 - All session keys: 1.Expired session keys: 0.
2023-12-19 15:59:22,841 [.NET ThreadPool Worker] INFO  Redis <ClearExpiredSessionsCallback>b__12_0 - All session keys: 1.Expired session keys: 0.
2023-12-19 16:00:22,845 [.NET ThreadPool Worker] INFO  Redis <ClearExpiredSessionsCallback>b__12_0 - All session keys: 1.Expired session keys: 0.
2023-12-19 16:01:22,852 [.NET ThreadPool Worker] INFO  Redis <ClearExpiredSessionsCallback>b__12_0 - All session keys: 1.Expired session keys: 0.
2023-12-19 16:02:22,857 [.NET ThreadPool Worker] INFO  Redis <ClearExpiredSessionsCallback>b__12_0 - All session keys: 1.Expired session keys: 0.
2023-12-19 16:03:22,861 [.NET ThreadPool Worker] INFO  Redis <ClearExpiredSessionsCallback>b__12_0 - All session keys: 1.Expired session keys: 0.
2023-12-19 16:04:22,870 [.NET ThreadPool Worker] INFO  Redis <ClearExpiredSessionsCallback>b__12_0 - All session keys: 1.Expired session keys: 0.
2023-12-19 16:05:22,874 [.NET ThreadPool Worker] INFO  Redis <ClearExpiredSessionsCallback>b__12_0 - All session keys: 1.Expired session keys: 0.
2023-12-19 16:06:22,881 [.NET ThreadPool Worker] INFO  Redis <ClearExpiredSessionsCallback>b__12_0 - All session keys: 1.Expired session keys: 0.
2023-12-19 16:07:22,879 [.NET ThreadPool Worker] INFO  Redis <ClearExpiredSessionsCallback>b__12_0 - All session keys: 1.Expired session keys: 0.
2023-12-19 16:08:22,885 [.NET ThreadPool Worker] INFO  Redis <ClearExpiredSessionsCallback>b__12_0 - All session keys: 1.Expired session keys: 0.
2023-12-19 16:09:22,891 [.NET ThreadPool Worker] INFO  Redis <ClearExpiredSessionsCallback>b__12_0 - All session keys: 1.Expired session keys: 0.
2023-12-19 16:10:22,894 [.NET ThreadPool Worker] INFO  Redis <ClearExpiredSessionsCallback>b__12_0 - All session keys: 1.Expired session keys: 0.
2023-12-19 16:11:22,900 [.NET ThreadPool Worker] INFO  Redis <ClearExpiredSessionsCallback>b__12_0 - All session keys: 1.Expired session keys: 0.
2023-12-19 16:12:22,899 [.NET ThreadPool Worker] INFO  Redis <ClearExpiredSessionsCallback>b__12_0 - All session keys: 1.Expired session keys: 0.
2023-12-19 16:13:22,905 [.NET ThreadPool Worker] INFO  Redis <ClearExpiredSessionsCallback>b__12_0 - All session keys: 1.Expired session keys: 0.
2023-12-19 16:14:22,908 [.NET ThreadPool Worker] INFO  Redis <ClearExpiredSessionsCallback>b__12_0 - All session keys: 1.Expired session keys: 0.
2023-12-19 16:15:22,911 [.NET ThreadPool Worker] INFO  Redis <ClearExpiredSessionsCallback>b__12_0 - All session keys: 1.Expired session keys: 0.
2023-12-19 16:16:22,912 [.NET ThreadPool Worker] INFO  Redis <ClearExpiredSessionsCallback>b__12_0 - All session keys: 1.Expired session keys: 0.
2023-12-19 16:17:22,917 [.NET ThreadPool Worker] INFO  Redis <ClearExpiredSessionsCallback>b__12_0 - All session keys: 1.Expired session keys: 0.
2023-12-19 16:18:22,921 [.NET ThreadPool Worker] INFO  Redis <ClearExpiredSessionsCallback>b__12_0 - All session keys: 1.Expired session keys: 0.
2023-12-19 16:19:22,925 [.NET ThreadPool Worker] INFO  Redis <ClearExpiredSessionsCallback>b__12_0 - All session keys: 1.Expired session keys: 0.
2023-12-19 16:20:22,925 [.NET ThreadPool Worker] INFO  Redis <ClearExpiredSessionsCallback>b__12_0 - All session keys: 1.Expired session keys: 0.
2023-12-19 16:21:22,933 [.NET ThreadPool Worker] INFO  Redis <ClearExpiredSessionsCallback>b__12_0 - All session keys: 1.Expired session keys: 0.
2023-12-19 16:22:22,938 [.NET ThreadPool Worker] INFO  Redis <ClearExpiredSessionsCallback>b__12_0 - All session keys: 1.Expired session keys: 0.
2023-12-19 16:23:22,944 [.NET ThreadPool Worker] INFO  Redis <ClearExpiredSessionsCallback>b__12_0 - All session keys: 1.Expired session keys: 0.
2023-12-19 16:24:22,949 [.NET ThreadPool Worker] INFO  Redis <ClearExpiredSessionsCallback>b__12_0 - All session keys: 1.Expired session keys: 0.
2023-12-19 16:25:22,949 [.NET ThreadPool Worker] INFO  Redis <ClearExpiredSessionsCallback>b__12_0 - All session keys: 1.Expired session keys: 0.
2023-12-19 16:26:22,952 [.NET ThreadPool Worker] INFO  Redis <ClearExpiredSessionsCallback>b__12_0 - All session keys: 1.Expired session keys: 0.
2023-12-19 16:27:22,957 [.NET ThreadPool Worker] INFO  Redis <ClearExpiredSessionsCallback>b__12_0 - All session keys: 1.Expired session keys: 0.
2023-12-19 16:28:22,961 [.NET ThreadPool Worker] INFO  Redis <ClearExpiredSessionsCallback>b__12_0 - All session keys: 1.Expired session keys: 0.
2023-12-19 16:29:22,963 [.NET ThreadPool Worker] INFO  Redis <ClearExpiredSessionsCallback>b__12_0 - All session keys: 1.Expired session keys: 0.
2023-12-19 16:30:22,968 [.NET ThreadPool Worker] INFO  Redis <ClearExpiredSessionsCallback>b__12_0 - All session keys: 1.Expired session keys: 0.
2023-12-19 16:31:22,969 [.NET ThreadPool Worker] INFO  Redis <ClearExpiredSessionsCallback>b__12_0 - All session keys: 1.Expired session keys: 0.
2023-12-19 16:32:22,973 [.NET ThreadPool Worker] INFO  Redis <ClearExpiredSessionsCallback>b__12_0 - All session keys: 1.Expired session keys: 0.
2023-12-19 16:33:22,981 [.NET ThreadPool Worker] INFO  Redis <ClearExpiredSessionsCallback>b__12_0 - All session keys: 1.Expired session keys: 0.
2023-12-19 16:34:22,985 [.NET ThreadPool Worker] INFO  Redis <ClearExpiredSessionsCallback>b__12_0 - All session keys: 1.Expired session keys: 0.
2023-12-19 16:35:22,993 [.NET ThreadPool Worker] INFO  Redis <ClearExpiredSessionsCallback>b__12_0 - All session keys: 1.Expired session keys: 0.
2023-12-19 16:36:22,996 [.NET ThreadPool Worker] INFO  Redis <ClearExpiredSessionsCallback>b__12_0 - All session keys: 1.Expired session keys: 0.
2023-12-19 16:37:22,995 [.NET ThreadPool Worker] INFO  Redis <ClearExpiredSessionsCallback>b__12_0 - All session keys: 1.Expired session keys: 0.
2023-12-19 16:38:22,996 [.NET ThreadPool Worker] INFO  Redis <ClearExpiredSessionsCallback>b__12_0 - All session keys: 1.Expired session keys: 0.
2023-12-19 16:39:22,999 [.NET ThreadPool Worker] INFO  Redis <ClearExpiredSessionsCallback>b__12_0 - All session keys: 1.Expired session keys: 0.
2023-12-19 16:40:22,999 [.NET ThreadPool Worker] INFO  Redis <ClearExpiredSessionsCallback>b__12_0 - All session keys: 1.Expired session keys: 0.
2023-12-19 16:41:23,005 [.NET ThreadPool Worker] INFO  Redis <ClearExpiredSessionsCallback>b__12_0 - All session keys: 1.Expired session keys: 0.
2023-12-19 16:42:23,008 [.NET ThreadPool Worker] INFO  Redis <ClearExpiredSessionsCallback>b__12_0 - All session keys: 1.Expired session keys: 0.
2023-12-19 16:43:23,011 [.NET ThreadPool Worker] INFO  Redis <ClearExpiredSessionsCallback>b__12_0 - All session keys: 1.Expired session keys: 0.
2023-12-19 16:44:23,012 [.NET ThreadPool Worker] INFO  Redis <ClearExpiredSessionsCallback>b__12_0 - All session keys: 1.Expired session keys: 0.
2023-12-19 16:45:23,017 [.NET ThreadPool Worker] INFO  Redis <ClearExpiredSessionsCallback>b__12_0 - All session keys: 1.Expired session keys: 0.
2023-12-19 16:46:23,021 [.NET ThreadPool Worker] INFO  Redis <ClearExpiredSessionsCallback>b__12_0 - All session keys: 1.Expired session keys: 0.
2023-12-19 16:47:23,026 [.NET ThreadPool Worker] INFO  Redis <ClearExpiredSessionsCallback>b__12_0 - All session keys: 1.Expired session keys: 0.
2023-12-19 16:48:23,033 [.NET ThreadPool Worker] INFO  Redis <ClearExpiredSessionsCallback>b__12_0 - All session keys: 1.Expired session keys: 0.
2023-12-19 16:49:23,037 [.NET ThreadPool Worker] INFO  Redis <ClearExpiredSessionsCallback>b__12_0 - All session keys: 1.Expired session keys: 0.
2023-12-19 16:50:23,040 [.NET ThreadPool Worker] INFO  Redis <ClearExpiredSessionsCallback>b__12_0 - All session keys: 1.Expired session keys: 0.
2023-12-19 16:51:23,041 [.NET ThreadPool Worker] INFO  Redis <ClearExpiredSessionsCallback>b__12_0 - All session keys: 1.Expired session keys: 0.
2023-12-19 16:52:23,045 [.NET ThreadPool Worker] INFO  Redis <ClearExpiredSessionsCallback>b__12_0 - All session keys: 1.Expired session keys: 0.
2023-12-19 16:53:23,049 [.NET ThreadPool Worker] INFO  Redis <ClearExpiredSessionsCallback>b__12_0 - All session keys: 1.Expired session keys: 0.
2023-12-19 16:54:23,052 [.NET ThreadPool Worker] INFO  Redis <ClearExpiredSessionsCallback>b__12_0 - All session keys: 1.Expired session keys: 0.
2023-12-19 16:55:23,056 [.NET ThreadPool Worker] INFO  Redis <ClearExpiredSessionsCallback>b__12_0 - All session keys: 1.Expired session keys: 0.
2023-12-19 16:56:23,057 [.NET ThreadPool Worker] INFO  Redis <ClearExpiredSessionsCallback>b__12_0 - All session keys: 1.Expired session keys: 0.
2023-12-19 16:57:23,065 [.NET ThreadPool Worker] INFO  Redis <ClearExpiredSessionsCallback>b__12_0 - All session keys: 1.Expired session keys: 0.
2023-12-19 16:58:23,073 [.NET ThreadPool Worker] INFO  Redis <ClearExpiredSessionsCallback>b__12_0 - All session keys: 1.Expired session keys: 0.
2023-12-19 16:59:23,073 [.NET ThreadPool Worker] INFO  Redis <ClearExpiredSessionsCallback>b__12_0 - All session keys: 1.Expired session keys: 0.
2023-12-19 17:00:23,077 [.NET ThreadPool Worker] INFO  Redis <ClearExpiredSessionsCallback>b__12_0 - All session keys: 1.Expired session keys: 0.
2023-12-19 17:01:23,083 [.NET ThreadPool Worker] INFO  Redis <ClearExpiredSessionsCallback>b__12_0 - All session keys: 1.Expired session keys: 0.
2023-12-19 17:02:23,085 [.NET ThreadPool Worker] INFO  Redis <ClearExpiredSessionsCallback>b__12_0 - All session keys: 1.Expired session keys: 0.
2023-12-19 17:03:23,093 [.NET ThreadPool Worker] INFO  Redis <ClearExpiredSessionsCallback>b__12_0 - All session keys: 1.Expired session keys: 0.
2023-12-19 17:04:23,096 [.NET ThreadPool Worker] INFO  Redis <ClearExpiredSessionsCallback>b__12_0 - All session keys: 1.Expired session keys: 0.
2023-12-19 17:05:23,099 [.NET ThreadPool Worker] INFO  Redis <ClearExpiredSessionsCallback>b__12_0 - All session keys: 1.Expired session keys: 0.
2023-12-19 17:06:23,102 [.NET ThreadPool Worker] INFO  Redis <ClearExpiredSessionsCallback>b__12_0 - All session keys: 1.Expired session keys: 0.
2023-12-19 17:07:23,109 [.NET ThreadPool Worker] INFO  Redis <ClearExpiredSessionsCallback>b__12_0 - All session keys: 1.Expired session keys: 0.
2023-12-19 17:08:23,112 [.NET ThreadPool Worker] INFO  Redis <ClearExpiredSessionsCallback>b__12_0 - All session keys: 1.Expired session keys: 0.
2023-12-19 17:09:23,116 [.NET ThreadPool Worker] INFO  Redis <ClearExpiredSessionsCallback>b__12_0 - All session keys: 1.Expired session keys: 0.
2023-12-19 17:10:23,121 [.NET ThreadPool Worker] INFO  Redis <ClearExpiredSessionsCallback>b__12_0 - All session keys: 1.Expired session keys: 0.
2023-12-19 17:11:23,125 [.NET ThreadPool Worker] INFO  Redis <ClearExpiredSessionsCallback>b__12_0 - All session keys: 1.Expired session keys: 0.
2023-12-19 17:12:23,128 [.NET ThreadPool Worker] INFO  Redis <ClearExpiredSessionsCallback>b__12_0 - All session keys: 1.Expired session keys: 0.
2023-12-19 17:13:23,130 [.NET ThreadPool Worker] INFO  Redis <ClearExpiredSessionsCallback>b__12_0 - All session keys: 1.Expired session keys: 0.
2023-12-19 17:14:23,136 [.NET ThreadPool Worker] INFO  Redis <ClearExpiredSessionsCallback>b__12_0 - All session keys: 1.Expired session keys: 0.
2023-12-19 17:15:23,140 [.NET ThreadPool Worker] INFO  Redis <ClearExpiredSessionsCallback>b__12_0 - All session keys: 1.Expired session keys: 0.
2023-12-19 17:16:23,142 [.NET ThreadPool Worker] INFO  Redis <ClearExpiredSessionsCallback>b__12_0 - All session keys: 1.Expired session keys: 0.
2023-12-19 17:17:23,149 [.NET ThreadPool Worker] INFO  Redis <ClearExpiredSessionsCallback>b__12_0 - All session keys: 1.Expired session keys: 0.
2023-12-19 17:18:23,157 [.NET ThreadPool Worker] INFO  Redis <ClearExpiredSessionsCallback>b__12_0 - All session keys: 1.Expired session keys: 0.
2023-12-19 17:19:23,164 [.NET ThreadPool Worker] INFO  Redis <ClearExpiredSessionsCallback>b__12_0 - All session keys: 1.Expired session keys: 0.
2023-12-19 17:20:23,165 [.NET ThreadPool Worker] INFO  Redis <ClearExpiredSessionsCallback>b__12_0 - All session keys: 1.Expired session keys: 0.
2023-12-19 17:21:23,173 [.NET ThreadPool Worker] INFO  Redis <ClearExpiredSessionsCallback>b__12_0 - All session keys: 1.Expired session keys: 0.
2023-12-19 17:22:23,179 [.NET ThreadPool Worker] INFO  Redis <ClearExpiredSessionsCallback>b__12_0 - All session keys: 1.Expired session keys: 0.
2023-12-19 17:23:23,181 [.NET ThreadPool Worker] INFO  Redis <ClearExpiredSessionsCallback>b__12_0 - All session keys: 1.Expired session keys: 0.
2023-12-19 17:24:23,189 [.NET ThreadPool Worker] INFO  Redis <ClearExpiredSessionsCallback>b__12_0 - All session keys: 1.Expired session keys: 1.
2023-12-19 17:25:23,256 [.NET ThreadPool Worker] INFO  Redis <ClearExpiredSessionsCallback>b__12_0 - All session keys: 0.Expired session keys: 0.
2023-12-19 17:26:23,260 [.NET ThreadPool Worker] INFO  Redis <ClearExpiredSessionsCallback>b__12_0 - All session keys: 0.Expired session keys: 0.
2023-12-19 17:27:23,260 [.NET ThreadPool Worker] INFO  Redis <ClearExpiredSessionsCallback>b__12_0 - All session keys: 0.Expired session keys: 0.
2023-12-19 17:28:23,265 [.NET ThreadPool Worker] INFO  Redis <ClearExpiredSessionsCallback>b__12_0 - All session keys: 0.Expired session keys: 0.
2023-12-19 17:29:23,267 [.NET ThreadPool Worker] INFO  Redis <ClearExpiredSessionsCallback>b__12_0 - All session keys: 0.Expired session keys: 0.
2023-12-19 17:30:23,269 [.NET ThreadPool Worker] INFO  Redis <ClearExpiredSessionsCallback>b__12_0 - All session keys: 0.Expired session keys: 0.
2023-12-19 17:31:23,277 [.NET ThreadPool Worker] INFO  Redis <ClearExpiredSessionsCallback>b__12_0 - All session keys: 0.Expired session keys: 0.
2023-12-19 17:32:23,281 [.NET ThreadPool Worker] INFO  Redis <ClearExpiredSessionsCallback>b__12_0 - All session keys: 0.Expired session keys: 0.
2023-12-19 17:33:23,286 [.NET ThreadPool Worker] INFO  Redis <ClearExpiredSessionsCallback>b__12_0 - All session keys: 0.Expired session keys: 0.
2023-12-19 17:34:23,289 [.NET ThreadPool Worker] INFO  Redis <ClearExpiredSessionsCallback>b__12_0 - All session keys: 0.Expired session keys: 0.
2023-12-19 17:35:23,291 [.NET ThreadPool Worker] INFO  Redis <ClearExpiredSessionsCallback>b__12_0 - All session keys: 0.Expired session keys: 0.
2023-12-19 17:36:23,297 [.NET ThreadPool Worker] INFO  Redis <ClearExpiredSessionsCallback>b__12_0 - All session keys: 0.Expired session keys: 0.
2023-12-19 17:37:23,305 [.NET ThreadPool Worker] INFO  Redis <ClearExpiredSessionsCallback>b__12_0 - All session keys: 0.Expired session keys: 0.
2023-12-19 17:38:23,309 [.NET ThreadPool Worker] INFO  Redis <ClearExpiredSessionsCallback>b__12_0 - All session keys: 0.Expired session keys: 0.
2023-12-19 17:39:23,317 [.NET ThreadPool Worker] INFO  Redis <ClearExpiredSessionsCallback>b__12_0 - All session keys: 0.Expired session keys: 0.
2023-12-19 17:40:23,325 [.NET ThreadPool Worker] INFO  Redis <ClearExpiredSessionsCallback>b__12_0 - All session keys: 0.Expired session keys: 0.
2023-12-19 17:41:23,329 [.NET ThreadPool Worker] INFO  Redis <ClearExpiredSessionsCallback>b__12_0 - All session keys: 0.Expired session keys: 0.
2023-12-19 17:42:23,333 [.NET ThreadPool Worker] INFO  Redis <ClearExpiredSessionsCallback>b__12_0 - All session keys: 0.Expired session keys: 0.
2023-12-19 17:43:23,341 [.NET ThreadPool Worker] INFO  Redis <ClearExpiredSessionsCallback>b__12_0 - All session keys: 0.Expired session keys: 0.
2023-12-19 17:44:23,345 [.NET ThreadPool Worker] INFO  Redis <ClearExpiredSessionsCallback>b__12_0 - All session keys: 0.Expired session keys: 0.
2023-12-19 17:45:23,348 [.NET ThreadPool Worker] INFO  Redis <ClearExpiredSessionsCallback>b__12_0 - All session keys: 0.Expired session keys: 0.
2023-12-19 17:46:23,353 [.NET ThreadPool Worker] INFO  Redis <ClearExpiredSessionsCallback>b__12_0 - All session keys: 0.Expired session keys: 0.
2023-12-19 17:47:23,357 [.NET ThreadPool Worker] INFO  Redis <ClearExpiredSessionsCallback>b__12_0 - All session keys: 0.Expired session keys: 0.
2023-12-19 17:48:23,359 [.NET ThreadPool Worker] INFO  Redis <ClearExpiredSessionsCallback>b__12_0 - All session keys: 0.Expired session keys: 0.
2023-12-19 17:49:23,365 [.NET ThreadPool Worker] INFO  Redis <ClearExpiredSessionsCallback>b__12_0 - All session keys: 0.Expired session keys: 0.
2023-12-19 17:50:23,366 [.NET ThreadPool Worker] INFO  Redis <ClearExpiredSessionsCallback>b__12_0 - All session keys: 0.Expired session keys: 0.
2023-12-19 17:51:23,368 [.NET ThreadPool Worker] INFO  Redis <ClearExpiredSessionsCallback>b__12_0 - All session keys: 0.Expired session keys: 0.
2023-12-19 17:52:23,373 [.NET ThreadPool Worker] INFO  Redis <ClearExpiredSessionsCallback>b__12_0 - All session keys: 0.Expired session keys: 0.
2023-12-19 17:53:23,377 [.NET ThreadPool Worker] INFO  Redis <ClearExpiredSessionsCallback>b__12_0 - All session keys: 0.Expired session keys: 0.
2023-12-19 17:54:23,381 [.NET ThreadPool Worker] INFO  Redis <ClearExpiredSessionsCallback>b__12_0 - All session keys: 0.Expired session keys: 0.
2023-12-19 17:55:23,384 [.NET ThreadPool Worker] INFO  Redis <ClearExpiredSessionsCallback>b__12_0 - All session keys: 0.Expired session keys: 0.
2023-12-19 17:56:23,389 [.NET ThreadPool Worker] INFO  Redis <ClearExpiredSessionsCallback>b__12_0 - All session keys: 0.Expired session keys: 0.
2023-12-19 17:57:23,391 [.NET ThreadPool Worker] INFO  Redis <ClearExpiredSessionsCallback>b__12_0 - All session keys: 0.Expired session keys: 0.
2023-12-19 17:58:23,396 [.NET ThreadPool Worker] INFO  Redis <ClearExpiredSessionsCallback>b__12_0 - All session keys: 0.Expired session keys: 0.
2023-12-19 17:59:23,401 [.NET ThreadPool Worker] INFO  Redis <ClearExpiredSessionsCallback>b__12_0 - All session keys: 0.Expired session keys: 0.
2023-12-19 18:00:23,408 [.NET ThreadPool Worker] INFO  Redis <ClearExpiredSessionsCallback>b__12_0 - All session keys: 0.Expired session keys: 0.
2023-12-19 18:01:23,412 [.NET ThreadPool Worker] INFO  Redis <ClearExpiredSessionsCallback>b__12_0 - All session keys: 0.Expired session keys: 0.
2023-12-19 18:02:23,412 [.NET ThreadPool Worker] INFO  Redis <ClearExpiredSessionsCallback>b__12_0 - All session keys: 0.Expired session keys: 0.
2023-12-19 18:03:23,415 [.NET ThreadPool Worker] INFO  Redis <ClearExpiredSessionsCallback>b__12_0 - All session keys: 0.Expired session keys: 0.
2023-12-19 18:04:23,418 [.NET ThreadPool Worker] INFO  Redis <ClearExpiredSessionsCallback>b__12_0 - All session keys: 0.Expired session keys: 0.
2023-12-19 18:05:23,425 [.NET ThreadPool Worker] INFO  Redis <ClearExpiredSessionsCallback>b__12_0 - All session keys: 0.Expired session keys: 0.
2023-12-19 18:06:23,425 [.NET ThreadPool Worker] INFO  Redis <ClearExpiredSessionsCallback>b__12_0 - All session keys: 0.Expired session keys: 0.
2023-12-19 18:07:23,431 [.NET ThreadPool Worker] INFO  Redis <ClearExpiredSessionsCallback>b__12_0 - All session keys: 0.Expired session keys: 0.
2023-12-19 18:08:23,435 [.NET ThreadPool Worker] INFO  Redis <ClearExpiredSessionsCallback>b__12_0 - All session keys: 0.Expired session keys: 0.
2023-12-19 18:09:23,440 [.NET ThreadPool Worker] INFO  Redis <ClearExpiredSessionsCallback>b__12_0 - All session keys: 0.Expired session keys: 0.
2023-12-19 18:10:23,439 [.NET ThreadPool Worker] INFO  Redis <ClearExpiredSessionsCallback>b__12_0 - All session keys: 0.Expired session keys: 0.
2023-12-19 18:11:23,445 [.NET ThreadPool Worker] INFO  Redis <ClearExpiredSessionsCallback>b__12_0 - All session keys: 0.Expired session keys: 0.
2023-12-19 18:12:23,453 [.NET ThreadPool Worker] INFO  Redis <ClearExpiredSessionsCallback>b__12_0 - All session keys: 2.Expired session keys: 0.
2023-12-19 18:13:23,455 [.NET ThreadPool Worker] INFO  Redis <ClearExpiredSessionsCallback>b__12_0 - All session keys: 2.Expired session keys: 0.
2023-12-19 18:14:23,459 [.NET ThreadPool Worker] INFO  Redis <ClearExpiredSessionsCallback>b__12_0 - All session keys: 2.Expired session keys: 0.
2023-12-19 18:15:23,461 [.NET ThreadPool Worker] INFO  Redis <ClearExpiredSessionsCallback>b__12_0 - All session keys: 2.Expired session keys: 0.
2023-12-19 18:16:23,463 [.NET ThreadPool Worker] INFO  Redis <ClearExpiredSessionsCallback>b__12_0 - All session keys: 2.Expired session keys: 0.
2023-12-19 18:17:23,465 [.NET ThreadPool Worker] INFO  Redis <ClearExpiredSessionsCallback>b__12_0 - All session keys: 2.Expired session keys: 0.
2023-12-19 18:18:23,469 [.NET ThreadPool Worker] INFO  Redis <ClearExpiredSessionsCallback>b__12_0 - All session keys: 2.Expired session keys: 0.
2023-12-19 18:19:23,470 [.NET ThreadPool Worker] INFO  Redis <ClearExpiredSessionsCallback>b__12_0 - All session keys: 2.Expired session keys: 0.
2023-12-19 18:20:23,470 [.NET ThreadPool Worker] INFO  Redis <ClearExpiredSessionsCallback>b__12_0 - All session keys: 2.Expired session keys: 0.
2023-12-19 18:21:23,475 [.NET ThreadPool Worker] INFO  Redis <ClearExpiredSessionsCallback>b__12_0 - All session keys: 2.Expired session keys: 0.
2023-12-19 18:22:23,481 [.NET ThreadPool Worker] INFO  Redis <ClearExpiredSessionsCallback>b__12_0 - All session keys: 2.Expired session keys: 0.
2023-12-19 18:23:23,482 [.NET ThreadPool Worker] INFO  Redis <ClearExpiredSessionsCallback>b__12_0 - All session keys: 2.Expired session keys: 0.
2023-12-19 18:24:23,487 [.NET ThreadPool Worker] INFO  Redis <ClearExpiredSessionsCallback>b__12_0 - All session keys: 2.Expired session keys: 0.
2023-12-19 18:25:23,490 [.NET ThreadPool Worker] INFO  Redis <ClearExpiredSessionsCallback>b__12_0 - All session keys: 2.Expired session keys: 0.
2023-12-19 18:26:23,493 [.NET ThreadPool Worker] INFO  Redis <ClearExpiredSessionsCallback>b__12_0 - All session keys: 2.Expired session keys: 0.
2023-12-19 18:27:23,495 [.NET ThreadPool Worker] INFO  Redis <ClearExpiredSessionsCallback>b__12_0 - All session keys: 2.Expired session keys: 0.
2023-12-19 18:28:23,501 [.NET ThreadPool Worker] INFO  Redis <ClearExpiredSessionsCallback>b__12_0 - All session keys: 2.Expired session keys: 0.
2023-12-19 18:29:23,505 [.NET ThreadPool Worker] INFO  Redis <ClearExpiredSessionsCallback>b__12_0 - All session keys: 2.Expired session keys: 0.
2023-12-19 18:30:20,294 [1] INFO  Redis CreateRedisClientsManager - Redis clients manager is created with type: [Terrasoft.Redis.StackExchangeAdapters.RedisClientsManagerAdapter, Terrasoft.Redis.StackExchangeAdapters]
2023-12-19 18:30:32,062 [1] INFO  Redis StartCheckExpiredSessionsTimer - Expired sessions cleanup will occur every [60000] ms.
2023-12-19 18:31:32,076 [.NET ThreadPool Worker] INFO  Redis <ClearExpiredSessionsCallback>b__12_0 - All session keys: 2.Expired session keys: 0.
2023-12-19 18:32:32,083 [.NET ThreadPool Worker] INFO  Redis <ClearExpiredSessionsCallback>b__12_0 - All session keys: 2.Expired session keys: 0.
2023-12-19 18:33:32,088 [.NET ThreadPool Worker] INFO  Redis <ClearExpiredSessionsCallback>b__12_0 - All session keys: 2.Expired session keys: 0.
2023-12-19 18:33:41,052 [1] INFO  Redis CreateRedisClientsManager - Redis clients manager is created with type: [Terrasoft.Redis.StackExchangeAdapters.RedisClientsManagerAdapter, Terrasoft.Redis.StackExchangeAdapters]
2023-12-19 18:33:51,007 [1] INFO  Redis StartCheckExpiredSessionsTimer - Expired sessions cleanup will occur every [60000] ms.
2023-12-19 18:34:51,047 [.NET ThreadPool Worker] INFO  Redis <ClearExpiredSessionsCallback>b__12_0 - All session keys: 2.Expired session keys: 0.
2023-12-19 18:34:57,540 [1] INFO  Redis CreateRedisClientsManager - Redis clients manager is created with type: [Terrasoft.Redis.StackExchangeAdapters.RedisClientsManagerAdapter, Terrasoft.Redis.StackExchangeAdapters]
2023-12-19 18:35:08,206 [1] INFO  Redis StartCheckExpiredSessionsTimer - Expired sessions cleanup will occur every [60000] ms.
2023-12-19 18:36:08,222 [.NET ThreadPool Worker] INFO  Redis GetExpiredSessionKeys - All session keys: 2.Expired session keys: 0.
2023-12-19 18:37:08,223 [.NET ThreadPool Worker] INFO  Redis <ClearExpiredSessionsCallback>b__12_0 - All session keys: 2.Expired session keys: 0.
2023-12-19 18:38:08,227 [.NET ThreadPool Worker] INFO  Redis <ClearExpiredSessionsCallback>b__12_0 - All session keys: 2.Expired session keys: 0.
2023-12-19 18:39:08,231 [.NET ThreadPool Worker] INFO  Redis <ClearExpiredSessionsCallback>b__12_0 - All session keys: 2.Expired session keys: 0.
2023-12-19 18:40:08,235 [.NET ThreadPool Worker] INFO  Redis <ClearExpiredSessionsCallback>b__12_0 - All session keys: 2.Expired session keys: 0.
2023-12-19 18:41:08,235 [.NET ThreadPool Worker] INFO  Redis <ClearExpiredSessionsCallback>b__12_0 - All session keys: 2.Expired session keys: 0.
2023-12-19 18:42:08,238 [.NET ThreadPool Worker] INFO  Redis <ClearExpiredSessionsCallback>b__12_0 - All session keys: 2.Expired session keys: 0.
2023-12-19 18:43:08,243 [.NET ThreadPool Worker] INFO  Redis <ClearExpiredSessionsCallback>b__12_0 - All session keys: 2.Expired session keys: 0.
2023-12-19 18:44:08,249 [.NET ThreadPool Worker] INFO  Redis <ClearExpiredSessionsCallback>b__12_0 - All session keys: 2.Expired session keys: 0.
2023-12-19 18:45:08,253 [.NET ThreadPool Worker] INFO  Redis <ClearExpiredSessionsCallback>b__12_0 - All session keys: 2.Expired session keys: 0.
2023-12-19 18:46:08,256 [.NET ThreadPool Worker] INFO  Redis <ClearExpiredSessionsCallback>b__12_0 - All session keys: 2.Expired session keys: 0.
2023-12-19 18:47:08,259 [.NET ThreadPool Worker] INFO  Redis <ClearExpiredSessionsCallback>b__12_0 - All session keys: 2.Expired session keys: 0.
2023-12-19 18:50:29,811 [1] INFO  Redis CreateRedisClientsManager - Redis clients manager is created with type: [Terrasoft.Redis.StackExchangeAdapters.RedisClientsManagerAdapter, Terrasoft.Redis.StackExchangeAdapters]
2023-12-19 18:50:43,863 [1] INFO  Redis StartCheckExpiredSessionsTimer - Expired sessions cleanup will occur every [60000] ms.
2023-12-19 18:51:43,892 [.NET ThreadPool Worker] INFO  Redis <ClearExpiredSessionsCallback>b__12_0 - All session keys: 3.Expired session keys: 1.
2023-12-19 18:52:43,911 [.NET ThreadPool Worker] INFO  Redis <ClearExpiredSessionsCallback>b__12_0 - All session keys: 2.Expired session keys: 0.
2023-12-19 18:53:43,910 [.NET ThreadPool Worker] INFO  Redis <ClearExpiredSessionsCallback>b__12_0 - All session keys: 2.Expired session keys: 0.
2023-12-19 18:54:24,220 [1] INFO  Redis CreateRedisClientsManager - Redis clients manager is created with type: [Terrasoft.Redis.StackExchangeAdapters.RedisClientsManagerAdapter, Terrasoft.Redis.StackExchangeAdapters]
2023-12-19 18:54:35,288 [1] INFO  Redis StartCheckExpiredSessionsTimer - Expired sessions cleanup will occur every [60000] ms.
2023-12-19 18:55:35,311 [.NET ThreadPool Worker] INFO  Redis <ClearExpiredSessionsCallback>b__12_0 - All session keys: 2.Expired session keys: 0.
2023-12-19 18:56:35,323 [.NET ThreadPool Worker] INFO  Redis <ClearExpiredSessionsCallback>b__12_0 - All session keys: 2.Expired session keys: 0.
2023-12-19 18:57:35,324 [.NET ThreadPool Worker] INFO  Redis <ClearExpiredSessionsCallback>b__12_0 - All session keys: 2.Expired session keys: 0.
2023-12-19 18:58:35,328 [.NET ThreadPool Worker] INFO  Redis <ClearExpiredSessionsCallback>b__12_0 - All session keys: 2.Expired session keys: 0.
2023-12-19 18:59:35,335 [.NET ThreadPool Worker] INFO  Redis <ClearExpiredSessionsCallback>b__12_0 - All session keys: 2.Expired session keys: 0.
2023-12-19 19:00:35,337 [.NET ThreadPool Worker] INFO  Redis <ClearExpiredSessionsCallback>b__12_0 - All session keys: 2.Expired session keys: 0.
2023-12-19 19:01:35,344 [.NET ThreadPool Worker] INFO  Redis <ClearExpiredSessionsCallback>b__12_0 - All session keys: 2.Expired session keys: 0.
2023-12-19 19:02:35,349 [.NET ThreadPool Worker] INFO  Redis <ClearExpiredSessionsCallback>b__12_0 - All session keys: 2.Expired session keys: 0.
2023-12-19 19:03:35,354 [.NET ThreadPool Worker] INFO  Redis <ClearExpiredSessionsCallback>b__12_0 - All session keys: 2.Expired session keys: 0.
2023-12-19 19:04:35,360 [.NET ThreadPool Worker] INFO  Redis <ClearExpiredSessionsCallback>b__12_0 - All session keys: 2.Expired session keys: 0.
2023-12-19 19:05:35,364 [.NET ThreadPool Worker] INFO  Redis <ClearExpiredSessionsCallback>b__12_0 - All session keys: 2.Expired session keys: 0.
2023-12-19 19:06:35,369 [.NET ThreadPool Worker] INFO  Redis <ClearExpiredSessionsCallback>b__12_0 - All session keys: 2.Expired session keys: 0.
2023-12-19 19:07:35,370 [.NET ThreadPool Worker] INFO  Redis <ClearExpiredSessionsCallback>b__12_0 - All session keys: 2.Expired session keys: 0.
2023-12-19 19:08:35,376 [.NET ThreadPool Worker] INFO  Redis <ClearExpiredSessionsCallback>b__12_0 - All session keys: 2.Expired session keys: 0.
2023-12-19 19:09:35,380 [.NET ThreadPool Worker] INFO  Redis <ClearExpiredSessionsCallback>b__12_0 - All session keys: 2.Expired session keys: 0.
2023-12-19 19:10:35,383 [.NET ThreadPool Worker] INFO  Redis <ClearExpiredSessionsCallback>b__12_0 - All session keys: 2.Expired session keys: 0.
2023-12-19 19:11:19,249 [1] INFO  Redis CreateRedisClientsManager - Redis clients manager is created with type: [Terrasoft.Redis.StackExchangeAdapters.RedisClientsManagerAdapter, Terrasoft.Redis.StackExchangeAdapters]
2023-12-19 19:11:30,290 [1] INFO  Redis StartCheckExpiredSessionsTimer - Expired sessions cleanup will occur every [60000] ms.
2023-12-19 19:12:30,336 [.NET ThreadPool Worker] INFO  Redis GetExpiredSessionKeys - All session keys: 2.Expired session keys: 1.
2023-12-19 19:13:30,416 [.NET ThreadPool Worker] INFO  Redis <ClearExpiredSessionsCallback>b__12_0 - All session keys: 1.Expired session keys: 0.
2023-12-19 19:14:30,419 [.NET ThreadPool Worker] INFO  Redis <ClearExpiredSessionsCallback>b__12_0 - All session keys: 1.Expired session keys: 0.
2023-12-19 19:15:30,420 [.NET ThreadPool Worker] INFO  Redis <ClearExpiredSessionsCallback>b__12_0 - All session keys: 1.Expired session keys: 0.
2023-12-19 19:16:30,426 [.NET ThreadPool Worker] INFO  Redis <ClearExpiredSessionsCallback>b__12_0 - All session keys: 1.Expired session keys: 0.
2023-12-19 19:17:30,432 [.NET ThreadPool Worker] INFO  Redis <ClearExpiredSessionsCallback>b__12_0 - All session keys: 1.Expired session keys: 0.
2023-12-19 19:18:30,434 [.NET ThreadPool Worker] INFO  Redis <ClearExpiredSessionsCallback>b__12_0 - All session keys: 1.Expired session keys: 0.
2023-12-19 19:19:30,441 [.NET ThreadPool Worker] INFO  Redis <ClearExpiredSessionsCallback>b__12_0 - All session keys: 1.Expired session keys: 0.
2023-12-19 19:20:30,444 [.NET ThreadPool Worker] INFO  Redis <ClearExpiredSessionsCallback>b__12_0 - All session keys: 1.Expired session keys: 0.
2023-12-19 19:21:30,451 [.NET ThreadPool Worker] INFO  Redis <ClearExpiredSessionsCallback>b__12_0 - All session keys: 1.Expired session keys: 0.
2023-12-19 19:22:30,457 [.NET ThreadPool Worker] INFO  Redis <ClearExpiredSessionsCallback>b__12_0 - All session keys: 1.Expired session keys: 0.
2023-12-19 19:23:30,460 [.NET ThreadPool Worker] INFO  Redis <ClearExpiredSessionsCallback>b__12_0 - All session keys: 1.Expired session keys: 0.
2023-12-19 19:24:30,464 [.NET ThreadPool Worker] INFO  Redis <ClearExpiredSessionsCallback>b__12_0 - All session keys: 1.Expired session keys: 0.
2023-12-19 19:25:30,468 [.NET ThreadPool Worker] INFO  Redis <ClearExpiredSessionsCallback>b__12_0 - All session keys: 1.Expired session keys: 0.
2023-12-19 19:26:30,471 [.NET ThreadPool Worker] INFO  Redis <ClearExpiredSessionsCallback>b__12_0 - All session keys: 1.Expired session keys: 0.
2023-12-19 19:27:30,473 [.NET ThreadPool Worker] INFO  Redis <ClearExpiredSessionsCallback>b__12_0 - All session keys: 1.Expired session keys: 0.
2023-12-19 19:28:30,477 [.NET ThreadPool Worker] INFO  Redis <ClearExpiredSessionsCallback>b__12_0 - All session keys: 1.Expired session keys: 0.
2023-12-19 19:29:30,480 [.NET ThreadPool Worker] INFO  Redis <ClearExpiredSessionsCallback>b__12_0 - All session keys: 1.Expired session keys: 0.
2023-12-19 19:30:30,484 [.NET ThreadPool Worker] INFO  Redis <ClearExpiredSessionsCallback>b__12_0 - All session keys: 1.Expired session keys: 0.
2023-12-19 19:31:30,488 [.NET ThreadPool Worker] INFO  Redis <ClearExpiredSessionsCallback>b__12_0 - All session keys: 1.Expired session keys: 0.
2023-12-19 19:32:30,492 [.NET ThreadPool Worker] INFO  Redis <ClearExpiredSessionsCallback>b__12_0 - All session keys: 1.Expired session keys: 0.
2023-12-19 19:33:30,496 [.NET ThreadPool Worker] INFO  Redis <ClearExpiredSessionsCallback>b__12_0 - All session keys: 1.Expired session keys: 0.
2023-12-19 19:34:30,505 [.NET ThreadPool Worker] INFO  Redis <ClearExpiredSessionsCallback>b__12_0 - All session keys: 1.Expired session keys: 0.
2023-12-19 19:35:30,512 [.NET ThreadPool Worker] INFO  Redis <ClearExpiredSessionsCallback>b__12_0 - All session keys: 1.Expired session keys: 0.
2023-12-19 19:36:30,516 [.NET ThreadPool Worker] INFO  Redis <ClearExpiredSessionsCallback>b__12_0 - All session keys: 1.Expired session keys: 0.
2023-12-19 19:37:30,524 [.NET ThreadPool Worker] INFO  Redis <ClearExpiredSessionsCallback>b__12_0 - All session keys: 1.Expired session keys: 0.
2023-12-19 19:38:30,527 [.NET ThreadPool Worker] INFO  Redis <ClearExpiredSessionsCallback>b__12_0 - All session keys: 1.Expired session keys: 0.
2023-12-19 19:39:30,528 [.NET ThreadPool Worker] INFO  Redis <ClearExpiredSessionsCallback>b__12_0 - All session keys: 1.Expired session keys: 0.
2023-12-19 19:40:30,536 [.NET ThreadPool Worker] INFO  Redis <ClearExpiredSessionsCallback>b__12_0 - All session keys: 1.Expired session keys: 0.
2023-12-19 19:41:30,543 [.NET ThreadPool Worker] INFO  Redis <ClearExpiredSessionsCallback>b__12_0 - All session keys: 1.Expired session keys: 0.
2023-12-19 19:42:30,547 [.NET ThreadPool Worker] INFO  Redis <ClearExpiredSessionsCallback>b__12_0 - All session keys: 1.Expired session keys: 0.
2023-12-19 19:43:30,547 [.NET ThreadPool Worker] INFO  Redis <ClearExpiredSessionsCallback>b__12_0 - All session keys: 1.Expired session keys: 0.
2023-12-19 19:44:30,552 [.NET ThreadPool Worker] INFO  Redis <ClearExpiredSessionsCallback>b__12_0 - All session keys: 1.Expired session keys: 0.
2023-12-19 19:45:30,560 [.NET ThreadPool Worker] INFO  Redis <ClearExpiredSessionsCallback>b__12_0 - All session keys: 1.Expired session keys: 0.
2023-12-19 19:46:30,568 [.NET ThreadPool Worker] INFO  Redis <ClearExpiredSessionsCallback>b__12_0 - All session keys: 1.Expired session keys: 0.
2023-12-19 19:47:30,571 [.NET ThreadPool Worker] INFO  Redis <ClearExpiredSessionsCallback>b__12_0 - All session keys: 1.Expired session keys: 0.
2023-12-19 19:48:30,576 [.NET ThreadPool Worker] INFO  Redis <ClearExpiredSessionsCallback>b__12_0 - All session keys: 1.Expired session keys: 0.
2023-12-19 19:49:30,584 [.NET ThreadPool Worker] INFO  Redis <ClearExpiredSessionsCallback>b__12_0 - All session keys: 1.Expired session keys: 0.
2023-12-19 19:50:30,591 [.NET ThreadPool Worker] INFO  Redis <ClearExpiredSessionsCallback>b__12_0 - All session keys: 1.Expired session keys: 0.
2023-12-19 19:51:30,591 [.NET ThreadPool Worker] INFO  Redis <ClearExpiredSessionsCallback>b__12_0 - All session keys: 1.Expired session keys: 0.
2023-12-19 19:52:30,596 [.NET ThreadPool Worker] INFO  Redis <ClearExpiredSessionsCallback>b__12_0 - All session keys: 1.Expired session keys: 0.
2023-12-19 19:53:30,604 [.NET ThreadPool Worker] INFO  Redis <ClearExpiredSessionsCallback>b__12_0 - All session keys: 1.Expired session keys: 0.
2023-12-19 19:54:30,608 [.NET ThreadPool Worker] INFO  Redis <ClearExpiredSessionsCallback>b__12_0 - All session keys: 1.Expired session keys: 0.
2023-12-19 19:55:30,615 [.NET ThreadPool Worker] INFO  Redis <ClearExpiredSessionsCallback>b__12_0 - All session keys: 1.Expired session keys: 0.
2023-12-19 19:56:30,619 [.NET ThreadPool Worker] INFO  Redis <ClearExpiredSessionsCallback>b__12_0 - All session keys: 1.Expired session keys: 0.
2023-12-19 19:57:30,623 [.NET ThreadPool Worker] INFO  Redis <ClearExpiredSessionsCallback>b__12_0 - All session keys: 1.Expired session keys: 0.
2023-12-19 19:58:30,624 [.NET ThreadPool Worker] INFO  Redis <ClearExpiredSessionsCallback>b__12_0 - All session keys: 1.Expired session keys: 0.
2023-12-19 19:59:30,623 [.NET ThreadPool Worker] INFO  Redis <ClearExpiredSessionsCallback>b__12_0 - All session keys: 1.Expired session keys: 0.
2023-12-19 20:00:30,624 [.NET ThreadPool Worker] INFO  Redis <ClearExpiredSessionsCallback>b__12_0 - All session keys: 1.Expired session keys: 0.
2023-12-19 20:01:30,622 [.NET ThreadPool Worker] INFO  Redis <ClearExpiredSessionsCallback>b__12_0 - All session keys: 1.Expired session keys: 0.
2023-12-19 20:02:30,623 [.NET ThreadPool Worker] INFO  Redis <ClearExpiredSessionsCallback>b__12_0 - All session keys: 1.Expired session keys: 0.
2023-12-19 20:03:30,622 [.NET ThreadPool Worker] INFO  Redis <ClearExpiredSessionsCallback>b__12_0 - All session keys: 1.Expired session keys: 0.
2023-12-19 20:04:30,628 [.NET ThreadPool Worker] INFO  Redis <ClearExpiredSessionsCallback>b__12_0 - All session keys: 1.Expired session keys: 0.
2023-12-19 20:05:30,632 [.NET ThreadPool Worker] INFO  Redis <ClearExpiredSessionsCallback>b__12_0 - All session keys: 1.Expired session keys: 0.
2023-12-19 20:06:30,639 [.NET ThreadPool Worker] INFO  Redis <ClearExpiredSessionsCallback>b__12_0 - All session keys: 1.Expired session keys: 0.
2023-12-19 20:07:30,644 [.NET ThreadPool Worker] INFO  Redis <ClearExpiredSessionsCallback>b__12_0 - All session keys: 1.Expired session keys: 0.
2023-12-19 20:08:30,648 [.NET ThreadPool Worker] INFO  Redis <ClearExpiredSessionsCallback>b__12_0 - All session keys: 1.Expired session keys: 0.
2023-12-19 20:09:30,651 [.NET ThreadPool Worker] INFO  Redis <ClearExpiredSessionsCallback>b__12_0 - All session keys: 1.Expired session keys: 0.
2023-12-19 20:10:30,655 [.NET ThreadPool Worker] INFO  Redis <ClearExpiredSessionsCallback>b__12_0 - All session keys: 1.Expired session keys: 0.
2023-12-19 20:11:30,659 [.NET ThreadPool Worker] INFO  Redis <ClearExpiredSessionsCallback>b__12_0 - All session keys: 1.Expired session keys: 1.
2023-12-19 20:12:30,676 [.NET ThreadPool Worker] INFO  Redis <ClearExpiredSessionsCallback>b__12_0 - All session keys: 0.Expired session keys: 0.
2023-12-19 20:13:30,679 [.NET ThreadPool Worker] INFO  Redis <ClearExpiredSessionsCallback>b__12_0 - All session keys: 0.Expired session keys: 0.
2023-12-19 20:14:30,682 [.NET ThreadPool Worker] INFO  Redis <ClearExpiredSessionsCallback>b__12_0 - All session keys: 0.Expired session keys: 0.
2023-12-19 20:15:30,683 [.NET ThreadPool Worker] INFO  Redis <ClearExpiredSessionsCallback>b__12_0 - All session keys: 0.Expired session keys: 0.
2023-12-19 20:16:30,685 [.NET ThreadPool Worker] INFO  Redis <ClearExpiredSessionsCallback>b__12_0 - All session keys: 0.Expired session keys: 0.
2023-12-19 20:17:30,690 [.NET ThreadPool Worker] INFO  Redis <ClearExpiredSessionsCallback>b__12_0 - All session keys: 0.Expired session keys: 0.
2023-12-19 20:18:30,690 [.NET ThreadPool Worker] INFO  Redis <ClearExpiredSessionsCallback>b__12_0 - All session keys: 0.Expired session keys: 0.
2023-12-19 20:19:30,694 [.NET ThreadPool Worker] INFO  Redis <ClearExpiredSessionsCallback>b__12_0 - All session keys: 0.Expired session keys: 0.
2023-12-19 20:20:30,698 [.NET ThreadPool Worker] INFO  Redis <ClearExpiredSessionsCallback>b__12_0 - All session keys: 1.Expired session keys: 0.
2023-12-19 20:21:30,704 [.NET ThreadPool Worker] INFO  Redis <ClearExpiredSessionsCallback>b__12_0 - All session keys: 1.Expired session keys: 0.
2023-12-19 20:22:30,707 [.NET ThreadPool Worker] INFO  Redis <ClearExpiredSessionsCallback>b__12_0 - All session keys: 1.Expired session keys: 0.
2023-12-19 20:23:30,710 [.NET ThreadPool Worker] INFO  Redis <ClearExpiredSessionsCallback>b__12_0 - All session keys: 1.Expired session keys: 0.
2023-12-19 20:24:30,714 [.NET ThreadPool Worker] INFO  Redis <ClearExpiredSessionsCallback>b__12_0 - All session keys: 1.Expired session keys: 0.
2023-12-19 20:25:30,719 [.NET ThreadPool Worker] INFO  Redis <ClearExpiredSessionsCallback>b__12_0 - All session keys: 1.Expired session keys: 0.
2023-12-19 20:26:30,718 [.NET ThreadPool Worker] INFO  Redis <ClearExpiredSessionsCallback>b__12_0 - All session keys: 1.Expired session keys: 0.
2023-12-19 20:27:30,721 [.NET ThreadPool Worker] INFO  Redis <ClearExpiredSessionsCallback>b__12_0 - All session keys: 1.Expired session keys: 0.
2023-12-19 20:28:30,728 [.NET ThreadPool Worker] INFO  Redis <ClearExpiredSessionsCallback>b__12_0 - All session keys: 1.Expired session keys: 0.
2023-12-19 20:29:30,736 [.NET ThreadPool Worker] INFO  Redis <ClearExpiredSessionsCallback>b__12_0 - All session keys: 1.Expired session keys: 0.
2023-12-19 20:30:30,739 [.NET ThreadPool Worker] INFO  Redis <ClearExpiredSessionsCallback>b__12_0 - All session keys: 1.Expired session keys: 0.
2023-12-19 20:31:30,742 [.NET ThreadPool Worker] INFO  Redis <ClearExpiredSessionsCallback>b__12_0 - All session keys: 1.Expired session keys: 0.
2023-12-19 20:32:30,748 [.NET ThreadPool Worker] INFO  Redis <ClearExpiredSessionsCallback>b__12_0 - All session keys: 1.Expired session keys: 0.
2023-12-19 20:33:30,754 [.NET ThreadPool Worker] INFO  Redis <ClearExpiredSessionsCallback>b__12_0 - All session keys: 1.Expired session keys: 0.
2023-12-19 20:34:30,754 [.NET ThreadPool Worker] INFO  Redis <ClearExpiredSessionsCallback>b__12_0 - All session keys: 1.Expired session keys: 0.
2023-12-19 20:35:30,757 [.NET ThreadPool Worker] INFO  Redis <ClearExpiredSessionsCallback>b__12_0 - All session keys: 1.Expired session keys: 0.
2023-12-19 20:36:30,758 [.NET ThreadPool Worker] INFO  Redis <ClearExpiredSessionsCallback>b__12_0 - All session keys: 1.Expired session keys: 0.
2023-12-19 20:37:19,215 [.NET ThreadPool Worker] WARN  Redis ConnectionFailedEventHandler - ConnectionFailed: EndPoint [Unspecified/localhost:6379] ConnectionType [Interactive] FailureType [UnableToConnect]
StackExchange.Redis.RedisConnectionException: UnableToConnect on localhost:6379/Interactive, Initializing/NotStarted, last: HGET, origin: BeginConnectAsync, outstanding: 0, last-read: 0s ago, last-write: 0s ago, keep-alive: 60s, state: Connecting, mgr: 6 of 10 available, last-heartbeat: never, last-mbeat: 0s ago, global: 0s ago, v: 2.6.122.38350
2023-12-19 20:37:19,215 [.NET ThreadPool Worker] WARN  Redis ConnectionFailedEventHandler - ConnectionFailed: EndPoint [Unspecified/localhost:6379] ConnectionType [Subscription] FailureType [UnableToConnect]
StackExchange.Redis.RedisConnectionException: UnableToConnect on localhost:6379/Subscription, Initializing/NotStarted, last: PING, origin: BeginConnectAsync, outstanding: 0, last-read: 0s ago, last-write: 0s ago, keep-alive: 60s, state: Connecting, mgr: 6 of 10 available, last-heartbeat: never, last-mbeat: 0s ago, global: 0s ago, v: 2.6.122.38350
2023-12-19 20:37:19,215 [.NET ThreadPool Worker] WARN  Redis TryReconfigureMultiplexer - Recreate multiplexer...
2023-12-19 20:37:19,239 [.NET ThreadPool Worker] WARN  Redis ConfigurationChangedEventHandler - ConfigurationChanged: EndPoint [Unspecified/localhost:6379]
