2023-11-27 18:36:07,110 [.NET ThreadPool Worker] ERROR  MatomoConnector Synchronize - MatomoConnector.MatomoDataSyncManager.Synchronize. Exception. 
MatomoConnector.API.AuthException: Unable to send request because URL or API_KEY is incorrect.
   at MatomoConnector.API.BaseModule.SendRequest[T](String method, ParametersCollection parameters, Int32 offset)
   at MatomoConnector.API.SitesManagerModule.GetAllSites()
   at MatomoConnector.API.MatomoService.GetAllSites()
   at Terrasoft.Configuration.MatomoServiceFacade.GetSiteIds(IEnumerable`1 urls)
   at Terrasoft.Configuration.MatomoDataSyncManager.GetSiteIds(List`1 visitors)
   at Terrasoft.Configuration.MatomoDataSyncManager.Synchronize()
2023-11-27 18:36:07,146 [.NET ThreadPool Worker] ERROR  TouchPoints FireOnMessageDequeuedEvent - Message processing error. Message: {"$type":"Terrasoft.Configuration.MatomoSyncDataMessage, CrtMatomoConnector","Type":2,"RequiresDeduplication":true}.
MatomoConnector.API.AuthException: Unable to send request because URL or API_KEY is incorrect.
   at MatomoConnector.API.BaseModule.SendRequest[T](String method, ParametersCollection parameters, Int32 offset)
   at MatomoConnector.API.SitesManagerModule.GetAllSites()
   at MatomoConnector.API.MatomoService.GetAllSites()
   at Terrasoft.Configuration.MatomoServiceFacade.GetSiteIds(IEnumerable`1 urls)
   at Terrasoft.Configuration.MatomoDataSyncManager.GetSiteIds(List`1 visitors)
   at Terrasoft.Configuration.MatomoDataSyncManager.Synchronize()
   at Terrasoft.Configuration.MatomoTouchQueueMessageProcessor.<InitStrategy>b__9_2(TouchQueueMessage baseMessage)
   at Terrasoft.Configuration.BaseTouchQueueMessageProcessor.ProcessMessage(BaseTaskQueueMessage message)
   at Terrasoft.Configuration.BaseQueueMessageProcessor.Process(BaseTaskQueueMessage message)
   at Terrasoft.Configuration.TouchQueueMessageProcessor.InternalProcess(TouchQueueMessage message)
   at Terrasoft.Configuration.TouchQueueMessageProcessor.Process(TouchQueueMessage message)
   at Terrasoft.Configuration.TouchQueueJobDispatcher.OnMessageDequeued(Object sender, TouchQueueMessage message)
   at Terrasoft.Configuration.BaseTaskQueueManager`1.FireOnMessageDequeuedEvent(T message)
   at Terrasoft.Configuration.TouchQueueManager.FireOnMessageDequeuedEvent(TouchQueueMessage message)
2023-11-27 18:36:07,146 [.NET ThreadPool Worker] ERROR  TouchPoints Execute - TouchQueueJobDispatcher failed to execute job.
MatomoConnector.API.AuthException: Unable to send request because URL or API_KEY is incorrect.
   at MatomoConnector.API.BaseModule.SendRequest[T](String method, ParametersCollection parameters, Int32 offset)
   at MatomoConnector.API.SitesManagerModule.GetAllSites()
   at MatomoConnector.API.MatomoService.GetAllSites()
   at Terrasoft.Configuration.MatomoServiceFacade.GetSiteIds(IEnumerable`1 urls)
   at Terrasoft.Configuration.MatomoDataSyncManager.GetSiteIds(List`1 visitors)
   at Terrasoft.Configuration.MatomoDataSyncManager.Synchronize()
   at Terrasoft.Configuration.MatomoTouchQueueMessageProcessor.<InitStrategy>b__9_2(TouchQueueMessage baseMessage)
   at Terrasoft.Configuration.BaseTouchQueueMessageProcessor.ProcessMessage(BaseTaskQueueMessage message)
   at Terrasoft.Configuration.BaseQueueMessageProcessor.Process(BaseTaskQueueMessage message)
   at Terrasoft.Configuration.TouchQueueMessageProcessor.InternalProcess(TouchQueueMessage message)
   at Terrasoft.Configuration.TouchQueueMessageProcessor.Process(TouchQueueMessage message)
   at Terrasoft.Configuration.TouchQueueJobDispatcher.OnMessageDequeued(Object sender, TouchQueueMessage message)
   at Terrasoft.Configuration.BaseTaskQueueManager`1.FireOnMessageDequeuedEvent(T message)
   at Terrasoft.Configuration.TouchQueueManager.FireOnMessageDequeuedEvent(TouchQueueMessage message)
   at Terrasoft.Configuration.BaseTaskQueueManager`1.InternalDequeue(IEnumerable`1 messageTypes)
   at Terrasoft.Configuration.BaseTaskQueueManager`1.Dequeue()
   at Terrasoft.Configuration.TouchQueueJobDispatcher.InternalExecute()
   at Terrasoft.Configuration.BaseQueueJobDispatcher.Execute(UserConnection userConnection, IDictionary`2 parameters)
2023-11-27 18:37:06,916 [.NET ThreadPool Worker] ERROR  MatomoConnector Synchronize - MatomoConnector.MatomoDataSyncManager.Synchronize. Exception. 
MatomoConnector.API.AuthException: Unable to send request because URL or API_KEY is incorrect.
   at MatomoConnector.API.BaseModule.SendRequest[T](String method, ParametersCollection parameters, Int32 offset)
   at MatomoConnector.API.SitesManagerModule.GetAllSites()
   at MatomoConnector.API.MatomoService.GetAllSites()
   at Terrasoft.Configuration.MatomoServiceFacade.GetSiteIds(IEnumerable`1 urls)
   at Terrasoft.Configuration.MatomoDataSyncManager.GetSiteIds(List`1 visitors)
   at Terrasoft.Configuration.MatomoDataSyncManager.Synchronize()
2023-11-27 18:37:06,919 [.NET ThreadPool Worker] ERROR  TouchPoints FireOnMessageDequeuedEvent - Message processing error. Message: {"$type":"Terrasoft.Configuration.MatomoSyncDataMessage, CrtMatomoConnector","Type":2,"RequiresDeduplication":true}.
MatomoConnector.API.AuthException: Unable to send request because URL or API_KEY is incorrect.
   at MatomoConnector.API.BaseModule.SendRequest[T](String method, ParametersCollection parameters, Int32 offset)
   at MatomoConnector.API.SitesManagerModule.GetAllSites()
   at MatomoConnector.API.MatomoService.GetAllSites()
   at Terrasoft.Configuration.MatomoServiceFacade.GetSiteIds(IEnumerable`1 urls)
   at Terrasoft.Configuration.MatomoDataSyncManager.GetSiteIds(List`1 visitors)
   at Terrasoft.Configuration.MatomoDataSyncManager.Synchronize()
   at Terrasoft.Configuration.MatomoTouchQueueMessageProcessor.<InitStrategy>b__9_2(TouchQueueMessage baseMessage)
   at Terrasoft.Configuration.BaseTouchQueueMessageProcessor.ProcessMessage(BaseTaskQueueMessage message)
   at Terrasoft.Configuration.BaseQueueMessageProcessor.Process(BaseTaskQueueMessage message)
   at Terrasoft.Configuration.TouchQueueMessageProcessor.InternalProcess(TouchQueueMessage message)
   at Terrasoft.Configuration.TouchQueueMessageProcessor.Process(TouchQueueMessage message)
   at Terrasoft.Configuration.TouchQueueJobDispatcher.OnMessageDequeued(Object sender, TouchQueueMessage message)
   at Terrasoft.Configuration.BaseTaskQueueManager`1.FireOnMessageDequeuedEvent(T message)
   at Terrasoft.Configuration.TouchQueueManager.FireOnMessageDequeuedEvent(TouchQueueMessage message)
2023-11-27 18:37:06,919 [.NET ThreadPool Worker] ERROR  TouchPoints Execute - TouchQueueJobDispatcher failed to execute job.
MatomoConnector.API.AuthException: Unable to send request because URL or API_KEY is incorrect.
   at MatomoConnector.API.BaseModule.SendRequest[T](String method, ParametersCollection parameters, Int32 offset)
   at MatomoConnector.API.SitesManagerModule.GetAllSites()
   at MatomoConnector.API.MatomoService.GetAllSites()
   at Terrasoft.Configuration.MatomoServiceFacade.GetSiteIds(IEnumerable`1 urls)
   at Terrasoft.Configuration.MatomoDataSyncManager.GetSiteIds(List`1 visitors)
   at Terrasoft.Configuration.MatomoDataSyncManager.Synchronize()
   at Terrasoft.Configuration.MatomoTouchQueueMessageProcessor.<InitStrategy>b__9_2(TouchQueueMessage baseMessage)
   at Terrasoft.Configuration.BaseTouchQueueMessageProcessor.ProcessMessage(BaseTaskQueueMessage message)
   at Terrasoft.Configuration.BaseQueueMessageProcessor.Process(BaseTaskQueueMessage message)
   at Terrasoft.Configuration.TouchQueueMessageProcessor.InternalProcess(TouchQueueMessage message)
   at Terrasoft.Configuration.TouchQueueMessageProcessor.Process(TouchQueueMessage message)
   at Terrasoft.Configuration.TouchQueueJobDispatcher.OnMessageDequeued(Object sender, TouchQueueMessage message)
   at Terrasoft.Configuration.BaseTaskQueueManager`1.FireOnMessageDequeuedEvent(T message)
   at Terrasoft.Configuration.TouchQueueManager.FireOnMessageDequeuedEvent(TouchQueueMessage message)
   at Terrasoft.Configuration.BaseTaskQueueManager`1.InternalDequeue(IEnumerable`1 messageTypes)
   at Terrasoft.Configuration.BaseTaskQueueManager`1.Dequeue()
   at Terrasoft.Configuration.TouchQueueJobDispatcher.InternalExecute()
   at Terrasoft.Configuration.BaseQueueJobDispatcher.Execute(UserConnection userConnection, IDictionary`2 parameters)
2023-11-27 18:38:06,919 [.NET ThreadPool Worker] ERROR  MatomoConnector Synchronize - MatomoConnector.MatomoDataSyncManager.Synchronize. Exception. 
MatomoConnector.API.AuthException: Unable to send request because URL or API_KEY is incorrect.
   at MatomoConnector.API.BaseModule.SendRequest[T](String method, ParametersCollection parameters, Int32 offset)
   at MatomoConnector.API.SitesManagerModule.GetAllSites()
   at MatomoConnector.API.MatomoService.GetAllSites()
   at Terrasoft.Configuration.MatomoServiceFacade.GetSiteIds(IEnumerable`1 urls)
   at Terrasoft.Configuration.MatomoDataSyncManager.GetSiteIds(List`1 visitors)
   at Terrasoft.Configuration.MatomoDataSyncManager.Synchronize()
2023-11-27 18:38:06,922 [.NET ThreadPool Worker] ERROR  TouchPoints FireOnMessageDequeuedEvent - Message processing error. Message: {"$type":"Terrasoft.Configuration.MatomoSyncDataMessage, CrtMatomoConnector","Type":2,"RequiresDeduplication":true}.
MatomoConnector.API.AuthException: Unable to send request because URL or API_KEY is incorrect.
   at MatomoConnector.API.BaseModule.SendRequest[T](String method, ParametersCollection parameters, Int32 offset)
   at MatomoConnector.API.SitesManagerModule.GetAllSites()
   at MatomoConnector.API.MatomoService.GetAllSites()
   at Terrasoft.Configuration.MatomoServiceFacade.GetSiteIds(IEnumerable`1 urls)
   at Terrasoft.Configuration.MatomoDataSyncManager.GetSiteIds(List`1 visitors)
   at Terrasoft.Configuration.MatomoDataSyncManager.Synchronize()
   at Terrasoft.Configuration.MatomoTouchQueueMessageProcessor.<InitStrategy>b__9_2(TouchQueueMessage baseMessage)
   at Terrasoft.Configuration.BaseTouchQueueMessageProcessor.ProcessMessage(BaseTaskQueueMessage message)
   at Terrasoft.Configuration.BaseQueueMessageProcessor.Process(BaseTaskQueueMessage message)
   at Terrasoft.Configuration.TouchQueueMessageProcessor.InternalProcess(TouchQueueMessage message)
   at Terrasoft.Configuration.TouchQueueMessageProcessor.Process(TouchQueueMessage message)
   at Terrasoft.Configuration.TouchQueueJobDispatcher.OnMessageDequeued(Object sender, TouchQueueMessage message)
   at Terrasoft.Configuration.BaseTaskQueueManager`1.FireOnMessageDequeuedEvent(T message)
   at Terrasoft.Configuration.TouchQueueManager.FireOnMessageDequeuedEvent(TouchQueueMessage message)
2023-11-27 18:38:06,922 [.NET ThreadPool Worker] ERROR  TouchPoints Execute - TouchQueueJobDispatcher failed to execute job.
MatomoConnector.API.AuthException: Unable to send request because URL or API_KEY is incorrect.
   at MatomoConnector.API.BaseModule.SendRequest[T](String method, ParametersCollection parameters, Int32 offset)
   at MatomoConnector.API.SitesManagerModule.GetAllSites()
   at MatomoConnector.API.MatomoService.GetAllSites()
   at Terrasoft.Configuration.MatomoServiceFacade.GetSiteIds(IEnumerable`1 urls)
   at Terrasoft.Configuration.MatomoDataSyncManager.GetSiteIds(List`1 visitors)
   at Terrasoft.Configuration.MatomoDataSyncManager.Synchronize()
   at Terrasoft.Configuration.MatomoTouchQueueMessageProcessor.<InitStrategy>b__9_2(TouchQueueMessage baseMessage)
   at Terrasoft.Configuration.BaseTouchQueueMessageProcessor.ProcessMessage(BaseTaskQueueMessage message)
   at Terrasoft.Configuration.BaseQueueMessageProcessor.Process(BaseTaskQueueMessage message)
   at Terrasoft.Configuration.TouchQueueMessageProcessor.InternalProcess(TouchQueueMessage message)
   at Terrasoft.Configuration.TouchQueueMessageProcessor.Process(TouchQueueMessage message)
   at Terrasoft.Configuration.TouchQueueJobDispatcher.OnMessageDequeued(Object sender, TouchQueueMessage message)
   at Terrasoft.Configuration.BaseTaskQueueManager`1.FireOnMessageDequeuedEvent(T message)
   at Terrasoft.Configuration.TouchQueueManager.FireOnMessageDequeuedEvent(TouchQueueMessage message)
   at Terrasoft.Configuration.BaseTaskQueueManager`1.InternalDequeue(IEnumerable`1 messageTypes)
   at Terrasoft.Configuration.BaseTaskQueueManager`1.Dequeue()
   at Terrasoft.Configuration.TouchQueueJobDispatcher.InternalExecute()
   at Terrasoft.Configuration.BaseQueueJobDispatcher.Execute(UserConnection userConnection, IDictionary`2 parameters)
2023-11-27 18:39:06,925 [.NET ThreadPool Worker] ERROR  MatomoConnector Synchronize - MatomoConnector.MatomoDataSyncManager.Synchronize. Exception. 
MatomoConnector.API.AuthException: Unable to send request because URL or API_KEY is incorrect.
   at MatomoConnector.API.BaseModule.SendRequest[T](String method, ParametersCollection parameters, Int32 offset)
   at MatomoConnector.API.SitesManagerModule.GetAllSites()
   at MatomoConnector.API.MatomoService.GetAllSites()
   at Terrasoft.Configuration.MatomoServiceFacade.GetSiteIds(IEnumerable`1 urls)
   at Terrasoft.Configuration.MatomoDataSyncManager.GetSiteIds(List`1 visitors)
   at Terrasoft.Configuration.MatomoDataSyncManager.Synchronize()
2023-11-27 18:39:06,930 [.NET ThreadPool Worker] ERROR  TouchPoints FireOnMessageDequeuedEvent - Message processing error. Message: {"$type":"Terrasoft.Configuration.MatomoSyncDataMessage, CrtMatomoConnector","Type":2,"RequiresDeduplication":true}.
MatomoConnector.API.AuthException: Unable to send request because URL or API_KEY is incorrect.
   at MatomoConnector.API.BaseModule.SendRequest[T](String method, ParametersCollection parameters, Int32 offset)
   at MatomoConnector.API.SitesManagerModule.GetAllSites()
   at MatomoConnector.API.MatomoService.GetAllSites()
   at Terrasoft.Configuration.MatomoServiceFacade.GetSiteIds(IEnumerable`1 urls)
   at Terrasoft.Configuration.MatomoDataSyncManager.GetSiteIds(List`1 visitors)
   at Terrasoft.Configuration.MatomoDataSyncManager.Synchronize()
   at Terrasoft.Configuration.MatomoTouchQueueMessageProcessor.<InitStrategy>b__9_2(TouchQueueMessage baseMessage)
   at Terrasoft.Configuration.BaseTouchQueueMessageProcessor.ProcessMessage(BaseTaskQueueMessage message)
   at Terrasoft.Configuration.BaseQueueMessageProcessor.Process(BaseTaskQueueMessage message)
   at Terrasoft.Configuration.TouchQueueMessageProcessor.InternalProcess(TouchQueueMessage message)
   at Terrasoft.Configuration.TouchQueueMessageProcessor.Process(TouchQueueMessage message)
   at Terrasoft.Configuration.TouchQueueJobDispatcher.OnMessageDequeued(Object sender, TouchQueueMessage message)
   at Terrasoft.Configuration.BaseTaskQueueManager`1.FireOnMessageDequeuedEvent(T message)
   at Terrasoft.Configuration.TouchQueueManager.FireOnMessageDequeuedEvent(TouchQueueMessage message)
2023-11-27 18:39:06,930 [.NET ThreadPool Worker] ERROR  TouchPoints Execute - TouchQueueJobDispatcher failed to execute job.
MatomoConnector.API.AuthException: Unable to send request because URL or API_KEY is incorrect.
   at MatomoConnector.API.BaseModule.SendRequest[T](String method, ParametersCollection parameters, Int32 offset)
   at MatomoConnector.API.SitesManagerModule.GetAllSites()
   at MatomoConnector.API.MatomoService.GetAllSites()
   at Terrasoft.Configuration.MatomoServiceFacade.GetSiteIds(IEnumerable`1 urls)
   at Terrasoft.Configuration.MatomoDataSyncManager.GetSiteIds(List`1 visitors)
   at Terrasoft.Configuration.MatomoDataSyncManager.Synchronize()
   at Terrasoft.Configuration.MatomoTouchQueueMessageProcessor.<InitStrategy>b__9_2(TouchQueueMessage baseMessage)
   at Terrasoft.Configuration.BaseTouchQueueMessageProcessor.ProcessMessage(BaseTaskQueueMessage message)
   at Terrasoft.Configuration.BaseQueueMessageProcessor.Process(BaseTaskQueueMessage message)
   at Terrasoft.Configuration.TouchQueueMessageProcessor.InternalProcess(TouchQueueMessage message)
   at Terrasoft.Configuration.TouchQueueMessageProcessor.Process(TouchQueueMessage message)
   at Terrasoft.Configuration.TouchQueueJobDispatcher.OnMessageDequeued(Object sender, TouchQueueMessage message)
   at Terrasoft.Configuration.BaseTaskQueueManager`1.FireOnMessageDequeuedEvent(T message)
   at Terrasoft.Configuration.TouchQueueManager.FireOnMessageDequeuedEvent(TouchQueueMessage message)
   at Terrasoft.Configuration.BaseTaskQueueManager`1.InternalDequeue(IEnumerable`1 messageTypes)
   at Terrasoft.Configuration.BaseTaskQueueManager`1.Dequeue()
   at Terrasoft.Configuration.TouchQueueJobDispatcher.InternalExecute()
   at Terrasoft.Configuration.BaseQueueJobDispatcher.Execute(UserConnection userConnection, IDictionary`2 parameters)
2023-11-27 18:40:06,967 [.NET ThreadPool Worker] ERROR  MatomoConnector SynchronizeForContactsRequest - MatomoConnector.MatomoDataSyncManager.SynchronizeForContactsRequest. Exception. 
MatomoConnector.API.AuthException: Unable to send request because URL or API_KEY is incorrect.
   at MatomoConnector.API.BaseModule.SendRequest[T](String method, ParametersCollection parameters, Int32 offset)
   at MatomoConnector.API.SitesManagerModule.GetAllSites()
   at MatomoConnector.API.MatomoService.GetAllSites()
   at Terrasoft.Configuration.MatomoServiceFacade.GetSiteIds(IEnumerable`1 urls)
   at Terrasoft.Configuration.MatomoDataSyncManager.GetSiteIds(List`1 visitors)
   at Terrasoft.Configuration.MatomoDataSyncManager.SynchronizeForContactsRequest()
2023-11-27 18:40:06,993 [.NET ThreadPool Worker] ERROR  TouchPoints FireOnMessageDequeuedEvent - Message processing error. Message: {"$type":"Terrasoft.Configuration.MatomoContactsRequestMessage, CrtMatomoConnector","Type":1,"RequiresDeduplication":true}.
MatomoConnector.API.AuthException: Unable to send request because URL or API_KEY is incorrect.
   at MatomoConnector.API.BaseModule.SendRequest[T](String method, ParametersCollection parameters, Int32 offset)
   at MatomoConnector.API.SitesManagerModule.GetAllSites()
   at MatomoConnector.API.MatomoService.GetAllSites()
   at Terrasoft.Configuration.MatomoServiceFacade.GetSiteIds(IEnumerable`1 urls)
   at Terrasoft.Configuration.MatomoDataSyncManager.GetSiteIds(List`1 visitors)
   at Terrasoft.Configuration.MatomoDataSyncManager.SynchronizeForContactsRequest()
   at Terrasoft.Configuration.MatomoTouchQueueMessageProcessor.<InitStrategy>b__9_4(TouchQueueMessage baseMessage)
   at Terrasoft.Configuration.BaseTouchQueueMessageProcessor.ProcessMessage(BaseTaskQueueMessage message)
   at Terrasoft.Configuration.BaseQueueMessageProcessor.Process(BaseTaskQueueMessage message)
   at Terrasoft.Configuration.TouchQueueMessageProcessor.InternalProcess(TouchQueueMessage message)
   at Terrasoft.Configuration.TouchQueueMessageProcessor.Process(TouchQueueMessage message)
   at Terrasoft.Configuration.TouchQueueJobDispatcher.OnMessageDequeued(Object sender, TouchQueueMessage message)
   at Terrasoft.Configuration.BaseTaskQueueManager`1.FireOnMessageDequeuedEvent(T message)
   at Terrasoft.Configuration.TouchQueueManager.FireOnMessageDequeuedEvent(TouchQueueMessage message)
2023-11-27 18:40:06,993 [.NET ThreadPool Worker] ERROR  TouchPoints Execute - TouchQueueJobDispatcher failed to execute job.
MatomoConnector.API.AuthException: Unable to send request because URL or API_KEY is incorrect.
   at MatomoConnector.API.BaseModule.SendRequest[T](String method, ParametersCollection parameters, Int32 offset)
   at MatomoConnector.API.SitesManagerModule.GetAllSites()
   at MatomoConnector.API.MatomoService.GetAllSites()
   at Terrasoft.Configuration.MatomoServiceFacade.GetSiteIds(IEnumerable`1 urls)
   at Terrasoft.Configuration.MatomoDataSyncManager.GetSiteIds(List`1 visitors)
   at Terrasoft.Configuration.MatomoDataSyncManager.SynchronizeForContactsRequest()
   at Terrasoft.Configuration.MatomoTouchQueueMessageProcessor.<InitStrategy>b__9_4(TouchQueueMessage baseMessage)
   at Terrasoft.Configuration.BaseTouchQueueMessageProcessor.ProcessMessage(BaseTaskQueueMessage message)
   at Terrasoft.Configuration.BaseQueueMessageProcessor.Process(BaseTaskQueueMessage message)
   at Terrasoft.Configuration.TouchQueueMessageProcessor.InternalProcess(TouchQueueMessage message)
   at Terrasoft.Configuration.TouchQueueMessageProcessor.Process(TouchQueueMessage message)
   at Terrasoft.Configuration.TouchQueueJobDispatcher.OnMessageDequeued(Object sender, TouchQueueMessage message)
   at Terrasoft.Configuration.BaseTaskQueueManager`1.FireOnMessageDequeuedEvent(T message)
   at Terrasoft.Configuration.TouchQueueManager.FireOnMessageDequeuedEvent(TouchQueueMessage message)
   at Terrasoft.Configuration.BaseTaskQueueManager`1.InternalDequeue(IEnumerable`1 messageTypes)
   at Terrasoft.Configuration.BaseTaskQueueManager`1.Dequeue()
   at Terrasoft.Configuration.TouchQueueJobDispatcher.InternalExecute()
   at Terrasoft.Configuration.BaseQueueJobDispatcher.Execute(UserConnection userConnection, IDictionary`2 parameters)
2023-11-27 18:41:06,905 [.NET ThreadPool Worker] ERROR  MatomoConnector <InitStrategy>b__9_4 - MatomoConnector.MatomoDataSyncManager.SynchronizeForContactsRequest. Exception. 
MatomoConnector.API.AuthException: Unable to send request because URL or API_KEY is incorrect.
   at MatomoConnector.API.BaseModule.SendRequest[T](String method, ParametersCollection parameters, Int32 offset)
   at MatomoConnector.API.SitesManagerModule.GetAllSites()
   at MatomoConnector.API.MatomoService.GetAllSites()
   at Terrasoft.Configuration.MatomoServiceFacade.GetSiteIds(IEnumerable`1 urls)
   at Terrasoft.Configuration.MatomoDataSyncManager.GetSiteIds(List`1 visitors)
   at Terrasoft.Configuration.MatomoDataSyncManager.SynchronizeForContactsRequest()
2023-11-27 18:41:06,909 [.NET ThreadPool Worker] ERROR  TouchPoints InternalDequeue - Message processing error. Message: {"$type":"Terrasoft.Configuration.MatomoContactsRequestMessage, CrtMatomoConnector","Type":1,"RequiresDeduplication":true}.
MatomoConnector.API.AuthException: Unable to send request because URL or API_KEY is incorrect.
   at MatomoConnector.API.BaseModule.SendRequest[T](String method, ParametersCollection parameters, Int32 offset)
   at MatomoConnector.API.SitesManagerModule.GetAllSites()
   at MatomoConnector.API.MatomoService.GetAllSites()
   at Terrasoft.Configuration.MatomoServiceFacade.GetSiteIds(IEnumerable`1 urls)
   at Terrasoft.Configuration.MatomoDataSyncManager.GetSiteIds(List`1 visitors)
   at Terrasoft.Configuration.MatomoDataSyncManager.SynchronizeForContactsRequest()
   at Terrasoft.Configuration.MatomoTouchQueueMessageProcessor.<InitStrategy>b__9_4(TouchQueueMessage baseMessage)
   at Terrasoft.Configuration.BaseTouchQueueMessageProcessor.ProcessMessage(BaseTaskQueueMessage message)
   at Terrasoft.Configuration.BaseQueueMessageProcessor.Process(BaseTaskQueueMessage message)
   at Terrasoft.Configuration.TouchQueueMessageProcessor.InternalProcess(TouchQueueMessage message)
   at Terrasoft.Configuration.TouchQueueMessageProcessor.Process(TouchQueueMessage message)
   at Terrasoft.Configuration.TouchQueueJobDispatcher.OnMessageDequeued(Object sender, TouchQueueMessage message)
   at Terrasoft.Configuration.BaseTaskQueueManager`1.FireOnMessageDequeuedEvent(T message)
   at Terrasoft.Configuration.TouchQueueManager.FireOnMessageDequeuedEvent(TouchQueueMessage message)
2023-11-27 18:41:06,909 [.NET ThreadPool Worker] ERROR  TouchPoints RunJobExecutor - TouchQueueJobDispatcher failed to execute job.
MatomoConnector.API.AuthException: Unable to send request because URL or API_KEY is incorrect.
   at MatomoConnector.API.BaseModule.SendRequest[T](String method, ParametersCollection parameters, Int32 offset)
   at MatomoConnector.API.SitesManagerModule.GetAllSites()
   at MatomoConnector.API.MatomoService.GetAllSites()
   at Terrasoft.Configuration.MatomoServiceFacade.GetSiteIds(IEnumerable`1 urls)
   at Terrasoft.Configuration.MatomoDataSyncManager.GetSiteIds(List`1 visitors)
   at Terrasoft.Configuration.MatomoDataSyncManager.SynchronizeForContactsRequest()
   at Terrasoft.Configuration.MatomoTouchQueueMessageProcessor.<InitStrategy>b__9_4(TouchQueueMessage baseMessage)
   at Terrasoft.Configuration.BaseTouchQueueMessageProcessor.ProcessMessage(BaseTaskQueueMessage message)
   at Terrasoft.Configuration.BaseQueueMessageProcessor.Process(BaseTaskQueueMessage message)
   at Terrasoft.Configuration.TouchQueueMessageProcessor.InternalProcess(TouchQueueMessage message)
   at Terrasoft.Configuration.TouchQueueMessageProcessor.Process(TouchQueueMessage message)
   at Terrasoft.Configuration.TouchQueueJobDispatcher.OnMessageDequeued(Object sender, TouchQueueMessage message)
   at Terrasoft.Configuration.BaseTaskQueueManager`1.FireOnMessageDequeuedEvent(T message)
   at Terrasoft.Configuration.TouchQueueManager.FireOnMessageDequeuedEvent(TouchQueueMessage message)
   at Terrasoft.Configuration.BaseTaskQueueManager`1.InternalDequeue(IEnumerable`1 messageTypes)
   at Terrasoft.Configuration.BaseTaskQueueManager`1.Dequeue()
   at Terrasoft.Configuration.TouchQueueJobDispatcher.InternalExecute()
   at Terrasoft.Configuration.BaseQueueJobDispatcher.Execute(UserConnection userConnection, IDictionary`2 parameters)
2023-11-27 18:42:06,908 [.NET ThreadPool Worker] ERROR  MatomoConnector <InitStrategy>b__9_4 - MatomoConnector.MatomoDataSyncManager.SynchronizeForContactsRequest. Exception. 
MatomoConnector.API.AuthException: Unable to send request because URL or API_KEY is incorrect.
   at MatomoConnector.API.BaseModule.SendRequest[T](String method, ParametersCollection parameters, Int32 offset)
   at MatomoConnector.API.SitesManagerModule.GetAllSites()
   at MatomoConnector.API.MatomoService.GetAllSites()
   at Terrasoft.Configuration.MatomoServiceFacade.GetSiteIds(IEnumerable`1 urls)
   at Terrasoft.Configuration.MatomoDataSyncManager.GetSiteIds(List`1 visitors)
   at Terrasoft.Configuration.MatomoDataSyncManager.SynchronizeForContactsRequest()
2023-11-27 18:42:06,912 [.NET ThreadPool Worker] ERROR  TouchPoints InternalDequeue - Message processing error. Message: {"$type":"Terrasoft.Configuration.MatomoContactsRequestMessage, CrtMatomoConnector","Type":1,"RequiresDeduplication":true}.
MatomoConnector.API.AuthException: Unable to send request because URL or API_KEY is incorrect.
   at MatomoConnector.API.BaseModule.SendRequest[T](String method, ParametersCollection parameters, Int32 offset)
   at MatomoConnector.API.SitesManagerModule.GetAllSites()
   at MatomoConnector.API.MatomoService.GetAllSites()
   at Terrasoft.Configuration.MatomoServiceFacade.GetSiteIds(IEnumerable`1 urls)
   at Terrasoft.Configuration.MatomoDataSyncManager.GetSiteIds(List`1 visitors)
   at Terrasoft.Configuration.MatomoDataSyncManager.SynchronizeForContactsRequest()
   at Terrasoft.Configuration.MatomoTouchQueueMessageProcessor.<InitStrategy>b__9_4(TouchQueueMessage baseMessage)
   at Terrasoft.Configuration.BaseTouchQueueMessageProcessor.ProcessMessage(BaseTaskQueueMessage message)
   at Terrasoft.Configuration.BaseQueueMessageProcessor.Process(BaseTaskQueueMessage message)
   at Terrasoft.Configuration.TouchQueueMessageProcessor.InternalProcess(TouchQueueMessage message)
   at Terrasoft.Configuration.TouchQueueMessageProcessor.Process(TouchQueueMessage message)
   at Terrasoft.Configuration.TouchQueueJobDispatcher.OnMessageDequeued(Object sender, TouchQueueMessage message)
   at Terrasoft.Configuration.BaseTaskQueueManager`1.FireOnMessageDequeuedEvent(T message)
   at Terrasoft.Configuration.TouchQueueManager.FireOnMessageDequeuedEvent(TouchQueueMessage message)
2023-11-27 18:42:06,912 [.NET ThreadPool Worker] ERROR  TouchPoints RunJobExecutor - TouchQueueJobDispatcher failed to execute job.
MatomoConnector.API.AuthException: Unable to send request because URL or API_KEY is incorrect.
   at MatomoConnector.API.BaseModule.SendRequest[T](String method, ParametersCollection parameters, Int32 offset)
   at MatomoConnector.API.SitesManagerModule.GetAllSites()
   at MatomoConnector.API.MatomoService.GetAllSites()
   at Terrasoft.Configuration.MatomoServiceFacade.GetSiteIds(IEnumerable`1 urls)
   at Terrasoft.Configuration.MatomoDataSyncManager.GetSiteIds(List`1 visitors)
   at Terrasoft.Configuration.MatomoDataSyncManager.SynchronizeForContactsRequest()
   at Terrasoft.Configuration.MatomoTouchQueueMessageProcessor.<InitStrategy>b__9_4(TouchQueueMessage baseMessage)
   at Terrasoft.Configuration.BaseTouchQueueMessageProcessor.ProcessMessage(BaseTaskQueueMessage message)
   at Terrasoft.Configuration.BaseQueueMessageProcessor.Process(BaseTaskQueueMessage message)
   at Terrasoft.Configuration.TouchQueueMessageProcessor.InternalProcess(TouchQueueMessage message)
   at Terrasoft.Configuration.TouchQueueMessageProcessor.Process(TouchQueueMessage message)
   at Terrasoft.Configuration.TouchQueueJobDispatcher.OnMessageDequeued(Object sender, TouchQueueMessage message)
   at Terrasoft.Configuration.BaseTaskQueueManager`1.FireOnMessageDequeuedEvent(T message)
   at Terrasoft.Configuration.TouchQueueManager.FireOnMessageDequeuedEvent(TouchQueueMessage message)
   at Terrasoft.Configuration.BaseTaskQueueManager`1.InternalDequeue(IEnumerable`1 messageTypes)
   at Terrasoft.Configuration.BaseTaskQueueManager`1.Dequeue()
   at Terrasoft.Configuration.TouchQueueJobDispatcher.InternalExecute()
   at Terrasoft.Configuration.BaseQueueJobDispatcher.Execute(UserConnection userConnection, IDictionary`2 parameters)
2023-11-27 18:43:06,927 [.NET ThreadPool Worker] ERROR  MatomoConnector <InitStrategy>b__9_4 - MatomoConnector.MatomoDataSyncManager.SynchronizeForContactsRequest. Exception. 
MatomoConnector.API.AuthException: Unable to send request because URL or API_KEY is incorrect.
   at MatomoConnector.API.BaseModule.SendRequest[T](String method, ParametersCollection parameters, Int32 offset)
   at MatomoConnector.API.SitesManagerModule.GetAllSites()
   at MatomoConnector.API.MatomoService.GetAllSites()
   at Terrasoft.Configuration.MatomoServiceFacade.GetSiteIds(IEnumerable`1 urls)
   at Terrasoft.Configuration.MatomoDataSyncManager.GetSiteIds(List`1 visitors)
   at Terrasoft.Configuration.MatomoDataSyncManager.SynchronizeForContactsRequest()
2023-11-27 18:43:06,934 [.NET ThreadPool Worker] ERROR  TouchPoints InternalDequeue - Message processing error. Message: {"$type":"Terrasoft.Configuration.MatomoContactsRequestMessage, CrtMatomoConnector","Type":1,"RequiresDeduplication":true}.
MatomoConnector.API.AuthException: Unable to send request because URL or API_KEY is incorrect.
   at MatomoConnector.API.BaseModule.SendRequest[T](String method, ParametersCollection parameters, Int32 offset)
   at MatomoConnector.API.SitesManagerModule.GetAllSites()
   at MatomoConnector.API.MatomoService.GetAllSites()
   at Terrasoft.Configuration.MatomoServiceFacade.GetSiteIds(IEnumerable`1 urls)
   at Terrasoft.Configuration.MatomoDataSyncManager.GetSiteIds(List`1 visitors)
   at Terrasoft.Configuration.MatomoDataSyncManager.SynchronizeForContactsRequest()
   at Terrasoft.Configuration.MatomoTouchQueueMessageProcessor.<InitStrategy>b__9_4(TouchQueueMessage baseMessage)
   at Terrasoft.Configuration.BaseTouchQueueMessageProcessor.ProcessMessage(BaseTaskQueueMessage message)
   at Terrasoft.Configuration.BaseQueueMessageProcessor.Process(BaseTaskQueueMessage message)
   at Terrasoft.Configuration.TouchQueueMessageProcessor.InternalProcess(TouchQueueMessage message)
   at Terrasoft.Configuration.TouchQueueMessageProcessor.Process(TouchQueueMessage message)
   at Terrasoft.Configuration.TouchQueueJobDispatcher.OnMessageDequeued(Object sender, TouchQueueMessage message)
   at Terrasoft.Configuration.BaseTaskQueueManager`1.FireOnMessageDequeuedEvent(T message)
   at Terrasoft.Configuration.TouchQueueManager.FireOnMessageDequeuedEvent(TouchQueueMessage message)
2023-11-27 18:43:06,934 [.NET ThreadPool Worker] ERROR  TouchPoints RunJobExecutor - TouchQueueJobDispatcher failed to execute job.
MatomoConnector.API.AuthException: Unable to send request because URL or API_KEY is incorrect.
   at MatomoConnector.API.BaseModule.SendRequest[T](String method, ParametersCollection parameters, Int32 offset)
   at MatomoConnector.API.SitesManagerModule.GetAllSites()
   at MatomoConnector.API.MatomoService.GetAllSites()
   at Terrasoft.Configuration.MatomoServiceFacade.GetSiteIds(IEnumerable`1 urls)
   at Terrasoft.Configuration.MatomoDataSyncManager.GetSiteIds(List`1 visitors)
   at Terrasoft.Configuration.MatomoDataSyncManager.SynchronizeForContactsRequest()
   at Terrasoft.Configuration.MatomoTouchQueueMessageProcessor.<InitStrategy>b__9_4(TouchQueueMessage baseMessage)
   at Terrasoft.Configuration.BaseTouchQueueMessageProcessor.ProcessMessage(BaseTaskQueueMessage message)
   at Terrasoft.Configuration.BaseQueueMessageProcessor.Process(BaseTaskQueueMessage message)
   at Terrasoft.Configuration.TouchQueueMessageProcessor.InternalProcess(TouchQueueMessage message)
   at Terrasoft.Configuration.TouchQueueMessageProcessor.Process(TouchQueueMessage message)
   at Terrasoft.Configuration.TouchQueueJobDispatcher.OnMessageDequeued(Object sender, TouchQueueMessage message)
   at Terrasoft.Configuration.BaseTaskQueueManager`1.FireOnMessageDequeuedEvent(T message)
   at Terrasoft.Configuration.TouchQueueManager.FireOnMessageDequeuedEvent(TouchQueueMessage message)
   at Terrasoft.Configuration.BaseTaskQueueManager`1.InternalDequeue(IEnumerable`1 messageTypes)
   at Terrasoft.Configuration.BaseTaskQueueManager`1.Dequeue()
   at Terrasoft.Configuration.TouchQueueJobDispatcher.InternalExecute()
   at Terrasoft.Configuration.BaseQueueJobDispatcher.Execute(UserConnection userConnection, IDictionary`2 parameters)
