2023-11-08 15:51:02,714 [.NET ThreadPool Worker] WARN Supervisor <GetModelsGroupedByEntityName>b__1_0 - PredictedResultColumnName is empty for model 74ce4daa-aa40-411d-8152-1b16cc2e8c2b
Metadata: {
}
Entity schemaUid: a5657e6b-342d-4104-8ab8-aab37ef29860

2023-11-08 15:51:02,714 [.NET ThreadPool Worker] WARN Supervisor <GetModelsGroupedByEntityName>b__1_0 - PredictedResultColumnName is empty for model 8f57ed14-2c8a-47c8-a990-104698359451
Metadata: {
}
Entity schemaUid: a5657e6b-342d-4104-8ab8-aab37ef29860

2023-11-08 15:51:02,714 [.NET ThreadPool Worker] WARN Supervisor <GetModelsGroupedByEntityName>b__1_0 - PredictedResultColumnName is empty for model 6f8c5159-e07b-485d-bfa2-37dbf4f0a2d3
Metadata: {
}
Entity schemaUid: 117d32f9-8275-4534-8411-1c66115ce9cd

2023-11-08 15:51:02,714 [.NET ThreadPool Worker] WARN Supervisor <GetModelsGroupedByEntityName>b__1_0 - PredictedResultColumnName is empty for model b624f2fd-81e1-4e8d-890b-5184994d1154
Metadata: {
}
Entity schemaUid: 56143364-4580-4561-8814-8612fad2e5c0

2023-11-08 15:52:32,602 [.NET ThreadPool Worker] INFO  Execute - Start to process (training, state sync) ML models
2023-11-08 15:52:32,602 [.NET ThreadPool Worker] INFO  Execute - ML model batch prediction job started
2023-11-08 15:52:32,605 [.NET ThreadPool Worker] DEBUG  ProcessAllModels - There are no ML problem types with set ServiceUrl
2023-11-08 15:52:32,605 [.NET ThreadPool Worker] DEBUG  ProcessAllModels - There are no ML problem types with set ServiceUrl
2023-11-08 16:07:32,621 [.NET ThreadPool Worker] INFO  Execute - Start to process (training, state sync) ML models
2023-11-08 16:07:32,626 [.NET ThreadPool Worker] DEBUG  ProcessAllModels - There are no ML problem types with set ServiceUrl
2023-11-08 16:22:32,642 [.NET ThreadPool Worker] INFO  Execute - Start to process (training, state sync) ML models
2023-11-08 16:22:32,642 [.NET ThreadPool Worker] DEBUG  ProcessAllModels - There are no ML problem types with set ServiceUrl
2023-11-08 16:37:32,661 [.NET ThreadPool Worker] INFO  Execute - Start to process (training, state sync) ML models
2023-11-08 16:37:32,661 [.NET ThreadPool Worker] DEBUG  ProcessAllModels - There are no ML problem types with set ServiceUrl
2023-11-08 16:52:32,626 [.NET ThreadPool Worker] INFO  Execute - ML model batch prediction job started
2023-11-08 16:52:32,626 [.NET ThreadPool Worker] DEBUG  ProcessAllModels - There are no ML problem types with set ServiceUrl
2023-11-08 16:52:32,679 [.NET ThreadPool Worker] INFO  Execute - Start to process (training, state sync) ML models
2023-11-08 16:52:32,681 [.NET ThreadPool Worker] DEBUG  ProcessAllModels - There are no ML problem types with set ServiceUrl
2023-11-08 17:07:32,697 [.NET ThreadPool Worker] INFO  Execute - Start to process (training, state sync) ML models
2023-11-08 17:07:32,697 [.NET ThreadPool Worker] DEBUG  ProcessAllModels - There are no ML problem types with set ServiceUrl
2023-11-08 17:22:32,716 [.NET ThreadPool Worker] INFO  Execute - Start to process (training, state sync) ML models
2023-11-08 17:22:32,716 [.NET ThreadPool Worker] DEBUG  ProcessAllModels - There are no ML problem types with set ServiceUrl
2023-11-08 17:37:32,735 [.NET ThreadPool Worker] INFO  Execute - Start to process (training, state sync) ML models
2023-11-08 17:37:32,737 [.NET ThreadPool Worker] DEBUG  ProcessAllModels - There are no ML problem types with set ServiceUrl
2023-11-08 17:52:32,647 [.NET ThreadPool Worker] INFO  Execute - ML model batch prediction job started
2023-11-08 17:52:32,647 [.NET ThreadPool Worker] DEBUG  ProcessAllModels - There are no ML problem types with set ServiceUrl
2023-11-08 17:52:32,753 [.NET ThreadPool Worker] INFO  Execute - Start to process (training, state sync) ML models
2023-11-08 17:52:32,753 [.NET ThreadPool Worker] DEBUG  ProcessAllModels - There are no ML problem types with set ServiceUrl
2023-11-08 18:07:32,773 [.NET ThreadPool Worker] INFO  Execute - Start to process (training, state sync) ML models
2023-11-08 18:07:32,773 [.NET ThreadPool Worker] DEBUG  ProcessAllModels - There are no ML problem types with set ServiceUrl
2023-11-08 18:22:32,790 [.NET ThreadPool Worker] INFO  Execute - Start to process (training, state sync) ML models
2023-11-08 18:22:32,792 [.NET ThreadPool Worker] DEBUG  ProcessAllModels - There are no ML problem types with set ServiceUrl
2023-11-08 18:37:32,809 [.NET ThreadPool Worker] INFO  Execute - Start to process (training, state sync) ML models
2023-11-08 18:37:32,809 [.NET ThreadPool Worker] DEBUG  ProcessAllModels - There are no ML problem types with set ServiceUrl
2023-11-08 18:52:32,664 [.NET ThreadPool Worker] INFO  Execute - ML model batch prediction job started
2023-11-08 18:52:32,669 [.NET ThreadPool Worker] DEBUG  ProcessAllModels - There are no ML problem types with set ServiceUrl
2023-11-08 18:52:32,829 [.NET ThreadPool Worker] INFO  Execute - Start to process (training, state sync) ML models
2023-11-08 18:52:32,829 [.NET ThreadPool Worker] DEBUG  ProcessAllModels - There are no ML problem types with set ServiceUrl
2023-11-08 19:07:32,847 [.NET ThreadPool Worker] INFO  Execute - Start to process (training, state sync) ML models
2023-11-08 19:07:32,849 [.NET ThreadPool Worker] DEBUG  ProcessAllModels - There are no ML problem types with set ServiceUrl
2023-11-08 19:22:32,865 [.NET ThreadPool Worker] INFO  Execute - Start to process (training, state sync) ML models
2023-11-08 19:22:32,865 [.NET ThreadPool Worker] DEBUG  ProcessAllModels - There are no ML problem types with set ServiceUrl
2023-11-08 19:37:32,884 [.NET ThreadPool Worker] INFO  Execute - Start to process (training, state sync) ML models
2023-11-08 19:37:32,884 [.NET ThreadPool Worker] DEBUG  ProcessAllModels - There are no ML problem types with set ServiceUrl
2023-11-08 19:52:32,685 [.NET ThreadPool Worker] INFO  Execute - ML model batch prediction job started
2023-11-08 19:52:32,690 [.NET ThreadPool Worker] DEBUG  ProcessAllModels - There are no ML problem types with set ServiceUrl
2023-11-08 19:52:32,902 [.NET ThreadPool Worker] INFO  Execute - Start to process (training, state sync) ML models
2023-11-08 19:52:32,902 [.NET ThreadPool Worker] DEBUG  ProcessAllModels - There are no ML problem types with set ServiceUrl
2023-11-08 20:07:32,921 [.NET ThreadPool Worker] INFO  Execute - Start to process (training, state sync) ML models
2023-11-08 20:07:32,921 [.NET ThreadPool Worker] DEBUG  ProcessAllModels - There are no ML problem types with set ServiceUrl
2023-11-08 20:22:32,941 [.NET ThreadPool Worker] INFO  Execute - Start to process (training, state sync) ML models
2023-11-08 20:22:32,941 [.NET ThreadPool Worker] DEBUG  ProcessAllModels - There are no ML problem types with set ServiceUrl
2023-11-08 20:37:32,959 [.NET ThreadPool Worker] INFO  Execute - Start to process (training, state sync) ML models
2023-11-08 20:37:32,961 [.NET ThreadPool Worker] DEBUG  ProcessAllModels - There are no ML problem types with set ServiceUrl
2023-11-08 20:52:32,706 [.NET ThreadPool Worker] INFO  Execute - ML model batch prediction job started
2023-11-08 20:52:32,709 [.NET ThreadPool Worker] DEBUG  ProcessAllModels - There are no ML problem types with set ServiceUrl
2023-11-08 20:52:32,978 [.NET ThreadPool Worker] INFO  Execute - Start to process (training, state sync) ML models
2023-11-08 20:52:32,978 [.NET ThreadPool Worker] DEBUG  ProcessAllModels - There are no ML problem types with set ServiceUrl
2023-11-08 21:07:32,997 [.NET ThreadPool Worker] INFO  Execute - Start to process (training, state sync) ML models
2023-11-08 21:07:32,997 [.NET ThreadPool Worker] DEBUG  ProcessAllModels - There are no ML problem types with set ServiceUrl
2023-11-08 21:22:33,017 [.NET ThreadPool Worker] INFO  Execute - Start to process (training, state sync) ML models
2023-11-08 21:22:33,017 [.NET ThreadPool Worker] DEBUG  ProcessAllModels - There are no ML problem types with set ServiceUrl
2023-11-08 21:37:33,036 [.NET ThreadPool Worker] INFO  Execute - Start to process (training, state sync) ML models
2023-11-08 21:37:33,036 [.NET ThreadPool Worker] DEBUG  ProcessAllModels - There are no ML problem types with set ServiceUrl
2023-11-08 21:52:32,725 [.NET ThreadPool Worker] INFO  Execute - ML model batch prediction job started
2023-11-08 21:52:32,730 [.NET ThreadPool Worker] DEBUG  ProcessAllModels - There are no ML problem types with set ServiceUrl
2023-11-08 21:52:33,055 [.NET ThreadPool Worker] INFO  Execute - Start to process (training, state sync) ML models
2023-11-08 21:52:33,057 [.NET ThreadPool Worker] DEBUG  ProcessAllModels - There are no ML problem types with set ServiceUrl
2023-11-08 22:07:33,079 [.NET ThreadPool Worker] INFO  Execute - Start to process (training, state sync) ML models
2023-11-08 22:07:33,081 [.NET ThreadPool Worker] DEBUG  ProcessAllModels - There are no ML problem types with set ServiceUrl
2023-11-08 22:22:33,098 [.NET ThreadPool Worker] INFO  Execute - Start to process (training, state sync) ML models
2023-11-08 22:22:33,098 [.NET ThreadPool Worker] DEBUG  ProcessAllModels - There are no ML problem types with set ServiceUrl
2023-11-08 22:37:33,117 [.NET ThreadPool Worker] INFO  Execute - Start to process (training, state sync) ML models
2023-11-08 22:37:33,117 [.NET ThreadPool Worker] DEBUG  ProcessAllModels - There are no ML problem types with set ServiceUrl
2023-11-08 22:52:32,749 [.NET ThreadPool Worker] INFO  Execute - ML model batch prediction job started
2023-11-08 22:52:32,749 [.NET ThreadPool Worker] DEBUG  ProcessAllModels - There are no ML problem types with set ServiceUrl
2023-11-08 22:52:33,136 [.NET ThreadPool Worker] INFO  Execute - Start to process (training, state sync) ML models
2023-11-08 22:52:33,136 [.NET ThreadPool Worker] DEBUG  ProcessAllModels - There are no ML problem types with set ServiceUrl
2023-11-08 23:07:33,157 [.NET ThreadPool Worker] INFO  Execute - Start to process (training, state sync) ML models
2023-11-08 23:07:33,157 [.NET ThreadPool Worker] DEBUG  ProcessAllModels - There are no ML problem types with set ServiceUrl
2023-11-08 23:22:33,175 [.NET ThreadPool Worker] INFO  Execute - Start to process (training, state sync) ML models
2023-11-08 23:22:33,177 [.NET ThreadPool Worker] DEBUG  ProcessAllModels - There are no ML problem types with set ServiceUrl
2023-11-08 23:37:33,194 [.NET ThreadPool Worker] INFO  Execute - Start to process (training, state sync) ML models
2023-11-08 23:37:33,197 [.NET ThreadPool Worker] DEBUG  ProcessAllModels - There are no ML problem types with set ServiceUrl
2023-11-08 23:52:32,769 [.NET ThreadPool Worker] INFO  Execute - ML model batch prediction job started
2023-11-08 23:52:32,769 [.NET ThreadPool Worker] DEBUG  ProcessAllModels - There are no ML problem types with set ServiceUrl
2023-11-08 23:52:33,214 [.NET ThreadPool Worker] INFO  Execute - Start to process (training, state sync) ML models
2023-11-08 23:52:33,216 [.NET ThreadPool Worker] DEBUG  ProcessAllModels - There are no ML problem types with set ServiceUrl
2023-11-09 00:07:33,233 [.NET ThreadPool Worker] INFO  Execute - Start to process (training, state sync) ML models
2023-11-09 00:07:33,233 [.NET ThreadPool Worker] DEBUG  ProcessAllModels - There are no ML problem types with set ServiceUrl
2023-11-09 00:22:33,248 [.NET ThreadPool Worker] INFO  Execute - Start to process (training, state sync) ML models
2023-11-09 00:22:33,248 [.NET ThreadPool Worker] DEBUG  ProcessAllModels - There are no ML problem types with set ServiceUrl
2023-11-09 00:37:33,265 [.NET ThreadPool Worker] INFO  Execute - Start to process (training, state sync) ML models
2023-11-09 00:37:33,265 [.NET ThreadPool Worker] DEBUG  ProcessAllModels - There are no ML problem types with set ServiceUrl
2023-11-09 00:52:32,790 [.NET ThreadPool Worker] INFO  Execute - ML model batch prediction job started
2023-11-09 00:52:32,790 [.NET ThreadPool Worker] DEBUG  ProcessAllModels - There are no ML problem types with set ServiceUrl
2023-11-09 00:52:33,273 [.NET ThreadPool Worker] INFO  Execute - Start to process (training, state sync) ML models
2023-11-09 00:52:33,273 [.NET ThreadPool Worker] DEBUG  ProcessAllModels - There are no ML problem types with set ServiceUrl
2023-11-09 01:07:33,290 [.NET ThreadPool Worker] INFO  Execute - Start to process (training, state sync) ML models
2023-11-09 01:07:33,293 [.NET ThreadPool Worker] DEBUG  ProcessAllModels - There are no ML problem types with set ServiceUrl
2023-11-09 01:22:33,309 [.NET ThreadPool Worker] INFO  Execute - Start to process (training, state sync) ML models
2023-11-09 01:22:33,309 [.NET ThreadPool Worker] DEBUG  ProcessAllModels - There are no ML problem types with set ServiceUrl
2023-11-09 01:37:33,329 [.NET ThreadPool Worker] INFO  Execute - Start to process (training, state sync) ML models
2023-11-09 01:37:33,329 [.NET ThreadPool Worker] DEBUG  ProcessAllModels - There are no ML problem types with set ServiceUrl
2023-11-09 01:52:32,810 [.NET ThreadPool Worker] INFO  Execute - ML model batch prediction job started
2023-11-09 01:52:32,810 [.NET ThreadPool Worker] DEBUG  ProcessAllModels - There are no ML problem types with set ServiceUrl
2023-11-09 01:52:33,349 [.NET ThreadPool Worker] INFO  Execute - Start to process (training, state sync) ML models
2023-11-09 01:52:33,349 [.NET ThreadPool Worker] DEBUG  ProcessAllModels - There are no ML problem types with set ServiceUrl
2023-11-09 02:07:33,367 [.NET ThreadPool Worker] INFO  Execute - Start to process (training, state sync) ML models
2023-11-09 02:07:33,369 [.NET ThreadPool Worker] DEBUG  ProcessAllModels - There are no ML problem types with set ServiceUrl
2023-11-09 02:22:33,386 [.NET ThreadPool Worker] INFO  Execute - Start to process (training, state sync) ML models
2023-11-09 02:22:33,389 [.NET ThreadPool Worker] DEBUG  ProcessAllModels - There are no ML problem types with set ServiceUrl
2023-11-09 02:37:33,406 [.NET ThreadPool Worker] INFO  Execute - Start to process (training, state sync) ML models
2023-11-09 02:37:33,408 [.NET ThreadPool Worker] DEBUG  ProcessAllModels - There are no ML problem types with set ServiceUrl
2023-11-09 02:52:32,829 [.NET ThreadPool Worker] INFO  Execute - ML model batch prediction job started
2023-11-09 02:52:32,829 [.NET ThreadPool Worker] DEBUG  ProcessAllModels - There are no ML problem types with set ServiceUrl
2023-11-09 02:52:33,426 [.NET ThreadPool Worker] INFO  Execute - Start to process (training, state sync) ML models
2023-11-09 02:52:33,429 [.NET ThreadPool Worker] DEBUG  ProcessAllModels - There are no ML problem types with set ServiceUrl
2023-11-09 03:07:33,445 [.NET ThreadPool Worker] INFO  Execute - Start to process (training, state sync) ML models
2023-11-09 03:07:33,445 [.NET ThreadPool Worker] DEBUG  ProcessAllModels - There are no ML problem types with set ServiceUrl
2023-11-09 03:22:33,465 [.NET ThreadPool Worker] INFO  Execute - Start to process (training, state sync) ML models
2023-11-09 03:22:33,465 [.NET ThreadPool Worker] DEBUG  ProcessAllModels - There are no ML problem types with set ServiceUrl
2023-11-09 03:37:33,485 [.NET ThreadPool Worker] INFO  Execute - Start to process (training, state sync) ML models
2023-11-09 03:37:33,485 [.NET ThreadPool Worker] DEBUG  ProcessAllModels - There are no ML problem types with set ServiceUrl
2023-11-09 03:52:32,851 [.NET ThreadPool Worker] INFO  Execute - ML model batch prediction job started
2023-11-09 03:52:32,853 [.NET ThreadPool Worker] DEBUG  ProcessAllModels - There are no ML problem types with set ServiceUrl
2023-11-09 03:52:33,503 [.NET ThreadPool Worker] INFO  Execute - Start to process (training, state sync) ML models
2023-11-09 03:52:33,506 [.NET ThreadPool Worker] DEBUG  ProcessAllModels - There are no ML problem types with set ServiceUrl
2023-11-09 04:07:33,523 [.NET ThreadPool Worker] INFO  Execute - Start to process (training, state sync) ML models
2023-11-09 04:07:33,525 [.NET ThreadPool Worker] DEBUG  ProcessAllModels - There are no ML problem types with set ServiceUrl
2023-11-09 04:22:33,542 [.NET ThreadPool Worker] INFO  Execute - Start to process (training, state sync) ML models
2023-11-09 04:22:33,542 [.NET ThreadPool Worker] DEBUG  ProcessAllModels - There are no ML problem types with set ServiceUrl
2023-11-09 04:37:33,561 [.NET ThreadPool Worker] INFO  Execute - Start to process (training, state sync) ML models
2023-11-09 04:37:33,561 [.NET ThreadPool Worker] DEBUG  ProcessAllModels - There are no ML problem types with set ServiceUrl
2023-11-09 04:52:32,873 [.NET ThreadPool Worker] INFO  Execute - ML model batch prediction job started
2023-11-09 04:52:32,873 [.NET ThreadPool Worker] DEBUG  ProcessAllModels - There are no ML problem types with set ServiceUrl
2023-11-09 04:52:33,583 [.NET ThreadPool Worker] INFO  Execute - Start to process (training, state sync) ML models
2023-11-09 04:52:33,585 [.NET ThreadPool Worker] DEBUG  ProcessAllModels - There are no ML problem types with set ServiceUrl
2023-11-09 05:07:33,610 [.NET ThreadPool Worker] INFO  Execute - Start to process (training, state sync) ML models
2023-11-09 05:07:33,610 [.NET ThreadPool Worker] DEBUG  ProcessAllModels - There are no ML problem types with set ServiceUrl
2023-11-09 05:22:33,629 [.NET ThreadPool Worker] INFO  Execute - Start to process (training, state sync) ML models
2023-11-09 05:22:33,629 [.NET ThreadPool Worker] DEBUG  ProcessAllModels - There are no ML problem types with set ServiceUrl
