2023-11-09 05:37:32,484 [.NET ThreadPool Worker] INFO  Calendar LogInfo - [80oza5sjXEeOljfXjSzsuQ.job] [CalendarFailoverJob] started.
2023-11-09 05:37:32,484 [.NET ThreadPool Worker] INFO  Calendar LogInfo - [80oza5sjXEeOljfXjSzsuQ.job] [CalendarFailoverJob] 0 accounts received for enabling synchronization.
2023-11-09 05:37:32,484 [.NET ThreadPool Worker] INFO  Calendar LogInfo - [80oza5sjXEeOljfXjSzsuQ.job] [CalendarFailoverJob] Synchronization of 0 accounts is enabled.
2023-11-09 05:37:32,488 [.NET ThreadPool Worker] INFO  Calendar LogInfo - [80oza5sjXEeOljfXjSzsuQ.job] [CalendarFailoverJob] ended.
2023-11-09 05:52:32,538 [.NET ThreadPool Worker] INFO  Calendar LogInfo - [1hRSQrwkHkKRuPDKsJXkow.job] [CalendarFailoverJob] started.
2023-11-09 05:52:32,542 [.NET ThreadPool Worker] INFO  Calendar LogInfo - [1hRSQrwkHkKRuPDKsJXkow.job] [CalendarFailoverJob] 0 accounts received for enabling synchronization.
2023-11-09 05:52:32,542 [.NET ThreadPool Worker] INFO  Calendar LogInfo - [1hRSQrwkHkKRuPDKsJXkow.job] [CalendarFailoverJob] Synchronization of 0 accounts is enabled.
2023-11-09 05:52:32,542 [.NET ThreadPool Worker] INFO  Calendar LogInfo - [1hRSQrwkHkKRuPDKsJXkow.job] [CalendarFailoverJob] ended.
2023-11-09 06:07:32,923 [.NET ThreadPool Worker] INFO  Calendar LogInfo - [ExJTv4v1m0Kf1U7lB3WoPg.job] [CalendarFailoverJob] started.
2023-11-09 06:07:32,928 [.NET ThreadPool Worker] INFO  Calendar LogInfo - [ExJTv4v1m0Kf1U7lB3WoPg.job] [CalendarFailoverJob] 0 accounts received for enabling synchronization.
2023-11-09 06:07:32,928 [.NET ThreadPool Worker] INFO  Calendar LogInfo - [ExJTv4v1m0Kf1U7lB3WoPg.job] [CalendarFailoverJob] Synchronization of 0 accounts is enabled.
2023-11-09 06:07:32,931 [.NET ThreadPool Worker] INFO  Calendar LogInfo - [ExJTv4v1m0Kf1U7lB3WoPg.job] [CalendarFailoverJob] ended.
2023-11-09 06:22:32,509 [.NET ThreadPool Worker] INFO  Calendar LogInfo - [VMCIQeFUaR28SUHroTvw.job] [CalendarFailoverJob] started.
2023-11-09 06:22:32,509 [.NET ThreadPool Worker] INFO  Calendar LogInfo - [VMCIQeFUaR28SUHroTvw.job] [CalendarFailoverJob] 0 accounts received for enabling synchronization.
2023-11-09 06:22:32,509 [.NET ThreadPool Worker] INFO  Calendar LogInfo - [VMCIQeFUaR28SUHroTvw.job] [CalendarFailoverJob] Synchronization of 0 accounts is enabled.
2023-11-09 06:22:32,513 [.NET ThreadPool Worker] INFO  Calendar LogInfo - [VMCIQeFUaR28SUHroTvw.job] [CalendarFailoverJob] ended.
2023-11-09 06:37:32,501 [.NET ThreadPool Worker] INFO  Calendar LogInfo - [9cvwatgPIUq7Se1wkCLVVA.job] [CalendarFailoverJob] started.
2023-11-09 06:37:32,501 [.NET ThreadPool Worker] INFO  Calendar LogInfo - [9cvwatgPIUq7Se1wkCLVVA.job] [CalendarFailoverJob] 0 accounts received for enabling synchronization.
2023-11-09 06:37:32,501 [.NET ThreadPool Worker] INFO  Calendar LogInfo - [9cvwatgPIUq7Se1wkCLVVA.job] [CalendarFailoverJob] Synchronization of 0 accounts is enabled.
2023-11-09 06:37:32,506 [.NET ThreadPool Worker] INFO  Calendar LogInfo - [9cvwatgPIUq7Se1wkCLVVA.job] [CalendarFailoverJob] ended.
2023-11-09 06:45:00,033 [.NET ThreadPool Worker] WARN  Terrasoft.Core.DB.EntitySchemaDbInfoActualizer ScriptTask1Execute - Actualization of EntitySchemaDbInfo started.
2023-11-09 06:45:00,055 [.NET ThreadPool Worker] WARN  Terrasoft.Core.DB.EntitySchemaDbInfoActualizer ScriptTask1Execute - Actualization of EntitySchemaDbInfo completed.
2023-11-09 06:52:32,535 [.NET ThreadPool Worker] INFO  Calendar LogInfo - [ClAKxIT1SkSXGUYP86PANQ.job] [CalendarFailoverJob] started.
2023-11-09 06:52:32,539 [.NET ThreadPool Worker] INFO  Calendar LogInfo - [ClAKxIT1SkSXGUYP86PANQ.job] [CalendarFailoverJob] 0 accounts received for enabling synchronization.
2023-11-09 06:52:32,539 [.NET ThreadPool Worker] INFO  Calendar LogInfo - [ClAKxIT1SkSXGUYP86PANQ.job] [CalendarFailoverJob] Synchronization of 0 accounts is enabled.
2023-11-09 06:52:32,541 [.NET ThreadPool Worker] INFO  Calendar LogInfo - [ClAKxIT1SkSXGUYP86PANQ.job] [CalendarFailoverJob] ended.
2023-11-09 07:07:32,481 [.NET ThreadPool Worker] INFO  Calendar LogInfo - [PK99bGRUmyNEZVuvWHLg.job] [CalendarFailoverJob] started.
2023-11-09 07:07:32,481 [.NET ThreadPool Worker] INFO  Calendar LogInfo - [PK99bGRUmyNEZVuvWHLg.job] [CalendarFailoverJob] 0 accounts received for enabling synchronization.
2023-11-09 07:07:32,481 [.NET ThreadPool Worker] INFO  Calendar LogInfo - [PK99bGRUmyNEZVuvWHLg.job] [CalendarFailoverJob] Synchronization of 0 accounts is enabled.
2023-11-09 07:07:32,481 [.NET ThreadPool Worker] INFO  Calendar LogInfo - [PK99bGRUmyNEZVuvWHLg.job] [CalendarFailoverJob] ended.
2023-11-09 07:22:32,515 [.NET ThreadPool Worker] INFO  Calendar LogInfo - [w6dTIe9z6kqPP8u7rYRfdA.job] [CalendarFailoverJob] started.
2023-11-09 07:22:32,519 [.NET ThreadPool Worker] INFO  Calendar LogInfo - [w6dTIe9z6kqPP8u7rYRfdA.job] [CalendarFailoverJob] 0 accounts received for enabling synchronization.
2023-11-09 07:22:32,519 [.NET ThreadPool Worker] INFO  Calendar LogInfo - [w6dTIe9z6kqPP8u7rYRfdA.job] [CalendarFailoverJob] Synchronization of 0 accounts is enabled.
2023-11-09 07:22:32,521 [.NET ThreadPool Worker] INFO  Calendar LogInfo - [w6dTIe9z6kqPP8u7rYRfdA.job] [CalendarFailoverJob] ended.
2023-11-09 07:37:32,489 [.NET ThreadPool Worker] INFO  Calendar LogInfo - [FwqqEYS9VEu8R9WCN32gg.job] [CalendarFailoverJob] started.
2023-11-09 07:37:32,489 [.NET ThreadPool Worker] INFO  Calendar LogInfo - [FwqqEYS9VEu8R9WCN32gg.job] [CalendarFailoverJob] 0 accounts received for enabling synchronization.
2023-11-09 07:37:32,489 [.NET ThreadPool Worker] INFO  Calendar LogInfo - [FwqqEYS9VEu8R9WCN32gg.job] [CalendarFailoverJob] Synchronization of 0 accounts is enabled.
2023-11-09 07:37:32,493 [.NET ThreadPool Worker] INFO  Calendar LogInfo - [FwqqEYS9VEu8R9WCN32gg.job] [CalendarFailoverJob] ended.
2023-11-09 07:52:32,517 [.NET ThreadPool Worker] INFO  Calendar LogInfo - [0rq4QUSDpkGEnyEWZ0PuPA.job] [CalendarFailoverJob] started.
2023-11-09 07:52:32,520 [.NET ThreadPool Worker] INFO  Calendar LogInfo - [0rq4QUSDpkGEnyEWZ0PuPA.job] [CalendarFailoverJob] 0 accounts received for enabling synchronization.
2023-11-09 07:52:32,520 [.NET ThreadPool Worker] INFO  Calendar LogInfo - [0rq4QUSDpkGEnyEWZ0PuPA.job] [CalendarFailoverJob] Synchronization of 0 accounts is enabled.
2023-11-09 07:52:32,520 [.NET ThreadPool Worker] INFO  Calendar LogInfo - [0rq4QUSDpkGEnyEWZ0PuPA.job] [CalendarFailoverJob] ended.
2023-11-09 08:07:32,507 [.NET ThreadPool Worker] INFO  Calendar LogInfo - [YwDulh3KE6mKvFIuBBRVA.job] [CalendarFailoverJob] started.
2023-11-09 08:07:32,510 [.NET ThreadPool Worker] INFO  Calendar LogInfo - [YwDulh3KE6mKvFIuBBRVA.job] [CalendarFailoverJob] 0 accounts received for enabling synchronization.
2023-11-09 08:07:32,510 [.NET ThreadPool Worker] INFO  Calendar LogInfo - [YwDulh3KE6mKvFIuBBRVA.job] [CalendarFailoverJob] Synchronization of 0 accounts is enabled.
2023-11-09 08:07:32,510 [.NET ThreadPool Worker] INFO  Calendar LogInfo - [YwDulh3KE6mKvFIuBBRVA.job] [CalendarFailoverJob] ended.
2023-11-09 08:22:32,503 [.NET ThreadPool Worker] INFO  Calendar LogInfo - [N7VINAHSF0yzUd1QjSvziQ.job] [CalendarFailoverJob] started.
2023-11-09 08:22:32,506 [.NET ThreadPool Worker] INFO  Calendar LogInfo - [N7VINAHSF0yzUd1QjSvziQ.job] [CalendarFailoverJob] 0 accounts received for enabling synchronization.
2023-11-09 08:22:32,506 [.NET ThreadPool Worker] INFO  Calendar LogInfo - [N7VINAHSF0yzUd1QjSvziQ.job] [CalendarFailoverJob] Synchronization of 0 accounts is enabled.
2023-11-09 08:22:32,506 [.NET ThreadPool Worker] INFO  Calendar LogInfo - [N7VINAHSF0yzUd1QjSvziQ.job] [CalendarFailoverJob] ended.
2023-11-09 08:37:32,460 [.NET ThreadPool Worker] INFO  Calendar LogInfo - [S0rb6azkU6amxj4D8dSw.job] [CalendarFailoverJob] started.
2023-11-09 08:37:32,462 [.NET ThreadPool Worker] INFO  Calendar LogInfo - [S0rb6azkU6amxj4D8dSw.job] [CalendarFailoverJob] 0 accounts received for enabling synchronization.
2023-11-09 08:37:32,462 [.NET ThreadPool Worker] INFO  Calendar LogInfo - [S0rb6azkU6amxj4D8dSw.job] [CalendarFailoverJob] Synchronization of 0 accounts is enabled.
2023-11-09 08:37:32,462 [.NET ThreadPool Worker] INFO  Calendar LogInfo - [S0rb6azkU6amxj4D8dSw.job] [CalendarFailoverJob] ended.
2023-11-09 08:52:32,440 [.NET ThreadPool Worker] INFO  Calendar LogInfo - [ebWLZiQbO0qMKxRDS6aILg.job] [CalendarFailoverJob] started.
2023-11-09 08:52:32,440 [.NET ThreadPool Worker] INFO  Calendar LogInfo - [ebWLZiQbO0qMKxRDS6aILg.job] [CalendarFailoverJob] 0 accounts received for enabling synchronization.
2023-11-09 08:52:32,440 [.NET ThreadPool Worker] INFO  Calendar LogInfo - [ebWLZiQbO0qMKxRDS6aILg.job] [CalendarFailoverJob] Synchronization of 0 accounts is enabled.
2023-11-09 08:52:32,440 [.NET ThreadPool Worker] INFO  Calendar LogInfo - [ebWLZiQbO0qMKxRDS6aILg.job] [CalendarFailoverJob] ended.
2023-11-09 09:07:32,536 [.NET ThreadPool Worker] INFO  Calendar LogInfo - [97OjN75502txFI2wa4FA.job] [CalendarFailoverJob] started.
2023-11-09 09:07:32,536 [.NET ThreadPool Worker] INFO  Calendar LogInfo - [97OjN75502txFI2wa4FA.job] [CalendarFailoverJob] 0 accounts received for enabling synchronization.
2023-11-09 09:07:32,536 [.NET ThreadPool Worker] INFO  Calendar LogInfo - [97OjN75502txFI2wa4FA.job] [CalendarFailoverJob] Synchronization of 0 accounts is enabled.
2023-11-09 09:07:32,541 [.NET ThreadPool Worker] INFO  Calendar LogInfo - [97OjN75502txFI2wa4FA.job] [CalendarFailoverJob] ended.
2023-11-09 09:22:32,506 [.NET ThreadPool Worker] INFO  Calendar LogInfo - [dIeTYUl8i02142x1a0MhfQ.job] [CalendarFailoverJob] started.
2023-11-09 09:22:32,509 [.NET ThreadPool Worker] INFO  Calendar LogInfo - [dIeTYUl8i02142x1a0MhfQ.job] [CalendarFailoverJob] 0 accounts received for enabling synchronization.
2023-11-09 09:22:32,509 [.NET ThreadPool Worker] INFO  Calendar LogInfo - [dIeTYUl8i02142x1a0MhfQ.job] [CalendarFailoverJob] Synchronization of 0 accounts is enabled.
2023-11-09 09:22:32,509 [.NET ThreadPool Worker] INFO  Calendar LogInfo - [dIeTYUl8i02142x1a0MhfQ.job] [CalendarFailoverJob] ended.
2023-11-09 09:37:32,542 [.NET ThreadPool Worker] INFO  Calendar LogInfo - [Ehyl14pIRUGVq75Zg9PCQ.job] [CalendarFailoverJob] started.
2023-11-09 09:37:32,547 [.NET ThreadPool Worker] INFO  Calendar LogInfo - [Ehyl14pIRUGVq75Zg9PCQ.job] [CalendarFailoverJob] 0 accounts received for enabling synchronization.
2023-11-09 09:37:32,547 [.NET ThreadPool Worker] INFO  Calendar LogInfo - [Ehyl14pIRUGVq75Zg9PCQ.job] [CalendarFailoverJob] Synchronization of 0 accounts is enabled.
2023-11-09 09:37:32,549 [.NET ThreadPool Worker] INFO  Calendar LogInfo - [Ehyl14pIRUGVq75Zg9PCQ.job] [CalendarFailoverJob] ended.
2023-11-09 09:52:32,529 [.NET ThreadPool Worker] INFO  Calendar LogInfo - [VNq2azcXB0Os4hURMPh2Og.job] [CalendarFailoverJob] started.
2023-11-09 09:52:32,529 [.NET ThreadPool Worker] INFO  Calendar LogInfo - [VNq2azcXB0Os4hURMPh2Og.job] [CalendarFailoverJob] 0 accounts received for enabling synchronization.
2023-11-09 09:52:32,529 [.NET ThreadPool Worker] INFO  Calendar LogInfo - [VNq2azcXB0Os4hURMPh2Og.job] [CalendarFailoverJob] Synchronization of 0 accounts is enabled.
2023-11-09 09:52:32,533 [.NET ThreadPool Worker] INFO  Calendar LogInfo - [VNq2azcXB0Os4hURMPh2Og.job] [CalendarFailoverJob] ended.
2023-11-09 10:07:32,492 [.NET ThreadPool Worker] INFO  Calendar LogInfo - [zcfovDvEmEiTx2blR9vNYA.job] [CalendarFailoverJob] started.
2023-11-09 10:07:32,492 [.NET ThreadPool Worker] INFO  Calendar LogInfo - [zcfovDvEmEiTx2blR9vNYA.job] [CalendarFailoverJob] 0 accounts received for enabling synchronization.
2023-11-09 10:07:32,492 [.NET ThreadPool Worker] INFO  Calendar LogInfo - [zcfovDvEmEiTx2blR9vNYA.job] [CalendarFailoverJob] Synchronization of 0 accounts is enabled.
2023-11-09 10:07:32,492 [.NET ThreadPool Worker] INFO  Calendar LogInfo - [zcfovDvEmEiTx2blR9vNYA.job] [CalendarFailoverJob] ended.
2023-11-09 10:22:32,455 [.NET ThreadPool Worker] INFO  Calendar LogInfo - [lhajk1t2kNGXyO9SNg.job] [CalendarFailoverJob] started.
2023-11-09 10:22:32,457 [.NET ThreadPool Worker] INFO  Calendar LogInfo - [lhajk1t2kNGXyO9SNg.job] [CalendarFailoverJob] 0 accounts received for enabling synchronization.
2023-11-09 10:22:32,457 [.NET ThreadPool Worker] INFO  Calendar LogInfo - [lhajk1t2kNGXyO9SNg.job] [CalendarFailoverJob] Synchronization of 0 accounts is enabled.
2023-11-09 10:22:32,457 [.NET ThreadPool Worker] INFO  Calendar LogInfo - [lhajk1t2kNGXyO9SNg.job] [CalendarFailoverJob] ended.
2023-11-09 10:37:32,494 [.NET ThreadPool Worker] INFO  Calendar LogInfo - [NKnWJ6icEEGK1wYIYL9A.job] [CalendarFailoverJob] started.
2023-11-09 10:37:32,497 [.NET ThreadPool Worker] INFO  Calendar LogInfo - [NKnWJ6icEEGK1wYIYL9A.job] [CalendarFailoverJob] 0 accounts received for enabling synchronization.
2023-11-09 10:37:32,497 [.NET ThreadPool Worker] INFO  Calendar LogInfo - [NKnWJ6icEEGK1wYIYL9A.job] [CalendarFailoverJob] Synchronization of 0 accounts is enabled.
2023-11-09 10:37:32,497 [.NET ThreadPool Worker] INFO  Calendar LogInfo - [NKnWJ6icEEGK1wYIYL9A.job] [CalendarFailoverJob] ended.
2023-11-09 10:52:32,454 [.NET ThreadPool Worker] INFO  Calendar LogInfo - [uxEm2L5kKE6qbO0TdMuI7w.job] [CalendarFailoverJob] started.
2023-11-09 10:52:32,454 [.NET ThreadPool Worker] INFO  Calendar LogInfo - [uxEm2L5kKE6qbO0TdMuI7w.job] [CalendarFailoverJob] 0 accounts received for enabling synchronization.
2023-11-09 10:52:32,454 [.NET ThreadPool Worker] INFO  Calendar LogInfo - [uxEm2L5kKE6qbO0TdMuI7w.job] [CalendarFailoverJob] Synchronization of 0 accounts is enabled.
2023-11-09 10:52:32,457 [.NET ThreadPool Worker] INFO  Calendar LogInfo - [uxEm2L5kKE6qbO0TdMuI7w.job] [CalendarFailoverJob] ended.
2023-11-09 11:07:32,478 [.NET ThreadPool Worker] INFO  Calendar LogInfo - [GC4WQyFSkyPLenQHriqSQ.job] [CalendarFailoverJob] started.
2023-11-09 11:07:32,481 [.NET ThreadPool Worker] INFO  Calendar LogInfo - [GC4WQyFSkyPLenQHriqSQ.job] [CalendarFailoverJob] 0 accounts received for enabling synchronization.
2023-11-09 11:07:32,481 [.NET ThreadPool Worker] INFO  Calendar LogInfo - [GC4WQyFSkyPLenQHriqSQ.job] [CalendarFailoverJob] Synchronization of 0 accounts is enabled.
2023-11-09 11:07:32,481 [.NET ThreadPool Worker] INFO  Calendar LogInfo - [GC4WQyFSkyPLenQHriqSQ.job] [CalendarFailoverJob] ended.
2023-11-09 11:22:32,510 [.NET ThreadPool Worker] INFO  Calendar LogInfo - [39dRyjk69NMfi64G1cA.job] [CalendarFailoverJob] started.
2023-11-09 11:22:32,512 [.NET ThreadPool Worker] INFO  Calendar LogInfo - [39dRyjk69NMfi64G1cA.job] [CalendarFailoverJob] 0 accounts received for enabling synchronization.
2023-11-09 11:22:32,512 [.NET ThreadPool Worker] INFO  Calendar LogInfo - [39dRyjk69NMfi64G1cA.job] [CalendarFailoverJob] Synchronization of 0 accounts is enabled.
2023-11-09 11:22:32,512 [.NET ThreadPool Worker] INFO  Calendar LogInfo - [39dRyjk69NMfi64G1cA.job] [CalendarFailoverJob] ended.
2023-11-09 11:37:32,497 [.NET ThreadPool Worker] INFO  Calendar LogInfo - [3U5FIGfGu0a2kUPzW75eiQ.job] [CalendarFailoverJob] started.
2023-11-09 11:37:32,497 [.NET ThreadPool Worker] INFO  Calendar LogInfo - [3U5FIGfGu0a2kUPzW75eiQ.job] [CalendarFailoverJob] 0 accounts received for enabling synchronization.
2023-11-09 11:37:32,497 [.NET ThreadPool Worker] INFO  Calendar LogInfo - [3U5FIGfGu0a2kUPzW75eiQ.job] [CalendarFailoverJob] Synchronization of 0 accounts is enabled.
2023-11-09 11:37:32,502 [.NET ThreadPool Worker] INFO  Calendar LogInfo - [3U5FIGfGu0a2kUPzW75eiQ.job] [CalendarFailoverJob] ended.
2023-11-09 11:52:32,505 [.NET ThreadPool Worker] INFO  Calendar LogInfo - [HttWfRv3OEmnGJkESYjAuw.job] [CalendarFailoverJob] started.
2023-11-09 11:52:32,508 [.NET ThreadPool Worker] INFO  Calendar LogInfo - [HttWfRv3OEmnGJkESYjAuw.job] [CalendarFailoverJob] 0 accounts received for enabling synchronization.
2023-11-09 11:52:32,508 [.NET ThreadPool Worker] INFO  Calendar LogInfo - [HttWfRv3OEmnGJkESYjAuw.job] [CalendarFailoverJob] Synchronization of 0 accounts is enabled.
2023-11-09 11:52:32,508 [.NET ThreadPool Worker] INFO  Calendar LogInfo - [HttWfRv3OEmnGJkESYjAuw.job] [CalendarFailoverJob] ended.
2023-11-09 12:07:32,506 [.NET ThreadPool Worker] INFO  Calendar LogInfo - [T1XvsA7AC0OFNSvv3enHg.job] [CalendarFailoverJob] started.
2023-11-09 12:07:32,509 [.NET ThreadPool Worker] INFO  Calendar LogInfo - [T1XvsA7AC0OFNSvv3enHg.job] [CalendarFailoverJob] 0 accounts received for enabling synchronization.
2023-11-09 12:07:32,509 [.NET ThreadPool Worker] INFO  Calendar LogInfo - [T1XvsA7AC0OFNSvv3enHg.job] [CalendarFailoverJob] Synchronization of 0 accounts is enabled.
2023-11-09 12:07:32,509 [.NET ThreadPool Worker] INFO  Calendar LogInfo - [T1XvsA7AC0OFNSvv3enHg.job] [CalendarFailoverJob] ended.
2023-11-09 12:22:32,505 [.NET ThreadPool Worker] INFO  Calendar LogInfo - [tg8aoZp0S7Q220JMJCRg.job] [CalendarFailoverJob] started.
2023-11-09 12:22:32,508 [.NET ThreadPool Worker] INFO  Calendar LogInfo - [tg8aoZp0S7Q220JMJCRg.job] [CalendarFailoverJob] 0 accounts received for enabling synchronization.
2023-11-09 12:22:32,508 [.NET ThreadPool Worker] INFO  Calendar LogInfo - [tg8aoZp0S7Q220JMJCRg.job] [CalendarFailoverJob] Synchronization of 0 accounts is enabled.
2023-11-09 12:22:32,508 [.NET ThreadPool Worker] INFO  Calendar LogInfo - [tg8aoZp0S7Q220JMJCRg.job] [CalendarFailoverJob] ended.
2023-11-09 12:37:32,427 [.NET ThreadPool Worker] INFO  Calendar LogInfo - [PqeExbRHm0a4OpvxejsJtg.job] [CalendarFailoverJob] started.
2023-11-09 12:37:32,429 [.NET ThreadPool Worker] INFO  Calendar LogInfo - [PqeExbRHm0a4OpvxejsJtg.job] [CalendarFailoverJob] 0 accounts received for enabling synchronization.
2023-11-09 12:37:32,429 [.NET ThreadPool Worker] INFO  Calendar LogInfo - [PqeExbRHm0a4OpvxejsJtg.job] [CalendarFailoverJob] Synchronization of 0 accounts is enabled.
2023-11-09 12:37:32,429 [.NET ThreadPool Worker] INFO  Calendar LogInfo - [PqeExbRHm0a4OpvxejsJtg.job] [CalendarFailoverJob] ended.
2023-11-09 12:52:32,423 [.NET ThreadPool Worker] INFO  Calendar LogInfo - [Hdx8OgJk2JveKNnbwXSg.job] [CalendarFailoverJob] started.
2023-11-09 12:52:32,425 [.NET ThreadPool Worker] INFO  Calendar LogInfo - [Hdx8OgJk2JveKNnbwXSg.job] [CalendarFailoverJob] 0 accounts received for enabling synchronization.
2023-11-09 12:52:32,425 [.NET ThreadPool Worker] INFO  Calendar LogInfo - [Hdx8OgJk2JveKNnbwXSg.job] [CalendarFailoverJob] Synchronization of 0 accounts is enabled.
2023-11-09 12:52:32,425 [.NET ThreadPool Worker] INFO  Calendar LogInfo - [Hdx8OgJk2JveKNnbwXSg.job] [CalendarFailoverJob] ended.
2023-11-09 13:07:32,422 [.NET ThreadPool Worker] INFO  Calendar LogInfo - [MG6rVuGwtkawjzlyBbZ6aA.job] [CalendarFailoverJob] started.
2023-11-09 13:07:32,422 [.NET ThreadPool Worker] INFO  Calendar LogInfo - [MG6rVuGwtkawjzlyBbZ6aA.job] [CalendarFailoverJob] 0 accounts received for enabling synchronization.
2023-11-09 13:07:32,424 [.NET ThreadPool Worker] INFO  Calendar LogInfo - [MG6rVuGwtkawjzlyBbZ6aA.job] [CalendarFailoverJob] Synchronization of 0 accounts is enabled.
2023-11-09 13:07:32,424 [.NET ThreadPool Worker] INFO  Calendar LogInfo - [MG6rVuGwtkawjzlyBbZ6aA.job] [CalendarFailoverJob] ended.
2023-11-09 13:22:32,425 [.NET ThreadPool Worker] INFO  Calendar LogInfo - [Pjl0kdGJEy5mBKlzAlwwA.job] [CalendarFailoverJob] started.
2023-11-09 13:22:32,425 [.NET ThreadPool Worker] INFO  Calendar LogInfo - [Pjl0kdGJEy5mBKlzAlwwA.job] [CalendarFailoverJob] 0 accounts received for enabling synchronization.
2023-11-09 13:22:32,425 [.NET ThreadPool Worker] INFO  Calendar LogInfo - [Pjl0kdGJEy5mBKlzAlwwA.job] [CalendarFailoverJob] Synchronization of 0 accounts is enabled.
2023-11-09 13:22:32,425 [.NET ThreadPool Worker] INFO  Calendar LogInfo - [Pjl0kdGJEy5mBKlzAlwwA.job] [CalendarFailoverJob] ended.
2023-11-09 13:37:32,432 [.NET ThreadPool Worker] INFO  Calendar LogInfo - [TV5VnXMc0KbQvaq4cPjw.job] [CalendarFailoverJob] started.
2023-11-09 13:37:32,432 [.NET ThreadPool Worker] INFO  Calendar LogInfo - [TV5VnXMc0KbQvaq4cPjw.job] [CalendarFailoverJob] 0 accounts received for enabling synchronization.
2023-11-09 13:37:32,432 [.NET ThreadPool Worker] INFO  Calendar LogInfo - [TV5VnXMc0KbQvaq4cPjw.job] [CalendarFailoverJob] Synchronization of 0 accounts is enabled.
2023-11-09 13:37:32,432 [.NET ThreadPool Worker] INFO  Calendar LogInfo - [TV5VnXMc0KbQvaq4cPjw.job] [CalendarFailoverJob] ended.
2023-11-09 13:52:32,537 [.NET ThreadPool Worker] INFO  Calendar LogInfo - [SPtrKedYkGNdHoLdmhw.job] [CalendarFailoverJob] started.
2023-11-09 13:52:32,537 [.NET ThreadPool Worker] INFO  Calendar LogInfo - [SPtrKedYkGNdHoLdmhw.job] [CalendarFailoverJob] 0 accounts received for enabling synchronization.
2023-11-09 13:52:32,537 [.NET ThreadPool Worker] INFO  Calendar LogInfo - [SPtrKedYkGNdHoLdmhw.job] [CalendarFailoverJob] Synchronization of 0 accounts is enabled.
2023-11-09 13:52:32,542 [.NET ThreadPool Worker] INFO  Calendar LogInfo - [SPtrKedYkGNdHoLdmhw.job] [CalendarFailoverJob] ended.
2023-11-09 14:07:32,483 [.NET ThreadPool Worker] INFO  Calendar LogInfo - [NKDTPANaQEu3gcjVRH4XBA.job] [CalendarFailoverJob] started.
2023-11-09 14:07:32,485 [.NET ThreadPool Worker] INFO  Calendar LogInfo - [NKDTPANaQEu3gcjVRH4XBA.job] [CalendarFailoverJob] 0 accounts received for enabling synchronization.
2023-11-09 14:07:32,485 [.NET ThreadPool Worker] INFO  Calendar LogInfo - [NKDTPANaQEu3gcjVRH4XBA.job] [CalendarFailoverJob] Synchronization of 0 accounts is enabled.
2023-11-09 14:07:32,485 [.NET ThreadPool Worker] INFO  Calendar LogInfo - [NKDTPANaQEu3gcjVRH4XBA.job] [CalendarFailoverJob] ended.
2023-11-09 14:22:32,434 [.NET ThreadPool Worker] INFO  Calendar LogInfo - [NXUWH5IG0CwAziuNwPpyw.job] [CalendarFailoverJob] started.
2023-11-09 14:22:32,437 [.NET ThreadPool Worker] INFO  Calendar LogInfo - [NXUWH5IG0CwAziuNwPpyw.job] [CalendarFailoverJob] 0 accounts received for enabling synchronization.
2023-11-09 14:22:32,437 [.NET ThreadPool Worker] INFO  Calendar LogInfo - [NXUWH5IG0CwAziuNwPpyw.job] [CalendarFailoverJob] Synchronization of 0 accounts is enabled.
2023-11-09 14:22:32,437 [.NET ThreadPool Worker] INFO  Calendar LogInfo - [NXUWH5IG0CwAziuNwPpyw.job] [CalendarFailoverJob] ended.
2023-11-09 14:37:32,497 [.NET ThreadPool Worker] INFO  Calendar LogInfo - [MLhH7sCx60yNfwpgqZu3w.job] [CalendarFailoverJob] started.
2023-11-09 14:37:32,497 [.NET ThreadPool Worker] INFO  Calendar LogInfo - [MLhH7sCx60yNfwpgqZu3w.job] [CalendarFailoverJob] 0 accounts received for enabling synchronization.
2023-11-09 14:37:32,497 [.NET ThreadPool Worker] INFO  Calendar LogInfo - [MLhH7sCx60yNfwpgqZu3w.job] [CalendarFailoverJob] Synchronization of 0 accounts is enabled.
2023-11-09 14:37:32,501 [.NET ThreadPool Worker] INFO  Calendar LogInfo - [MLhH7sCx60yNfwpgqZu3w.job] [CalendarFailoverJob] ended.
2023-11-09 14:52:32,485 [.NET ThreadPool Worker] INFO  Calendar LogInfo - [Qs4gpsKZ0kXDvPi0RmArw.job] [CalendarFailoverJob] started.
2023-11-09 14:52:32,485 [.NET ThreadPool Worker] INFO  Calendar LogInfo - [Qs4gpsKZ0kXDvPi0RmArw.job] [CalendarFailoverJob] 0 accounts received for enabling synchronization.
2023-11-09 14:52:32,485 [.NET ThreadPool Worker] INFO  Calendar LogInfo - [Qs4gpsKZ0kXDvPi0RmArw.job] [CalendarFailoverJob] Synchronization of 0 accounts is enabled.
2023-11-09 14:52:32,490 [.NET ThreadPool Worker] INFO  Calendar LogInfo - [Qs4gpsKZ0kXDvPi0RmArw.job] [CalendarFailoverJob] ended.
2023-11-09 15:07:32,507 [.NET ThreadPool Worker] INFO  Calendar LogInfo - [tF9A49d3eU2gBAL9SxXx0g.job] [CalendarFailoverJob] started.
2023-11-09 15:07:32,511 [.NET ThreadPool Worker] INFO  Calendar LogInfo - [tF9A49d3eU2gBAL9SxXx0g.job] [CalendarFailoverJob] 0 accounts received for enabling synchronization.
2023-11-09 15:07:32,511 [.NET ThreadPool Worker] INFO  Calendar LogInfo - [tF9A49d3eU2gBAL9SxXx0g.job] [CalendarFailoverJob] Synchronization of 0 accounts is enabled.
2023-11-09 15:07:32,513 [.NET ThreadPool Worker] INFO  Calendar LogInfo - [tF9A49d3eU2gBAL9SxXx0g.job] [CalendarFailoverJob] ended.
2023-11-09 15:22:32,561 [.NET ThreadPool Worker] INFO  Calendar LogInfo - [xihHxAC2kiCedrliFekg.job] [CalendarFailoverJob] started.
2023-11-09 15:22:32,566 [.NET ThreadPool Worker] INFO  Calendar LogInfo - [xihHxAC2kiCedrliFekg.job] [CalendarFailoverJob] 0 accounts received for enabling synchronization.
2023-11-09 15:22:32,566 [.NET ThreadPool Worker] INFO  Calendar LogInfo - [xihHxAC2kiCedrliFekg.job] [CalendarFailoverJob] Synchronization of 0 accounts is enabled.
2023-11-09 15:22:32,569 [.NET ThreadPool Worker] INFO  Calendar LogInfo - [xihHxAC2kiCedrliFekg.job] [CalendarFailoverJob] ended.
2023-11-09 15:37:32,494 [.NET ThreadPool Worker] INFO  Calendar LogInfo - [uufSn3K4q022H8idGITyCg.job] [CalendarFailoverJob] started.
2023-11-09 15:37:32,498 [.NET ThreadPool Worker] INFO  Calendar LogInfo - [uufSn3K4q022H8idGITyCg.job] [CalendarFailoverJob] 0 accounts received for enabling synchronization.
2023-11-09 15:37:32,498 [.NET ThreadPool Worker] INFO  Calendar LogInfo - [uufSn3K4q022H8idGITyCg.job] [CalendarFailoverJob] Synchronization of 0 accounts is enabled.
2023-11-09 15:37:32,498 [.NET ThreadPool Worker] INFO  Calendar LogInfo - [uufSn3K4q022H8idGITyCg.job] [CalendarFailoverJob] ended.
2023-11-09 15:52:32,535 [.NET ThreadPool Worker] INFO  Calendar LogInfo - [ZzfR8svYCUWnLmqsaIXFOw.job] [CalendarFailoverJob] started.
2023-11-09 15:52:32,540 [.NET ThreadPool Worker] INFO  Calendar LogInfo - [ZzfR8svYCUWnLmqsaIXFOw.job] [CalendarFailoverJob] 0 accounts received for enabling synchronization.
2023-11-09 15:52:32,540 [.NET ThreadPool Worker] INFO  Calendar LogInfo - [ZzfR8svYCUWnLmqsaIXFOw.job] [CalendarFailoverJob] Synchronization of 0 accounts is enabled.
2023-11-09 15:52:32,543 [.NET ThreadPool Worker] INFO  Calendar LogInfo - [ZzfR8svYCUWnLmqsaIXFOw.job] [CalendarFailoverJob] ended.
2023-11-09 16:07:32,490 [.NET ThreadPool Worker] INFO  Calendar LogInfo - [EVYwQEERWEacvtVGcSxwA.job] [CalendarFailoverJob] started.
2023-11-09 16:07:32,493 [.NET ThreadPool Worker] INFO  Calendar LogInfo - [EVYwQEERWEacvtVGcSxwA.job] [CalendarFailoverJob] 0 accounts received for enabling synchronization.
2023-11-09 16:07:32,493 [.NET ThreadPool Worker] INFO  Calendar LogInfo - [EVYwQEERWEacvtVGcSxwA.job] [CalendarFailoverJob] Synchronization of 0 accounts is enabled.
2023-11-09 16:07:32,493 [.NET ThreadPool Worker] INFO  Calendar LogInfo - [EVYwQEERWEacvtVGcSxwA.job] [CalendarFailoverJob] ended.
2023-11-09 16:22:32,489 [.NET ThreadPool Worker] INFO  Calendar LogInfo - [4O1Mng4h6UKZ2B6IQCFKw.job] [CalendarFailoverJob] started.
2023-11-09 16:22:32,489 [.NET ThreadPool Worker] INFO  Calendar LogInfo - [4O1Mng4h6UKZ2B6IQCFKw.job] [CalendarFailoverJob] 0 accounts received for enabling synchronization.
2023-11-09 16:22:32,489 [.NET ThreadPool Worker] INFO  Calendar LogInfo - [4O1Mng4h6UKZ2B6IQCFKw.job] [CalendarFailoverJob] Synchronization of 0 accounts is enabled.
2023-11-09 16:22:32,493 [.NET ThreadPool Worker] INFO  Calendar LogInfo - [4O1Mng4h6UKZ2B6IQCFKw.job] [CalendarFailoverJob] ended.
2023-11-09 16:37:32,529 [.NET ThreadPool Worker] INFO  Calendar LogInfo - [A2VKimDCxEiCQffPB1qUoQ.job] [CalendarFailoverJob] started.
2023-11-09 16:37:32,536 [.NET ThreadPool Worker] INFO  Calendar LogInfo - [A2VKimDCxEiCQffPB1qUoQ.job] [CalendarFailoverJob] 0 accounts received for enabling synchronization.
2023-11-09 16:37:32,537 [.NET ThreadPool Worker] INFO  Calendar LogInfo - [A2VKimDCxEiCQffPB1qUoQ.job] [CalendarFailoverJob] Synchronization of 0 accounts is enabled.
2023-11-09 16:37:32,541 [.NET ThreadPool Worker] INFO  Calendar LogInfo - [A2VKimDCxEiCQffPB1qUoQ.job] [CalendarFailoverJob] ended.
2023-11-09 16:52:32,489 [.NET ThreadPool Worker] INFO  Calendar LogInfo - [PFyBykqeYkyuodQycDQzFg.job] [CalendarFailoverJob] started.
2023-11-09 16:52:32,494 [.NET ThreadPool Worker] INFO  Calendar LogInfo - [PFyBykqeYkyuodQycDQzFg.job] [CalendarFailoverJob] 0 accounts received for enabling synchronization.
2023-11-09 16:52:32,494 [.NET ThreadPool Worker] INFO  Calendar LogInfo - [PFyBykqeYkyuodQycDQzFg.job] [CalendarFailoverJob] Synchronization of 0 accounts is enabled.
2023-11-09 16:52:32,494 [.NET ThreadPool Worker] INFO  Calendar LogInfo - [PFyBykqeYkyuodQycDQzFg.job] [CalendarFailoverJob] ended.
2023-11-09 17:07:32,491 [.NET ThreadPool Worker] INFO  Calendar LogInfo - [8MAPitBjE2rt3M7xPb9DQ.job] [CalendarFailoverJob] started.
2023-11-09 17:07:32,494 [.NET ThreadPool Worker] INFO  Calendar LogInfo - [8MAPitBjE2rt3M7xPb9DQ.job] [CalendarFailoverJob] 0 accounts received for enabling synchronization.
2023-11-09 17:07:32,494 [.NET ThreadPool Worker] INFO  Calendar LogInfo - [8MAPitBjE2rt3M7xPb9DQ.job] [CalendarFailoverJob] Synchronization of 0 accounts is enabled.
2023-11-09 17:07:32,494 [.NET ThreadPool Worker] INFO  Calendar LogInfo - [8MAPitBjE2rt3M7xPb9DQ.job] [CalendarFailoverJob] ended.
2023-11-09 17:22:32,518 [.NET ThreadPool Worker] INFO  Calendar LogInfo - [7pt0NMRw1k65ZoSnHQuQlQ.job] [CalendarFailoverJob] started.
2023-11-09 17:22:32,522 [.NET ThreadPool Worker] INFO  Calendar LogInfo - [7pt0NMRw1k65ZoSnHQuQlQ.job] [CalendarFailoverJob] 0 accounts received for enabling synchronization.
2023-11-09 17:22:32,522 [.NET ThreadPool Worker] INFO  Calendar LogInfo - [7pt0NMRw1k65ZoSnHQuQlQ.job] [CalendarFailoverJob] Synchronization of 0 accounts is enabled.
2023-11-09 17:22:32,522 [.NET ThreadPool Worker] INFO  Calendar LogInfo - [7pt0NMRw1k65ZoSnHQuQlQ.job] [CalendarFailoverJob] ended.
2023-11-09 17:37:32,491 [.NET ThreadPool Worker] INFO  Calendar LogInfo - [vA7hDkcYv0iia66GIYNMkw.job] [CalendarFailoverJob] started.
2023-11-09 17:37:32,494 [.NET ThreadPool Worker] INFO  Calendar LogInfo - [vA7hDkcYv0iia66GIYNMkw.job] [CalendarFailoverJob] 0 accounts received for enabling synchronization.
2023-11-09 17:37:32,494 [.NET ThreadPool Worker] INFO  Calendar LogInfo - [vA7hDkcYv0iia66GIYNMkw.job] [CalendarFailoverJob] Synchronization of 0 accounts is enabled.
2023-11-09 17:37:32,494 [.NET ThreadPool Worker] INFO  Calendar LogInfo - [vA7hDkcYv0iia66GIYNMkw.job] [CalendarFailoverJob] ended.
2023-11-09 17:52:32,522 [.NET ThreadPool Worker] INFO  Calendar LogInfo - [z2wx1K8UCULVW0zGmNUg.job] [CalendarFailoverJob] started.
2023-11-09 17:52:32,525 [.NET ThreadPool Worker] INFO  Calendar LogInfo - [z2wx1K8UCULVW0zGmNUg.job] [CalendarFailoverJob] 0 accounts received for enabling synchronization.
2023-11-09 17:52:32,525 [.NET ThreadPool Worker] INFO  Calendar LogInfo - [z2wx1K8UCULVW0zGmNUg.job] [CalendarFailoverJob] Synchronization of 0 accounts is enabled.
2023-11-09 17:52:32,525 [.NET ThreadPool Worker] INFO  Calendar LogInfo - [z2wx1K8UCULVW0zGmNUg.job] [CalendarFailoverJob] ended.
2023-11-09 18:07:32,438 [.NET ThreadPool Worker] INFO  Calendar LogInfo - [eBfGtbiV60C4RvJZ8b661Q.job] [CalendarFailoverJob] started.
2023-11-09 18:07:32,440 [.NET ThreadPool Worker] INFO  Calendar LogInfo - [eBfGtbiV60C4RvJZ8b661Q.job] [CalendarFailoverJob] 0 accounts received for enabling synchronization.
2023-11-09 18:07:32,440 [.NET ThreadPool Worker] INFO  Calendar LogInfo - [eBfGtbiV60C4RvJZ8b661Q.job] [CalendarFailoverJob] Synchronization of 0 accounts is enabled.
2023-11-09 18:07:32,440 [.NET ThreadPool Worker] INFO  Calendar LogInfo - [eBfGtbiV60C4RvJZ8b661Q.job] [CalendarFailoverJob] ended.
2023-11-09 18:22:32,493 [.NET ThreadPool Worker] INFO  Calendar LogInfo - [eoTEa4KmYEeVvExfuPR3Gg.job] [CalendarFailoverJob] started.
2023-11-09 18:22:32,497 [.NET ThreadPool Worker] INFO  Calendar LogInfo - [eoTEa4KmYEeVvExfuPR3Gg.job] [CalendarFailoverJob] 0 accounts received for enabling synchronization.
2023-11-09 18:22:32,497 [.NET ThreadPool Worker] INFO  Calendar LogInfo - [eoTEa4KmYEeVvExfuPR3Gg.job] [CalendarFailoverJob] Synchronization of 0 accounts is enabled.
2023-11-09 18:22:32,497 [.NET ThreadPool Worker] INFO  Calendar LogInfo - [eoTEa4KmYEeVvExfuPR3Gg.job] [CalendarFailoverJob] ended.
2023-11-09 18:37:32,490 [.NET ThreadPool Worker] INFO  Calendar LogInfo - [upHosu4EkSDToDRTvXA.job] [CalendarFailoverJob] started.
2023-11-09 18:37:32,493 [.NET ThreadPool Worker] INFO  Calendar LogInfo - [upHosu4EkSDToDRTvXA.job] [CalendarFailoverJob] 0 accounts received for enabling synchronization.
2023-11-09 18:37:32,493 [.NET ThreadPool Worker] INFO  Calendar LogInfo - [upHosu4EkSDToDRTvXA.job] [CalendarFailoverJob] Synchronization of 0 accounts is enabled.
2023-11-09 18:37:32,493 [.NET ThreadPool Worker] INFO  Calendar LogInfo - [upHosu4EkSDToDRTvXA.job] [CalendarFailoverJob] ended.
2023-11-09 18:52:32,480 [.NET ThreadPool Worker] INFO  Calendar LogInfo - [JjgFaybUk6RqeuikevnBQ.job] [CalendarFailoverJob] started.
2023-11-09 18:52:32,480 [.NET ThreadPool Worker] INFO  Calendar LogInfo - [JjgFaybUk6RqeuikevnBQ.job] [CalendarFailoverJob] 0 accounts received for enabling synchronization.
2023-11-09 18:52:32,480 [.NET ThreadPool Worker] INFO  Calendar LogInfo - [JjgFaybUk6RqeuikevnBQ.job] [CalendarFailoverJob] Synchronization of 0 accounts is enabled.
2023-11-09 18:52:32,480 [.NET ThreadPool Worker] INFO  Calendar LogInfo - [JjgFaybUk6RqeuikevnBQ.job] [CalendarFailoverJob] ended.
2023-11-09 19:07:32,427 [.NET ThreadPool Worker] INFO  Calendar LogInfo - [ccXLQvQdUmuSbqeGr7JBg.job] [CalendarFailoverJob] started.
2023-11-09 19:07:32,430 [.NET ThreadPool Worker] INFO  Calendar LogInfo - [ccXLQvQdUmuSbqeGr7JBg.job] [CalendarFailoverJob] 0 accounts received for enabling synchronization.
2023-11-09 19:07:32,430 [.NET ThreadPool Worker] INFO  Calendar LogInfo - [ccXLQvQdUmuSbqeGr7JBg.job] [CalendarFailoverJob] Synchronization of 0 accounts is enabled.
2023-11-09 19:07:32,430 [.NET ThreadPool Worker] INFO  Calendar LogInfo - [ccXLQvQdUmuSbqeGr7JBg.job] [CalendarFailoverJob] ended.
2023-11-09 19:22:32,522 [.NET ThreadPool Worker] INFO  Calendar LogInfo - [9PqCiCpl05f4GYdJoA.job] [CalendarFailoverJob] started.
2023-11-09 19:22:32,525 [.NET ThreadPool Worker] INFO  Calendar LogInfo - [9PqCiCpl05f4GYdJoA.job] [CalendarFailoverJob] 0 accounts received for enabling synchronization.
2023-11-09 19:22:32,525 [.NET ThreadPool Worker] INFO  Calendar LogInfo - [9PqCiCpl05f4GYdJoA.job] [CalendarFailoverJob] Synchronization of 0 accounts is enabled.
2023-11-09 19:22:32,525 [.NET ThreadPool Worker] INFO  Calendar LogInfo - [9PqCiCpl05f4GYdJoA.job] [CalendarFailoverJob] ended.
2023-11-09 19:37:32,498 [.NET ThreadPool Worker] INFO  Calendar LogInfo - [rKOkzNSltki9bndIi1YfCw.job] [CalendarFailoverJob] started.
2023-11-09 19:37:32,501 [.NET ThreadPool Worker] INFO  Calendar LogInfo - [rKOkzNSltki9bndIi1YfCw.job] [CalendarFailoverJob] 0 accounts received for enabling synchronization.
2023-11-09 19:37:32,501 [.NET ThreadPool Worker] INFO  Calendar LogInfo - [rKOkzNSltki9bndIi1YfCw.job] [CalendarFailoverJob] Synchronization of 0 accounts is enabled.
2023-11-09 19:37:32,501 [.NET ThreadPool Worker] INFO  Calendar LogInfo - [rKOkzNSltki9bndIi1YfCw.job] [CalendarFailoverJob] ended.
2023-11-09 19:52:32,504 [.NET ThreadPool Worker] INFO  Calendar LogInfo - [RAuGRXmH0qRxrAlZAmtiA.job] [CalendarFailoverJob] started.
2023-11-09 19:52:32,504 [.NET ThreadPool Worker] INFO  Calendar LogInfo - [RAuGRXmH0qRxrAlZAmtiA.job] [CalendarFailoverJob] 0 accounts received for enabling synchronization.
2023-11-09 19:52:32,504 [.NET ThreadPool Worker] INFO  Calendar LogInfo - [RAuGRXmH0qRxrAlZAmtiA.job] [CalendarFailoverJob] Synchronization of 0 accounts is enabled.
2023-11-09 19:52:32,509 [.NET ThreadPool Worker] INFO  Calendar LogInfo - [RAuGRXmH0qRxrAlZAmtiA.job] [CalendarFailoverJob] ended.
2023-11-09 20:07:32,490 [.NET ThreadPool Worker] INFO  Calendar LogInfo - [OCJwdb970vQaqlflaNBA.job] [CalendarFailoverJob] started.
2023-11-09 20:07:32,493 [.NET ThreadPool Worker] INFO  Calendar LogInfo - [OCJwdb970vQaqlflaNBA.job] [CalendarFailoverJob] 0 accounts received for enabling synchronization.
2023-11-09 20:07:32,493 [.NET ThreadPool Worker] INFO  Calendar LogInfo - [OCJwdb970vQaqlflaNBA.job] [CalendarFailoverJob] Synchronization of 0 accounts is enabled.
2023-11-09 20:07:32,493 [.NET ThreadPool Worker] INFO  Calendar LogInfo - [OCJwdb970vQaqlflaNBA.job] [CalendarFailoverJob] ended.
2023-11-09 20:22:32,506 [.NET ThreadPool Worker] INFO  Calendar LogInfo - [tGEp5uOcf0mZC0c9dyQTRA.job] [CalendarFailoverJob] started.
2023-11-09 20:22:32,515 [.NET ThreadPool Worker] INFO  Calendar LogInfo - [tGEp5uOcf0mZC0c9dyQTRA.job] [CalendarFailoverJob] 0 accounts received for enabling synchronization.
2023-11-09 20:22:32,515 [.NET ThreadPool Worker] INFO  Calendar LogInfo - [tGEp5uOcf0mZC0c9dyQTRA.job] [CalendarFailoverJob] Synchronization of 0 accounts is enabled.
2023-11-09 20:22:32,519 [.NET ThreadPool Worker] INFO  Calendar LogInfo - [tGEp5uOcf0mZC0c9dyQTRA.job] [CalendarFailoverJob] ended.
2023-11-09 20:37:32,486 [.NET ThreadPool Worker] INFO  Calendar LogInfo - [D4KYckY10kOmeeqvkbAIFQ.job] [CalendarFailoverJob] started.
2023-11-09 20:37:32,486 [.NET ThreadPool Worker] INFO  Calendar LogInfo - [D4KYckY10kOmeeqvkbAIFQ.job] [CalendarFailoverJob] 0 accounts received for enabling synchronization.
2023-11-09 20:37:32,488 [.NET ThreadPool Worker] INFO  Calendar LogInfo - [D4KYckY10kOmeeqvkbAIFQ.job] [CalendarFailoverJob] Synchronization of 0 accounts is enabled.
2023-11-09 20:37:32,488 [.NET ThreadPool Worker] INFO  Calendar LogInfo - [D4KYckY10kOmeeqvkbAIFQ.job] [CalendarFailoverJob] ended.
2023-11-09 20:52:32,489 [.NET ThreadPool Worker] INFO  Calendar LogInfo - [3T72woGzvkWGRpBNILaFzg.job] [CalendarFailoverJob] started.
2023-11-09 20:52:32,493 [.NET ThreadPool Worker] INFO  Calendar LogInfo - [3T72woGzvkWGRpBNILaFzg.job] [CalendarFailoverJob] 0 accounts received for enabling synchronization.
2023-11-09 20:52:32,493 [.NET ThreadPool Worker] INFO  Calendar LogInfo - [3T72woGzvkWGRpBNILaFzg.job] [CalendarFailoverJob] Synchronization of 0 accounts is enabled.
2023-11-09 20:52:32,493 [.NET ThreadPool Worker] INFO  Calendar LogInfo - [3T72woGzvkWGRpBNILaFzg.job] [CalendarFailoverJob] ended.
