2023-11-03 16:40:04,150 [.NET ThreadPool Worker] INFO  Execute - ML model batch prediction job started
2023-11-03 16:40:04,155 [.NET ThreadPool Worker] INFO  Execute - Start to process (training, state sync) ML models
2023-11-03 16:40:04,155 [.NET ThreadPool Worker] DEBUG  CheckIsServiceUrlSet - There are no ML problem types with set ServiceUrl
2023-11-03 16:40:04,155 [.NET ThreadPool Worker] DEBUG  CheckIsServiceUrlSet - There are no ML problem types with set ServiceUrl
2023-11-03 16:41:38,922 [.NET ThreadPool Worker] WARN Supervisor <GetModelsGroupedByEntityName>b__1_0 - PredictedResultColumnName is empty for model 74ce4daa-aa40-411d-8152-1b16cc2e8c2b
Metadata: {
}
Entity schemaUid: a5657e6b-342d-4104-8ab8-aab37ef29860

2023-11-03 16:41:38,922 [.NET ThreadPool Worker] WARN Supervisor <GetModelsGroupedByEntityName>b__1_0 - PredictedResultColumnName is empty for model 8f57ed14-2c8a-47c8-a990-104698359451
Metadata: {
}
Entity schemaUid: a5657e6b-342d-4104-8ab8-aab37ef29860

2023-11-03 16:41:38,922 [.NET ThreadPool Worker] WARN Supervisor <GetModelsGroupedByEntityName>b__1_0 - PredictedResultColumnName is empty for model 6f8c5159-e07b-485d-bfa2-37dbf4f0a2d3
Metadata: {
}
Entity schemaUid: 117d32f9-8275-4534-8411-1c66115ce9cd

2023-11-03 16:41:38,922 [.NET ThreadPool Worker] WARN Supervisor <GetModelsGroupedByEntityName>b__1_0 - PredictedResultColumnName is empty for model b624f2fd-81e1-4e8d-890b-5184994d1154
Metadata: {
}
Entity schemaUid: 56143364-4580-4561-8814-8612fad2e5c0

2023-11-03 16:55:04,163 [.NET ThreadPool Worker] INFO  Execute - Start to process (training, state sync) ML models
2023-11-03 16:55:04,163 [.NET ThreadPool Worker] DEBUG  ProcessAllModels - There are no ML problem types with set ServiceUrl
2023-11-03 17:10:04,182 [.NET ThreadPool Worker] INFO  Execute - Start to process (training, state sync) ML models
2023-11-03 17:10:04,182 [.NET ThreadPool Worker] DEBUG  ProcessAllModels - There are no ML problem types with set ServiceUrl
2023-11-03 17:25:04,202 [.NET ThreadPool Worker] INFO  Execute - Start to process (training, state sync) ML models
2023-11-03 17:25:04,204 [.NET ThreadPool Worker] DEBUG  ProcessAllModels - There are no ML problem types with set ServiceUrl
2023-11-03 17:40:04,184 [.NET ThreadPool Worker] INFO  Execute - ML model batch prediction job started
2023-11-03 17:40:04,184 [.NET ThreadPool Worker] DEBUG  ProcessAllModels - There are no ML problem types with set ServiceUrl
2023-11-03 17:40:04,212 [.NET ThreadPool Worker] INFO  Execute - Start to process (training, state sync) ML models
2023-11-03 17:40:04,212 [.NET ThreadPool Worker] DEBUG  ProcessAllModels - There are no ML problem types with set ServiceUrl
2023-11-03 17:55:04,229 [.NET ThreadPool Worker] INFO  Execute - Start to process (training, state sync) ML models
2023-11-03 17:55:04,231 [.NET ThreadPool Worker] DEBUG  ProcessAllModels - There are no ML problem types with set ServiceUrl
2023-11-03 18:10:04,241 [.NET ThreadPool Worker] INFO  Execute - Start to process (training, state sync) ML models
2023-11-03 18:10:04,241 [.NET ThreadPool Worker] DEBUG  ProcessAllModels - There are no ML problem types with set ServiceUrl
2023-11-03 18:17:25,010 [.NET ThreadPool Worker] WARN Supervisor <GetModelsGroupedByEntityName>b__1_0 - PredictedResultColumnName is empty for model 74ce4daa-aa40-411d-8152-1b16cc2e8c2b
Metadata: {
}
Entity schemaUid: a5657e6b-342d-4104-8ab8-aab37ef29860

2023-11-03 18:17:25,012 [.NET ThreadPool Worker] WARN Supervisor <GetModelsGroupedByEntityName>b__1_0 - PredictedResultColumnName is empty for model 8f57ed14-2c8a-47c8-a990-104698359451
Metadata: {
}
Entity schemaUid: a5657e6b-342d-4104-8ab8-aab37ef29860

2023-11-03 18:17:25,012 [.NET ThreadPool Worker] WARN Supervisor <GetModelsGroupedByEntityName>b__1_0 - PredictedResultColumnName is empty for model 6f8c5159-e07b-485d-bfa2-37dbf4f0a2d3
Metadata: {
}
Entity schemaUid: 117d32f9-8275-4534-8411-1c66115ce9cd

2023-11-03 18:17:25,012 [.NET ThreadPool Worker] WARN Supervisor <GetModelsGroupedByEntityName>b__1_0 - PredictedResultColumnName is empty for model b624f2fd-81e1-4e8d-890b-5184994d1154
Metadata: {
}
Entity schemaUid: 56143364-4580-4561-8814-8612fad2e5c0

2023-11-03 18:18:57,051 [.NET ThreadPool Worker] INFO  Execute - ML model batch prediction job started
2023-11-03 18:18:57,058 [.NET ThreadPool Worker] DEBUG  ProcessAllModels - There are no ML problem types with set ServiceUrl
2023-11-03 18:18:57,067 [.NET ThreadPool Worker] INFO  Execute - Start to process (training, state sync) ML models
2023-11-03 18:18:57,067 [.NET ThreadPool Worker] DEBUG  ProcessAllModels - There are no ML problem types with set ServiceUrl
2023-11-03 18:18:57,117 [.NET ThreadPool Worker] INFO  Execute - ML model batch prediction job started
2023-11-03 18:18:57,119 [.NET ThreadPool Worker] DEBUG  ProcessAllModels - There are no ML problem types with set ServiceUrl
2023-11-03 18:18:57,124 [.NET ThreadPool Worker] INFO  Execute - Start to process (training, state sync) ML models
2023-11-03 18:18:57,124 [.NET ThreadPool Worker] DEBUG  ProcessAllModels - There are no ML problem types with set ServiceUrl
2023-11-03 18:18:59,205 [.NET ThreadPool Worker] INFO  Execute - ML model batch prediction job started
2023-11-03 18:18:59,205 [.NET ThreadPool Worker] DEBUG  ProcessAllModels - There are no ML problem types with set ServiceUrl
2023-11-03 18:18:59,214 [.NET ThreadPool Worker] INFO  Execute - Start to process (training, state sync) ML models
2023-11-03 18:18:59,214 [.NET ThreadPool Worker] DEBUG  ProcessAllModels - There are no ML problem types with set ServiceUrl
2023-11-03 18:25:00,547 [.NET ThreadPool Worker] INFO  Execute - Start to process (training, state sync) ML models
2023-11-03 18:25:00,551 [.NET ThreadPool Worker] INFO  Execute - ML model batch prediction job started
2023-11-03 18:25:00,559 [.NET ThreadPool Worker] DEBUG  CheckIsServiceUrlSet - There are no ML problem types with set ServiceUrl
2023-11-03 18:25:00,559 [.NET ThreadPool Worker] DEBUG  CheckIsServiceUrlSet - There are no ML problem types with set ServiceUrl
2023-11-03 18:55:07,469 [.NET ThreadPool Worker] WARN Supervisor <GetModelsGroupedByEntityName>b__1_0 - PredictedResultColumnName is empty for model 74ce4daa-aa40-411d-8152-1b16cc2e8c2b
Metadata: {
}
Entity schemaUid: a5657e6b-342d-4104-8ab8-aab37ef29860

2023-11-03 18:55:07,469 [.NET ThreadPool Worker] WARN Supervisor <GetModelsGroupedByEntityName>b__1_0 - PredictedResultColumnName is empty for model 8f57ed14-2c8a-47c8-a990-104698359451
Metadata: {
}
Entity schemaUid: a5657e6b-342d-4104-8ab8-aab37ef29860

2023-11-03 18:55:07,469 [.NET ThreadPool Worker] WARN Supervisor <GetModelsGroupedByEntityName>b__1_0 - PredictedResultColumnName is empty for model 6f8c5159-e07b-485d-bfa2-37dbf4f0a2d3
Metadata: {
}
Entity schemaUid: 117d32f9-8275-4534-8411-1c66115ce9cd

2023-11-03 18:55:07,469 [.NET ThreadPool Worker] WARN Supervisor <GetModelsGroupedByEntityName>b__1_0 - PredictedResultColumnName is empty for model b624f2fd-81e1-4e8d-890b-5184994d1154
Metadata: {
}
Entity schemaUid: 56143364-4580-4561-8814-8612fad2e5c0

2023-11-03 18:56:26,451 [.NET ThreadPool Worker] INFO  Execute - ML model batch prediction job started
2023-11-03 18:56:26,451 [.NET ThreadPool Worker] DEBUG  ProcessAllModels - There are no ML problem types with set ServiceUrl
2023-11-03 18:56:26,455 [.NET ThreadPool Worker] INFO  Execute - Start to process (training, state sync) ML models
2023-11-03 18:56:26,455 [.NET ThreadPool Worker] DEBUG  ProcessAllModels - There are no ML problem types with set ServiceUrl
2023-11-03 19:11:26,474 [.NET ThreadPool Worker] INFO  Execute - Start to process (training, state sync) ML models
2023-11-03 19:11:26,477 [.NET ThreadPool Worker] DEBUG  ProcessAllModels - There are no ML problem types with set ServiceUrl
2023-11-03 19:26:26,495 [.NET ThreadPool Worker] INFO  Execute - Start to process (training, state sync) ML models
2023-11-03 19:26:26,495 [.NET ThreadPool Worker] DEBUG  ProcessAllModels - There are no ML problem types with set ServiceUrl
2023-11-03 19:32:59,216 [.NET ThreadPool Worker] INFO  Execute - ML model batch prediction job started
2023-11-03 19:32:59,224 [.NET ThreadPool Worker] INFO  Execute - Start to process (training, state sync) ML models
2023-11-03 19:32:59,227 [.NET ThreadPool Worker] DEBUG  CheckIsServiceUrlSet - There are no ML problem types with set ServiceUrl
2023-11-03 19:32:59,227 [.NET ThreadPool Worker] DEBUG  CheckIsServiceUrlSet - There are no ML problem types with set ServiceUrl
2023-11-03 19:47:59,247 [.NET ThreadPool Worker] INFO  Execute - Start to process (training, state sync) ML models
2023-11-03 19:47:59,247 [.NET ThreadPool Worker] DEBUG  ProcessAllModels - There are no ML problem types with set ServiceUrl
2023-11-03 20:02:59,266 [.NET ThreadPool Worker] INFO  Execute - Start to process (training, state sync) ML models
2023-11-03 20:02:59,266 [.NET ThreadPool Worker] DEBUG  ProcessAllModels - There are no ML problem types with set ServiceUrl
2023-11-03 20:17:59,285 [.NET ThreadPool Worker] INFO  Execute - Start to process (training, state sync) ML models
2023-11-03 20:17:59,285 [.NET ThreadPool Worker] DEBUG  ProcessAllModels - There are no ML problem types with set ServiceUrl
2023-11-03 20:32:59,248 [.NET ThreadPool Worker] INFO  Execute - ML model batch prediction job started
2023-11-03 20:32:59,251 [.NET ThreadPool Worker] DEBUG  ProcessAllModels - There are no ML problem types with set ServiceUrl
2023-11-03 20:32:59,304 [.NET ThreadPool Worker] INFO  Execute - Start to process (training, state sync) ML models
2023-11-03 20:32:59,307 [.NET ThreadPool Worker] DEBUG  ProcessAllModels - There are no ML problem types with set ServiceUrl
2023-11-03 20:38:01,554 [.NET ThreadPool Worker] WARN Supervisor <GetModelsGroupedByEntityName>b__1_0 - PredictedResultColumnName is empty for model 74ce4daa-aa40-411d-8152-1b16cc2e8c2b
Metadata: {
}
Entity schemaUid: a5657e6b-342d-4104-8ab8-aab37ef29860

2023-11-03 20:38:01,558 [.NET ThreadPool Worker] WARN Supervisor <GetModelsGroupedByEntityName>b__1_0 - PredictedResultColumnName is empty for model 8f57ed14-2c8a-47c8-a990-104698359451
Metadata: {
}
Entity schemaUid: a5657e6b-342d-4104-8ab8-aab37ef29860

2023-11-03 20:38:01,558 [.NET ThreadPool Worker] WARN Supervisor <GetModelsGroupedByEntityName>b__1_0 - PredictedResultColumnName is empty for model 6f8c5159-e07b-485d-bfa2-37dbf4f0a2d3
Metadata: {
}
Entity schemaUid: 117d32f9-8275-4534-8411-1c66115ce9cd

2023-11-03 20:38:01,558 [.NET ThreadPool Worker] WARN Supervisor <GetModelsGroupedByEntityName>b__1_0 - PredictedResultColumnName is empty for model b624f2fd-81e1-4e8d-890b-5184994d1154
Metadata: {
}
Entity schemaUid: 56143364-4580-4561-8814-8612fad2e5c0

2023-11-03 20:39:20,068 [.NET ThreadPool Worker] INFO  Execute - ML model batch prediction job started
2023-11-03 20:39:20,070 [.NET ThreadPool Worker] DEBUG  ProcessAllModels - There are no ML problem types with set ServiceUrl
2023-11-03 20:39:20,076 [.NET ThreadPool Worker] INFO  Execute - Start to process (training, state sync) ML models
2023-11-03 20:39:20,076 [.NET ThreadPool Worker] DEBUG  ProcessAllModels - There are no ML problem types with set ServiceUrl
