2023-11-28 12:01:41,765 [1] WARN  Terrasoft.WebHost.Application OnAfterConfigure - Application starting
2023-11-28 12:01:48,360 [1] INFO  Terrasoft.Core.InMemoryPubSubServer .ctor - InMemoryPubSubServer started.
2023-11-28 12:01:50,005 [1] INFO  Terrasoft.WebHost.Application StartApplicationScheduler - Starting scheduler...
2023-11-28 12:01:50,005 [.NET ThreadPool Worker] INFO  Creatio.Messaging.MessageBus.RabbitMQ.Actors.OperationModeDispatcherActor OnReceive - OperationModeDispatcher initialized
2023-11-28 12:01:50,085 [1] INFO  Terrasoft.WebHost.Application StartApplicationScheduler - Scheduler started
2023-11-28 12:01:50,105 [1] INFO  Terrasoft.WebHost.Startup <MapODataServiceRoute>b__12_0 - OData service initialized successfully
2023-11-28 12:01:52,752 [1] INFO  Mailing CreateInstance - [ActiveContactsHandler.CreateInstance]: Job ActualizeActiveContacts for process ActualizeActiveContactsProcess scheduled
2023-11-28 12:01:52,753 [1] INFO  Mailing ActivateHandlers - MailingHandlersUtilities.Instance of ActiveContactsHandler created.
2023-11-28 12:01:52,753 [1] INFO  Mailing ActivateHandlers - MailingHandlersUtilities.Instance of CESWebHooksHandler created.
2023-11-28 12:01:52,758 [1] INFO  Mailing CreateInstance - [ScheduledMailingsHandler.CreateInstance]: Job MandrillScheduledMailing for process ScheduleMassMailing with interval 1 scheduled
2023-11-28 12:01:52,758 [1] INFO  Mailing ActivateHandlers - MailingHandlersUtilities.Instance of ScheduledMailingsHandler created.
2023-11-28 12:01:52,758 [1] INFO  Mailing ActivateHandlers - MailingHandlersUtilities.Instance of MandrillAnaliticsHandler created.
2023-11-28 12:01:52,764 [1] INFO  Mailing ActivateHandlers - MailingHandlersUtilities.Instance of MandrillRecipientsHandler created.
2023-11-28 12:01:52,766 [1] INFO  Mailing ActivateHandlers - MailingHandlersUtilities.Instance of MandrillWebHooksHandler created.
2023-11-28 12:01:52,766 [1] INFO  Mailing ActivateHandlers - MailingHandlersUtilities.Instance of ArchiveBulkEmailTargetHandler created.
2023-11-28 12:01:56,164 [1] WARN  Terrasoft.WebHost.Application OnStart - Application started
2023-11-28 12:02:05,318 [.NET ThreadPool Worker] INFO Supervisor Terrasoft.Core.FeatureToggling.DbFeatureProvider AddOrUpdate - Merged duplicate 'UsePersistentFileImport' admin unit feature value. AdminUnitId = '7f3b869f-34f3-4f20-ab4d-7480a5fdf647'
2023-11-28 12:02:05,650 [.NET ThreadPool Worker] INFO Supervisor Terrasoft.Core.FeatureToggling.FeatureChangedNotificationHandler MoveNext - Handling  feature state change to 
2023-11-28 12:03:51,091 [.NET ThreadPool Worker] INFO  Calendar LogInfo - [oC3YKQWCZUW1KhlmNXe8wA.job] [CalendarFailoverJob] started.
2023-11-28 12:03:51,100 [.NET ThreadPool Worker] INFO  Calendar LogInfo - [oC3YKQWCZUW1KhlmNXe8wA.job] [CalendarFailoverJob] 0 accounts received for enabling synchronization.
2023-11-28 12:03:51,100 [.NET ThreadPool Worker] INFO  Calendar LogInfo - [oC3YKQWCZUW1KhlmNXe8wA.job] [CalendarFailoverJob] Synchronization of 0 accounts is enabled.
2023-11-28 12:03:51,105 [.NET ThreadPool Worker] INFO  Calendar LogInfo - [oC3YKQWCZUW1KhlmNXe8wA.job] [CalendarFailoverJob] ended.
2023-11-28 12:03:51,905 [.NET ThreadPool Worker] WARN  Terrasoft.Core.DB.EntitySchemaDbInfoActualizer Actualize - Actualization of EntitySchemaDbInfo started.
2023-11-28 12:03:51,946 [.NET ThreadPool Worker] WARN  Terrasoft.Core.DB.EntitySchemaDbInfoActualizer Actualize - Actualization of EntitySchemaDbInfo completed.
2023-11-28 12:18:50,217 [.NET ThreadPool Worker] INFO  Calendar LogInfo - [QfbRTG5uPUqLArGjgfHgfg.job] [CalendarFailoverJob] started.
2023-11-28 12:18:50,217 [.NET ThreadPool Worker] INFO  Calendar LogInfo - [QfbRTG5uPUqLArGjgfHgfg.job] [CalendarFailoverJob] 0 accounts received for enabling synchronization.
2023-11-28 12:18:50,217 [.NET ThreadPool Worker] INFO  Calendar LogInfo - [QfbRTG5uPUqLArGjgfHgfg.job] [CalendarFailoverJob] Synchronization of 0 accounts is enabled.
2023-11-28 12:18:50,221 [.NET ThreadPool Worker] INFO  Calendar LogInfo - [QfbRTG5uPUqLArGjgfHgfg.job] [CalendarFailoverJob] ended.
2023-11-28 12:33:50,282 [.NET ThreadPool Worker] INFO  Calendar LogInfo - [KDr6wtz3z0O5VeEtNrcjg.job] [CalendarFailoverJob] started.
2023-11-28 12:33:50,282 [.NET ThreadPool Worker] INFO  Calendar LogInfo - [KDr6wtz3z0O5VeEtNrcjg.job] [CalendarFailoverJob] 0 accounts received for enabling synchronization.
2023-11-28 12:33:50,282 [.NET ThreadPool Worker] INFO  Calendar LogInfo - [KDr6wtz3z0O5VeEtNrcjg.job] [CalendarFailoverJob] Synchronization of 0 accounts is enabled.
2023-11-28 12:33:50,285 [.NET ThreadPool Worker] INFO  Calendar LogInfo - [KDr6wtz3z0O5VeEtNrcjg.job] [CalendarFailoverJob] ended.
2023-11-28 12:48:50,287 [.NET ThreadPool Worker] INFO  Calendar LogInfo - [LRlHZrE0E21U4ptsAX4w.job] [CalendarFailoverJob] started.
2023-11-28 12:48:50,289 [.NET ThreadPool Worker] INFO  Calendar LogInfo - [LRlHZrE0E21U4ptsAX4w.job] [CalendarFailoverJob] 0 accounts received for enabling synchronization.
2023-11-28 12:48:50,289 [.NET ThreadPool Worker] INFO  Calendar LogInfo - [LRlHZrE0E21U4ptsAX4w.job] [CalendarFailoverJob] Synchronization of 0 accounts is enabled.
2023-11-28 12:48:50,289 [.NET ThreadPool Worker] INFO  Calendar LogInfo - [LRlHZrE0E21U4ptsAX4w.job] [CalendarFailoverJob] ended.
