2023-11-28 12:05:07,056 [.NET ThreadPool Worker] ERROR  MatomoConnector SynchronizeForContactsRequest - MatomoConnector.MatomoDataSyncManager.SynchronizeForContactsRequest. Exception. 
MatomoConnector.API.AuthException: Unable to send request because URL or API_KEY is incorrect.
   at MatomoConnector.API.BaseModule.SendRequest[T](String method, ParametersCollection parameters, Int32 offset)
   at MatomoConnector.API.SitesManagerModule.GetAllSites()
   at MatomoConnector.API.MatomoService.GetAllSites()
   at Terrasoft.Configuration.MatomoServiceFacade.GetSiteIds(IEnumerable`1 urls)
   at Terrasoft.Configuration.MatomoDataSyncManager.GetSiteIds(List`1 visitors)
   at Terrasoft.Configuration.MatomoDataSyncManager.SynchronizeForContactsRequest()
2023-11-28 12:05:07,085 [.NET ThreadPool Worker] ERROR  TouchPoints FireOnMessageDequeuedEvent - Message processing error. Message: {"$type":"Terrasoft.Configuration.MatomoContactsRequestMessage, CrtMatomoConnector","Type":1,"RequiresDeduplication":true}.
MatomoConnector.API.AuthException: Unable to send request because URL or API_KEY is incorrect.
   at MatomoConnector.API.BaseModule.SendRequest[T](String method, ParametersCollection parameters, Int32 offset)
   at MatomoConnector.API.SitesManagerModule.GetAllSites()
   at MatomoConnector.API.MatomoService.GetAllSites()
   at Terrasoft.Configuration.MatomoServiceFacade.GetSiteIds(IEnumerable`1 urls)
   at Terrasoft.Configuration.MatomoDataSyncManager.GetSiteIds(List`1 visitors)
   at Terrasoft.Configuration.MatomoDataSyncManager.SynchronizeForContactsRequest()
   at Terrasoft.Configuration.MatomoTouchQueueMessageProcessor.<InitStrategy>b__9_4(TouchQueueMessage baseMessage)
   at Terrasoft.Configuration.BaseTouchQueueMessageProcessor.ProcessMessage(BaseTaskQueueMessage message)
   at Terrasoft.Configuration.BaseQueueMessageProcessor.Process(BaseTaskQueueMessage message)
   at Terrasoft.Configuration.TouchQueueMessageProcessor.InternalProcess(TouchQueueMessage message)
   at Terrasoft.Configuration.TouchQueueMessageProcessor.Process(TouchQueueMessage message)
   at Terrasoft.Configuration.TouchQueueJobDispatcher.OnMessageDequeued(Object sender, TouchQueueMessage message)
   at Terrasoft.Configuration.BaseTaskQueueManager`1.FireOnMessageDequeuedEvent(T message)
   at Terrasoft.Configuration.TouchQueueManager.FireOnMessageDequeuedEvent(TouchQueueMessage message)
2023-11-28 12:05:07,097 [.NET ThreadPool Worker] ERROR  TouchPoints Execute - TouchQueueJobDispatcher failed to execute job.
MatomoConnector.API.AuthException: Unable to send request because URL or API_KEY is incorrect.
   at MatomoConnector.API.BaseModule.SendRequest[T](String method, ParametersCollection parameters, Int32 offset)
   at MatomoConnector.API.SitesManagerModule.GetAllSites()
   at MatomoConnector.API.MatomoService.GetAllSites()
   at Terrasoft.Configuration.MatomoServiceFacade.GetSiteIds(IEnumerable`1 urls)
   at Terrasoft.Configuration.MatomoDataSyncManager.GetSiteIds(List`1 visitors)
   at Terrasoft.Configuration.MatomoDataSyncManager.SynchronizeForContactsRequest()
   at Terrasoft.Configuration.MatomoTouchQueueMessageProcessor.<InitStrategy>b__9_4(TouchQueueMessage baseMessage)
   at Terrasoft.Configuration.BaseTouchQueueMessageProcessor.ProcessMessage(BaseTaskQueueMessage message)
   at Terrasoft.Configuration.BaseQueueMessageProcessor.Process(BaseTaskQueueMessage message)
   at Terrasoft.Configuration.TouchQueueMessageProcessor.InternalProcess(TouchQueueMessage message)
   at Terrasoft.Configuration.TouchQueueMessageProcessor.Process(TouchQueueMessage message)
   at Terrasoft.Configuration.TouchQueueJobDispatcher.OnMessageDequeued(Object sender, TouchQueueMessage message)
   at Terrasoft.Configuration.BaseTaskQueueManager`1.FireOnMessageDequeuedEvent(T message)
   at Terrasoft.Configuration.TouchQueueManager.FireOnMessageDequeuedEvent(TouchQueueMessage message)
   at Terrasoft.Configuration.BaseTaskQueueManager`1.InternalDequeue(IEnumerable`1 messageTypes)
   at Terrasoft.Configuration.BaseTaskQueueManager`1.Dequeue()
   at Terrasoft.Configuration.TouchQueueJobDispatcher.InternalExecute()
   at Terrasoft.Configuration.BaseQueueJobDispatcher.Execute(UserConnection userConnection, IDictionary`2 parameters)
2023-11-28 12:06:06,926 [.NET ThreadPool Worker] ERROR  MatomoConnector SynchronizeForContactsRequest - MatomoConnector.MatomoDataSyncManager.SynchronizeForContactsRequest. Exception. 
MatomoConnector.API.AuthException: Unable to send request because URL or API_KEY is incorrect.
   at MatomoConnector.API.BaseModule.SendRequest[T](String method, ParametersCollection parameters, Int32 offset)
   at MatomoConnector.API.SitesManagerModule.GetAllSites()
   at MatomoConnector.API.MatomoService.GetAllSites()
   at Terrasoft.Configuration.MatomoServiceFacade.GetSiteIds(IEnumerable`1 urls)
   at Terrasoft.Configuration.MatomoDataSyncManager.GetSiteIds(List`1 visitors)
   at Terrasoft.Configuration.MatomoDataSyncManager.SynchronizeForContactsRequest()
2023-11-28 12:06:06,931 [.NET ThreadPool Worker] ERROR  TouchPoints FireOnMessageDequeuedEvent - Message processing error. Message: {"$type":"Terrasoft.Configuration.MatomoContactsRequestMessage, CrtMatomoConnector","Type":1,"RequiresDeduplication":true}.
MatomoConnector.API.AuthException: Unable to send request because URL or API_KEY is incorrect.
   at MatomoConnector.API.BaseModule.SendRequest[T](String method, ParametersCollection parameters, Int32 offset)
   at MatomoConnector.API.SitesManagerModule.GetAllSites()
   at MatomoConnector.API.MatomoService.GetAllSites()
   at Terrasoft.Configuration.MatomoServiceFacade.GetSiteIds(IEnumerable`1 urls)
   at Terrasoft.Configuration.MatomoDataSyncManager.GetSiteIds(List`1 visitors)
   at Terrasoft.Configuration.MatomoDataSyncManager.SynchronizeForContactsRequest()
   at Terrasoft.Configuration.MatomoTouchQueueMessageProcessor.<InitStrategy>b__9_4(TouchQueueMessage baseMessage)
   at Terrasoft.Configuration.BaseTouchQueueMessageProcessor.ProcessMessage(BaseTaskQueueMessage message)
   at Terrasoft.Configuration.BaseQueueMessageProcessor.Process(BaseTaskQueueMessage message)
   at Terrasoft.Configuration.TouchQueueMessageProcessor.InternalProcess(TouchQueueMessage message)
   at Terrasoft.Configuration.TouchQueueMessageProcessor.Process(TouchQueueMessage message)
   at Terrasoft.Configuration.TouchQueueJobDispatcher.OnMessageDequeued(Object sender, TouchQueueMessage message)
   at Terrasoft.Configuration.BaseTaskQueueManager`1.FireOnMessageDequeuedEvent(T message)
   at Terrasoft.Configuration.TouchQueueManager.FireOnMessageDequeuedEvent(TouchQueueMessage message)
2023-11-28 12:06:06,931 [.NET ThreadPool Worker] ERROR  TouchPoints Execute - TouchQueueJobDispatcher failed to execute job.
MatomoConnector.API.AuthException: Unable to send request because URL or API_KEY is incorrect.
   at MatomoConnector.API.BaseModule.SendRequest[T](String method, ParametersCollection parameters, Int32 offset)
   at MatomoConnector.API.SitesManagerModule.GetAllSites()
   at MatomoConnector.API.MatomoService.GetAllSites()
   at Terrasoft.Configuration.MatomoServiceFacade.GetSiteIds(IEnumerable`1 urls)
   at Terrasoft.Configuration.MatomoDataSyncManager.GetSiteIds(List`1 visitors)
   at Terrasoft.Configuration.MatomoDataSyncManager.SynchronizeForContactsRequest()
   at Terrasoft.Configuration.MatomoTouchQueueMessageProcessor.<InitStrategy>b__9_4(TouchQueueMessage baseMessage)
   at Terrasoft.Configuration.BaseTouchQueueMessageProcessor.ProcessMessage(BaseTaskQueueMessage message)
   at Terrasoft.Configuration.BaseQueueMessageProcessor.Process(BaseTaskQueueMessage message)
   at Terrasoft.Configuration.TouchQueueMessageProcessor.InternalProcess(TouchQueueMessage message)
   at Terrasoft.Configuration.TouchQueueMessageProcessor.Process(TouchQueueMessage message)
   at Terrasoft.Configuration.TouchQueueJobDispatcher.OnMessageDequeued(Object sender, TouchQueueMessage message)
   at Terrasoft.Configuration.BaseTaskQueueManager`1.FireOnMessageDequeuedEvent(T message)
   at Terrasoft.Configuration.TouchQueueManager.FireOnMessageDequeuedEvent(TouchQueueMessage message)
   at Terrasoft.Configuration.BaseTaskQueueManager`1.InternalDequeue(IEnumerable`1 messageTypes)
   at Terrasoft.Configuration.BaseTaskQueueManager`1.Dequeue()
   at Terrasoft.Configuration.TouchQueueJobDispatcher.InternalExecute()
   at Terrasoft.Configuration.BaseQueueJobDispatcher.Execute(UserConnection userConnection, IDictionary`2 parameters)
2023-11-28 12:07:06,925 [.NET ThreadPool Worker] ERROR  MatomoConnector SynchronizeForContactsRequest - MatomoConnector.MatomoDataSyncManager.SynchronizeForContactsRequest. Exception. 
MatomoConnector.API.AuthException: Unable to send request because URL or API_KEY is incorrect.
   at MatomoConnector.API.BaseModule.SendRequest[T](String method, ParametersCollection parameters, Int32 offset)
   at MatomoConnector.API.SitesManagerModule.GetAllSites()
   at MatomoConnector.API.MatomoService.GetAllSites()
   at Terrasoft.Configuration.MatomoServiceFacade.GetSiteIds(IEnumerable`1 urls)
   at Terrasoft.Configuration.MatomoDataSyncManager.GetSiteIds(List`1 visitors)
   at Terrasoft.Configuration.MatomoDataSyncManager.SynchronizeForContactsRequest()
2023-11-28 12:07:06,929 [.NET ThreadPool Worker] ERROR  TouchPoints FireOnMessageDequeuedEvent - Message processing error. Message: {"$type":"Terrasoft.Configuration.MatomoContactsRequestMessage, CrtMatomoConnector","Type":1,"RequiresDeduplication":true}.
MatomoConnector.API.AuthException: Unable to send request because URL or API_KEY is incorrect.
   at MatomoConnector.API.BaseModule.SendRequest[T](String method, ParametersCollection parameters, Int32 offset)
   at MatomoConnector.API.SitesManagerModule.GetAllSites()
   at MatomoConnector.API.MatomoService.GetAllSites()
   at Terrasoft.Configuration.MatomoServiceFacade.GetSiteIds(IEnumerable`1 urls)
   at Terrasoft.Configuration.MatomoDataSyncManager.GetSiteIds(List`1 visitors)
   at Terrasoft.Configuration.MatomoDataSyncManager.SynchronizeForContactsRequest()
   at Terrasoft.Configuration.MatomoTouchQueueMessageProcessor.<InitStrategy>b__9_4(TouchQueueMessage baseMessage)
   at Terrasoft.Configuration.BaseTouchQueueMessageProcessor.ProcessMessage(BaseTaskQueueMessage message)
   at Terrasoft.Configuration.BaseQueueMessageProcessor.Process(BaseTaskQueueMessage message)
   at Terrasoft.Configuration.TouchQueueMessageProcessor.InternalProcess(TouchQueueMessage message)
   at Terrasoft.Configuration.TouchQueueMessageProcessor.Process(TouchQueueMessage message)
   at Terrasoft.Configuration.TouchQueueJobDispatcher.OnMessageDequeued(Object sender, TouchQueueMessage message)
   at Terrasoft.Configuration.BaseTaskQueueManager`1.FireOnMessageDequeuedEvent(T message)
   at Terrasoft.Configuration.TouchQueueManager.FireOnMessageDequeuedEvent(TouchQueueMessage message)
2023-11-28 12:07:06,929 [.NET ThreadPool Worker] ERROR  TouchPoints Execute - TouchQueueJobDispatcher failed to execute job.
MatomoConnector.API.AuthException: Unable to send request because URL or API_KEY is incorrect.
   at MatomoConnector.API.BaseModule.SendRequest[T](String method, ParametersCollection parameters, Int32 offset)
   at MatomoConnector.API.SitesManagerModule.GetAllSites()
   at MatomoConnector.API.MatomoService.GetAllSites()
   at Terrasoft.Configuration.MatomoServiceFacade.GetSiteIds(IEnumerable`1 urls)
   at Terrasoft.Configuration.MatomoDataSyncManager.GetSiteIds(List`1 visitors)
   at Terrasoft.Configuration.MatomoDataSyncManager.SynchronizeForContactsRequest()
   at Terrasoft.Configuration.MatomoTouchQueueMessageProcessor.<InitStrategy>b__9_4(TouchQueueMessage baseMessage)
   at Terrasoft.Configuration.BaseTouchQueueMessageProcessor.ProcessMessage(BaseTaskQueueMessage message)
   at Terrasoft.Configuration.BaseQueueMessageProcessor.Process(BaseTaskQueueMessage message)
   at Terrasoft.Configuration.TouchQueueMessageProcessor.InternalProcess(TouchQueueMessage message)
   at Terrasoft.Configuration.TouchQueueMessageProcessor.Process(TouchQueueMessage message)
   at Terrasoft.Configuration.TouchQueueJobDispatcher.OnMessageDequeued(Object sender, TouchQueueMessage message)
   at Terrasoft.Configuration.BaseTaskQueueManager`1.FireOnMessageDequeuedEvent(T message)
   at Terrasoft.Configuration.TouchQueueManager.FireOnMessageDequeuedEvent(TouchQueueMessage message)
   at Terrasoft.Configuration.BaseTaskQueueManager`1.InternalDequeue(IEnumerable`1 messageTypes)
   at Terrasoft.Configuration.BaseTaskQueueManager`1.Dequeue()
   at Terrasoft.Configuration.TouchQueueJobDispatcher.InternalExecute()
   at Terrasoft.Configuration.BaseQueueJobDispatcher.Execute(UserConnection userConnection, IDictionary`2 parameters)
2023-11-28 12:08:06,907 [.NET ThreadPool Worker] ERROR  MatomoConnector SynchronizeForContactsRequest - MatomoConnector.MatomoDataSyncManager.SynchronizeForContactsRequest. Exception. 
MatomoConnector.API.AuthException: Unable to send request because URL or API_KEY is incorrect.
   at MatomoConnector.API.BaseModule.SendRequest[T](String method, ParametersCollection parameters, Int32 offset)
   at MatomoConnector.API.SitesManagerModule.GetAllSites()
   at MatomoConnector.API.MatomoService.GetAllSites()
   at Terrasoft.Configuration.MatomoServiceFacade.GetSiteIds(IEnumerable`1 urls)
   at Terrasoft.Configuration.MatomoDataSyncManager.GetSiteIds(List`1 visitors)
   at Terrasoft.Configuration.MatomoDataSyncManager.SynchronizeForContactsRequest()
2023-11-28 12:08:06,909 [.NET ThreadPool Worker] ERROR  TouchPoints FireOnMessageDequeuedEvent - Message processing error. Message: {"$type":"Terrasoft.Configuration.MatomoContactsRequestMessage, CrtMatomoConnector","Type":1,"RequiresDeduplication":true}.
MatomoConnector.API.AuthException: Unable to send request because URL or API_KEY is incorrect.
   at MatomoConnector.API.BaseModule.SendRequest[T](String method, ParametersCollection parameters, Int32 offset)
   at MatomoConnector.API.SitesManagerModule.GetAllSites()
   at MatomoConnector.API.MatomoService.GetAllSites()
   at Terrasoft.Configuration.MatomoServiceFacade.GetSiteIds(IEnumerable`1 urls)
   at Terrasoft.Configuration.MatomoDataSyncManager.GetSiteIds(List`1 visitors)
   at Terrasoft.Configuration.MatomoDataSyncManager.SynchronizeForContactsRequest()
   at Terrasoft.Configuration.MatomoTouchQueueMessageProcessor.<InitStrategy>b__9_4(TouchQueueMessage baseMessage)
   at Terrasoft.Configuration.BaseTouchQueueMessageProcessor.ProcessMessage(BaseTaskQueueMessage message)
   at Terrasoft.Configuration.BaseQueueMessageProcessor.Process(BaseTaskQueueMessage message)
   at Terrasoft.Configuration.TouchQueueMessageProcessor.InternalProcess(TouchQueueMessage message)
   at Terrasoft.Configuration.TouchQueueMessageProcessor.Process(TouchQueueMessage message)
   at Terrasoft.Configuration.TouchQueueJobDispatcher.OnMessageDequeued(Object sender, TouchQueueMessage message)
   at Terrasoft.Configuration.BaseTaskQueueManager`1.FireOnMessageDequeuedEvent(T message)
   at Terrasoft.Configuration.TouchQueueManager.FireOnMessageDequeuedEvent(TouchQueueMessage message)
2023-11-28 12:08:06,909 [.NET ThreadPool Worker] ERROR  TouchPoints Execute - TouchQueueJobDispatcher failed to execute job.
MatomoConnector.API.AuthException: Unable to send request because URL or API_KEY is incorrect.
   at MatomoConnector.API.BaseModule.SendRequest[T](String method, ParametersCollection parameters, Int32 offset)
   at MatomoConnector.API.SitesManagerModule.GetAllSites()
   at MatomoConnector.API.MatomoService.GetAllSites()
   at Terrasoft.Configuration.MatomoServiceFacade.GetSiteIds(IEnumerable`1 urls)
   at Terrasoft.Configuration.MatomoDataSyncManager.GetSiteIds(List`1 visitors)
   at Terrasoft.Configuration.MatomoDataSyncManager.SynchronizeForContactsRequest()
   at Terrasoft.Configuration.MatomoTouchQueueMessageProcessor.<InitStrategy>b__9_4(TouchQueueMessage baseMessage)
   at Terrasoft.Configuration.BaseTouchQueueMessageProcessor.ProcessMessage(BaseTaskQueueMessage message)
   at Terrasoft.Configuration.BaseQueueMessageProcessor.Process(BaseTaskQueueMessage message)
   at Terrasoft.Configuration.TouchQueueMessageProcessor.InternalProcess(TouchQueueMessage message)
   at Terrasoft.Configuration.TouchQueueMessageProcessor.Process(TouchQueueMessage message)
   at Terrasoft.Configuration.TouchQueueJobDispatcher.OnMessageDequeued(Object sender, TouchQueueMessage message)
   at Terrasoft.Configuration.BaseTaskQueueManager`1.FireOnMessageDequeuedEvent(T message)
   at Terrasoft.Configuration.TouchQueueManager.FireOnMessageDequeuedEvent(TouchQueueMessage message)
   at Terrasoft.Configuration.BaseTaskQueueManager`1.InternalDequeue(IEnumerable`1 messageTypes)
   at Terrasoft.Configuration.BaseTaskQueueManager`1.Dequeue()
   at Terrasoft.Configuration.TouchQueueJobDispatcher.InternalExecute()
   at Terrasoft.Configuration.BaseQueueJobDispatcher.Execute(UserConnection userConnection, IDictionary`2 parameters)
2023-11-28 12:09:06,962 [.NET ThreadPool Worker] ERROR  MatomoConnector Synchronize - MatomoConnector.MatomoDataSyncManager.Synchronize. Exception. 
MatomoConnector.API.AuthException: Unable to send request because URL or API_KEY is incorrect.
   at MatomoConnector.API.BaseModule.SendRequest[T](String method, ParametersCollection parameters, Int32 offset)
   at MatomoConnector.API.SitesManagerModule.GetAllSites()
   at MatomoConnector.API.MatomoService.GetAllSites()
   at Terrasoft.Configuration.MatomoServiceFacade.GetSiteIds(IEnumerable`1 urls)
   at Terrasoft.Configuration.MatomoDataSyncManager.GetSiteIds(List`1 visitors)
   at Terrasoft.Configuration.MatomoDataSyncManager.Synchronize()
2023-11-28 12:09:06,985 [.NET ThreadPool Worker] ERROR  TouchPoints FireOnMessageDequeuedEvent - Message processing error. Message: {"$type":"Terrasoft.Configuration.MatomoSyncDataMessage, CrtMatomoConnector","Type":2,"RequiresDeduplication":true}.
MatomoConnector.API.AuthException: Unable to send request because URL or API_KEY is incorrect.
   at MatomoConnector.API.BaseModule.SendRequest[T](String method, ParametersCollection parameters, Int32 offset)
   at MatomoConnector.API.SitesManagerModule.GetAllSites()
   at MatomoConnector.API.MatomoService.GetAllSites()
   at Terrasoft.Configuration.MatomoServiceFacade.GetSiteIds(IEnumerable`1 urls)
   at Terrasoft.Configuration.MatomoDataSyncManager.GetSiteIds(List`1 visitors)
   at Terrasoft.Configuration.MatomoDataSyncManager.Synchronize()
   at Terrasoft.Configuration.MatomoTouchQueueMessageProcessor.<InitStrategy>b__9_2(TouchQueueMessage baseMessage)
   at Terrasoft.Configuration.BaseTouchQueueMessageProcessor.ProcessMessage(BaseTaskQueueMessage message)
   at Terrasoft.Configuration.BaseQueueMessageProcessor.Process(BaseTaskQueueMessage message)
   at Terrasoft.Configuration.TouchQueueMessageProcessor.InternalProcess(TouchQueueMessage message)
   at Terrasoft.Configuration.TouchQueueMessageProcessor.Process(TouchQueueMessage message)
   at Terrasoft.Configuration.TouchQueueJobDispatcher.OnMessageDequeued(Object sender, TouchQueueMessage message)
   at Terrasoft.Configuration.BaseTaskQueueManager`1.FireOnMessageDequeuedEvent(T message)
   at Terrasoft.Configuration.TouchQueueManager.FireOnMessageDequeuedEvent(TouchQueueMessage message)
2023-11-28 12:09:06,985 [.NET ThreadPool Worker] ERROR  TouchPoints Execute - TouchQueueJobDispatcher failed to execute job.
MatomoConnector.API.AuthException: Unable to send request because URL or API_KEY is incorrect.
   at MatomoConnector.API.BaseModule.SendRequest[T](String method, ParametersCollection parameters, Int32 offset)
   at MatomoConnector.API.SitesManagerModule.GetAllSites()
   at MatomoConnector.API.MatomoService.GetAllSites()
   at Terrasoft.Configuration.MatomoServiceFacade.GetSiteIds(IEnumerable`1 urls)
   at Terrasoft.Configuration.MatomoDataSyncManager.GetSiteIds(List`1 visitors)
   at Terrasoft.Configuration.MatomoDataSyncManager.Synchronize()
   at Terrasoft.Configuration.MatomoTouchQueueMessageProcessor.<InitStrategy>b__9_2(TouchQueueMessage baseMessage)
   at Terrasoft.Configuration.BaseTouchQueueMessageProcessor.ProcessMessage(BaseTaskQueueMessage message)
   at Terrasoft.Configuration.BaseQueueMessageProcessor.Process(BaseTaskQueueMessage message)
   at Terrasoft.Configuration.TouchQueueMessageProcessor.InternalProcess(TouchQueueMessage message)
   at Terrasoft.Configuration.TouchQueueMessageProcessor.Process(TouchQueueMessage message)
   at Terrasoft.Configuration.TouchQueueJobDispatcher.OnMessageDequeued(Object sender, TouchQueueMessage message)
   at Terrasoft.Configuration.BaseTaskQueueManager`1.FireOnMessageDequeuedEvent(T message)
   at Terrasoft.Configuration.TouchQueueManager.FireOnMessageDequeuedEvent(TouchQueueMessage message)
   at Terrasoft.Configuration.BaseTaskQueueManager`1.InternalDequeue(IEnumerable`1 messageTypes)
   at Terrasoft.Configuration.BaseTaskQueueManager`1.Dequeue()
   at Terrasoft.Configuration.TouchQueueJobDispatcher.InternalExecute()
   at Terrasoft.Configuration.BaseQueueJobDispatcher.Execute(UserConnection userConnection, IDictionary`2 parameters)
2023-11-28 12:10:06,928 [.NET ThreadPool Worker] ERROR  MatomoConnector Synchronize - MatomoConnector.MatomoDataSyncManager.Synchronize. Exception. 
MatomoConnector.API.AuthException: Unable to send request because URL or API_KEY is incorrect.
   at MatomoConnector.API.BaseModule.SendRequest[T](String method, ParametersCollection parameters, Int32 offset)
   at MatomoConnector.API.SitesManagerModule.GetAllSites()
   at MatomoConnector.API.MatomoService.GetAllSites()
   at Terrasoft.Configuration.MatomoServiceFacade.GetSiteIds(IEnumerable`1 urls)
   at Terrasoft.Configuration.MatomoDataSyncManager.GetSiteIds(List`1 visitors)
   at Terrasoft.Configuration.MatomoDataSyncManager.Synchronize()
2023-11-28 12:10:06,932 [.NET ThreadPool Worker] ERROR  TouchPoints InternalDequeue - Message processing error. Message: {"$type":"Terrasoft.Configuration.MatomoSyncDataMessage, CrtMatomoConnector","Type":2,"RequiresDeduplication":true}.
MatomoConnector.API.AuthException: Unable to send request because URL or API_KEY is incorrect.
   at MatomoConnector.API.BaseModule.SendRequest[T](String method, ParametersCollection parameters, Int32 offset)
   at MatomoConnector.API.SitesManagerModule.GetAllSites()
   at MatomoConnector.API.MatomoService.GetAllSites()
   at Terrasoft.Configuration.MatomoServiceFacade.GetSiteIds(IEnumerable`1 urls)
   at Terrasoft.Configuration.MatomoDataSyncManager.GetSiteIds(List`1 visitors)
   at Terrasoft.Configuration.MatomoDataSyncManager.Synchronize()
   at Terrasoft.Configuration.MatomoTouchQueueMessageProcessor.<InitStrategy>b__9_2(TouchQueueMessage baseMessage)
   at Terrasoft.Configuration.BaseTouchQueueMessageProcessor.ProcessMessage(BaseTaskQueueMessage message)
   at Terrasoft.Configuration.BaseQueueMessageProcessor.Process(BaseTaskQueueMessage message)
   at Terrasoft.Configuration.TouchQueueMessageProcessor.InternalProcess(TouchQueueMessage message)
   at Terrasoft.Configuration.TouchQueueMessageProcessor.Process(TouchQueueMessage message)
   at Terrasoft.Configuration.TouchQueueJobDispatcher.OnMessageDequeued(Object sender, TouchQueueMessage message)
   at Terrasoft.Configuration.BaseTaskQueueManager`1.FireOnMessageDequeuedEvent(T message)
   at Terrasoft.Configuration.TouchQueueManager.FireOnMessageDequeuedEvent(TouchQueueMessage message)
2023-11-28 12:10:06,933 [.NET ThreadPool Worker] ERROR  TouchPoints RunJobExecutor - TouchQueueJobDispatcher failed to execute job.
MatomoConnector.API.AuthException: Unable to send request because URL or API_KEY is incorrect.
   at MatomoConnector.API.BaseModule.SendRequest[T](String method, ParametersCollection parameters, Int32 offset)
   at MatomoConnector.API.SitesManagerModule.GetAllSites()
   at MatomoConnector.API.MatomoService.GetAllSites()
   at Terrasoft.Configuration.MatomoServiceFacade.GetSiteIds(IEnumerable`1 urls)
   at Terrasoft.Configuration.MatomoDataSyncManager.GetSiteIds(List`1 visitors)
   at Terrasoft.Configuration.MatomoDataSyncManager.Synchronize()
   at Terrasoft.Configuration.MatomoTouchQueueMessageProcessor.<InitStrategy>b__9_2(TouchQueueMessage baseMessage)
   at Terrasoft.Configuration.BaseTouchQueueMessageProcessor.ProcessMessage(BaseTaskQueueMessage message)
   at Terrasoft.Configuration.BaseQueueMessageProcessor.Process(BaseTaskQueueMessage message)
   at Terrasoft.Configuration.TouchQueueMessageProcessor.InternalProcess(TouchQueueMessage message)
   at Terrasoft.Configuration.TouchQueueMessageProcessor.Process(TouchQueueMessage message)
   at Terrasoft.Configuration.TouchQueueJobDispatcher.OnMessageDequeued(Object sender, TouchQueueMessage message)
   at Terrasoft.Configuration.BaseTaskQueueManager`1.FireOnMessageDequeuedEvent(T message)
   at Terrasoft.Configuration.TouchQueueManager.FireOnMessageDequeuedEvent(TouchQueueMessage message)
   at Terrasoft.Configuration.BaseTaskQueueManager`1.InternalDequeue(IEnumerable`1 messageTypes)
   at Terrasoft.Configuration.BaseTaskQueueManager`1.Dequeue()
   at Terrasoft.Configuration.TouchQueueJobDispatcher.InternalExecute()
   at Terrasoft.Configuration.BaseQueueJobDispatcher.Execute(UserConnection userConnection, IDictionary`2 parameters)
2023-11-28 12:11:06,925 [.NET ThreadPool Worker] ERROR  MatomoConnector <InitStrategy>b__9_2 - MatomoConnector.MatomoDataSyncManager.Synchronize. Exception. 
MatomoConnector.API.AuthException: Unable to send request because URL or API_KEY is incorrect.
   at MatomoConnector.API.BaseModule.SendRequest[T](String method, ParametersCollection parameters, Int32 offset)
   at MatomoConnector.API.SitesManagerModule.GetAllSites()
   at MatomoConnector.API.MatomoService.GetAllSites()
   at Terrasoft.Configuration.MatomoServiceFacade.GetSiteIds(IEnumerable`1 urls)
   at Terrasoft.Configuration.MatomoDataSyncManager.GetSiteIds(List`1 visitors)
   at Terrasoft.Configuration.MatomoDataSyncManager.Synchronize()
2023-11-28 12:11:06,931 [.NET ThreadPool Worker] ERROR  TouchPoints InternalDequeue - Message processing error. Message: {"$type":"Terrasoft.Configuration.MatomoSyncDataMessage, CrtMatomoConnector","Type":2,"RequiresDeduplication":true}.
MatomoConnector.API.AuthException: Unable to send request because URL or API_KEY is incorrect.
   at MatomoConnector.API.BaseModule.SendRequest[T](String method, ParametersCollection parameters, Int32 offset)
   at MatomoConnector.API.SitesManagerModule.GetAllSites()
   at MatomoConnector.API.MatomoService.GetAllSites()
   at Terrasoft.Configuration.MatomoServiceFacade.GetSiteIds(IEnumerable`1 urls)
   at Terrasoft.Configuration.MatomoDataSyncManager.GetSiteIds(List`1 visitors)
   at Terrasoft.Configuration.MatomoDataSyncManager.Synchronize()
   at Terrasoft.Configuration.MatomoTouchQueueMessageProcessor.<InitStrategy>b__9_2(TouchQueueMessage baseMessage)
   at Terrasoft.Configuration.BaseTouchQueueMessageProcessor.ProcessMessage(BaseTaskQueueMessage message)
   at Terrasoft.Configuration.BaseQueueMessageProcessor.Process(BaseTaskQueueMessage message)
   at Terrasoft.Configuration.TouchQueueMessageProcessor.InternalProcess(TouchQueueMessage message)
   at Terrasoft.Configuration.TouchQueueMessageProcessor.Process(TouchQueueMessage message)
   at Terrasoft.Configuration.TouchQueueJobDispatcher.OnMessageDequeued(Object sender, TouchQueueMessage message)
   at Terrasoft.Configuration.BaseTaskQueueManager`1.FireOnMessageDequeuedEvent(T message)
   at Terrasoft.Configuration.TouchQueueManager.FireOnMessageDequeuedEvent(TouchQueueMessage message)
2023-11-28 12:11:06,931 [.NET ThreadPool Worker] ERROR  TouchPoints RunJobExecutor - TouchQueueJobDispatcher failed to execute job.
MatomoConnector.API.AuthException: Unable to send request because URL or API_KEY is incorrect.
   at MatomoConnector.API.BaseModule.SendRequest[T](String method, ParametersCollection parameters, Int32 offset)
   at MatomoConnector.API.SitesManagerModule.GetAllSites()
   at MatomoConnector.API.MatomoService.GetAllSites()
   at Terrasoft.Configuration.MatomoServiceFacade.GetSiteIds(IEnumerable`1 urls)
   at Terrasoft.Configuration.MatomoDataSyncManager.GetSiteIds(List`1 visitors)
   at Terrasoft.Configuration.MatomoDataSyncManager.Synchronize()
   at Terrasoft.Configuration.MatomoTouchQueueMessageProcessor.<InitStrategy>b__9_2(TouchQueueMessage baseMessage)
   at Terrasoft.Configuration.BaseTouchQueueMessageProcessor.ProcessMessage(BaseTaskQueueMessage message)
   at Terrasoft.Configuration.BaseQueueMessageProcessor.Process(BaseTaskQueueMessage message)
   at Terrasoft.Configuration.TouchQueueMessageProcessor.InternalProcess(TouchQueueMessage message)
   at Terrasoft.Configuration.TouchQueueMessageProcessor.Process(TouchQueueMessage message)
   at Terrasoft.Configuration.TouchQueueJobDispatcher.OnMessageDequeued(Object sender, TouchQueueMessage message)
   at Terrasoft.Configuration.BaseTaskQueueManager`1.FireOnMessageDequeuedEvent(T message)
   at Terrasoft.Configuration.TouchQueueManager.FireOnMessageDequeuedEvent(TouchQueueMessage message)
   at Terrasoft.Configuration.BaseTaskQueueManager`1.InternalDequeue(IEnumerable`1 messageTypes)
   at Terrasoft.Configuration.BaseTaskQueueManager`1.Dequeue()
   at Terrasoft.Configuration.TouchQueueJobDispatcher.InternalExecute()
   at Terrasoft.Configuration.BaseQueueJobDispatcher.Execute(UserConnection userConnection, IDictionary`2 parameters)
2023-11-28 12:12:06,925 [.NET ThreadPool Worker] ERROR  MatomoConnector <InitStrategy>b__9_2 - MatomoConnector.MatomoDataSyncManager.Synchronize. Exception. 
MatomoConnector.API.AuthException: Unable to send request because URL or API_KEY is incorrect.
   at MatomoConnector.API.BaseModule.SendRequest[T](String method, ParametersCollection parameters, Int32 offset)
   at MatomoConnector.API.SitesManagerModule.GetAllSites()
   at MatomoConnector.API.MatomoService.GetAllSites()
   at Terrasoft.Configuration.MatomoServiceFacade.GetSiteIds(IEnumerable`1 urls)
   at Terrasoft.Configuration.MatomoDataSyncManager.GetSiteIds(List`1 visitors)
   at Terrasoft.Configuration.MatomoDataSyncManager.Synchronize()
2023-11-28 12:12:06,930 [.NET ThreadPool Worker] ERROR  TouchPoints InternalDequeue - Message processing error. Message: {"$type":"Terrasoft.Configuration.MatomoSyncDataMessage, CrtMatomoConnector","Type":2,"RequiresDeduplication":true}.
MatomoConnector.API.AuthException: Unable to send request because URL or API_KEY is incorrect.
   at MatomoConnector.API.BaseModule.SendRequest[T](String method, ParametersCollection parameters, Int32 offset)
   at MatomoConnector.API.SitesManagerModule.GetAllSites()
   at MatomoConnector.API.MatomoService.GetAllSites()
   at Terrasoft.Configuration.MatomoServiceFacade.GetSiteIds(IEnumerable`1 urls)
   at Terrasoft.Configuration.MatomoDataSyncManager.GetSiteIds(List`1 visitors)
   at Terrasoft.Configuration.MatomoDataSyncManager.Synchronize()
   at Terrasoft.Configuration.MatomoTouchQueueMessageProcessor.<InitStrategy>b__9_2(TouchQueueMessage baseMessage)
   at Terrasoft.Configuration.BaseTouchQueueMessageProcessor.ProcessMessage(BaseTaskQueueMessage message)
   at Terrasoft.Configuration.BaseQueueMessageProcessor.Process(BaseTaskQueueMessage message)
   at Terrasoft.Configuration.TouchQueueMessageProcessor.InternalProcess(TouchQueueMessage message)
   at Terrasoft.Configuration.TouchQueueMessageProcessor.Process(TouchQueueMessage message)
   at Terrasoft.Configuration.TouchQueueJobDispatcher.OnMessageDequeued(Object sender, TouchQueueMessage message)
   at Terrasoft.Configuration.BaseTaskQueueManager`1.FireOnMessageDequeuedEvent(T message)
   at Terrasoft.Configuration.TouchQueueManager.FireOnMessageDequeuedEvent(TouchQueueMessage message)
2023-11-28 12:12:06,930 [.NET ThreadPool Worker] ERROR  TouchPoints RunJobExecutor - TouchQueueJobDispatcher failed to execute job.
MatomoConnector.API.AuthException: Unable to send request because URL or API_KEY is incorrect.
   at MatomoConnector.API.BaseModule.SendRequest[T](String method, ParametersCollection parameters, Int32 offset)
   at MatomoConnector.API.SitesManagerModule.GetAllSites()
   at MatomoConnector.API.MatomoService.GetAllSites()
   at Terrasoft.Configuration.MatomoServiceFacade.GetSiteIds(IEnumerable`1 urls)
   at Terrasoft.Configuration.MatomoDataSyncManager.GetSiteIds(List`1 visitors)
   at Terrasoft.Configuration.MatomoDataSyncManager.Synchronize()
   at Terrasoft.Configuration.MatomoTouchQueueMessageProcessor.<InitStrategy>b__9_2(TouchQueueMessage baseMessage)
   at Terrasoft.Configuration.BaseTouchQueueMessageProcessor.ProcessMessage(BaseTaskQueueMessage message)
   at Terrasoft.Configuration.BaseQueueMessageProcessor.Process(BaseTaskQueueMessage message)
   at Terrasoft.Configuration.TouchQueueMessageProcessor.InternalProcess(TouchQueueMessage message)
   at Terrasoft.Configuration.TouchQueueMessageProcessor.Process(TouchQueueMessage message)
   at Terrasoft.Configuration.TouchQueueJobDispatcher.OnMessageDequeued(Object sender, TouchQueueMessage message)
   at Terrasoft.Configuration.BaseTaskQueueManager`1.FireOnMessageDequeuedEvent(T message)
   at Terrasoft.Configuration.TouchQueueManager.FireOnMessageDequeuedEvent(TouchQueueMessage message)
   at Terrasoft.Configuration.BaseTaskQueueManager`1.InternalDequeue(IEnumerable`1 messageTypes)
   at Terrasoft.Configuration.BaseTaskQueueManager`1.Dequeue()
   at Terrasoft.Configuration.TouchQueueJobDispatcher.InternalExecute()
   at Terrasoft.Configuration.BaseQueueJobDispatcher.Execute(UserConnection userConnection, IDictionary`2 parameters)
