2023-11-06 12:44:43,101 [.NET ThreadPool Worker] INFO  Execute - ML model batch prediction job started
2023-11-06 12:44:43,121 [.NET ThreadPool Worker] DEBUG  CheckIsServiceUrlSet - There are no ML problem types with set ServiceUrl
2023-11-06 12:44:43,143 [.NET ThreadPool Worker] INFO  Execute - Start to process (training, state sync) ML models
2023-11-06 12:44:43,143 [.NET ThreadPool Worker] DEBUG  CheckIsServiceUrlSet - There are no ML problem types with set ServiceUrl
2023-11-06 12:45:07,874 [.NET ThreadPool Worker] WARN Supervisor <GetModelsGroupedByEntityName>b__1_0 - PredictedResultColumnName is empty for model 74ce4daa-aa40-411d-8152-1b16cc2e8c2b
Metadata: {
}
Entity schemaUid: a5657e6b-342d-4104-8ab8-aab37ef29860

2023-11-06 12:45:07,874 [.NET ThreadPool Worker] WARN Supervisor <GetModelsGroupedByEntityName>b__1_0 - PredictedResultColumnName is empty for model 8f57ed14-2c8a-47c8-a990-104698359451
Metadata: {
}
Entity schemaUid: a5657e6b-342d-4104-8ab8-aab37ef29860

2023-11-06 12:45:07,874 [.NET ThreadPool Worker] WARN Supervisor <GetModelsGroupedByEntityName>b__1_0 - PredictedResultColumnName is empty for model 6f8c5159-e07b-485d-bfa2-37dbf4f0a2d3
Metadata: {
}
Entity schemaUid: 117d32f9-8275-4534-8411-1c66115ce9cd

2023-11-06 12:45:07,874 [.NET ThreadPool Worker] WARN Supervisor <GetModelsGroupedByEntityName>b__1_0 - PredictedResultColumnName is empty for model b624f2fd-81e1-4e8d-890b-5184994d1154
Metadata: {
}
Entity schemaUid: 56143364-4580-4561-8814-8612fad2e5c0

2023-11-06 12:59:43,162 [.NET ThreadPool Worker] INFO  Execute - Start to process (training, state sync) ML models
2023-11-06 12:59:43,162 [.NET ThreadPool Worker] DEBUG  ProcessAllModels - There are no ML problem types with set ServiceUrl
2023-11-06 13:14:43,182 [.NET ThreadPool Worker] INFO  Execute - Start to process (training, state sync) ML models
2023-11-06 13:14:43,187 [.NET ThreadPool Worker] DEBUG  ProcessAllModels - There are no ML problem types with set ServiceUrl
2023-11-06 13:29:43,211 [.NET ThreadPool Worker] INFO  Execute - Start to process (training, state sync) ML models
2023-11-06 13:29:43,211 [.NET ThreadPool Worker] DEBUG  ProcessAllModels - There are no ML problem types with set ServiceUrl
2023-11-06 13:44:43,154 [.NET ThreadPool Worker] INFO  Execute - ML model batch prediction job started
2023-11-06 13:44:43,154 [.NET ThreadPool Worker] DEBUG  ProcessAllModels - There are no ML problem types with set ServiceUrl
2023-11-06 13:44:43,230 [.NET ThreadPool Worker] INFO  Execute - Start to process (training, state sync) ML models
2023-11-06 13:44:43,230 [.NET ThreadPool Worker] DEBUG  ProcessAllModels - There are no ML problem types with set ServiceUrl
2023-11-06 13:59:43,237 [.NET ThreadPool Worker] INFO  Execute - Start to process (training, state sync) ML models
2023-11-06 13:59:43,241 [.NET ThreadPool Worker] DEBUG  ProcessAllModels - There are no ML problem types with set ServiceUrl
2023-11-06 14:14:43,247 [.NET ThreadPool Worker] INFO  Execute - Start to process (training, state sync) ML models
2023-11-06 14:14:43,247 [.NET ThreadPool Worker] DEBUG  ProcessAllModels - There are no ML problem types with set ServiceUrl
2023-11-06 14:29:43,254 [.NET ThreadPool Worker] INFO  Execute - Start to process (training, state sync) ML models
2023-11-06 14:29:43,254 [.NET ThreadPool Worker] DEBUG  ProcessAllModels - There are no ML problem types with set ServiceUrl
2023-11-06 16:01:06,767 [.NET ThreadPool Worker] WARN Supervisor <GetModelsGroupedByEntityName>b__1_0 - PredictedResultColumnName is empty for model 74ce4daa-aa40-411d-8152-1b16cc2e8c2b
Metadata: {
}
Entity schemaUid: a5657e6b-342d-4104-8ab8-aab37ef29860

2023-11-06 16:01:06,767 [.NET ThreadPool Worker] WARN Supervisor <GetModelsGroupedByEntityName>b__1_0 - PredictedResultColumnName is empty for model 8f57ed14-2c8a-47c8-a990-104698359451
Metadata: {
}
Entity schemaUid: a5657e6b-342d-4104-8ab8-aab37ef29860

2023-11-06 16:01:06,767 [.NET ThreadPool Worker] WARN Supervisor <GetModelsGroupedByEntityName>b__1_0 - PredictedResultColumnName is empty for model 6f8c5159-e07b-485d-bfa2-37dbf4f0a2d3
Metadata: {
}
Entity schemaUid: 117d32f9-8275-4534-8411-1c66115ce9cd

2023-11-06 16:01:06,767 [.NET ThreadPool Worker] WARN Supervisor <GetModelsGroupedByEntityName>b__1_0 - PredictedResultColumnName is empty for model b624f2fd-81e1-4e8d-890b-5184994d1154
Metadata: {
}
Entity schemaUid: 56143364-4580-4561-8814-8612fad2e5c0

2023-11-06 16:02:14,997 [.NET ThreadPool Worker] INFO  Execute - Start to process (training, state sync) ML models
2023-11-06 16:02:15,001 [.NET ThreadPool Worker] DEBUG  ProcessAllModels - There are no ML problem types with set ServiceUrl
2023-11-06 16:02:15,005 [.NET ThreadPool Worker] INFO  Execute - ML model batch prediction job started
2023-11-06 16:02:15,005 [.NET ThreadPool Worker] DEBUG  ProcessAllModels - There are no ML problem types with set ServiceUrl
2023-11-06 16:02:15,968 [.NET ThreadPool Worker] INFO  Execute - ML model batch prediction job started
2023-11-06 16:02:15,971 [.NET ThreadPool Worker] DEBUG  ProcessAllModels - There are no ML problem types with set ServiceUrl
2023-11-06 16:02:15,995 [.NET ThreadPool Worker] INFO  Execute - Start to process (training, state sync) ML models
2023-11-06 16:02:15,995 [.NET ThreadPool Worker] DEBUG  ProcessAllModels - There are no ML problem types with set ServiceUrl
2023-11-06 16:02:16,007 [.NET ThreadPool Worker] INFO  Execute - ML model batch prediction job started
2023-11-06 16:02:16,007 [.NET ThreadPool Worker] DEBUG  ProcessAllModels - There are no ML problem types with set ServiceUrl
2023-11-06 16:02:16,019 [.NET ThreadPool Worker] INFO  Execute - Start to process (training, state sync) ML models
2023-11-06 16:02:16,019 [.NET ThreadPool Worker] DEBUG  ProcessAllModels - There are no ML problem types with set ServiceUrl
2023-11-06 16:02:16,032 [.NET ThreadPool Worker] INFO  Execute - ML model batch prediction job started
2023-11-06 16:02:16,032 [.NET ThreadPool Worker] DEBUG  ProcessAllModels - There are no ML problem types with set ServiceUrl
2023-11-06 16:02:16,039 [.NET ThreadPool Worker] INFO  Execute - Start to process (training, state sync) ML models
2023-11-06 16:02:16,039 [.NET ThreadPool Worker] DEBUG  ProcessAllModels - There are no ML problem types with set ServiceUrl
2023-11-06 16:02:16,078 [.NET ThreadPool Worker] INFO  Execute - ML model batch prediction job started
2023-11-06 16:02:16,078 [.NET ThreadPool Worker] DEBUG  ProcessAllModels - There are no ML problem types with set ServiceUrl
2023-11-06 16:02:16,088 [.NET ThreadPool Worker] INFO  Execute - Start to process (training, state sync) ML models
2023-11-06 16:02:16,088 [.NET ThreadPool Worker] DEBUG  ProcessAllModels - There are no ML problem types with set ServiceUrl
2023-11-06 16:17:16,095 [.NET ThreadPool Worker] INFO  Execute - Start to process (training, state sync) ML models
2023-11-06 16:17:16,095 [.NET ThreadPool Worker] DEBUG  ProcessAllModels - There are no ML problem types with set ServiceUrl
2023-11-06 16:17:39,543 [.NET ThreadPool Worker] INFO  Execute - ML model batch prediction job started
2023-11-06 16:17:39,543 [.NET ThreadPool Worker] DEBUG  ProcessAllModels - There are no ML problem types with set ServiceUrl
2023-11-06 16:17:39,547 [.NET ThreadPool Worker] INFO  Execute - Start to process (training, state sync) ML models
2023-11-06 16:17:39,547 [.NET ThreadPool Worker] DEBUG  ProcessAllModels - There are no ML problem types with set ServiceUrl
2023-11-06 16:19:30,908 [.NET ThreadPool Worker] INFO  Execute - ML model batch prediction job started
2023-11-06 16:19:30,908 [.NET ThreadPool Worker] DEBUG  ProcessAllModels - There are no ML problem types with set ServiceUrl
2023-11-06 16:19:30,912 [.NET ThreadPool Worker] INFO  Execute - Start to process (training, state sync) ML models
2023-11-06 16:19:30,912 [.NET ThreadPool Worker] DEBUG  ProcessAllModels - There are no ML problem types with set ServiceUrl
2023-11-06 16:49:31,014 [.NET ThreadPool Worker] INFO  Execute - Start to process (training, state sync) ML models
2023-11-06 16:49:31,014 [.NET ThreadPool Worker] DEBUG  ProcessAllModels - There are no ML problem types with set ServiceUrl
2023-11-06 17:04:31,031 [.NET ThreadPool Worker] INFO  Execute - Start to process (training, state sync) ML models
2023-11-06 17:04:31,036 [.NET ThreadPool Worker] DEBUG  ProcessAllModels - There are no ML problem types with set ServiceUrl
2023-11-06 17:19:30,931 [.NET ThreadPool Worker] INFO  Execute - ML model batch prediction job started
2023-11-06 17:19:30,931 [.NET ThreadPool Worker] DEBUG  ProcessAllModels - There are no ML problem types with set ServiceUrl
2023-11-06 17:19:31,061 [.NET ThreadPool Worker] INFO  Execute - Start to process (training, state sync) ML models
2023-11-06 17:19:31,061 [.NET ThreadPool Worker] DEBUG  ProcessAllModels - There are no ML problem types with set ServiceUrl
2023-11-06 17:34:31,079 [.NET ThreadPool Worker] INFO  Execute - Start to process (training, state sync) ML models
2023-11-06 17:34:31,084 [.NET ThreadPool Worker] DEBUG  ProcessAllModels - There are no ML problem types with set ServiceUrl
2023-11-06 17:49:31,104 [.NET ThreadPool Worker] INFO  Execute - Start to process (training, state sync) ML models
2023-11-06 17:49:31,104 [.NET ThreadPool Worker] DEBUG  ProcessAllModels - There are no ML problem types with set ServiceUrl
2023-11-06 18:04:31,112 [.NET ThreadPool Worker] INFO  Execute - Start to process (training, state sync) ML models
2023-11-06 18:04:31,115 [.NET ThreadPool Worker] DEBUG  ProcessAllModels - There are no ML problem types with set ServiceUrl
2023-11-06 18:19:30,957 [.NET ThreadPool Worker] INFO  Execute - ML model batch prediction job started
2023-11-06 18:19:30,957 [.NET ThreadPool Worker] DEBUG  ProcessAllModels - There are no ML problem types with set ServiceUrl
2023-11-06 18:19:31,150 [.NET ThreadPool Worker] INFO  Execute - Start to process (training, state sync) ML models
2023-11-06 18:19:31,150 [.NET ThreadPool Worker] DEBUG  ProcessAllModels - There are no ML problem types with set ServiceUrl
2023-11-06 18:34:31,169 [.NET ThreadPool Worker] INFO  Execute - Start to process (training, state sync) ML models
2023-11-06 18:34:31,171 [.NET ThreadPool Worker] DEBUG  ProcessAllModels - There are no ML problem types with set ServiceUrl
2023-11-06 18:49:31,191 [.NET ThreadPool Worker] INFO  Execute - Start to process (training, state sync) ML models
2023-11-06 18:49:31,191 [.NET ThreadPool Worker] DEBUG  ProcessAllModels - There are no ML problem types with set ServiceUrl
2023-11-06 19:04:31,212 [.NET ThreadPool Worker] INFO  Execute - Start to process (training, state sync) ML models
2023-11-06 19:04:31,212 [.NET ThreadPool Worker] DEBUG  ProcessAllModels - There are no ML problem types with set ServiceUrl
2023-11-06 19:19:30,970 [.NET ThreadPool Worker] INFO  Execute - ML model batch prediction job started
2023-11-06 19:19:30,970 [.NET ThreadPool Worker] DEBUG  ProcessAllModels - There are no ML problem types with set ServiceUrl
2023-11-06 19:19:31,225 [.NET ThreadPool Worker] INFO  Execute - Start to process (training, state sync) ML models
2023-11-06 19:19:31,225 [.NET ThreadPool Worker] DEBUG  ProcessAllModels - There are no ML problem types with set ServiceUrl
2023-11-06 19:34:31,246 [.NET ThreadPool Worker] INFO  Execute - Start to process (training, state sync) ML models
2023-11-06 19:34:31,247 [.NET ThreadPool Worker] DEBUG  ProcessAllModels - There are no ML problem types with set ServiceUrl
2023-11-06 19:49:31,252 [.NET ThreadPool Worker] INFO  Execute - Start to process (training, state sync) ML models
2023-11-06 19:49:31,252 [.NET ThreadPool Worker] DEBUG  ProcessAllModels - There are no ML problem types with set ServiceUrl
2023-11-06 20:04:31,259 [.NET ThreadPool Worker] INFO  Execute - Start to process (training, state sync) ML models
2023-11-06 20:04:31,259 [.NET ThreadPool Worker] DEBUG  ProcessAllModels - There are no ML problem types with set ServiceUrl
2023-11-06 20:19:31,025 [.NET ThreadPool Worker] INFO  Execute - ML model batch prediction job started
2023-11-06 20:19:31,025 [.NET ThreadPool Worker] DEBUG  ProcessAllModels - There are no ML problem types with set ServiceUrl
2023-11-06 20:19:31,308 [.NET ThreadPool Worker] INFO  Execute - Start to process (training, state sync) ML models
2023-11-06 20:19:31,308 [.NET ThreadPool Worker] DEBUG  ProcessAllModels - There are no ML problem types with set ServiceUrl
2023-11-06 20:34:31,329 [.NET ThreadPool Worker] INFO  Execute - Start to process (training, state sync) ML models
2023-11-06 20:34:31,329 [.NET ThreadPool Worker] DEBUG  ProcessAllModels - There are no ML problem types with set ServiceUrl
2023-11-06 20:49:31,351 [.NET ThreadPool Worker] INFO  Execute - Start to process (training, state sync) ML models
2023-11-06 20:49:31,351 [.NET ThreadPool Worker] DEBUG  ProcessAllModels - There are no ML problem types with set ServiceUrl
