2023-12-20 11:35:13,854 [1] INFO  OnAppStart - OmnichannelMessagingAppEventListener: OnAppStart executed
2023-12-20 11:35:13,857 [1] INFO  ClearOperatorsCache - OmnichannelMessagingAppEventListener: Operator cache was cleared
2023-12-20 11:35:13,862 [1] INFO  StartTelegramChannel - OmnichannelMessagingAppEventListener: TelegramClientFactory was initialized
2023-12-20 11:35:13,886 [1] INFO  StartTelegramChannel - OmnichannelMessagingAppEventListener: TelegramChannelsJob was ran
2023-12-20 11:35:13,900 [1] INFO  SetupOmnichannelMessagingJobs - OmnichannelMessagingAppEventListener: OmnichannelMessaging Jobs were ran
2023-12-20 11:35:13,900 [1] INFO  CreateNotifiers - OmnichannelMessagingAppEventListener: Notifiers were created
2023-12-20 11:35:13,906 [1] INFO  BindInterfaces - OmnichannelMessagingAppEventListener: Interfaces were bound
2023-12-20 16:38:56,860 [1] INFO  OnAppStart - OmnichannelMessagingAppEventListener: OnAppStart executed
2023-12-20 16:38:56,860 [1] INFO  ClearOperatorsCache - OmnichannelMessagingAppEventListener: Operator cache was cleared
2023-12-20 16:38:56,863 [1] INFO  StartTelegramChannel - OmnichannelMessagingAppEventListener: TelegramClientFactory was initialized
2023-12-20 16:38:56,896 [1] INFO  StartTelegramChannel - OmnichannelMessagingAppEventListener: TelegramChannelsJob was ran
2023-12-20 16:38:56,934 [1] INFO  SetupOmnichannelMessagingJobs - OmnichannelMessagingAppEventListener: OmnichannelMessaging Jobs were ran
2023-12-20 16:38:56,934 [1] INFO  CreateNotifiers - OmnichannelMessagingAppEventListener: Notifiers were created
2023-12-20 16:38:56,948 [1] INFO  BindInterfaces - OmnichannelMessagingAppEventListener: Interfaces were bound
2023-12-20 18:40:16,536 [1] INFO  OnAppStart - OmnichannelMessagingAppEventListener: OnAppStart executed
2023-12-20 18:40:16,536 [1] INFO  ClearOperatorsCache - OmnichannelMessagingAppEventListener: Operator cache was cleared
2023-12-20 18:40:16,540 [1] INFO  StartTelegramChannel - OmnichannelMessagingAppEventListener: TelegramClientFactory was initialized
2023-12-20 18:40:16,560 [1] INFO  StartTelegramChannel - OmnichannelMessagingAppEventListener: TelegramChannelsJob was ran
2023-12-20 18:40:16,573 [1] INFO  SetupOmnichannelMessagingJobs - OmnichannelMessagingAppEventListener: OmnichannelMessaging Jobs were ran
2023-12-20 18:40:16,573 [1] INFO  CreateNotifiers - OmnichannelMessagingAppEventListener: Notifiers were created
2023-12-20 18:40:16,577 [1] INFO  BindInterfaces - OmnichannelMessagingAppEventListener: Interfaces were bound
2023-12-20 19:46:36,855 [.NET ThreadPool Worker] INFO Supervisor InitializeOmnichannels - OmnichannelMessagingAppEventListener: Operator cache was cleared
2023-12-20 19:46:36,855 [.NET ThreadPool Worker] INFO Supervisor InitializeOmnichannels - OmnichannelMessagingAppEventListener: TelegramClientFactory was initialized
2023-12-20 19:46:36,855 [.NET ThreadPool Worker] INFO Supervisor InitializeOmnichannels - OmnichannelMessagingAppEventListener: TelegramChannelsJob was ran
2023-12-20 19:46:36,910 [.NET ThreadPool Worker] INFO Supervisor InitializeOmnichannels - OmnichannelMessagingAppEventListener: OmnichannelMessaging Jobs were ran
2023-12-20 19:46:36,911 [.NET ThreadPool Worker] INFO Supervisor InitializeOmnichannels - OmnichannelMessagingAppEventListener: Notifiers were created
2023-12-20 19:46:36,926 [.NET ThreadPool Worker] INFO Supervisor InitializeOmnichannels - OmnichannelMessagingAppEventListener: Interfaces were bound
2023-12-20 19:47:01,773 [1] INFO  OnAppStart - OmnichannelMessagingAppEventListener: OnAppStart executed
2023-12-20 19:47:01,775 [1] INFO  ClearOperatorsCache - OmnichannelMessagingAppEventListener: Operator cache was cleared
2023-12-20 19:47:01,775 [1] INFO  StartTelegramChannel - OmnichannelMessagingAppEventListener: TelegramClientFactory was initialized
2023-12-20 19:47:01,791 [1] INFO  StartTelegramChannel - OmnichannelMessagingAppEventListener: TelegramChannelsJob was ran
2023-12-20 19:47:01,805 [1] INFO  SetupOmnichannelMessagingJobs - OmnichannelMessagingAppEventListener: OmnichannelMessaging Jobs were ran
2023-12-20 19:47:01,805 [1] INFO  CreateNotifiers - OmnichannelMessagingAppEventListener: Notifiers were created
2023-12-20 19:47:01,809 [1] INFO  BindInterfaces - OmnichannelMessagingAppEventListener: Interfaces were bound
