2023-11-23 14:57:08,439 ERROR  ProcessEngine RunProcessByStartTimerEvent - Could not run process by start timer event. The schema "StartProcessWebhookToEntity" is not enabled.
2023-11-23 14:57:08,544 ERROR  ProcessEngine RunProcessByStartTimerEvent - Could not run process by start timer event. The schema "StartProcessWebhookToEntity" is not enabled.
2023-11-23 14:57:26,954 INFO  Process IsDailyActualizationAllowedConditionalFlowExpressionExecute - Process: ContactAgeActualizationRunnerProcess, Source element: ExclusiveGateway2, Conditional flow: IsDailyActualizationAllowedConditionalFlow, Expression: ((Boolean)SysSettings.GetValue(UserConnection, "ActualizeAge")) && ((Boolean)SysSettings.GetValue(UserConnection, "RunAgeActualizationDaily")), Result: True
2023-11-23 14:57:27,279 INFO  Process ConditionalSequenceFlow1ExpressionExecute - Process: ContactActualizeAgeProcess, Source element: ExclusiveGateway1, Conditional flow: ConditionalSequenceFlow1, Expression: (IsNeedToNotifyUser), Result: False
2023-11-23 14:57:28,170 INFO  Process ConditionalSequenceFlow3ExpressionExecute - Process: ContactActualizeAgeProcess, Source element: ExclusiveGateway2, Conditional flow: ConditionalSequenceFlow3, Expression: (IsNeedToNotifyUser), Result: False
2023-11-23 14:58:00,010 ERROR  ProcessEngine RunProcessByStartTimerEvent - Could not run process by start timer event. The schema "StartProcessWebhookToEntity" is not enabled.
2023-11-23 14:59:00,006 ERROR  ProcessEngine RunProcessByStartTimerEvent - Could not run process by start timer event. The schema "StartProcessWebhookToEntity" is not enabled.
2023-11-23 15:00:00,029 ERROR  ProcessEngine RunProcessByStartTimerEvent - Could not run process by start timer event. The schema "StartProcessWebhookToEntity" is not enabled.
2023-11-23 15:01:00,015 ERROR  ProcessEngine RunProcessByStartTimerEvent - Could not run process by start timer event. The schema "StartProcessWebhookToEntity" is not enabled.
2023-11-23 15:02:00,011 ERROR  ProcessEngine RunProcessByStartTimerEvent - Could not run process by start timer event. The schema "StartProcessWebhookToEntity" is not enabled.
2023-11-23 15:03:00,009 ERROR  ProcessEngine RunProcessByStartTimerEvent - Could not run process by start timer event. The schema "StartProcessWebhookToEntity" is not enabled.
2023-11-23 15:04:00,005 ERROR  ProcessEngine RunProcessByStartTimerEvent - Could not run process by start timer event. The schema "StartProcessWebhookToEntity" is not enabled.
2023-11-23 15:05:00,005 ERROR  ProcessEngine RunProcessByStartTimerEvent - Could not run process by start timer event. The schema "StartProcessWebhookToEntity" is not enabled.
2023-11-23 15:06:00,005 ERROR  ProcessEngine Execute - Could not run process by start timer event. The schema "StartProcessWebhookToEntity" is not enabled.
2023-11-23 15:07:00,018 ERROR  ProcessEngine Execute - Could not run process by start timer event. The schema "StartProcessWebhookToEntity" is not enabled.
2023-11-23 15:08:00,005 ERROR  ProcessEngine Execute - Could not run process by start timer event. The schema "StartProcessWebhookToEntity" is not enabled.
2023-11-23 15:09:00,017 ERROR  ProcessEngine Execute - Could not run process by start timer event. The schema "StartProcessWebhookToEntity" is not enabled.
2023-11-23 15:10:00,025 ERROR  ProcessEngine Execute - Could not run process by start timer event. The schema "StartProcessWebhookToEntity" is not enabled.
2023-11-23 15:11:00,017 ERROR  ProcessEngine Execute - Could not run process by start timer event. The schema "StartProcessWebhookToEntity" is not enabled.
2023-11-23 15:12:00,015 ERROR  ProcessEngine Execute - Could not run process by start timer event. The schema "StartProcessWebhookToEntity" is not enabled.
2023-11-23 15:13:00,018 ERROR  ProcessEngine Execute - Could not run process by start timer event. The schema "StartProcessWebhookToEntity" is not enabled.
2023-11-23 15:14:00,018 ERROR  ProcessEngine Execute - Could not run process by start timer event. The schema "StartProcessWebhookToEntity" is not enabled.
2023-11-23 15:15:00,018 ERROR  ProcessEngine Execute - Could not run process by start timer event. The schema "StartProcessWebhookToEntity" is not enabled.
2023-11-23 15:16:00,008 ERROR  ProcessEngine Execute - Could not run process by start timer event. The schema "StartProcessWebhookToEntity" is not enabled.
2023-11-23 15:17:00,018 ERROR  ProcessEngine Execute - Could not run process by start timer event. The schema "StartProcessWebhookToEntity" is not enabled.
2023-11-23 15:18:00,019 ERROR  ProcessEngine Execute - Could not run process by start timer event. The schema "StartProcessWebhookToEntity" is not enabled.
2023-11-23 15:19:00,019 ERROR  ProcessEngine Execute - Could not run process by start timer event. The schema "StartProcessWebhookToEntity" is not enabled.
2023-11-23 15:20:00,019 ERROR  ProcessEngine Execute - Could not run process by start timer event. The schema "StartProcessWebhookToEntity" is not enabled.
2023-11-23 15:21:00,018 ERROR  ProcessEngine Execute - Could not run process by start timer event. The schema "StartProcessWebhookToEntity" is not enabled.
2023-11-23 15:22:00,018 ERROR  ProcessEngine Execute - Could not run process by start timer event. The schema "StartProcessWebhookToEntity" is not enabled.
2023-11-23 15:23:00,014 ERROR  ProcessEngine Execute - Could not run process by start timer event. The schema "StartProcessWebhookToEntity" is not enabled.
2023-11-23 15:24:00,005 ERROR  ProcessEngine Execute - Could not run process by start timer event. The schema "StartProcessWebhookToEntity" is not enabled.
2023-11-23 15:25:00,018 ERROR  ProcessEngine Execute - Could not run process by start timer event. The schema "StartProcessWebhookToEntity" is not enabled.
2023-11-23 15:26:00,018 ERROR  ProcessEngine Execute - Could not run process by start timer event. The schema "StartProcessWebhookToEntity" is not enabled.
2023-11-23 15:27:00,015 ERROR  ProcessEngine Execute - Could not run process by start timer event. The schema "StartProcessWebhookToEntity" is not enabled.
2023-11-23 15:28:00,018 ERROR  ProcessEngine Execute - Could not run process by start timer event. The schema "StartProcessWebhookToEntity" is not enabled.
2023-11-23 15:29:00,018 ERROR  ProcessEngine Execute - Could not run process by start timer event. The schema "StartProcessWebhookToEntity" is not enabled.
2023-11-23 15:30:00,018 ERROR  ProcessEngine Execute - Could not run process by start timer event. The schema "StartProcessWebhookToEntity" is not enabled.
2023-11-23 15:31:00,018 ERROR  ProcessEngine Execute - Could not run process by start timer event. The schema "StartProcessWebhookToEntity" is not enabled.
2023-11-23 15:32:00,018 ERROR  ProcessEngine Execute - Could not run process by start timer event. The schema "StartProcessWebhookToEntity" is not enabled.
2023-11-23 15:33:00,017 ERROR  ProcessEngine Execute - Could not run process by start timer event. The schema "StartProcessWebhookToEntity" is not enabled.
2023-11-23 15:34:00,018 ERROR  ProcessEngine Execute - Could not run process by start timer event. The schema "StartProcessWebhookToEntity" is not enabled.
2023-11-23 15:35:00,018 ERROR  ProcessEngine Execute - Could not run process by start timer event. The schema "StartProcessWebhookToEntity" is not enabled.
2023-11-23 15:36:00,018 ERROR  ProcessEngine Execute - Could not run process by start timer event. The schema "StartProcessWebhookToEntity" is not enabled.
2023-11-23 15:37:00,016 ERROR  ProcessEngine Execute - Could not run process by start timer event. The schema "StartProcessWebhookToEntity" is not enabled.
2023-11-23 15:38:00,017 ERROR  ProcessEngine Execute - Could not run process by start timer event. The schema "StartProcessWebhookToEntity" is not enabled.
2023-11-23 15:39:00,017 ERROR  ProcessEngine Execute - Could not run process by start timer event. The schema "StartProcessWebhookToEntity" is not enabled.
2023-11-23 15:40:00,013 ERROR  ProcessEngine Execute - Could not run process by start timer event. The schema "StartProcessWebhookToEntity" is not enabled.
2023-11-23 15:41:00,013 ERROR  ProcessEngine Execute - Could not run process by start timer event. The schema "StartProcessWebhookToEntity" is not enabled.
2023-11-23 15:42:00,018 ERROR  ProcessEngine Execute - Could not run process by start timer event. The schema "StartProcessWebhookToEntity" is not enabled.
2023-11-23 15:43:00,018 ERROR  ProcessEngine Execute - Could not run process by start timer event. The schema "StartProcessWebhookToEntity" is not enabled.
2023-11-23 15:44:00,014 ERROR  ProcessEngine Execute - Could not run process by start timer event. The schema "StartProcessWebhookToEntity" is not enabled.
2023-11-23 15:45:00,013 ERROR  ProcessEngine Execute - Could not run process by start timer event. The schema "StartProcessWebhookToEntity" is not enabled.
2023-11-23 15:46:00,017 ERROR  ProcessEngine Execute - Could not run process by start timer event. The schema "StartProcessWebhookToEntity" is not enabled.
2023-11-23 15:47:00,017 ERROR  ProcessEngine Execute - Could not run process by start timer event. The schema "StartProcessWebhookToEntity" is not enabled.
2023-11-23 15:48:00,012 ERROR  ProcessEngine Execute - Could not run process by start timer event. The schema "StartProcessWebhookToEntity" is not enabled.
2023-11-23 15:49:00,012 ERROR  ProcessEngine Execute - Could not run process by start timer event. The schema "StartProcessWebhookToEntity" is not enabled.
2023-11-23 15:50:00,019 ERROR  ProcessEngine Execute - Could not run process by start timer event. The schema "StartProcessWebhookToEntity" is not enabled.
2023-11-23 15:51:00,017 ERROR  ProcessEngine Execute - Could not run process by start timer event. The schema "StartProcessWebhookToEntity" is not enabled.
2023-11-23 15:52:00,016 ERROR  ProcessEngine Execute - Could not run process by start timer event. The schema "StartProcessWebhookToEntity" is not enabled.
2023-11-23 15:53:00,018 ERROR  ProcessEngine Execute - Could not run process by start timer event. The schema "StartProcessWebhookToEntity" is not enabled.
2023-11-23 15:54:00,018 ERROR  ProcessEngine Execute - Could not run process by start timer event. The schema "StartProcessWebhookToEntity" is not enabled.
2023-11-23 15:55:00,016 ERROR  ProcessEngine Execute - Could not run process by start timer event. The schema "StartProcessWebhookToEntity" is not enabled.
2023-11-23 15:56:00,017 ERROR  ProcessEngine Execute - Could not run process by start timer event. The schema "StartProcessWebhookToEntity" is not enabled.
2023-11-23 15:57:00,014 ERROR  ProcessEngine Execute - Could not run process by start timer event. The schema "StartProcessWebhookToEntity" is not enabled.
2023-11-23 15:58:00,013 ERROR  ProcessEngine Execute - Could not run process by start timer event. The schema "StartProcessWebhookToEntity" is not enabled.
2023-11-23 15:59:00,012 ERROR  ProcessEngine Execute - Could not run process by start timer event. The schema "StartProcessWebhookToEntity" is not enabled.
2023-11-23 16:00:00,040 ERROR  ProcessEngine Execute - Could not run process by start timer event. The schema "StartProcessWebhookToEntity" is not enabled.
2023-11-23 16:01:00,005 ERROR  ProcessEngine Execute - Could not run process by start timer event. The schema "StartProcessWebhookToEntity" is not enabled.
2023-11-23 16:02:00,006 ERROR  ProcessEngine Execute - Could not run process by start timer event. The schema "StartProcessWebhookToEntity" is not enabled.
2023-11-23 16:03:00,015 ERROR  ProcessEngine Execute - Could not run process by start timer event. The schema "StartProcessWebhookToEntity" is not enabled.
2023-11-23 16:04:00,019 ERROR  ProcessEngine Execute - Could not run process by start timer event. The schema "StartProcessWebhookToEntity" is not enabled.
2023-11-23 16:05:00,018 ERROR  ProcessEngine Execute - Could not run process by start timer event. The schema "StartProcessWebhookToEntity" is not enabled.
2023-11-23 16:06:00,017 ERROR  ProcessEngine Execute - Could not run process by start timer event. The schema "StartProcessWebhookToEntity" is not enabled.
2023-11-23 16:07:00,018 ERROR  ProcessEngine Execute - Could not run process by start timer event. The schema "StartProcessWebhookToEntity" is not enabled.
2023-11-23 16:08:00,018 ERROR  ProcessEngine Execute - Could not run process by start timer event. The schema "StartProcessWebhookToEntity" is not enabled.
2023-11-23 16:09:00,015 ERROR  ProcessEngine Execute - Could not run process by start timer event. The schema "StartProcessWebhookToEntity" is not enabled.
2023-11-23 16:10:00,014 ERROR  ProcessEngine Execute - Could not run process by start timer event. The schema "StartProcessWebhookToEntity" is not enabled.
2023-11-23 16:11:00,018 ERROR  ProcessEngine Execute - Could not run process by start timer event. The schema "StartProcessWebhookToEntity" is not enabled.
2023-11-23 16:12:00,005 ERROR  ProcessEngine Execute - Could not run process by start timer event. The schema "StartProcessWebhookToEntity" is not enabled.
2023-11-23 16:13:00,013 ERROR  ProcessEngine Execute - Could not run process by start timer event. The schema "StartProcessWebhookToEntity" is not enabled.
2023-11-23 16:14:00,012 ERROR  ProcessEngine Execute - Could not run process by start timer event. The schema "StartProcessWebhookToEntity" is not enabled.
2023-11-23 16:15:00,018 ERROR  ProcessEngine Execute - Could not run process by start timer event. The schema "StartProcessWebhookToEntity" is not enabled.
2023-11-23 16:16:00,012 ERROR  ProcessEngine Execute - Could not run process by start timer event. The schema "StartProcessWebhookToEntity" is not enabled.
2023-11-23 16:17:00,005 ERROR  ProcessEngine Execute - Could not run process by start timer event. The schema "StartProcessWebhookToEntity" is not enabled.
2023-11-23 16:18:00,017 ERROR  ProcessEngine Execute - Could not run process by start timer event. The schema "StartProcessWebhookToEntity" is not enabled.
2023-11-23 16:19:00,013 ERROR  ProcessEngine Execute - Could not run process by start timer event. The schema "StartProcessWebhookToEntity" is not enabled.
2023-11-23 16:20:00,015 ERROR  ProcessEngine Execute - Could not run process by start timer event. The schema "StartProcessWebhookToEntity" is not enabled.
2023-11-23 16:21:00,006 ERROR  ProcessEngine Execute - Could not run process by start timer event. The schema "StartProcessWebhookToEntity" is not enabled.
2023-11-23 16:22:00,018 ERROR  ProcessEngine Execute - Could not run process by start timer event. The schema "StartProcessWebhookToEntity" is not enabled.
2023-11-23 16:23:00,021 ERROR  ProcessEngine Execute - Could not run process by start timer event. The schema "StartProcessWebhookToEntity" is not enabled.
2023-11-23 16:24:00,005 ERROR  ProcessEngine Execute - Could not run process by start timer event. The schema "StartProcessWebhookToEntity" is not enabled.
2023-11-23 16:25:00,047 ERROR  ProcessEngine Execute - Could not run process by start timer event. The schema "StartProcessWebhookToEntity" is not enabled.
2023-11-23 16:26:00,005 ERROR  ProcessEngine Execute - Could not run process by start timer event. The schema "StartProcessWebhookToEntity" is not enabled.
2023-11-23 16:27:00,017 ERROR  ProcessEngine Execute - Could not run process by start timer event. The schema "StartProcessWebhookToEntity" is not enabled.
2023-11-23 16:28:00,018 ERROR  ProcessEngine Execute - Could not run process by start timer event. The schema "StartProcessWebhookToEntity" is not enabled.
2023-11-23 16:29:00,011 ERROR  ProcessEngine Execute - Could not run process by start timer event. The schema "StartProcessWebhookToEntity" is not enabled.
2023-11-23 16:30:00,019 ERROR  ProcessEngine Execute - Could not run process by start timer event. The schema "StartProcessWebhookToEntity" is not enabled.
2023-11-23 16:31:00,018 ERROR  ProcessEngine Execute - Could not run process by start timer event. The schema "StartProcessWebhookToEntity" is not enabled.
2023-11-23 16:32:00,005 ERROR  ProcessEngine Execute - Could not run process by start timer event. The schema "StartProcessWebhookToEntity" is not enabled.
2023-11-23 16:33:00,015 ERROR  ProcessEngine Execute - Could not run process by start timer event. The schema "StartProcessWebhookToEntity" is not enabled.
2023-11-23 16:34:00,013 ERROR  ProcessEngine Execute - Could not run process by start timer event. The schema "StartProcessWebhookToEntity" is not enabled.
2023-11-23 16:35:00,018 ERROR  ProcessEngine Execute - Could not run process by start timer event. The schema "StartProcessWebhookToEntity" is not enabled.
2023-11-23 16:36:00,023 ERROR  ProcessEngine Execute - Could not run process by start timer event. The schema "StartProcessWebhookToEntity" is not enabled.
2023-11-23 16:37:00,005 ERROR  ProcessEngine Execute - Could not run process by start timer event. The schema "StartProcessWebhookToEntity" is not enabled.
2023-11-23 16:38:00,014 ERROR  ProcessEngine Execute - Could not run process by start timer event. The schema "StartProcessWebhookToEntity" is not enabled.
2023-11-23 16:39:00,013 ERROR  ProcessEngine Execute - Could not run process by start timer event. The schema "StartProcessWebhookToEntity" is not enabled.
2023-11-23 16:40:00,005 ERROR  ProcessEngine Execute - Could not run process by start timer event. The schema "StartProcessWebhookToEntity" is not enabled.
2023-11-23 16:41:00,018 ERROR  ProcessEngine Execute - Could not run process by start timer event. The schema "StartProcessWebhookToEntity" is not enabled.
2023-11-23 16:42:00,018 ERROR  ProcessEngine Execute - Could not run process by start timer event. The schema "StartProcessWebhookToEntity" is not enabled.
2023-11-23 16:43:00,005 ERROR  ProcessEngine Execute - Could not run process by start timer event. The schema "StartProcessWebhookToEntity" is not enabled.
2023-11-23 16:44:00,019 ERROR  ProcessEngine Execute - Could not run process by start timer event. The schema "StartProcessWebhookToEntity" is not enabled.
2023-11-23 16:45:00,019 ERROR  ProcessEngine Execute - Could not run process by start timer event. The schema "StartProcessWebhookToEntity" is not enabled.
2023-11-23 16:46:00,013 ERROR  ProcessEngine Execute - Could not run process by start timer event. The schema "StartProcessWebhookToEntity" is not enabled.
2023-11-23 16:47:00,018 ERROR  ProcessEngine Execute - Could not run process by start timer event. The schema "StartProcessWebhookToEntity" is not enabled.
2023-11-23 16:48:00,024 ERROR  ProcessEngine Execute - Could not run process by start timer event. The schema "StartProcessWebhookToEntity" is not enabled.
2023-11-23 16:49:00,012 ERROR  ProcessEngine Execute - Could not run process by start timer event. The schema "StartProcessWebhookToEntity" is not enabled.
2023-11-23 16:50:00,018 ERROR  ProcessEngine Execute - Could not run process by start timer event. The schema "StartProcessWebhookToEntity" is not enabled.
2023-11-23 16:51:00,016 ERROR  ProcessEngine Execute - Could not run process by start timer event. The schema "StartProcessWebhookToEntity" is not enabled.
2023-11-23 16:52:00,016 ERROR  ProcessEngine Execute - Could not run process by start timer event. The schema "StartProcessWebhookToEntity" is not enabled.
2023-11-23 16:53:00,007 ERROR  ProcessEngine Execute - Could not run process by start timer event. The schema "StartProcessWebhookToEntity" is not enabled.
2023-11-23 16:54:00,008 ERROR  ProcessEngine Execute - Could not run process by start timer event. The schema "StartProcessWebhookToEntity" is not enabled.
2023-11-23 16:55:00,005 ERROR  ProcessEngine Execute - Could not run process by start timer event. The schema "StartProcessWebhookToEntity" is not enabled.
2023-11-23 16:56:00,019 ERROR  ProcessEngine Execute - Could not run process by start timer event. The schema "StartProcessWebhookToEntity" is not enabled.
2023-11-23 16:57:00,017 ERROR  ProcessEngine Execute - Could not run process by start timer event. The schema "StartProcessWebhookToEntity" is not enabled.
2023-11-23 16:58:00,013 ERROR  ProcessEngine Execute - Could not run process by start timer event. The schema "StartProcessWebhookToEntity" is not enabled.
2023-11-23 16:59:00,019 ERROR  ProcessEngine Execute - Could not run process by start timer event. The schema "StartProcessWebhookToEntity" is not enabled.
2023-11-23 17:00:00,025 ERROR  ProcessEngine Execute - Could not run process by start timer event. The schema "StartProcessWebhookToEntity" is not enabled.
2023-11-23 17:01:00,019 ERROR  ProcessEngine Execute - Could not run process by start timer event. The schema "StartProcessWebhookToEntity" is not enabled.
2023-11-23 17:02:00,015 ERROR  ProcessEngine Execute - Could not run process by start timer event. The schema "StartProcessWebhookToEntity" is not enabled.
2023-11-23 17:03:00,015 ERROR  ProcessEngine Execute - Could not run process by start timer event. The schema "StartProcessWebhookToEntity" is not enabled.
2023-11-23 17:04:00,006 ERROR  ProcessEngine Execute - Could not run process by start timer event. The schema "StartProcessWebhookToEntity" is not enabled.
2023-11-23 17:05:00,008 ERROR  ProcessEngine Execute - Could not run process by start timer event. The schema "StartProcessWebhookToEntity" is not enabled.
2023-11-23 17:06:00,018 ERROR  ProcessEngine Execute - Could not run process by start timer event. The schema "StartProcessWebhookToEntity" is not enabled.
2023-11-23 17:07:00,018 ERROR  ProcessEngine Execute - Could not run process by start timer event. The schema "StartProcessWebhookToEntity" is not enabled.
2023-11-23 17:08:00,023 ERROR  ProcessEngine Execute - Could not run process by start timer event. The schema "StartProcessWebhookToEntity" is not enabled.
2023-11-23 17:09:00,018 ERROR  ProcessEngine Execute - Could not run process by start timer event. The schema "StartProcessWebhookToEntity" is not enabled.
2023-11-23 17:10:00,018 ERROR  ProcessEngine Execute - Could not run process by start timer event. The schema "StartProcessWebhookToEntity" is not enabled.
2023-11-23 17:11:00,019 ERROR  ProcessEngine Execute - Could not run process by start timer event. The schema "StartProcessWebhookToEntity" is not enabled.
2023-11-23 17:12:00,018 ERROR  ProcessEngine Execute - Could not run process by start timer event. The schema "StartProcessWebhookToEntity" is not enabled.
2023-11-23 17:13:00,018 ERROR  ProcessEngine Execute - Could not run process by start timer event. The schema "StartProcessWebhookToEntity" is not enabled.
2023-11-23 17:14:00,018 ERROR  ProcessEngine Execute - Could not run process by start timer event. The schema "StartProcessWebhookToEntity" is not enabled.
2023-11-23 17:15:00,018 ERROR  ProcessEngine Execute - Could not run process by start timer event. The schema "StartProcessWebhookToEntity" is not enabled.
2023-11-23 17:16:00,017 ERROR  ProcessEngine Execute - Could not run process by start timer event. The schema "StartProcessWebhookToEntity" is not enabled.
2023-11-23 17:17:00,018 ERROR  ProcessEngine Execute - Could not run process by start timer event. The schema "StartProcessWebhookToEntity" is not enabled.
2023-11-23 17:18:00,023 ERROR  ProcessEngine Execute - Could not run process by start timer event. The schema "StartProcessWebhookToEntity" is not enabled.
2023-11-23 17:19:00,017 ERROR  ProcessEngine Execute - Could not run process by start timer event. The schema "StartProcessWebhookToEntity" is not enabled.
2023-11-23 17:20:00,019 ERROR  ProcessEngine Execute - Could not run process by start timer event. The schema "StartProcessWebhookToEntity" is not enabled.
2023-11-23 17:21:00,019 ERROR  ProcessEngine Execute - Could not run process by start timer event. The schema "StartProcessWebhookToEntity" is not enabled.
2023-11-23 17:22:00,018 ERROR  ProcessEngine Execute - Could not run process by start timer event. The schema "StartProcessWebhookToEntity" is not enabled.
2023-11-23 17:23:00,023 ERROR  ProcessEngine Execute - Could not run process by start timer event. The schema "StartProcessWebhookToEntity" is not enabled.
2023-11-23 17:24:00,018 ERROR  ProcessEngine Execute - Could not run process by start timer event. The schema "StartProcessWebhookToEntity" is not enabled.
2023-11-23 17:25:00,018 ERROR  ProcessEngine Execute - Could not run process by start timer event. The schema "StartProcessWebhookToEntity" is not enabled.
2023-11-23 17:26:00,018 ERROR  ProcessEngine Execute - Could not run process by start timer event. The schema "StartProcessWebhookToEntity" is not enabled.
2023-11-23 17:27:00,018 ERROR  ProcessEngine Execute - Could not run process by start timer event. The schema "StartProcessWebhookToEntity" is not enabled.
2023-11-23 17:28:00,011 ERROR  ProcessEngine Execute - Could not run process by start timer event. The schema "StartProcessWebhookToEntity" is not enabled.
2023-11-23 17:29:00,018 ERROR  ProcessEngine Execute - Could not run process by start timer event. The schema "StartProcessWebhookToEntity" is not enabled.
2023-11-23 17:30:00,018 ERROR  ProcessEngine Execute - Could not run process by start timer event. The schema "StartProcessWebhookToEntity" is not enabled.
2023-11-23 17:31:00,018 ERROR  ProcessEngine Execute - Could not run process by start timer event. The schema "StartProcessWebhookToEntity" is not enabled.
2023-11-23 17:32:00,018 ERROR  ProcessEngine Execute - Could not run process by start timer event. The schema "StartProcessWebhookToEntity" is not enabled.
2023-11-23 17:33:00,024 ERROR  ProcessEngine Execute - Could not run process by start timer event. The schema "StartProcessWebhookToEntity" is not enabled.
2023-11-23 17:34:00,019 ERROR  ProcessEngine Execute - Could not run process by start timer event. The schema "StartProcessWebhookToEntity" is not enabled.
2023-11-23 17:35:00,018 ERROR  ProcessEngine Execute - Could not run process by start timer event. The schema "StartProcessWebhookToEntity" is not enabled.
2023-11-23 17:36:00,018 ERROR  ProcessEngine Execute - Could not run process by start timer event. The schema "StartProcessWebhookToEntity" is not enabled.
2023-11-23 17:37:00,018 ERROR  ProcessEngine Execute - Could not run process by start timer event. The schema "StartProcessWebhookToEntity" is not enabled.
2023-11-23 17:38:00,024 ERROR  ProcessEngine Execute - Could not run process by start timer event. The schema "StartProcessWebhookToEntity" is not enabled.
2023-11-23 17:39:00,018 ERROR  ProcessEngine Execute - Could not run process by start timer event. The schema "StartProcessWebhookToEntity" is not enabled.
2023-11-23 17:40:00,018 ERROR  ProcessEngine Execute - Could not run process by start timer event. The schema "StartProcessWebhookToEntity" is not enabled.
2023-11-23 17:41:00,024 ERROR  ProcessEngine Execute - Could not run process by start timer event. The schema "StartProcessWebhookToEntity" is not enabled.
2023-11-23 17:42:00,018 ERROR  ProcessEngine Execute - Could not run process by start timer event. The schema "StartProcessWebhookToEntity" is not enabled.
2023-11-23 17:43:00,024 ERROR  ProcessEngine Execute - Could not run process by start timer event. The schema "StartProcessWebhookToEntity" is not enabled.
2023-11-23 17:44:00,018 ERROR  ProcessEngine Execute - Could not run process by start timer event. The schema "StartProcessWebhookToEntity" is not enabled.
2023-11-23 17:45:00,018 ERROR  ProcessEngine Execute - Could not run process by start timer event. The schema "StartProcessWebhookToEntity" is not enabled.
2023-11-23 17:46:00,018 ERROR  ProcessEngine Execute - Could not run process by start timer event. The schema "StartProcessWebhookToEntity" is not enabled.
2023-11-23 17:47:00,018 ERROR  ProcessEngine Execute - Could not run process by start timer event. The schema "StartProcessWebhookToEntity" is not enabled.
2023-11-23 17:48:00,024 ERROR  ProcessEngine Execute - Could not run process by start timer event. The schema "StartProcessWebhookToEntity" is not enabled.
2023-11-23 17:49:00,015 ERROR  ProcessEngine Execute - Could not run process by start timer event. The schema "StartProcessWebhookToEntity" is not enabled.
2023-11-23 17:50:00,009 ERROR  ProcessEngine Execute - Could not run process by start timer event. The schema "StartProcessWebhookToEntity" is not enabled.
2023-11-23 17:51:00,011 ERROR  ProcessEngine Execute - Could not run process by start timer event. The schema "StartProcessWebhookToEntity" is not enabled.
2023-11-23 17:52:00,019 ERROR  ProcessEngine Execute - Could not run process by start timer event. The schema "StartProcessWebhookToEntity" is not enabled.
2023-11-23 17:53:00,013 ERROR  ProcessEngine Execute - Could not run process by start timer event. The schema "StartProcessWebhookToEntity" is not enabled.
2023-11-23 17:54:00,018 ERROR  ProcessEngine Execute - Could not run process by start timer event. The schema "StartProcessWebhookToEntity" is not enabled.
2023-11-23 17:55:00,018 ERROR  ProcessEngine Execute - Could not run process by start timer event. The schema "StartProcessWebhookToEntity" is not enabled.
2023-11-23 17:56:00,018 ERROR  ProcessEngine Execute - Could not run process by start timer event. The schema "StartProcessWebhookToEntity" is not enabled.
2023-11-23 17:57:00,014 ERROR  ProcessEngine Execute - Could not run process by start timer event. The schema "StartProcessWebhookToEntity" is not enabled.
2023-11-23 17:58:00,023 ERROR  ProcessEngine Execute - Could not run process by start timer event. The schema "StartProcessWebhookToEntity" is not enabled.
2023-11-23 17:59:00,016 ERROR  ProcessEngine Execute - Could not run process by start timer event. The schema "StartProcessWebhookToEntity" is not enabled.
2023-11-23 18:00:00,039 ERROR  ProcessEngine Execute - Could not run process by start timer event. The schema "StartProcessWebhookToEntity" is not enabled.
2023-11-23 18:01:00,014 ERROR  ProcessEngine Execute - Could not run process by start timer event. The schema "StartProcessWebhookToEntity" is not enabled.
2023-11-23 18:02:00,019 ERROR  ProcessEngine Execute - Could not run process by start timer event. The schema "StartProcessWebhookToEntity" is not enabled.
2023-11-23 18:03:00,025 ERROR  ProcessEngine Execute - Could not run process by start timer event. The schema "StartProcessWebhookToEntity" is not enabled.
2023-11-23 18:04:00,005 ERROR  ProcessEngine Execute - Could not run process by start timer event. The schema "StartProcessWebhookToEntity" is not enabled.
2023-11-23 18:05:00,018 ERROR  ProcessEngine Execute - Could not run process by start timer event. The schema "StartProcessWebhookToEntity" is not enabled.
2023-11-23 18:06:00,004 ERROR  ProcessEngine Execute - Could not run process by start timer event. The schema "StartProcessWebhookToEntity" is not enabled.
2023-11-23 18:07:00,029 ERROR  ProcessEngine Execute - Could not run process by start timer event. The schema "StartProcessWebhookToEntity" is not enabled.
2023-11-23 18:08:00,017 ERROR  ProcessEngine Execute - Could not run process by start timer event. The schema "StartProcessWebhookToEntity" is not enabled.
2023-11-23 18:09:00,006 ERROR  ProcessEngine Execute - Could not run process by start timer event. The schema "StartProcessWebhookToEntity" is not enabled.
2023-11-23 18:10:00,009 ERROR  ProcessEngine Execute - Could not run process by start timer event. The schema "StartProcessWebhookToEntity" is not enabled.
2023-11-23 18:11:00,012 ERROR  ProcessEngine Execute - Could not run process by start timer event. The schema "StartProcessWebhookToEntity" is not enabled.
2023-11-23 18:12:00,018 ERROR  ProcessEngine Execute - Could not run process by start timer event. The schema "StartProcessWebhookToEntity" is not enabled.
2023-11-23 18:13:00,013 ERROR  ProcessEngine Execute - Could not run process by start timer event. The schema "StartProcessWebhookToEntity" is not enabled.
2023-11-23 18:14:00,018 ERROR  ProcessEngine Execute - Could not run process by start timer event. The schema "StartProcessWebhookToEntity" is not enabled.
2023-11-23 18:15:00,010 ERROR  ProcessEngine Execute - Could not run process by start timer event. The schema "StartProcessWebhookToEntity" is not enabled.
2023-11-23 18:16:00,005 ERROR  ProcessEngine Execute - Could not run process by start timer event. The schema "StartProcessWebhookToEntity" is not enabled.
2023-11-23 18:17:00,022 ERROR  ProcessEngine Execute - Could not run process by start timer event. The schema "StartProcessWebhookToEntity" is not enabled.
2023-11-23 18:18:00,019 ERROR  ProcessEngine Execute - Could not run process by start timer event. The schema "StartProcessWebhookToEntity" is not enabled.
2023-11-23 18:19:00,017 ERROR  ProcessEngine Execute - Could not run process by start timer event. The schema "StartProcessWebhookToEntity" is not enabled.
2023-11-23 18:20:00,005 ERROR  ProcessEngine Execute - Could not run process by start timer event. The schema "StartProcessWebhookToEntity" is not enabled.
2023-11-23 18:21:00,018 ERROR  ProcessEngine Execute - Could not run process by start timer event. The schema "StartProcessWebhookToEntity" is not enabled.
2023-11-23 18:22:00,008 ERROR  ProcessEngine Execute - Could not run process by start timer event. The schema "StartProcessWebhookToEntity" is not enabled.
2023-11-23 18:23:00,011 ERROR  ProcessEngine Execute - Could not run process by start timer event. The schema "StartProcessWebhookToEntity" is not enabled.
2023-11-23 18:24:00,005 ERROR  ProcessEngine Execute - Could not run process by start timer event. The schema "StartProcessWebhookToEntity" is not enabled.
2023-11-23 18:25:00,017 ERROR  ProcessEngine Execute - Could not run process by start timer event. The schema "StartProcessWebhookToEntity" is not enabled.
2023-11-23 18:26:00,018 ERROR  ProcessEngine Execute - Could not run process by start timer event. The schema "StartProcessWebhookToEntity" is not enabled.
2023-11-23 18:27:00,017 ERROR  ProcessEngine Execute - Could not run process by start timer event. The schema "StartProcessWebhookToEntity" is not enabled.
2023-11-23 18:28:00,014 ERROR  ProcessEngine Execute - Could not run process by start timer event. The schema "StartProcessWebhookToEntity" is not enabled.
2023-11-23 18:29:00,017 ERROR  ProcessEngine Execute - Could not run process by start timer event. The schema "StartProcessWebhookToEntity" is not enabled.
2023-11-23 18:30:00,066 ERROR  ProcessEngine Execute - Could not run process by start timer event. The schema "StartProcessWebhookToEntity" is not enabled.
2023-11-23 18:31:00,022 ERROR  ProcessEngine Execute - Could not run process by start timer event. The schema "StartProcessWebhookToEntity" is not enabled.
2023-11-23 18:32:00,017 ERROR  ProcessEngine Execute - Could not run process by start timer event. The schema "StartProcessWebhookToEntity" is not enabled.
2023-11-23 18:33:00,023 ERROR  ProcessEngine Execute - Could not run process by start timer event. The schema "StartProcessWebhookToEntity" is not enabled.
2023-11-23 18:34:00,018 ERROR  ProcessEngine Execute - Could not run process by start timer event. The schema "StartProcessWebhookToEntity" is not enabled.
2023-11-23 18:35:00,017 ERROR  ProcessEngine Execute - Could not run process by start timer event. The schema "StartProcessWebhookToEntity" is not enabled.
2023-11-23 18:36:00,015 ERROR  ProcessEngine Execute - Could not run process by start timer event. The schema "StartProcessWebhookToEntity" is not enabled.
2023-11-23 18:37:00,039 ERROR  ProcessEngine Execute - Could not run process by start timer event. The schema "StartProcessWebhookToEntity" is not enabled.
2023-11-23 18:38:00,117 ERROR  ProcessEngine Execute - Could not run process by start timer event. The schema "StartProcessWebhookToEntity" is not enabled.
2023-11-23 18:39:00,098 ERROR  ProcessEngine Execute - Could not run process by start timer event. The schema "StartProcessWebhookToEntity" is not enabled.
2023-11-23 18:40:00,077 ERROR  ProcessEngine Execute - Could not run process by start timer event. The schema "StartProcessWebhookToEntity" is not enabled.
2023-11-23 18:41:00,013 ERROR  ProcessEngine Execute - Could not run process by start timer event. The schema "StartProcessWebhookToEntity" is not enabled.
2023-11-23 18:42:00,018 ERROR  ProcessEngine Execute - Could not run process by start timer event. The schema "StartProcessWebhookToEntity" is not enabled.
2023-11-23 18:43:00,027 ERROR  ProcessEngine Execute - Could not run process by start timer event. The schema "StartProcessWebhookToEntity" is not enabled.
2023-11-23 18:44:00,019 ERROR  ProcessEngine Execute - Could not run process by start timer event. The schema "StartProcessWebhookToEntity" is not enabled.
2023-11-23 18:45:00,005 ERROR  ProcessEngine Execute - Could not run process by start timer event. The schema "StartProcessWebhookToEntity" is not enabled.
2023-11-23 18:46:00,018 ERROR  ProcessEngine Execute - Could not run process by start timer event. The schema "StartProcessWebhookToEntity" is not enabled.
2023-11-23 18:47:00,010 ERROR  ProcessEngine Execute - Could not run process by start timer event. The schema "StartProcessWebhookToEntity" is not enabled.
2023-11-23 18:48:00,026 ERROR  ProcessEngine Execute - Could not run process by start timer event. The schema "StartProcessWebhookToEntity" is not enabled.
2023-11-23 18:49:00,021 ERROR  ProcessEngine Execute - Could not run process by start timer event. The schema "StartProcessWebhookToEntity" is not enabled.
2023-11-23 18:50:00,017 ERROR  ProcessEngine Execute - Could not run process by start timer event. The schema "StartProcessWebhookToEntity" is not enabled.
2023-11-23 18:51:00,009 ERROR  ProcessEngine Execute - Could not run process by start timer event. The schema "StartProcessWebhookToEntity" is not enabled.
2023-11-23 18:52:00,018 ERROR  ProcessEngine Execute - Could not run process by start timer event. The schema "StartProcessWebhookToEntity" is not enabled.
2023-11-23 18:53:00,018 ERROR  ProcessEngine Execute - Could not run process by start timer event. The schema "StartProcessWebhookToEntity" is not enabled.
2023-11-23 18:54:00,017 ERROR  ProcessEngine Execute - Could not run process by start timer event. The schema "StartProcessWebhookToEntity" is not enabled.
2023-11-23 18:55:00,024 ERROR  ProcessEngine Execute - Could not run process by start timer event. The schema "StartProcessWebhookToEntity" is not enabled.
2023-11-23 18:56:00,018 ERROR  ProcessEngine Execute - Could not run process by start timer event. The schema "StartProcessWebhookToEntity" is not enabled.
2023-11-23 18:57:00,206 ERROR  ProcessEngine Execute - Could not run process by start timer event. The schema "StartProcessWebhookToEntity" is not enabled.
2023-11-23 18:58:00,027 ERROR  ProcessEngine Execute - Could not run process by start timer event. The schema "StartProcessWebhookToEntity" is not enabled.
2023-11-23 18:59:00,018 ERROR  ProcessEngine Execute - Could not run process by start timer event. The schema "StartProcessWebhookToEntity" is not enabled.
2023-11-23 19:00:00,021 ERROR  ProcessEngine Execute - Could not run process by start timer event. The schema "StartProcessWebhookToEntity" is not enabled.
2023-11-23 19:01:00,011 ERROR  ProcessEngine Execute - Could not run process by start timer event. The schema "StartProcessWebhookToEntity" is not enabled.
2023-11-23 19:02:00,010 ERROR  ProcessEngine Execute - Could not run process by start timer event. The schema "StartProcessWebhookToEntity" is not enabled.
2023-11-23 19:03:00,026 ERROR  ProcessEngine Execute - Could not run process by start timer event. The schema "StartProcessWebhookToEntity" is not enabled.
2023-11-23 19:04:00,016 ERROR  ProcessEngine Execute - Could not run process by start timer event. The schema "StartProcessWebhookToEntity" is not enabled.
2023-11-23 19:05:00,005 ERROR  ProcessEngine Execute - Could not run process by start timer event. The schema "StartProcessWebhookToEntity" is not enabled.
2023-11-23 19:06:00,012 ERROR  ProcessEngine Execute - Could not run process by start timer event. The schema "StartProcessWebhookToEntity" is not enabled.
2023-11-23 19:07:00,015 ERROR  ProcessEngine Execute - Could not run process by start timer event. The schema "StartProcessWebhookToEntity" is not enabled.
2023-11-23 19:08:00,023 ERROR  ProcessEngine Execute - Could not run process by start timer event. The schema "StartProcessWebhookToEntity" is not enabled.
2023-11-23 19:09:00,014 ERROR  ProcessEngine Execute - Could not run process by start timer event. The schema "StartProcessWebhookToEntity" is not enabled.
2023-11-23 19:10:00,018 ERROR  ProcessEngine Execute - Could not run process by start timer event. The schema "StartProcessWebhookToEntity" is not enabled.
2023-11-23 19:11:00,006 ERROR  ProcessEngine Execute - Could not run process by start timer event. The schema "StartProcessWebhookToEntity" is not enabled.
2023-11-23 19:12:00,018 ERROR  ProcessEngine Execute - Could not run process by start timer event. The schema "StartProcessWebhookToEntity" is not enabled.
2023-11-23 19:13:00,030 ERROR  ProcessEngine Execute - Could not run process by start timer event. The schema "StartProcessWebhookToEntity" is not enabled.
2023-11-23 19:14:00,018 ERROR  ProcessEngine Execute - Could not run process by start timer event. The schema "StartProcessWebhookToEntity" is not enabled.
2023-11-23 19:15:00,018 ERROR  ProcessEngine Execute - Could not run process by start timer event. The schema "StartProcessWebhookToEntity" is not enabled.
2023-11-23 19:16:00,017 ERROR  ProcessEngine Execute - Could not run process by start timer event. The schema "StartProcessWebhookToEntity" is not enabled.
2023-11-23 19:17:00,017 ERROR  ProcessEngine Execute - Could not run process by start timer event. The schema "StartProcessWebhookToEntity" is not enabled.
2023-11-23 19:18:00,010 ERROR  ProcessEngine Execute - Could not run process by start timer event. The schema "StartProcessWebhookToEntity" is not enabled.
2023-11-23 19:19:00,006 ERROR  ProcessEngine Execute - Could not run process by start timer event. The schema "StartProcessWebhookToEntity" is not enabled.
2023-11-23 19:20:00,005 ERROR  ProcessEngine Execute - Could not run process by start timer event. The schema "StartProcessWebhookToEntity" is not enabled.
2023-11-23 19:21:00,017 ERROR  ProcessEngine Execute - Could not run process by start timer event. The schema "StartProcessWebhookToEntity" is not enabled.
2023-11-23 19:22:00,017 ERROR  ProcessEngine Execute - Could not run process by start timer event. The schema "StartProcessWebhookToEntity" is not enabled.
2023-11-23 19:23:00,017 ERROR  ProcessEngine Execute - Could not run process by start timer event. The schema "StartProcessWebhookToEntity" is not enabled.
2023-11-23 19:24:00,018 ERROR  ProcessEngine Execute - Could not run process by start timer event. The schema "StartProcessWebhookToEntity" is not enabled.
2023-11-23 19:25:00,018 ERROR  ProcessEngine Execute - Could not run process by start timer event. The schema "StartProcessWebhookToEntity" is not enabled.
2023-11-23 19:26:00,018 ERROR  ProcessEngine Execute - Could not run process by start timer event. The schema "StartProcessWebhookToEntity" is not enabled.
2023-11-23 19:27:00,017 ERROR  ProcessEngine Execute - Could not run process by start timer event. The schema "StartProcessWebhookToEntity" is not enabled.
2023-11-23 19:28:00,022 ERROR  ProcessEngine Execute - Could not run process by start timer event. The schema "StartProcessWebhookToEntity" is not enabled.
2023-11-23 19:29:00,017 ERROR  ProcessEngine Execute - Could not run process by start timer event. The schema "StartProcessWebhookToEntity" is not enabled.
2023-11-23 19:30:00,018 ERROR  ProcessEngine Execute - Could not run process by start timer event. The schema "StartProcessWebhookToEntity" is not enabled.
2023-11-23 19:31:00,018 ERROR  ProcessEngine Execute - Could not run process by start timer event. The schema "StartProcessWebhookToEntity" is not enabled.
2023-11-23 19:32:00,017 ERROR  ProcessEngine Execute - Could not run process by start timer event. The schema "StartProcessWebhookToEntity" is not enabled.
2023-11-23 19:33:00,024 ERROR  ProcessEngine Execute - Could not run process by start timer event. The schema "StartProcessWebhookToEntity" is not enabled.
2023-11-23 19:34:00,018 ERROR  ProcessEngine Execute - Could not run process by start timer event. The schema "StartProcessWebhookToEntity" is not enabled.
2023-11-23 19:35:00,018 ERROR  ProcessEngine Execute - Could not run process by start timer event. The schema "StartProcessWebhookToEntity" is not enabled.
2023-11-23 19:36:00,018 ERROR  ProcessEngine Execute - Could not run process by start timer event. The schema "StartProcessWebhookToEntity" is not enabled.
2023-11-23 19:37:00,018 ERROR  ProcessEngine Execute - Could not run process by start timer event. The schema "StartProcessWebhookToEntity" is not enabled.
2023-11-23 19:38:00,017 ERROR  ProcessEngine Execute - Could not run process by start timer event. The schema "StartProcessWebhookToEntity" is not enabled.
2023-11-23 19:39:00,014 ERROR  ProcessEngine Execute - Could not run process by start timer event. The schema "StartProcessWebhookToEntity" is not enabled.
2023-11-23 19:40:00,018 ERROR  ProcessEngine Execute - Could not run process by start timer event. The schema "StartProcessWebhookToEntity" is not enabled.
2023-11-23 19:41:00,017 ERROR  ProcessEngine Execute - Could not run process by start timer event. The schema "StartProcessWebhookToEntity" is not enabled.
2023-11-23 19:42:00,018 ERROR  ProcessEngine Execute - Could not run process by start timer event. The schema "StartProcessWebhookToEntity" is not enabled.
2023-11-23 19:43:00,024 ERROR  ProcessEngine Execute - Could not run process by start timer event. The schema "StartProcessWebhookToEntity" is not enabled.
2023-11-23 19:44:00,017 ERROR  ProcessEngine Execute - Could not run process by start timer event. The schema "StartProcessWebhookToEntity" is not enabled.
2023-11-23 19:45:00,018 ERROR  ProcessEngine Execute - Could not run process by start timer event. The schema "StartProcessWebhookToEntity" is not enabled.
2023-11-23 19:46:00,017 ERROR  ProcessEngine Execute - Could not run process by start timer event. The schema "StartProcessWebhookToEntity" is not enabled.
2023-11-23 19:47:00,017 ERROR  ProcessEngine Execute - Could not run process by start timer event. The schema "StartProcessWebhookToEntity" is not enabled.
2023-11-23 19:48:00,017 ERROR  ProcessEngine Execute - Could not run process by start timer event. The schema "StartProcessWebhookToEntity" is not enabled.
2023-11-23 19:49:00,017 ERROR  ProcessEngine Execute - Could not run process by start timer event. The schema "StartProcessWebhookToEntity" is not enabled.
2023-11-23 19:50:00,018 ERROR  ProcessEngine Execute - Could not run process by start timer event. The schema "StartProcessWebhookToEntity" is not enabled.
2023-11-23 19:51:00,017 ERROR  ProcessEngine Execute - Could not run process by start timer event. The schema "StartProcessWebhookToEntity" is not enabled.
2023-11-23 19:52:00,018 ERROR  ProcessEngine Execute - Could not run process by start timer event. The schema "StartProcessWebhookToEntity" is not enabled.
2023-11-23 19:53:00,023 ERROR  ProcessEngine Execute - Could not run process by start timer event. The schema "StartProcessWebhookToEntity" is not enabled.
2023-11-23 19:54:00,018 ERROR  ProcessEngine Execute - Could not run process by start timer event. The schema "StartProcessWebhookToEntity" is not enabled.
2023-11-23 19:55:00,018 ERROR  ProcessEngine Execute - Could not run process by start timer event. The schema "StartProcessWebhookToEntity" is not enabled.
2023-11-23 19:56:00,018 ERROR  ProcessEngine Execute - Could not run process by start timer event. The schema "StartProcessWebhookToEntity" is not enabled.
2023-11-23 19:57:00,017 ERROR  ProcessEngine Execute - Could not run process by start timer event. The schema "StartProcessWebhookToEntity" is not enabled.
2023-11-23 19:58:00,008 ERROR  ProcessEngine Execute - Could not run process by start timer event. The schema "StartProcessWebhookToEntity" is not enabled.
2023-11-23 19:59:00,005 ERROR  ProcessEngine Execute - Could not run process by start timer event. The schema "StartProcessWebhookToEntity" is not enabled.
2023-11-23 20:00:00,023 ERROR  ProcessEngine Execute - Could not run process by start timer event. The schema "StartProcessWebhookToEntity" is not enabled.
2023-11-23 20:01:00,018 ERROR  ProcessEngine Execute - Could not run process by start timer event. The schema "StartProcessWebhookToEntity" is not enabled.
2023-11-23 20:02:00,022 ERROR  ProcessEngine Execute - Could not run process by start timer event. The schema "StartProcessWebhookToEntity" is not enabled.
2023-11-23 20:03:00,011 ERROR  ProcessEngine Execute - Could not run process by start timer event. The schema "StartProcessWebhookToEntity" is not enabled.
2023-11-23 20:04:00,014 ERROR  ProcessEngine Execute - Could not run process by start timer event. The schema "StartProcessWebhookToEntity" is not enabled.
2023-11-23 20:05:00,008 ERROR  ProcessEngine Execute - Could not run process by start timer event. The schema "StartProcessWebhookToEntity" is not enabled.
2023-11-23 20:06:00,018 ERROR  ProcessEngine Execute - Could not run process by start timer event. The schema "StartProcessWebhookToEntity" is not enabled.
2023-11-23 20:07:00,018 ERROR  ProcessEngine Execute - Could not run process by start timer event. The schema "StartProcessWebhookToEntity" is not enabled.
2023-11-23 20:08:00,024 ERROR  ProcessEngine Execute - Could not run process by start timer event. The schema "StartProcessWebhookToEntity" is not enabled.
2023-11-23 20:09:00,017 ERROR  ProcessEngine Execute - Could not run process by start timer event. The schema "StartProcessWebhookToEntity" is not enabled.
2023-11-23 20:10:00,018 ERROR  ProcessEngine Execute - Could not run process by start timer event. The schema "StartProcessWebhookToEntity" is not enabled.
2023-11-23 20:11:00,014 ERROR  ProcessEngine Execute - Could not run process by start timer event. The schema "StartProcessWebhookToEntity" is not enabled.
2023-11-23 20:12:00,018 ERROR  ProcessEngine Execute - Could not run process by start timer event. The schema "StartProcessWebhookToEntity" is not enabled.
2023-11-23 20:13:00,024 ERROR  ProcessEngine Execute - Could not run process by start timer event. The schema "StartProcessWebhookToEntity" is not enabled.
2023-11-23 20:14:00,004 ERROR  ProcessEngine Execute - Could not run process by start timer event. The schema "StartProcessWebhookToEntity" is not enabled.
2023-11-23 20:15:00,017 ERROR  ProcessEngine Execute - Could not run process by start timer event. The schema "StartProcessWebhookToEntity" is not enabled.
2023-11-23 20:16:00,014 ERROR  ProcessEngine Execute - Could not run process by start timer event. The schema "StartProcessWebhookToEntity" is not enabled.
2023-11-23 20:17:00,018 ERROR  ProcessEngine Execute - Could not run process by start timer event. The schema "StartProcessWebhookToEntity" is not enabled.
2023-11-23 20:18:00,027 ERROR  ProcessEngine Execute - Could not run process by start timer event. The schema "StartProcessWebhookToEntity" is not enabled.
2023-11-23 20:19:00,019 ERROR  ProcessEngine Execute - Could not run process by start timer event. The schema "StartProcessWebhookToEntity" is not enabled.
2023-11-23 20:20:00,014 ERROR  ProcessEngine Execute - Could not run process by start timer event. The schema "StartProcessWebhookToEntity" is not enabled.
2023-11-23 20:21:00,017 ERROR  ProcessEngine Execute - Could not run process by start timer event. The schema "StartProcessWebhookToEntity" is not enabled.
2023-11-23 20:22:00,018 ERROR  ProcessEngine Execute - Could not run process by start timer event. The schema "StartProcessWebhookToEntity" is not enabled.
2023-11-23 20:23:00,010 ERROR  ProcessEngine Execute - Could not run process by start timer event. The schema "StartProcessWebhookToEntity" is not enabled.
2023-11-23 20:24:00,018 ERROR  ProcessEngine Execute - Could not run process by start timer event. The schema "StartProcessWebhookToEntity" is not enabled.
2023-11-23 20:25:00,015 ERROR  ProcessEngine Execute - Could not run process by start timer event. The schema "StartProcessWebhookToEntity" is not enabled.
2023-11-23 20:26:00,017 ERROR  ProcessEngine Execute - Could not run process by start timer event. The schema "StartProcessWebhookToEntity" is not enabled.
2023-11-23 20:27:00,018 ERROR  ProcessEngine Execute - Could not run process by start timer event. The schema "StartProcessWebhookToEntity" is not enabled.
2023-11-23 20:28:00,029 ERROR  ProcessEngine Execute - Could not run process by start timer event. The schema "StartProcessWebhookToEntity" is not enabled.
2023-11-23 20:29:00,017 ERROR  ProcessEngine Execute - Could not run process by start timer event. The schema "StartProcessWebhookToEntity" is not enabled.
2023-11-23 20:30:00,018 ERROR  ProcessEngine Execute - Could not run process by start timer event. The schema "StartProcessWebhookToEntity" is not enabled.
2023-11-23 20:31:00,017 ERROR  ProcessEngine Execute - Could not run process by start timer event. The schema "StartProcessWebhookToEntity" is not enabled.
2023-11-23 20:32:00,017 ERROR  ProcessEngine Execute - Could not run process by start timer event. The schema "StartProcessWebhookToEntity" is not enabled.
2023-11-23 20:33:00,014 ERROR  ProcessEngine Execute - Could not run process by start timer event. The schema "StartProcessWebhookToEntity" is not enabled.
2023-11-23 20:34:00,018 ERROR  ProcessEngine Execute - Could not run process by start timer event. The schema "StartProcessWebhookToEntity" is not enabled.
2023-11-23 20:35:00,005 ERROR  ProcessEngine Execute - Could not run process by start timer event. The schema "StartProcessWebhookToEntity" is not enabled.
2023-11-23 20:36:00,005 ERROR  ProcessEngine Execute - Could not run process by start timer event. The schema "StartProcessWebhookToEntity" is not enabled.
2023-11-23 20:37:00,015 ERROR  ProcessEngine Execute - Could not run process by start timer event. The schema "StartProcessWebhookToEntity" is not enabled.
2023-11-23 20:38:00,033 ERROR  ProcessEngine Execute - Could not run process by start timer event. The schema "StartProcessWebhookToEntity" is not enabled.
2023-11-23 20:39:00,006 ERROR  ProcessEngine Execute - Could not run process by start timer event. The schema "StartProcessWebhookToEntity" is not enabled.
2023-11-23 20:40:00,005 ERROR  ProcessEngine Execute - Could not run process by start timer event. The schema "StartProcessWebhookToEntity" is not enabled.
2023-11-23 20:41:00,017 ERROR  ProcessEngine Execute - Could not run process by start timer event. The schema "StartProcessWebhookToEntity" is not enabled.
2023-11-23 20:42:00,005 ERROR  ProcessEngine Execute - Could not run process by start timer event. The schema "StartProcessWebhookToEntity" is not enabled.
2023-11-23 20:43:00,013 ERROR  ProcessEngine Execute - Could not run process by start timer event. The schema "StartProcessWebhookToEntity" is not enabled.
