2023-12-05 11:55:10,653 [.NET ThreadPool Worker] WARN Supervisor <GetModelsGroupedByEntityName>b__1_0 - PredictedResultColumnName is empty for model 74ce4daa-aa40-411d-8152-1b16cc2e8c2b
Metadata: {
}
Entity schemaUid: a5657e6b-342d-4104-8ab8-aab37ef29860

2023-12-05 11:55:10,655 [.NET ThreadPool Worker] WARN Supervisor <GetModelsGroupedByEntityName>b__1_0 - PredictedResultColumnName is empty for model 8f57ed14-2c8a-47c8-a990-104698359451
Metadata: {
}
Entity schemaUid: a5657e6b-342d-4104-8ab8-aab37ef29860

2023-12-05 11:55:10,655 [.NET ThreadPool Worker] WARN Supervisor <GetModelsGroupedByEntityName>b__1_0 - PredictedResultColumnName is empty for model 6f8c5159-e07b-485d-bfa2-37dbf4f0a2d3
Metadata: {
}
Entity schemaUid: 117d32f9-8275-4534-8411-1c66115ce9cd

2023-12-05 11:55:10,655 [.NET ThreadPool Worker] WARN Supervisor <GetModelsGroupedByEntityName>b__1_0 - PredictedResultColumnName is empty for model b624f2fd-81e1-4e8d-890b-5184994d1154
Metadata: {
}
Entity schemaUid: 56143364-4580-4561-8814-8612fad2e5c0

2023-12-05 11:55:35,291 [.NET ThreadPool Worker] INFO  Execute - ML model batch prediction job started
2023-12-05 11:55:35,291 [.NET ThreadPool Worker] INFO  Execute - Start to process (training, state sync) ML models
2023-12-05 11:55:35,295 [.NET ThreadPool Worker] DEBUG  ProcessAllModels - There are no ML problem types with set ServiceUrl
2023-12-05 11:55:35,295 [.NET ThreadPool Worker] DEBUG  ProcessAllModels - There are no ML problem types with set ServiceUrl
2023-12-05 12:00:49,548 [.NET ThreadPool Worker] INFO  Execute - Start to process (training, state sync) ML models
2023-12-05 12:00:49,550 [.NET ThreadPool Worker] INFO  Execute - ML model batch prediction job started
2023-12-05 12:00:49,560 [.NET ThreadPool Worker] DEBUG  CheckIsServiceUrlSet - There are no ML problem types with set ServiceUrl
2023-12-05 12:00:49,560 [.NET ThreadPool Worker] DEBUG  CheckIsServiceUrlSet - There are no ML problem types with set ServiceUrl
2023-12-05 12:15:49,566 [.NET ThreadPool Worker] INFO  Execute - Start to process (training, state sync) ML models
2023-12-05 12:15:49,566 [.NET ThreadPool Worker] DEBUG  ProcessAllModels - There are no ML problem types with set ServiceUrl
2023-12-05 12:30:49,583 [.NET ThreadPool Worker] INFO  Execute - Start to process (training, state sync) ML models
2023-12-05 12:30:49,587 [.NET ThreadPool Worker] DEBUG  ProcessAllModels - There are no ML problem types with set ServiceUrl
2023-12-05 12:45:49,604 [.NET ThreadPool Worker] INFO  Execute - Start to process (training, state sync) ML models
2023-12-05 12:45:49,608 [.NET ThreadPool Worker] DEBUG  ProcessAllModels - There are no ML problem types with set ServiceUrl
2023-12-05 13:00:49,580 [.NET ThreadPool Worker] INFO  Execute - ML model batch prediction job started
2023-12-05 13:00:49,583 [.NET ThreadPool Worker] DEBUG  ProcessAllModels - There are no ML problem types with set ServiceUrl
2023-12-05 13:00:49,624 [.NET ThreadPool Worker] INFO  Execute - Start to process (training, state sync) ML models
2023-12-05 13:00:49,627 [.NET ThreadPool Worker] DEBUG  ProcessAllModels - There are no ML problem types with set ServiceUrl
2023-12-05 13:15:49,643 [.NET ThreadPool Worker] INFO  Execute - Start to process (training, state sync) ML models
2023-12-05 13:15:49,643 [.NET ThreadPool Worker] DEBUG  ProcessAllModels - There are no ML problem types with set ServiceUrl
2023-12-05 13:18:24,517 [.NET ThreadPool Worker] WARN Supervisor <GetModelsGroupedByEntityName>b__1_0 - PredictedResultColumnName is empty for model 74ce4daa-aa40-411d-8152-1b16cc2e8c2b
Metadata: {
}
Entity schemaUid: a5657e6b-342d-4104-8ab8-aab37ef29860

2023-12-05 13:18:24,520 [.NET ThreadPool Worker] WARN Supervisor <GetModelsGroupedByEntityName>b__1_0 - PredictedResultColumnName is empty for model 8f57ed14-2c8a-47c8-a990-104698359451
Metadata: {
}
Entity schemaUid: a5657e6b-342d-4104-8ab8-aab37ef29860

2023-12-05 13:18:24,520 [.NET ThreadPool Worker] WARN Supervisor <GetModelsGroupedByEntityName>b__1_0 - PredictedResultColumnName is empty for model 6f8c5159-e07b-485d-bfa2-37dbf4f0a2d3
Metadata: {
}
Entity schemaUid: 117d32f9-8275-4534-8411-1c66115ce9cd

2023-12-05 13:18:24,520 [.NET ThreadPool Worker] WARN Supervisor <GetModelsGroupedByEntityName>b__1_0 - PredictedResultColumnName is empty for model b624f2fd-81e1-4e8d-890b-5184994d1154
Metadata: {
}
Entity schemaUid: 56143364-4580-4561-8814-8612fad2e5c0

2023-12-05 13:23:58,163 [.NET ThreadPool Worker] INFO  Execute - Start to process (training, state sync) ML models
2023-12-05 13:23:58,174 [.NET ThreadPool Worker] INFO  Execute - ML model batch prediction job started
2023-12-05 13:23:58,181 [.NET ThreadPool Worker] DEBUG  ProcessAllModels - There are no ML problem types with set ServiceUrl
2023-12-05 13:23:58,181 [.NET ThreadPool Worker] DEBUG  ProcessAllModels - There are no ML problem types with set ServiceUrl
2023-12-05 13:38:58,198 [.NET ThreadPool Worker] INFO  Execute - Start to process (training, state sync) ML models
2023-12-05 13:38:58,198 [.NET ThreadPool Worker] DEBUG  ProcessAllModels - There are no ML problem types with set ServiceUrl
2023-12-05 13:53:58,218 [.NET ThreadPool Worker] INFO  Execute - Start to process (training, state sync) ML models
2023-12-05 13:53:58,218 [.NET ThreadPool Worker] DEBUG  ProcessAllModels - There are no ML problem types with set ServiceUrl
2023-12-05 14:08:58,238 [.NET ThreadPool Worker] INFO  Execute - Start to process (training, state sync) ML models
2023-12-05 14:08:58,238 [.NET ThreadPool Worker] DEBUG  ProcessAllModels - There are no ML problem types with set ServiceUrl
2023-12-05 14:23:58,202 [.NET ThreadPool Worker] INFO  Execute - ML model batch prediction job started
2023-12-05 14:23:58,202 [.NET ThreadPool Worker] DEBUG  ProcessAllModels - There are no ML problem types with set ServiceUrl
2023-12-05 14:23:58,256 [.NET ThreadPool Worker] INFO  Execute - Start to process (training, state sync) ML models
2023-12-05 14:23:58,258 [.NET ThreadPool Worker] DEBUG  ProcessAllModels - There are no ML problem types with set ServiceUrl
2023-12-05 14:38:58,275 [.NET ThreadPool Worker] INFO  Execute - Start to process (training, state sync) ML models
2023-12-05 14:38:58,275 [.NET ThreadPool Worker] DEBUG  ProcessAllModels - There are no ML problem types with set ServiceUrl
2023-12-05 14:53:41,510 [.NET ThreadPool Worker] WARN Supervisor <GetModelsGroupedByEntityName>b__1_0 - PredictedResultColumnName is empty for model 74ce4daa-aa40-411d-8152-1b16cc2e8c2b
Metadata: {
}
Entity schemaUid: a5657e6b-342d-4104-8ab8-aab37ef29860

2023-12-05 14:53:41,510 [.NET ThreadPool Worker] WARN Supervisor <GetModelsGroupedByEntityName>b__1_0 - PredictedResultColumnName is empty for model 8f57ed14-2c8a-47c8-a990-104698359451
Metadata: {
}
Entity schemaUid: a5657e6b-342d-4104-8ab8-aab37ef29860

2023-12-05 14:53:41,510 [.NET ThreadPool Worker] WARN Supervisor <GetModelsGroupedByEntityName>b__1_0 - PredictedResultColumnName is empty for model 6f8c5159-e07b-485d-bfa2-37dbf4f0a2d3
Metadata: {
}
Entity schemaUid: 117d32f9-8275-4534-8411-1c66115ce9cd

2023-12-05 14:53:41,510 [.NET ThreadPool Worker] WARN Supervisor <GetModelsGroupedByEntityName>b__1_0 - PredictedResultColumnName is empty for model b624f2fd-81e1-4e8d-890b-5184994d1154
Metadata: {
}
Entity schemaUid: 56143364-4580-4561-8814-8612fad2e5c0

2023-12-05 14:53:58,282 [.NET ThreadPool Worker] INFO  Execute - Start to process (training, state sync) ML models
2023-12-05 14:53:58,282 [.NET ThreadPool Worker] DEBUG  ProcessAllModels - There are no ML problem types with set ServiceUrl
2023-12-05 15:08:58,301 [.NET ThreadPool Worker] INFO  Execute - Start to process (training, state sync) ML models
2023-12-05 15:08:58,303 [.NET ThreadPool Worker] DEBUG  ProcessAllModels - There are no ML problem types with set ServiceUrl
2023-12-05 15:23:58,220 [.NET ThreadPool Worker] INFO  Execute - ML model batch prediction job started
2023-12-05 15:23:58,220 [.NET ThreadPool Worker] DEBUG  ProcessAllModels - There are no ML problem types with set ServiceUrl
2023-12-05 15:23:58,318 [.NET ThreadPool Worker] INFO  Execute - Start to process (training, state sync) ML models
2023-12-05 15:23:58,318 [.NET ThreadPool Worker] DEBUG  ProcessAllModels - There are no ML problem types with set ServiceUrl
2023-12-05 15:38:58,336 [.NET ThreadPool Worker] INFO  Execute - Start to process (training, state sync) ML models
2023-12-05 15:38:58,338 [.NET ThreadPool Worker] DEBUG  ProcessAllModels - There are no ML problem types with set ServiceUrl
2023-12-05 15:53:58,355 [.NET ThreadPool Worker] INFO  Execute - Start to process (training, state sync) ML models
2023-12-05 15:53:58,355 [.NET ThreadPool Worker] DEBUG  ProcessAllModels - There are no ML problem types with set ServiceUrl
2023-12-05 16:08:58,372 [.NET ThreadPool Worker] INFO  Execute - Start to process (training, state sync) ML models
2023-12-05 16:08:58,372 [.NET ThreadPool Worker] DEBUG  ProcessAllModels - There are no ML problem types with set ServiceUrl
2023-12-05 16:23:58,235 [.NET ThreadPool Worker] INFO  Execute - ML model batch prediction job started
2023-12-05 16:23:58,235 [.NET ThreadPool Worker] DEBUG  ProcessAllModels - There are no ML problem types with set ServiceUrl
2023-12-05 16:23:58,390 [.NET ThreadPool Worker] INFO  Execute - Start to process (training, state sync) ML models
2023-12-05 16:23:58,390 [.NET ThreadPool Worker] DEBUG  ProcessAllModels - There are no ML problem types with set ServiceUrl
2023-12-05 16:38:58,409 [.NET ThreadPool Worker] INFO  Execute - Start to process (training, state sync) ML models
2023-12-05 16:38:58,411 [.NET ThreadPool Worker] DEBUG  ProcessAllModels - There are no ML problem types with set ServiceUrl
2023-12-05 16:53:58,429 [.NET ThreadPool Worker] INFO  Execute - Start to process (training, state sync) ML models
2023-12-05 16:53:58,432 [.NET ThreadPool Worker] DEBUG  ProcessAllModels - There are no ML problem types with set ServiceUrl
2023-12-05 17:08:58,449 [.NET ThreadPool Worker] INFO  Execute - Start to process (training, state sync) ML models
2023-12-05 17:08:58,451 [.NET ThreadPool Worker] DEBUG  ProcessAllModels - There are no ML problem types with set ServiceUrl
2023-12-05 17:23:58,256 [.NET ThreadPool Worker] INFO  Execute - ML model batch prediction job started
2023-12-05 17:23:58,256 [.NET ThreadPool Worker] DEBUG  ProcessAllModels - There are no ML problem types with set ServiceUrl
2023-12-05 17:23:58,468 [.NET ThreadPool Worker] INFO  Execute - Start to process (training, state sync) ML models
2023-12-05 17:23:58,468 [.NET ThreadPool Worker] DEBUG  ProcessAllModels - There are no ML problem types with set ServiceUrl
2023-12-05 17:38:58,487 [.NET ThreadPool Worker] INFO  Execute - Start to process (training, state sync) ML models
2023-12-05 17:38:58,487 [.NET ThreadPool Worker] DEBUG  ProcessAllModels - There are no ML problem types with set ServiceUrl
2023-12-05 17:53:58,497 [.NET ThreadPool Worker] INFO  Execute - Start to process (training, state sync) ML models
2023-12-05 17:53:58,498 [.NET ThreadPool Worker] DEBUG  ProcessAllModels - There are no ML problem types with set ServiceUrl
2023-12-05 18:08:58,515 [.NET ThreadPool Worker] INFO  Execute - Start to process (training, state sync) ML models
2023-12-05 18:08:58,515 [.NET ThreadPool Worker] DEBUG  ProcessAllModels - There are no ML problem types with set ServiceUrl
2023-12-05 18:23:58,274 [.NET ThreadPool Worker] INFO  Execute - ML model batch prediction job started
2023-12-05 18:23:58,279 [.NET ThreadPool Worker] DEBUG  ProcessAllModels - There are no ML problem types with set ServiceUrl
2023-12-05 18:23:58,522 [.NET ThreadPool Worker] INFO  Execute - Start to process (training, state sync) ML models
2023-12-05 18:23:58,522 [.NET ThreadPool Worker] DEBUG  ProcessAllModels - There are no ML problem types with set ServiceUrl
2023-12-05 18:35:51,074 [.NET ThreadPool Worker] INFO  Execute - Start to process (training, state sync) ML models
2023-12-05 18:35:51,086 [.NET ThreadPool Worker] INFO  Execute - ML model batch prediction job started
2023-12-05 18:35:51,086 [.NET ThreadPool Worker] DEBUG  CheckIsServiceUrlSet - There are no ML problem types with set ServiceUrl
2023-12-05 18:35:51,086 [.NET ThreadPool Worker] DEBUG  CheckIsServiceUrlSet - There are no ML problem types with set ServiceUrl
2023-12-05 18:51:12,517 [.NET ThreadPool Worker] INFO  Execute - Start to process (training, state sync) ML models
2023-12-05 18:51:12,518 [.NET ThreadPool Worker] INFO  Execute - ML model batch prediction job started
2023-12-05 18:51:12,525 [.NET ThreadPool Worker] DEBUG  CheckIsServiceUrlSet - There are no ML problem types with set ServiceUrl
2023-12-05 18:51:12,525 [.NET ThreadPool Worker] DEBUG  CheckIsServiceUrlSet - There are no ML problem types with set ServiceUrl
2023-12-05 19:06:12,546 [.NET ThreadPool Worker] INFO  Execute - Start to process (training, state sync) ML models
2023-12-05 19:06:12,546 [.NET ThreadPool Worker] DEBUG  ProcessAllModels - There are no ML problem types with set ServiceUrl
2023-12-05 19:21:12,586 [.NET ThreadPool Worker] INFO  Execute - Start to process (training, state sync) ML models
2023-12-05 19:21:12,586 [.NET ThreadPool Worker] DEBUG  ProcessAllModels - There are no ML problem types with set ServiceUrl
2023-12-05 19:36:12,601 [.NET ThreadPool Worker] INFO  Execute - Start to process (training, state sync) ML models
2023-12-05 19:36:12,613 [.NET ThreadPool Worker] DEBUG  ProcessAllModels - There are no ML problem types with set ServiceUrl
2023-12-05 19:51:12,540 [.NET ThreadPool Worker] INFO  Execute - ML model batch prediction job started
2023-12-05 19:51:12,542 [.NET ThreadPool Worker] DEBUG  ProcessAllModels - There are no ML problem types with set ServiceUrl
2023-12-05 19:51:12,618 [.NET ThreadPool Worker] INFO  Execute - Start to process (training, state sync) ML models
2023-12-05 19:51:12,618 [.NET ThreadPool Worker] DEBUG  ProcessAllModels - There are no ML problem types with set ServiceUrl
2023-12-05 20:06:12,624 [.NET ThreadPool Worker] INFO  Execute - Start to process (training, state sync) ML models
2023-12-05 20:06:12,624 [.NET ThreadPool Worker] DEBUG  ProcessAllModels - There are no ML problem types with set ServiceUrl
2023-12-05 20:21:12,641 [.NET ThreadPool Worker] INFO  Execute - Start to process (training, state sync) ML models
2023-12-05 20:21:12,643 [.NET ThreadPool Worker] DEBUG  ProcessAllModels - There are no ML problem types with set ServiceUrl
2023-12-05 20:36:12,651 [.NET ThreadPool Worker] INFO  Execute - Start to process (training, state sync) ML models
2023-12-05 20:36:12,651 [.NET ThreadPool Worker] DEBUG  ProcessAllModels - There are no ML problem types with set ServiceUrl
2023-12-05 20:51:12,547 [.NET ThreadPool Worker] INFO  Execute - ML model batch prediction job started
2023-12-05 20:51:12,547 [.NET ThreadPool Worker] DEBUG  ProcessAllModels - There are no ML problem types with set ServiceUrl
2023-12-05 20:51:12,669 [.NET ThreadPool Worker] INFO  Execute - Start to process (training, state sync) ML models
2023-12-05 20:51:12,671 [.NET ThreadPool Worker] DEBUG  ProcessAllModels - There are no ML problem types with set ServiceUrl
2023-12-05 21:01:04,000 [.NET ThreadPool Worker] WARN Supervisor <GetModelsGroupedByEntityName>b__1_0 - PredictedResultColumnName is empty for model 74ce4daa-aa40-411d-8152-1b16cc2e8c2b
Metadata: {
}
Entity schemaUid: a5657e6b-342d-4104-8ab8-aab37ef29860

2023-12-05 21:01:04,000 [.NET ThreadPool Worker] WARN Supervisor <GetModelsGroupedByEntityName>b__1_0 - PredictedResultColumnName is empty for model 8f57ed14-2c8a-47c8-a990-104698359451
Metadata: {
}
Entity schemaUid: a5657e6b-342d-4104-8ab8-aab37ef29860

2023-12-05 21:01:04,000 [.NET ThreadPool Worker] WARN Supervisor <GetModelsGroupedByEntityName>b__1_0 - PredictedResultColumnName is empty for model 6f8c5159-e07b-485d-bfa2-37dbf4f0a2d3
Metadata: {
}
Entity schemaUid: 117d32f9-8275-4534-8411-1c66115ce9cd

2023-12-05 21:01:04,000 [.NET ThreadPool Worker] WARN Supervisor <GetModelsGroupedByEntityName>b__1_0 - PredictedResultColumnName is empty for model b624f2fd-81e1-4e8d-890b-5184994d1154
Metadata: {
}
Entity schemaUid: 56143364-4580-4561-8814-8612fad2e5c0

2023-12-05 21:06:12,687 [.NET ThreadPool Worker] INFO  Execute - Start to process (training, state sync) ML models
2023-12-05 21:06:12,690 [.NET ThreadPool Worker] DEBUG  ProcessAllModels - There are no ML problem types with set ServiceUrl
2023-12-05 21:21:12,702 [.NET ThreadPool Worker] INFO  Execute - Start to process (training, state sync) ML models
2023-12-05 21:21:12,702 [.NET ThreadPool Worker] DEBUG  ProcessAllModels - There are no ML problem types with set ServiceUrl
