2023-12-01 11:34:15,911 [.NET ThreadPool Worker] INFO  ProcessAllModels - ML model batch prediction job started
2023-12-01 11:34:15,927 [.NET ThreadPool Worker] DEBUG  CheckIsServiceUrlSet - There are no ML problem types with set ServiceUrl
2023-12-01 11:34:15,972 [.NET ThreadPool Worker] INFO  ProcessAllModels - Start to process (training, state sync) ML models
2023-12-01 11:34:15,972 [.NET ThreadPool Worker] DEBUG  CheckIsServiceUrlSet - There are no ML problem types with set ServiceUrl
2023-12-01 11:42:46,776 [.NET ThreadPool Worker] WARN Supervisor <GetModelsGroupedByEntityName>b__1_0 - PredictedResultColumnName is empty for model 74ce4daa-aa40-411d-8152-1b16cc2e8c2b
Metadata: {
}
Entity schemaUid: a5657e6b-342d-4104-8ab8-aab37ef29860

2023-12-01 11:42:46,776 [.NET ThreadPool Worker] WARN Supervisor <GetModelsGroupedByEntityName>b__1_0 - PredictedResultColumnName is empty for model 8f57ed14-2c8a-47c8-a990-104698359451
Metadata: {
}
Entity schemaUid: a5657e6b-342d-4104-8ab8-aab37ef29860

2023-12-01 11:42:46,776 [.NET ThreadPool Worker] WARN Supervisor <GetModelsGroupedByEntityName>b__1_0 - PredictedResultColumnName is empty for model 6f8c5159-e07b-485d-bfa2-37dbf4f0a2d3
Metadata: {
}
Entity schemaUid: 117d32f9-8275-4534-8411-1c66115ce9cd

2023-12-01 11:42:46,776 [.NET ThreadPool Worker] WARN Supervisor <GetModelsGroupedByEntityName>b__1_0 - PredictedResultColumnName is empty for model b624f2fd-81e1-4e8d-890b-5184994d1154
Metadata: {
}
Entity schemaUid: 56143364-4580-4561-8814-8612fad2e5c0

2023-12-01 11:49:15,979 [.NET ThreadPool Worker] INFO  Execute - Start to process (training, state sync) ML models
2023-12-01 11:49:15,979 [.NET ThreadPool Worker] DEBUG  ProcessAllModels - There are no ML problem types with set ServiceUrl
2023-12-01 12:04:15,997 [.NET ThreadPool Worker] INFO  Execute - Start to process (training, state sync) ML models
2023-12-01 12:04:16,001 [.NET ThreadPool Worker] DEBUG  ProcessAllModels - There are no ML problem types with set ServiceUrl
2023-12-01 12:19:16,018 [.NET ThreadPool Worker] INFO  Execute - Start to process (training, state sync) ML models
2023-12-01 12:19:16,021 [.NET ThreadPool Worker] DEBUG  ProcessAllModels - There are no ML problem types with set ServiceUrl
2023-12-01 12:34:15,948 [.NET ThreadPool Worker] INFO  Execute - ML model batch prediction job started
2023-12-01 12:34:15,948 [.NET ThreadPool Worker] DEBUG  ProcessAllModels - There are no ML problem types with set ServiceUrl
2023-12-01 12:34:16,037 [.NET ThreadPool Worker] INFO  Execute - Start to process (training, state sync) ML models
2023-12-01 12:34:16,037 [.NET ThreadPool Worker] DEBUG  ProcessAllModels - There are no ML problem types with set ServiceUrl
2023-12-01 12:49:16,055 [.NET ThreadPool Worker] INFO  Execute - Start to process (training, state sync) ML models
2023-12-01 12:49:16,055 [.NET ThreadPool Worker] DEBUG  ProcessAllModels - There are no ML problem types with set ServiceUrl
2023-12-01 13:04:16,064 [.NET ThreadPool Worker] INFO  Execute - Start to process (training, state sync) ML models
2023-12-01 13:04:16,064 [.NET ThreadPool Worker] DEBUG  ProcessAllModels - There are no ML problem types with set ServiceUrl
2023-12-01 13:19:16,080 [.NET ThreadPool Worker] INFO  Execute - Start to process (training, state sync) ML models
2023-12-01 13:19:16,080 [.NET ThreadPool Worker] DEBUG  ProcessAllModels - There are no ML problem types with set ServiceUrl
2023-12-01 13:34:15,968 [.NET ThreadPool Worker] INFO  Execute - ML model batch prediction job started
2023-12-01 13:34:15,968 [.NET ThreadPool Worker] DEBUG  ProcessAllModels - There are no ML problem types with set ServiceUrl
2023-12-01 13:34:16,099 [.NET ThreadPool Worker] INFO  Execute - Start to process (training, state sync) ML models
2023-12-01 13:34:16,099 [.NET ThreadPool Worker] DEBUG  ProcessAllModels - There are no ML problem types with set ServiceUrl
2023-12-01 13:49:16,117 [.NET ThreadPool Worker] INFO  Execute - Start to process (training, state sync) ML models
2023-12-01 13:49:16,119 [.NET ThreadPool Worker] DEBUG  ProcessAllModels - There are no ML problem types with set ServiceUrl
2023-12-01 14:04:16,136 [.NET ThreadPool Worker] INFO  Execute - Start to process (training, state sync) ML models
2023-12-01 14:04:16,136 [.NET ThreadPool Worker] DEBUG  ProcessAllModels - There are no ML problem types with set ServiceUrl
2023-12-01 14:19:16,156 [.NET ThreadPool Worker] INFO  Execute - Start to process (training, state sync) ML models
2023-12-01 14:19:16,156 [.NET ThreadPool Worker] DEBUG  ProcessAllModels - There are no ML problem types with set ServiceUrl
2023-12-01 14:34:15,989 [.NET ThreadPool Worker] INFO  Execute - ML model batch prediction job started
2023-12-01 14:34:15,989 [.NET ThreadPool Worker] DEBUG  ProcessAllModels - There are no ML problem types with set ServiceUrl
2023-12-01 14:34:16,174 [.NET ThreadPool Worker] INFO  Execute - Start to process (training, state sync) ML models
2023-12-01 14:34:16,176 [.NET ThreadPool Worker] DEBUG  ProcessAllModels - There are no ML problem types with set ServiceUrl
2023-12-01 14:49:16,184 [.NET ThreadPool Worker] INFO  Execute - Start to process (training, state sync) ML models
2023-12-01 14:49:16,184 [.NET ThreadPool Worker] DEBUG  ProcessAllModels - There are no ML problem types with set ServiceUrl
2023-12-01 15:00:30,491 [.NET ThreadPool Worker] WARN Supervisor <GetModelsGroupedByEntityName>b__1_0 - PredictedResultColumnName is empty for model 74ce4daa-aa40-411d-8152-1b16cc2e8c2b
Metadata: {
}
Entity schemaUid: a5657e6b-342d-4104-8ab8-aab37ef29860

2023-12-01 15:00:30,491 [.NET ThreadPool Worker] WARN Supervisor <GetModelsGroupedByEntityName>b__1_0 - PredictedResultColumnName is empty for model 8f57ed14-2c8a-47c8-a990-104698359451
Metadata: {
}
Entity schemaUid: a5657e6b-342d-4104-8ab8-aab37ef29860

2023-12-01 15:00:30,491 [.NET ThreadPool Worker] WARN Supervisor <GetModelsGroupedByEntityName>b__1_0 - PredictedResultColumnName is empty for model 6f8c5159-e07b-485d-bfa2-37dbf4f0a2d3
Metadata: {
}
Entity schemaUid: 117d32f9-8275-4534-8411-1c66115ce9cd

2023-12-01 15:00:30,491 [.NET ThreadPool Worker] WARN Supervisor <GetModelsGroupedByEntityName>b__1_0 - PredictedResultColumnName is empty for model b624f2fd-81e1-4e8d-890b-5184994d1154
Metadata: {
}
Entity schemaUid: 56143364-4580-4561-8814-8612fad2e5c0

2023-12-01 15:02:03,253 [.NET ThreadPool Worker] INFO  Execute - ML model batch prediction job started
2023-12-01 15:02:03,256 [.NET ThreadPool Worker] INFO  Execute - Start to process (training, state sync) ML models
2023-12-01 15:02:03,260 [.NET ThreadPool Worker] DEBUG  ProcessAllModels - There are no ML problem types with set ServiceUrl
2023-12-01 15:02:03,260 [.NET ThreadPool Worker] DEBUG  ProcessAllModels - There are no ML problem types with set ServiceUrl
2023-12-01 15:17:03,271 [.NET ThreadPool Worker] INFO  Execute - Start to process (training, state sync) ML models
2023-12-01 15:17:03,271 [.NET ThreadPool Worker] DEBUG  ProcessAllModels - There are no ML problem types with set ServiceUrl
2023-12-01 15:32:03,287 [.NET ThreadPool Worker] INFO  Execute - Start to process (training, state sync) ML models
2023-12-01 15:32:03,287 [.NET ThreadPool Worker] DEBUG  ProcessAllModels - There are no ML problem types with set ServiceUrl
2023-12-01 15:47:03,303 [.NET ThreadPool Worker] INFO  Execute - Start to process (training, state sync) ML models
2023-12-01 15:47:03,303 [.NET ThreadPool Worker] DEBUG  ProcessAllModels - There are no ML problem types with set ServiceUrl
2023-12-01 16:02:03,280 [.NET ThreadPool Worker] INFO  Execute - ML model batch prediction job started
2023-12-01 16:02:03,280 [.NET ThreadPool Worker] DEBUG  ProcessAllModels - There are no ML problem types with set ServiceUrl
2023-12-01 16:02:03,315 [.NET ThreadPool Worker] INFO  Execute - Start to process (training, state sync) ML models
2023-12-01 16:02:03,315 [.NET ThreadPool Worker] DEBUG  ProcessAllModels - There are no ML problem types with set ServiceUrl
2023-12-01 16:17:03,333 [.NET ThreadPool Worker] INFO  Execute - Start to process (training, state sync) ML models
2023-12-01 16:17:03,336 [.NET ThreadPool Worker] DEBUG  ProcessAllModels - There are no ML problem types with set ServiceUrl
2023-12-01 16:32:03,355 [.NET ThreadPool Worker] INFO  Execute - Start to process (training, state sync) ML models
2023-12-01 16:32:03,355 [.NET ThreadPool Worker] DEBUG  ProcessAllModels - There are no ML problem types with set ServiceUrl
2023-12-01 16:47:03,373 [.NET ThreadPool Worker] INFO  Execute - Start to process (training, state sync) ML models
2023-12-01 16:47:03,373 [.NET ThreadPool Worker] DEBUG  ProcessAllModels - There are no ML problem types with set ServiceUrl
2023-12-01 17:02:03,291 [.NET ThreadPool Worker] INFO  Execute - ML model batch prediction job started
2023-12-01 17:02:03,291 [.NET ThreadPool Worker] DEBUG  ProcessAllModels - There are no ML problem types with set ServiceUrl
2023-12-01 17:02:03,391 [.NET ThreadPool Worker] INFO  Execute - Start to process (training, state sync) ML models
2023-12-01 17:02:03,391 [.NET ThreadPool Worker] DEBUG  ProcessAllModels - There are no ML problem types with set ServiceUrl
2023-12-01 17:17:03,410 [.NET ThreadPool Worker] INFO  Execute - Start to process (training, state sync) ML models
2023-12-01 17:17:03,412 [.NET ThreadPool Worker] DEBUG  ProcessAllModels - There are no ML problem types with set ServiceUrl
2023-12-01 17:32:03,428 [.NET ThreadPool Worker] INFO  Execute - Start to process (training, state sync) ML models
2023-12-01 17:32:03,428 [.NET ThreadPool Worker] DEBUG  ProcessAllModels - There are no ML problem types with set ServiceUrl
2023-12-01 17:47:03,436 [.NET ThreadPool Worker] INFO  Execute - Start to process (training, state sync) ML models
2023-12-01 17:47:03,436 [.NET ThreadPool Worker] DEBUG  ProcessAllModels - There are no ML problem types with set ServiceUrl
2023-12-01 18:02:03,320 [.NET ThreadPool Worker] INFO  Execute - ML model batch prediction job started
2023-12-01 18:02:03,332 [.NET ThreadPool Worker] DEBUG  ProcessAllModels - There are no ML problem types with set ServiceUrl
2023-12-01 18:02:03,454 [.NET ThreadPool Worker] INFO  Execute - Start to process (training, state sync) ML models
2023-12-01 18:02:03,456 [.NET ThreadPool Worker] DEBUG  ProcessAllModels - There are no ML problem types with set ServiceUrl
2023-12-01 18:17:03,473 [.NET ThreadPool Worker] INFO  Execute - Start to process (training, state sync) ML models
2023-12-01 18:17:03,475 [.NET ThreadPool Worker] DEBUG  ProcessAllModels - There are no ML problem types with set ServiceUrl
2023-12-01 18:32:03,481 [.NET ThreadPool Worker] INFO  Execute - Start to process (training, state sync) ML models
2023-12-01 18:32:03,481 [.NET ThreadPool Worker] DEBUG  ProcessAllModels - There are no ML problem types with set ServiceUrl
2023-12-01 18:47:03,498 [.NET ThreadPool Worker] INFO  Execute - Start to process (training, state sync) ML models
2023-12-01 18:47:03,502 [.NET ThreadPool Worker] DEBUG  ProcessAllModels - There are no ML problem types with set ServiceUrl
