2023-12-14 11:42:17,870 [1] INFO  OnAppStart - OmnichannelMessagingAppEventListener: OnAppStart executed
2023-12-14 11:42:17,874 [1] INFO  ClearOperatorsCache - OmnichannelMessagingAppEventListener: Operator cache was cleared
2023-12-14 11:42:17,878 [1] INFO  StartTelegramChannel - OmnichannelMessagingAppEventListener: TelegramClientFactory was initialized
2023-12-14 11:42:17,907 [1] INFO  StartTelegramChannel - OmnichannelMessagingAppEventListener: TelegramChannelsJob was ran
2023-12-14 11:42:17,939 [1] INFO  SetupOmnichannelMessagingJobs - OmnichannelMessagingAppEventListener: OmnichannelMessaging Jobs were ran
2023-12-14 11:42:17,939 [1] INFO  CreateNotifiers - OmnichannelMessagingAppEventListener: Notifiers were created
2023-12-14 11:42:17,951 [1] INFO  BindInterfaces - OmnichannelMessagingAppEventListener: Interfaces were bound
2023-12-14 15:50:27,388 [.NET ThreadPool Worker] INFO Supervisor InitializeOmnichannels - OmnichannelMessagingAppEventListener: Operator cache was cleared
2023-12-14 15:50:27,388 [.NET ThreadPool Worker] INFO Supervisor InitializeOmnichannels - OmnichannelMessagingAppEventListener: TelegramClientFactory was initialized
2023-12-14 15:50:27,390 [.NET ThreadPool Worker] INFO Supervisor InitializeOmnichannels - OmnichannelMessagingAppEventListener: TelegramChannelsJob was ran
2023-12-14 15:50:27,407 [.NET ThreadPool Worker] INFO Supervisor InitializeOmnichannels - OmnichannelMessagingAppEventListener: OmnichannelMessaging Jobs were ran
2023-12-14 15:50:27,407 [.NET ThreadPool Worker] INFO Supervisor InitializeOmnichannels - OmnichannelMessagingAppEventListener: Notifiers were created
2023-12-14 15:50:27,413 [.NET ThreadPool Worker] INFO Supervisor InitializeOmnichannels - OmnichannelMessagingAppEventListener: Interfaces were bound
2023-12-14 16:08:46,515 [.NET ThreadPool Worker] INFO Supervisor InitializeOmnichannels - OmnichannelMessagingAppEventListener: Operator cache was cleared
2023-12-14 16:08:46,515 [.NET ThreadPool Worker] INFO Supervisor InitializeOmnichannels - OmnichannelMessagingAppEventListener: TelegramClientFactory was initialized
2023-12-14 16:08:46,522 [.NET ThreadPool Worker] INFO Supervisor InitializeOmnichannels - OmnichannelMessagingAppEventListener: TelegramChannelsJob was ran
2023-12-14 16:08:46,537 [.NET ThreadPool Worker] INFO Supervisor InitializeOmnichannels - OmnichannelMessagingAppEventListener: OmnichannelMessaging Jobs were ran
2023-12-14 16:08:46,538 [.NET ThreadPool Worker] INFO Supervisor InitializeOmnichannels - OmnichannelMessagingAppEventListener: Notifiers were created
2023-12-14 16:08:46,545 [.NET ThreadPool Worker] INFO Supervisor InitializeOmnichannels - OmnichannelMessagingAppEventListener: Interfaces were bound
2023-12-14 16:11:54,791 [.NET ThreadPool Worker] INFO Supervisor InitializeOmnichannels - OmnichannelMessagingAppEventListener: Operator cache was cleared
2023-12-14 16:11:54,791 [.NET ThreadPool Worker] INFO Supervisor InitializeOmnichannels - OmnichannelMessagingAppEventListener: TelegramClientFactory was initialized
2023-12-14 16:11:54,791 [.NET ThreadPool Worker] INFO Supervisor InitializeOmnichannels - OmnichannelMessagingAppEventListener: TelegramChannelsJob was ran
2023-12-14 16:11:54,806 [.NET ThreadPool Worker] INFO Supervisor InitializeOmnichannels - OmnichannelMessagingAppEventListener: OmnichannelMessaging Jobs were ran
2023-12-14 16:11:54,806 [.NET ThreadPool Worker] INFO Supervisor InitializeOmnichannels - OmnichannelMessagingAppEventListener: Notifiers were created
2023-12-14 16:11:54,806 [.NET ThreadPool Worker] INFO Supervisor InitializeOmnichannels - OmnichannelMessagingAppEventListener: Interfaces were bound
2023-12-14 16:12:13,319 [1] INFO  OnAppStart - OmnichannelMessagingAppEventListener: OnAppStart executed
2023-12-14 16:12:13,319 [1] INFO  ClearOperatorsCache - OmnichannelMessagingAppEventListener: Operator cache was cleared
2023-12-14 16:12:13,323 [1] INFO  StartTelegramChannel - OmnichannelMessagingAppEventListener: TelegramClientFactory was initialized
2023-12-14 16:12:13,341 [1] INFO  StartTelegramChannel - OmnichannelMessagingAppEventListener: TelegramChannelsJob was ran
2023-12-14 16:12:13,355 [1] INFO  SetupOmnichannelMessagingJobs - OmnichannelMessagingAppEventListener: OmnichannelMessaging Jobs were ran
2023-12-14 16:12:13,355 [1] INFO  CreateNotifiers - OmnichannelMessagingAppEventListener: Notifiers were created
2023-12-14 16:12:13,360 [1] INFO  BindInterfaces - OmnichannelMessagingAppEventListener: Interfaces were bound
2023-12-14 16:43:37,927 [.NET ThreadPool Worker] INFO Supervisor InitializeOmnichannels - OmnichannelMessagingAppEventListener: Operator cache was cleared
2023-12-14 16:43:37,927 [.NET ThreadPool Worker] INFO Supervisor InitializeOmnichannels - OmnichannelMessagingAppEventListener: TelegramClientFactory was initialized
2023-12-14 16:43:37,965 [.NET ThreadPool Worker] INFO Supervisor InitializeOmnichannels - OmnichannelMessagingAppEventListener: TelegramChannelsJob was ran
2023-12-14 16:43:37,980 [.NET ThreadPool Worker] INFO Supervisor InitializeOmnichannels - OmnichannelMessagingAppEventListener: OmnichannelMessaging Jobs were ran
2023-12-14 16:43:37,980 [.NET ThreadPool Worker] INFO Supervisor InitializeOmnichannels - OmnichannelMessagingAppEventListener: Notifiers were created
2023-12-14 16:43:37,987 [.NET ThreadPool Worker] INFO Supervisor InitializeOmnichannels - OmnichannelMessagingAppEventListener: Interfaces were bound
2023-12-14 16:43:56,623 [1] INFO  OnAppStart - OmnichannelMessagingAppEventListener: OnAppStart executed
2023-12-14 16:43:56,627 [1] INFO  ClearOperatorsCache - OmnichannelMessagingAppEventListener: Operator cache was cleared
2023-12-14 16:43:56,632 [1] INFO  StartTelegramChannel - OmnichannelMessagingAppEventListener: TelegramClientFactory was initialized
2023-12-14 16:43:56,646 [1] INFO  StartTelegramChannel - OmnichannelMessagingAppEventListener: TelegramChannelsJob was ran
2023-12-14 16:43:56,679 [1] INFO  SetupOmnichannelMessagingJobs - OmnichannelMessagingAppEventListener: OmnichannelMessaging Jobs were ran
2023-12-14 16:43:56,679 [1] INFO  CreateNotifiers - OmnichannelMessagingAppEventListener: Notifiers were created
2023-12-14 16:43:56,690 [1] INFO  BindInterfaces - OmnichannelMessagingAppEventListener: Interfaces were bound
2023-12-14 19:38:53,707 [1] INFO  OnAppStart - OmnichannelMessagingAppEventListener: OnAppStart executed
2023-12-14 19:38:53,707 [1] INFO  ClearOperatorsCache - OmnichannelMessagingAppEventListener: Operator cache was cleared
2023-12-14 19:38:53,711 [1] INFO  StartTelegramChannel - OmnichannelMessagingAppEventListener: TelegramClientFactory was initialized
2023-12-14 19:38:53,724 [1] INFO  StartTelegramChannel - OmnichannelMessagingAppEventListener: TelegramChannelsJob was ran
2023-12-14 19:38:53,737 [1] INFO  SetupOmnichannelMessagingJobs - OmnichannelMessagingAppEventListener: OmnichannelMessaging Jobs were ran
2023-12-14 19:38:53,738 [1] INFO  CreateNotifiers - OmnichannelMessagingAppEventListener: Notifiers were created
2023-12-14 19:38:53,742 [1] INFO  BindInterfaces - OmnichannelMessagingAppEventListener: Interfaces were bound
