2023-11-28 12:03:50,887 [.NET ThreadPool Worker] INFO  LogInfo - [ListenerServiceFailJob] started.
2023-11-28 12:03:50,901 [.NET ThreadPool Worker] DEBUG  DebugFormat - [ListenerServiceFailJob] dependencies initiated.
2023-11-28 12:03:50,901 [.NET ThreadPool Worker] DEBUG  DebugFormat - GetMailboxesWithoutSubscriptions method started
2023-11-28 12:03:50,988 [.NET ThreadPool Worker] DEBUG  DebugFormat - GetAllSynchronizableMailboxes ended
2023-11-28 12:03:50,988 [.NET ThreadPool Worker] INFO  LogInfo - GetMailboxesWithoutSubscriptions: selected 0 mailboxes
2023-11-28 12:03:50,989 [.NET ThreadPool Worker] DEBUG  DebugFormat - GetMailboxesWithoutSubscriptions method ended
2023-11-28 12:03:50,989 [.NET ThreadPool Worker] INFO  LogInfo - [ListenerServiceFailJob] 0 accounts received for enabling synchronization.
2023-11-28 12:03:50,989 [.NET ThreadPool Worker] DEBUG  DebugFormat - StartFailoverHandlers started
2023-11-28 12:03:50,989 [.NET ThreadPool Worker] DEBUG  DebugFormat - All jobs from ExchangeListenerHandler job group deleted.
2023-11-28 12:03:50,989 [.NET ThreadPool Worker] DEBUG  DebugFormat - StartFailoverHandlers ended
2023-11-28 12:03:50,989 [.NET ThreadPool Worker] INFO  LogInfo - [ListenerServiceFailJob] Synchronization of 0 accounts is enabled.
2023-11-28 12:03:51,011 [.NET ThreadPool Worker] DEBUG  DebugFormat - GetAllSynchronizableMailboxes ended
2023-11-28 12:03:51,011 [.NET ThreadPool Worker] INFO  LogInfo - [ListenerServiceFailJob] ended.
2023-11-28 12:04:50,169 [.NET ThreadPool Worker] INFO  LogInfo - [ListenerServiceFailJob] started.
2023-11-28 12:04:50,169 [.NET ThreadPool Worker] DEBUG  DebugFormat - [ListenerServiceFailJob] dependencies initiated.
2023-11-28 12:04:50,169 [.NET ThreadPool Worker] DEBUG  DebugFormat - GetMailboxesWithoutSubscriptions method started
2023-11-28 12:04:50,177 [.NET ThreadPool Worker] DEBUG  DebugFormat - GetAllSynchronizableMailboxes ended
2023-11-28 12:04:50,177 [.NET ThreadPool Worker] INFO  LogInfo - GetMailboxesWithoutSubscriptions: selected 0 mailboxes
2023-11-28 12:04:50,177 [.NET ThreadPool Worker] DEBUG  DebugFormat - GetMailboxesWithoutSubscriptions method ended
2023-11-28 12:04:50,177 [.NET ThreadPool Worker] INFO  LogInfo - [ListenerServiceFailJob] 0 accounts received for enabling synchronization.
2023-11-28 12:04:50,177 [.NET ThreadPool Worker] DEBUG  DebugFormat - StartFailoverHandlers started
2023-11-28 12:04:50,177 [.NET ThreadPool Worker] DEBUG  DebugFormat - All jobs from ExchangeListenerHandler job group deleted.
2023-11-28 12:04:50,177 [.NET ThreadPool Worker] DEBUG  DebugFormat - StartFailoverHandlers ended
2023-11-28 12:04:50,177 [.NET ThreadPool Worker] INFO  LogInfo - [ListenerServiceFailJob] Synchronization of 0 accounts is enabled.
2023-11-28 12:04:50,186 [.NET ThreadPool Worker] DEBUG  DebugFormat - GetAllSynchronizableMailboxes ended
2023-11-28 12:04:50,186 [.NET ThreadPool Worker] INFO  LogInfo - [ListenerServiceFailJob] ended.
2023-11-28 12:05:50,180 [.NET ThreadPool Worker] INFO  LogInfo - [ListenerServiceFailJob] started.
2023-11-28 12:05:50,185 [.NET ThreadPool Worker] DEBUG  DebugFormat - [ListenerServiceFailJob] dependencies initiated.
2023-11-28 12:05:50,185 [.NET ThreadPool Worker] DEBUG  DebugFormat - GetMailboxesWithoutSubscriptions method started
2023-11-28 12:05:50,216 [.NET ThreadPool Worker] DEBUG  DebugFormat - GetAllSynchronizableMailboxes ended
2023-11-28 12:05:50,217 [.NET ThreadPool Worker] INFO  LogInfo - GetMailboxesWithoutSubscriptions: selected 0 mailboxes
2023-11-28 12:05:50,217 [.NET ThreadPool Worker] DEBUG  DebugFormat - GetMailboxesWithoutSubscriptions method ended
2023-11-28 12:05:50,217 [.NET ThreadPool Worker] INFO  LogInfo - [ListenerServiceFailJob] 0 accounts received for enabling synchronization.
2023-11-28 12:05:50,217 [.NET ThreadPool Worker] DEBUG  DebugFormat - StartFailoverHandlers started
2023-11-28 12:05:50,217 [.NET ThreadPool Worker] DEBUG  DebugFormat - All jobs from ExchangeListenerHandler job group deleted.
2023-11-28 12:05:50,217 [.NET ThreadPool Worker] DEBUG  DebugFormat - StartFailoverHandlers ended
2023-11-28 12:05:50,217 [.NET ThreadPool Worker] INFO  LogInfo - [ListenerServiceFailJob] Synchronization of 0 accounts is enabled.
2023-11-28 12:05:50,231 [.NET ThreadPool Worker] DEBUG  DebugFormat - GetAllSynchronizableMailboxes ended
2023-11-28 12:05:50,231 [.NET ThreadPool Worker] INFO  LogInfo - [ListenerServiceFailJob] ended.
2023-11-28 12:06:50,154 [.NET ThreadPool Worker] INFO  LogInfo - [ListenerServiceFailJob] started.
2023-11-28 12:06:50,154 [.NET ThreadPool Worker] DEBUG  DebugFormat - [ListenerServiceFailJob] dependencies initiated.
2023-11-28 12:06:50,154 [.NET ThreadPool Worker] DEBUG  DebugFormat - GetMailboxesWithoutSubscriptions method started
2023-11-28 12:06:50,161 [.NET ThreadPool Worker] DEBUG  DebugFormat - GetAllSynchronizableMailboxes ended
2023-11-28 12:06:50,161 [.NET ThreadPool Worker] INFO  LogInfo - GetMailboxesWithoutSubscriptions: selected 0 mailboxes
2023-11-28 12:06:50,161 [.NET ThreadPool Worker] DEBUG  DebugFormat - GetMailboxesWithoutSubscriptions method ended
2023-11-28 12:06:50,161 [.NET ThreadPool Worker] INFO  LogInfo - [ListenerServiceFailJob] 0 accounts received for enabling synchronization.
2023-11-28 12:06:50,161 [.NET ThreadPool Worker] DEBUG  DebugFormat - StartFailoverHandlers started
2023-11-28 12:06:50,161 [.NET ThreadPool Worker] DEBUG  DebugFormat - All jobs from ExchangeListenerHandler job group deleted.
2023-11-28 12:06:50,161 [.NET ThreadPool Worker] DEBUG  DebugFormat - StartFailoverHandlers ended
2023-11-28 12:06:50,161 [.NET ThreadPool Worker] INFO  LogInfo - [ListenerServiceFailJob] Synchronization of 0 accounts is enabled.
2023-11-28 12:06:50,169 [.NET ThreadPool Worker] DEBUG  DebugFormat - GetAllSynchronizableMailboxes ended
2023-11-28 12:06:50,169 [.NET ThreadPool Worker] INFO  LogInfo - [ListenerServiceFailJob] ended.
2023-11-28 12:07:50,155 [.NET ThreadPool Worker] INFO  LogInfo - [ListenerServiceFailJob] started.
2023-11-28 12:07:50,156 [.NET ThreadPool Worker] DEBUG  DebugFormat - [ListenerServiceFailJob] dependencies initiated.
2023-11-28 12:07:50,156 [.NET ThreadPool Worker] DEBUG  DebugFormat - GetMailboxesWithoutSubscriptions method started
2023-11-28 12:07:50,161 [.NET ThreadPool Worker] DEBUG  DebugFormat - GetAllSynchronizableMailboxes ended
2023-11-28 12:07:50,161 [.NET ThreadPool Worker] INFO  LogInfo - GetMailboxesWithoutSubscriptions: selected 0 mailboxes
2023-11-28 12:07:50,161 [.NET ThreadPool Worker] DEBUG  DebugFormat - GetMailboxesWithoutSubscriptions method ended
2023-11-28 12:07:50,161 [.NET ThreadPool Worker] INFO  LogInfo - [ListenerServiceFailJob] 0 accounts received for enabling synchronization.
2023-11-28 12:07:50,164 [.NET ThreadPool Worker] DEBUG  DebugFormat - StartFailoverHandlers started
2023-11-28 12:07:50,164 [.NET ThreadPool Worker] DEBUG  DebugFormat - All jobs from ExchangeListenerHandler job group deleted.
2023-11-28 12:07:50,164 [.NET ThreadPool Worker] DEBUG  DebugFormat - StartFailoverHandlers ended
2023-11-28 12:07:50,164 [.NET ThreadPool Worker] INFO  LogInfo - [ListenerServiceFailJob] Synchronization of 0 accounts is enabled.
2023-11-28 12:07:50,173 [.NET ThreadPool Worker] DEBUG  LogDebug - GetAllSynchronizableMailboxes ended
2023-11-28 12:07:50,173 [.NET ThreadPool Worker] INFO  LogInfo - [ListenerServiceFailJob] ended.
2023-11-28 12:08:50,181 [.NET ThreadPool Worker] INFO  LogInfo - [ListenerServiceFailJob] started.
2023-11-28 12:08:50,185 [.NET ThreadPool Worker] DEBUG  LogDebug - [ListenerServiceFailJob] dependencies initiated.
2023-11-28 12:08:50,185 [.NET ThreadPool Worker] DEBUG  LogDebug - GetMailboxesWithoutSubscriptions method started
2023-11-28 12:08:50,209 [.NET ThreadPool Worker] DEBUG  LogDebug - GetAllSynchronizableMailboxes ended
2023-11-28 12:08:50,209 [.NET ThreadPool Worker] INFO  LogInfo - GetMailboxesWithoutSubscriptions: selected 0 mailboxes
2023-11-28 12:08:50,209 [.NET ThreadPool Worker] DEBUG  LogDebug - GetMailboxesWithoutSubscriptions method ended
2023-11-28 12:08:50,209 [.NET ThreadPool Worker] INFO  LogInfo - [ListenerServiceFailJob] 0 accounts received for enabling synchronization.
2023-11-28 12:08:50,209 [.NET ThreadPool Worker] DEBUG  LogDebug - StartFailoverHandlers started
2023-11-28 12:08:50,209 [.NET ThreadPool Worker] DEBUG  LogDebug - All jobs from ExchangeListenerHandler job group deleted.
2023-11-28 12:08:50,209 [.NET ThreadPool Worker] DEBUG  LogDebug - StartFailoverHandlers ended
2023-11-28 12:08:50,209 [.NET ThreadPool Worker] INFO  LogInfo - [ListenerServiceFailJob] Synchronization of 0 accounts is enabled.
2023-11-28 12:08:50,229 [.NET ThreadPool Worker] DEBUG  LogDebug - GetAllSynchronizableMailboxes ended
2023-11-28 12:08:50,229 [.NET ThreadPool Worker] INFO  LogInfo - [ListenerServiceFailJob] ended.
2023-11-28 12:09:50,181 [.NET ThreadPool Worker] INFO  LogInfo - [ListenerServiceFailJob] started.
2023-11-28 12:09:50,185 [.NET ThreadPool Worker] DEBUG  LogDebug - [ListenerServiceFailJob] dependencies initiated.
2023-11-28 12:09:50,185 [.NET ThreadPool Worker] DEBUG  LogDebug - GetMailboxesWithoutSubscriptions method started
2023-11-28 12:09:50,209 [.NET ThreadPool Worker] DEBUG  LogDebug - GetAllSynchronizableMailboxes ended
2023-11-28 12:09:50,209 [.NET ThreadPool Worker] INFO  LogInfo - GetMailboxesWithoutSubscriptions: selected 0 mailboxes
2023-11-28 12:09:50,209 [.NET ThreadPool Worker] DEBUG  LogDebug - GetMailboxesWithoutSubscriptions method ended
2023-11-28 12:09:50,209 [.NET ThreadPool Worker] INFO  LogInfo - [ListenerServiceFailJob] 0 accounts received for enabling synchronization.
2023-11-28 12:09:50,209 [.NET ThreadPool Worker] DEBUG  LogDebug - StartFailoverHandlers started
2023-11-28 12:09:50,209 [.NET ThreadPool Worker] DEBUG  LogDebug - All jobs from ExchangeListenerHandler job group deleted.
2023-11-28 12:09:50,209 [.NET ThreadPool Worker] DEBUG  LogDebug - StartFailoverHandlers ended
2023-11-28 12:09:50,209 [.NET ThreadPool Worker] INFO  LogInfo - [ListenerServiceFailJob] Synchronization of 0 accounts is enabled.
2023-11-28 12:09:50,222 [.NET ThreadPool Worker] DEBUG  LogDebug - GetAllSynchronizableMailboxes ended
2023-11-28 12:09:50,222 [.NET ThreadPool Worker] INFO  LogInfo - [ListenerServiceFailJob] ended.
2023-11-28 12:10:50,185 [.NET ThreadPool Worker] INFO  LogInfo - [ListenerServiceFailJob] started.
2023-11-28 12:10:50,190 [.NET ThreadPool Worker] DEBUG  LogDebug - [ListenerServiceFailJob] dependencies initiated.
2023-11-28 12:10:50,190 [.NET ThreadPool Worker] DEBUG  LogDebug - GetMailboxesWithoutSubscriptions method started
2023-11-28 12:10:50,211 [.NET ThreadPool Worker] DEBUG  LogDebug - GetAllSynchronizableMailboxes ended
2023-11-28 12:10:50,212 [.NET ThreadPool Worker] INFO  LogInfo - GetMailboxesWithoutSubscriptions: selected 0 mailboxes
2023-11-28 12:10:50,212 [.NET ThreadPool Worker] DEBUG  LogDebug - GetMailboxesWithoutSubscriptions method ended
2023-11-28 12:10:50,212 [.NET ThreadPool Worker] INFO  LogInfo - [ListenerServiceFailJob] 0 accounts received for enabling synchronization.
2023-11-28 12:10:50,212 [.NET ThreadPool Worker] DEBUG  LogDebug - StartFailoverHandlers started
2023-11-28 12:10:50,212 [.NET ThreadPool Worker] DEBUG  LogDebug - All jobs from ExchangeListenerHandler job group deleted.
2023-11-28 12:10:50,212 [.NET ThreadPool Worker] DEBUG  LogDebug - StartFailoverHandlers ended
2023-11-28 12:10:50,212 [.NET ThreadPool Worker] INFO  LogInfo - [ListenerServiceFailJob] Synchronization of 0 accounts is enabled.
2023-11-28 12:10:50,227 [.NET ThreadPool Worker] DEBUG  LogDebug - GetAllSynchronizableMailboxes ended
2023-11-28 12:10:50,227 [.NET ThreadPool Worker] INFO  LogInfo - [ListenerServiceFailJob] ended.
2023-11-28 12:11:50,154 [.NET ThreadPool Worker] INFO  LogInfo - [ListenerServiceFailJob] started.
2023-11-28 12:11:50,154 [.NET ThreadPool Worker] DEBUG  LogDebug - [ListenerServiceFailJob] dependencies initiated.
2023-11-28 12:11:50,154 [.NET ThreadPool Worker] DEBUG  LogDebug - GetMailboxesWithoutSubscriptions method started
2023-11-28 12:11:50,161 [.NET ThreadPool Worker] DEBUG  LogDebug - GetAllSynchronizableMailboxes ended
2023-11-28 12:11:50,161 [.NET ThreadPool Worker] INFO  LogInfo - GetMailboxesWithoutSubscriptions: selected 0 mailboxes
2023-11-28 12:11:50,161 [.NET ThreadPool Worker] DEBUG  LogDebug - GetMailboxesWithoutSubscriptions method ended
2023-11-28 12:11:50,161 [.NET ThreadPool Worker] INFO  LogInfo - [ListenerServiceFailJob] 0 accounts received for enabling synchronization.
2023-11-28 12:11:50,161 [.NET ThreadPool Worker] DEBUG  LogDebug - StartFailoverHandlers started
2023-11-28 12:11:50,161 [.NET ThreadPool Worker] DEBUG  LogDebug - All jobs from ExchangeListenerHandler job group deleted.
2023-11-28 12:11:50,161 [.NET ThreadPool Worker] DEBUG  LogDebug - StartFailoverHandlers ended
2023-11-28 12:11:50,161 [.NET ThreadPool Worker] INFO  LogInfo - [ListenerServiceFailJob] Synchronization of 0 accounts is enabled.
2023-11-28 12:11:50,168 [.NET ThreadPool Worker] DEBUG  LogDebug - GetAllSynchronizableMailboxes ended
2023-11-28 12:11:50,168 [.NET ThreadPool Worker] INFO  LogInfo - [ListenerServiceFailJob] ended.
2023-11-28 12:12:50,185 [.NET ThreadPool Worker] INFO  LogInfo - [ListenerServiceFailJob] started.
2023-11-28 12:12:50,189 [.NET ThreadPool Worker] DEBUG  LogDebug - [ListenerServiceFailJob] dependencies initiated.
2023-11-28 12:12:50,189 [.NET ThreadPool Worker] DEBUG  LogDebug - GetMailboxesWithoutSubscriptions method started
2023-11-28 12:12:50,214 [.NET ThreadPool Worker] DEBUG  LogDebug - GetAllSynchronizableMailboxes ended
2023-11-28 12:12:50,214 [.NET ThreadPool Worker] INFO  LogInfo - GetMailboxesWithoutSubscriptions: selected 0 mailboxes
2023-11-28 12:12:50,214 [.NET ThreadPool Worker] DEBUG  LogDebug - GetMailboxesWithoutSubscriptions method ended
2023-11-28 12:12:50,214 [.NET ThreadPool Worker] INFO  LogInfo - [ListenerServiceFailJob] 0 accounts received for enabling synchronization.
2023-11-28 12:12:50,214 [.NET ThreadPool Worker] DEBUG  LogDebug - StartFailoverHandlers started
2023-11-28 12:12:50,217 [.NET ThreadPool Worker] DEBUG  LogDebug - All jobs from ExchangeListenerHandler job group deleted.
2023-11-28 12:12:50,217 [.NET ThreadPool Worker] DEBUG  LogDebug - StartFailoverHandlers ended
2023-11-28 12:12:50,217 [.NET ThreadPool Worker] INFO  LogInfo - [ListenerServiceFailJob] Synchronization of 0 accounts is enabled.
2023-11-28 12:12:50,236 [.NET ThreadPool Worker] DEBUG  LogDebug - GetAllSynchronizableMailboxes ended
2023-11-28 12:12:50,236 [.NET ThreadPool Worker] INFO  LogInfo - [ListenerServiceFailJob] ended.
2023-11-28 12:13:50,185 [.NET ThreadPool Worker] INFO  LogInfo - [ListenerServiceFailJob] started.
2023-11-28 12:13:50,189 [.NET ThreadPool Worker] DEBUG  LogDebug - [ListenerServiceFailJob] dependencies initiated.
2023-11-28 12:13:50,189 [.NET ThreadPool Worker] DEBUG  LogDebug - GetMailboxesWithoutSubscriptions method started
2023-11-28 12:13:50,213 [.NET ThreadPool Worker] DEBUG  LogDebug - GetAllSynchronizableMailboxes ended
2023-11-28 12:13:50,213 [.NET ThreadPool Worker] INFO  LogInfo - GetMailboxesWithoutSubscriptions: selected 0 mailboxes
2023-11-28 12:13:50,213 [.NET ThreadPool Worker] DEBUG  LogDebug - GetMailboxesWithoutSubscriptions method ended
2023-11-28 12:13:50,213 [.NET ThreadPool Worker] INFO  LogInfo - [ListenerServiceFailJob] 0 accounts received for enabling synchronization.
2023-11-28 12:13:50,213 [.NET ThreadPool Worker] DEBUG  LogDebug - StartFailoverHandlers started
2023-11-28 12:13:50,213 [.NET ThreadPool Worker] DEBUG  LogDebug - All jobs from ExchangeListenerHandler job group deleted.
2023-11-28 12:13:50,213 [.NET ThreadPool Worker] DEBUG  LogDebug - StartFailoverHandlers ended
2023-11-28 12:13:50,213 [.NET ThreadPool Worker] INFO  LogInfo - [ListenerServiceFailJob] Synchronization of 0 accounts is enabled.
2023-11-28 12:13:50,233 [.NET ThreadPool Worker] DEBUG  LogDebug - GetAllSynchronizableMailboxes ended
2023-11-28 12:13:50,233 [.NET ThreadPool Worker] INFO  LogInfo - [ListenerServiceFailJob] ended.
2023-11-28 12:14:50,182 [.NET ThreadPool Worker] INFO  LogInfo - [ListenerServiceFailJob] started.
2023-11-28 12:14:50,188 [.NET ThreadPool Worker] DEBUG  LogDebug - [ListenerServiceFailJob] dependencies initiated.
2023-11-28 12:14:50,188 [.NET ThreadPool Worker] DEBUG  LogDebug - GetMailboxesWithoutSubscriptions method started
2023-11-28 12:14:50,197 [.NET ThreadPool Worker] DEBUG  LogDebug - GetAllSynchronizableMailboxes ended
2023-11-28 12:14:50,197 [.NET ThreadPool Worker] INFO  LogInfo - GetMailboxesWithoutSubscriptions: selected 0 mailboxes
2023-11-28 12:14:50,197 [.NET ThreadPool Worker] DEBUG  LogDebug - GetMailboxesWithoutSubscriptions method ended
2023-11-28 12:14:50,197 [.NET ThreadPool Worker] INFO  LogInfo - [ListenerServiceFailJob] 0 accounts received for enabling synchronization.
2023-11-28 12:14:50,197 [.NET ThreadPool Worker] DEBUG  LogDebug - StartFailoverHandlers started
2023-11-28 12:14:50,201 [.NET ThreadPool Worker] DEBUG  LogDebug - All jobs from ExchangeListenerHandler job group deleted.
2023-11-28 12:14:50,201 [.NET ThreadPool Worker] DEBUG  LogDebug - StartFailoverHandlers ended
2023-11-28 12:14:50,201 [.NET ThreadPool Worker] INFO  LogInfo - [ListenerServiceFailJob] Synchronization of 0 accounts is enabled.
2023-11-28 12:14:50,211 [.NET ThreadPool Worker] DEBUG  LogDebug - GetAllSynchronizableMailboxes ended
2023-11-28 12:14:50,211 [.NET ThreadPool Worker] INFO  LogInfo - [ListenerServiceFailJob] ended.
2023-11-28 12:15:50,185 [.NET ThreadPool Worker] INFO  LogInfo - [ListenerServiceFailJob] started.
2023-11-28 12:15:50,189 [.NET ThreadPool Worker] DEBUG  LogDebug - [ListenerServiceFailJob] dependencies initiated.
2023-11-28 12:15:50,189 [.NET ThreadPool Worker] DEBUG  LogDebug - GetMailboxesWithoutSubscriptions method started
2023-11-28 12:15:50,214 [.NET ThreadPool Worker] DEBUG  LogDebug - GetAllSynchronizableMailboxes ended
2023-11-28 12:15:50,214 [.NET ThreadPool Worker] INFO  LogInfo - GetMailboxesWithoutSubscriptions: selected 0 mailboxes
2023-11-28 12:15:50,214 [.NET ThreadPool Worker] DEBUG  LogDebug - GetMailboxesWithoutSubscriptions method ended
2023-11-28 12:15:50,214 [.NET ThreadPool Worker] INFO  LogInfo - [ListenerServiceFailJob] 0 accounts received for enabling synchronization.
2023-11-28 12:15:50,214 [.NET ThreadPool Worker] DEBUG  LogDebug - StartFailoverHandlers started
2023-11-28 12:15:50,217 [.NET ThreadPool Worker] DEBUG  LogDebug - All jobs from ExchangeListenerHandler job group deleted.
2023-11-28 12:15:50,217 [.NET ThreadPool Worker] DEBUG  LogDebug - StartFailoverHandlers ended
2023-11-28 12:15:50,217 [.NET ThreadPool Worker] INFO  LogInfo - [ListenerServiceFailJob] Synchronization of 0 accounts is enabled.
2023-11-28 12:15:50,238 [.NET ThreadPool Worker] DEBUG  LogDebug - GetAllSynchronizableMailboxes ended
2023-11-28 12:15:50,238 [.NET ThreadPool Worker] INFO  LogInfo - [ListenerServiceFailJob] ended.
2023-11-28 12:16:50,181 [.NET ThreadPool Worker] INFO  LogInfo - [ListenerServiceFailJob] started.
2023-11-28 12:16:50,186 [.NET ThreadPool Worker] DEBUG  LogDebug - [ListenerServiceFailJob] dependencies initiated.
2023-11-28 12:16:50,186 [.NET ThreadPool Worker] DEBUG  LogDebug - GetMailboxesWithoutSubscriptions method started
2023-11-28 12:16:50,209 [.NET ThreadPool Worker] DEBUG  LogDebug - GetAllSynchronizableMailboxes ended
2023-11-28 12:16:50,209 [.NET ThreadPool Worker] INFO  LogInfo - GetMailboxesWithoutSubscriptions: selected 0 mailboxes
2023-11-28 12:16:50,209 [.NET ThreadPool Worker] DEBUG  LogDebug - GetMailboxesWithoutSubscriptions method ended
2023-11-28 12:16:50,209 [.NET ThreadPool Worker] INFO  LogInfo - [ListenerServiceFailJob] 0 accounts received for enabling synchronization.
2023-11-28 12:16:50,209 [.NET ThreadPool Worker] DEBUG  LogDebug - StartFailoverHandlers started
2023-11-28 12:16:50,209 [.NET ThreadPool Worker] DEBUG  LogDebug - All jobs from ExchangeListenerHandler job group deleted.
2023-11-28 12:16:50,209 [.NET ThreadPool Worker] DEBUG  LogDebug - StartFailoverHandlers ended
2023-11-28 12:16:50,209 [.NET ThreadPool Worker] INFO  LogInfo - [ListenerServiceFailJob] Synchronization of 0 accounts is enabled.
2023-11-28 12:16:50,224 [.NET ThreadPool Worker] DEBUG  LogDebug - GetAllSynchronizableMailboxes ended
2023-11-28 12:16:50,224 [.NET ThreadPool Worker] INFO  LogInfo - [ListenerServiceFailJob] ended.
2023-11-28 12:17:50,185 [.NET ThreadPool Worker] INFO  LogInfo - [ListenerServiceFailJob] started.
2023-11-28 12:17:50,189 [.NET ThreadPool Worker] DEBUG  LogDebug - [ListenerServiceFailJob] dependencies initiated.
2023-11-28 12:17:50,189 [.NET ThreadPool Worker] DEBUG  LogDebug - GetMailboxesWithoutSubscriptions method started
2023-11-28 12:17:50,213 [.NET ThreadPool Worker] DEBUG  LogDebug - GetAllSynchronizableMailboxes ended
2023-11-28 12:17:50,213 [.NET ThreadPool Worker] INFO  LogInfo - GetMailboxesWithoutSubscriptions: selected 0 mailboxes
2023-11-28 12:17:50,213 [.NET ThreadPool Worker] DEBUG  LogDebug - GetMailboxesWithoutSubscriptions method ended
2023-11-28 12:17:50,213 [.NET ThreadPool Worker] INFO  LogInfo - [ListenerServiceFailJob] 0 accounts received for enabling synchronization.
2023-11-28 12:17:50,213 [.NET ThreadPool Worker] DEBUG  LogDebug - StartFailoverHandlers started
2023-11-28 12:17:50,213 [.NET ThreadPool Worker] DEBUG  LogDebug - All jobs from ExchangeListenerHandler job group deleted.
2023-11-28 12:17:50,213 [.NET ThreadPool Worker] DEBUG  LogDebug - StartFailoverHandlers ended
2023-11-28 12:17:50,213 [.NET ThreadPool Worker] INFO  LogInfo - [ListenerServiceFailJob] Synchronization of 0 accounts is enabled.
2023-11-28 12:17:50,230 [.NET ThreadPool Worker] DEBUG  LogDebug - GetAllSynchronizableMailboxes ended
2023-11-28 12:17:50,230 [.NET ThreadPool Worker] INFO  LogInfo - [ListenerServiceFailJob] ended.
2023-11-28 12:18:50,154 [.NET ThreadPool Worker] INFO  LogInfo - [ListenerServiceFailJob] started.
2023-11-28 12:18:50,154 [.NET ThreadPool Worker] DEBUG  LogDebug - [ListenerServiceFailJob] dependencies initiated.
2023-11-28 12:18:50,154 [.NET ThreadPool Worker] DEBUG  LogDebug - GetMailboxesWithoutSubscriptions method started
2023-11-28 12:18:50,161 [.NET ThreadPool Worker] DEBUG  LogDebug - GetAllSynchronizableMailboxes ended
2023-11-28 12:18:50,161 [.NET ThreadPool Worker] INFO  LogInfo - GetMailboxesWithoutSubscriptions: selected 0 mailboxes
2023-11-28 12:18:50,161 [.NET ThreadPool Worker] DEBUG  LogDebug - GetMailboxesWithoutSubscriptions method ended
2023-11-28 12:18:50,161 [.NET ThreadPool Worker] INFO  LogInfo - [ListenerServiceFailJob] 0 accounts received for enabling synchronization.
2023-11-28 12:18:50,161 [.NET ThreadPool Worker] DEBUG  LogDebug - StartFailoverHandlers started
2023-11-28 12:18:50,161 [.NET ThreadPool Worker] DEBUG  LogDebug - All jobs from ExchangeListenerHandler job group deleted.
2023-11-28 12:18:50,161 [.NET ThreadPool Worker] DEBUG  LogDebug - StartFailoverHandlers ended
2023-11-28 12:18:50,161 [.NET ThreadPool Worker] INFO  LogInfo - [ListenerServiceFailJob] Synchronization of 0 accounts is enabled.
2023-11-28 12:18:50,169 [.NET ThreadPool Worker] DEBUG  LogDebug - GetAllSynchronizableMailboxes ended
2023-11-28 12:18:50,169 [.NET ThreadPool Worker] INFO  LogInfo - [ListenerServiceFailJob] ended.
2023-11-28 12:19:50,185 [.NET ThreadPool Worker] INFO  LogInfo - [ListenerServiceFailJob] started.
2023-11-28 12:19:50,190 [.NET ThreadPool Worker] DEBUG  LogDebug - [ListenerServiceFailJob] dependencies initiated.
2023-11-28 12:19:50,190 [.NET ThreadPool Worker] DEBUG  LogDebug - GetMailboxesWithoutSubscriptions method started
2023-11-28 12:19:50,214 [.NET ThreadPool Worker] DEBUG  LogDebug - GetAllSynchronizableMailboxes ended
2023-11-28 12:19:50,214 [.NET ThreadPool Worker] INFO  LogInfo - GetMailboxesWithoutSubscriptions: selected 0 mailboxes
2023-11-28 12:19:50,214 [.NET ThreadPool Worker] DEBUG  LogDebug - GetMailboxesWithoutSubscriptions method ended
2023-11-28 12:19:50,214 [.NET ThreadPool Worker] INFO  LogInfo - [ListenerServiceFailJob] 0 accounts received for enabling synchronization.
2023-11-28 12:19:50,214 [.NET ThreadPool Worker] DEBUG  LogDebug - StartFailoverHandlers started
2023-11-28 12:19:50,214 [.NET ThreadPool Worker] DEBUG  LogDebug - All jobs from ExchangeListenerHandler job group deleted.
2023-11-28 12:19:50,214 [.NET ThreadPool Worker] DEBUG  LogDebug - StartFailoverHandlers ended
2023-11-28 12:19:50,214 [.NET ThreadPool Worker] INFO  LogInfo - [ListenerServiceFailJob] Synchronization of 0 accounts is enabled.
2023-11-28 12:19:50,230 [.NET ThreadPool Worker] DEBUG  LogDebug - GetAllSynchronizableMailboxes ended
2023-11-28 12:19:50,230 [.NET ThreadPool Worker] INFO  LogInfo - [ListenerServiceFailJob] ended.
2023-11-28 12:20:50,185 [.NET ThreadPool Worker] INFO  LogInfo - [ListenerServiceFailJob] started.
2023-11-28 12:20:50,190 [.NET ThreadPool Worker] DEBUG  LogDebug - [ListenerServiceFailJob] dependencies initiated.
2023-11-28 12:20:50,190 [.NET ThreadPool Worker] DEBUG  LogDebug - GetMailboxesWithoutSubscriptions method started
2023-11-28 12:20:50,213 [.NET ThreadPool Worker] DEBUG  LogDebug - GetAllSynchronizableMailboxes ended
2023-11-28 12:20:50,213 [.NET ThreadPool Worker] INFO  LogInfo - GetMailboxesWithoutSubscriptions: selected 0 mailboxes
2023-11-28 12:20:50,213 [.NET ThreadPool Worker] DEBUG  LogDebug - GetMailboxesWithoutSubscriptions method ended
2023-11-28 12:20:50,213 [.NET ThreadPool Worker] INFO  LogInfo - [ListenerServiceFailJob] 0 accounts received for enabling synchronization.
2023-11-28 12:20:50,213 [.NET ThreadPool Worker] DEBUG  LogDebug - StartFailoverHandlers started
2023-11-28 12:20:50,213 [.NET ThreadPool Worker] DEBUG  LogDebug - All jobs from ExchangeListenerHandler job group deleted.
2023-11-28 12:20:50,213 [.NET ThreadPool Worker] DEBUG  LogDebug - StartFailoverHandlers ended
2023-11-28 12:20:50,213 [.NET ThreadPool Worker] INFO  LogInfo - [ListenerServiceFailJob] Synchronization of 0 accounts is enabled.
2023-11-28 12:20:50,227 [.NET ThreadPool Worker] DEBUG  LogDebug - GetAllSynchronizableMailboxes ended
2023-11-28 12:20:50,227 [.NET ThreadPool Worker] INFO  LogInfo - [ListenerServiceFailJob] ended.
2023-11-28 12:21:50,156 [.NET ThreadPool Worker] INFO  LogInfo - [ListenerServiceFailJob] started.
2023-11-28 12:21:50,156 [.NET ThreadPool Worker] DEBUG  LogDebug - [ListenerServiceFailJob] dependencies initiated.
2023-11-28 12:21:50,156 [.NET ThreadPool Worker] DEBUG  LogDebug - GetMailboxesWithoutSubscriptions method started
2023-11-28 12:21:50,166 [.NET ThreadPool Worker] DEBUG  LogDebug - GetAllSynchronizableMailboxes ended
2023-11-28 12:21:50,166 [.NET ThreadPool Worker] INFO  LogInfo - GetMailboxesWithoutSubscriptions: selected 0 mailboxes
2023-11-28 12:21:50,166 [.NET ThreadPool Worker] DEBUG  LogDebug - GetMailboxesWithoutSubscriptions method ended
2023-11-28 12:21:50,168 [.NET ThreadPool Worker] INFO  LogInfo - [ListenerServiceFailJob] 0 accounts received for enabling synchronization.
2023-11-28 12:21:50,168 [.NET ThreadPool Worker] DEBUG  LogDebug - StartFailoverHandlers started
2023-11-28 12:21:50,168 [.NET ThreadPool Worker] DEBUG  LogDebug - All jobs from ExchangeListenerHandler job group deleted.
2023-11-28 12:21:50,168 [.NET ThreadPool Worker] DEBUG  LogDebug - StartFailoverHandlers ended
2023-11-28 12:21:50,168 [.NET ThreadPool Worker] INFO  LogInfo - [ListenerServiceFailJob] Synchronization of 0 accounts is enabled.
2023-11-28 12:21:50,181 [.NET ThreadPool Worker] DEBUG  LogDebug - GetAllSynchronizableMailboxes ended
2023-11-28 12:21:50,181 [.NET ThreadPool Worker] INFO  LogInfo - [ListenerServiceFailJob] ended.
2023-11-28 12:22:50,185 [.NET ThreadPool Worker] INFO  LogInfo - [ListenerServiceFailJob] started.
2023-11-28 12:22:50,189 [.NET ThreadPool Worker] DEBUG  LogDebug - [ListenerServiceFailJob] dependencies initiated.
2023-11-28 12:22:50,189 [.NET ThreadPool Worker] DEBUG  LogDebug - GetMailboxesWithoutSubscriptions method started
2023-11-28 12:22:50,214 [.NET ThreadPool Worker] DEBUG  LogDebug - GetAllSynchronizableMailboxes ended
2023-11-28 12:22:50,214 [.NET ThreadPool Worker] INFO  LogInfo - GetMailboxesWithoutSubscriptions: selected 0 mailboxes
2023-11-28 12:22:50,214 [.NET ThreadPool Worker] DEBUG  LogDebug - GetMailboxesWithoutSubscriptions method ended
2023-11-28 12:22:50,214 [.NET ThreadPool Worker] INFO  LogInfo - [ListenerServiceFailJob] 0 accounts received for enabling synchronization.
2023-11-28 12:22:50,214 [.NET ThreadPool Worker] DEBUG  LogDebug - StartFailoverHandlers started
2023-11-28 12:22:50,214 [.NET ThreadPool Worker] DEBUG  LogDebug - All jobs from ExchangeListenerHandler job group deleted.
2023-11-28 12:22:50,216 [.NET ThreadPool Worker] DEBUG  LogDebug - StartFailoverHandlers ended
2023-11-28 12:22:50,216 [.NET ThreadPool Worker] INFO  LogInfo - [ListenerServiceFailJob] Synchronization of 0 accounts is enabled.
2023-11-28 12:22:50,230 [.NET ThreadPool Worker] DEBUG  LogDebug - GetAllSynchronizableMailboxes ended
2023-11-28 12:22:50,230 [.NET ThreadPool Worker] INFO  LogInfo - [ListenerServiceFailJob] ended.
2023-11-28 12:23:50,185 [.NET ThreadPool Worker] INFO  LogInfo - [ListenerServiceFailJob] started.
2023-11-28 12:23:50,189 [.NET ThreadPool Worker] DEBUG  LogDebug - [ListenerServiceFailJob] dependencies initiated.
2023-11-28 12:23:50,189 [.NET ThreadPool Worker] DEBUG  LogDebug - GetMailboxesWithoutSubscriptions method started
2023-11-28 12:23:50,214 [.NET ThreadPool Worker] DEBUG  LogDebug - GetAllSynchronizableMailboxes ended
2023-11-28 12:23:50,214 [.NET ThreadPool Worker] INFO  LogInfo - GetMailboxesWithoutSubscriptions: selected 0 mailboxes
2023-11-28 12:23:50,214 [.NET ThreadPool Worker] DEBUG  LogDebug - GetMailboxesWithoutSubscriptions method ended
2023-11-28 12:23:50,214 [.NET ThreadPool Worker] INFO  LogInfo - [ListenerServiceFailJob] 0 accounts received for enabling synchronization.
2023-11-28 12:23:50,214 [.NET ThreadPool Worker] DEBUG  LogDebug - StartFailoverHandlers started
2023-11-28 12:23:50,217 [.NET ThreadPool Worker] DEBUG  LogDebug - All jobs from ExchangeListenerHandler job group deleted.
2023-11-28 12:23:50,217 [.NET ThreadPool Worker] DEBUG  LogDebug - StartFailoverHandlers ended
2023-11-28 12:23:50,217 [.NET ThreadPool Worker] INFO  LogInfo - [ListenerServiceFailJob] Synchronization of 0 accounts is enabled.
2023-11-28 12:23:50,233 [.NET ThreadPool Worker] DEBUG  LogDebug - GetAllSynchronizableMailboxes ended
2023-11-28 12:23:50,233 [.NET ThreadPool Worker] INFO  LogInfo - [ListenerServiceFailJob] ended.
2023-11-28 12:24:50,185 [.NET ThreadPool Worker] INFO  LogInfo - [ListenerServiceFailJob] started.
2023-11-28 12:24:50,190 [.NET ThreadPool Worker] DEBUG  LogDebug - [ListenerServiceFailJob] dependencies initiated.
2023-11-28 12:24:50,190 [.NET ThreadPool Worker] DEBUG  LogDebug - GetMailboxesWithoutSubscriptions method started
2023-11-28 12:24:50,210 [.NET ThreadPool Worker] DEBUG  LogDebug - GetAllSynchronizableMailboxes ended
2023-11-28 12:24:50,210 [.NET ThreadPool Worker] INFO  LogInfo - GetMailboxesWithoutSubscriptions: selected 0 mailboxes
2023-11-28 12:24:50,210 [.NET ThreadPool Worker] DEBUG  LogDebug - GetMailboxesWithoutSubscriptions method ended
2023-11-28 12:24:50,210 [.NET ThreadPool Worker] INFO  LogInfo - [ListenerServiceFailJob] 0 accounts received for enabling synchronization.
2023-11-28 12:24:50,210 [.NET ThreadPool Worker] DEBUG  LogDebug - StartFailoverHandlers started
2023-11-28 12:24:50,210 [.NET ThreadPool Worker] DEBUG  LogDebug - All jobs from ExchangeListenerHandler job group deleted.
2023-11-28 12:24:50,210 [.NET ThreadPool Worker] DEBUG  LogDebug - StartFailoverHandlers ended
2023-11-28 12:24:50,210 [.NET ThreadPool Worker] INFO  LogInfo - [ListenerServiceFailJob] Synchronization of 0 accounts is enabled.
2023-11-28 12:24:50,224 [.NET ThreadPool Worker] DEBUG  LogDebug - GetAllSynchronizableMailboxes ended
2023-11-28 12:24:50,224 [.NET ThreadPool Worker] INFO  LogInfo - [ListenerServiceFailJob] ended.
2023-11-28 12:25:50,173 [.NET ThreadPool Worker] INFO  LogInfo - [ListenerServiceFailJob] started.
2023-11-28 12:25:50,173 [.NET ThreadPool Worker] DEBUG  LogDebug - [ListenerServiceFailJob] dependencies initiated.
2023-11-28 12:25:50,173 [.NET ThreadPool Worker] DEBUG  LogDebug - GetMailboxesWithoutSubscriptions method started
2023-11-28 12:25:50,179 [.NET ThreadPool Worker] DEBUG  LogDebug - GetAllSynchronizableMailboxes ended
2023-11-28 12:25:50,179 [.NET ThreadPool Worker] INFO  LogInfo - GetMailboxesWithoutSubscriptions: selected 0 mailboxes
2023-11-28 12:25:50,179 [.NET ThreadPool Worker] DEBUG  LogDebug - GetMailboxesWithoutSubscriptions method ended
2023-11-28 12:25:50,179 [.NET ThreadPool Worker] INFO  LogInfo - [ListenerServiceFailJob] 0 accounts received for enabling synchronization.
2023-11-28 12:25:50,180 [.NET ThreadPool Worker] DEBUG  LogDebug - StartFailoverHandlers started
2023-11-28 12:25:50,180 [.NET ThreadPool Worker] DEBUG  LogDebug - All jobs from ExchangeListenerHandler job group deleted.
2023-11-28 12:25:50,180 [.NET ThreadPool Worker] DEBUG  LogDebug - StartFailoverHandlers ended
2023-11-28 12:25:50,180 [.NET ThreadPool Worker] INFO  LogInfo - [ListenerServiceFailJob] Synchronization of 0 accounts is enabled.
2023-11-28 12:25:50,185 [.NET ThreadPool Worker] DEBUG  LogDebug - GetAllSynchronizableMailboxes ended
2023-11-28 12:25:50,185 [.NET ThreadPool Worker] INFO  LogInfo - [ListenerServiceFailJob] ended.
2023-11-28 12:26:50,185 [.NET ThreadPool Worker] INFO  LogInfo - [ListenerServiceFailJob] started.
2023-11-28 12:26:50,189 [.NET ThreadPool Worker] DEBUG  LogDebug - [ListenerServiceFailJob] dependencies initiated.
2023-11-28 12:26:50,189 [.NET ThreadPool Worker] DEBUG  LogDebug - GetMailboxesWithoutSubscriptions method started
2023-11-28 12:26:50,211 [.NET ThreadPool Worker] DEBUG  LogDebug - GetAllSynchronizableMailboxes ended
2023-11-28 12:26:50,211 [.NET ThreadPool Worker] INFO  LogInfo - GetMailboxesWithoutSubscriptions: selected 0 mailboxes
2023-11-28 12:26:50,211 [.NET ThreadPool Worker] DEBUG  LogDebug - GetMailboxesWithoutSubscriptions method ended
2023-11-28 12:26:50,211 [.NET ThreadPool Worker] INFO  LogInfo - [ListenerServiceFailJob] 0 accounts received for enabling synchronization.
2023-11-28 12:26:50,211 [.NET ThreadPool Worker] DEBUG  LogDebug - StartFailoverHandlers started
2023-11-28 12:26:50,213 [.NET ThreadPool Worker] DEBUG  LogDebug - All jobs from ExchangeListenerHandler job group deleted.
2023-11-28 12:26:50,213 [.NET ThreadPool Worker] DEBUG  LogDebug - StartFailoverHandlers ended
2023-11-28 12:26:50,213 [.NET ThreadPool Worker] INFO  LogInfo - [ListenerServiceFailJob] Synchronization of 0 accounts is enabled.
2023-11-28 12:26:50,225 [.NET ThreadPool Worker] DEBUG  LogDebug - GetAllSynchronizableMailboxes ended
2023-11-28 12:26:50,225 [.NET ThreadPool Worker] INFO  LogInfo - [ListenerServiceFailJob] ended.
2023-11-28 12:27:50,187 [.NET ThreadPool Worker] INFO  LogInfo - [ListenerServiceFailJob] started.
2023-11-28 12:27:50,192 [.NET ThreadPool Worker] DEBUG  LogDebug - [ListenerServiceFailJob] dependencies initiated.
2023-11-28 12:27:50,192 [.NET ThreadPool Worker] DEBUG  LogDebug - GetMailboxesWithoutSubscriptions method started
2023-11-28 12:27:50,213 [.NET ThreadPool Worker] DEBUG  LogDebug - GetAllSynchronizableMailboxes ended
2023-11-28 12:27:50,213 [.NET ThreadPool Worker] INFO  LogInfo - GetMailboxesWithoutSubscriptions: selected 0 mailboxes
2023-11-28 12:27:50,213 [.NET ThreadPool Worker] DEBUG  LogDebug - GetMailboxesWithoutSubscriptions method ended
2023-11-28 12:27:50,213 [.NET ThreadPool Worker] INFO  LogInfo - [ListenerServiceFailJob] 0 accounts received for enabling synchronization.
2023-11-28 12:27:50,213 [.NET ThreadPool Worker] DEBUG  LogDebug - StartFailoverHandlers started
2023-11-28 12:27:50,213 [.NET ThreadPool Worker] DEBUG  LogDebug - All jobs from ExchangeListenerHandler job group deleted.
2023-11-28 12:27:50,213 [.NET ThreadPool Worker] DEBUG  LogDebug - StartFailoverHandlers ended
2023-11-28 12:27:50,213 [.NET ThreadPool Worker] INFO  LogInfo - [ListenerServiceFailJob] Synchronization of 0 accounts is enabled.
2023-11-28 12:27:50,223 [.NET ThreadPool Worker] DEBUG  LogDebug - GetAllSynchronizableMailboxes ended
2023-11-28 12:27:50,223 [.NET ThreadPool Worker] INFO  LogInfo - [ListenerServiceFailJob] ended.
2023-11-28 12:28:50,154 [.NET ThreadPool Worker] INFO  LogInfo - [ListenerServiceFailJob] started.
2023-11-28 12:28:50,154 [.NET ThreadPool Worker] DEBUG  LogDebug - [ListenerServiceFailJob] dependencies initiated.
2023-11-28 12:28:50,154 [.NET ThreadPool Worker] DEBUG  LogDebug - GetMailboxesWithoutSubscriptions method started
2023-11-28 12:28:50,160 [.NET ThreadPool Worker] DEBUG  LogDebug - GetAllSynchronizableMailboxes ended
2023-11-28 12:28:50,160 [.NET ThreadPool Worker] INFO  LogInfo - GetMailboxesWithoutSubscriptions: selected 0 mailboxes
2023-11-28 12:28:50,160 [.NET ThreadPool Worker] DEBUG  LogDebug - GetMailboxesWithoutSubscriptions method ended
2023-11-28 12:28:50,160 [.NET ThreadPool Worker] INFO  LogInfo - [ListenerServiceFailJob] 0 accounts received for enabling synchronization.
2023-11-28 12:28:50,160 [.NET ThreadPool Worker] DEBUG  LogDebug - StartFailoverHandlers started
2023-11-28 12:28:50,160 [.NET ThreadPool Worker] DEBUG  LogDebug - All jobs from ExchangeListenerHandler job group deleted.
2023-11-28 12:28:50,160 [.NET ThreadPool Worker] DEBUG  LogDebug - StartFailoverHandlers ended
2023-11-28 12:28:50,160 [.NET ThreadPool Worker] INFO  LogInfo - [ListenerServiceFailJob] Synchronization of 0 accounts is enabled.
2023-11-28 12:28:50,165 [.NET ThreadPool Worker] DEBUG  LogDebug - GetAllSynchronizableMailboxes ended
2023-11-28 12:28:50,165 [.NET ThreadPool Worker] INFO  LogInfo - [ListenerServiceFailJob] ended.
2023-11-28 12:29:50,154 [.NET ThreadPool Worker] INFO  LogInfo - [ListenerServiceFailJob] started.
2023-11-28 12:29:50,154 [.NET ThreadPool Worker] DEBUG  LogDebug - [ListenerServiceFailJob] dependencies initiated.
2023-11-28 12:29:50,154 [.NET ThreadPool Worker] DEBUG  LogDebug - GetMailboxesWithoutSubscriptions method started
2023-11-28 12:29:50,161 [.NET ThreadPool Worker] DEBUG  LogDebug - GetAllSynchronizableMailboxes ended
2023-11-28 12:29:50,161 [.NET ThreadPool Worker] INFO  LogInfo - GetMailboxesWithoutSubscriptions: selected 0 mailboxes
2023-11-28 12:29:50,161 [.NET ThreadPool Worker] DEBUG  LogDebug - GetMailboxesWithoutSubscriptions method ended
2023-11-28 12:29:50,161 [.NET ThreadPool Worker] INFO  LogInfo - [ListenerServiceFailJob] 0 accounts received for enabling synchronization.
2023-11-28 12:29:50,161 [.NET ThreadPool Worker] DEBUG  LogDebug - StartFailoverHandlers started
2023-11-28 12:29:50,161 [.NET ThreadPool Worker] DEBUG  LogDebug - All jobs from ExchangeListenerHandler job group deleted.
2023-11-28 12:29:50,161 [.NET ThreadPool Worker] DEBUG  LogDebug - StartFailoverHandlers ended
2023-11-28 12:29:50,161 [.NET ThreadPool Worker] INFO  LogInfo - [ListenerServiceFailJob] Synchronization of 0 accounts is enabled.
2023-11-28 12:29:50,169 [.NET ThreadPool Worker] DEBUG  LogDebug - GetAllSynchronizableMailboxes ended
2023-11-28 12:29:50,169 [.NET ThreadPool Worker] INFO  LogInfo - [ListenerServiceFailJob] ended.
2023-11-28 12:30:50,168 [.NET ThreadPool Worker] INFO  LogInfo - [ListenerServiceFailJob] started.
2023-11-28 12:30:50,169 [.NET ThreadPool Worker] DEBUG  LogDebug - [ListenerServiceFailJob] dependencies initiated.
2023-11-28 12:30:50,169 [.NET ThreadPool Worker] DEBUG  LogDebug - GetMailboxesWithoutSubscriptions method started
2023-11-28 12:30:50,175 [.NET ThreadPool Worker] DEBUG  LogDebug - GetAllSynchronizableMailboxes ended
2023-11-28 12:30:50,175 [.NET ThreadPool Worker] INFO  LogInfo - GetMailboxesWithoutSubscriptions: selected 0 mailboxes
2023-11-28 12:30:50,175 [.NET ThreadPool Worker] DEBUG  LogDebug - GetMailboxesWithoutSubscriptions method ended
2023-11-28 12:30:50,175 [.NET ThreadPool Worker] INFO  LogInfo - [ListenerServiceFailJob] 0 accounts received for enabling synchronization.
2023-11-28 12:30:50,175 [.NET ThreadPool Worker] DEBUG  LogDebug - StartFailoverHandlers started
2023-11-28 12:30:50,175 [.NET ThreadPool Worker] DEBUG  LogDebug - All jobs from ExchangeListenerHandler job group deleted.
2023-11-28 12:30:50,175 [.NET ThreadPool Worker] DEBUG  LogDebug - StartFailoverHandlers ended
2023-11-28 12:30:50,175 [.NET ThreadPool Worker] INFO  LogInfo - [ListenerServiceFailJob] Synchronization of 0 accounts is enabled.
2023-11-28 12:30:50,181 [.NET ThreadPool Worker] DEBUG  LogDebug - GetAllSynchronizableMailboxes ended
2023-11-28 12:30:50,181 [.NET ThreadPool Worker] INFO  LogInfo - [ListenerServiceFailJob] ended.
2023-11-28 12:31:50,185 [.NET ThreadPool Worker] INFO  LogInfo - [ListenerServiceFailJob] started.
2023-11-28 12:31:50,190 [.NET ThreadPool Worker] DEBUG  LogDebug - [ListenerServiceFailJob] dependencies initiated.
2023-11-28 12:31:50,190 [.NET ThreadPool Worker] DEBUG  LogDebug - GetMailboxesWithoutSubscriptions method started
2023-11-28 12:31:50,211 [.NET ThreadPool Worker] DEBUG  LogDebug - GetAllSynchronizableMailboxes ended
2023-11-28 12:31:50,211 [.NET ThreadPool Worker] INFO  LogInfo - GetMailboxesWithoutSubscriptions: selected 0 mailboxes
2023-11-28 12:31:50,211 [.NET ThreadPool Worker] DEBUG  LogDebug - GetMailboxesWithoutSubscriptions method ended
2023-11-28 12:31:50,211 [.NET ThreadPool Worker] INFO  LogInfo - [ListenerServiceFailJob] 0 accounts received for enabling synchronization.
2023-11-28 12:31:50,212 [.NET ThreadPool Worker] DEBUG  LogDebug - StartFailoverHandlers started
2023-11-28 12:31:50,212 [.NET ThreadPool Worker] DEBUG  LogDebug - All jobs from ExchangeListenerHandler job group deleted.
2023-11-28 12:31:50,212 [.NET ThreadPool Worker] DEBUG  LogDebug - StartFailoverHandlers ended
2023-11-28 12:31:50,212 [.NET ThreadPool Worker] INFO  LogInfo - [ListenerServiceFailJob] Synchronization of 0 accounts is enabled.
2023-11-28 12:31:50,226 [.NET ThreadPool Worker] DEBUG  LogDebug - GetAllSynchronizableMailboxes ended
2023-11-28 12:31:50,226 [.NET ThreadPool Worker] INFO  LogInfo - [ListenerServiceFailJob] ended.
2023-11-28 12:32:50,182 [.NET ThreadPool Worker] INFO  LogInfo - [ListenerServiceFailJob] started.
2023-11-28 12:32:50,186 [.NET ThreadPool Worker] DEBUG  LogDebug - [ListenerServiceFailJob] dependencies initiated.
2023-11-28 12:32:50,186 [.NET ThreadPool Worker] DEBUG  LogDebug - GetMailboxesWithoutSubscriptions method started
2023-11-28 12:32:50,202 [.NET ThreadPool Worker] DEBUG  LogDebug - GetAllSynchronizableMailboxes ended
2023-11-28 12:32:50,202 [.NET ThreadPool Worker] INFO  LogInfo - GetMailboxesWithoutSubscriptions: selected 0 mailboxes
2023-11-28 12:32:50,202 [.NET ThreadPool Worker] DEBUG  LogDebug - GetMailboxesWithoutSubscriptions method ended
2023-11-28 12:32:50,202 [.NET ThreadPool Worker] INFO  LogInfo - [ListenerServiceFailJob] 0 accounts received for enabling synchronization.
2023-11-28 12:32:50,202 [.NET ThreadPool Worker] DEBUG  LogDebug - StartFailoverHandlers started
2023-11-28 12:32:50,202 [.NET ThreadPool Worker] DEBUG  LogDebug - All jobs from ExchangeListenerHandler job group deleted.
2023-11-28 12:32:50,202 [.NET ThreadPool Worker] DEBUG  LogDebug - StartFailoverHandlers ended
2023-11-28 12:32:50,202 [.NET ThreadPool Worker] INFO  LogInfo - [ListenerServiceFailJob] Synchronization of 0 accounts is enabled.
2023-11-28 12:32:50,213 [.NET ThreadPool Worker] DEBUG  LogDebug - GetAllSynchronizableMailboxes ended
2023-11-28 12:32:50,213 [.NET ThreadPool Worker] INFO  LogInfo - [ListenerServiceFailJob] ended.
2023-11-28 12:33:50,186 [.NET ThreadPool Worker] INFO  LogInfo - [ListenerServiceFailJob] started.
2023-11-28 12:33:50,191 [.NET ThreadPool Worker] DEBUG  LogDebug - [ListenerServiceFailJob] dependencies initiated.
2023-11-28 12:33:50,191 [.NET ThreadPool Worker] DEBUG  LogDebug - GetMailboxesWithoutSubscriptions method started
2023-11-28 12:33:50,213 [.NET ThreadPool Worker] DEBUG  LogDebug - GetAllSynchronizableMailboxes ended
2023-11-28 12:33:50,213 [.NET ThreadPool Worker] INFO  LogInfo - GetMailboxesWithoutSubscriptions: selected 0 mailboxes
2023-11-28 12:33:50,213 [.NET ThreadPool Worker] DEBUG  LogDebug - GetMailboxesWithoutSubscriptions method ended
2023-11-28 12:33:50,213 [.NET ThreadPool Worker] INFO  LogInfo - [ListenerServiceFailJob] 0 accounts received for enabling synchronization.
2023-11-28 12:33:50,213 [.NET ThreadPool Worker] DEBUG  LogDebug - StartFailoverHandlers started
2023-11-28 12:33:50,213 [.NET ThreadPool Worker] DEBUG  LogDebug - All jobs from ExchangeListenerHandler job group deleted.
2023-11-28 12:33:50,213 [.NET ThreadPool Worker] DEBUG  LogDebug - StartFailoverHandlers ended
2023-11-28 12:33:50,213 [.NET ThreadPool Worker] INFO  LogInfo - [ListenerServiceFailJob] Synchronization of 0 accounts is enabled.
2023-11-28 12:33:50,227 [.NET ThreadPool Worker] DEBUG  LogDebug - GetAllSynchronizableMailboxes ended
2023-11-28 12:33:50,227 [.NET ThreadPool Worker] INFO  LogInfo - [ListenerServiceFailJob] ended.
2023-11-28 12:34:50,185 [.NET ThreadPool Worker] INFO  LogInfo - [ListenerServiceFailJob] started.
2023-11-28 12:34:50,190 [.NET ThreadPool Worker] DEBUG  LogDebug - [ListenerServiceFailJob] dependencies initiated.
2023-11-28 12:34:50,190 [.NET ThreadPool Worker] DEBUG  LogDebug - GetMailboxesWithoutSubscriptions method started
2023-11-28 12:34:50,210 [.NET ThreadPool Worker] DEBUG  LogDebug - GetAllSynchronizableMailboxes ended
2023-11-28 12:34:50,210 [.NET ThreadPool Worker] INFO  LogInfo - GetMailboxesWithoutSubscriptions: selected 0 mailboxes
2023-11-28 12:34:50,210 [.NET ThreadPool Worker] DEBUG  LogDebug - GetMailboxesWithoutSubscriptions method ended
2023-11-28 12:34:50,210 [.NET ThreadPool Worker] INFO  LogInfo - [ListenerServiceFailJob] 0 accounts received for enabling synchronization.
2023-11-28 12:34:50,210 [.NET ThreadPool Worker] DEBUG  LogDebug - StartFailoverHandlers started
2023-11-28 12:34:50,210 [.NET ThreadPool Worker] DEBUG  LogDebug - All jobs from ExchangeListenerHandler job group deleted.
2023-11-28 12:34:50,210 [.NET ThreadPool Worker] DEBUG  LogDebug - StartFailoverHandlers ended
2023-11-28 12:34:50,210 [.NET ThreadPool Worker] INFO  LogInfo - [ListenerServiceFailJob] Synchronization of 0 accounts is enabled.
2023-11-28 12:34:50,223 [.NET ThreadPool Worker] DEBUG  LogDebug - GetAllSynchronizableMailboxes ended
2023-11-28 12:34:50,223 [.NET ThreadPool Worker] INFO  LogInfo - [ListenerServiceFailJob] ended.
2023-11-28 12:35:50,185 [.NET ThreadPool Worker] INFO  LogInfo - [ListenerServiceFailJob] started.
2023-11-28 12:35:50,189 [.NET ThreadPool Worker] DEBUG  LogDebug - [ListenerServiceFailJob] dependencies initiated.
2023-11-28 12:35:50,189 [.NET ThreadPool Worker] DEBUG  LogDebug - GetMailboxesWithoutSubscriptions method started
2023-11-28 12:35:50,214 [.NET ThreadPool Worker] DEBUG  LogDebug - GetAllSynchronizableMailboxes ended
2023-11-28 12:35:50,214 [.NET ThreadPool Worker] INFO  LogInfo - GetMailboxesWithoutSubscriptions: selected 0 mailboxes
2023-11-28 12:35:50,214 [.NET ThreadPool Worker] DEBUG  LogDebug - GetMailboxesWithoutSubscriptions method ended
2023-11-28 12:35:50,214 [.NET ThreadPool Worker] INFO  LogInfo - [ListenerServiceFailJob] 0 accounts received for enabling synchronization.
2023-11-28 12:35:50,214 [.NET ThreadPool Worker] DEBUG  LogDebug - StartFailoverHandlers started
2023-11-28 12:35:50,216 [.NET ThreadPool Worker] DEBUG  LogDebug - All jobs from ExchangeListenerHandler job group deleted.
2023-11-28 12:35:50,216 [.NET ThreadPool Worker] DEBUG  LogDebug - StartFailoverHandlers ended
2023-11-28 12:35:50,216 [.NET ThreadPool Worker] INFO  LogInfo - [ListenerServiceFailJob] Synchronization of 0 accounts is enabled.
2023-11-28 12:35:50,237 [.NET ThreadPool Worker] DEBUG  LogDebug - GetAllSynchronizableMailboxes ended
2023-11-28 12:35:50,237 [.NET ThreadPool Worker] INFO  LogInfo - [ListenerServiceFailJob] ended.
2023-11-28 12:36:50,185 [.NET ThreadPool Worker] INFO  LogInfo - [ListenerServiceFailJob] started.
2023-11-28 12:36:50,189 [.NET ThreadPool Worker] DEBUG  LogDebug - [ListenerServiceFailJob] dependencies initiated.
2023-11-28 12:36:50,189 [.NET ThreadPool Worker] DEBUG  LogDebug - GetMailboxesWithoutSubscriptions method started
2023-11-28 12:36:50,214 [.NET ThreadPool Worker] DEBUG  LogDebug - GetAllSynchronizableMailboxes ended
2023-11-28 12:36:50,214 [.NET ThreadPool Worker] INFO  LogInfo - GetMailboxesWithoutSubscriptions: selected 0 mailboxes
2023-11-28 12:36:50,214 [.NET ThreadPool Worker] DEBUG  LogDebug - GetMailboxesWithoutSubscriptions method ended
2023-11-28 12:36:50,214 [.NET ThreadPool Worker] INFO  LogInfo - [ListenerServiceFailJob] 0 accounts received for enabling synchronization.
2023-11-28 12:36:50,214 [.NET ThreadPool Worker] DEBUG  LogDebug - StartFailoverHandlers started
2023-11-28 12:36:50,214 [.NET ThreadPool Worker] DEBUG  LogDebug - All jobs from ExchangeListenerHandler job group deleted.
2023-11-28 12:36:50,214 [.NET ThreadPool Worker] DEBUG  LogDebug - StartFailoverHandlers ended
2023-11-28 12:36:50,214 [.NET ThreadPool Worker] INFO  LogInfo - [ListenerServiceFailJob] Synchronization of 0 accounts is enabled.
2023-11-28 12:36:50,230 [.NET ThreadPool Worker] DEBUG  LogDebug - GetAllSynchronizableMailboxes ended
2023-11-28 12:36:50,230 [.NET ThreadPool Worker] INFO  LogInfo - [ListenerServiceFailJob] ended.
2023-11-28 12:37:50,185 [.NET ThreadPool Worker] INFO  LogInfo - [ListenerServiceFailJob] started.
2023-11-28 12:37:50,189 [.NET ThreadPool Worker] DEBUG  LogDebug - [ListenerServiceFailJob] dependencies initiated.
2023-11-28 12:37:50,189 [.NET ThreadPool Worker] DEBUG  LogDebug - GetMailboxesWithoutSubscriptions method started
2023-11-28 12:37:50,212 [.NET ThreadPool Worker] DEBUG  LogDebug - GetAllSynchronizableMailboxes ended
2023-11-28 12:37:50,212 [.NET ThreadPool Worker] INFO  LogInfo - GetMailboxesWithoutSubscriptions: selected 0 mailboxes
2023-11-28 12:37:50,212 [.NET ThreadPool Worker] DEBUG  LogDebug - GetMailboxesWithoutSubscriptions method ended
2023-11-28 12:37:50,212 [.NET ThreadPool Worker] INFO  LogInfo - [ListenerServiceFailJob] 0 accounts received for enabling synchronization.
2023-11-28 12:37:50,212 [.NET ThreadPool Worker] DEBUG  LogDebug - StartFailoverHandlers started
2023-11-28 12:37:50,212 [.NET ThreadPool Worker] DEBUG  LogDebug - All jobs from ExchangeListenerHandler job group deleted.
2023-11-28 12:37:50,212 [.NET ThreadPool Worker] DEBUG  LogDebug - StartFailoverHandlers ended
2023-11-28 12:37:50,212 [.NET ThreadPool Worker] INFO  LogInfo - [ListenerServiceFailJob] Synchronization of 0 accounts is enabled.
2023-11-28 12:37:50,227 [.NET ThreadPool Worker] DEBUG  LogDebug - GetAllSynchronizableMailboxes ended
2023-11-28 12:37:50,227 [.NET ThreadPool Worker] INFO  LogInfo - [ListenerServiceFailJob] ended.
2023-11-28 12:38:50,176 [.NET ThreadPool Worker] INFO  LogInfo - [ListenerServiceFailJob] started.
2023-11-28 12:38:50,177 [.NET ThreadPool Worker] DEBUG  LogDebug - [ListenerServiceFailJob] dependencies initiated.
2023-11-28 12:38:50,177 [.NET ThreadPool Worker] DEBUG  LogDebug - GetMailboxesWithoutSubscriptions method started
2023-11-28 12:38:50,182 [.NET ThreadPool Worker] DEBUG  LogDebug - GetAllSynchronizableMailboxes ended
2023-11-28 12:38:50,182 [.NET ThreadPool Worker] INFO  LogInfo - GetMailboxesWithoutSubscriptions: selected 0 mailboxes
2023-11-28 12:38:50,182 [.NET ThreadPool Worker] DEBUG  LogDebug - GetMailboxesWithoutSubscriptions method ended
2023-11-28 12:38:50,182 [.NET ThreadPool Worker] INFO  LogInfo - [ListenerServiceFailJob] 0 accounts received for enabling synchronization.
2023-11-28 12:38:50,182 [.NET ThreadPool Worker] DEBUG  LogDebug - StartFailoverHandlers started
2023-11-28 12:38:50,182 [.NET ThreadPool Worker] DEBUG  LogDebug - All jobs from ExchangeListenerHandler job group deleted.
2023-11-28 12:38:50,182 [.NET ThreadPool Worker] DEBUG  LogDebug - StartFailoverHandlers ended
2023-11-28 12:38:50,182 [.NET ThreadPool Worker] INFO  LogInfo - [ListenerServiceFailJob] Synchronization of 0 accounts is enabled.
2023-11-28 12:38:50,189 [.NET ThreadPool Worker] DEBUG  LogDebug - GetAllSynchronizableMailboxes ended
2023-11-28 12:38:50,189 [.NET ThreadPool Worker] INFO  LogInfo - [ListenerServiceFailJob] ended.
2023-11-28 12:39:50,185 [.NET ThreadPool Worker] INFO  LogInfo - [ListenerServiceFailJob] started.
2023-11-28 12:39:50,189 [.NET ThreadPool Worker] DEBUG  LogDebug - [ListenerServiceFailJob] dependencies initiated.
2023-11-28 12:39:50,189 [.NET ThreadPool Worker] DEBUG  LogDebug - GetMailboxesWithoutSubscriptions method started
2023-11-28 12:39:50,210 [.NET ThreadPool Worker] DEBUG  LogDebug - GetAllSynchronizableMailboxes ended
2023-11-28 12:39:50,210 [.NET ThreadPool Worker] INFO  LogInfo - GetMailboxesWithoutSubscriptions: selected 0 mailboxes
2023-11-28 12:39:50,210 [.NET ThreadPool Worker] DEBUG  LogDebug - GetMailboxesWithoutSubscriptions method ended
2023-11-28 12:39:50,210 [.NET ThreadPool Worker] INFO  LogInfo - [ListenerServiceFailJob] 0 accounts received for enabling synchronization.
2023-11-28 12:39:50,210 [.NET ThreadPool Worker] DEBUG  LogDebug - StartFailoverHandlers started
2023-11-28 12:39:50,210 [.NET ThreadPool Worker] DEBUG  LogDebug - All jobs from ExchangeListenerHandler job group deleted.
2023-11-28 12:39:50,210 [.NET ThreadPool Worker] DEBUG  LogDebug - StartFailoverHandlers ended
2023-11-28 12:39:50,210 [.NET ThreadPool Worker] INFO  LogInfo - [ListenerServiceFailJob] Synchronization of 0 accounts is enabled.
2023-11-28 12:39:50,223 [.NET ThreadPool Worker] DEBUG  LogDebug - GetAllSynchronizableMailboxes ended
2023-11-28 12:39:50,223 [.NET ThreadPool Worker] INFO  LogInfo - [ListenerServiceFailJob] ended.
2023-11-28 12:40:50,189 [.NET ThreadPool Worker] INFO  LogInfo - [ListenerServiceFailJob] started.
2023-11-28 12:40:50,193 [.NET ThreadPool Worker] DEBUG  LogDebug - [ListenerServiceFailJob] dependencies initiated.
2023-11-28 12:40:50,193 [.NET ThreadPool Worker] DEBUG  LogDebug - GetMailboxesWithoutSubscriptions method started
2023-11-28 12:40:50,218 [.NET ThreadPool Worker] DEBUG  LogDebug - GetAllSynchronizableMailboxes ended
2023-11-28 12:40:50,218 [.NET ThreadPool Worker] INFO  LogInfo - GetMailboxesWithoutSubscriptions: selected 0 mailboxes
2023-11-28 12:40:50,218 [.NET ThreadPool Worker] DEBUG  LogDebug - GetMailboxesWithoutSubscriptions method ended
2023-11-28 12:40:50,218 [.NET ThreadPool Worker] INFO  LogInfo - [ListenerServiceFailJob] 0 accounts received for enabling synchronization.
2023-11-28 12:40:50,218 [.NET ThreadPool Worker] DEBUG  LogDebug - StartFailoverHandlers started
2023-11-28 12:40:50,220 [.NET ThreadPool Worker] DEBUG  LogDebug - All jobs from ExchangeListenerHandler job group deleted.
2023-11-28 12:40:50,220 [.NET ThreadPool Worker] DEBUG  LogDebug - StartFailoverHandlers ended
2023-11-28 12:40:50,220 [.NET ThreadPool Worker] INFO  LogInfo - [ListenerServiceFailJob] Synchronization of 0 accounts is enabled.
2023-11-28 12:40:50,239 [.NET ThreadPool Worker] DEBUG  LogDebug - GetAllSynchronizableMailboxes ended
2023-11-28 12:40:50,239 [.NET ThreadPool Worker] INFO  LogInfo - [ListenerServiceFailJob] ended.
2023-11-28 12:41:50,185 [.NET ThreadPool Worker] INFO  LogInfo - [ListenerServiceFailJob] started.
2023-11-28 12:41:50,189 [.NET ThreadPool Worker] DEBUG  LogDebug - [ListenerServiceFailJob] dependencies initiated.
2023-11-28 12:41:50,189 [.NET ThreadPool Worker] DEBUG  LogDebug - GetMailboxesWithoutSubscriptions method started
2023-11-28 12:41:50,214 [.NET ThreadPool Worker] DEBUG  LogDebug - GetAllSynchronizableMailboxes ended
2023-11-28 12:41:50,214 [.NET ThreadPool Worker] INFO  LogInfo - GetMailboxesWithoutSubscriptions: selected 0 mailboxes
2023-11-28 12:41:50,214 [.NET ThreadPool Worker] DEBUG  LogDebug - GetMailboxesWithoutSubscriptions method ended
2023-11-28 12:41:50,214 [.NET ThreadPool Worker] INFO  LogInfo - [ListenerServiceFailJob] 0 accounts received for enabling synchronization.
2023-11-28 12:41:50,214 [.NET ThreadPool Worker] DEBUG  LogDebug - StartFailoverHandlers started
2023-11-28 12:41:50,214 [.NET ThreadPool Worker] DEBUG  LogDebug - All jobs from ExchangeListenerHandler job group deleted.
2023-11-28 12:41:50,214 [.NET ThreadPool Worker] DEBUG  LogDebug - StartFailoverHandlers ended
2023-11-28 12:41:50,214 [.NET ThreadPool Worker] INFO  LogInfo - [ListenerServiceFailJob] Synchronization of 0 accounts is enabled.
2023-11-28 12:41:50,230 [.NET ThreadPool Worker] DEBUG  LogDebug - GetAllSynchronizableMailboxes ended
2023-11-28 12:41:50,230 [.NET ThreadPool Worker] INFO  LogInfo - [ListenerServiceFailJob] ended.
2023-11-28 12:42:50,185 [.NET ThreadPool Worker] INFO  LogInfo - [ListenerServiceFailJob] started.
2023-11-28 12:42:50,190 [.NET ThreadPool Worker] DEBUG  LogDebug - [ListenerServiceFailJob] dependencies initiated.
2023-11-28 12:42:50,190 [.NET ThreadPool Worker] DEBUG  LogDebug - GetMailboxesWithoutSubscriptions method started
2023-11-28 12:42:50,214 [.NET ThreadPool Worker] DEBUG  LogDebug - GetAllSynchronizableMailboxes ended
2023-11-28 12:42:50,214 [.NET ThreadPool Worker] INFO  LogInfo - GetMailboxesWithoutSubscriptions: selected 0 mailboxes
2023-11-28 12:42:50,214 [.NET ThreadPool Worker] DEBUG  LogDebug - GetMailboxesWithoutSubscriptions method ended
2023-11-28 12:42:50,214 [.NET ThreadPool Worker] INFO  LogInfo - [ListenerServiceFailJob] 0 accounts received for enabling synchronization.
2023-11-28 12:42:50,214 [.NET ThreadPool Worker] DEBUG  LogDebug - StartFailoverHandlers started
2023-11-28 12:42:50,217 [.NET ThreadPool Worker] DEBUG  LogDebug - All jobs from ExchangeListenerHandler job group deleted.
2023-11-28 12:42:50,217 [.NET ThreadPool Worker] DEBUG  LogDebug - StartFailoverHandlers ended
2023-11-28 12:42:50,217 [.NET ThreadPool Worker] INFO  LogInfo - [ListenerServiceFailJob] Synchronization of 0 accounts is enabled.
2023-11-28 12:42:50,232 [.NET ThreadPool Worker] DEBUG  LogDebug - GetAllSynchronizableMailboxes ended
2023-11-28 12:42:50,232 [.NET ThreadPool Worker] INFO  LogInfo - [ListenerServiceFailJob] ended.
2023-11-28 12:43:50,185 [.NET ThreadPool Worker] INFO  LogInfo - [ListenerServiceFailJob] started.
2023-11-28 12:43:50,190 [.NET ThreadPool Worker] DEBUG  LogDebug - [ListenerServiceFailJob] dependencies initiated.
2023-11-28 12:43:50,190 [.NET ThreadPool Worker] DEBUG  LogDebug - GetMailboxesWithoutSubscriptions method started
2023-11-28 12:43:50,214 [.NET ThreadPool Worker] DEBUG  LogDebug - GetAllSynchronizableMailboxes ended
2023-11-28 12:43:50,214 [.NET ThreadPool Worker] INFO  LogInfo - GetMailboxesWithoutSubscriptions: selected 0 mailboxes
2023-11-28 12:43:50,214 [.NET ThreadPool Worker] DEBUG  LogDebug - GetMailboxesWithoutSubscriptions method ended
2023-11-28 12:43:50,214 [.NET ThreadPool Worker] INFO  LogInfo - [ListenerServiceFailJob] 0 accounts received for enabling synchronization.
2023-11-28 12:43:50,214 [.NET ThreadPool Worker] DEBUG  LogDebug - StartFailoverHandlers started
2023-11-28 12:43:50,217 [.NET ThreadPool Worker] DEBUG  LogDebug - All jobs from ExchangeListenerHandler job group deleted.
2023-11-28 12:43:50,217 [.NET ThreadPool Worker] DEBUG  LogDebug - StartFailoverHandlers ended
2023-11-28 12:43:50,217 [.NET ThreadPool Worker] INFO  LogInfo - [ListenerServiceFailJob] Synchronization of 0 accounts is enabled.
2023-11-28 12:43:50,232 [.NET ThreadPool Worker] DEBUG  LogDebug - GetAllSynchronizableMailboxes ended
2023-11-28 12:43:50,232 [.NET ThreadPool Worker] INFO  LogInfo - [ListenerServiceFailJob] ended.
2023-11-28 12:44:50,185 [.NET ThreadPool Worker] INFO  LogInfo - [ListenerServiceFailJob] started.
2023-11-28 12:44:50,190 [.NET ThreadPool Worker] DEBUG  LogDebug - [ListenerServiceFailJob] dependencies initiated.
2023-11-28 12:44:50,190 [.NET ThreadPool Worker] DEBUG  LogDebug - GetMailboxesWithoutSubscriptions method started
2023-11-28 12:44:50,213 [.NET ThreadPool Worker] DEBUG  LogDebug - GetAllSynchronizableMailboxes ended
2023-11-28 12:44:50,213 [.NET ThreadPool Worker] INFO  LogInfo - GetMailboxesWithoutSubscriptions: selected 0 mailboxes
2023-11-28 12:44:50,213 [.NET ThreadPool Worker] DEBUG  LogDebug - GetMailboxesWithoutSubscriptions method ended
2023-11-28 12:44:50,213 [.NET ThreadPool Worker] INFO  LogInfo - [ListenerServiceFailJob] 0 accounts received for enabling synchronization.
2023-11-28 12:44:50,213 [.NET ThreadPool Worker] DEBUG  LogDebug - StartFailoverHandlers started
2023-11-28 12:44:50,213 [.NET ThreadPool Worker] DEBUG  LogDebug - All jobs from ExchangeListenerHandler job group deleted.
2023-11-28 12:44:50,217 [.NET ThreadPool Worker] DEBUG  LogDebug - StartFailoverHandlers ended
2023-11-28 12:44:50,217 [.NET ThreadPool Worker] INFO  LogInfo - [ListenerServiceFailJob] Synchronization of 0 accounts is enabled.
2023-11-28 12:44:50,233 [.NET ThreadPool Worker] DEBUG  LogDebug - GetAllSynchronizableMailboxes ended
2023-11-28 12:44:50,233 [.NET ThreadPool Worker] INFO  LogInfo - [ListenerServiceFailJob] ended.
2023-11-28 12:45:50,185 [.NET ThreadPool Worker] INFO  LogInfo - [ListenerServiceFailJob] started.
2023-11-28 12:45:50,189 [.NET ThreadPool Worker] DEBUG  LogDebug - [ListenerServiceFailJob] dependencies initiated.
2023-11-28 12:45:50,189 [.NET ThreadPool Worker] DEBUG  LogDebug - GetMailboxesWithoutSubscriptions method started
2023-11-28 12:45:50,212 [.NET ThreadPool Worker] DEBUG  LogDebug - GetAllSynchronizableMailboxes ended
2023-11-28 12:45:50,213 [.NET ThreadPool Worker] INFO  LogInfo - GetMailboxesWithoutSubscriptions: selected 0 mailboxes
2023-11-28 12:45:50,213 [.NET ThreadPool Worker] DEBUG  LogDebug - GetMailboxesWithoutSubscriptions method ended
2023-11-28 12:45:50,213 [.NET ThreadPool Worker] INFO  LogInfo - [ListenerServiceFailJob] 0 accounts received for enabling synchronization.
2023-11-28 12:45:50,213 [.NET ThreadPool Worker] DEBUG  LogDebug - StartFailoverHandlers started
2023-11-28 12:45:50,213 [.NET ThreadPool Worker] DEBUG  LogDebug - All jobs from ExchangeListenerHandler job group deleted.
2023-11-28 12:45:50,213 [.NET ThreadPool Worker] DEBUG  LogDebug - StartFailoverHandlers ended
2023-11-28 12:45:50,213 [.NET ThreadPool Worker] INFO  LogInfo - [ListenerServiceFailJob] Synchronization of 0 accounts is enabled.
2023-11-28 12:45:50,227 [.NET ThreadPool Worker] DEBUG  LogDebug - GetAllSynchronizableMailboxes ended
2023-11-28 12:45:50,227 [.NET ThreadPool Worker] INFO  LogInfo - [ListenerServiceFailJob] ended.
2023-11-28 12:46:50,185 [.NET ThreadPool Worker] INFO  LogInfo - [ListenerServiceFailJob] started.
2023-11-28 12:46:50,190 [.NET ThreadPool Worker] DEBUG  LogDebug - [ListenerServiceFailJob] dependencies initiated.
2023-11-28 12:46:50,190 [.NET ThreadPool Worker] DEBUG  LogDebug - GetMailboxesWithoutSubscriptions method started
2023-11-28 12:46:50,212 [.NET ThreadPool Worker] DEBUG  LogDebug - GetAllSynchronizableMailboxes ended
2023-11-28 12:46:50,212 [.NET ThreadPool Worker] INFO  LogInfo - GetMailboxesWithoutSubscriptions: selected 0 mailboxes
2023-11-28 12:46:50,212 [.NET ThreadPool Worker] DEBUG  LogDebug - GetMailboxesWithoutSubscriptions method ended
2023-11-28 12:46:50,212 [.NET ThreadPool Worker] INFO  LogInfo - [ListenerServiceFailJob] 0 accounts received for enabling synchronization.
2023-11-28 12:46:50,212 [.NET ThreadPool Worker] DEBUG  LogDebug - StartFailoverHandlers started
2023-11-28 12:46:50,212 [.NET ThreadPool Worker] DEBUG  LogDebug - All jobs from ExchangeListenerHandler job group deleted.
2023-11-28 12:46:50,212 [.NET ThreadPool Worker] DEBUG  LogDebug - StartFailoverHandlers ended
2023-11-28 12:46:50,212 [.NET ThreadPool Worker] INFO  LogInfo - [ListenerServiceFailJob] Synchronization of 0 accounts is enabled.
2023-11-28 12:46:50,227 [.NET ThreadPool Worker] DEBUG  LogDebug - GetAllSynchronizableMailboxes ended
2023-11-28 12:46:50,227 [.NET ThreadPool Worker] INFO  LogInfo - [ListenerServiceFailJob] ended.
2023-11-28 12:47:50,185 [.NET ThreadPool Worker] INFO  LogInfo - [ListenerServiceFailJob] started.
2023-11-28 12:47:50,190 [.NET ThreadPool Worker] DEBUG  LogDebug - [ListenerServiceFailJob] dependencies initiated.
2023-11-28 12:47:50,190 [.NET ThreadPool Worker] DEBUG  LogDebug - GetMailboxesWithoutSubscriptions method started
2023-11-28 12:47:50,213 [.NET ThreadPool Worker] DEBUG  LogDebug - GetAllSynchronizableMailboxes ended
2023-11-28 12:47:50,213 [.NET ThreadPool Worker] INFO  LogInfo - GetMailboxesWithoutSubscriptions: selected 0 mailboxes
2023-11-28 12:47:50,213 [.NET ThreadPool Worker] DEBUG  LogDebug - GetMailboxesWithoutSubscriptions method ended
2023-11-28 12:47:50,213 [.NET ThreadPool Worker] INFO  LogInfo - [ListenerServiceFailJob] 0 accounts received for enabling synchronization.
2023-11-28 12:47:50,213 [.NET ThreadPool Worker] DEBUG  LogDebug - StartFailoverHandlers started
2023-11-28 12:47:50,213 [.NET ThreadPool Worker] DEBUG  LogDebug - All jobs from ExchangeListenerHandler job group deleted.
2023-11-28 12:47:50,213 [.NET ThreadPool Worker] DEBUG  LogDebug - StartFailoverHandlers ended
2023-11-28 12:47:50,213 [.NET ThreadPool Worker] INFO  LogInfo - [ListenerServiceFailJob] Synchronization of 0 accounts is enabled.
2023-11-28 12:47:50,227 [.NET ThreadPool Worker] DEBUG  LogDebug - GetAllSynchronizableMailboxes ended
2023-11-28 12:47:50,227 [.NET ThreadPool Worker] INFO  LogInfo - [ListenerServiceFailJob] ended.
2023-11-28 12:48:50,184 [.NET ThreadPool Worker] INFO  LogInfo - [ListenerServiceFailJob] started.
2023-11-28 12:48:50,188 [.NET ThreadPool Worker] DEBUG  LogDebug - [ListenerServiceFailJob] dependencies initiated.
2023-11-28 12:48:50,188 [.NET ThreadPool Worker] DEBUG  LogDebug - GetMailboxesWithoutSubscriptions method started
2023-11-28 12:48:50,210 [.NET ThreadPool Worker] DEBUG  LogDebug - GetAllSynchronizableMailboxes ended
2023-11-28 12:48:50,210 [.NET ThreadPool Worker] INFO  LogInfo - GetMailboxesWithoutSubscriptions: selected 0 mailboxes
2023-11-28 12:48:50,210 [.NET ThreadPool Worker] DEBUG  LogDebug - GetMailboxesWithoutSubscriptions method ended
2023-11-28 12:48:50,210 [.NET ThreadPool Worker] INFO  LogInfo - [ListenerServiceFailJob] 0 accounts received for enabling synchronization.
2023-11-28 12:48:50,210 [.NET ThreadPool Worker] DEBUG  LogDebug - StartFailoverHandlers started
2023-11-28 12:48:50,210 [.NET ThreadPool Worker] DEBUG  LogDebug - All jobs from ExchangeListenerHandler job group deleted.
2023-11-28 12:48:50,210 [.NET ThreadPool Worker] DEBUG  LogDebug - StartFailoverHandlers ended
2023-11-28 12:48:50,210 [.NET ThreadPool Worker] INFO  LogInfo - [ListenerServiceFailJob] Synchronization of 0 accounts is enabled.
2023-11-28 12:48:50,224 [.NET ThreadPool Worker] DEBUG  LogDebug - GetAllSynchronizableMailboxes ended
2023-11-28 12:48:50,224 [.NET ThreadPool Worker] INFO  LogInfo - [ListenerServiceFailJob] ended.
2023-11-28 12:49:50,185 [.NET ThreadPool Worker] INFO  LogInfo - [ListenerServiceFailJob] started.
2023-11-28 12:49:50,192 [.NET ThreadPool Worker] DEBUG  LogDebug - [ListenerServiceFailJob] dependencies initiated.
2023-11-28 12:49:50,192 [.NET ThreadPool Worker] DEBUG  LogDebug - GetMailboxesWithoutSubscriptions method started
2023-11-28 12:49:50,217 [.NET ThreadPool Worker] DEBUG  LogDebug - GetAllSynchronizableMailboxes ended
2023-11-28 12:49:50,217 [.NET ThreadPool Worker] INFO  LogInfo - GetMailboxesWithoutSubscriptions: selected 0 mailboxes
2023-11-28 12:49:50,217 [.NET ThreadPool Worker] DEBUG  LogDebug - GetMailboxesWithoutSubscriptions method ended
2023-11-28 12:49:50,217 [.NET ThreadPool Worker] INFO  LogInfo - [ListenerServiceFailJob] 0 accounts received for enabling synchronization.
2023-11-28 12:49:50,217 [.NET ThreadPool Worker] DEBUG  LogDebug - StartFailoverHandlers started
2023-11-28 12:49:50,217 [.NET ThreadPool Worker] DEBUG  LogDebug - All jobs from ExchangeListenerHandler job group deleted.
2023-11-28 12:49:50,217 [.NET ThreadPool Worker] DEBUG  LogDebug - StartFailoverHandlers ended
2023-11-28 12:49:50,217 [.NET ThreadPool Worker] INFO  LogInfo - [ListenerServiceFailJob] Synchronization of 0 accounts is enabled.
2023-11-28 12:49:50,245 [.NET ThreadPool Worker] DEBUG  LogDebug - GetAllSynchronizableMailboxes ended
2023-11-28 12:49:50,245 [.NET ThreadPool Worker] INFO  LogInfo - [ListenerServiceFailJob] ended.
