2023-12-21 11:41:06,972 [.NET ThreadPool Worker] ERROR  MatomoConnector Synchronize - MatomoConnector.MatomoDataSyncManager.Synchronize. Exception. 
MatomoConnector.API.AuthException: Unable to send request because URL or API_KEY is incorrect.
   at MatomoConnector.API.BaseModule.SendRequest[T](String method, ParametersCollection parameters, Int32 offset)
   at MatomoConnector.API.SitesManagerModule.GetAllSites()
   at MatomoConnector.API.MatomoService.GetAllSites()
   at Terrasoft.Configuration.MatomoServiceFacade.GetSiteIds(IEnumerable`1 urls)
   at Terrasoft.Configuration.MatomoDataSyncManager.GetSiteIds(List`1 visitors)
   at Terrasoft.Configuration.MatomoDataSyncManager.Synchronize()
2023-12-21 11:41:06,989 [.NET ThreadPool Worker] ERROR  TouchPoints FireOnMessageDequeuedEvent - Message processing error. Message: {"$type":"Terrasoft.Configuration.MatomoSyncDataMessage, CrtMatomoConnector","Type":2,"RequiresDeduplication":true}.
MatomoConnector.API.AuthException: Unable to send request because URL or API_KEY is incorrect.
   at MatomoConnector.API.BaseModule.SendRequest[T](String method, ParametersCollection parameters, Int32 offset)
   at MatomoConnector.API.SitesManagerModule.GetAllSites()
   at MatomoConnector.API.MatomoService.GetAllSites()
   at Terrasoft.Configuration.MatomoServiceFacade.GetSiteIds(IEnumerable`1 urls)
   at Terrasoft.Configuration.MatomoDataSyncManager.GetSiteIds(List`1 visitors)
   at Terrasoft.Configuration.MatomoDataSyncManager.Synchronize()
   at Terrasoft.Configuration.MatomoTouchQueueMessageProcessor.<InitStrategy>b__9_2(TouchQueueMessage baseMessage)
   at Terrasoft.Configuration.BaseTouchQueueMessageProcessor.ProcessMessage(BaseTaskQueueMessage message)
   at Terrasoft.Configuration.BaseQueueMessageProcessor.Process(BaseTaskQueueMessage message)
   at Terrasoft.Configuration.TouchQueueMessageProcessor.InternalProcess(TouchQueueMessage message)
   at Terrasoft.Configuration.TouchQueueMessageProcessor.Process(TouchQueueMessage message)
   at Terrasoft.Configuration.TouchQueueJobDispatcher.OnMessageDequeued(Object sender, TouchQueueMessage message)
   at Terrasoft.Configuration.BaseTaskQueueManager`1.FireOnMessageDequeuedEvent(T message)
   at Terrasoft.Configuration.TouchQueueManager.FireOnMessageDequeuedEvent(TouchQueueMessage message)
2023-12-21 11:41:06,989 [.NET ThreadPool Worker] ERROR  TouchPoints Execute - TouchQueueJobDispatcher failed to execute job.
MatomoConnector.API.AuthException: Unable to send request because URL or API_KEY is incorrect.
   at MatomoConnector.API.BaseModule.SendRequest[T](String method, ParametersCollection parameters, Int32 offset)
   at MatomoConnector.API.SitesManagerModule.GetAllSites()
   at MatomoConnector.API.MatomoService.GetAllSites()
   at Terrasoft.Configuration.MatomoServiceFacade.GetSiteIds(IEnumerable`1 urls)
   at Terrasoft.Configuration.MatomoDataSyncManager.GetSiteIds(List`1 visitors)
   at Terrasoft.Configuration.MatomoDataSyncManager.Synchronize()
   at Terrasoft.Configuration.MatomoTouchQueueMessageProcessor.<InitStrategy>b__9_2(TouchQueueMessage baseMessage)
   at Terrasoft.Configuration.BaseTouchQueueMessageProcessor.ProcessMessage(BaseTaskQueueMessage message)
   at Terrasoft.Configuration.BaseQueueMessageProcessor.Process(BaseTaskQueueMessage message)
   at Terrasoft.Configuration.TouchQueueMessageProcessor.InternalProcess(TouchQueueMessage message)
   at Terrasoft.Configuration.TouchQueueMessageProcessor.Process(TouchQueueMessage message)
   at Terrasoft.Configuration.TouchQueueJobDispatcher.OnMessageDequeued(Object sender, TouchQueueMessage message)
   at Terrasoft.Configuration.BaseTaskQueueManager`1.FireOnMessageDequeuedEvent(T message)
   at Terrasoft.Configuration.TouchQueueManager.FireOnMessageDequeuedEvent(TouchQueueMessage message)
   at Terrasoft.Configuration.BaseTaskQueueManager`1.InternalDequeue(IEnumerable`1 messageTypes)
   at Terrasoft.Configuration.BaseTaskQueueManager`1.Dequeue()
   at Terrasoft.Configuration.TouchQueueJobDispatcher.InternalExecute()
   at Terrasoft.Configuration.BaseQueueJobDispatcher.Execute(UserConnection userConnection, IDictionary`2 parameters)
2023-12-21 11:42:06,910 [.NET ThreadPool Worker] ERROR  MatomoConnector Synchronize - MatomoConnector.MatomoDataSyncManager.Synchronize. Exception. 
MatomoConnector.API.AuthException: Unable to send request because URL or API_KEY is incorrect.
   at MatomoConnector.API.BaseModule.SendRequest[T](String method, ParametersCollection parameters, Int32 offset)
   at MatomoConnector.API.SitesManagerModule.GetAllSites()
   at MatomoConnector.API.MatomoService.GetAllSites()
   at Terrasoft.Configuration.MatomoServiceFacade.GetSiteIds(IEnumerable`1 urls)
   at Terrasoft.Configuration.MatomoDataSyncManager.GetSiteIds(List`1 visitors)
   at Terrasoft.Configuration.MatomoDataSyncManager.Synchronize()
2023-12-21 11:42:06,912 [.NET ThreadPool Worker] ERROR  TouchPoints FireOnMessageDequeuedEvent - Message processing error. Message: {"$type":"Terrasoft.Configuration.MatomoSyncDataMessage, CrtMatomoConnector","Type":2,"RequiresDeduplication":true}.
MatomoConnector.API.AuthException: Unable to send request because URL or API_KEY is incorrect.
   at MatomoConnector.API.BaseModule.SendRequest[T](String method, ParametersCollection parameters, Int32 offset)
   at MatomoConnector.API.SitesManagerModule.GetAllSites()
   at MatomoConnector.API.MatomoService.GetAllSites()
   at Terrasoft.Configuration.MatomoServiceFacade.GetSiteIds(IEnumerable`1 urls)
   at Terrasoft.Configuration.MatomoDataSyncManager.GetSiteIds(List`1 visitors)
   at Terrasoft.Configuration.MatomoDataSyncManager.Synchronize()
   at Terrasoft.Configuration.MatomoTouchQueueMessageProcessor.<InitStrategy>b__9_2(TouchQueueMessage baseMessage)
   at Terrasoft.Configuration.BaseTouchQueueMessageProcessor.ProcessMessage(BaseTaskQueueMessage message)
   at Terrasoft.Configuration.BaseQueueMessageProcessor.Process(BaseTaskQueueMessage message)
   at Terrasoft.Configuration.TouchQueueMessageProcessor.InternalProcess(TouchQueueMessage message)
   at Terrasoft.Configuration.TouchQueueMessageProcessor.Process(TouchQueueMessage message)
   at Terrasoft.Configuration.TouchQueueJobDispatcher.OnMessageDequeued(Object sender, TouchQueueMessage message)
   at Terrasoft.Configuration.BaseTaskQueueManager`1.FireOnMessageDequeuedEvent(T message)
   at Terrasoft.Configuration.TouchQueueManager.FireOnMessageDequeuedEvent(TouchQueueMessage message)
2023-12-21 11:42:06,912 [.NET ThreadPool Worker] ERROR  TouchPoints Execute - TouchQueueJobDispatcher failed to execute job.
MatomoConnector.API.AuthException: Unable to send request because URL or API_KEY is incorrect.
   at MatomoConnector.API.BaseModule.SendRequest[T](String method, ParametersCollection parameters, Int32 offset)
   at MatomoConnector.API.SitesManagerModule.GetAllSites()
   at MatomoConnector.API.MatomoService.GetAllSites()
   at Terrasoft.Configuration.MatomoServiceFacade.GetSiteIds(IEnumerable`1 urls)
   at Terrasoft.Configuration.MatomoDataSyncManager.GetSiteIds(List`1 visitors)
   at Terrasoft.Configuration.MatomoDataSyncManager.Synchronize()
   at Terrasoft.Configuration.MatomoTouchQueueMessageProcessor.<InitStrategy>b__9_2(TouchQueueMessage baseMessage)
   at Terrasoft.Configuration.BaseTouchQueueMessageProcessor.ProcessMessage(BaseTaskQueueMessage message)
   at Terrasoft.Configuration.BaseQueueMessageProcessor.Process(BaseTaskQueueMessage message)
   at Terrasoft.Configuration.TouchQueueMessageProcessor.InternalProcess(TouchQueueMessage message)
   at Terrasoft.Configuration.TouchQueueMessageProcessor.Process(TouchQueueMessage message)
   at Terrasoft.Configuration.TouchQueueJobDispatcher.OnMessageDequeued(Object sender, TouchQueueMessage message)
   at Terrasoft.Configuration.BaseTaskQueueManager`1.FireOnMessageDequeuedEvent(T message)
   at Terrasoft.Configuration.TouchQueueManager.FireOnMessageDequeuedEvent(TouchQueueMessage message)
   at Terrasoft.Configuration.BaseTaskQueueManager`1.InternalDequeue(IEnumerable`1 messageTypes)
   at Terrasoft.Configuration.BaseTaskQueueManager`1.Dequeue()
   at Terrasoft.Configuration.TouchQueueJobDispatcher.InternalExecute()
   at Terrasoft.Configuration.BaseQueueJobDispatcher.Execute(UserConnection userConnection, IDictionary`2 parameters)
2023-12-21 11:43:06,929 [.NET ThreadPool Worker] ERROR  MatomoConnector Synchronize - MatomoConnector.MatomoDataSyncManager.Synchronize. Exception. 
MatomoConnector.API.AuthException: Unable to send request because URL or API_KEY is incorrect.
   at MatomoConnector.API.BaseModule.SendRequest[T](String method, ParametersCollection parameters, Int32 offset)
   at MatomoConnector.API.SitesManagerModule.GetAllSites()
   at MatomoConnector.API.MatomoService.GetAllSites()
   at Terrasoft.Configuration.MatomoServiceFacade.GetSiteIds(IEnumerable`1 urls)
   at Terrasoft.Configuration.MatomoDataSyncManager.GetSiteIds(List`1 visitors)
   at Terrasoft.Configuration.MatomoDataSyncManager.Synchronize()
2023-12-21 11:43:06,933 [.NET ThreadPool Worker] ERROR  TouchPoints FireOnMessageDequeuedEvent - Message processing error. Message: {"$type":"Terrasoft.Configuration.MatomoSyncDataMessage, CrtMatomoConnector","Type":2,"RequiresDeduplication":true}.
MatomoConnector.API.AuthException: Unable to send request because URL or API_KEY is incorrect.
   at MatomoConnector.API.BaseModule.SendRequest[T](String method, ParametersCollection parameters, Int32 offset)
   at MatomoConnector.API.SitesManagerModule.GetAllSites()
   at MatomoConnector.API.MatomoService.GetAllSites()
   at Terrasoft.Configuration.MatomoServiceFacade.GetSiteIds(IEnumerable`1 urls)
   at Terrasoft.Configuration.MatomoDataSyncManager.GetSiteIds(List`1 visitors)
   at Terrasoft.Configuration.MatomoDataSyncManager.Synchronize()
   at Terrasoft.Configuration.MatomoTouchQueueMessageProcessor.<InitStrategy>b__9_2(TouchQueueMessage baseMessage)
   at Terrasoft.Configuration.BaseTouchQueueMessageProcessor.ProcessMessage(BaseTaskQueueMessage message)
   at Terrasoft.Configuration.BaseQueueMessageProcessor.Process(BaseTaskQueueMessage message)
   at Terrasoft.Configuration.TouchQueueMessageProcessor.InternalProcess(TouchQueueMessage message)
   at Terrasoft.Configuration.TouchQueueMessageProcessor.Process(TouchQueueMessage message)
   at Terrasoft.Configuration.TouchQueueJobDispatcher.OnMessageDequeued(Object sender, TouchQueueMessage message)
   at Terrasoft.Configuration.BaseTaskQueueManager`1.FireOnMessageDequeuedEvent(T message)
   at Terrasoft.Configuration.TouchQueueManager.FireOnMessageDequeuedEvent(TouchQueueMessage message)
2023-12-21 11:43:06,935 [.NET ThreadPool Worker] ERROR  TouchPoints Execute - TouchQueueJobDispatcher failed to execute job.
MatomoConnector.API.AuthException: Unable to send request because URL or API_KEY is incorrect.
   at MatomoConnector.API.BaseModule.SendRequest[T](String method, ParametersCollection parameters, Int32 offset)
   at MatomoConnector.API.SitesManagerModule.GetAllSites()
   at MatomoConnector.API.MatomoService.GetAllSites()
   at Terrasoft.Configuration.MatomoServiceFacade.GetSiteIds(IEnumerable`1 urls)
   at Terrasoft.Configuration.MatomoDataSyncManager.GetSiteIds(List`1 visitors)
   at Terrasoft.Configuration.MatomoDataSyncManager.Synchronize()
   at Terrasoft.Configuration.MatomoTouchQueueMessageProcessor.<InitStrategy>b__9_2(TouchQueueMessage baseMessage)
   at Terrasoft.Configuration.BaseTouchQueueMessageProcessor.ProcessMessage(BaseTaskQueueMessage message)
   at Terrasoft.Configuration.BaseQueueMessageProcessor.Process(BaseTaskQueueMessage message)
   at Terrasoft.Configuration.TouchQueueMessageProcessor.InternalProcess(TouchQueueMessage message)
   at Terrasoft.Configuration.TouchQueueMessageProcessor.Process(TouchQueueMessage message)
   at Terrasoft.Configuration.TouchQueueJobDispatcher.OnMessageDequeued(Object sender, TouchQueueMessage message)
   at Terrasoft.Configuration.BaseTaskQueueManager`1.FireOnMessageDequeuedEvent(T message)
   at Terrasoft.Configuration.TouchQueueManager.FireOnMessageDequeuedEvent(TouchQueueMessage message)
   at Terrasoft.Configuration.BaseTaskQueueManager`1.InternalDequeue(IEnumerable`1 messageTypes)
   at Terrasoft.Configuration.BaseTaskQueueManager`1.Dequeue()
   at Terrasoft.Configuration.TouchQueueJobDispatcher.InternalExecute()
   at Terrasoft.Configuration.BaseQueueJobDispatcher.Execute(UserConnection userConnection, IDictionary`2 parameters)
2023-12-21 11:44:06,927 [.NET ThreadPool Worker] ERROR  MatomoConnector Synchronize - MatomoConnector.MatomoDataSyncManager.Synchronize. Exception. 
MatomoConnector.API.AuthException: Unable to send request because URL or API_KEY is incorrect.
   at MatomoConnector.API.BaseModule.SendRequest[T](String method, ParametersCollection parameters, Int32 offset)
   at MatomoConnector.API.SitesManagerModule.GetAllSites()
   at MatomoConnector.API.MatomoService.GetAllSites()
   at Terrasoft.Configuration.MatomoServiceFacade.GetSiteIds(IEnumerable`1 urls)
   at Terrasoft.Configuration.MatomoDataSyncManager.GetSiteIds(List`1 visitors)
   at Terrasoft.Configuration.MatomoDataSyncManager.Synchronize()
2023-12-21 11:44:06,932 [.NET ThreadPool Worker] ERROR  TouchPoints FireOnMessageDequeuedEvent - Message processing error. Message: {"$type":"Terrasoft.Configuration.MatomoSyncDataMessage, CrtMatomoConnector","Type":2,"RequiresDeduplication":true}.
MatomoConnector.API.AuthException: Unable to send request because URL or API_KEY is incorrect.
   at MatomoConnector.API.BaseModule.SendRequest[T](String method, ParametersCollection parameters, Int32 offset)
   at MatomoConnector.API.SitesManagerModule.GetAllSites()
   at MatomoConnector.API.MatomoService.GetAllSites()
   at Terrasoft.Configuration.MatomoServiceFacade.GetSiteIds(IEnumerable`1 urls)
   at Terrasoft.Configuration.MatomoDataSyncManager.GetSiteIds(List`1 visitors)
   at Terrasoft.Configuration.MatomoDataSyncManager.Synchronize()
   at Terrasoft.Configuration.MatomoTouchQueueMessageProcessor.<InitStrategy>b__9_2(TouchQueueMessage baseMessage)
   at Terrasoft.Configuration.BaseTouchQueueMessageProcessor.ProcessMessage(BaseTaskQueueMessage message)
   at Terrasoft.Configuration.BaseQueueMessageProcessor.Process(BaseTaskQueueMessage message)
   at Terrasoft.Configuration.TouchQueueMessageProcessor.InternalProcess(TouchQueueMessage message)
   at Terrasoft.Configuration.TouchQueueMessageProcessor.Process(TouchQueueMessage message)
   at Terrasoft.Configuration.TouchQueueJobDispatcher.OnMessageDequeued(Object sender, TouchQueueMessage message)
   at Terrasoft.Configuration.BaseTaskQueueManager`1.FireOnMessageDequeuedEvent(T message)
   at Terrasoft.Configuration.TouchQueueManager.FireOnMessageDequeuedEvent(TouchQueueMessage message)
2023-12-21 11:44:06,932 [.NET ThreadPool Worker] ERROR  TouchPoints Execute - TouchQueueJobDispatcher failed to execute job.
MatomoConnector.API.AuthException: Unable to send request because URL or API_KEY is incorrect.
   at MatomoConnector.API.BaseModule.SendRequest[T](String method, ParametersCollection parameters, Int32 offset)
   at MatomoConnector.API.SitesManagerModule.GetAllSites()
   at MatomoConnector.API.MatomoService.GetAllSites()
   at Terrasoft.Configuration.MatomoServiceFacade.GetSiteIds(IEnumerable`1 urls)
   at Terrasoft.Configuration.MatomoDataSyncManager.GetSiteIds(List`1 visitors)
   at Terrasoft.Configuration.MatomoDataSyncManager.Synchronize()
   at Terrasoft.Configuration.MatomoTouchQueueMessageProcessor.<InitStrategy>b__9_2(TouchQueueMessage baseMessage)
   at Terrasoft.Configuration.BaseTouchQueueMessageProcessor.ProcessMessage(BaseTaskQueueMessage message)
   at Terrasoft.Configuration.BaseQueueMessageProcessor.Process(BaseTaskQueueMessage message)
   at Terrasoft.Configuration.TouchQueueMessageProcessor.InternalProcess(TouchQueueMessage message)
   at Terrasoft.Configuration.TouchQueueMessageProcessor.Process(TouchQueueMessage message)
   at Terrasoft.Configuration.TouchQueueJobDispatcher.OnMessageDequeued(Object sender, TouchQueueMessage message)
   at Terrasoft.Configuration.BaseTaskQueueManager`1.FireOnMessageDequeuedEvent(T message)
   at Terrasoft.Configuration.TouchQueueManager.FireOnMessageDequeuedEvent(TouchQueueMessage message)
   at Terrasoft.Configuration.BaseTaskQueueManager`1.InternalDequeue(IEnumerable`1 messageTypes)
   at Terrasoft.Configuration.BaseTaskQueueManager`1.Dequeue()
   at Terrasoft.Configuration.TouchQueueJobDispatcher.InternalExecute()
   at Terrasoft.Configuration.BaseQueueJobDispatcher.Execute(UserConnection userConnection, IDictionary`2 parameters)
2023-12-21 11:45:06,940 [.NET ThreadPool Worker] ERROR  MatomoConnector SynchronizeForContactsRequest - MatomoConnector.MatomoDataSyncManager.SynchronizeForContactsRequest. Exception. 
MatomoConnector.API.AuthException: Unable to send request because URL or API_KEY is incorrect.
   at MatomoConnector.API.BaseModule.SendRequest[T](String method, ParametersCollection parameters, Int32 offset)
   at MatomoConnector.API.SitesManagerModule.GetAllSites()
   at MatomoConnector.API.MatomoService.GetAllSites()
   at Terrasoft.Configuration.MatomoServiceFacade.GetSiteIds(IEnumerable`1 urls)
   at Terrasoft.Configuration.MatomoDataSyncManager.GetSiteIds(List`1 visitors)
   at Terrasoft.Configuration.MatomoDataSyncManager.SynchronizeForContactsRequest()
2023-12-21 11:45:06,965 [.NET ThreadPool Worker] ERROR  TouchPoints FireOnMessageDequeuedEvent - Message processing error. Message: {"$type":"Terrasoft.Configuration.MatomoContactsRequestMessage, CrtMatomoConnector","Type":1,"RequiresDeduplication":true}.
MatomoConnector.API.AuthException: Unable to send request because URL or API_KEY is incorrect.
   at MatomoConnector.API.BaseModule.SendRequest[T](String method, ParametersCollection parameters, Int32 offset)
   at MatomoConnector.API.SitesManagerModule.GetAllSites()
   at MatomoConnector.API.MatomoService.GetAllSites()
   at Terrasoft.Configuration.MatomoServiceFacade.GetSiteIds(IEnumerable`1 urls)
   at Terrasoft.Configuration.MatomoDataSyncManager.GetSiteIds(List`1 visitors)
   at Terrasoft.Configuration.MatomoDataSyncManager.SynchronizeForContactsRequest()
   at Terrasoft.Configuration.MatomoTouchQueueMessageProcessor.<InitStrategy>b__9_4(TouchQueueMessage baseMessage)
   at Terrasoft.Configuration.BaseTouchQueueMessageProcessor.ProcessMessage(BaseTaskQueueMessage message)
   at Terrasoft.Configuration.BaseQueueMessageProcessor.Process(BaseTaskQueueMessage message)
   at Terrasoft.Configuration.TouchQueueMessageProcessor.InternalProcess(TouchQueueMessage message)
   at Terrasoft.Configuration.TouchQueueMessageProcessor.Process(TouchQueueMessage message)
   at Terrasoft.Configuration.TouchQueueJobDispatcher.OnMessageDequeued(Object sender, TouchQueueMessage message)
   at Terrasoft.Configuration.BaseTaskQueueManager`1.FireOnMessageDequeuedEvent(T message)
   at Terrasoft.Configuration.TouchQueueManager.FireOnMessageDequeuedEvent(TouchQueueMessage message)
2023-12-21 11:45:06,965 [.NET ThreadPool Worker] ERROR  TouchPoints Execute - TouchQueueJobDispatcher failed to execute job.
MatomoConnector.API.AuthException: Unable to send request because URL or API_KEY is incorrect.
   at MatomoConnector.API.BaseModule.SendRequest[T](String method, ParametersCollection parameters, Int32 offset)
   at MatomoConnector.API.SitesManagerModule.GetAllSites()
   at MatomoConnector.API.MatomoService.GetAllSites()
   at Terrasoft.Configuration.MatomoServiceFacade.GetSiteIds(IEnumerable`1 urls)
   at Terrasoft.Configuration.MatomoDataSyncManager.GetSiteIds(List`1 visitors)
   at Terrasoft.Configuration.MatomoDataSyncManager.SynchronizeForContactsRequest()
   at Terrasoft.Configuration.MatomoTouchQueueMessageProcessor.<InitStrategy>b__9_4(TouchQueueMessage baseMessage)
   at Terrasoft.Configuration.BaseTouchQueueMessageProcessor.ProcessMessage(BaseTaskQueueMessage message)
   at Terrasoft.Configuration.BaseQueueMessageProcessor.Process(BaseTaskQueueMessage message)
   at Terrasoft.Configuration.TouchQueueMessageProcessor.InternalProcess(TouchQueueMessage message)
   at Terrasoft.Configuration.TouchQueueMessageProcessor.Process(TouchQueueMessage message)
   at Terrasoft.Configuration.TouchQueueJobDispatcher.OnMessageDequeued(Object sender, TouchQueueMessage message)
   at Terrasoft.Configuration.BaseTaskQueueManager`1.FireOnMessageDequeuedEvent(T message)
   at Terrasoft.Configuration.TouchQueueManager.FireOnMessageDequeuedEvent(TouchQueueMessage message)
   at Terrasoft.Configuration.BaseTaskQueueManager`1.InternalDequeue(IEnumerable`1 messageTypes)
   at Terrasoft.Configuration.BaseTaskQueueManager`1.Dequeue()
   at Terrasoft.Configuration.TouchQueueJobDispatcher.InternalExecute()
   at Terrasoft.Configuration.BaseQueueJobDispatcher.Execute(UserConnection userConnection, IDictionary`2 parameters)
2023-12-21 11:46:06,924 [.NET ThreadPool Worker] ERROR  MatomoConnector SynchronizeForContactsRequest - MatomoConnector.MatomoDataSyncManager.SynchronizeForContactsRequest. Exception. 
MatomoConnector.API.AuthException: Unable to send request because URL or API_KEY is incorrect.
   at MatomoConnector.API.BaseModule.SendRequest[T](String method, ParametersCollection parameters, Int32 offset)
   at MatomoConnector.API.SitesManagerModule.GetAllSites()
   at MatomoConnector.API.MatomoService.GetAllSites()
   at Terrasoft.Configuration.MatomoServiceFacade.GetSiteIds(IEnumerable`1 urls)
   at Terrasoft.Configuration.MatomoDataSyncManager.GetSiteIds(List`1 visitors)
   at Terrasoft.Configuration.MatomoDataSyncManager.SynchronizeForContactsRequest()
2023-12-21 11:46:06,928 [.NET ThreadPool Worker] ERROR  TouchPoints FireOnMessageDequeuedEvent - Message processing error. Message: {"$type":"Terrasoft.Configuration.MatomoContactsRequestMessage, CrtMatomoConnector","Type":1,"RequiresDeduplication":true}.
MatomoConnector.API.AuthException: Unable to send request because URL or API_KEY is incorrect.
   at MatomoConnector.API.BaseModule.SendRequest[T](String method, ParametersCollection parameters, Int32 offset)
   at MatomoConnector.API.SitesManagerModule.GetAllSites()
   at MatomoConnector.API.MatomoService.GetAllSites()
   at Terrasoft.Configuration.MatomoServiceFacade.GetSiteIds(IEnumerable`1 urls)
   at Terrasoft.Configuration.MatomoDataSyncManager.GetSiteIds(List`1 visitors)
   at Terrasoft.Configuration.MatomoDataSyncManager.SynchronizeForContactsRequest()
   at Terrasoft.Configuration.MatomoTouchQueueMessageProcessor.<InitStrategy>b__9_4(TouchQueueMessage baseMessage)
   at Terrasoft.Configuration.BaseTouchQueueMessageProcessor.ProcessMessage(BaseTaskQueueMessage message)
   at Terrasoft.Configuration.BaseQueueMessageProcessor.Process(BaseTaskQueueMessage message)
   at Terrasoft.Configuration.TouchQueueMessageProcessor.InternalProcess(TouchQueueMessage message)
   at Terrasoft.Configuration.TouchQueueMessageProcessor.Process(TouchQueueMessage message)
   at Terrasoft.Configuration.TouchQueueJobDispatcher.OnMessageDequeued(Object sender, TouchQueueMessage message)
   at Terrasoft.Configuration.BaseTaskQueueManager`1.FireOnMessageDequeuedEvent(T message)
   at Terrasoft.Configuration.TouchQueueManager.FireOnMessageDequeuedEvent(TouchQueueMessage message)
2023-12-21 11:46:06,928 [.NET ThreadPool Worker] ERROR  TouchPoints Execute - TouchQueueJobDispatcher failed to execute job.
MatomoConnector.API.AuthException: Unable to send request because URL or API_KEY is incorrect.
   at MatomoConnector.API.BaseModule.SendRequest[T](String method, ParametersCollection parameters, Int32 offset)
   at MatomoConnector.API.SitesManagerModule.GetAllSites()
   at MatomoConnector.API.MatomoService.GetAllSites()
   at Terrasoft.Configuration.MatomoServiceFacade.GetSiteIds(IEnumerable`1 urls)
   at Terrasoft.Configuration.MatomoDataSyncManager.GetSiteIds(List`1 visitors)
   at Terrasoft.Configuration.MatomoDataSyncManager.SynchronizeForContactsRequest()
   at Terrasoft.Configuration.MatomoTouchQueueMessageProcessor.<InitStrategy>b__9_4(TouchQueueMessage baseMessage)
   at Terrasoft.Configuration.BaseTouchQueueMessageProcessor.ProcessMessage(BaseTaskQueueMessage message)
   at Terrasoft.Configuration.BaseQueueMessageProcessor.Process(BaseTaskQueueMessage message)
   at Terrasoft.Configuration.TouchQueueMessageProcessor.InternalProcess(TouchQueueMessage message)
   at Terrasoft.Configuration.TouchQueueMessageProcessor.Process(TouchQueueMessage message)
   at Terrasoft.Configuration.TouchQueueJobDispatcher.OnMessageDequeued(Object sender, TouchQueueMessage message)
   at Terrasoft.Configuration.BaseTaskQueueManager`1.FireOnMessageDequeuedEvent(T message)
   at Terrasoft.Configuration.TouchQueueManager.FireOnMessageDequeuedEvent(TouchQueueMessage message)
   at Terrasoft.Configuration.BaseTaskQueueManager`1.InternalDequeue(IEnumerable`1 messageTypes)
   at Terrasoft.Configuration.BaseTaskQueueManager`1.Dequeue()
   at Terrasoft.Configuration.TouchQueueJobDispatcher.InternalExecute()
   at Terrasoft.Configuration.BaseQueueJobDispatcher.Execute(UserConnection userConnection, IDictionary`2 parameters)
2023-12-21 11:47:06,928 [.NET ThreadPool Worker] ERROR  MatomoConnector <InitStrategy>b__9_4 - MatomoConnector.MatomoDataSyncManager.SynchronizeForContactsRequest. Exception. 
MatomoConnector.API.AuthException: Unable to send request because URL or API_KEY is incorrect.
   at MatomoConnector.API.BaseModule.SendRequest[T](String method, ParametersCollection parameters, Int32 offset)
   at MatomoConnector.API.SitesManagerModule.GetAllSites()
   at MatomoConnector.API.MatomoService.GetAllSites()
   at Terrasoft.Configuration.MatomoServiceFacade.GetSiteIds(IEnumerable`1 urls)
   at Terrasoft.Configuration.MatomoDataSyncManager.GetSiteIds(List`1 visitors)
   at Terrasoft.Configuration.MatomoDataSyncManager.SynchronizeForContactsRequest()
2023-12-21 11:47:06,934 [.NET ThreadPool Worker] ERROR  TouchPoints InternalDequeue - Message processing error. Message: {"$type":"Terrasoft.Configuration.MatomoContactsRequestMessage, CrtMatomoConnector","Type":1,"RequiresDeduplication":true}.
MatomoConnector.API.AuthException: Unable to send request because URL or API_KEY is incorrect.
   at MatomoConnector.API.BaseModule.SendRequest[T](String method, ParametersCollection parameters, Int32 offset)
   at MatomoConnector.API.SitesManagerModule.GetAllSites()
   at MatomoConnector.API.MatomoService.GetAllSites()
   at Terrasoft.Configuration.MatomoServiceFacade.GetSiteIds(IEnumerable`1 urls)
   at Terrasoft.Configuration.MatomoDataSyncManager.GetSiteIds(List`1 visitors)
   at Terrasoft.Configuration.MatomoDataSyncManager.SynchronizeForContactsRequest()
   at Terrasoft.Configuration.MatomoTouchQueueMessageProcessor.<InitStrategy>b__9_4(TouchQueueMessage baseMessage)
   at Terrasoft.Configuration.BaseTouchQueueMessageProcessor.ProcessMessage(BaseTaskQueueMessage message)
   at Terrasoft.Configuration.BaseQueueMessageProcessor.Process(BaseTaskQueueMessage message)
   at Terrasoft.Configuration.TouchQueueMessageProcessor.InternalProcess(TouchQueueMessage message)
   at Terrasoft.Configuration.TouchQueueMessageProcessor.Process(TouchQueueMessage message)
   at Terrasoft.Configuration.TouchQueueJobDispatcher.OnMessageDequeued(Object sender, TouchQueueMessage message)
   at Terrasoft.Configuration.BaseTaskQueueManager`1.FireOnMessageDequeuedEvent(T message)
   at Terrasoft.Configuration.TouchQueueManager.FireOnMessageDequeuedEvent(TouchQueueMessage message)
2023-12-21 11:47:06,935 [.NET ThreadPool Worker] ERROR  TouchPoints RunJobExecutor - TouchQueueJobDispatcher failed to execute job.
MatomoConnector.API.AuthException: Unable to send request because URL or API_KEY is incorrect.
   at MatomoConnector.API.BaseModule.SendRequest[T](String method, ParametersCollection parameters, Int32 offset)
   at MatomoConnector.API.SitesManagerModule.GetAllSites()
   at MatomoConnector.API.MatomoService.GetAllSites()
   at Terrasoft.Configuration.MatomoServiceFacade.GetSiteIds(IEnumerable`1 urls)
   at Terrasoft.Configuration.MatomoDataSyncManager.GetSiteIds(List`1 visitors)
   at Terrasoft.Configuration.MatomoDataSyncManager.SynchronizeForContactsRequest()
   at Terrasoft.Configuration.MatomoTouchQueueMessageProcessor.<InitStrategy>b__9_4(TouchQueueMessage baseMessage)
   at Terrasoft.Configuration.BaseTouchQueueMessageProcessor.ProcessMessage(BaseTaskQueueMessage message)
   at Terrasoft.Configuration.BaseQueueMessageProcessor.Process(BaseTaskQueueMessage message)
   at Terrasoft.Configuration.TouchQueueMessageProcessor.InternalProcess(TouchQueueMessage message)
   at Terrasoft.Configuration.TouchQueueMessageProcessor.Process(TouchQueueMessage message)
   at Terrasoft.Configuration.TouchQueueJobDispatcher.OnMessageDequeued(Object sender, TouchQueueMessage message)
   at Terrasoft.Configuration.BaseTaskQueueManager`1.FireOnMessageDequeuedEvent(T message)
   at Terrasoft.Configuration.TouchQueueManager.FireOnMessageDequeuedEvent(TouchQueueMessage message)
   at Terrasoft.Configuration.BaseTaskQueueManager`1.InternalDequeue(IEnumerable`1 messageTypes)
   at Terrasoft.Configuration.BaseTaskQueueManager`1.Dequeue()
   at Terrasoft.Configuration.TouchQueueJobDispatcher.InternalExecute()
   at Terrasoft.Configuration.BaseQueueJobDispatcher.Execute(UserConnection userConnection, IDictionary`2 parameters)
2023-12-21 11:48:06,925 [.NET ThreadPool Worker] ERROR  MatomoConnector <InitStrategy>b__9_4 - MatomoConnector.MatomoDataSyncManager.SynchronizeForContactsRequest. Exception. 
MatomoConnector.API.AuthException: Unable to send request because URL or API_KEY is incorrect.
   at MatomoConnector.API.BaseModule.SendRequest[T](String method, ParametersCollection parameters, Int32 offset)
   at MatomoConnector.API.SitesManagerModule.GetAllSites()
   at MatomoConnector.API.MatomoService.GetAllSites()
   at Terrasoft.Configuration.MatomoServiceFacade.GetSiteIds(IEnumerable`1 urls)
   at Terrasoft.Configuration.MatomoDataSyncManager.GetSiteIds(List`1 visitors)
   at Terrasoft.Configuration.MatomoDataSyncManager.SynchronizeForContactsRequest()
2023-12-21 11:48:06,930 [.NET ThreadPool Worker] ERROR  TouchPoints InternalDequeue - Message processing error. Message: {"$type":"Terrasoft.Configuration.MatomoContactsRequestMessage, CrtMatomoConnector","Type":1,"RequiresDeduplication":true}.
MatomoConnector.API.AuthException: Unable to send request because URL or API_KEY is incorrect.
   at MatomoConnector.API.BaseModule.SendRequest[T](String method, ParametersCollection parameters, Int32 offset)
   at MatomoConnector.API.SitesManagerModule.GetAllSites()
   at MatomoConnector.API.MatomoService.GetAllSites()
   at Terrasoft.Configuration.MatomoServiceFacade.GetSiteIds(IEnumerable`1 urls)
   at Terrasoft.Configuration.MatomoDataSyncManager.GetSiteIds(List`1 visitors)
   at Terrasoft.Configuration.MatomoDataSyncManager.SynchronizeForContactsRequest()
   at Terrasoft.Configuration.MatomoTouchQueueMessageProcessor.<InitStrategy>b__9_4(TouchQueueMessage baseMessage)
   at Terrasoft.Configuration.BaseTouchQueueMessageProcessor.ProcessMessage(BaseTaskQueueMessage message)
   at Terrasoft.Configuration.BaseQueueMessageProcessor.Process(BaseTaskQueueMessage message)
   at Terrasoft.Configuration.TouchQueueMessageProcessor.InternalProcess(TouchQueueMessage message)
   at Terrasoft.Configuration.TouchQueueMessageProcessor.Process(TouchQueueMessage message)
   at Terrasoft.Configuration.TouchQueueJobDispatcher.OnMessageDequeued(Object sender, TouchQueueMessage message)
   at Terrasoft.Configuration.BaseTaskQueueManager`1.FireOnMessageDequeuedEvent(T message)
   at Terrasoft.Configuration.TouchQueueManager.FireOnMessageDequeuedEvent(TouchQueueMessage message)
2023-12-21 11:48:06,931 [.NET ThreadPool Worker] ERROR  TouchPoints RunJobExecutor - TouchQueueJobDispatcher failed to execute job.
MatomoConnector.API.AuthException: Unable to send request because URL or API_KEY is incorrect.
   at MatomoConnector.API.BaseModule.SendRequest[T](String method, ParametersCollection parameters, Int32 offset)
   at MatomoConnector.API.SitesManagerModule.GetAllSites()
   at MatomoConnector.API.MatomoService.GetAllSites()
   at Terrasoft.Configuration.MatomoServiceFacade.GetSiteIds(IEnumerable`1 urls)
   at Terrasoft.Configuration.MatomoDataSyncManager.GetSiteIds(List`1 visitors)
   at Terrasoft.Configuration.MatomoDataSyncManager.SynchronizeForContactsRequest()
   at Terrasoft.Configuration.MatomoTouchQueueMessageProcessor.<InitStrategy>b__9_4(TouchQueueMessage baseMessage)
   at Terrasoft.Configuration.BaseTouchQueueMessageProcessor.ProcessMessage(BaseTaskQueueMessage message)
   at Terrasoft.Configuration.BaseQueueMessageProcessor.Process(BaseTaskQueueMessage message)
   at Terrasoft.Configuration.TouchQueueMessageProcessor.InternalProcess(TouchQueueMessage message)
   at Terrasoft.Configuration.TouchQueueMessageProcessor.Process(TouchQueueMessage message)
   at Terrasoft.Configuration.TouchQueueJobDispatcher.OnMessageDequeued(Object sender, TouchQueueMessage message)
   at Terrasoft.Configuration.BaseTaskQueueManager`1.FireOnMessageDequeuedEvent(T message)
   at Terrasoft.Configuration.TouchQueueManager.FireOnMessageDequeuedEvent(TouchQueueMessage message)
   at Terrasoft.Configuration.BaseTaskQueueManager`1.InternalDequeue(IEnumerable`1 messageTypes)
   at Terrasoft.Configuration.BaseTaskQueueManager`1.Dequeue()
   at Terrasoft.Configuration.TouchQueueJobDispatcher.InternalExecute()
   at Terrasoft.Configuration.BaseQueueJobDispatcher.Execute(UserConnection userConnection, IDictionary`2 parameters)
2023-12-21 12:26:56,991 [.NET ThreadPool Worker] ERROR Supervisor Error LogInternal - Error parent schema is null. ParentId sets to null in SaveSchemaItem method. instance.ParentSchemaUId [bb4d6607-026b-4b27-b640-8f5c77c1e89d]  == DefSchema.UId [bb4d6607-026b-4b27-b640-8f5c77c1e89d] Item.Name [UsrAddRealtyVisitsProcess] ManagerName [ProcessSchemaManager] UId [37d67d78-b8ce-466d-bd78-23eea87dc464]  Id [fb3b64e2-2829-4ed9-a258-5e052f3e3ad3]  Package.UId [0a5fd6f6-4122-4c7b-87ec-16cf2f86dc0b]  Package.Name [UsrRealtyFreedomUI]  ParentUId [bb4d6607-026b-4b27-b640-8f5c77c1e89d]  Caption [Add realty visits process] StackTrace:    at System.Environment.get_StackTrace()
   at Terrasoft.Core.ExtendedSchemaWithParentIsNullLogger.AddStackTrace(StringBuilder sb)
   at Terrasoft.Core.ExtendedSchemaWithParentIsNullLogger.LogInternal(String message, Action`1 log)
   at Terrasoft.Core.ExtendedSchemaWithParentIsNullLogger.Log[TSchemaManagerSchema](String message, ISchemaManagerItem`1 item)
   at Terrasoft.Core.SchemaManager`1.SaveSchemaItem(ISchemaManagerItem`1 item, Guid packageId, Boolean validateNamePrefixes, UserConnection userConnection, Boolean lockSchemaInSourceControlStorage)
   at Terrasoft.Core.SchemaManager`1.InternalSaveSchemaInDb(ISchemaManagerItem`1 designItem, Boolean removeDesignItem, UserConnection userConnection, Boolean validateNamePrefixes, Guid packageId, Boolean isNew, Boolean lockSchemaInSourceControlStorage, Boolean useFullHierarchy, Boolean regenerateReferencedSchemaSources)
   at Terrasoft.Core.SchemaManager`1.InternalSaveSchemaInDB(ISchemaManagerItem`1 designItem, Guid packageUId, Boolean removeDesignItem, UserConnection userConnection, Boolean validateNamePrefixes, Boolean lockSchemaInSourceControlStorage, Boolean useFullHierarchy, Boolean regenerateReferencedSchemaSources)
   at Terrasoft.Core.SchemaManager`1.InternalSaveSchema(ISchemaManagerItem`1 designItem, Guid packageUId, Boolean removeDesignItem, UserConnection userConnection, Boolean generateBundles, Boolean validateNamePrefixes, Boolean lockSchemaInSourceControlStorage, Boolean useFullHierarchy, Boolean regenerateReferencedSchemaSources)
   at Terrasoft.Core.SchemaManager`1.SaveSchema(ISchemaManagerItem`1 designItem, UserConnection userConnection, Boolean generateBundles, Boolean lockSchemaInSourceControlStorage, Boolean useFullHierarchy)
   at Terrasoft.Nui.ServiceModel.WebService.BaseProcessSchemaDesigner`1.SaveSchema(ContractBaseProcessSchema`1 schema, ISchemaManagerItem designItem) in /opt/buildagent/work/ApplicationCoreLinux/TSBpm/Src/Lib/Terrasoft.Nui.ServiceModel/WebService/BaseProcessSchemaDesigner.cs:line 168
   at Terrasoft.Nui.ServiceModel.WebService.BaseProcessSchemaDesigner`1.Save(ContractBaseProcessSchema`1 schema, BaseProcessSchemaResponse response) in /opt/buildagent/work/ApplicationCoreLinux/TSBpm/Src/Lib/Terrasoft.Nui.ServiceModel/WebService/BaseProcessSchemaDesigner.cs:line 330
   at Terrasoft.Nui.ServiceModel.WebService.ProcessSchemaManagerService.Post(ContractProcessSchema processSchema) in /opt/buildagent/work/ApplicationCoreLinux/TSBpm/Src/Lib/Terrasoft.Nui.ServiceModel.WebService/ProcessSchemaManagerService.cs:line 134
   at lambda_method2420(Closure , Object , Object[] )
   at Microsoft.AspNetCore.Mvc.Infrastructure.ActionMethodExecutor.SyncObjectResultExecutor.Execute(IActionResultTypeMapper mapper, ObjectMethodExecutor executor, Object controller, Object[] arguments)
   at Microsoft.AspNetCore.Mvc.Infrastructure.ControllerActionInvoker.InvokeActionMethodAsync()
   at Microsoft.AspNetCore.Mvc.Infrastructure.ControllerActionInvoker.Next(State& next, Scope& scope, Object& state, Boolean& isCompleted)
   at Microsoft.AspNetCore.Mvc.Infrastructure.ControllerActionInvoker.InvokeNextActionFilterAsync()
   at Microsoft.AspNetCore.Mvc.Infrastructure.ControllerActionInvoker.InvokeNextActionFilterAwaitedAsync()
   at Microsoft.AspNetCore.Mvc.Filters.ActionFilterAttribute.OnActionExecutionAsync(ActionExecutingContext context, ActionExecutionDelegate next)
   at System.Runtime.CompilerServices.AsyncMethodBuilderCore.Start[TStateMachine](TStateMachine& stateMachine)
   at Microsoft.AspNetCore.Mvc.Filters.ActionFilterAttribute.OnActionExecutionAsync(ActionExecutingContext context, ActionExecutionDelegate next)
   at Microsoft.AspNetCore.Mvc.Infrastructure.ControllerActionInvoker.Next(State& next, Scope& scope, Object& state, Boolean& isCompleted)
   at Microsoft.AspNetCore.Mvc.Infrastructure.ControllerActionInvoker.InvokeNextActionFilterAsync()
   at Microsoft.AspNetCore.Mvc.Infrastructure.ControllerActionInvoker.Next(State& next, Scope& scope, Object& state, Boolean& isCompleted)
   at Microsoft.AspNetCore.Mvc.Infrastructure.ControllerActionInvoker.InvokeInnerFilterAsync()
   at Microsoft.AspNetCore.Mvc.Infrastructure.ResourceInvoker.Next(State& next, Scope& scope, Object& state, Boolean& isCompleted)
   at Microsoft.AspNetCore.Mvc.Infrastructure.ResourceInvoker.InvokeNextResourceFilter()
   at Microsoft.AspNetCore.Mvc.Infrastructure.ResourceInvoker.Next(State& next, Scope& scope, Object& state, Boolean& isCompleted)
   at Microsoft.AspNetCore.Mvc.Infrastructure.ResourceInvoker.InvokeFilterPipelineAsync()
   at Microsoft.AspNetCore.Mvc.Infrastructure.ResourceInvoker.InvokeAsync()
   at Microsoft.AspNetCore.Mvc.Routing.ControllerRequestDelegateFactory.<>c__DisplayClass12_0.<CreateRequestDelegate>b__0(HttpContext context)
   at Microsoft.AspNetCore.Routing.EndpointMiddleware.Invoke(HttpContext httpContext)
   at Terrasoft.WebHost.Security.Csrf.Extensions.CsrfExtensions.<>c__DisplayClass2_1.<UseCsrfToken>b__1(HttpContext context) in /opt/buildagent/work/ApplicationCoreLinux/TSBpm/Src/Lib/Terrasoft.WebHost/Security/Csrf/Extensions/CsrfExtensions.cs:line 86
   at Microsoft.AspNetCore.Authorization.AuthorizationMiddleware.Invoke(HttpContext context)
   at System.Runtime.CompilerServices.AsyncMethodBuilderCore.Start[TStateMachine](TStateMachine& stateMachine)
   at Microsoft.AspNetCore.Authorization.AuthorizationMiddleware.Invoke(HttpContext context)
   at Microsoft.AspNetCore.Routing.EndpointRoutingMiddleware.Invoke(HttpContext httpContext)
   at Microsoft.AspNetCore.StaticFiles.StaticFileMiddleware.Invoke(HttpContext context)
   at Microsoft.AspNetCore.StaticFiles.StaticFileMiddleware.Invoke(HttpContext context)
   at Terrasoft.WebHost.Middleware.AcquireRequestStateMiddleware.Invoke(HttpContext httpContext) in /opt/buildagent/work/ApplicationCoreLinux/TSBpm/Src/Lib/Terrasoft.WebHost/Middleware/AcquireRequestStateMiddleware.cs:line 172
   at System.Runtime.CompilerServices.AsyncMethodBuilderCore.Start[TStateMachine](TStateMachine& stateMachine)
   at Terrasoft.WebHost.Middleware.AcquireRequestStateMiddleware.Invoke(HttpContext httpContext)
   at Microsoft.AspNetCore.Session.SessionMiddleware.Invoke(HttpContext context)
   at System.Runtime.CompilerServices.AsyncMethodBuilderCore.Start[TStateMachine](TStateMachine& stateMachine)
   at Microsoft.AspNetCore.Session.SessionMiddleware.Invoke(HttpContext context)
   at Terrasoft.Authentication.Middleware.OpenIdMiddleware.Invoke(HttpContext httpContext, IOpenIdAuthorizeInitiator openIdAuthorizeInitiator) in /opt/buildagent/work/ApplicationCoreLinux/TSBpm/Src/Lib/Terrasoft.Authentication/Middleware/OpenIdMiddleware.cs:line 41
   at System.Runtime.CompilerServices.AsyncMethodBuilderCore.Start[TStateMachine](TStateMachine& stateMachine)
   at Terrasoft.Authentication.Middleware.OpenIdMiddleware.Invoke(HttpContext httpContext, IOpenIdAuthorizeInitiator openIdAuthorizeInitiator)
   at Microsoft.AspNetCore.Authentication.AuthenticationMiddleware.Invoke(HttpContext context)
   at System.Runtime.CompilerServices.AsyncMethodBuilderCore.Start[TStateMachine](TStateMachine& stateMachine)
   at Microsoft.AspNetCore.Authentication.AuthenticationMiddleware.Invoke(HttpContext context)
   at Microsoft.AspNetCore.StaticFiles.StaticFileMiddleware.Invoke(HttpContext context)
   at Microsoft.AspNetCore.StaticFiles.StaticFileMiddleware.Invoke(HttpContext context)
   at Microsoft.AspNetCore.StaticFiles.StaticFileMiddleware.Invoke(HttpContext context)
   at Microsoft.AspNetCore.StaticFiles.StaticFileMiddleware.Invoke(HttpContext context)
   at Microsoft.AspNetCore.StaticFiles.DefaultFilesMiddleware.Invoke(HttpContext context)
   at Terrasoft.WebHost.Middleware.CustomHeadersMiddleware.Invoke(HttpContext context) in /opt/buildagent/work/ApplicationCoreLinux/TSBpm/Src/Lib/Terrasoft.WebHost/Middleware/CustomHeadersMiddleware.cs:line 96
   at System.Runtime.CompilerServices.AsyncMethodBuilderCore.Start[TStateMachine](TStateMachine& stateMachine)
   at Terrasoft.WebHost.Middleware.CustomHeadersMiddleware.Invoke(HttpContext context)
   at Terrasoft.WebHost.Middleware.FileUploadSecurityMiddleware.Invoke(HttpContext context) in /opt/buildagent/work/ApplicationCoreLinux/TSBpm/Src/Lib/Terrasoft.WebHost/Middleware/FileUploadSecurityMiddleware.cs:line 76
   at System.Runtime.CompilerServices.AsyncMethodBuilderCore.Start[TStateMachine](TStateMachine& stateMachine)
   at Terrasoft.WebHost.Middleware.FileUploadSecurityMiddleware.Invoke(HttpContext context)
   at Terrasoft.WebHost.UserConnectionLifetimeMiddleware.Invoke(HttpContext context) in /opt/buildagent/work/ApplicationCoreLinux/TSBpm/Src/Lib/Terrasoft.WebHost/Middleware/UserConnectionLifetimeMiddleware.cs:line 43
   at System.Runtime.CompilerServices.AsyncMethodBuilderCore.Start[TStateMachine](TStateMachine& stateMachine)
   at Terrasoft.WebHost.UserConnectionLifetimeMiddleware.Invoke(HttpContext context)
   at Terrasoft.WebHost.Middleware.RequestResponseLoggingMiddleware.<>c__DisplayClass26_0.<<Invoke>b__0>d.MoveNext() in /opt/buildagent/work/ApplicationCoreLinux/TSBpm/Src/Lib/Terrasoft.WebHost/Middleware/RequestResponseLoggingMiddleware.cs:line 236
   at System.Runtime.CompilerServices.AsyncMethodBuilderCore.Start[TStateMachine](TStateMachine& stateMachine)
   at Terrasoft.WebHost.Middleware.RequestResponseLoggingMiddleware.<>c__DisplayClass26_0.<Invoke>b__0(String requestBody, Stream responseBodyStream)
   at Terrasoft.WebHost.Middleware.RequestResponseLoggingMiddleware.PrepareBodyStreamIf(Boolean condition, HttpContext context, Func`3 action) in /opt/buildagent/work/ApplicationCoreLinux/TSBpm/Src/Lib/Terrasoft.WebHost/Middleware/RequestResponseLoggingMiddleware.cs:line 207
   at System.Runtime.CompilerServices.AsyncMethodBuilderCore.Start[TStateMachine](TStateMachine& stateMachine)
   at Terrasoft.WebHost.Middleware.RequestResponseLoggingMiddleware.PrepareBodyStreamIf(Boolean condition, HttpContext context, Func`3 action)
   at Terrasoft.WebHost.Middleware.RequestResponseLoggingMiddleware.Invoke(HttpContext context) in /opt/buildagent/work/ApplicationCoreLinux/TSBpm/Src/Lib/Terrasoft.WebHost/Middleware/RequestResponseLoggingMiddleware.cs:line 231
   at System.Runtime.CompilerServices.AsyncMethodBuilderCore.Start[TStateMachine](TStateMachine& stateMachine)
   at Terrasoft.WebHost.Middleware.RequestResponseLoggingMiddleware.Invoke(HttpContext context)
   at Microsoft.AspNetCore.HostFiltering.HostFilteringMiddleware.Invoke(HttpContext context)
   at Microsoft.AspNetCore.Server.Kestrel.Core.Internal.Http.HttpProtocol.ProcessRequests[TContext](IHttpApplication`1 application)
   at System.Threading.ExecutionContext.RunFromThreadPoolDispatchLoop(Thread threadPoolThread, ExecutionContext executionContext, ContextCallback callback, Object state)
   at System.Runtime.CompilerServices.AsyncTaskMethodBuilder`1.AsyncStateMachineBox`1.MoveNext(Thread threadPoolThread)
   at System.Threading.ThreadPoolWorkQueue.Dispatch()
   at System.Threading.PortableThreadPool.WorkerThread.WorkerThreadStart()
2023-12-21 12:30:49,544 [.NET ThreadPool Worker] ERROR Supervisor Error LogInternal - Error parent schema is null. ParentUId sets to empty in InternalSaveSchemaInDB method. originRealParentItemUId [3b2e117f-8c6b-4ca5-80a2-7ebb497cddf9]  != designItem.RealParentItemUId [00000000-0000-0000-0000-000000000000] Item.Name [UsrRealtyFreedomUI_FormPage] ManagerName [ClientUnitSchemaManager] UId [183112a3-256c-41ca-badc-b1280a6f0100]  Id [61b9174e-3100-43a8-8b8e-051c6c0d842f]  Package.UId [0a5fd6f6-4122-4c7b-87ec-16cf2f86dc0b]  Package.Name [UsrRealtyFreedomUI]  ParentUId [3b2e117f-8c6b-4ca5-80a2-7ebb497cddf9]  Caption [Realty form page] StackTrace:    at System.Environment.get_StackTrace()
   at Terrasoft.Core.ExtendedSchemaWithParentIsNullLogger.AddStackTrace(StringBuilder sb)
   at Terrasoft.Core.ExtendedSchemaWithParentIsNullLogger.LogInternal(String message, Action`1 log)
   at Terrasoft.Core.ExtendedSchemaWithParentIsNullLogger.Log[TSchemaManagerSchema](String message, ISchemaManagerItem`1 item)
   at Terrasoft.Core.SchemaManager`1.InternalSaveSchemaInDB(ISchemaManagerItem`1 designItem, Guid packageUId, Boolean removeDesignItem, UserConnection userConnection, Boolean validateNamePrefixes, Boolean lockSchemaInSourceControlStorage, Boolean useFullHierarchy, Boolean regenerateReferencedSchemaSources)
   at Terrasoft.Core.SchemaManager`1.InternalSaveSchema(ISchemaManagerItem`1 designItem, Guid packageUId, Boolean removeDesignItem, UserConnection userConnection, Boolean generateBundles, Boolean validateNamePrefixes, Boolean lockSchemaInSourceControlStorage, Boolean useFullHierarchy, Boolean regenerateReferencedSchemaSources)
   at Terrasoft.Core.SchemaManager`1.SaveSchema(ISchemaManagerItem`1 designItem, UserConnection userConnection, Boolean generateBundles, Boolean lockSchemaInSourceControlStorage, Boolean useFullHierarchy)
   at Terrasoft.Core.ServiceModel.Designers.SchemaDesigner`1.SaveDesignItem(ISchemaManagerItem`1 designItem, Boolean useFullHierarchy) in /opt/buildagent/work/ApplicationCoreLinux/TSBpm/Src/Lib/Terrasoft.Core.ServiceModel/Designers/SchemaDesigner.cs:line 84
   at Terrasoft.Core.ServiceModel.Designers.Commands.SaveSchemaCommand`2.InternalExecute(TDesignItemDto dto) in /opt/buildagent/work/ApplicationCoreLinux/TSBpm/Src/Lib/Terrasoft.Core.ServiceModel/Designers/Commands/SaveSchemaCommand.cs:line 63
   at Terrasoft.Core.ServiceModel.Designers.Commands.BaseDesignerSaveCommand`1.Execute(TDesignItemDto dto) in /opt/buildagent/work/ApplicationCoreLinux/TSBpm/Src/Lib/Terrasoft.Core.ServiceModel/Designers/Commands/BaseDesignerSaveCommand.cs:line 49
   at Terrasoft.Core.ServiceModel.Designers.Commands.ClientUnitSchemaSaveCommand.Execute(ClientUnitDesignSchemaDto dto) in /opt/buildagent/work/ApplicationCoreLinux/TSBpm/Src/Lib/Terrasoft.Core.ServiceModel/Designers/Commands/ClientUnitSchemaSaveCommand.cs:line 179
   at Terrasoft.Core.ServiceModel.Designers.Services.BaseDesignerService`1.InternalSaveDesignItem(TDesignItemDto designSchemaDto) in /opt/buildagent/work/ApplicationCoreLinux/TSBpm/Src/Lib/Terrasoft.Core.ServiceModel/Designers/Services/BaseDesignerService.cs:line 107
   at Terrasoft.Core.ServiceModel.Designers.Services.BaseDesignerService`1.SaveDesignItem(TDesignItemDto designSchemaDto) in /opt/buildagent/work/ApplicationCoreLinux/TSBpm/Src/Lib/Terrasoft.Core.ServiceModel/Designers/Services/BaseDesignerService.cs:line 172
   at lambda_method3180(Closure , Object , Object[] )
   at Microsoft.AspNetCore.Mvc.Infrastructure.ActionMethodExecutor.SyncObjectResultExecutor.Execute(IActionResultTypeMapper mapper, ObjectMethodExecutor executor, Object controller, Object[] arguments)
   at Microsoft.AspNetCore.Mvc.Infrastructure.ControllerActionInvoker.InvokeActionMethodAsync()
   at Microsoft.AspNetCore.Mvc.Infrastructure.ControllerActionInvoker.Next(State& next, Scope& scope, Object& state, Boolean& isCompleted)
   at Microsoft.AspNetCore.Mvc.Infrastructure.ControllerActionInvoker.InvokeNextActionFilterAsync()
   at Microsoft.AspNetCore.Mvc.Infrastructure.ControllerActionInvoker.InvokeNextActionFilterAwaitedAsync()
   at Microsoft.AspNetCore.Mvc.Filters.ActionFilterAttribute.OnActionExecutionAsync(ActionExecutingContext context, ActionExecutionDelegate next)
   at System.Runtime.CompilerServices.AsyncMethodBuilderCore.Start[TStateMachine](TStateMachine& stateMachine)
   at Microsoft.AspNetCore.Mvc.Filters.ActionFilterAttribute.OnActionExecutionAsync(ActionExecutingContext context, ActionExecutionDelegate next)
   at Microsoft.AspNetCore.Mvc.Infrastructure.ControllerActionInvoker.Next(State& next, Scope& scope, Object& state, Boolean& isCompleted)
   at Microsoft.AspNetCore.Mvc.Infrastructure.ControllerActionInvoker.InvokeNextActionFilterAsync()
   at Microsoft.AspNetCore.Mvc.Infrastructure.ControllerActionInvoker.Next(State& next, Scope& scope, Object& state, Boolean& isCompleted)
   at Microsoft.AspNetCore.Mvc.Infrastructure.ControllerActionInvoker.<InvokeInnerFilterAsync>g__Awaited|13_0(ControllerActionInvoker invoker, Task lastTask, State next, Scope scope, Object state, Boolean isCompleted)
   at System.Threading.ExecutionContext.RunInternal(ExecutionContext executionContext, ContextCallback callback, Object state)
   at System.Runtime.CompilerServices.AsyncTaskMethodBuilder`1.AsyncStateMachineBox`1.MoveNext(Thread threadPoolThread)
   at System.Threading.Tasks.AwaitTaskContinuation.RunOrScheduleAction(IAsyncStateMachineBox box, Boolean allowInlining)
   at System.Threading.Tasks.Task.RunContinuations(Object continuationObject)
   at System.Threading.Tasks.Task`1.TrySetResult(TResult result)
   at Microsoft.AspNetCore.Mvc.Controllers.ControllerBinderDelegateProvider.<>c__DisplayClass0_0.<<CreateBinderDelegate>g__Bind|0>d.MoveNext()
   at System.Runtime.CompilerServices.AsyncTaskMethodBuilder`1.AsyncStateMachineBox`1.ExecutionContextCallback(Object s)
   at System.Threading.ExecutionContext.RunInternal(ExecutionContext executionContext, ContextCallback callback, Object state)
   at System.Runtime.CompilerServices.AsyncTaskMethodBuilder`1.AsyncStateMachineBox`1.MoveNext(Thread threadPoolThread)
   at System.Runtime.CompilerServices.AsyncTaskMethodBuilder`1.AsyncStateMachineBox`1.MoveNext()
   at System.Threading.Tasks.AwaitTaskContinuation.RunOrScheduleAction(IAsyncStateMachineBox box, Boolean allowInlining)
   at System.Threading.Tasks.Task.RunContinuations(Object continuationObject)
   at Microsoft.AspNetCore.Mvc.ModelBinding.ParameterBinder.BindModelAsync(ActionContext actionContext, IModelBinder modelBinder, IValueProvider valueProvider, ParameterDescriptor parameter, ModelMetadata metadata, Object value, Object container)
   at System.Runtime.CompilerServices.AsyncTaskMethodBuilder`1.AsyncStateMachineBox`1.ExecutionContextCallback(Object s)
   at System.Threading.ExecutionContext.RunInternal(ExecutionContext executionContext, ContextCallback callback, Object state)
   at System.Runtime.CompilerServices.AsyncTaskMethodBuilder`1.AsyncStateMachineBox`1.MoveNext(Thread threadPoolThread)
   at System.Runtime.CompilerServices.AsyncTaskMethodBuilder`1.AsyncStateMachineBox`1.MoveNext()
   at System.Threading.Tasks.AwaitTaskContinuation.RunOrScheduleAction(IAsyncStateMachineBox box, Boolean allowInlining)
   at System.Threading.Tasks.Task.RunContinuations(Object continuationObject)
   at Microsoft.AspNetCore.Mvc.ModelBinding.Binders.BodyModelBinder.BindModelAsync(ModelBindingContext bindingContext)
   at System.Runtime.CompilerServices.AsyncTaskMethodBuilder`1.AsyncStateMachineBox`1.ExecutionContextCallback(Object s)
   at System.Threading.ExecutionContext.RunInternal(ExecutionContext executionContext, ContextCallback callback, Object state)
   at System.Runtime.CompilerServices.AsyncTaskMethodBuilder`1.AsyncStateMachineBox`1.MoveNext(Thread threadPoolThread)
   at System.Runtime.CompilerServices.AsyncTaskMethodBuilder`1.AsyncStateMachineBox`1.MoveNext()
   at System.Threading.Tasks.AwaitTaskContinuation.RunOrScheduleAction(IAsyncStateMachineBox box, Boolean allowInlining)
   at System.Threading.Tasks.Task.RunContinuations(Object continuationObject)
   at System.Threading.Tasks.Task`1.TrySetResult(TResult result)
   at Terrasoft.ServiceModel.Formatters.DataContractJsonInputFormatter.ReadRequestBodyAsync(InputFormatterContext context, Encoding encoding)
   at System.Runtime.CompilerServices.AsyncTaskMethodBuilder`1.AsyncStateMachineBox`1.ExecutionContextCallback(Object s)
   at System.Threading.ExecutionContext.RunInternal(ExecutionContext executionContext, ContextCallback callback, Object state)
   at System.Runtime.CompilerServices.AsyncTaskMethodBuilder`1.AsyncStateMachineBox`1.MoveNext(Thread threadPoolThread)
   at System.Runtime.CompilerServices.AsyncTaskMethodBuilder`1.AsyncStateMachineBox`1.MoveNext()
   at System.Threading.Tasks.AwaitTaskContinuation.RunOrScheduleAction(IAsyncStateMachineBox box, Boolean allowInlining)
   at System.Threading.Tasks.Task.RunContinuations(Object continuationObject)
   at System.Threading.Tasks.Task`1.TrySetResult(TResult result)
   at Microsoft.AspNetCore.WebUtilities.StreamHelperExtensions.DrainAsync(Stream stream, ArrayPool`1 bytePool, Nullable`1 limit, CancellationToken cancellationToken)
   at System.Runtime.CompilerServices.AsyncTaskMethodBuilder`1.AsyncStateMachineBox`1.ExecutionContextCallback(Object s)
   at System.Threading.ExecutionContext.RunInternal(ExecutionContext executionContext, ContextCallback callback, Object state)
   at System.Runtime.CompilerServices.AsyncTaskMethodBuilder`1.AsyncStateMachineBox`1.MoveNext(Thread threadPoolThread)
   at System.Runtime.CompilerServices.AsyncTaskMethodBuilder`1.AsyncStateMachineBox`1.MoveNext()
   at System.Threading.Tasks.AwaitTaskContinuation.RunOrScheduleAction(IAsyncStateMachineBox box, Boolean allowInlining)
   at System.Threading.Tasks.Task.RunContinuations(Object continuationObject)
   at System.Threading.Tasks.Task`1.TrySetResult(TResult result)
   at System.Runtime.CompilerServices.AsyncTaskMethodBuilder`1.SetExistingTaskResult(Task`1 task, TResult result)
   at Microsoft.AspNetCore.WebUtilities.FileBufferingReadStream.ReadAsync(Memory`1 buffer, CancellationToken cancellationToken)
   at System.Runtime.CompilerServices.AsyncTaskMethodBuilder`1.AsyncStateMachineBox`1.ExecutionContextCallback(Object s)
   at System.Threading.ExecutionContext.RunInternal(ExecutionContext executionContext, ContextCallback callback, Object state)
   at System.Runtime.CompilerServices.AsyncTaskMethodBuilder`1.AsyncStateMachineBox`1.MoveNext(Thread threadPoolThread)
   at System.Runtime.CompilerServices.AsyncTaskMethodBuilder`1.AsyncStateMachineBox`1.MoveNext()
   at System.Runtime.CompilerServices.PoolingAsyncValueTaskMethodBuilder.SetResult()
   at System.IO.Strategies.BufferedFileStreamStrategy.WriteAsyncSlowPath(Task semaphoreLockTask, ReadOnlyMemory`1 source, CancellationToken cancellationToken)
   at System.Runtime.CompilerServices.PoolingAsyncValueTaskMethodBuilder`1.StateMachineBox`1.ExecutionContextCallback(Object s)
   at System.Threading.ExecutionContext.RunInternal(ExecutionContext executionContext, ContextCallback callback, Object state)
   at System.Runtime.CompilerServices.PoolingAsyncValueTaskMethodBuilder`1.StateMachineBox`1.MoveNext()
   at System.Runtime.CompilerServices.PoolingAsyncValueTaskMethodBuilder`1.StateMachineBox`1.System.Threading.IThreadPoolWorkItem.Execute()
   at System.Threading.ThreadPoolWorkQueue.Dispatch()
   at System.Threading.PortableThreadPool.WorkerThread.WorkerThreadStart()
2023-12-21 12:39:13,570 [.NET ThreadPool Worker] ERROR Supervisor Terrasoft.Core.Entities.Entity Start - UsrRealtyVisitFreedomUI (Id: [54224ff1-2a3f-4daf-b8e6-20aed45a5455])
Terrasoft.Common.DbOperationException: 23503: insert or update on table "UsrRealtyVisitFreedomUI" violates foreign key constraint "FKeAE6dg4idrZq4VNOpnEu3XyFwQ"
 ---> Npgsql.PostgresException (0x80004005): 23503: insert or update on table "UsrRealtyVisitFreedomUI" violates foreign key constraint "FKeAE6dg4idrZq4VNOpnEu3XyFwQ"
   at Npgsql.NpgsqlConnector.DoReadMessage(Boolean async, DataRowLoadingMode dataRowLoadingMode, Boolean readingNotifications, Boolean isPrependedMessage)
   at Npgsql.NpgsqlConnector.ReadMessage(Boolean async, DataRowLoadingMode dataRowLoadingMode, Boolean readingNotifications)
   at Npgsql.NpgsqlConnector.ReadMessage(Boolean async, DataRowLoadingMode dataRowLoadingMode, Boolean readingNotifications)
   at Npgsql.NpgsqlDataReader.NextResult(Boolean async, Boolean isConsuming)
   at Npgsql.NpgsqlDataReader.NextResult()
   at Npgsql.NpgsqlCommand.Execute(CommandBehavior behavior, Boolean async, CancellationToken cancellationToken)
   at Npgsql.NpgsqlCommand.ExecuteNonQuery(Boolean async, CancellationToken cancellationToken)
   at Npgsql.NpgsqlCommand.ExecuteNonQuery()
   at Polly.Policy.<>c__DisplayClass119_0`1.<Execute>b__0(Context ctx, CancellationToken ct)
   at Polly.Policy.<>c__DisplayClass129_0`1.<ExecuteInternal>b__0(Context ctx, CancellationToken ct)
   at Polly.Policy.<>c__DisplayClass103_0.<NoOp>b__1(Context ctx, CancellationToken ct)
   at Polly.Policy.<>c.<NoOp>b__103_0(Action`2 action, Context context, CancellationToken cancellationToken)
   at Polly.Policy.ExecuteInternal[TResult](Func`3 action, Context context, CancellationToken cancellationToken)
   at Polly.Policy.Execute[TResult](Func`3 action, Context context, CancellationToken cancellationToken)
   at Polly.Policy.Execute[TResult](Func`1 action)
   at Terrasoft.Core.DB.DBExecutor.ExecuteCommandAsync[TResult](Func`2 commandExecutionCallback, Func`2 commandExecutionCallbackAsync, String sqlText, QueryParameterCollection queryParameters, CancellationToken cancellationToken, Boolean sync)
   at Terrasoft.DB.PostgreSql.PostgreSqlExecutor.<>c__DisplayClass45_0.<InternalExecute>b__0() in /opt/buildagent/work/ApplicationCoreLinux/TSBpm/Src/Lib/Terrasoft.DB.PostgreSql/PostgreSqlExecutor.cs:line 484
   at Terrasoft.DB.PostgreSql.PostgreSqlExecutor.ExecuteInLockIfInTransaction[TResult](Func`1 action) in /opt/buildagent/work/ApplicationCoreLinux/TSBpm/Src/Lib/Terrasoft.DB.PostgreSql/PostgreSqlExecutor.cs:line 266
   at Terrasoft.Core.DB.BaseInsert.ExecuteAsync(DBExecutor dbExecutor, Boolean sync)
   at Terrasoft.Core.DB.BaseInsert.Execute(DBExecutor dbExecutor)
   at Terrasoft.Core.Entities.Entity.InsertToDBAsync(Boolean sync, Boolean skipLookupColumnValues, Boolean validateRequired, Boolean trackChanges)
   --- End of inner exception stack trace ---
   at Terrasoft.Core.Entities.Entity.InsertToDBAsync(Boolean sync, Boolean skipLookupColumnValues, Boolean validateRequired, Boolean trackChanges)
   at Terrasoft.Core.Entities.Entity.InsertToDB(Boolean skipLookupColumnValues, Boolean validateRequired, Boolean trackChanges)
   at Terrasoft.Core.Entities.Entity.TryExecuteSaving(Boolean validateRequired, Boolean setColumnDefValue, Boolean sync, Boolean trackChanges)
2023-12-21 12:39:14,603 [.NET ThreadPool Worker] ERROR Supervisor Terrasoft.Core.Entities.Entity Start - UsrRealtyVisitFreedomUI (Id: [4431dd1a-0537-48b4-93c6-2c391ff33526])
Terrasoft.Common.DbOperationException: 23503: insert or update on table "UsrRealtyVisitFreedomUI" violates foreign key constraint "FKeAE6dg4idrZq4VNOpnEu3XyFwQ"
 ---> Npgsql.PostgresException (0x80004005): 23503: insert or update on table "UsrRealtyVisitFreedomUI" violates foreign key constraint "FKeAE6dg4idrZq4VNOpnEu3XyFwQ"
   at Npgsql.NpgsqlConnector.DoReadMessage(Boolean async, DataRowLoadingMode dataRowLoadingMode, Boolean readingNotifications, Boolean isPrependedMessage)
   at Npgsql.NpgsqlConnector.ReadMessage(Boolean async, DataRowLoadingMode dataRowLoadingMode, Boolean readingNotifications)
   at Npgsql.NpgsqlConnector.ReadMessage(Boolean async, DataRowLoadingMode dataRowLoadingMode, Boolean readingNotifications)
   at Npgsql.NpgsqlDataReader.NextResult(Boolean async, Boolean isConsuming)
   at Npgsql.NpgsqlDataReader.NextResult()
   at Npgsql.NpgsqlCommand.Execute(CommandBehavior behavior, Boolean async, CancellationToken cancellationToken)
   at Npgsql.NpgsqlCommand.ExecuteNonQuery(Boolean async, CancellationToken cancellationToken)
   at Npgsql.NpgsqlCommand.ExecuteNonQuery()
   at Polly.Policy.<>c__DisplayClass119_0`1.<Execute>b__0(Context ctx, CancellationToken ct)
   at Polly.Policy.<>c__DisplayClass129_0`1.<ExecuteInternal>b__0(Context ctx, CancellationToken ct)
   at Polly.Policy.<>c__DisplayClass103_0.<NoOp>b__1(Context ctx, CancellationToken ct)
   at Polly.Policy.<>c.<NoOp>b__103_0(Action`2 action, Context context, CancellationToken cancellationToken)
   at Polly.Policy.ExecuteInternal[TResult](Func`3 action, Context context, CancellationToken cancellationToken)
   at Polly.Policy.Execute[TResult](Func`3 action, Context context, CancellationToken cancellationToken)
   at Polly.Policy.Execute[TResult](Func`1 action)
   at Terrasoft.Core.DB.DBExecutor.ExecuteCommandAsync[TResult](Func`2 commandExecutionCallback, Func`2 commandExecutionCallbackAsync, String sqlText, QueryParameterCollection queryParameters, CancellationToken cancellationToken, Boolean sync)
   at Terrasoft.DB.PostgreSql.PostgreSqlExecutor.<>c__DisplayClass45_0.<InternalExecute>b__0() in /opt/buildagent/work/ApplicationCoreLinux/TSBpm/Src/Lib/Terrasoft.DB.PostgreSql/PostgreSqlExecutor.cs:line 484
   at Terrasoft.DB.PostgreSql.PostgreSqlExecutor.ExecuteInLockIfInTransaction[TResult](Func`1 action) in /opt/buildagent/work/ApplicationCoreLinux/TSBpm/Src/Lib/Terrasoft.DB.PostgreSql/PostgreSqlExecutor.cs:line 266
   at Terrasoft.Core.DB.BaseInsert.ExecuteAsync(DBExecutor dbExecutor, Boolean sync)
   at Terrasoft.Core.DB.BaseInsert.Execute(DBExecutor dbExecutor)
   at Terrasoft.Core.Entities.Entity.InsertToDBAsync(Boolean sync, Boolean skipLookupColumnValues, Boolean validateRequired, Boolean trackChanges)
   --- End of inner exception stack trace ---
   at Terrasoft.Core.Entities.Entity.InsertToDBAsync(Boolean sync, Boolean skipLookupColumnValues, Boolean validateRequired, Boolean trackChanges)
   at Terrasoft.Core.Entities.Entity.InsertToDB(Boolean skipLookupColumnValues, Boolean validateRequired, Boolean trackChanges)
   at Terrasoft.Core.Entities.Entity.TryExecuteSaving(Boolean validateRequired, Boolean setColumnDefValue, Boolean sync, Boolean trackChanges)
2023-12-21 14:15:02,114 [.NET ThreadPool Worker] ERROR  Terrasoft.Core.UserConnection System.Threading.IAsyncLocal.OnValueChanged - Overwriting UserConnection.Current in the same context is not allowed    at System.Environment.get_StackTrace()
   at Terrasoft.Core.UserConnection.OnCurrentUserConnectionChanged(AsyncLocalValueChangedArgs`1 args)
   at System.Threading.AsyncLocal`1.System.Threading.IAsyncLocal.OnValueChanged(Object previousValueObj, Object currentValueObj, Boolean contextChanged)
   at System.Threading.ExecutionContext.SetLocalValue(IAsyncLocal local, Object newValue, Boolean needChangeNotifications)
   at Terrasoft.Core.UserConnection.set_AppConnection(AppConnection value)
   at Terrasoft.WebHost.Session.SessionEventListener.OnSessionEnd(ISession session) in /opt/buildagent/work/ApplicationCoreLinux/TSBpm/Src/Lib/Terrasoft.WebHost/Session/SessionEventListener.cs:line 205
   at Terrasoft.WebHost.Session.ExpiredSessionSynchronizationService.CloseSession(String sessionKey) in /opt/buildagent/work/ApplicationCoreLinux/TSBpm/Src/Lib/Terrasoft.WebHost/Session/ExpiredSessionSynchronizationService.cs:line 64
   at Terrasoft.WebHost.Session.ExpiredSessionSynchronizationService.<ClearExpiredSessionsCallback>b__12_0() in /opt/buildagent/work/ApplicationCoreLinux/TSBpm/Src/Lib/Terrasoft.WebHost/Session/ExpiredSessionSynchronizationService.cs:line 76
   at Terrasoft.Common.Timer.NonOverlappingTimerCallback(TimerCallback callback, Object state, Int32 dueTime, Int32 period) in /opt/buildagent/work/ApplicationCoreLinux/TSBpm/Src/Lib/Terrasoft.Common/Timer.cs:line 22
   at System.Threading.ExecutionContext.RunInternal(ExecutionContext executionContext, ContextCallback callback, Object state)
   at System.Threading.TimerQueueTimer.Fire(Boolean isThreadPool)
   at System.Threading.TimerQueue.FireNextTimers()
   at System.Threading.UnmanagedThreadPoolWorkItem.ExecuteUnmanagedThreadPoolWorkItem(IntPtr callback, IntPtr state)
   at System.Threading.UnmanagedThreadPoolWorkItem.ExecuteUnmanagedThreadPoolWorkItem(IntPtr callback, IntPtr state)
   at System.Threading.UnmanagedThreadPoolWorkItem.System.Threading.IThreadPoolWorkItem.Execute()
   at System.Threading.ThreadPoolWorkQueue.Dispatch()
   at System.Threading.PortableThreadPool.WorkerThread.WorkerThreadStart()
2023-12-21 16:11:02,608 [.NET ThreadPool Worker] ERROR  Terrasoft.Core.UserConnection System.Threading.IAsyncLocal.OnValueChanged - Overwriting UserConnection.Current in the same context is not allowed    at System.Environment.get_StackTrace()
   at Terrasoft.Core.UserConnection.OnCurrentUserConnectionChanged(AsyncLocalValueChangedArgs`1 args)
   at System.Threading.AsyncLocal`1.System.Threading.IAsyncLocal.OnValueChanged(Object previousValueObj, Object currentValueObj, Boolean contextChanged)
   at System.Threading.ExecutionContext.SetLocalValue(IAsyncLocal local, Object newValue, Boolean needChangeNotifications)
   at Terrasoft.WebHost.Session.SessionEventListener.OnSessionEnd(ISession session) in /opt/buildagent/work/ApplicationCoreLinux/TSBpm/Src/Lib/Terrasoft.WebHost/Session/SessionEventListener.cs:line 205
   at Terrasoft.WebHost.Session.ExpiredSessionSynchronizationService.CloseSession(String sessionKey) in /opt/buildagent/work/ApplicationCoreLinux/TSBpm/Src/Lib/Terrasoft.WebHost/Session/ExpiredSessionSynchronizationService.cs:line 64
   at Terrasoft.WebHost.Session.ExpiredSessionSynchronizationService.<ClearExpiredSessionsCallback>b__12_0() in /opt/buildagent/work/ApplicationCoreLinux/TSBpm/Src/Lib/Terrasoft.WebHost/Session/ExpiredSessionSynchronizationService.cs:line 76
   at Terrasoft.Common.Timer.NonOverlappingTimerCallback(TimerCallback callback, Object state, Int32 dueTime, Int32 period) in /opt/buildagent/work/ApplicationCoreLinux/TSBpm/Src/Lib/Terrasoft.Common/Timer.cs:line 22
   at System.Threading.ExecutionContext.RunInternal(ExecutionContext executionContext, ContextCallback callback, Object state)
   at System.Threading.TimerQueueTimer.Fire(Boolean isThreadPool)
   at System.Threading.TimerQueue.FireNextTimers()
   at System.Threading.UnmanagedThreadPoolWorkItem.ExecuteUnmanagedThreadPoolWorkItem(IntPtr callback, IntPtr state)
   at System.Threading.UnmanagedThreadPoolWorkItem.ExecuteUnmanagedThreadPoolWorkItem(IntPtr callback, IntPtr state)
   at System.Threading.UnmanagedThreadPoolWorkItem.System.Threading.IThreadPoolWorkItem.Execute()
   at System.Threading.ThreadPoolWorkQueue.Dispatch()
   at System.Threading.PortableThreadPool.WorkerThread.WorkerThreadStart()
2023-12-21 18:10:44,939 [.NET ThreadPool Worker] ERROR Supervisor Terrasoft.Nui.ServiceModel.AspNetCore.Controllers.CrudDataServiceController RunInternal - 57014: canceling statement due to user request
Npgsql.PostgresException (0x80004005): 57014: canceling statement due to user request
   at Npgsql.NpgsqlConnector.DoReadMessage(Boolean async, DataRowLoadingMode dataRowLoadingMode, Boolean readingNotifications, Boolean isPrependedMessage)
   at Npgsql.NpgsqlConnector.ReadMessage(Boolean async, DataRowLoadingMode dataRowLoadingMode, Boolean readingNotifications)
   at Npgsql.NpgsqlConnector.ReadMessage(Boolean async, DataRowLoadingMode dataRowLoadingMode, Boolean readingNotifications)
   at Npgsql.NpgsqlDataReader.NextResult(Boolean async, Boolean isConsuming)
   at Npgsql.NpgsqlDataReader.<NextResultAsync>b__31_0()
   at Npgsql.NpgsqlCommand.Execute(CommandBehavior behavior, Boolean async, CancellationToken cancellationToken)
   at Npgsql.NpgsqlCommand.ExecuteDbDataReader(CommandBehavior behavior, Boolean async, CancellationToken cancellationToken)
   at Npgsql.NpgsqlCommand.<>c__DisplayClass90_0.<<ExecuteDbDataReaderAsync>b__0>d.MoveNext()
--- End of stack trace from previous location ---
   at Terrasoft.Core.DB.DBExecutor.<>c__DisplayClass153_1.<<InternalExecuteReaderAsync>b__1>d.MoveNext()
--- End of stack trace from previous location ---
   at Polly.Policy.<>c__DisplayClass208_0`1.<<ExecuteAsyncInternal>b__0>d.MoveNext()
--- End of stack trace from previous location ---
   at Polly.Policy.<>c__DisplayClass100_0.<<NoOpAsync>b__1>d.MoveNext()
--- End of stack trace from previous location ---
   at Polly.NoOp.NoOpEngine.ImplementationAsync[TResult](Func`3 action, Context context, CancellationToken cancellationToken, Boolean continueOnCapturedContext)
   at Polly.Policy.ExecuteAsyncInternal[TResult](Func`3 action, Context context, CancellationToken cancellationToken, Boolean continueOnCapturedContext)
   at Terrasoft.Core.DB.DBExecutor.FailoverExecuteReaderAsync(DbCommand command, Func`1 func)
   at Terrasoft.Core.DB.DBExecutor.<>c__DisplayClass153_0.<<InternalExecuteReaderAsync>b__0>d.MoveNext()
--- End of stack trace from previous location ---
   at Terrasoft.Core.DB.DBExecutor.ExecuteCommandAsync[TResult](Func`2 commandExecutionCallback, Func`2 commandExecutionCallbackAsync, String sqlText, QueryParameterCollection queryParameters, CancellationToken cancellationToken, Boolean sync)
   at Terrasoft.Core.DB.DBExecutor.InternalExecuteReaderAsync(String sqlText, QueryParameterCollection queryParameters, CommandBehavior behavior, CancellationToken cancellationToken)
   at Terrasoft.DB.PostgreSql.PostgreSqlExecutor.<>c__DisplayClass42_0.<<InternalExecuteReaderAsync>b__0>d.MoveNext() in /opt/buildagent/work/ApplicationCoreLinux/TSBpm/Src/Lib/Terrasoft.DB.PostgreSql/PostgreSqlExecutor.cs:line 432
--- End of stack trace from previous location ---
   at Terrasoft.DB.PostgreSql.PostgreSqlExecutor.ExecuteInSemaphoreIfInTransaction[TResult](Func`1 action) in /opt/buildagent/work/ApplicationCoreLinux/TSBpm/Src/Lib/Terrasoft.DB.PostgreSql/PostgreSqlExecutor.cs:line 279
   at Terrasoft.DB.PostgreSql.PostgreSqlExecutor.InternalExecuteReaderAsync(String sqlText, QueryParameterCollection queryParameters, CommandBehavior behavior, CancellationToken cancellationToken) in /opt/buildagent/work/ApplicationCoreLinux/TSBpm/Src/Lib/Terrasoft.DB.PostgreSql/PostgreSqlExecutor.cs:line 433
   at Terrasoft.Core.DB.DBExecutor.InternalExecuteReaderAsync(String sqlText, QueryParameterCollection queryParameters, CancellationToken cancellationToken)
   at Terrasoft.Core.DB.Select.ExecuteReaderAsync(DBExecutor dbExecutor, Boolean sync)
   at Terrasoft.Core.Entities.EntitySchemaQuery.GetNativeDataReaderAsync(UserConnection userConnection, Select selectQuery, Boolean sync)
   at Terrasoft.Core.Entities.EntitySchemaQuery.GetDataReaderAsync(UserConnection userConnection, Select selectQuery, Boolean sync)
   at Terrasoft.Core.Entities.EntitySchemaQuery.ExecuteReaderAsync(UserConnection userConnection, EntitySchemaQueryOptions options, Boolean sync)
   at Terrasoft.Core.Entities.EntitySchemaQuery.GetEntityCollectionAsync(UserConnection userConnection, EntitySchemaQueryOptions options, Boolean sync)
   at Terrasoft.Nui.ServiceModel.Extensions.QueryExtension.ExecuteGetEntityCollectionAsync(EntitySchemaQuery esq, EntitySchemaQueryOptions options, UserConnection userConnection) in /opt/buildagent/work/ApplicationCoreLinux/TSBpm/Src/Lib/Terrasoft.Nui.ServiceModel/Extensions/QueryExtension.cs:line 1230
   at Terrasoft.Nui.ServiceModel.Extensions.QueryExtension.ExecuteCoreEntitiesAsync(SelectQuery source, UserConnection userConnection, Nullable`1 cancellationToken, EntitySchemaQuery esq, EntitySchemaQueryOptions options) in /opt/buildagent/work/ApplicationCoreLinux/TSBpm/Src/Lib/Terrasoft.Nui.ServiceModel/Extensions/QueryExtension.cs:line 1058
   at Terrasoft.Nui.ServiceModel.Extensions.QueryExtension.ExecuteSelectQueryAsync(SelectQuery source, UserConnection userConnection, Nullable`1 cancellationToken, Boolean sync) in /opt/buildagent/work/ApplicationCoreLinux/TSBpm/Src/Lib/Terrasoft.Nui.ServiceModel/Extensions/QueryExtension.cs:line 1322
   at Terrasoft.Nui.ServiceModel.BaseCrudDataService.InternalPostAsync(SelectQuery query) in /opt/buildagent/work/ApplicationCoreLinux/TSBpm/Src/Lib/Terrasoft.Nui.ServiceModel/ServiceBase/BaseCrudDataService.cs:line 547
   at Terrasoft.Nui.ServiceModel.AspNetCore.Controllers.CrudDataServiceController.Post(SelectQuery query) in /opt/buildagent/work/ApplicationCoreLinux/TSBpm/Src/Lib/Terrasoft.Nui.ServiceModel.AspNetCore/Controllers/CrudDataServiceController.cs:line 99
