2023-12-21 11:37:49,443 --> PackageDBStorage.Load
2023-12-21 11:37:51,526 <-- PackageDBStorage.Load
2023-12-21 12:26:50,467 --> PackageDBStorage.Load
2023-12-21 12:26:50,501 <-- PackageDBStorage.Load
2023-12-21 12:26:50,730 --> PackageDBStorage.Load
2023-12-21 12:26:56,884 <-- PackageDBStorage.Load
2023-12-21 12:27:44,244 --> PackageDBStorage.Load
2023-12-21 12:27:44,282 <-- PackageDBStorage.Load
2023-12-21 12:27:44,301 --> PackageDBStorage.Load
2023-12-21 12:27:44,336 <-- PackageDBStorage.Load
2023-12-21 12:30:44,347 --> PackageDBStorage.Load
2023-12-21 12:30:49,520 <-- PackageDBStorage.Load
2023-12-21 12:30:50,524 --> PackageDBStorage.Load
2023-12-21 12:30:50,559 <-- PackageDBStorage.Load
2023-12-21 12:30:50,594 --> PackageDBStorage.Load
2023-12-21 12:30:50,628 <-- PackageDBStorage.Load
2023-12-21 12:32:07,282 --> PackageDBStorage.Load
2023-12-21 12:32:07,393 <-- PackageDBStorage.Load
2023-12-21 12:32:07,484 --> PackageDBStorage.Load
2023-12-21 12:32:07,521 <-- PackageDBStorage.Load
2023-12-21 13:10:47,716 --> PackageDBStorage.Load
2023-12-21 13:10:56,071 <-- PackageDBStorage.Load
2023-12-21 13:10:56,233 --> PackageDBStorage.Load
2023-12-21 13:11:00,825 <-- PackageDBStorage.Load
2023-12-21 13:13:52,243 --> PackageDBStorage.Load
2023-12-21 13:13:52,869 <-- PackageDBStorage.Load
2023-12-21 13:14:05,696 --> PackageInstallUtilities.LoadPackagesToDB
2023-12-21 13:14:05,696 --> PackageFileDesignModeStorage.Load
2023-12-21 13:14:05,774 <-- PackageFileDesignModeStorage.Load
2023-12-21 13:14:05,774 --> PackageFileDesignModeDBStorage.Load
2023-12-21 13:14:10,804 <-- PackageFileDesignModeDBStorage.Load
2023-12-21 13:14:10,812 --> PackageStorageComposer.Compose
2023-12-21 13:14:10,812 --> PackageStorageComposer.SpecifySourceStorageChanges
2023-12-21 13:14:10,817 <-- PackageStorageComposer.ApplySourcePackageSqlScriptsChanges
2023-12-21 13:14:10,825 <-- PackageStorageComposer.ApplySourcePackageSqlScriptsChanges
2023-12-21 13:14:10,830 <-- PackageStorageComposer.ApplySourcePackageSqlScriptsChanges
2023-12-21 13:14:10,833 <-- PackageStorageComposer.ApplySourcePackageSqlScriptsChanges
2023-12-21 13:14:10,838 <-- PackageStorageComposer.ApplySourcePackageSqlScriptsChanges
2023-12-21 13:14:10,842 <-- PackageStorageComposer.ApplySourcePackageSqlScriptsChanges
2023-12-21 13:14:10,842 <-- PackageStorageComposer.SpecifySourceStorageChanges
2023-12-21 13:14:10,853 --> PackageFileDesignModeDBStorage.ActualizePackageResourcesState
2023-12-21 13:14:10,863 <-- PackageFileDesignModeDBStorage.ActualizePackageResourcesState
2023-12-21 13:14:10,863 <-- PackageStorageComposer.Compose
2023-12-21 13:14:10,863 --> PackageFileDesignModeDBStorage.Save: Packages [1] Schemas [2] ReferenceAssemblies [0] SqlScripts [0] PackageData [0] SchemaResources [0] CoreResources [0]
2023-12-21 13:14:11,065 --> PackageFileDesignModeDBStorage.SavePackage - UsrRealtyFreedomUI
2023-12-21 13:14:11,241 <-- PackageFileDesignModeDBStorage.SavePackage - UsrRealtyFreedomUI
2023-12-21 13:14:12,358 InstallColumnLookupValues. Count (total): 0
2023-12-21 13:14:15,075 <-- PackageFileDesignModeDBStorage.Save
2023-12-21 13:14:15,075 <-- PackageInstallUtilities.LoadPackagesToDB
2023-12-21 13:14:21,890 --> PackageInstallUtilities.LoadPackagesToFileSystem
2023-12-21 13:14:21,890 --> PackageStorageComposer.Compose
2023-12-21 13:14:21,890 --> PackageFileDesignModeDBStorage.Load
2023-12-21 13:14:25,900 <-- PackageFileDesignModeDBStorage.Load
2023-12-21 13:14:25,900 --> PackageFileDesignModeStorage.Load
2023-12-21 13:14:25,933 <-- PackageFileDesignModeStorage.Load
2023-12-21 13:14:25,933 --> PackageStorageComposer.SpecifySourceStorageChanges
2023-12-21 13:14:25,951 <-- PackageStorageComposer.ApplySourcePackageSqlScriptsChanges
2023-12-21 13:14:25,951 <-- PackageStorageComposer.ApplySourcePackageSqlScriptsChanges
2023-12-21 13:14:25,957 <-- PackageStorageComposer.ApplySourcePackageSqlScriptsChanges
2023-12-21 13:14:25,960 <-- PackageStorageComposer.ApplySourcePackageSqlScriptsChanges
2023-12-21 13:14:25,960 <-- PackageStorageComposer.ApplySourcePackageSqlScriptsChanges
2023-12-21 13:14:25,960 <-- PackageStorageComposer.ApplySourcePackageSqlScriptsChanges
2023-12-21 13:14:25,960 <-- PackageStorageComposer.SpecifySourceStorageChanges
2023-12-21 13:14:25,969 --> PackageFileDesignModeStorage.ActualizePackageResourcesState
2023-12-21 13:14:25,969 <-- PackageFileDesignModeStorage.ActualizePackageResourcesState
2023-12-21 13:14:25,969 <-- PackageStorageComposer.Compose
2023-12-21 13:14:25,985 --> PackageFileDesignModeStorage.Save: Packages [327] Schemas [8498] ReferenceAssemblies [35] SqlScripts [1535] PackageData [5239] SchemaResources [155266] CoreResources [0]
2023-12-21 13:14:25,985 --> PackageFileDesignModeStorage.MarkNotEditablePackagesAsNotChanged
2023-12-21 13:14:25,985 <-- PackageFileDesignModeStorage.MarkNotEditablePackagesAsNotChanged
2023-12-21 13:14:25,988 <-- PackageFileDesignModeStorage.Save
2023-12-21 13:14:25,988 <-- PackageInstallUtilities.LoadPackagesToFileSystem
