2023-12-21 11:37:46,955 [1] INFO  Redis CreateRedisClientsManager - Redis clients manager is created with type: [Terrasoft.Redis.StackExchangeAdapters.RedisClientsManagerAdapter, Terrasoft.Redis.StackExchangeAdapters]
2023-12-21 11:38:01,510 [1] INFO  Redis StartCheckExpiredSessionsTimer - Expired sessions cleanup will occur every [60000] ms.
2023-12-21 11:39:01,540 [.NET ThreadPool Worker] INFO  Redis GetExpiredSessionKeys - All session keys: 0.Expired session keys: 0.
2023-12-21 11:40:01,564 [.NET ThreadPool Worker] INFO  Redis <ClearExpiredSessionsCallback>b__12_0 - All session keys: 1.Expired session keys: 0.
2023-12-21 11:41:01,569 [.NET ThreadPool Worker] INFO  Redis <ClearExpiredSessionsCallback>b__12_0 - All session keys: 1.Expired session keys: 0.
2023-12-21 11:42:01,569 [.NET ThreadPool Worker] INFO  Redis <ClearExpiredSessionsCallback>b__12_0 - All session keys: 1.Expired session keys: 0.
2023-12-21 11:43:01,573 [.NET ThreadPool Worker] INFO  Redis <ClearExpiredSessionsCallback>b__12_0 - All session keys: 1.Expired session keys: 0.
2023-12-21 11:44:01,578 [.NET ThreadPool Worker] INFO  Redis <ClearExpiredSessionsCallback>b__12_0 - All session keys: 1.Expired session keys: 0.
2023-12-21 11:45:01,579 [.NET ThreadPool Worker] INFO  Redis <ClearExpiredSessionsCallback>b__12_0 - All session keys: 1.Expired session keys: 0.
2023-12-21 11:46:01,583 [.NET ThreadPool Worker] INFO  Redis <ClearExpiredSessionsCallback>b__12_0 - All session keys: 1.Expired session keys: 0.
2023-12-21 11:47:01,586 [.NET ThreadPool Worker] INFO  Redis <ClearExpiredSessionsCallback>b__12_0 - All session keys: 1.Expired session keys: 0.
2023-12-21 11:48:01,593 [.NET ThreadPool Worker] INFO  Redis <ClearExpiredSessionsCallback>b__12_0 - All session keys: 1.Expired session keys: 0.
2023-12-21 11:49:01,598 [.NET ThreadPool Worker] INFO  Redis <ClearExpiredSessionsCallback>b__12_0 - All session keys: 1.Expired session keys: 0.
2023-12-21 11:50:01,598 [.NET ThreadPool Worker] INFO  Redis <ClearExpiredSessionsCallback>b__12_0 - All session keys: 1.Expired session keys: 0.
2023-12-21 11:51:01,603 [.NET ThreadPool Worker] INFO  Redis <ClearExpiredSessionsCallback>b__12_0 - All session keys: 1.Expired session keys: 0.
2023-12-21 11:52:01,606 [.NET ThreadPool Worker] INFO  Redis <ClearExpiredSessionsCallback>b__12_0 - All session keys: 1.Expired session keys: 0.
2023-12-21 11:53:01,610 [.NET ThreadPool Worker] INFO  Redis <ClearExpiredSessionsCallback>b__12_0 - All session keys: 1.Expired session keys: 0.
2023-12-21 11:54:01,614 [.NET ThreadPool Worker] INFO  Redis <ClearExpiredSessionsCallback>b__12_0 - All session keys: 1.Expired session keys: 0.
2023-12-21 11:55:01,622 [.NET ThreadPool Worker] INFO  Redis <ClearExpiredSessionsCallback>b__12_0 - All session keys: 1.Expired session keys: 0.
2023-12-21 11:56:01,630 [.NET ThreadPool Worker] INFO  Redis <ClearExpiredSessionsCallback>b__12_0 - All session keys: 1.Expired session keys: 0.
2023-12-21 11:57:01,634 [.NET ThreadPool Worker] INFO  Redis <ClearExpiredSessionsCallback>b__12_0 - All session keys: 1.Expired session keys: 0.
2023-12-21 11:58:01,639 [.NET ThreadPool Worker] INFO  Redis <ClearExpiredSessionsCallback>b__12_0 - All session keys: 1.Expired session keys: 0.
2023-12-21 11:59:01,645 [.NET ThreadPool Worker] INFO  Redis <ClearExpiredSessionsCallback>b__12_0 - All session keys: 1.Expired session keys: 0.
2023-12-21 12:00:01,650 [.NET ThreadPool Worker] INFO  Redis <ClearExpiredSessionsCallback>b__12_0 - All session keys: 1.Expired session keys: 0.
2023-12-21 12:01:01,658 [.NET ThreadPool Worker] INFO  Redis <ClearExpiredSessionsCallback>b__12_0 - All session keys: 1.Expired session keys: 0.
2023-12-21 12:02:01,661 [.NET ThreadPool Worker] INFO  Redis <ClearExpiredSessionsCallback>b__12_0 - All session keys: 1.Expired session keys: 0.
2023-12-21 12:03:01,662 [.NET ThreadPool Worker] INFO  Redis <ClearExpiredSessionsCallback>b__12_0 - All session keys: 1.Expired session keys: 0.
2023-12-21 12:04:01,667 [.NET ThreadPool Worker] INFO  Redis <ClearExpiredSessionsCallback>b__12_0 - All session keys: 1.Expired session keys: 0.
2023-12-21 12:05:01,672 [.NET ThreadPool Worker] INFO  Redis <ClearExpiredSessionsCallback>b__12_0 - All session keys: 1.Expired session keys: 0.
2023-12-21 12:06:01,673 [.NET ThreadPool Worker] INFO  Redis <ClearExpiredSessionsCallback>b__12_0 - All session keys: 1.Expired session keys: 0.
2023-12-21 12:07:01,676 [.NET ThreadPool Worker] INFO  Redis <ClearExpiredSessionsCallback>b__12_0 - All session keys: 1.Expired session keys: 0.
2023-12-21 12:08:01,681 [.NET ThreadPool Worker] INFO  Redis <ClearExpiredSessionsCallback>b__12_0 - All session keys: 1.Expired session keys: 0.
2023-12-21 12:09:01,681 [.NET ThreadPool Worker] INFO  Redis <ClearExpiredSessionsCallback>b__12_0 - All session keys: 1.Expired session keys: 0.
2023-12-21 12:10:01,686 [.NET ThreadPool Worker] INFO  Redis <ClearExpiredSessionsCallback>b__12_0 - All session keys: 1.Expired session keys: 0.
2023-12-21 12:11:01,690 [.NET ThreadPool Worker] INFO  Redis <ClearExpiredSessionsCallback>b__12_0 - All session keys: 1.Expired session keys: 0.
2023-12-21 12:12:01,696 [.NET ThreadPool Worker] INFO  Redis <ClearExpiredSessionsCallback>b__12_0 - All session keys: 1.Expired session keys: 0.
2023-12-21 12:13:01,702 [.NET ThreadPool Worker] INFO  Redis <ClearExpiredSessionsCallback>b__12_0 - All session keys: 1.Expired session keys: 0.
2023-12-21 12:14:01,707 [.NET ThreadPool Worker] INFO  Redis <ClearExpiredSessionsCallback>b__12_0 - All session keys: 1.Expired session keys: 0.
2023-12-21 12:15:01,714 [.NET ThreadPool Worker] INFO  Redis <ClearExpiredSessionsCallback>b__12_0 - All session keys: 1.Expired session keys: 0.
2023-12-21 12:16:01,721 [.NET ThreadPool Worker] INFO  Redis <ClearExpiredSessionsCallback>b__12_0 - All session keys: 1.Expired session keys: 0.
2023-12-21 12:17:01,721 [.NET ThreadPool Worker] INFO  Redis <ClearExpiredSessionsCallback>b__12_0 - All session keys: 1.Expired session keys: 0.
2023-12-21 12:18:01,726 [.NET ThreadPool Worker] INFO  Redis <ClearExpiredSessionsCallback>b__12_0 - All session keys: 1.Expired session keys: 0.
2023-12-21 12:19:01,728 [.NET ThreadPool Worker] INFO  Redis <ClearExpiredSessionsCallback>b__12_0 - All session keys: 1.Expired session keys: 0.
2023-12-21 12:20:01,729 [.NET ThreadPool Worker] INFO  Redis <ClearExpiredSessionsCallback>b__12_0 - All session keys: 1.Expired session keys: 0.
2023-12-21 12:21:01,734 [.NET ThreadPool Worker] INFO  Redis <ClearExpiredSessionsCallback>b__12_0 - All session keys: 1.Expired session keys: 0.
2023-12-21 12:22:01,738 [.NET ThreadPool Worker] INFO  Redis <ClearExpiredSessionsCallback>b__12_0 - All session keys: 1.Expired session keys: 0.
2023-12-21 12:23:01,746 [.NET ThreadPool Worker] INFO  Redis <ClearExpiredSessionsCallback>b__12_0 - All session keys: 1.Expired session keys: 0.
2023-12-21 12:24:01,750 [.NET ThreadPool Worker] INFO  Redis <ClearExpiredSessionsCallback>b__12_0 - All session keys: 1.Expired session keys: 0.
2023-12-21 12:25:01,754 [.NET ThreadPool Worker] INFO  Redis <ClearExpiredSessionsCallback>b__12_0 - All session keys: 1.Expired session keys: 0.
2023-12-21 12:26:01,756 [.NET ThreadPool Worker] INFO  Redis <ClearExpiredSessionsCallback>b__12_0 - All session keys: 1.Expired session keys: 0.
2023-12-21 12:27:01,762 [.NET ThreadPool Worker] INFO  Redis <ClearExpiredSessionsCallback>b__12_0 - All session keys: 1.Expired session keys: 0.
2023-12-21 12:28:01,771 [.NET ThreadPool Worker] INFO  Redis <ClearExpiredSessionsCallback>b__12_0 - All session keys: 1.Expired session keys: 0.
2023-12-21 12:29:01,777 [.NET ThreadPool Worker] INFO  Redis <ClearExpiredSessionsCallback>b__12_0 - All session keys: 1.Expired session keys: 0.
2023-12-21 12:30:01,776 [.NET ThreadPool Worker] INFO  Redis <ClearExpiredSessionsCallback>b__12_0 - All session keys: 1.Expired session keys: 0.
2023-12-21 12:31:01,782 [.NET ThreadPool Worker] INFO  Redis <ClearExpiredSessionsCallback>b__12_0 - All session keys: 1.Expired session keys: 0.
2023-12-21 12:32:01,784 [.NET ThreadPool Worker] INFO  Redis <ClearExpiredSessionsCallback>b__12_0 - All session keys: 1.Expired session keys: 0.
2023-12-21 12:33:01,787 [.NET ThreadPool Worker] INFO  Redis <ClearExpiredSessionsCallback>b__12_0 - All session keys: 1.Expired session keys: 0.
2023-12-21 12:34:01,793 [.NET ThreadPool Worker] INFO  Redis <ClearExpiredSessionsCallback>b__12_0 - All session keys: 1.Expired session keys: 0.
2023-12-21 12:35:01,794 [.NET ThreadPool Worker] INFO  Redis <ClearExpiredSessionsCallback>b__12_0 - All session keys: 1.Expired session keys: 0.
2023-12-21 12:36:01,798 [.NET ThreadPool Worker] INFO  Redis <ClearExpiredSessionsCallback>b__12_0 - All session keys: 1.Expired session keys: 0.
2023-12-21 12:37:01,804 [.NET ThreadPool Worker] INFO  Redis <ClearExpiredSessionsCallback>b__12_0 - All session keys: 1.Expired session keys: 0.
2023-12-21 12:38:01,809 [.NET ThreadPool Worker] INFO  Redis <ClearExpiredSessionsCallback>b__12_0 - All session keys: 1.Expired session keys: 0.
2023-12-21 12:39:01,810 [.NET ThreadPool Worker] INFO  Redis <ClearExpiredSessionsCallback>b__12_0 - All session keys: 1.Expired session keys: 0.
2023-12-21 12:40:01,810 [.NET ThreadPool Worker] INFO  Redis <ClearExpiredSessionsCallback>b__12_0 - All session keys: 1.Expired session keys: 0.
2023-12-21 12:41:01,812 [.NET ThreadPool Worker] INFO  Redis <ClearExpiredSessionsCallback>b__12_0 - All session keys: 1.Expired session keys: 0.
2023-12-21 12:42:01,813 [.NET ThreadPool Worker] INFO  Redis <ClearExpiredSessionsCallback>b__12_0 - All session keys: 1.Expired session keys: 0.
2023-12-21 12:43:01,817 [.NET ThreadPool Worker] INFO  Redis <ClearExpiredSessionsCallback>b__12_0 - All session keys: 1.Expired session keys: 0.
2023-12-21 12:44:01,817 [.NET ThreadPool Worker] INFO  Redis <ClearExpiredSessionsCallback>b__12_0 - All session keys: 1.Expired session keys: 0.
2023-12-21 12:45:01,822 [.NET ThreadPool Worker] INFO  Redis <ClearExpiredSessionsCallback>b__12_0 - All session keys: 1.Expired session keys: 0.
2023-12-21 12:46:01,821 [.NET ThreadPool Worker] INFO  Redis <ClearExpiredSessionsCallback>b__12_0 - All session keys: 1.Expired session keys: 0.
2023-12-21 12:47:01,824 [.NET ThreadPool Worker] INFO  Redis <ClearExpiredSessionsCallback>b__12_0 - All session keys: 1.Expired session keys: 0.
2023-12-21 12:48:01,824 [.NET ThreadPool Worker] INFO  Redis <ClearExpiredSessionsCallback>b__12_0 - All session keys: 1.Expired session keys: 0.
2023-12-21 12:49:01,829 [.NET ThreadPool Worker] INFO  Redis <ClearExpiredSessionsCallback>b__12_0 - All session keys: 1.Expired session keys: 0.
2023-12-21 12:50:01,833 [.NET ThreadPool Worker] INFO  Redis <ClearExpiredSessionsCallback>b__12_0 - All session keys: 1.Expired session keys: 0.
2023-12-21 12:51:01,835 [.NET ThreadPool Worker] INFO  Redis <ClearExpiredSessionsCallback>b__12_0 - All session keys: 1.Expired session keys: 0.
2023-12-21 12:52:01,842 [.NET ThreadPool Worker] INFO  Redis <ClearExpiredSessionsCallback>b__12_0 - All session keys: 1.Expired session keys: 0.
2023-12-21 12:53:01,845 [.NET ThreadPool Worker] INFO  Redis <ClearExpiredSessionsCallback>b__12_0 - All session keys: 1.Expired session keys: 0.
2023-12-21 12:54:01,850 [.NET ThreadPool Worker] INFO  Redis <ClearExpiredSessionsCallback>b__12_0 - All session keys: 1.Expired session keys: 0.
2023-12-21 12:55:01,853 [.NET ThreadPool Worker] INFO  Redis <ClearExpiredSessionsCallback>b__12_0 - All session keys: 1.Expired session keys: 0.
2023-12-21 12:56:01,852 [.NET ThreadPool Worker] INFO  Redis <ClearExpiredSessionsCallback>b__12_0 - All session keys: 1.Expired session keys: 0.
2023-12-21 12:57:01,858 [.NET ThreadPool Worker] INFO  Redis <ClearExpiredSessionsCallback>b__12_0 - All session keys: 1.Expired session keys: 0.
2023-12-21 12:58:01,861 [.NET ThreadPool Worker] INFO  Redis <ClearExpiredSessionsCallback>b__12_0 - All session keys: 1.Expired session keys: 0.
2023-12-21 12:59:01,866 [.NET ThreadPool Worker] INFO  Redis <ClearExpiredSessionsCallback>b__12_0 - All session keys: 1.Expired session keys: 0.
2023-12-21 13:00:01,864 [.NET ThreadPool Worker] INFO  Redis <ClearExpiredSessionsCallback>b__12_0 - All session keys: 1.Expired session keys: 0.
2023-12-21 13:01:01,868 [.NET ThreadPool Worker] INFO  Redis <ClearExpiredSessionsCallback>b__12_0 - All session keys: 1.Expired session keys: 0.
2023-12-21 13:02:01,872 [.NET ThreadPool Worker] INFO  Redis <ClearExpiredSessionsCallback>b__12_0 - All session keys: 1.Expired session keys: 0.
2023-12-21 13:03:01,876 [.NET ThreadPool Worker] INFO  Redis <ClearExpiredSessionsCallback>b__12_0 - All session keys: 1.Expired session keys: 0.
2023-12-21 13:04:01,875 [.NET ThreadPool Worker] INFO  Redis <ClearExpiredSessionsCallback>b__12_0 - All session keys: 1.Expired session keys: 0.
2023-12-21 13:05:01,880 [.NET ThreadPool Worker] INFO  Redis <ClearExpiredSessionsCallback>b__12_0 - All session keys: 1.Expired session keys: 0.
2023-12-21 13:06:01,884 [.NET ThreadPool Worker] INFO  Redis <ClearExpiredSessionsCallback>b__12_0 - All session keys: 1.Expired session keys: 0.
2023-12-21 13:07:01,887 [.NET ThreadPool Worker] INFO  Redis <ClearExpiredSessionsCallback>b__12_0 - All session keys: 1.Expired session keys: 0.
2023-12-21 13:08:01,888 [.NET ThreadPool Worker] INFO  Redis <ClearExpiredSessionsCallback>b__12_0 - All session keys: 1.Expired session keys: 0.
2023-12-21 13:09:01,893 [.NET ThreadPool Worker] INFO  Redis <ClearExpiredSessionsCallback>b__12_0 - All session keys: 1.Expired session keys: 0.
2023-12-21 13:10:01,895 [.NET ThreadPool Worker] INFO  Redis <ClearExpiredSessionsCallback>b__12_0 - All session keys: 1.Expired session keys: 0.
2023-12-21 13:11:01,903 [.NET ThreadPool Worker] INFO  Redis <ClearExpiredSessionsCallback>b__12_0 - All session keys: 1.Expired session keys: 0.
2023-12-21 13:12:01,970 [.NET ThreadPool Worker] INFO  Redis <ClearExpiredSessionsCallback>b__12_0 - All session keys: 1.Expired session keys: 0.
2023-12-21 13:13:01,984 [.NET ThreadPool Worker] INFO  Redis <ClearExpiredSessionsCallback>b__12_0 - All session keys: 1.Expired session keys: 0.
2023-12-21 13:13:50,162 [1] INFO  Redis CreateRedisClientsManager - Redis clients manager is created with type: [Terrasoft.Redis.StackExchangeAdapters.RedisClientsManagerAdapter, Terrasoft.Redis.StackExchangeAdapters]
2023-12-21 13:14:01,816 [1] INFO  Redis StartCheckExpiredSessionsTimer - Expired sessions cleanup will occur every [60000] ms.
2023-12-21 13:15:01,826 [.NET ThreadPool Worker] INFO  Redis <ClearExpiredSessionsCallback>b__12_0 - All session keys: 1.Expired session keys: 0.
2023-12-21 13:16:01,829 [.NET ThreadPool Worker] INFO  Redis <ClearExpiredSessionsCallback>b__12_0 - All session keys: 1.Expired session keys: 0.
2023-12-21 13:17:01,834 [.NET ThreadPool Worker] INFO  Redis <ClearExpiredSessionsCallback>b__12_0 - All session keys: 1.Expired session keys: 0.
2023-12-21 13:18:01,839 [.NET ThreadPool Worker] INFO  Redis <ClearExpiredSessionsCallback>b__12_0 - All session keys: 1.Expired session keys: 0.
2023-12-21 13:19:01,846 [.NET ThreadPool Worker] INFO  Redis <ClearExpiredSessionsCallback>b__12_0 - All session keys: 1.Expired session keys: 0.
2023-12-21 13:20:01,846 [.NET ThreadPool Worker] INFO  Redis <ClearExpiredSessionsCallback>b__12_0 - All session keys: 1.Expired session keys: 0.
2023-12-21 13:21:01,850 [.NET ThreadPool Worker] INFO  Redis <ClearExpiredSessionsCallback>b__12_0 - All session keys: 1.Expired session keys: 0.
2023-12-21 13:22:01,850 [.NET ThreadPool Worker] INFO  Redis <ClearExpiredSessionsCallback>b__12_0 - All session keys: 1.Expired session keys: 0.
2023-12-21 13:23:01,851 [.NET ThreadPool Worker] INFO  Redis <ClearExpiredSessionsCallback>b__12_0 - All session keys: 1.Expired session keys: 0.
2023-12-21 13:24:01,856 [.NET ThreadPool Worker] INFO  Redis <ClearExpiredSessionsCallback>b__12_0 - All session keys: 1.Expired session keys: 0.
2023-12-21 13:25:01,860 [.NET ThreadPool Worker] INFO  Redis <ClearExpiredSessionsCallback>b__12_0 - All session keys: 1.Expired session keys: 0.
2023-12-21 13:26:01,862 [.NET ThreadPool Worker] INFO  Redis <ClearExpiredSessionsCallback>b__12_0 - All session keys: 1.Expired session keys: 0.
2023-12-21 13:27:01,863 [.NET ThreadPool Worker] INFO  Redis <ClearExpiredSessionsCallback>b__12_0 - All session keys: 1.Expired session keys: 0.
2023-12-21 13:28:01,866 [.NET ThreadPool Worker] INFO  Redis <ClearExpiredSessionsCallback>b__12_0 - All session keys: 1.Expired session keys: 0.
2023-12-21 13:29:01,871 [.NET ThreadPool Worker] INFO  Redis <ClearExpiredSessionsCallback>b__12_0 - All session keys: 1.Expired session keys: 0.
2023-12-21 13:30:01,879 [.NET ThreadPool Worker] INFO  Redis <ClearExpiredSessionsCallback>b__12_0 - All session keys: 1.Expired session keys: 0.
2023-12-21 13:31:01,884 [.NET ThreadPool Worker] INFO  Redis <ClearExpiredSessionsCallback>b__12_0 - All session keys: 1.Expired session keys: 0.
2023-12-21 13:32:01,890 [.NET ThreadPool Worker] INFO  Redis <ClearExpiredSessionsCallback>b__12_0 - All session keys: 1.Expired session keys: 0.
2023-12-21 13:33:01,888 [.NET ThreadPool Worker] INFO  Redis <ClearExpiredSessionsCallback>b__12_0 - All session keys: 1.Expired session keys: 0.
2023-12-21 13:34:01,894 [.NET ThreadPool Worker] INFO  Redis <ClearExpiredSessionsCallback>b__12_0 - All session keys: 1.Expired session keys: 0.
2023-12-21 13:35:01,898 [.NET ThreadPool Worker] INFO  Redis <ClearExpiredSessionsCallback>b__12_0 - All session keys: 1.Expired session keys: 0.
2023-12-21 13:36:01,899 [.NET ThreadPool Worker] INFO  Redis <ClearExpiredSessionsCallback>b__12_0 - All session keys: 1.Expired session keys: 0.
2023-12-21 13:37:01,906 [.NET ThreadPool Worker] INFO  Redis <ClearExpiredSessionsCallback>b__12_0 - All session keys: 1.Expired session keys: 0.
2023-12-21 13:38:01,911 [.NET ThreadPool Worker] INFO  Redis <ClearExpiredSessionsCallback>b__12_0 - All session keys: 1.Expired session keys: 0.
2023-12-21 13:39:01,918 [.NET ThreadPool Worker] INFO  Redis <ClearExpiredSessionsCallback>b__12_0 - All session keys: 1.Expired session keys: 0.
2023-12-21 13:40:01,923 [.NET ThreadPool Worker] INFO  Redis <ClearExpiredSessionsCallback>b__12_0 - All session keys: 1.Expired session keys: 0.
2023-12-21 13:41:01,930 [.NET ThreadPool Worker] INFO  Redis <ClearExpiredSessionsCallback>b__12_0 - All session keys: 1.Expired session keys: 0.
2023-12-21 13:42:01,930 [.NET ThreadPool Worker] INFO  Redis <ClearExpiredSessionsCallback>b__12_0 - All session keys: 1.Expired session keys: 0.
2023-12-21 13:43:01,934 [.NET ThreadPool Worker] INFO  Redis <ClearExpiredSessionsCallback>b__12_0 - All session keys: 1.Expired session keys: 0.
2023-12-21 13:44:01,938 [.NET ThreadPool Worker] INFO  Redis <ClearExpiredSessionsCallback>b__12_0 - All session keys: 1.Expired session keys: 0.
2023-12-21 13:45:01,940 [.NET ThreadPool Worker] INFO  Redis <ClearExpiredSessionsCallback>b__12_0 - All session keys: 1.Expired session keys: 0.
2023-12-21 13:46:01,946 [.NET ThreadPool Worker] INFO  Redis <ClearExpiredSessionsCallback>b__12_0 - All session keys: 1.Expired session keys: 0.
2023-12-21 13:47:01,946 [.NET ThreadPool Worker] INFO  Redis <ClearExpiredSessionsCallback>b__12_0 - All session keys: 1.Expired session keys: 0.
2023-12-21 13:48:01,946 [.NET ThreadPool Worker] INFO  Redis <ClearExpiredSessionsCallback>b__12_0 - All session keys: 1.Expired session keys: 0.
2023-12-21 13:49:01,950 [.NET ThreadPool Worker] INFO  Redis <ClearExpiredSessionsCallback>b__12_0 - All session keys: 1.Expired session keys: 0.
2023-12-21 13:50:01,955 [.NET ThreadPool Worker] INFO  Redis <ClearExpiredSessionsCallback>b__12_0 - All session keys: 1.Expired session keys: 0.
2023-12-21 13:51:01,962 [.NET ThreadPool Worker] INFO  Redis <ClearExpiredSessionsCallback>b__12_0 - All session keys: 1.Expired session keys: 0.
2023-12-21 13:52:01,971 [.NET ThreadPool Worker] INFO  Redis <ClearExpiredSessionsCallback>b__12_0 - All session keys: 1.Expired session keys: 0.
2023-12-21 13:53:01,979 [.NET ThreadPool Worker] INFO  Redis <ClearExpiredSessionsCallback>b__12_0 - All session keys: 1.Expired session keys: 0.
2023-12-21 13:54:01,983 [.NET ThreadPool Worker] INFO  Redis <ClearExpiredSessionsCallback>b__12_0 - All session keys: 1.Expired session keys: 0.
2023-12-21 13:55:01,988 [.NET ThreadPool Worker] INFO  Redis <ClearExpiredSessionsCallback>b__12_0 - All session keys: 1.Expired session keys: 0.
2023-12-21 13:56:01,990 [.NET ThreadPool Worker] INFO  Redis <ClearExpiredSessionsCallback>b__12_0 - All session keys: 1.Expired session keys: 0.
2023-12-21 13:57:01,992 [.NET ThreadPool Worker] INFO  Redis <ClearExpiredSessionsCallback>b__12_0 - All session keys: 1.Expired session keys: 0.
2023-12-21 13:58:01,998 [.NET ThreadPool Worker] INFO  Redis <ClearExpiredSessionsCallback>b__12_0 - All session keys: 1.Expired session keys: 0.
2023-12-21 13:59:02,001 [.NET ThreadPool Worker] INFO  Redis <ClearExpiredSessionsCallback>b__12_0 - All session keys: 1.Expired session keys: 0.
2023-12-21 14:00:02,004 [.NET ThreadPool Worker] INFO  Redis <ClearExpiredSessionsCallback>b__12_0 - All session keys: 1.Expired session keys: 0.
2023-12-21 14:01:02,008 [.NET ThreadPool Worker] INFO  Redis <ClearExpiredSessionsCallback>b__12_0 - All session keys: 1.Expired session keys: 0.
2023-12-21 14:02:02,011 [.NET ThreadPool Worker] INFO  Redis <ClearExpiredSessionsCallback>b__12_0 - All session keys: 1.Expired session keys: 0.
2023-12-21 14:03:02,016 [.NET ThreadPool Worker] INFO  Redis <ClearExpiredSessionsCallback>b__12_0 - All session keys: 1.Expired session keys: 0.
2023-12-21 14:04:02,022 [.NET ThreadPool Worker] INFO  Redis <ClearExpiredSessionsCallback>b__12_0 - All session keys: 1.Expired session keys: 0.
2023-12-21 14:05:02,024 [.NET ThreadPool Worker] INFO  Redis <ClearExpiredSessionsCallback>b__12_0 - All session keys: 1.Expired session keys: 0.
2023-12-21 14:06:02,031 [.NET ThreadPool Worker] INFO  Redis <ClearExpiredSessionsCallback>b__12_0 - All session keys: 1.Expired session keys: 0.
2023-12-21 14:07:02,037 [.NET ThreadPool Worker] INFO  Redis <ClearExpiredSessionsCallback>b__12_0 - All session keys: 1.Expired session keys: 0.
2023-12-21 14:08:02,036 [.NET ThreadPool Worker] INFO  Redis <ClearExpiredSessionsCallback>b__12_0 - All session keys: 1.Expired session keys: 0.
2023-12-21 14:09:02,042 [.NET ThreadPool Worker] INFO  Redis <ClearExpiredSessionsCallback>b__12_0 - All session keys: 1.Expired session keys: 0.
2023-12-21 14:10:02,046 [.NET ThreadPool Worker] INFO  Redis <ClearExpiredSessionsCallback>b__12_0 - All session keys: 1.Expired session keys: 0.
2023-12-21 14:11:02,054 [.NET ThreadPool Worker] INFO  Redis <ClearExpiredSessionsCallback>b__12_0 - All session keys: 1.Expired session keys: 0.
2023-12-21 14:12:02,054 [.NET ThreadPool Worker] INFO  Redis <ClearExpiredSessionsCallback>b__12_0 - All session keys: 1.Expired session keys: 0.
2023-12-21 14:13:02,062 [.NET ThreadPool Worker] INFO  Redis <ClearExpiredSessionsCallback>b__12_0 - All session keys: 1.Expired session keys: 0.
2023-12-21 14:14:02,070 [.NET ThreadPool Worker] INFO  Redis <ClearExpiredSessionsCallback>b__12_0 - All session keys: 1.Expired session keys: 0.
2023-12-21 14:15:02,075 [.NET ThreadPool Worker] INFO  Redis <ClearExpiredSessionsCallback>b__12_0 - All session keys: 1.Expired session keys: 1.
2023-12-21 14:16:02,142 [.NET ThreadPool Worker] INFO  Redis <ClearExpiredSessionsCallback>b__12_0 - All session keys: 0.Expired session keys: 0.
2023-12-21 14:17:02,150 [.NET ThreadPool Worker] INFO  Redis <ClearExpiredSessionsCallback>b__12_0 - All session keys: 0.Expired session keys: 0.
2023-12-21 14:18:02,154 [.NET ThreadPool Worker] INFO  Redis <ClearExpiredSessionsCallback>b__12_0 - All session keys: 0.Expired session keys: 0.
2023-12-21 14:19:02,158 [.NET ThreadPool Worker] INFO  Redis <ClearExpiredSessionsCallback>b__12_0 - All session keys: 0.Expired session keys: 0.
2023-12-21 14:20:02,162 [.NET ThreadPool Worker] INFO  Redis <ClearExpiredSessionsCallback>b__12_0 - All session keys: 0.Expired session keys: 0.
2023-12-21 14:21:02,166 [.NET ThreadPool Worker] INFO  Redis <ClearExpiredSessionsCallback>b__12_0 - All session keys: 0.Expired session keys: 0.
2023-12-21 14:22:02,170 [.NET ThreadPool Worker] INFO  Redis <ClearExpiredSessionsCallback>b__12_0 - All session keys: 0.Expired session keys: 0.
2023-12-21 14:23:02,173 [.NET ThreadPool Worker] INFO  Redis <ClearExpiredSessionsCallback>b__12_0 - All session keys: 0.Expired session keys: 0.
2023-12-21 14:24:02,172 [.NET ThreadPool Worker] INFO  Redis <ClearExpiredSessionsCallback>b__12_0 - All session keys: 0.Expired session keys: 0.
2023-12-21 14:25:02,178 [.NET ThreadPool Worker] INFO  Redis <ClearExpiredSessionsCallback>b__12_0 - All session keys: 0.Expired session keys: 0.
2023-12-21 14:26:02,183 [.NET ThreadPool Worker] INFO  Redis <ClearExpiredSessionsCallback>b__12_0 - All session keys: 0.Expired session keys: 0.
2023-12-21 14:27:02,189 [.NET ThreadPool Worker] INFO  Redis <ClearExpiredSessionsCallback>b__12_0 - All session keys: 0.Expired session keys: 0.
2023-12-21 14:28:02,193 [.NET ThreadPool Worker] INFO  Redis <ClearExpiredSessionsCallback>b__12_0 - All session keys: 0.Expired session keys: 0.
2023-12-21 14:29:02,194 [.NET ThreadPool Worker] INFO  Redis <ClearExpiredSessionsCallback>b__12_0 - All session keys: 0.Expired session keys: 0.
2023-12-21 14:30:02,195 [.NET ThreadPool Worker] INFO  Redis <ClearExpiredSessionsCallback>b__12_0 - All session keys: 0.Expired session keys: 0.
2023-12-21 14:31:02,199 [.NET ThreadPool Worker] INFO  Redis <ClearExpiredSessionsCallback>b__12_0 - All session keys: 0.Expired session keys: 0.
2023-12-21 14:32:02,206 [.NET ThreadPool Worker] INFO  Redis <ClearExpiredSessionsCallback>b__12_0 - All session keys: 0.Expired session keys: 0.
2023-12-21 14:33:02,215 [.NET ThreadPool Worker] INFO  Redis <ClearExpiredSessionsCallback>b__12_0 - All session keys: 0.Expired session keys: 0.
2023-12-21 14:34:02,218 [.NET ThreadPool Worker] INFO  Redis <ClearExpiredSessionsCallback>b__12_0 - All session keys: 0.Expired session keys: 0.
2023-12-21 14:35:02,222 [.NET ThreadPool Worker] INFO  Redis <ClearExpiredSessionsCallback>b__12_0 - All session keys: 0.Expired session keys: 0.
2023-12-21 14:36:02,227 [.NET ThreadPool Worker] INFO  Redis <ClearExpiredSessionsCallback>b__12_0 - All session keys: 0.Expired session keys: 0.
2023-12-21 14:37:02,230 [.NET ThreadPool Worker] INFO  Redis <ClearExpiredSessionsCallback>b__12_0 - All session keys: 0.Expired session keys: 0.
2023-12-21 14:38:02,238 [.NET ThreadPool Worker] INFO  Redis <ClearExpiredSessionsCallback>b__12_0 - All session keys: 0.Expired session keys: 0.
2023-12-21 14:39:02,240 [.NET ThreadPool Worker] INFO  Redis <ClearExpiredSessionsCallback>b__12_0 - All session keys: 0.Expired session keys: 0.
2023-12-21 14:40:02,242 [.NET ThreadPool Worker] INFO  Redis <ClearExpiredSessionsCallback>b__12_0 - All session keys: 0.Expired session keys: 0.
2023-12-21 14:41:02,250 [.NET ThreadPool Worker] INFO  Redis <ClearExpiredSessionsCallback>b__12_0 - All session keys: 0.Expired session keys: 0.
2023-12-21 14:42:02,255 [.NET ThreadPool Worker] INFO  Redis <ClearExpiredSessionsCallback>b__12_0 - All session keys: 0.Expired session keys: 0.
2023-12-21 14:43:02,262 [.NET ThreadPool Worker] INFO  Redis <ClearExpiredSessionsCallback>b__12_0 - All session keys: 0.Expired session keys: 0.
2023-12-21 14:44:02,261 [.NET ThreadPool Worker] INFO  Redis <ClearExpiredSessionsCallback>b__12_0 - All session keys: 0.Expired session keys: 0.
2023-12-21 14:45:02,266 [.NET ThreadPool Worker] INFO  Redis <ClearExpiredSessionsCallback>b__12_0 - All session keys: 0.Expired session keys: 0.
2023-12-21 14:46:02,270 [.NET ThreadPool Worker] INFO  Redis <ClearExpiredSessionsCallback>b__12_0 - All session keys: 0.Expired session keys: 0.
2023-12-21 14:47:02,269 [.NET ThreadPool Worker] INFO  Redis <ClearExpiredSessionsCallback>b__12_0 - All session keys: 0.Expired session keys: 0.
2023-12-21 14:48:02,274 [.NET ThreadPool Worker] INFO  Redis <ClearExpiredSessionsCallback>b__12_0 - All session keys: 0.Expired session keys: 0.
2023-12-21 14:49:02,278 [.NET ThreadPool Worker] INFO  Redis <ClearExpiredSessionsCallback>b__12_0 - All session keys: 0.Expired session keys: 0.
2023-12-21 14:50:02,278 [.NET ThreadPool Worker] INFO  Redis <ClearExpiredSessionsCallback>b__12_0 - All session keys: 0.Expired session keys: 0.
2023-12-21 14:51:02,282 [.NET ThreadPool Worker] INFO  Redis <ClearExpiredSessionsCallback>b__12_0 - All session keys: 0.Expired session keys: 0.
2023-12-21 14:52:02,286 [.NET ThreadPool Worker] INFO  Redis <ClearExpiredSessionsCallback>b__12_0 - All session keys: 0.Expired session keys: 0.
2023-12-21 14:53:02,290 [.NET ThreadPool Worker] INFO  Redis <ClearExpiredSessionsCallback>b__12_0 - All session keys: 0.Expired session keys: 0.
2023-12-21 14:54:02,292 [.NET ThreadPool Worker] INFO  Redis <ClearExpiredSessionsCallback>b__12_0 - All session keys: 0.Expired session keys: 0.
2023-12-21 14:55:02,296 [.NET ThreadPool Worker] INFO  Redis <ClearExpiredSessionsCallback>b__12_0 - All session keys: 0.Expired session keys: 0.
2023-12-21 14:56:02,301 [.NET ThreadPool Worker] INFO  Redis <ClearExpiredSessionsCallback>b__12_0 - All session keys: 0.Expired session keys: 0.
2023-12-21 14:57:02,303 [.NET ThreadPool Worker] INFO  Redis <ClearExpiredSessionsCallback>b__12_0 - All session keys: 0.Expired session keys: 0.
2023-12-21 14:58:02,306 [.NET ThreadPool Worker] INFO  Redis <ClearExpiredSessionsCallback>b__12_0 - All session keys: 0.Expired session keys: 0.
2023-12-21 14:59:02,310 [.NET ThreadPool Worker] INFO  Redis <ClearExpiredSessionsCallback>b__12_0 - All session keys: 0.Expired session keys: 0.
2023-12-21 15:00:02,310 [.NET ThreadPool Worker] INFO  Redis <ClearExpiredSessionsCallback>b__12_0 - All session keys: 0.Expired session keys: 0.
2023-12-21 15:01:02,317 [.NET ThreadPool Worker] INFO  Redis <ClearExpiredSessionsCallback>b__12_0 - All session keys: 0.Expired session keys: 0.
2023-12-21 15:02:02,318 [.NET ThreadPool Worker] INFO  Redis <ClearExpiredSessionsCallback>b__12_0 - All session keys: 0.Expired session keys: 0.
2023-12-21 15:03:02,320 [.NET ThreadPool Worker] INFO  Redis <ClearExpiredSessionsCallback>b__12_0 - All session keys: 0.Expired session keys: 0.
2023-12-21 15:04:02,320 [.NET ThreadPool Worker] INFO  Redis <ClearExpiredSessionsCallback>b__12_0 - All session keys: 0.Expired session keys: 0.
2023-12-21 15:05:02,324 [.NET ThreadPool Worker] INFO  Redis <ClearExpiredSessionsCallback>b__12_0 - All session keys: 0.Expired session keys: 0.
2023-12-21 15:06:02,327 [.NET ThreadPool Worker] INFO  Redis <ClearExpiredSessionsCallback>b__12_0 - All session keys: 0.Expired session keys: 0.
2023-12-21 15:07:02,330 [.NET ThreadPool Worker] INFO  Redis <ClearExpiredSessionsCallback>b__12_0 - All session keys: 0.Expired session keys: 0.
2023-12-21 15:08:02,335 [.NET ThreadPool Worker] INFO  Redis <ClearExpiredSessionsCallback>b__12_0 - All session keys: 0.Expired session keys: 0.
2023-12-21 15:09:02,342 [.NET ThreadPool Worker] INFO  Redis <ClearExpiredSessionsCallback>b__12_0 - All session keys: 0.Expired session keys: 0.
2023-12-21 15:10:02,344 [.NET ThreadPool Worker] INFO  Redis <ClearExpiredSessionsCallback>b__12_0 - All session keys: 1.Expired session keys: 0.
2023-12-21 15:11:02,344 [.NET ThreadPool Worker] INFO  Redis <ClearExpiredSessionsCallback>b__12_0 - All session keys: 1.Expired session keys: 0.
2023-12-21 15:12:02,350 [.NET ThreadPool Worker] INFO  Redis <ClearExpiredSessionsCallback>b__12_0 - All session keys: 1.Expired session keys: 0.
2023-12-21 15:13:02,351 [.NET ThreadPool Worker] INFO  Redis <ClearExpiredSessionsCallback>b__12_0 - All session keys: 1.Expired session keys: 0.
2023-12-21 15:14:02,358 [.NET ThreadPool Worker] INFO  Redis <ClearExpiredSessionsCallback>b__12_0 - All session keys: 1.Expired session keys: 0.
2023-12-21 15:15:02,365 [.NET ThreadPool Worker] INFO  Redis <ClearExpiredSessionsCallback>b__12_0 - All session keys: 1.Expired session keys: 0.
2023-12-21 15:16:02,370 [.NET ThreadPool Worker] INFO  Redis <ClearExpiredSessionsCallback>b__12_0 - All session keys: 1.Expired session keys: 0.
2023-12-21 15:17:02,374 [.NET ThreadPool Worker] INFO  Redis <ClearExpiredSessionsCallback>b__12_0 - All session keys: 1.Expired session keys: 0.
2023-12-21 15:18:02,378 [.NET ThreadPool Worker] INFO  Redis <ClearExpiredSessionsCallback>b__12_0 - All session keys: 1.Expired session keys: 0.
2023-12-21 15:19:02,381 [.NET ThreadPool Worker] INFO  Redis <ClearExpiredSessionsCallback>b__12_0 - All session keys: 1.Expired session keys: 0.
2023-12-21 15:20:02,383 [.NET ThreadPool Worker] INFO  Redis <ClearExpiredSessionsCallback>b__12_0 - All session keys: 1.Expired session keys: 0.
2023-12-21 15:21:02,390 [.NET ThreadPool Worker] INFO  Redis <ClearExpiredSessionsCallback>b__12_0 - All session keys: 1.Expired session keys: 0.
2023-12-21 15:22:02,393 [.NET ThreadPool Worker] INFO  Redis <ClearExpiredSessionsCallback>b__12_0 - All session keys: 1.Expired session keys: 0.
2023-12-21 15:23:02,394 [.NET ThreadPool Worker] INFO  Redis <ClearExpiredSessionsCallback>b__12_0 - All session keys: 1.Expired session keys: 0.
2023-12-21 15:24:02,400 [.NET ThreadPool Worker] INFO  Redis <ClearExpiredSessionsCallback>b__12_0 - All session keys: 1.Expired session keys: 0.
2023-12-21 15:25:02,406 [.NET ThreadPool Worker] INFO  Redis <ClearExpiredSessionsCallback>b__12_0 - All session keys: 1.Expired session keys: 0.
2023-12-21 15:26:02,410 [.NET ThreadPool Worker] INFO  Redis <ClearExpiredSessionsCallback>b__12_0 - All session keys: 1.Expired session keys: 0.
2023-12-21 15:27:02,411 [.NET ThreadPool Worker] INFO  Redis <ClearExpiredSessionsCallback>b__12_0 - All session keys: 1.Expired session keys: 0.
2023-12-21 15:28:02,414 [.NET ThreadPool Worker] INFO  Redis <ClearExpiredSessionsCallback>b__12_0 - All session keys: 1.Expired session keys: 0.
2023-12-21 15:29:02,422 [.NET ThreadPool Worker] INFO  Redis <ClearExpiredSessionsCallback>b__12_0 - All session keys: 1.Expired session keys: 0.
2023-12-21 15:30:02,429 [.NET ThreadPool Worker] INFO  Redis <ClearExpiredSessionsCallback>b__12_0 - All session keys: 1.Expired session keys: 0.
2023-12-21 15:31:02,434 [.NET ThreadPool Worker] INFO  Redis <ClearExpiredSessionsCallback>b__12_0 - All session keys: 1.Expired session keys: 0.
2023-12-21 15:32:02,434 [.NET ThreadPool Worker] INFO  Redis <ClearExpiredSessionsCallback>b__12_0 - All session keys: 1.Expired session keys: 0.
2023-12-21 15:33:02,438 [.NET ThreadPool Worker] INFO  Redis <ClearExpiredSessionsCallback>b__12_0 - All session keys: 1.Expired session keys: 0.
2023-12-21 15:34:02,440 [.NET ThreadPool Worker] INFO  Redis <ClearExpiredSessionsCallback>b__12_0 - All session keys: 1.Expired session keys: 0.
2023-12-21 15:35:02,444 [.NET ThreadPool Worker] INFO  Redis <ClearExpiredSessionsCallback>b__12_0 - All session keys: 1.Expired session keys: 0.
2023-12-21 15:36:02,450 [.NET ThreadPool Worker] INFO  Redis <ClearExpiredSessionsCallback>b__12_0 - All session keys: 1.Expired session keys: 0.
2023-12-21 15:37:02,453 [.NET ThreadPool Worker] INFO  Redis <ClearExpiredSessionsCallback>b__12_0 - All session keys: 1.Expired session keys: 0.
2023-12-21 15:38:02,454 [.NET ThreadPool Worker] INFO  Redis <ClearExpiredSessionsCallback>b__12_0 - All session keys: 1.Expired session keys: 0.
2023-12-21 15:39:02,458 [.NET ThreadPool Worker] INFO  Redis <ClearExpiredSessionsCallback>b__12_0 - All session keys: 1.Expired session keys: 0.
2023-12-21 15:40:02,466 [.NET ThreadPool Worker] INFO  Redis <ClearExpiredSessionsCallback>b__12_0 - All session keys: 1.Expired session keys: 0.
2023-12-21 15:41:02,470 [.NET ThreadPool Worker] INFO  Redis <ClearExpiredSessionsCallback>b__12_0 - All session keys: 1.Expired session keys: 0.
2023-12-21 15:42:02,474 [.NET ThreadPool Worker] INFO  Redis <ClearExpiredSessionsCallback>b__12_0 - All session keys: 1.Expired session keys: 0.
2023-12-21 15:43:02,482 [.NET ThreadPool Worker] INFO  Redis <ClearExpiredSessionsCallback>b__12_0 - All session keys: 1.Expired session keys: 0.
2023-12-21 15:44:02,486 [.NET ThreadPool Worker] INFO  Redis <ClearExpiredSessionsCallback>b__12_0 - All session keys: 1.Expired session keys: 0.
2023-12-21 15:45:02,491 [.NET ThreadPool Worker] INFO  Redis <ClearExpiredSessionsCallback>b__12_0 - All session keys: 1.Expired session keys: 0.
2023-12-21 15:46:02,498 [.NET ThreadPool Worker] INFO  Redis <ClearExpiredSessionsCallback>b__12_0 - All session keys: 1.Expired session keys: 0.
2023-12-21 15:47:02,502 [.NET ThreadPool Worker] INFO  Redis <ClearExpiredSessionsCallback>b__12_0 - All session keys: 1.Expired session keys: 0.
2023-12-21 15:48:02,503 [.NET ThreadPool Worker] INFO  Redis <ClearExpiredSessionsCallback>b__12_0 - All session keys: 1.Expired session keys: 0.
2023-12-21 15:49:02,506 [.NET ThreadPool Worker] INFO  Redis <ClearExpiredSessionsCallback>b__12_0 - All session keys: 1.Expired session keys: 0.
2023-12-21 15:50:02,510 [.NET ThreadPool Worker] INFO  Redis <ClearExpiredSessionsCallback>b__12_0 - All session keys: 1.Expired session keys: 0.
2023-12-21 15:51:02,518 [.NET ThreadPool Worker] INFO  Redis <ClearExpiredSessionsCallback>b__12_0 - All session keys: 1.Expired session keys: 0.
2023-12-21 15:52:02,526 [.NET ThreadPool Worker] INFO  Redis <ClearExpiredSessionsCallback>b__12_0 - All session keys: 1.Expired session keys: 0.
2023-12-21 15:53:02,526 [.NET ThreadPool Worker] INFO  Redis <ClearExpiredSessionsCallback>b__12_0 - All session keys: 1.Expired session keys: 0.
2023-12-21 15:54:02,534 [.NET ThreadPool Worker] INFO  Redis <ClearExpiredSessionsCallback>b__12_0 - All session keys: 1.Expired session keys: 0.
2023-12-21 15:55:02,538 [.NET ThreadPool Worker] INFO  Redis <ClearExpiredSessionsCallback>b__12_0 - All session keys: 1.Expired session keys: 0.
2023-12-21 15:56:02,542 [.NET ThreadPool Worker] INFO  Redis <ClearExpiredSessionsCallback>b__12_0 - All session keys: 1.Expired session keys: 0.
2023-12-21 15:57:02,543 [.NET ThreadPool Worker] INFO  Redis <ClearExpiredSessionsCallback>b__12_0 - All session keys: 1.Expired session keys: 0.
2023-12-21 15:58:02,551 [.NET ThreadPool Worker] INFO  Redis <ClearExpiredSessionsCallback>b__12_0 - All session keys: 1.Expired session keys: 0.
2023-12-21 15:59:02,558 [.NET ThreadPool Worker] INFO  Redis <ClearExpiredSessionsCallback>b__12_0 - All session keys: 1.Expired session keys: 0.
2023-12-21 16:00:02,562 [.NET ThreadPool Worker] INFO  Redis <ClearExpiredSessionsCallback>b__12_0 - All session keys: 1.Expired session keys: 0.
2023-12-21 16:01:02,562 [.NET ThreadPool Worker] INFO  Redis <ClearExpiredSessionsCallback>b__12_0 - All session keys: 1.Expired session keys: 0.
2023-12-21 16:02:02,566 [.NET ThreadPool Worker] INFO  Redis <ClearExpiredSessionsCallback>b__12_0 - All session keys: 1.Expired session keys: 0.
2023-12-21 16:03:02,570 [.NET ThreadPool Worker] INFO  Redis <ClearExpiredSessionsCallback>b__12_0 - All session keys: 1.Expired session keys: 0.
2023-12-21 16:04:02,578 [.NET ThreadPool Worker] INFO  Redis <ClearExpiredSessionsCallback>b__12_0 - All session keys: 1.Expired session keys: 0.
2023-12-21 16:05:02,578 [.NET ThreadPool Worker] INFO  Redis <ClearExpiredSessionsCallback>b__12_0 - All session keys: 1.Expired session keys: 0.
2023-12-21 16:06:02,584 [.NET ThreadPool Worker] INFO  Redis <ClearExpiredSessionsCallback>b__12_0 - All session keys: 1.Expired session keys: 0.
2023-12-21 16:07:02,588 [.NET ThreadPool Worker] INFO  Redis <ClearExpiredSessionsCallback>b__12_0 - All session keys: 1.Expired session keys: 0.
2023-12-21 16:08:02,594 [.NET ThreadPool Worker] INFO  Redis <ClearExpiredSessionsCallback>b__12_0 - All session keys: 1.Expired session keys: 0.
2023-12-21 16:09:02,594 [.NET ThreadPool Worker] INFO  Redis <ClearExpiredSessionsCallback>b__12_0 - All session keys: 1.Expired session keys: 0.
2023-12-21 16:10:02,594 [.NET ThreadPool Worker] INFO  Redis <ClearExpiredSessionsCallback>b__12_0 - All session keys: 1.Expired session keys: 0.
2023-12-21 16:11:02,598 [.NET ThreadPool Worker] INFO  Redis <ClearExpiredSessionsCallback>b__12_0 - All session keys: 1.Expired session keys: 1.
2023-12-21 16:12:02,623 [.NET ThreadPool Worker] INFO  Redis <ClearExpiredSessionsCallback>b__12_0 - All session keys: 0.Expired session keys: 0.
2023-12-21 16:13:02,630 [.NET ThreadPool Worker] INFO  Redis <ClearExpiredSessionsCallback>b__12_0 - All session keys: 0.Expired session keys: 0.
2023-12-21 16:14:02,629 [.NET ThreadPool Worker] INFO  Redis <ClearExpiredSessionsCallback>b__12_0 - All session keys: 0.Expired session keys: 0.
2023-12-21 16:15:02,633 [.NET ThreadPool Worker] INFO  Redis <ClearExpiredSessionsCallback>b__12_0 - All session keys: 0.Expired session keys: 0.
2023-12-21 16:16:02,636 [.NET ThreadPool Worker] INFO  Redis <ClearExpiredSessionsCallback>b__12_0 - All session keys: 0.Expired session keys: 0.
2023-12-21 16:17:02,641 [.NET ThreadPool Worker] INFO  Redis <ClearExpiredSessionsCallback>b__12_0 - All session keys: 0.Expired session keys: 0.
2023-12-21 16:18:02,638 [.NET ThreadPool Worker] INFO  Redis <ClearExpiredSessionsCallback>b__12_0 - All session keys: 0.Expired session keys: 0.
2023-12-21 16:19:02,642 [.NET ThreadPool Worker] INFO  Redis <ClearExpiredSessionsCallback>b__12_0 - All session keys: 0.Expired session keys: 0.
2023-12-21 16:20:02,646 [.NET ThreadPool Worker] INFO  Redis <ClearExpiredSessionsCallback>b__12_0 - All session keys: 0.Expired session keys: 0.
2023-12-21 16:21:02,653 [.NET ThreadPool Worker] INFO  Redis <ClearExpiredSessionsCallback>b__12_0 - All session keys: 0.Expired session keys: 0.
2023-12-21 16:22:02,658 [.NET ThreadPool Worker] INFO  Redis <ClearExpiredSessionsCallback>b__12_0 - All session keys: 0.Expired session keys: 0.
2023-12-21 16:23:02,661 [.NET ThreadPool Worker] INFO  Redis <ClearExpiredSessionsCallback>b__12_0 - All session keys: 0.Expired session keys: 0.
2023-12-21 16:24:02,666 [.NET ThreadPool Worker] INFO  Redis <ClearExpiredSessionsCallback>b__12_0 - All session keys: 0.Expired session keys: 0.
2023-12-21 16:25:02,674 [.NET ThreadPool Worker] INFO  Redis <ClearExpiredSessionsCallback>b__12_0 - All session keys: 0.Expired session keys: 0.
2023-12-21 16:26:02,678 [.NET ThreadPool Worker] INFO  Redis <ClearExpiredSessionsCallback>b__12_0 - All session keys: 0.Expired session keys: 0.
2023-12-21 16:27:02,678 [.NET ThreadPool Worker] INFO  Redis <ClearExpiredSessionsCallback>b__12_0 - All session keys: 0.Expired session keys: 0.
2023-12-21 16:28:02,682 [.NET ThreadPool Worker] INFO  Redis <ClearExpiredSessionsCallback>b__12_0 - All session keys: 0.Expired session keys: 0.
2023-12-21 16:29:02,686 [.NET ThreadPool Worker] INFO  Redis <ClearExpiredSessionsCallback>b__12_0 - All session keys: 0.Expired session keys: 0.
2023-12-21 16:30:02,690 [.NET ThreadPool Worker] INFO  Redis <ClearExpiredSessionsCallback>b__12_0 - All session keys: 0.Expired session keys: 0.
2023-12-21 16:31:02,690 [.NET ThreadPool Worker] INFO  Redis <ClearExpiredSessionsCallback>b__12_0 - All session keys: 0.Expired session keys: 0.
2023-12-21 16:32:02,694 [.NET ThreadPool Worker] INFO  Redis <ClearExpiredSessionsCallback>b__12_0 - All session keys: 0.Expired session keys: 0.
2023-12-21 16:33:02,698 [.NET ThreadPool Worker] INFO  Redis <ClearExpiredSessionsCallback>b__12_0 - All session keys: 0.Expired session keys: 0.
2023-12-21 16:34:02,702 [.NET ThreadPool Worker] INFO  Redis <ClearExpiredSessionsCallback>b__12_0 - All session keys: 0.Expired session keys: 0.
2023-12-21 16:35:02,710 [.NET ThreadPool Worker] INFO  Redis <ClearExpiredSessionsCallback>b__12_0 - All session keys: 0.Expired session keys: 0.
2023-12-21 16:36:02,708 [.NET ThreadPool Worker] INFO  Redis <ClearExpiredSessionsCallback>b__12_0 - All session keys: 0.Expired session keys: 0.
2023-12-21 16:37:02,714 [.NET ThreadPool Worker] INFO  Redis <ClearExpiredSessionsCallback>b__12_0 - All session keys: 0.Expired session keys: 0.
2023-12-21 16:38:02,720 [.NET ThreadPool Worker] INFO  Redis <ClearExpiredSessionsCallback>b__12_0 - All session keys: 0.Expired session keys: 0.
2023-12-21 16:39:02,724 [.NET ThreadPool Worker] INFO  Redis <ClearExpiredSessionsCallback>b__12_0 - All session keys: 0.Expired session keys: 0.
2023-12-21 16:40:02,724 [.NET ThreadPool Worker] INFO  Redis <ClearExpiredSessionsCallback>b__12_0 - All session keys: 0.Expired session keys: 0.
2023-12-21 16:41:02,728 [.NET ThreadPool Worker] INFO  Redis <ClearExpiredSessionsCallback>b__12_0 - All session keys: 0.Expired session keys: 0.
2023-12-21 16:42:02,733 [.NET ThreadPool Worker] INFO  Redis <ClearExpiredSessionsCallback>b__12_0 - All session keys: 0.Expired session keys: 0.
2023-12-21 16:43:02,733 [.NET ThreadPool Worker] INFO  Redis <ClearExpiredSessionsCallback>b__12_0 - All session keys: 0.Expired session keys: 0.
2023-12-21 16:44:02,737 [.NET ThreadPool Worker] INFO  Redis <ClearExpiredSessionsCallback>b__12_0 - All session keys: 0.Expired session keys: 0.
2023-12-21 16:45:02,740 [.NET ThreadPool Worker] INFO  Redis <ClearExpiredSessionsCallback>b__12_0 - All session keys: 0.Expired session keys: 0.
2023-12-21 16:46:02,741 [.NET ThreadPool Worker] INFO  Redis <ClearExpiredSessionsCallback>b__12_0 - All session keys: 0.Expired session keys: 0.
2023-12-21 16:47:02,745 [.NET ThreadPool Worker] INFO  Redis <ClearExpiredSessionsCallback>b__12_0 - All session keys: 0.Expired session keys: 0.
2023-12-21 16:48:02,748 [.NET ThreadPool Worker] INFO  Redis <ClearExpiredSessionsCallback>b__12_0 - All session keys: 0.Expired session keys: 0.
2023-12-21 16:49:02,748 [.NET ThreadPool Worker] INFO  Redis <ClearExpiredSessionsCallback>b__12_0 - All session keys: 0.Expired session keys: 0.
2023-12-21 16:50:02,753 [.NET ThreadPool Worker] INFO  Redis <ClearExpiredSessionsCallback>b__12_0 - All session keys: 0.Expired session keys: 0.
2023-12-21 16:51:02,756 [.NET ThreadPool Worker] INFO  Redis <ClearExpiredSessionsCallback>b__12_0 - All session keys: 0.Expired session keys: 0.
2023-12-21 16:52:02,756 [.NET ThreadPool Worker] INFO  Redis <ClearExpiredSessionsCallback>b__12_0 - All session keys: 0.Expired session keys: 0.
2023-12-21 16:53:02,760 [.NET ThreadPool Worker] INFO  Redis <ClearExpiredSessionsCallback>b__12_0 - All session keys: 0.Expired session keys: 0.
2023-12-21 16:54:02,764 [.NET ThreadPool Worker] INFO  Redis <ClearExpiredSessionsCallback>b__12_0 - All session keys: 0.Expired session keys: 0.
2023-12-21 16:55:02,765 [.NET ThreadPool Worker] INFO  Redis <ClearExpiredSessionsCallback>b__12_0 - All session keys: 0.Expired session keys: 0.
2023-12-21 16:56:02,768 [.NET ThreadPool Worker] INFO  Redis <ClearExpiredSessionsCallback>b__12_0 - All session keys: 0.Expired session keys: 0.
2023-12-21 16:57:02,772 [.NET ThreadPool Worker] INFO  Redis <ClearExpiredSessionsCallback>b__12_0 - All session keys: 0.Expired session keys: 0.
2023-12-21 16:58:02,776 [.NET ThreadPool Worker] INFO  Redis <ClearExpiredSessionsCallback>b__12_0 - All session keys: 0.Expired session keys: 0.
2023-12-21 16:59:02,776 [.NET ThreadPool Worker] INFO  Redis <ClearExpiredSessionsCallback>b__12_0 - All session keys: 0.Expired session keys: 0.
2023-12-21 17:00:02,780 [.NET ThreadPool Worker] INFO  Redis <ClearExpiredSessionsCallback>b__12_0 - All session keys: 0.Expired session keys: 0.
2023-12-21 17:01:02,785 [.NET ThreadPool Worker] INFO  Redis <ClearExpiredSessionsCallback>b__12_0 - All session keys: 0.Expired session keys: 0.
2023-12-21 17:02:02,788 [.NET ThreadPool Worker] INFO  Redis <ClearExpiredSessionsCallback>b__12_0 - All session keys: 0.Expired session keys: 0.
2023-12-21 17:03:02,788 [.NET ThreadPool Worker] INFO  Redis <ClearExpiredSessionsCallback>b__12_0 - All session keys: 0.Expired session keys: 0.
2023-12-21 17:04:02,792 [.NET ThreadPool Worker] INFO  Redis <ClearExpiredSessionsCallback>b__12_0 - All session keys: 0.Expired session keys: 0.
2023-12-21 17:05:02,796 [.NET ThreadPool Worker] INFO  Redis <ClearExpiredSessionsCallback>b__12_0 - All session keys: 0.Expired session keys: 0.
2023-12-21 17:06:02,796 [.NET ThreadPool Worker] INFO  Redis <ClearExpiredSessionsCallback>b__12_0 - All session keys: 0.Expired session keys: 0.
2023-12-21 17:07:02,800 [.NET ThreadPool Worker] INFO  Redis <ClearExpiredSessionsCallback>b__12_0 - All session keys: 0.Expired session keys: 0.
2023-12-21 17:08:02,804 [.NET ThreadPool Worker] INFO  Redis <ClearExpiredSessionsCallback>b__12_0 - All session keys: 0.Expired session keys: 0.
2023-12-21 17:09:02,808 [.NET ThreadPool Worker] INFO  Redis <ClearExpiredSessionsCallback>b__12_0 - All session keys: 0.Expired session keys: 0.
2023-12-21 17:10:02,808 [.NET ThreadPool Worker] INFO  Redis <ClearExpiredSessionsCallback>b__12_0 - All session keys: 0.Expired session keys: 0.
2023-12-21 17:11:02,812 [.NET ThreadPool Worker] INFO  Redis <ClearExpiredSessionsCallback>b__12_0 - All session keys: 0.Expired session keys: 0.
2023-12-21 17:12:02,816 [.NET ThreadPool Worker] INFO  Redis <ClearExpiredSessionsCallback>b__12_0 - All session keys: 0.Expired session keys: 0.
2023-12-21 17:13:02,819 [.NET ThreadPool Worker] INFO  Redis <ClearExpiredSessionsCallback>b__12_0 - All session keys: 0.Expired session keys: 0.
2023-12-21 17:14:02,820 [.NET ThreadPool Worker] INFO  Redis <ClearExpiredSessionsCallback>b__12_0 - All session keys: 0.Expired session keys: 0.
2023-12-21 17:15:02,824 [.NET ThreadPool Worker] INFO  Redis <ClearExpiredSessionsCallback>b__12_0 - All session keys: 0.Expired session keys: 0.
2023-12-21 17:16:02,828 [.NET ThreadPool Worker] INFO  Redis <ClearExpiredSessionsCallback>b__12_0 - All session keys: 0.Expired session keys: 0.
2023-12-21 17:17:02,828 [.NET ThreadPool Worker] INFO  Redis <ClearExpiredSessionsCallback>b__12_0 - All session keys: 0.Expired session keys: 0.
2023-12-21 17:18:02,833 [.NET ThreadPool Worker] INFO  Redis <ClearExpiredSessionsCallback>b__12_0 - All session keys: 0.Expired session keys: 0.
2023-12-21 17:19:02,836 [.NET ThreadPool Worker] INFO  Redis <ClearExpiredSessionsCallback>b__12_0 - All session keys: 0.Expired session keys: 0.
2023-12-21 17:20:02,837 [.NET ThreadPool Worker] INFO  Redis <ClearExpiredSessionsCallback>b__12_0 - All session keys: 0.Expired session keys: 0.
2023-12-21 17:21:02,840 [.NET ThreadPool Worker] INFO  Redis <ClearExpiredSessionsCallback>b__12_0 - All session keys: 0.Expired session keys: 0.
2023-12-21 17:22:02,840 [.NET ThreadPool Worker] INFO  Redis <ClearExpiredSessionsCallback>b__12_0 - All session keys: 0.Expired session keys: 0.
2023-12-21 17:23:02,844 [.NET ThreadPool Worker] INFO  Redis <ClearExpiredSessionsCallback>b__12_0 - All session keys: 0.Expired session keys: 0.
2023-12-21 17:24:02,847 [.NET ThreadPool Worker] INFO  Redis <ClearExpiredSessionsCallback>b__12_0 - All session keys: 0.Expired session keys: 0.
2023-12-21 17:25:02,849 [.NET ThreadPool Worker] INFO  Redis <ClearExpiredSessionsCallback>b__12_0 - All session keys: 0.Expired session keys: 0.
2023-12-21 17:26:02,852 [.NET ThreadPool Worker] INFO  Redis <ClearExpiredSessionsCallback>b__12_0 - All session keys: 0.Expired session keys: 0.
2023-12-21 17:27:02,856 [.NET ThreadPool Worker] INFO  Redis <ClearExpiredSessionsCallback>b__12_0 - All session keys: 0.Expired session keys: 0.
2023-12-21 17:28:02,857 [.NET ThreadPool Worker] INFO  Redis <ClearExpiredSessionsCallback>b__12_0 - All session keys: 0.Expired session keys: 0.
2023-12-21 17:29:02,860 [.NET ThreadPool Worker] INFO  Redis <ClearExpiredSessionsCallback>b__12_0 - All session keys: 0.Expired session keys: 0.
2023-12-21 17:30:02,865 [.NET ThreadPool Worker] INFO  Redis <ClearExpiredSessionsCallback>b__12_0 - All session keys: 0.Expired session keys: 0.
2023-12-21 17:31:02,868 [.NET ThreadPool Worker] INFO  Redis <ClearExpiredSessionsCallback>b__12_0 - All session keys: 0.Expired session keys: 0.
2023-12-21 17:32:02,868 [.NET ThreadPool Worker] INFO  Redis <ClearExpiredSessionsCallback>b__12_0 - All session keys: 0.Expired session keys: 0.
2023-12-21 17:33:02,872 [.NET ThreadPool Worker] INFO  Redis <ClearExpiredSessionsCallback>b__12_0 - All session keys: 0.Expired session keys: 0.
2023-12-21 17:34:02,876 [.NET ThreadPool Worker] INFO  Redis <ClearExpiredSessionsCallback>b__12_0 - All session keys: 0.Expired session keys: 0.
2023-12-21 17:35:02,876 [.NET ThreadPool Worker] INFO  Redis <ClearExpiredSessionsCallback>b__12_0 - All session keys: 0.Expired session keys: 0.
2023-12-21 17:36:02,880 [.NET ThreadPool Worker] INFO  Redis <ClearExpiredSessionsCallback>b__12_0 - All session keys: 0.Expired session keys: 0.
2023-12-21 17:37:02,885 [.NET ThreadPool Worker] INFO  Redis <ClearExpiredSessionsCallback>b__12_0 - All session keys: 0.Expired session keys: 0.
2023-12-21 17:38:02,884 [.NET ThreadPool Worker] INFO  Redis <ClearExpiredSessionsCallback>b__12_0 - All session keys: 0.Expired session keys: 0.
2023-12-21 17:39:02,888 [.NET ThreadPool Worker] INFO  Redis <ClearExpiredSessionsCallback>b__12_0 - All session keys: 0.Expired session keys: 0.
2023-12-21 17:40:02,892 [.NET ThreadPool Worker] INFO  Redis <ClearExpiredSessionsCallback>b__12_0 - All session keys: 0.Expired session keys: 0.
2023-12-21 17:41:02,896 [.NET ThreadPool Worker] INFO  Redis <ClearExpiredSessionsCallback>b__12_0 - All session keys: 0.Expired session keys: 0.
2023-12-21 17:42:02,896 [.NET ThreadPool Worker] INFO  Redis <ClearExpiredSessionsCallback>b__12_0 - All session keys: 0.Expired session keys: 0.
2023-12-21 17:43:02,900 [.NET ThreadPool Worker] INFO  Redis <ClearExpiredSessionsCallback>b__12_0 - All session keys: 0.Expired session keys: 0.
2023-12-21 17:44:02,904 [.NET ThreadPool Worker] INFO  Redis <ClearExpiredSessionsCallback>b__12_0 - All session keys: 0.Expired session keys: 0.
2023-12-21 17:45:02,905 [.NET ThreadPool Worker] INFO  Redis <ClearExpiredSessionsCallback>b__12_0 - All session keys: 0.Expired session keys: 0.
2023-12-21 17:46:02,908 [.NET ThreadPool Worker] INFO  Redis <ClearExpiredSessionsCallback>b__12_0 - All session keys: 0.Expired session keys: 0.
2023-12-21 17:47:02,912 [.NET ThreadPool Worker] INFO  Redis <ClearExpiredSessionsCallback>b__12_0 - All session keys: 0.Expired session keys: 0.
2023-12-21 17:48:02,916 [.NET ThreadPool Worker] INFO  Redis <ClearExpiredSessionsCallback>b__12_0 - All session keys: 0.Expired session keys: 0.
2023-12-21 17:49:02,916 [.NET ThreadPool Worker] INFO  Redis <ClearExpiredSessionsCallback>b__12_0 - All session keys: 0.Expired session keys: 0.
2023-12-21 17:50:02,918 [.NET ThreadPool Worker] INFO  Redis <ClearExpiredSessionsCallback>b__12_0 - All session keys: 0.Expired session keys: 0.
2023-12-21 17:51:02,918 [.NET ThreadPool Worker] INFO  Redis <ClearExpiredSessionsCallback>b__12_0 - All session keys: 0.Expired session keys: 0.
2023-12-21 17:52:02,918 [.NET ThreadPool Worker] INFO  Redis <ClearExpiredSessionsCallback>b__12_0 - All session keys: 0.Expired session keys: 0.
2023-12-21 17:53:02,922 [.NET ThreadPool Worker] INFO  Redis <ClearExpiredSessionsCallback>b__12_0 - All session keys: 0.Expired session keys: 0.
2023-12-21 17:54:02,928 [.NET ThreadPool Worker] INFO  Redis <ClearExpiredSessionsCallback>b__12_0 - All session keys: 0.Expired session keys: 0.
2023-12-21 17:55:02,928 [.NET ThreadPool Worker] INFO  Redis <ClearExpiredSessionsCallback>b__12_0 - All session keys: 0.Expired session keys: 0.
2023-12-21 17:56:02,932 [.NET ThreadPool Worker] INFO  Redis <ClearExpiredSessionsCallback>b__12_0 - All session keys: 0.Expired session keys: 0.
2023-12-21 17:57:02,932 [.NET ThreadPool Worker] INFO  Redis <ClearExpiredSessionsCallback>b__12_0 - All session keys: 0.Expired session keys: 0.
2023-12-21 17:58:02,932 [.NET ThreadPool Worker] INFO  Redis <ClearExpiredSessionsCallback>b__12_0 - All session keys: 0.Expired session keys: 0.
2023-12-21 17:59:02,933 [.NET ThreadPool Worker] INFO  Redis <ClearExpiredSessionsCallback>b__12_0 - All session keys: 0.Expired session keys: 0.
2023-12-21 18:00:02,936 [.NET ThreadPool Worker] INFO  Redis <ClearExpiredSessionsCallback>b__12_0 - All session keys: 0.Expired session keys: 0.
2023-12-21 18:01:02,940 [.NET ThreadPool Worker] INFO  Redis <ClearExpiredSessionsCallback>b__12_0 - All session keys: 0.Expired session keys: 0.
2023-12-21 18:02:02,940 [.NET ThreadPool Worker] INFO  Redis <ClearExpiredSessionsCallback>b__12_0 - All session keys: 0.Expired session keys: 0.
2023-12-21 18:03:02,944 [.NET ThreadPool Worker] INFO  Redis <ClearExpiredSessionsCallback>b__12_0 - All session keys: 0.Expired session keys: 0.
2023-12-21 18:04:02,944 [.NET ThreadPool Worker] INFO  Redis <ClearExpiredSessionsCallback>b__12_0 - All session keys: 0.Expired session keys: 0.
2023-12-21 18:05:02,948 [.NET ThreadPool Worker] INFO  Redis <ClearExpiredSessionsCallback>b__12_0 - All session keys: 0.Expired session keys: 0.
2023-12-21 18:06:02,951 [.NET ThreadPool Worker] INFO  Redis <ClearExpiredSessionsCallback>b__12_0 - All session keys: 0.Expired session keys: 0.
2023-12-21 18:07:02,952 [.NET ThreadPool Worker] INFO  Redis <ClearExpiredSessionsCallback>b__12_0 - All session keys: 0.Expired session keys: 0.
2023-12-21 18:08:02,958 [.NET ThreadPool Worker] INFO  Redis <ClearExpiredSessionsCallback>b__12_0 - All session keys: 0.Expired session keys: 0.
2023-12-21 18:09:02,962 [.NET ThreadPool Worker] INFO  Redis <ClearExpiredSessionsCallback>b__12_0 - All session keys: 0.Expired session keys: 0.
2023-12-21 18:10:02,966 [.NET ThreadPool Worker] INFO  Redis <ClearExpiredSessionsCallback>b__12_0 - All session keys: 0.Expired session keys: 0.
2023-12-21 18:11:02,970 [.NET ThreadPool Worker] INFO  Redis <ClearExpiredSessionsCallback>b__12_0 - All session keys: 1.Expired session keys: 0.
2023-12-21 18:12:02,974 [.NET ThreadPool Worker] INFO  Redis <ClearExpiredSessionsCallback>b__12_0 - All session keys: 1.Expired session keys: 0.
2023-12-21 18:13:02,978 [.NET ThreadPool Worker] INFO  Redis <ClearExpiredSessionsCallback>b__12_0 - All session keys: 1.Expired session keys: 0.
2023-12-21 18:14:02,982 [.NET ThreadPool Worker] INFO  Redis <ClearExpiredSessionsCallback>b__12_0 - All session keys: 1.Expired session keys: 0.
2023-12-21 18:15:02,990 [.NET ThreadPool Worker] INFO  Redis <ClearExpiredSessionsCallback>b__12_0 - All session keys: 1.Expired session keys: 0.
2023-12-21 18:16:02,994 [.NET ThreadPool Worker] INFO  Redis <ClearExpiredSessionsCallback>b__12_0 - All session keys: 1.Expired session keys: 0.
2023-12-21 18:17:02,998 [.NET ThreadPool Worker] INFO  Redis <ClearExpiredSessionsCallback>b__12_0 - All session keys: 1.Expired session keys: 0.
2023-12-21 18:18:03,002 [.NET ThreadPool Worker] INFO  Redis <ClearExpiredSessionsCallback>b__12_0 - All session keys: 1.Expired session keys: 0.
2023-12-21 18:19:03,004 [.NET ThreadPool Worker] INFO  Redis <ClearExpiredSessionsCallback>b__12_0 - All session keys: 1.Expired session keys: 0.
2023-12-21 18:20:03,007 [.NET ThreadPool Worker] INFO  Redis <ClearExpiredSessionsCallback>b__12_0 - All session keys: 1.Expired session keys: 0.
2023-12-21 18:21:03,014 [.NET ThreadPool Worker] INFO  Redis <ClearExpiredSessionsCallback>b__12_0 - All session keys: 1.Expired session keys: 0.
2023-12-21 18:22:03,014 [.NET ThreadPool Worker] INFO  Redis <ClearExpiredSessionsCallback>b__12_0 - All session keys: 1.Expired session keys: 0.
2023-12-21 18:23:03,018 [.NET ThreadPool Worker] INFO  Redis <ClearExpiredSessionsCallback>b__12_0 - All session keys: 1.Expired session keys: 0.
2023-12-21 18:24:03,024 [.NET ThreadPool Worker] INFO  Redis <ClearExpiredSessionsCallback>b__12_0 - All session keys: 1.Expired session keys: 0.
2023-12-21 18:25:03,029 [.NET ThreadPool Worker] INFO  Redis <ClearExpiredSessionsCallback>b__12_0 - All session keys: 1.Expired session keys: 0.
2023-12-21 18:26:03,030 [.NET ThreadPool Worker] INFO  Redis <ClearExpiredSessionsCallback>b__12_0 - All session keys: 1.Expired session keys: 0.
2023-12-21 18:27:03,035 [.NET ThreadPool Worker] INFO  Redis <ClearExpiredSessionsCallback>b__12_0 - All session keys: 1.Expired session keys: 0.
2023-12-21 18:28:03,040 [.NET ThreadPool Worker] INFO  Redis <ClearExpiredSessionsCallback>b__12_0 - All session keys: 1.Expired session keys: 0.
2023-12-21 18:29:03,046 [.NET ThreadPool Worker] INFO  Redis <ClearExpiredSessionsCallback>b__12_0 - All session keys: 1.Expired session keys: 0.
2023-12-21 18:30:03,054 [.NET ThreadPool Worker] INFO  Redis <ClearExpiredSessionsCallback>b__12_0 - All session keys: 1.Expired session keys: 0.
2023-12-21 18:31:03,053 [.NET ThreadPool Worker] INFO  Redis <ClearExpiredSessionsCallback>b__12_0 - All session keys: 1.Expired session keys: 0.
2023-12-21 18:32:03,058 [.NET ThreadPool Worker] INFO  Redis <ClearExpiredSessionsCallback>b__12_0 - All session keys: 1.Expired session keys: 0.
2023-12-21 18:33:03,060 [.NET ThreadPool Worker] INFO  Redis <ClearExpiredSessionsCallback>b__12_0 - All session keys: 1.Expired session keys: 0.
2023-12-21 18:33:54,867 [.NET ThreadPool Worker] WARN  Redis ConnectionFailedEventHandler - ConnectionFailed: EndPoint [Unspecified/localhost:6379] ConnectionType [Interactive] FailureType [UnableToConnect]
StackExchange.Redis.RedisConnectionException: UnableToConnect on localhost:6379/Interactive, Initializing/NotStarted, last: INFO, origin: BeginConnectAsync, outstanding: 0, last-read: 0s ago, last-write: 0s ago, keep-alive: 60s, state: Connecting, mgr: 6 of 10 available, last-heartbeat: never, last-mbeat: 0s ago, global: 0s ago, v: 2.6.122.38350
2023-12-21 18:33:54,867 [.NET ThreadPool Worker] WARN  Redis ConnectionFailedEventHandler - ConnectionFailed: EndPoint [Unspecified/localhost:6379] ConnectionType [Subscription] FailureType [UnableToConnect]
StackExchange.Redis.RedisConnectionException: UnableToConnect on localhost:6379/Subscription, Initializing/NotStarted, last: PING, origin: BeginConnectAsync, outstanding: 0, last-read: 0s ago, last-write: 0s ago, keep-alive: 60s, state: Connecting, mgr: 6 of 10 available, last-heartbeat: never, last-mbeat: 0s ago, global: 0s ago, v: 2.6.122.38350
2023-12-21 18:33:54,867 [.NET ThreadPool Worker] WARN  Redis ConnectionFailedEventHandler - Recreate multiplexer...
2023-12-21 18:33:55,146 [.NET ThreadPool Worker] WARN  Redis TryCompleteHandler - ConfigurationChanged: EndPoint [Unspecified/localhost:6379]
