2023-12-12 18:49:53,671 [1] INFO  OnAppStart - OmnichannelMessagingAppEventListener: OnAppStart executed
2023-12-12 18:49:53,673 [1] INFO  ClearOperatorsCache - OmnichannelMessagingAppEventListener: Operator cache was cleared
2023-12-12 18:49:53,675 [1] INFO  StartTelegramChannel - OmnichannelMessagingAppEventListener: TelegramClientFactory was initialized
2023-12-12 18:49:53,700 [1] INFO  StartTelegramChannel - OmnichannelMessagingAppEventListener: TelegramChannelsJob was ran
2023-12-12 18:49:53,719 [1] INFO  SetupOmnichannelMessagingJobs - OmnichannelMessagingAppEventListener: OmnichannelMessaging Jobs were ran
2023-12-12 18:49:53,719 [1] INFO  CreateNotifiers - OmnichannelMessagingAppEventListener: Notifiers were created
2023-12-12 18:49:53,724 [1] INFO  BindInterfaces - OmnichannelMessagingAppEventListener: Interfaces were bound
2023-12-12 18:54:40,936 [.NET ThreadPool Worker] INFO Supervisor InitializeOmnichannels - OmnichannelMessagingAppEventListener: Operator cache was cleared
2023-12-12 18:54:40,936 [.NET ThreadPool Worker] INFO Supervisor InitializeOmnichannels - OmnichannelMessagingAppEventListener: TelegramClientFactory was initialized
2023-12-12 18:54:40,944 [.NET ThreadPool Worker] INFO Supervisor InitializeOmnichannels - OmnichannelMessagingAppEventListener: TelegramChannelsJob was ran
2023-12-12 18:54:40,974 [.NET ThreadPool Worker] INFO Supervisor InitializeOmnichannels - OmnichannelMessagingAppEventListener: OmnichannelMessaging Jobs were ran
2023-12-12 18:54:40,974 [.NET ThreadPool Worker] INFO Supervisor InitializeOmnichannels - OmnichannelMessagingAppEventListener: Notifiers were created
2023-12-12 18:54:40,977 [.NET ThreadPool Worker] INFO Supervisor InitializeOmnichannels - OmnichannelMessagingAppEventListener: Interfaces were bound
2023-12-12 18:54:59,427 [1] INFO  OnAppStart - OmnichannelMessagingAppEventListener: OnAppStart executed
2023-12-12 18:54:59,428 [1] INFO  ClearOperatorsCache - OmnichannelMessagingAppEventListener: Operator cache was cleared
2023-12-12 18:54:59,428 [1] INFO  StartTelegramChannel - OmnichannelMessagingAppEventListener: TelegramClientFactory was initialized
2023-12-12 18:54:59,444 [1] INFO  StartTelegramChannel - OmnichannelMessagingAppEventListener: TelegramChannelsJob was ran
2023-12-12 18:54:59,460 [1] INFO  SetupOmnichannelMessagingJobs - OmnichannelMessagingAppEventListener: OmnichannelMessaging Jobs were ran
2023-12-12 18:54:59,460 [1] INFO  CreateNotifiers - OmnichannelMessagingAppEventListener: Notifiers were created
2023-12-12 18:54:59,466 [1] INFO  BindInterfaces - OmnichannelMessagingAppEventListener: Interfaces were bound
