2023-12-13 18:31:22,194 ERROR ActorSystem - Error while creating actor instance of type Creatio.Messaging.MessageBus.RabbitMQ.InMemoryMode.MemoryBusActor with 3 args: (Autofac.Extensions.DependencyInjection.AutofacServiceProvider,Creatio.Messaging.MessageBus.RabbitMQ.Actors.ActorPool,[akka://TerrasoftActorSystem/user/MessageBuffer#20296094])
[akka://TerrasoftActorSystem/user/OperationModeDispatcher/MemoryBus#1660249264]: Akka.Actor.ActorInitializationException: Exception during creation
 ---> System.TypeLoadException: Error while creating actor instance of type Creatio.Messaging.MessageBus.RabbitMQ.InMemoryMode.MemoryBusActor with 3 args: (Autofac.Extensions.DependencyInjection.AutofacServiceProvider,Creatio.Messaging.MessageBus.RabbitMQ.Actors.ActorPool,[akka://TerrasoftActorSystem/user/MessageBuffer#20296094])
 ---> System.Reflection.TargetInvocationException: Exception has been thrown by the target of an invocation.
 ---> Autofac.Core.DependencyResolutionException: An error occurred during the activation of a particular registration. See the inner exception for details. Registration: Activator = MessageConsumptionFactory (ReflectionActivator), Services = [Creatio.Messaging.MessageBus.RabbitMQ.InMemoryMode.IMessageConsumptionFactory], Lifetime = Autofac.Core.Lifetime.CurrentScopeLifetime, Sharing = None, Ownership = ExternallyOwned ---> An error occurred during the activation of a particular registration. See the inner exception for details. Registration: Activator = ConsumptionInfoProvider (ReflectionActivator), Services = [Creatio.Messaging.MessageBus.RabbitMQ.Consumers.IConsumptionInfoProvider], Lifetime = Autofac.Core.Lifetime.RootScopeLifetime, Sharing = Shared, Ownership = OwnedByLifetimeScope ---> An error occurred during the activation of a particular registration. See the inner exception for details. Registration: Activator = IMessageConsumersAssemblies[] (DelegateActivator), Services = [System.Collections.Generic.IEnumerable`1[[Creatio.Messaging.MessageBus.ConsumerDiscovery.IMessageConsumersAssemblies, Creatio.Messaging.MessageBus, Version=1.1.1.0, Culture=neutral, PublicKeyToken=edaadfbc3b0bb879]]], Lifetime = Autofac.Core.Lifetime.CurrentScopeLifetime, Sharing = None, Ownership = ExternallyOwned ---> An error occurred during the activation of a particular registration. See the inner exception for details. Registration: Activator = IMessageConsumersAssemblies (DelegateActivator), Services = [Creatio.Messaging.MessageBus.ConsumerDiscovery.IMessageConsumersAssemblies], Lifetime = Autofac.Core.Lifetime.RootScopeLifetime, Sharing = Shared, Ownership = OwnedByLifetimeScope ---> The "Default" workspace assembly is not initialized.
ConfigurationAssemblyPath [/home/shivangi/Shivangi/Shivangi's-workspace/creatio_october_traning/app/Terrasoft.Configuration/bin/Terrasoft.Configuration.dll]
WorkspacePackagesPath [/home/shivangi/Shivangi/Shivangi's-workspace/creatio_october_traning/app/Terrasoft.Configuration/Pkg]
LoadWorkspaceAssemblyError: []
WorkspaceAssemblies: [CrtEmailSender (Ver. 8.1.0.6704), Workplace (Ver. 2.0.0.0), CrtSmsIntegration (Ver. 8.1.0.6704), XSSProtection (Ver. 8.1.0.6704), IntegrationV2 (Ver. 1.0.0.2), Finesse (Ver. 8.1.0.6704), OpenIdAuth (Ver. 8.1.0.6704), CSP (Ver. 8.1.0.6704), FeatureToggling (Ver. 8.1.0.6704), CrtUISwitcher (Ver. 8.1.0.6704), SsoSettings (Ver. 8.1.0.6704), CrtNextStep (Ver. 8.1.0.6704), SspWorkplace (Ver. 2.0.0.0), MLProcessDesigner (Ver. 8.1.0.6704), CrtCore (Ver. 8.1.0.6704), CrtProductivityApp (Ver. 8.1.0.6704), CrtJunkFilter (Ver. 8.1.0.6704), CrtCase7x (Ver. 8.1.0.6704), CrtSLM7x (Ver. 8.1.0.6704), CrtCustomer360Mobile (Ver. 8.1.0.6704), CrtSLMITILService7x (Ver. 8.1.0.6704), CrtCustomer360App (Ver. 8.1.0.6704), CrtRecommendedProduct (Ver. 8.1.0.6704), MLSimilarCaseSearch (Ver. 8.1.0.6704), CrtMarketingInC360 (Ver. 8.1.0.6704), CrtSimilarLead (Ver. 8.1.0.6704), CrtLeadOppMgmtApp (Ver. 8.1.0.6704), CrtCaseManagement (Ver. 8.1.0.6704), CrtCaseService7x (Ver. 8.1.0.6704), CrtOrderContractMgmtApp (Ver. 8.1.0.6704), CrtMatomoConnector (Ver. 8.1.0.6704), CrtDigitalAdsApp (Ver. 8.1.0.6704), CrtCasesInC360 (Ver. 8.1.0.6704), CrtSalesInC360 (Ver. 8.1.0.6704), CrtCaseManagementApp (Ver. 8.1.0.6704), CrtCampaignInC360 (Ver. 8.1.0.6704), CrtOrderContractInC360 (Ver. 8.1.0.6704), CrtEngagementInC360 (Ver. 8.1.0.6704), CrtEventInC360 (Ver. 8.1.0.6704), CrtCustomerInfoInCaseMgmt (Ver. 8.1.0.6704), CrtOpportunityInC360 (Ver. 8.1.0.6704), CrtBulkEmailInC360 (Ver. 8.1.0.6704), CrtSLAInC360 (Ver. 8.1.0.6704), CrtInvoiceInC360 (Ver. 8.1.0.6704), CrtC360InUiV2 (Ver. 8.1.0.6704), UsrApp_y46qysf (Ver. 8.1.0.6704), GuidedDev (Ver. 8.1.0.6704)] (See inner exception for details.) (See inner exception for details.) (See inner exception for details.) (See inner exception for details.)
 ---> Autofac.Core.DependencyResolutionException: An error occurred during the activation of a particular registration. See the inner exception for details. Registration: Activator = ConsumptionInfoProvider (ReflectionActivator), Services = [Creatio.Messaging.MessageBus.RabbitMQ.Consumers.IConsumptionInfoProvider], Lifetime = Autofac.Core.Lifetime.RootScopeLifetime, Sharing = Shared, Ownership = OwnedByLifetimeScope ---> An error occurred during the activation of a particular registration. See the inner exception for details. Registration: Activator = IMessageConsumersAssemblies[] (DelegateActivator), Services = [System.Collections.Generic.IEnumerable`1[[Creatio.Messaging.MessageBus.ConsumerDiscovery.IMessageConsumersAssemblies, Creatio.Messaging.MessageBus, Version=1.1.1.0, Culture=neutral, PublicKeyToken=edaadfbc3b0bb879]]], Lifetime = Autofac.Core.Lifetime.CurrentScopeLifetime, Sharing = None, Ownership = ExternallyOwned ---> An error occurred during the activation of a particular registration. See the inner exception for details. Registration: Activator = IMessageConsumersAssemblies (DelegateActivator), Services = [Creatio.Messaging.MessageBus.ConsumerDiscovery.IMessageConsumersAssemblies], Lifetime = Autofac.Core.Lifetime.RootScopeLifetime, Sharing = Shared, Ownership = OwnedByLifetimeScope ---> The "Default" workspace assembly is not initialized.
ConfigurationAssemblyPath [/home/shivangi/Shivangi/Shivangi's-workspace/creatio_october_traning/app/Terrasoft.Configuration/bin/Terrasoft.Configuration.dll]
WorkspacePackagesPath [/home/shivangi/Shivangi/Shivangi's-workspace/creatio_october_traning/app/Terrasoft.Configuration/Pkg]
LoadWorkspaceAssemblyError: []
WorkspaceAssemblies: [CrtEmailSender (Ver. 8.1.0.6704), Workplace (Ver. 2.0.0.0), CrtSmsIntegration (Ver. 8.1.0.6704), XSSProtection (Ver. 8.1.0.6704), IntegrationV2 (Ver. 1.0.0.2), Finesse (Ver. 8.1.0.6704), OpenIdAuth (Ver. 8.1.0.6704), CSP (Ver. 8.1.0.6704), FeatureToggling (Ver. 8.1.0.6704), CrtUISwitcher (Ver. 8.1.0.6704), SsoSettings (Ver. 8.1.0.6704), CrtNextStep (Ver. 8.1.0.6704), SspWorkplace (Ver. 2.0.0.0), MLProcessDesigner (Ver. 8.1.0.6704), CrtCore (Ver. 8.1.0.6704), CrtProductivityApp (Ver. 8.1.0.6704), CrtJunkFilter (Ver. 8.1.0.6704), CrtCase7x (Ver. 8.1.0.6704), CrtSLM7x (Ver. 8.1.0.6704), CrtCustomer360Mobile (Ver. 8.1.0.6704), CrtSLMITILService7x (Ver. 8.1.0.6704), CrtCustomer360App (Ver. 8.1.0.6704), CrtRecommendedProduct (Ver. 8.1.0.6704), MLSimilarCaseSearch (Ver. 8.1.0.6704), CrtMarketingInC360 (Ver. 8.1.0.6704), CrtSimilarLead (Ver. 8.1.0.6704), CrtLeadOppMgmtApp (Ver. 8.1.0.6704), CrtCaseManagement (Ver. 8.1.0.6704), CrtCaseService7x (Ver. 8.1.0.6704), CrtOrderContractMgmtApp (Ver. 8.1.0.6704), CrtMatomoConnector (Ver. 8.1.0.6704), CrtDigitalAdsApp (Ver. 8.1.0.6704), CrtCasesInC360 (Ver. 8.1.0.6704), CrtSalesInC360 (Ver. 8.1.0.6704), CrtCaseManagementApp (Ver. 8.1.0.6704), CrtCampaignInC360 (Ver. 8.1.0.6704), CrtOrderContractInC360 (Ver. 8.1.0.6704), CrtEngagementInC360 (Ver. 8.1.0.6704), CrtEventInC360 (Ver. 8.1.0.6704), CrtCustomerInfoInCaseMgmt (Ver. 8.1.0.6704), CrtOpportunityInC360 (Ver. 8.1.0.6704), CrtBulkEmailInC360 (Ver. 8.1.0.6704), CrtSLAInC360 (Ver. 8.1.0.6704), CrtInvoiceInC360 (Ver. 8.1.0.6704), CrtC360InUiV2 (Ver. 8.1.0.6704), UsrApp_y46qysf (Ver. 8.1.0.6704), GuidedDev (Ver. 8.1.0.6704)] (See inner exception for details.) (See inner exception for details.) (See inner exception for details.)
 ---> Autofac.Core.DependencyResolutionException: An error occurred during the activation of a particular registration. See the inner exception for details. Registration: Activator = IMessageConsumersAssemblies[] (DelegateActivator), Services = [System.Collections.Generic.IEnumerable`1[[Creatio.Messaging.MessageBus.ConsumerDiscovery.IMessageConsumersAssemblies, Creatio.Messaging.MessageBus, Version=1.1.1.0, Culture=neutral, PublicKeyToken=edaadfbc3b0bb879]]], Lifetime = Autofac.Core.Lifetime.CurrentScopeLifetime, Sharing = None, Ownership = ExternallyOwned ---> An error occurred during the activation of a particular registration. See the inner exception for details. Registration: Activator = IMessageConsumersAssemblies (DelegateActivator), Services = [Creatio.Messaging.MessageBus.ConsumerDiscovery.IMessageConsumersAssemblies], Lifetime = Autofac.Core.Lifetime.RootScopeLifetime, Sharing = Shared, Ownership = OwnedByLifetimeScope ---> The "Default" workspace assembly is not initialized.
ConfigurationAssemblyPath [/home/shivangi/Shivangi/Shivangi's-workspace/creatio_october_traning/app/Terrasoft.Configuration/bin/Terrasoft.Configuration.dll]
WorkspacePackagesPath [/home/shivangi/Shivangi/Shivangi's-workspace/creatio_october_traning/app/Terrasoft.Configuration/Pkg]
LoadWorkspaceAssemblyError: []
WorkspaceAssemblies: [CrtEmailSender (Ver. 8.1.0.6704), Workplace (Ver. 2.0.0.0), CrtSmsIntegration (Ver. 8.1.0.6704), XSSProtection (Ver. 8.1.0.6704), IntegrationV2 (Ver. 1.0.0.2), Finesse (Ver. 8.1.0.6704), OpenIdAuth (Ver. 8.1.0.6704), CSP (Ver. 8.1.0.6704), FeatureToggling (Ver. 8.1.0.6704), CrtUISwitcher (Ver. 8.1.0.6704), SsoSettings (Ver. 8.1.0.6704), CrtNextStep (Ver. 8.1.0.6704), SspWorkplace (Ver. 2.0.0.0), MLProcessDesigner (Ver. 8.1.0.6704), CrtCore (Ver. 8.1.0.6704), CrtProductivityApp (Ver. 8.1.0.6704), CrtJunkFilter (Ver. 8.1.0.6704), CrtCase7x (Ver. 8.1.0.6704), CrtSLM7x (Ver. 8.1.0.6704), CrtCustomer360Mobile (Ver. 8.1.0.6704), CrtSLMITILService7x (Ver. 8.1.0.6704), CrtCustomer360App (Ver. 8.1.0.6704), CrtRecommendedProduct (Ver. 8.1.0.6704), MLSimilarCaseSearch (Ver. 8.1.0.6704), CrtMarketingInC360 (Ver. 8.1.0.6704), CrtSimilarLead (Ver. 8.1.0.6704), CrtLeadOppMgmtApp (Ver. 8.1.0.6704), CrtCaseManagement (Ver. 8.1.0.6704), CrtCaseService7x (Ver. 8.1.0.6704), CrtOrderContractMgmtApp (Ver. 8.1.0.6704), CrtMatomoConnector (Ver. 8.1.0.6704), CrtDigitalAdsApp (Ver. 8.1.0.6704), CrtCasesInC360 (Ver. 8.1.0.6704), CrtSalesInC360 (Ver. 8.1.0.6704), CrtCaseManagementApp (Ver. 8.1.0.6704), CrtCampaignInC360 (Ver. 8.1.0.6704), CrtOrderContractInC360 (Ver. 8.1.0.6704), CrtEngagementInC360 (Ver. 8.1.0.6704), CrtEventInC360 (Ver. 8.1.0.6704), CrtCustomerInfoInCaseMgmt (Ver. 8.1.0.6704), CrtOpportunityInC360 (Ver. 8.1.0.6704), CrtBulkEmailInC360 (Ver. 8.1.0.6704), CrtSLAInC360 (Ver. 8.1.0.6704), CrtInvoiceInC360 (Ver. 8.1.0.6704), CrtC360InUiV2 (Ver. 8.1.0.6704), UsrApp_y46qysf (Ver. 8.1.0.6704), GuidedDev (Ver. 8.1.0.6704)] (See inner exception for details.) (See inner exception for details.)
 ---> Autofac.Core.DependencyResolutionException: An error occurred during the activation of a particular registration. See the inner exception for details. Registration: Activator = IMessageConsumersAssemblies (DelegateActivator), Services = [Creatio.Messaging.MessageBus.ConsumerDiscovery.IMessageConsumersAssemblies], Lifetime = Autofac.Core.Lifetime.RootScopeLifetime, Sharing = Shared, Ownership = OwnedByLifetimeScope ---> The "Default" workspace assembly is not initialized.
ConfigurationAssemblyPath [/home/shivangi/Shivangi/Shivangi's-workspace/creatio_october_traning/app/Terrasoft.Configuration/bin/Terrasoft.Configuration.dll]
WorkspacePackagesPath [/home/shivangi/Shivangi/Shivangi's-workspace/creatio_october_traning/app/Terrasoft.Configuration/Pkg]
LoadWorkspaceAssemblyError: []
WorkspaceAssemblies: [CrtEmailSender (Ver. 8.1.0.6704), Workplace (Ver. 2.0.0.0), CrtSmsIntegration (Ver. 8.1.0.6704), XSSProtection (Ver. 8.1.0.6704), IntegrationV2 (Ver. 1.0.0.2), Finesse (Ver. 8.1.0.6704), OpenIdAuth (Ver. 8.1.0.6704), CSP (Ver. 8.1.0.6704), FeatureToggling (Ver. 8.1.0.6704), CrtUISwitcher (Ver. 8.1.0.6704), SsoSettings (Ver. 8.1.0.6704), CrtNextStep (Ver. 8.1.0.6704), SspWorkplace (Ver. 2.0.0.0), MLProcessDesigner (Ver. 8.1.0.6704), CrtCore (Ver. 8.1.0.6704), CrtProductivityApp (Ver. 8.1.0.6704), CrtJunkFilter (Ver. 8.1.0.6704), CrtCase7x (Ver. 8.1.0.6704), CrtSLM7x (Ver. 8.1.0.6704), CrtCustomer360Mobile (Ver. 8.1.0.6704), CrtSLMITILService7x (Ver. 8.1.0.6704), CrtCustomer360App (Ver. 8.1.0.6704), CrtRecommendedProduct (Ver. 8.1.0.6704), MLSimilarCaseSearch (Ver. 8.1.0.6704), CrtMarketingInC360 (Ver. 8.1.0.6704), CrtSimilarLead (Ver. 8.1.0.6704), CrtLeadOppMgmtApp (Ver. 8.1.0.6704), CrtCaseManagement (Ver. 8.1.0.6704), CrtCaseService7x (Ver. 8.1.0.6704), CrtOrderContractMgmtApp (Ver. 8.1.0.6704), CrtMatomoConnector (Ver. 8.1.0.6704), CrtDigitalAdsApp (Ver. 8.1.0.6704), CrtCasesInC360 (Ver. 8.1.0.6704), CrtSalesInC360 (Ver. 8.1.0.6704), CrtCaseManagementApp (Ver. 8.1.0.6704), CrtCampaignInC360 (Ver. 8.1.0.6704), CrtOrderContractInC360 (Ver. 8.1.0.6704), CrtEngagementInC360 (Ver. 8.1.0.6704), CrtEventInC360 (Ver. 8.1.0.6704), CrtCustomerInfoInCaseMgmt (Ver. 8.1.0.6704), CrtOpportunityInC360 (Ver. 8.1.0.6704), CrtBulkEmailInC360 (Ver. 8.1.0.6704), CrtSLAInC360 (Ver. 8.1.0.6704), CrtInvoiceInC360 (Ver. 8.1.0.6704), CrtC360InUiV2 (Ver. 8.1.0.6704), UsrApp_y46qysf (Ver. 8.1.0.6704), GuidedDev (Ver. 8.1.0.6704)] (See inner exception for details.)
 ---> Terrasoft.Common.AssemblyNotInitializedException: The "Default" workspace assembly is not initialized.
ConfigurationAssemblyPath [/home/shivangi/Shivangi/Shivangi's-workspace/creatio_october_traning/app/Terrasoft.Configuration/bin/Terrasoft.Configuration.dll]
WorkspacePackagesPath [/home/shivangi/Shivangi/Shivangi's-workspace/creatio_october_traning/app/Terrasoft.Configuration/Pkg]
LoadWorkspaceAssemblyError: []
WorkspaceAssemblies: [CrtEmailSender (Ver. 8.1.0.6704), Workplace (Ver. 2.0.0.0), CrtSmsIntegration (Ver. 8.1.0.6704), XSSProtection (Ver. 8.1.0.6704), IntegrationV2 (Ver. 1.0.0.2), Finesse (Ver. 8.1.0.6704), OpenIdAuth (Ver. 8.1.0.6704), CSP (Ver. 8.1.0.6704), FeatureToggling (Ver. 8.1.0.6704), CrtUISwitcher (Ver. 8.1.0.6704), SsoSettings (Ver. 8.1.0.6704), CrtNextStep (Ver. 8.1.0.6704), SspWorkplace (Ver. 2.0.0.0), MLProcessDesigner (Ver. 8.1.0.6704), CrtCore (Ver. 8.1.0.6704), CrtProductivityApp (Ver. 8.1.0.6704), CrtJunkFilter (Ver. 8.1.0.6704), CrtCase7x (Ver. 8.1.0.6704), CrtSLM7x (Ver. 8.1.0.6704), CrtCustomer360Mobile (Ver. 8.1.0.6704), CrtSLMITILService7x (Ver. 8.1.0.6704), CrtCustomer360App (Ver. 8.1.0.6704), CrtRecommendedProduct (Ver. 8.1.0.6704), MLSimilarCaseSearch (Ver. 8.1.0.6704), CrtMarketingInC360 (Ver. 8.1.0.6704), CrtSimilarLead (Ver. 8.1.0.6704), CrtLeadOppMgmtApp (Ver. 8.1.0.6704), CrtCaseManagement (Ver. 8.1.0.6704), CrtCaseService7x (Ver. 8.1.0.6704), CrtOrderContractMgmtApp (Ver. 8.1.0.6704), CrtMatomoConnector (Ver. 8.1.0.6704), CrtDigitalAdsApp (Ver. 8.1.0.6704), CrtCasesInC360 (Ver. 8.1.0.6704), CrtSalesInC360 (Ver. 8.1.0.6704), CrtCaseManagementApp (Ver. 8.1.0.6704), CrtCampaignInC360 (Ver. 8.1.0.6704), CrtOrderContractInC360 (Ver. 8.1.0.6704), CrtEngagementInC360 (Ver. 8.1.0.6704), CrtEventInC360 (Ver. 8.1.0.6704), CrtCustomerInfoInCaseMgmt (Ver. 8.1.0.6704), CrtOpportunityInC360 (Ver. 8.1.0.6704), CrtBulkEmailInC360 (Ver. 8.1.0.6704), CrtSLAInC360 (Ver. 8.1.0.6704), CrtInvoiceInC360 (Ver. 8.1.0.6704), CrtC360InUiV2 (Ver. 8.1.0.6704), UsrApp_y46qysf (Ver. 8.1.0.6704), GuidedDev (Ver. 8.1.0.6704)]
   at Terrasoft.Core.Configuration.SysWorkspace.get_WorkspaceAssembly()
   at Terrasoft.Core.DI.Bindings.CoreModule.<>c.<Configure>b__11_15(IServiceProvider ctx) in /opt/buildagent/work/ApplicationCoreLinux/TSBpm/Src/Lib/Terrasoft.Core.DI.Bindings/CoreModule.cs:line 543
   at Terrasoft.Core.DI.ServiceProvider.ServiceProviderAutofacModule.<>c__DisplayClass15_0.<ConfigureFactoryBinding>b__0(IComponentContext context, IEnumerable`1 parameters) in /opt/buildagent/work/ApplicationCoreLinux/TSBpm/Src/Lib/Terrasoft.Core.DI/ServiceProvider/ServiceProviderAutofacModule.cs:line 216
   at Autofac.Core.Activators.Delegate.DelegateActivator.ActivateInstance(IComponentContext context, IEnumerable`1 parameters)
   at Autofac.Core.Resolving.InstanceLookup.Activate(IEnumerable`1 parameters, Object& decoratorTarget)
   --- End of inner exception stack trace ---
   at Autofac.Core.Resolving.InstanceLookup.Activate(IEnumerable`1 parameters, Object& decoratorTarget)
   at Autofac.Core.Resolving.InstanceLookup.<>c__DisplayClass5_0.<Execute>b__0()
   at Autofac.Core.Lifetime.LifetimeScope.GetOrCreateAndShare(Guid id, Func`1 creator)
   at Autofac.Core.Resolving.InstanceLookup.Execute()
   at Autofac.Core.Resolving.ResolveOperation.GetOrCreateInstance(ISharingLifetimeScope currentOperationScope, IComponentRegistration registration, IEnumerable`1 parameters)
   at Autofac.Core.Resolving.InstanceLookup.ResolveComponent(IComponentRegistration registration, IEnumerable`1 parameters)
   at Autofac.Features.Collections.CollectionRegistrationSource.<>c__DisplayClass0_1.<RegistrationsFor>b__2(IComponentRegistration cr)
   at System.Linq.Enumerable.SelectIPartitionIterator`2.MoveNext()
   at System.Linq.Enumerable.OfTypeIterator[TResult](IEnumerable source)+MoveNext()
   at System.Collections.Generic.LargeArrayBuilder`1.AddRange(IEnumerable`1 items)
   at System.Collections.Generic.EnumerableHelpers.ToArray[T](IEnumerable`1 source)
   at Autofac.Features.Collections.CollectionRegistrationSource.<>c__DisplayClass0_0.<RegistrationsFor>b__0(IComponentContext c, IEnumerable`1 p)
   at Autofac.Core.Activators.Delegate.DelegateActivator.ActivateInstance(IComponentContext context, IEnumerable`1 parameters)
   at Autofac.Core.Resolving.InstanceLookup.Activate(IEnumerable`1 parameters, Object& decoratorTarget)
   --- End of inner exception stack trace ---
   at Autofac.Core.Resolving.InstanceLookup.Activate(IEnumerable`1 parameters, Object& decoratorTarget)
   at Autofac.Core.Resolving.InstanceLookup.Execute()
   at Autofac.Core.Resolving.ResolveOperation.GetOrCreateInstance(ISharingLifetimeScope currentOperationScope, IComponentRegistration registration, IEnumerable`1 parameters)
   at Autofac.Core.Resolving.InstanceLookup.ResolveComponent(IComponentRegistration registration, IEnumerable`1 parameters)
   at Autofac.Core.Activators.Reflection.AutowiringParameter.<>c__DisplayClass0_0.<CanSupplyValue>b__0()
   at Autofac.Core.Activators.Reflection.ConstructorParameterBinding.Instantiate()
   at Autofac.Core.Activators.Reflection.ReflectionActivator.ActivateInstance(IComponentContext context, IEnumerable`1 parameters)
   at Autofac.Core.Resolving.InstanceLookup.Activate(IEnumerable`1 parameters, Object& decoratorTarget)
   --- End of inner exception stack trace ---
   at Autofac.Core.Resolving.InstanceLookup.Activate(IEnumerable`1 parameters, Object& decoratorTarget)
   at Autofac.Core.Resolving.InstanceLookup.<>c__DisplayClass5_0.<Execute>b__0()
   at Autofac.Core.Lifetime.LifetimeScope.GetOrCreateAndShare(Guid id, Func`1 creator)
   at Autofac.Core.Resolving.InstanceLookup.Execute()
   at Autofac.Core.Resolving.ResolveOperation.GetOrCreateInstance(ISharingLifetimeScope currentOperationScope, IComponentRegistration registration, IEnumerable`1 parameters)
   at Autofac.Core.Resolving.InstanceLookup.ResolveComponent(IComponentRegistration registration, IEnumerable`1 parameters)
   at Autofac.Core.Activators.Reflection.AutowiringParameter.<>c__DisplayClass0_0.<CanSupplyValue>b__0()
   at Autofac.Core.Activators.Reflection.ConstructorParameterBinding.Instantiate()
   at Autofac.Core.Activators.Reflection.ReflectionActivator.ActivateInstance(IComponentContext context, IEnumerable`1 parameters)
   at Autofac.Core.Resolving.InstanceLookup.Activate(IEnumerable`1 parameters, Object& decoratorTarget)
   --- End of inner exception stack trace ---
   at Autofac.Core.Resolving.InstanceLookup.Activate(IEnumerable`1 parameters, Object& decoratorTarget)
   at Autofac.Core.Resolving.InstanceLookup.Execute()
   at Autofac.Core.Resolving.ResolveOperation.GetOrCreateInstance(ISharingLifetimeScope currentOperationScope, IComponentRegistration registration, IEnumerable`1 parameters)
   at Autofac.Core.Resolving.ResolveOperation.ResolveComponent(IComponentRegistration registration, IEnumerable`1 parameters)
   at Autofac.Core.Resolving.ResolveOperation.Execute(IComponentRegistration registration, IEnumerable`1 parameters)
   at Autofac.Core.Lifetime.LifetimeScope.ResolveComponent(IComponentRegistration registration, IEnumerable`1 parameters)
   at Autofac.ResolutionExtensions.TryResolveService(IComponentContext context, Service service, IEnumerable`1 parameters, Object& instance)
   at Autofac.ResolutionExtensions.ResolveOptionalService(IComponentContext context, Service service, IEnumerable`1 parameters)
   at Autofac.ResolutionExtensions.ResolveOptional(IComponentContext context, Type serviceType, IEnumerable`1 parameters)
   at Autofac.ResolutionExtensions.ResolveOptional(IComponentContext context, Type serviceType)
   at Autofac.Extensions.DependencyInjection.AutofacServiceProvider.GetService(Type serviceType)
   at Microsoft.Extensions.DependencyInjection.ServiceProviderServiceExtensions.GetService[T](IServiceProvider provider)
   at Creatio.Messaging.MessageBus.RabbitMQ.InMemoryMode.MemoryBusActor..ctor(IServiceProvider serviceProvider, IActorPool consumptionExecutorPool, IActorRef messageBufferActor)
   --- End of inner exception stack trace ---
   at System.RuntimeMethodHandle.InvokeMethod(Object target, Span`1& arguments, Signature sig, Boolean constructor, Boolean wrapExceptions)
   at System.Reflection.RuntimeConstructorInfo.Invoke(BindingFlags invokeAttr, Binder binder, Object[] parameters, CultureInfo culture)
   at System.RuntimeType.CreateInstanceImpl(BindingFlags bindingAttr, Binder binder, Object[] args, CultureInfo culture)
   at Akka.Actor.Props.ActivatorProducer.Produce()
   at Akka.Actor.Props.NewActor()
   --- End of inner exception stack trace ---
   at Akka.Actor.Props.NewActor()
   at Akka.Actor.ActorCell.CreateNewActorInstance()
   at Akka.Actor.ActorCell.<>c__DisplayClass117_0.<NewActor>b__0()
   at Akka.Actor.ActorCell.UseThreadContext(Action action)
   at Akka.Actor.ActorCell.NewActor()
   at Akka.Actor.ActorCell.Create(Exception failure)
   --- End of inner exception stack trace ---
   at Akka.Actor.ActorCell.Create(Exception failure)
   at Akka.Actor.ActorCell.SysMsgInvokeAll(EarliestFirstSystemMessageList messages, Int32 currentState)
