2023-12-13 12:55:25,552 [.NET ThreadPool Worker] INFO Supervisor ConfigurationBuild .ctor - Operation [BuildChanged] started
2023-12-13 12:55:26,700 [.NET ThreadPool Worker] INFO Supervisor ConfigurationBuild LogGenerationResult - Schema count: 0
2023-12-13 12:55:26,703 [.NET ThreadPool Worker] INFO Supervisor ConfigurationBuild .ctor - Operation [GenerateFileContentDescriptors] started
2023-12-13 12:55:27,171 [.NET ThreadPool Worker] INFO Supervisor ConfigurationBuild Stop - Operation [GenerateFileContentDescriptors] took 0 s 467 ms
2023-12-13 12:55:27,171 [.NET ThreadPool Worker] INFO Supervisor ConfigurationBuild .ctor - Operation [GenerateFileContentBootstraps] started
2023-12-13 12:55:27,185 [.NET ThreadPool Worker] INFO Supervisor ConfigurationBuild Stop - Operation [GenerateFileContentBootstraps] took 0 s 13 ms
2023-12-13 12:55:27,187 [.NET ThreadPool Worker] INFO Supervisor ConfigurationBuild Stop - Operation [BuildChanged] took 1 s 633 ms
2023-12-13 15:58:45,967 [.NET ThreadPool Worker] INFO Supervisor ConfigurationBuild .ctor - Operation [BuildChanged] started
2023-12-13 15:58:47,453 [.NET ThreadPool Worker] INFO Supervisor ConfigurationBuild LogGenerationResult - Schema count: 0
2023-12-13 15:58:47,457 [.NET ThreadPool Worker] INFO Supervisor ConfigurationBuild .ctor - Operation [GenerateFileContentDescriptors] started
2023-12-13 15:58:48,082 [.NET ThreadPool Worker] INFO Supervisor ConfigurationBuild Stop - Operation [GenerateFileContentDescriptors] took 0 s 625 ms
2023-12-13 15:58:48,082 [.NET ThreadPool Worker] INFO Supervisor ConfigurationBuild .ctor - Operation [GenerateFileContentBootstraps] started
2023-12-13 15:58:48,082 [.NET ThreadPool Worker] INFO Supervisor ConfigurationBuild Stop - Operation [GenerateFileContentBootstraps] took 0 s 2 ms
2023-12-13 15:58:48,082 [.NET ThreadPool Worker] INFO Supervisor ConfigurationBuild Stop - Operation [BuildChanged] took 2 s 118 ms
2023-12-13 16:01:53,615 [.NET ThreadPool Worker] INFO Supervisor ConfigurationBuild .ctor - Operation [BuildChanged] started
2023-12-13 16:01:54,778 [.NET ThreadPool Worker] INFO Supervisor ConfigurationBuild LogGenerationResult - Schema count: 0
2023-12-13 16:01:54,778 [.NET ThreadPool Worker] INFO Supervisor ConfigurationBuild .ctor - Operation [GenerateFileContentDescriptors] started
2023-12-13 16:01:55,215 [.NET ThreadPool Worker] INFO Supervisor ConfigurationBuild Stop - Operation [GenerateFileContentDescriptors] took 0 s 437 ms
2023-12-13 16:01:55,215 [.NET ThreadPool Worker] INFO Supervisor ConfigurationBuild .ctor - Operation [GenerateFileContentBootstraps] started
2023-12-13 16:01:55,215 [.NET ThreadPool Worker] INFO Supervisor ConfigurationBuild Stop - Operation [GenerateFileContentBootstraps] took 0 s 1 ms
2023-12-13 16:01:55,215 [.NET ThreadPool Worker] INFO Supervisor ConfigurationBuild Stop - Operation [BuildChanged] took 1 s 602 ms
2023-12-13 16:07:17,051 [.NET ThreadPool Worker] INFO Supervisor ConfigurationBuild .ctor - Operation [BuildChanged] started
2023-12-13 16:07:18,020 [.NET ThreadPool Worker] INFO Supervisor ConfigurationBuild LogGenerationResult - Schema count: 0
2023-12-13 16:07:18,020 [.NET ThreadPool Worker] INFO Supervisor ConfigurationBuild .ctor - Operation [GenerateFileContentDescriptors] started
2023-12-13 16:07:18,541 [.NET ThreadPool Worker] INFO Supervisor ConfigurationBuild Stop - Operation [GenerateFileContentDescriptors] took 0 s 520 ms
2023-12-13 16:07:18,541 [.NET ThreadPool Worker] INFO Supervisor ConfigurationBuild .ctor - Operation [GenerateFileContentBootstraps] started
2023-12-13 16:07:18,543 [.NET ThreadPool Worker] INFO Supervisor ConfigurationBuild Stop - Operation [GenerateFileContentBootstraps] took 0 s 1 ms
2023-12-13 16:07:18,543 [.NET ThreadPool Worker] INFO Supervisor ConfigurationBuild Stop - Operation [BuildChanged] took 1 s 491 ms
2023-12-13 16:08:48,289 [.NET ThreadPool Worker] INFO Supervisor ConfigurationBuild .ctor - Operation [BuildChanged] started
2023-12-13 16:08:49,196 [.NET ThreadPool Worker] INFO Supervisor ConfigurationBuild LogGenerationResult - Schema count: 0
2023-12-13 16:08:49,196 [.NET ThreadPool Worker] INFO Supervisor ConfigurationBuild .ctor - Operation [GenerateFileContentDescriptors] started
2023-12-13 16:08:49,695 [.NET ThreadPool Worker] INFO Supervisor ConfigurationBuild Stop - Operation [GenerateFileContentDescriptors] took 0 s 500 ms
2023-12-13 16:08:49,695 [.NET ThreadPool Worker] INFO Supervisor ConfigurationBuild .ctor - Operation [GenerateFileContentBootstraps] started
2023-12-13 16:08:49,699 [.NET ThreadPool Worker] INFO Supervisor ConfigurationBuild Stop - Operation [GenerateFileContentBootstraps] took 0 s 2 ms
2023-12-13 16:08:49,699 [.NET ThreadPool Worker] INFO Supervisor ConfigurationBuild Stop - Operation [BuildChanged] took 1 s 409 ms
2023-12-13 18:17:11,199 [.NET ThreadPool Worker] INFO Supervisor ConfigurationBuild .ctor - Operation [BuildChanged] started
2023-12-13 18:17:13,062 [.NET ThreadPool Worker] INFO Supervisor ConfigurationBuild LogGenerationResult - Schema count: 0
2023-12-13 18:17:13,062 [.NET ThreadPool Worker] INFO Supervisor ConfigurationBuild .ctor - Operation [GenerateFileContentDescriptors] started
2023-12-13 18:17:13,927 [.NET ThreadPool Worker] INFO Supervisor ConfigurationBuild Stop - Operation [GenerateFileContentDescriptors] took 0 s 862 ms
2023-12-13 18:17:13,927 [.NET ThreadPool Worker] INFO Supervisor ConfigurationBuild .ctor - Operation [GenerateFileContentBootstraps] started
2023-12-13 18:17:13,927 [.NET ThreadPool Worker] INFO Supervisor ConfigurationBuild Stop - Operation [GenerateFileContentBootstraps] took 0 s 1 ms
2023-12-13 18:17:13,927 [.NET ThreadPool Worker] INFO Supervisor ConfigurationBuild Stop - Operation [BuildChanged] took 2 s 727 ms
2023-12-13 18:20:10,425 [.NET ThreadPool Worker] INFO Supervisor ConfigurationBuild .ctor - Operation [BuildChanged] started
2023-12-13 18:20:11,382 [.NET ThreadPool Worker] INFO Supervisor ConfigurationBuild LogGenerationResult - Schema count: 0
2023-12-13 18:20:11,382 [.NET ThreadPool Worker] INFO Supervisor ConfigurationBuild .ctor - Operation [GenerateFileContentDescriptors] started
2023-12-13 18:20:11,844 [.NET ThreadPool Worker] INFO Supervisor ConfigurationBuild Stop - Operation [GenerateFileContentDescriptors] took 0 s 461 ms
2023-12-13 18:20:11,844 [.NET ThreadPool Worker] INFO Supervisor ConfigurationBuild .ctor - Operation [GenerateFileContentBootstraps] started
2023-12-13 18:20:11,844 [.NET ThreadPool Worker] INFO Supervisor ConfigurationBuild Stop - Operation [GenerateFileContentBootstraps] took 0 s 1 ms
2023-12-13 18:20:11,844 [.NET ThreadPool Worker] INFO Supervisor ConfigurationBuild Stop - Operation [BuildChanged] took 1 s 420 ms
2023-12-13 18:22:03,693 [.NET ThreadPool Worker] INFO Supervisor ConfigurationBuild .ctor - Operation [BuildChanged] started
2023-12-13 18:22:04,693 [.NET ThreadPool Worker] INFO Supervisor ConfigurationBuild LogGenerationResult - Schema count: 0
2023-12-13 18:22:04,693 [.NET ThreadPool Worker] INFO Supervisor ConfigurationBuild .ctor - Operation [GenerateFileContentDescriptors] started
2023-12-13 18:22:05,115 [.NET ThreadPool Worker] INFO Supervisor ConfigurationBuild Stop - Operation [GenerateFileContentDescriptors] took 0 s 421 ms
2023-12-13 18:22:05,115 [.NET ThreadPool Worker] INFO Supervisor ConfigurationBuild .ctor - Operation [GenerateFileContentBootstraps] started
2023-12-13 18:22:05,115 [.NET ThreadPool Worker] INFO Supervisor ConfigurationBuild Stop - Operation [GenerateFileContentBootstraps] took 0 s 1 ms
2023-12-13 18:22:05,115 [.NET ThreadPool Worker] INFO Supervisor ConfigurationBuild Stop - Operation [BuildChanged] took 1 s 423 ms
2023-12-13 18:22:44,827 [.NET ThreadPool Worker] INFO Supervisor ConfigurationBuild .ctor - Operation [BuildChanged] started
2023-12-13 18:22:45,927 [.NET ThreadPool Worker] INFO Supervisor ConfigurationBuild LogGenerationResult - Schema count: 0
2023-12-13 18:22:45,927 [.NET ThreadPool Worker] INFO Supervisor ConfigurationBuild .ctor - Operation [GenerateFileContentDescriptors] started
2023-12-13 18:22:46,366 [.NET ThreadPool Worker] INFO Supervisor ConfigurationBuild Stop - Operation [GenerateFileContentDescriptors] took 0 s 438 ms
2023-12-13 18:22:46,366 [.NET ThreadPool Worker] INFO Supervisor ConfigurationBuild .ctor - Operation [GenerateFileContentBootstraps] started
2023-12-13 18:22:46,366 [.NET ThreadPool Worker] INFO Supervisor ConfigurationBuild Stop - Operation [GenerateFileContentBootstraps] took 0 s 1 ms
2023-12-13 18:22:46,366 [.NET ThreadPool Worker] INFO Supervisor ConfigurationBuild Stop - Operation [BuildChanged] took 1 s 539 ms
2023-12-13 18:25:56,895 [.NET ThreadPool Worker] INFO Supervisor ConfigurationBuild .ctor - Operation [BuildChanged] started
2023-12-13 18:25:57,763 [.NET ThreadPool Worker] INFO Supervisor ConfigurationBuild LogGenerationResult - Schema count: 0
2023-12-13 18:25:57,763 [.NET ThreadPool Worker] INFO Supervisor ConfigurationBuild .ctor - Operation [GenerateFileContentDescriptors] started
2023-12-13 18:25:58,200 [.NET ThreadPool Worker] INFO Supervisor ConfigurationBuild Stop - Operation [GenerateFileContentDescriptors] took 0 s 437 ms
2023-12-13 18:25:58,200 [.NET ThreadPool Worker] INFO Supervisor ConfigurationBuild MoveNext - Operation [GenerateFileContentBootstraps] started
2023-12-13 18:25:58,200 [.NET ThreadPool Worker] INFO Supervisor ConfigurationBuild Stop - Operation [GenerateFileContentBootstraps] took 0 s 0 ms
2023-12-13 18:25:58,200 [.NET ThreadPool Worker] INFO Supervisor ConfigurationBuild Stop - Operation [BuildChanged] took 1 s 305 ms
2023-12-13 18:34:29,785 [.NET ThreadPool Worker] INFO Supervisor ConfigurationBuild .ctor - Operation [BuildChanged] started
2023-12-13 18:34:31,316 [.NET ThreadPool Worker] INFO Supervisor ConfigurationBuild LogGenerationResult - Schema count: 0
2023-12-13 18:34:31,318 [.NET ThreadPool Worker] INFO Supervisor ConfigurationBuild .ctor - Operation [GenerateFileContentDescriptors] started
2023-12-13 18:34:32,192 [.NET ThreadPool Worker] INFO Supervisor ConfigurationBuild Stop - Operation [GenerateFileContentDescriptors] took 0 s 872 ms
2023-12-13 18:34:32,192 [.NET ThreadPool Worker] INFO Supervisor ConfigurationBuild .ctor - Operation [GenerateFileContentBootstraps] started
2023-12-13 18:34:32,199 [.NET ThreadPool Worker] INFO Supervisor ConfigurationBuild Stop - Operation [GenerateFileContentBootstraps] took 0 s 7 ms
2023-12-13 18:34:32,205 [.NET ThreadPool Worker] INFO Supervisor ConfigurationBuild Stop - Operation [BuildChanged] took 2 s 418 ms
2023-12-13 18:37:11,723 [.NET ThreadPool Worker] INFO Supervisor ConfigurationBuild .ctor - Operation [BuildChanged] started
2023-12-13 18:37:13,267 [.NET ThreadPool Worker] INFO Supervisor ConfigurationBuild LogGenerationResult - Schema count: 0
2023-12-13 18:37:13,267 [.NET ThreadPool Worker] INFO Supervisor ConfigurationBuild .ctor - Operation [GenerateFileContentDescriptors] started
2023-12-13 18:37:13,770 [.NET ThreadPool Worker] INFO Supervisor ConfigurationBuild Stop - Operation [GenerateFileContentDescriptors] took 0 s 501 ms
2023-12-13 18:37:13,770 [.NET ThreadPool Worker] INFO Supervisor ConfigurationBuild .ctor - Operation [GenerateFileContentBootstraps] started
2023-12-13 18:37:13,777 [.NET ThreadPool Worker] INFO Supervisor ConfigurationBuild Stop - Operation [GenerateFileContentBootstraps] took 0 s 6 ms
2023-12-13 18:37:13,778 [.NET ThreadPool Worker] INFO Supervisor ConfigurationBuild Stop - Operation [BuildChanged] took 2 s 54 ms
2023-12-13 18:38:00,411 [.NET ThreadPool Worker] INFO Supervisor ConfigurationBuild .ctor - Operation [BuildChanged] started
2023-12-13 18:38:01,301 [.NET ThreadPool Worker] INFO Supervisor ConfigurationBuild LogGenerationResult - Schema count: 0
2023-12-13 18:38:01,302 [.NET ThreadPool Worker] INFO Supervisor ConfigurationBuild .ctor - Operation [GenerateFileContentDescriptors] started
2023-12-13 18:38:01,695 [.NET ThreadPool Worker] INFO Supervisor ConfigurationBuild Stop - Operation [GenerateFileContentDescriptors] took 0 s 393 ms
2023-12-13 18:38:01,695 [.NET ThreadPool Worker] INFO Supervisor ConfigurationBuild .ctor - Operation [GenerateFileContentBootstraps] started
2023-12-13 18:38:01,695 [.NET ThreadPool Worker] INFO Supervisor ConfigurationBuild Stop - Operation [GenerateFileContentBootstraps] took 0 s 1 ms
2023-12-13 18:38:01,695 [.NET ThreadPool Worker] INFO Supervisor ConfigurationBuild Stop - Operation [BuildChanged] took 1 s 284 ms
2023-12-13 18:40:33,886 [.NET ThreadPool Worker] INFO Supervisor ConfigurationBuild .ctor - Operation [BuildChanged] started
2023-12-13 18:40:34,790 [.NET ThreadPool Worker] INFO Supervisor ConfigurationBuild LogGenerationResult - Schema count: 0
2023-12-13 18:40:34,790 [.NET ThreadPool Worker] INFO Supervisor ConfigurationBuild .ctor - Operation [GenerateFileContentDescriptors] started
2023-12-13 18:40:35,282 [.NET ThreadPool Worker] INFO Supervisor ConfigurationBuild Stop - Operation [GenerateFileContentDescriptors] took 0 s 491 ms
2023-12-13 18:40:35,282 [.NET ThreadPool Worker] INFO Supervisor ConfigurationBuild .ctor - Operation [GenerateFileContentBootstraps] started
2023-12-13 18:40:35,282 [.NET ThreadPool Worker] INFO Supervisor ConfigurationBuild Stop - Operation [GenerateFileContentBootstraps] took 0 s 2 ms
2023-12-13 18:40:35,282 [.NET ThreadPool Worker] INFO Supervisor ConfigurationBuild Stop - Operation [BuildChanged] took 1 s 397 ms
2023-12-13 18:52:32,816 [.NET ThreadPool Worker] INFO Supervisor ConfigurationBuild .ctor - Operation [BuildChanged] started
2023-12-13 18:52:34,138 [.NET ThreadPool Worker] INFO Supervisor ConfigurationBuild LogGenerationResult - Schema count: 0
2023-12-13 18:52:34,138 [.NET ThreadPool Worker] INFO Supervisor ConfigurationBuild .ctor - Operation [GenerateFileContentDescriptors] started
2023-12-13 18:52:34,791 [.NET ThreadPool Worker] INFO Supervisor ConfigurationBuild Stop - Operation [GenerateFileContentDescriptors] took 0 s 652 ms
2023-12-13 18:52:34,791 [.NET ThreadPool Worker] INFO Supervisor ConfigurationBuild .ctor - Operation [GenerateFileContentBootstraps] started
2023-12-13 18:52:34,794 [.NET ThreadPool Worker] INFO Supervisor ConfigurationBuild Stop - Operation [GenerateFileContentBootstraps] took 0 s 1 ms
2023-12-13 18:52:34,794 [.NET ThreadPool Worker] INFO Supervisor ConfigurationBuild Stop - Operation [BuildChanged] took 1 s 978 ms
2023-12-13 19:41:35,431 [.NET ThreadPool Worker] INFO Supervisor ConfigurationBuild .ctor - Operation [BuildChanged] started
2023-12-13 19:41:36,563 [.NET ThreadPool Worker] INFO Supervisor ConfigurationBuild LogGenerationResult - Schema count: 0
2023-12-13 19:41:36,563 [.NET ThreadPool Worker] INFO Supervisor ConfigurationBuild .ctor - Operation [GenerateFileContentDescriptors] started
2023-12-13 19:41:36,946 [.NET ThreadPool Worker] INFO Supervisor ConfigurationBuild Stop - Operation [GenerateFileContentDescriptors] took 0 s 383 ms
2023-12-13 19:41:36,946 [.NET ThreadPool Worker] INFO Supervisor ConfigurationBuild .ctor - Operation [GenerateFileContentBootstraps] started
2023-12-13 19:41:36,946 [.NET ThreadPool Worker] INFO Supervisor ConfigurationBuild Stop - Operation [GenerateFileContentBootstraps] took 0 s 1 ms
2023-12-13 19:41:36,946 [.NET ThreadPool Worker] INFO Supervisor ConfigurationBuild Stop - Operation [BuildChanged] took 1 s 518 ms
2023-12-13 19:41:56,832 [.NET ThreadPool Worker] INFO Supervisor ConfigurationBuild .ctor - Operation [BuildChanged] started
2023-12-13 19:41:57,997 [.NET ThreadPool Worker] INFO Supervisor ConfigurationBuild LogGenerationResult - Schema count: 0
2023-12-13 19:41:57,997 [.NET ThreadPool Worker] INFO Supervisor ConfigurationBuild .ctor - Operation [GenerateFileContentDescriptors] started
2023-12-13 19:41:58,375 [.NET ThreadPool Worker] INFO Supervisor ConfigurationBuild Stop - Operation [GenerateFileContentDescriptors] took 0 s 377 ms
2023-12-13 19:41:58,375 [.NET ThreadPool Worker] INFO Supervisor ConfigurationBuild .ctor - Operation [GenerateFileContentBootstraps] started
2023-12-13 19:41:58,375 [.NET ThreadPool Worker] INFO Supervisor ConfigurationBuild Stop - Operation [GenerateFileContentBootstraps] took 0 s 1 ms
2023-12-13 19:41:58,375 [.NET ThreadPool Worker] INFO Supervisor ConfigurationBuild Stop - Operation [BuildChanged] took 1 s 545 ms
2023-12-13 19:55:13,480 [.NET ThreadPool Worker] INFO Supervisor ConfigurationBuild .ctor - Operation [BuildChanged] started
2023-12-13 19:55:15,733 [.NET ThreadPool Worker] INFO Supervisor ConfigurationBuild LogGenerationResult - Schema count: 0
2023-12-13 19:55:15,735 [.NET ThreadPool Worker] INFO Supervisor ConfigurationBuild .ctor - Operation [GenerateFileContentDescriptors] started
2023-12-13 19:55:16,762 [.NET ThreadPool Worker] INFO Supervisor ConfigurationBuild Stop - Operation [GenerateFileContentDescriptors] took 1 s 26 ms
2023-12-13 19:55:16,762 [.NET ThreadPool Worker] INFO Supervisor ConfigurationBuild .ctor - Operation [GenerateFileContentBootstraps] started
2023-12-13 19:55:16,787 [.NET ThreadPool Worker] INFO Supervisor ConfigurationBuild Stop - Operation [GenerateFileContentBootstraps] took 0 s 25 ms
2023-12-13 19:55:16,787 [.NET ThreadPool Worker] INFO Supervisor ConfigurationBuild Stop - Operation [BuildChanged] took 3 s 310 ms
2023-12-13 20:45:59,935 [.NET ThreadPool Worker] INFO Supervisor ConfigurationBuild .ctor - Operation [BuildChanged] started
2023-12-13 20:46:01,101 [.NET ThreadPool Worker] INFO Supervisor ConfigurationBuild LogGenerationResult - Schema count: 0
2023-12-13 20:46:01,103 [.NET ThreadPool Worker] INFO Supervisor ConfigurationBuild .ctor - Operation [GenerateFileContentDescriptors] started
2023-12-13 20:46:01,564 [.NET ThreadPool Worker] INFO Supervisor ConfigurationBuild Stop - Operation [GenerateFileContentDescriptors] took 0 s 460 ms
2023-12-13 20:46:01,564 [.NET ThreadPool Worker] INFO Supervisor ConfigurationBuild .ctor - Operation [GenerateFileContentBootstraps] started
2023-12-13 20:46:01,570 [.NET ThreadPool Worker] INFO Supervisor ConfigurationBuild Stop - Operation [GenerateFileContentBootstraps] took 0 s 6 ms
2023-12-13 20:46:01,570 [.NET ThreadPool Worker] INFO Supervisor ConfigurationBuild Stop - Operation [BuildChanged] took 1 s 636 ms
2023-12-13 20:59:37,743 [.NET ThreadPool Worker] INFO Supervisor ConfigurationBuild .ctor - Operation [BuildChanged] started
2023-12-13 20:59:39,632 [.NET ThreadPool Worker] INFO Supervisor ConfigurationBuild LogGenerationResult - Schema count: 0
2023-12-13 20:59:39,632 [.NET ThreadPool Worker] INFO Supervisor ConfigurationBuild .ctor - Operation [GenerateFileContentDescriptors] started
2023-12-13 20:59:40,567 [.NET ThreadPool Worker] INFO Supervisor ConfigurationBuild Stop - Operation [GenerateFileContentDescriptors] took 0 s 934 ms
2023-12-13 20:59:40,567 [.NET ThreadPool Worker] INFO Supervisor ConfigurationBuild .ctor - Operation [GenerateFileContentBootstraps] started
2023-12-13 20:59:40,567 [.NET ThreadPool Worker] INFO Supervisor ConfigurationBuild Stop - Operation [GenerateFileContentBootstraps] took 0 s 2 ms
2023-12-13 20:59:40,570 [.NET ThreadPool Worker] INFO Supervisor ConfigurationBuild Stop - Operation [BuildChanged] took 2 s 824 ms
