2023-12-20 11:36:01,000 [.NET ThreadPool Worker] WARN Supervisor <GetModelsGroupedByEntityName>b__1_0 - PredictedResultColumnName is empty for model 74ce4daa-aa40-411d-8152-1b16cc2e8c2b
Metadata: {
}
Entity schemaUid: a5657e6b-342d-4104-8ab8-aab37ef29860

2023-12-20 11:36:01,000 [.NET ThreadPool Worker] WARN Supervisor <GetModelsGroupedByEntityName>b__1_0 - PredictedResultColumnName is empty for model 8f57ed14-2c8a-47c8-a990-104698359451
Metadata: {
}
Entity schemaUid: a5657e6b-342d-4104-8ab8-aab37ef29860

2023-12-20 11:36:01,000 [.NET ThreadPool Worker] WARN Supervisor <GetModelsGroupedByEntityName>b__1_0 - PredictedResultColumnName is empty for model 6f8c5159-e07b-485d-bfa2-37dbf4f0a2d3
Metadata: {
}
Entity schemaUid: 117d32f9-8275-4534-8411-1c66115ce9cd

2023-12-20 11:36:01,000 [.NET ThreadPool Worker] WARN Supervisor <GetModelsGroupedByEntityName>b__1_0 - PredictedResultColumnName is empty for model b624f2fd-81e1-4e8d-890b-5184994d1154
Metadata: {
}
Entity schemaUid: 56143364-4580-4561-8814-8612fad2e5c0

2023-12-20 11:37:08,144 [.NET ThreadPool Worker] INFO  Execute - Start to process (training, state sync) ML models
2023-12-20 11:37:08,144 [.NET ThreadPool Worker] INFO  Execute - ML model batch prediction job started
2023-12-20 11:37:08,148 [.NET ThreadPool Worker] DEBUG  ProcessAllModels - There are no ML problem types with set ServiceUrl
2023-12-20 11:37:08,148 [.NET ThreadPool Worker] DEBUG  ProcessAllModels - There are no ML problem types with set ServiceUrl
2023-12-20 11:52:08,203 [.NET ThreadPool Worker] INFO  Execute - Start to process (training, state sync) ML models
2023-12-20 11:52:08,212 [.NET ThreadPool Worker] DEBUG  ProcessAllModels - There are no ML problem types with set ServiceUrl
2023-12-20 12:07:08,228 [.NET ThreadPool Worker] INFO  Execute - Start to process (training, state sync) ML models
2023-12-20 12:07:08,228 [.NET ThreadPool Worker] DEBUG  ProcessAllModels - There are no ML problem types with set ServiceUrl
2023-12-20 12:22:08,247 [.NET ThreadPool Worker] INFO  Execute - Start to process (training, state sync) ML models
2023-12-20 12:22:08,247 [.NET ThreadPool Worker] DEBUG  ProcessAllModels - There are no ML problem types with set ServiceUrl
2023-12-20 12:37:08,186 [.NET ThreadPool Worker] INFO  Execute - ML model batch prediction job started
2023-12-20 12:37:08,192 [.NET ThreadPool Worker] DEBUG  ProcessAllModels - There are no ML problem types with set ServiceUrl
2023-12-20 12:37:08,266 [.NET ThreadPool Worker] INFO  Execute - Start to process (training, state sync) ML models
2023-12-20 12:37:08,268 [.NET ThreadPool Worker] DEBUG  ProcessAllModels - There are no ML problem types with set ServiceUrl
2023-12-20 12:52:08,286 [.NET ThreadPool Worker] INFO  Execute - Start to process (training, state sync) ML models
2023-12-20 12:52:08,294 [.NET ThreadPool Worker] DEBUG  ProcessAllModels - There are no ML problem types with set ServiceUrl
2023-12-20 13:07:08,311 [.NET ThreadPool Worker] INFO  Execute - Start to process (training, state sync) ML models
2023-12-20 13:07:08,311 [.NET ThreadPool Worker] DEBUG  ProcessAllModels - There are no ML problem types with set ServiceUrl
2023-12-20 13:22:08,318 [.NET ThreadPool Worker] INFO  Execute - Start to process (training, state sync) ML models
2023-12-20 13:22:08,329 [.NET ThreadPool Worker] DEBUG  ProcessAllModels - There are no ML problem types with set ServiceUrl
2023-12-20 13:37:08,224 [.NET ThreadPool Worker] INFO  Execute - ML model batch prediction job started
2023-12-20 13:37:08,224 [.NET ThreadPool Worker] DEBUG  ProcessAllModels - There are no ML problem types with set ServiceUrl
2023-12-20 13:37:08,345 [.NET ThreadPool Worker] INFO  Execute - Start to process (training, state sync) ML models
2023-12-20 13:37:08,347 [.NET ThreadPool Worker] DEBUG  ProcessAllModels - There are no ML problem types with set ServiceUrl
2023-12-20 13:52:08,364 [.NET ThreadPool Worker] INFO  Execute - Start to process (training, state sync) ML models
2023-12-20 13:52:08,364 [.NET ThreadPool Worker] DEBUG  ProcessAllModels - There are no ML problem types with set ServiceUrl
2023-12-20 14:07:08,372 [.NET ThreadPool Worker] INFO  Execute - Start to process (training, state sync) ML models
2023-12-20 14:07:08,372 [.NET ThreadPool Worker] DEBUG  ProcessAllModels - There are no ML problem types with set ServiceUrl
2023-12-20 14:22:08,390 [.NET ThreadPool Worker] INFO  Execute - Start to process (training, state sync) ML models
2023-12-20 14:22:08,392 [.NET ThreadPool Worker] DEBUG  ProcessAllModels - There are no ML problem types with set ServiceUrl
2023-12-20 14:37:08,241 [.NET ThreadPool Worker] INFO  Execute - ML model batch prediction job started
2023-12-20 14:37:08,241 [.NET ThreadPool Worker] DEBUG  ProcessAllModels - There are no ML problem types with set ServiceUrl
2023-12-20 14:37:08,409 [.NET ThreadPool Worker] INFO  Execute - Start to process (training, state sync) ML models
2023-12-20 14:37:08,411 [.NET ThreadPool Worker] DEBUG  ProcessAllModels - There are no ML problem types with set ServiceUrl
2023-12-20 14:52:08,428 [.NET ThreadPool Worker] INFO  Execute - Start to process (training, state sync) ML models
2023-12-20 14:52:08,428 [.NET ThreadPool Worker] DEBUG  ProcessAllModels - There are no ML problem types with set ServiceUrl
2023-12-20 15:07:08,448 [.NET ThreadPool Worker] INFO  Execute - Start to process (training, state sync) ML models
2023-12-20 15:07:08,448 [.NET ThreadPool Worker] DEBUG  ProcessAllModels - There are no ML problem types with set ServiceUrl
2023-12-20 15:22:08,465 [.NET ThreadPool Worker] INFO  Execute - Start to process (training, state sync) ML models
2023-12-20 15:22:08,467 [.NET ThreadPool Worker] DEBUG  ProcessAllModels - There are no ML problem types with set ServiceUrl
2023-12-20 15:37:08,267 [.NET ThreadPool Worker] INFO  Execute - ML model batch prediction job started
2023-12-20 15:37:08,267 [.NET ThreadPool Worker] DEBUG  ProcessAllModels - There are no ML problem types with set ServiceUrl
2023-12-20 15:37:08,483 [.NET ThreadPool Worker] INFO  Execute - Start to process (training, state sync) ML models
2023-12-20 15:37:08,483 [.NET ThreadPool Worker] DEBUG  ProcessAllModels - There are no ML problem types with set ServiceUrl
2023-12-20 15:52:08,503 [.NET ThreadPool Worker] INFO  Execute - Start to process (training, state sync) ML models
2023-12-20 15:52:08,507 [.NET ThreadPool Worker] DEBUG  ProcessAllModels - There are no ML problem types with set ServiceUrl
2023-12-20 16:39:06,021 [.NET ThreadPool Worker] WARN Supervisor <GetModelsGroupedByEntityName>b__1_0 - PredictedResultColumnName is empty for model 74ce4daa-aa40-411d-8152-1b16cc2e8c2b
Metadata: {
}
Entity schemaUid: a5657e6b-342d-4104-8ab8-aab37ef29860

2023-12-20 16:39:06,021 [.NET ThreadPool Worker] WARN Supervisor <GetModelsGroupedByEntityName>b__1_0 - PredictedResultColumnName is empty for model 8f57ed14-2c8a-47c8-a990-104698359451
Metadata: {
}
Entity schemaUid: a5657e6b-342d-4104-8ab8-aab37ef29860

2023-12-20 16:39:06,021 [.NET ThreadPool Worker] WARN Supervisor <GetModelsGroupedByEntityName>b__1_0 - PredictedResultColumnName is empty for model 6f8c5159-e07b-485d-bfa2-37dbf4f0a2d3
Metadata: {
}
Entity schemaUid: 117d32f9-8275-4534-8411-1c66115ce9cd

2023-12-20 16:39:06,021 [.NET ThreadPool Worker] WARN Supervisor <GetModelsGroupedByEntityName>b__1_0 - PredictedResultColumnName is empty for model b624f2fd-81e1-4e8d-890b-5184994d1154
Metadata: {
}
Entity schemaUid: 56143364-4580-4561-8814-8612fad2e5c0

2023-12-20 16:40:54,778 [.NET ThreadPool Worker] INFO  Execute - ML model batch prediction job started
2023-12-20 16:40:54,793 [.NET ThreadPool Worker] DEBUG  ProcessAllModels - There are no ML problem types with set ServiceUrl
2023-12-20 16:40:55,059 [.NET ThreadPool Worker] INFO  Execute - ML model batch prediction job started
2023-12-20 16:40:55,059 [.NET ThreadPool Worker] DEBUG  ProcessAllModels - There are no ML problem types with set ServiceUrl
2023-12-20 16:40:55,100 [.NET ThreadPool Worker] INFO  Execute - Start to process (training, state sync) ML models
2023-12-20 16:40:55,102 [.NET ThreadPool Worker] DEBUG  ProcessAllModels - There are no ML problem types with set ServiceUrl
2023-12-20 16:55:55,115 [.NET ThreadPool Worker] INFO  Execute - Start to process (training, state sync) ML models
2023-12-20 16:55:55,118 [.NET ThreadPool Worker] DEBUG  ProcessAllModels - There are no ML problem types with set ServiceUrl
2023-12-20 17:10:55,134 [.NET ThreadPool Worker] INFO  Execute - Start to process (training, state sync) ML models
2023-12-20 17:10:55,138 [.NET ThreadPool Worker] DEBUG  ProcessAllModels - There are no ML problem types with set ServiceUrl
2023-12-20 17:25:55,155 [.NET ThreadPool Worker] INFO  Execute - Start to process (training, state sync) ML models
2023-12-20 17:25:55,158 [.NET ThreadPool Worker] DEBUG  ProcessAllModels - There are no ML problem types with set ServiceUrl
2023-12-20 17:40:55,086 [.NET ThreadPool Worker] INFO  Execute - ML model batch prediction job started
2023-12-20 17:40:55,086 [.NET ThreadPool Worker] DEBUG  ProcessAllModels - There are no ML problem types with set ServiceUrl
2023-12-20 17:40:55,175 [.NET ThreadPool Worker] INFO  Execute - Start to process (training, state sync) ML models
2023-12-20 17:40:55,175 [.NET ThreadPool Worker] DEBUG  ProcessAllModels - There are no ML problem types with set ServiceUrl
2023-12-20 17:55:55,194 [.NET ThreadPool Worker] INFO  Execute - Start to process (training, state sync) ML models
2023-12-20 17:55:55,194 [.NET ThreadPool Worker] DEBUG  ProcessAllModels - There are no ML problem types with set ServiceUrl
2023-12-20 18:10:57,493 [.NET ThreadPool Worker] INFO  Execute - Start to process (training, state sync) ML models
2023-12-20 18:10:57,501 [.NET ThreadPool Worker] DEBUG  ProcessAllModels - There are no ML problem types with set ServiceUrl
2023-12-20 18:25:57,510 [.NET ThreadPool Worker] INFO  Execute - Start to process (training, state sync) ML models
2023-12-20 18:25:57,532 [.NET ThreadPool Worker] DEBUG  ProcessAllModels - There are no ML problem types with set ServiceUrl
2023-12-20 18:42:10,515 [.NET ThreadPool Worker] INFO  Execute - Start to process (training, state sync) ML models
2023-12-20 18:42:10,515 [.NET ThreadPool Worker] INFO  Execute - ML model batch prediction job started
2023-12-20 18:42:10,521 [.NET ThreadPool Worker] DEBUG  ProcessAllModels - There are no ML problem types with set ServiceUrl
2023-12-20 18:42:10,521 [.NET ThreadPool Worker] DEBUG  ProcessAllModels - There are no ML problem types with set ServiceUrl
2023-12-20 18:57:10,526 [.NET ThreadPool Worker] INFO  Execute - Start to process (training, state sync) ML models
2023-12-20 18:57:10,534 [.NET ThreadPool Worker] DEBUG  ProcessAllModels - There are no ML problem types with set ServiceUrl
2023-12-20 19:11:36,230 [.NET ThreadPool Worker] WARN Supervisor <GetModelsGroupedByEntityName>b__1_0 - PredictedResultColumnName is empty for model 74ce4daa-aa40-411d-8152-1b16cc2e8c2b
Metadata: {
}
Entity schemaUid: a5657e6b-342d-4104-8ab8-aab37ef29860

2023-12-20 19:11:36,231 [.NET ThreadPool Worker] WARN Supervisor <GetModelsGroupedByEntityName>b__1_0 - PredictedResultColumnName is empty for model 8f57ed14-2c8a-47c8-a990-104698359451
Metadata: {
}
Entity schemaUid: a5657e6b-342d-4104-8ab8-aab37ef29860

2023-12-20 19:11:36,231 [.NET ThreadPool Worker] WARN Supervisor <GetModelsGroupedByEntityName>b__1_0 - PredictedResultColumnName is empty for model 6f8c5159-e07b-485d-bfa2-37dbf4f0a2d3
Metadata: {
}
Entity schemaUid: 117d32f9-8275-4534-8411-1c66115ce9cd

2023-12-20 19:11:36,231 [.NET ThreadPool Worker] WARN Supervisor <GetModelsGroupedByEntityName>b__1_0 - PredictedResultColumnName is empty for model b624f2fd-81e1-4e8d-890b-5184994d1154
Metadata: {
}
Entity schemaUid: 56143364-4580-4561-8814-8612fad2e5c0

2023-12-20 19:12:10,551 [.NET ThreadPool Worker] INFO  Execute - Start to process (training, state sync) ML models
2023-12-20 19:12:10,551 [.NET ThreadPool Worker] DEBUG  ProcessAllModels - There are no ML problem types with set ServiceUrl
2023-12-20 19:27:10,561 [.NET ThreadPool Worker] INFO  Execute - Start to process (training, state sync) ML models
2023-12-20 19:27:10,573 [.NET ThreadPool Worker] DEBUG  ProcessAllModels - There are no ML problem types with set ServiceUrl
2023-12-20 19:42:10,546 [.NET ThreadPool Worker] INFO  Execute - ML model batch prediction job started
2023-12-20 19:42:10,548 [.NET ThreadPool Worker] DEBUG  ProcessAllModels - There are no ML problem types with set ServiceUrl
2023-12-20 19:42:10,589 [.NET ThreadPool Worker] INFO  Execute - Start to process (training, state sync) ML models
2023-12-20 19:42:10,591 [.NET ThreadPool Worker] DEBUG  ProcessAllModels - There are no ML problem types with set ServiceUrl
2023-12-20 19:47:18,666 [.NET ThreadPool Worker] WARN Supervisor <GetModelsGroupedByEntityName>b__1_0 - PredictedResultColumnName is empty for model 74ce4daa-aa40-411d-8152-1b16cc2e8c2b
Metadata: {
}
Entity schemaUid: a5657e6b-342d-4104-8ab8-aab37ef29860

2023-12-20 19:47:18,666 [.NET ThreadPool Worker] WARN Supervisor <GetModelsGroupedByEntityName>b__1_0 - PredictedResultColumnName is empty for model 8f57ed14-2c8a-47c8-a990-104698359451
Metadata: {
}
Entity schemaUid: a5657e6b-342d-4104-8ab8-aab37ef29860

2023-12-20 19:47:18,666 [.NET ThreadPool Worker] WARN Supervisor <GetModelsGroupedByEntityName>b__1_0 - PredictedResultColumnName is empty for model 6f8c5159-e07b-485d-bfa2-37dbf4f0a2d3
Metadata: {
}
Entity schemaUid: 117d32f9-8275-4534-8411-1c66115ce9cd

2023-12-20 19:47:18,666 [.NET ThreadPool Worker] WARN Supervisor <GetModelsGroupedByEntityName>b__1_0 - PredictedResultColumnName is empty for model b624f2fd-81e1-4e8d-890b-5184994d1154
Metadata: {
}
Entity schemaUid: 56143364-4580-4561-8814-8612fad2e5c0

2023-12-20 19:48:56,895 [.NET ThreadPool Worker] INFO  Execute - Start to process (training, state sync) ML models
2023-12-20 19:48:56,898 [.NET ThreadPool Worker] DEBUG  ProcessAllModels - There are no ML problem types with set ServiceUrl
2023-12-20 19:48:56,898 [.NET ThreadPool Worker] INFO  Execute - ML model batch prediction job started
2023-12-20 19:48:56,898 [.NET ThreadPool Worker] DEBUG  ProcessAllModels - There are no ML problem types with set ServiceUrl
2023-12-20 20:03:56,916 [.NET ThreadPool Worker] INFO  Execute - Start to process (training, state sync) ML models
2023-12-20 20:03:56,919 [.NET ThreadPool Worker] DEBUG  ProcessAllModels - There are no ML problem types with set ServiceUrl
2023-12-20 20:18:56,936 [.NET ThreadPool Worker] INFO  Execute - Start to process (training, state sync) ML models
2023-12-20 20:18:56,940 [.NET ThreadPool Worker] DEBUG  ProcessAllModels - There are no ML problem types with set ServiceUrl
2023-12-20 20:33:56,957 [.NET ThreadPool Worker] INFO  Execute - Start to process (training, state sync) ML models
2023-12-20 20:33:56,960 [.NET ThreadPool Worker] DEBUG  ProcessAllModels - There are no ML problem types with set ServiceUrl
2023-12-20 20:48:56,925 [.NET ThreadPool Worker] INFO  Execute - ML model batch prediction job started
2023-12-20 20:48:56,927 [.NET ThreadPool Worker] DEBUG  ProcessAllModels - There are no ML problem types with set ServiceUrl
2023-12-20 20:48:56,969 [.NET ThreadPool Worker] INFO  Execute - Start to process (training, state sync) ML models
2023-12-20 20:48:56,969 [.NET ThreadPool Worker] DEBUG  ProcessAllModels - There are no ML problem types with set ServiceUrl
2023-12-20 21:03:56,987 [.NET ThreadPool Worker] INFO  Execute - Start to process (training, state sync) ML models
2023-12-20 21:03:56,987 [.NET ThreadPool Worker] DEBUG  ProcessAllModels - There are no ML problem types with set ServiceUrl
