2023-11-23 14:55:30,150 [.NET ThreadPool Worker] WARN Supervisor <GetModelsGroupedByEntityName>b__1_0 - PredictedResultColumnName is empty for model 74ce4daa-aa40-411d-8152-1b16cc2e8c2b
Metadata: {
}
Entity schemaUid: a5657e6b-342d-4104-8ab8-aab37ef29860

2023-11-23 14:55:30,150 [.NET ThreadPool Worker] WARN Supervisor <GetModelsGroupedByEntityName>b__1_0 - PredictedResultColumnName is empty for model 8f57ed14-2c8a-47c8-a990-104698359451
Metadata: {
}
Entity schemaUid: a5657e6b-342d-4104-8ab8-aab37ef29860

2023-11-23 14:55:30,150 [.NET ThreadPool Worker] WARN Supervisor <GetModelsGroupedByEntityName>b__1_0 - PredictedResultColumnName is empty for model 6f8c5159-e07b-485d-bfa2-37dbf4f0a2d3
Metadata: {
}
Entity schemaUid: 117d32f9-8275-4534-8411-1c66115ce9cd

2023-11-23 14:55:30,150 [.NET ThreadPool Worker] WARN Supervisor <GetModelsGroupedByEntityName>b__1_0 - PredictedResultColumnName is empty for model b624f2fd-81e1-4e8d-890b-5184994d1154
Metadata: {
}
Entity schemaUid: 56143364-4580-4561-8814-8612fad2e5c0

2023-11-23 14:57:04,878 [.NET ThreadPool Worker] INFO  Execute - Start to process (training, state sync) ML models
2023-11-23 14:57:04,902 [.NET ThreadPool Worker] INFO  Execute - ML model batch prediction job started
2023-11-23 14:57:04,958 [.NET ThreadPool Worker] DEBUG  ProcessAllModels - There are no ML problem types with set ServiceUrl
2023-11-23 14:57:04,958 [.NET ThreadPool Worker] DEBUG  ProcessAllModels - There are no ML problem types with set ServiceUrl
2023-11-23 15:12:05,426 [.NET ThreadPool Worker] INFO  Execute - Start to process (training, state sync) ML models
2023-11-23 15:12:05,426 [.NET ThreadPool Worker] DEBUG  ProcessAllModels - There are no ML problem types with set ServiceUrl
2023-11-23 15:27:05,445 [.NET ThreadPool Worker] INFO  Execute - Start to process (training, state sync) ML models
2023-11-23 15:27:05,445 [.NET ThreadPool Worker] DEBUG  ProcessAllModels - There are no ML problem types with set ServiceUrl
2023-11-23 15:42:05,464 [.NET ThreadPool Worker] INFO  Execute - Start to process (training, state sync) ML models
2023-11-23 15:42:05,466 [.NET ThreadPool Worker] DEBUG  ProcessAllModels - There are no ML problem types with set ServiceUrl
2023-11-23 15:57:05,445 [.NET ThreadPool Worker] INFO  Execute - ML model batch prediction job started
2023-11-23 15:57:05,452 [.NET ThreadPool Worker] DEBUG  ProcessAllModels - There are no ML problem types with set ServiceUrl
2023-11-23 15:57:05,484 [.NET ThreadPool Worker] INFO  Execute - Start to process (training, state sync) ML models
2023-11-23 15:57:05,486 [.NET ThreadPool Worker] DEBUG  ProcessAllModels - There are no ML problem types with set ServiceUrl
2023-11-23 16:12:05,492 [.NET ThreadPool Worker] INFO  Execute - Start to process (training, state sync) ML models
2023-11-23 16:12:05,492 [.NET ThreadPool Worker] DEBUG  ProcessAllModels - There are no ML problem types with set ServiceUrl
2023-11-23 16:27:05,510 [.NET ThreadPool Worker] INFO  Execute - Start to process (training, state sync) ML models
2023-11-23 16:27:05,510 [.NET ThreadPool Worker] DEBUG  ProcessAllModels - There are no ML problem types with set ServiceUrl
2023-11-23 16:42:05,528 [.NET ThreadPool Worker] INFO  Execute - Start to process (training, state sync) ML models
2023-11-23 16:42:05,530 [.NET ThreadPool Worker] DEBUG  ProcessAllModels - There are no ML problem types with set ServiceUrl
2023-11-23 16:57:05,461 [.NET ThreadPool Worker] INFO  Execute - ML model batch prediction job started
2023-11-23 16:57:05,461 [.NET ThreadPool Worker] DEBUG  ProcessAllModels - There are no ML problem types with set ServiceUrl
2023-11-23 16:57:05,547 [.NET ThreadPool Worker] INFO  Execute - Start to process (training, state sync) ML models
2023-11-23 16:57:05,550 [.NET ThreadPool Worker] DEBUG  ProcessAllModels - There are no ML problem types with set ServiceUrl
2023-11-23 17:12:05,567 [.NET ThreadPool Worker] INFO  Execute - Start to process (training, state sync) ML models
2023-11-23 17:12:05,570 [.NET ThreadPool Worker] DEBUG  ProcessAllModels - There are no ML problem types with set ServiceUrl
2023-11-23 17:27:05,587 [.NET ThreadPool Worker] INFO  Execute - Start to process (training, state sync) ML models
2023-11-23 17:27:05,587 [.NET ThreadPool Worker] DEBUG  ProcessAllModels - There are no ML problem types with set ServiceUrl
2023-11-23 17:42:05,596 [.NET ThreadPool Worker] INFO  Execute - Start to process (training, state sync) ML models
2023-11-23 17:42:05,596 [.NET ThreadPool Worker] DEBUG  ProcessAllModels - There are no ML problem types with set ServiceUrl
2023-11-23 17:57:05,484 [.NET ThreadPool Worker] INFO  Execute - ML model batch prediction job started
2023-11-23 17:57:05,486 [.NET ThreadPool Worker] DEBUG  ProcessAllModels - There are no ML problem types with set ServiceUrl
2023-11-23 17:57:05,614 [.NET ThreadPool Worker] INFO  Execute - Start to process (training, state sync) ML models
2023-11-23 17:57:05,614 [.NET ThreadPool Worker] DEBUG  ProcessAllModels - There are no ML problem types with set ServiceUrl
2023-11-23 18:12:05,633 [.NET ThreadPool Worker] INFO  Execute - Start to process (training, state sync) ML models
2023-11-23 18:12:05,633 [.NET ThreadPool Worker] DEBUG  ProcessAllModels - There are no ML problem types with set ServiceUrl
2023-11-23 18:27:05,651 [.NET ThreadPool Worker] INFO  Execute - Start to process (training, state sync) ML models
2023-11-23 18:27:05,655 [.NET ThreadPool Worker] DEBUG  ProcessAllModels - There are no ML problem types with set ServiceUrl
2023-11-23 18:42:05,672 [.NET ThreadPool Worker] INFO  Execute - Start to process (training, state sync) ML models
2023-11-23 18:42:05,674 [.NET ThreadPool Worker] DEBUG  ProcessAllModels - There are no ML problem types with set ServiceUrl
2023-11-23 18:57:05,508 [.NET ThreadPool Worker] INFO  Execute - ML model batch prediction job started
2023-11-23 18:57:05,510 [.NET ThreadPool Worker] DEBUG  ProcessAllModels - There are no ML problem types with set ServiceUrl
2023-11-23 18:57:05,691 [.NET ThreadPool Worker] INFO  Execute - Start to process (training, state sync) ML models
2023-11-23 18:57:05,691 [.NET ThreadPool Worker] DEBUG  ProcessAllModels - There are no ML problem types with set ServiceUrl
2023-11-23 19:12:05,709 [.NET ThreadPool Worker] INFO  Execute - Start to process (training, state sync) ML models
2023-11-23 19:12:05,709 [.NET ThreadPool Worker] DEBUG  ProcessAllModels - There are no ML problem types with set ServiceUrl
2023-11-23 19:27:05,729 [.NET ThreadPool Worker] INFO  Execute - Start to process (training, state sync) ML models
2023-11-23 19:27:05,729 [.NET ThreadPool Worker] DEBUG  ProcessAllModels - There are no ML problem types with set ServiceUrl
2023-11-23 19:42:05,750 [.NET ThreadPool Worker] INFO  Execute - Start to process (training, state sync) ML models
2023-11-23 19:42:05,750 [.NET ThreadPool Worker] DEBUG  ProcessAllModels - There are no ML problem types with set ServiceUrl
2023-11-23 19:57:05,527 [.NET ThreadPool Worker] INFO  Execute - ML model batch prediction job started
2023-11-23 19:57:05,530 [.NET ThreadPool Worker] DEBUG  ProcessAllModels - There are no ML problem types with set ServiceUrl
2023-11-23 19:57:05,768 [.NET ThreadPool Worker] INFO  Execute - Start to process (training, state sync) ML models
2023-11-23 19:57:05,770 [.NET ThreadPool Worker] DEBUG  ProcessAllModels - There are no ML problem types with set ServiceUrl
2023-11-23 20:12:05,787 [.NET ThreadPool Worker] INFO  Execute - Start to process (training, state sync) ML models
2023-11-23 20:12:05,790 [.NET ThreadPool Worker] DEBUG  ProcessAllModels - There are no ML problem types with set ServiceUrl
2023-11-23 20:27:05,795 [.NET ThreadPool Worker] INFO  Execute - Start to process (training, state sync) ML models
2023-11-23 20:27:05,795 [.NET ThreadPool Worker] DEBUG  ProcessAllModels - There are no ML problem types with set ServiceUrl
2023-11-23 20:42:05,813 [.NET ThreadPool Worker] INFO  Execute - Start to process (training, state sync) ML models
2023-11-23 20:42:05,813 [.NET ThreadPool Worker] DEBUG  ProcessAllModels - There are no ML problem types with set ServiceUrl
