2023-12-12 18:49:38,249 [1] WARN  Terrasoft.WebHost.Application OnAfterConfigure - Application starting
2023-12-12 18:49:44,153 [1] INFO  Terrasoft.Core.InMemoryPubSubServer .ctor - InMemoryPubSubServer started.
2023-12-12 18:49:45,921 [1] INFO  Terrasoft.WebHost.Application StartApplicationScheduler - Starting scheduler...
2023-12-12 18:49:45,921 [.NET ThreadPool Worker] INFO  Creatio.Messaging.MessageBus.RabbitMQ.Actors.OperationModeDispatcherActor OnReceive - OperationModeDispatcher initialized
2023-12-12 18:49:46,001 [1] INFO  Terrasoft.WebHost.Application StartApplicationScheduler - Scheduler started
2023-12-12 18:49:46,027 [1] INFO  Terrasoft.WebHost.Startup <MapODataServiceRoute>b__12_0 - OData service initialized successfully
2023-12-12 18:49:50,258 [1] INFO  Mailing CreateInstance - [ActiveContactsHandler.CreateInstance]: Job ActualizeActiveContacts for process ActualizeActiveContactsProcess scheduled
2023-12-12 18:49:50,258 [1] INFO  Mailing ActivateHandlers - MailingHandlersUtilities.Instance of ActiveContactsHandler created.
2023-12-12 18:49:50,262 [1] INFO  Mailing ActivateHandlers - MailingHandlersUtilities.Instance of CESWebHooksHandler created.
2023-12-12 18:49:50,264 [1] INFO  Mailing CreateInstance - [ScheduledMailingsHandler.CreateInstance]: Job MandrillScheduledMailing for process ScheduleMassMailing with interval 1 scheduled
2023-12-12 18:49:50,264 [1] INFO  Mailing ActivateHandlers - MailingHandlersUtilities.Instance of ScheduledMailingsHandler created.
2023-12-12 18:49:50,264 [1] INFO  Mailing ActivateHandlers - MailingHandlersUtilities.Instance of MandrillAnaliticsHandler created.
2023-12-12 18:49:50,269 [1] INFO  Mailing ActivateHandlers - MailingHandlersUtilities.Instance of MandrillRecipientsHandler created.
2023-12-12 18:49:50,273 [1] INFO  Mailing ActivateHandlers - MailingHandlersUtilities.Instance of MandrillWebHooksHandler created.
2023-12-12 18:49:50,273 [1] INFO  Mailing ActivateHandlers - MailingHandlersUtilities.Instance of ArchiveBulkEmailTargetHandler created.
2023-12-12 18:49:53,800 [1] WARN  Terrasoft.WebHost.Application OnStart - Application started
2023-12-12 18:51:27,248 [.NET ThreadPool Worker] INFO Supervisor Terrasoft.Core.FeatureToggling.DbFeatureProvider AddOrUpdate - Merged duplicate 'UsePersistentFileImport' admin unit feature value. AdminUnitId = '7f3b869f-34f3-4f20-ab4d-7480a5fdf647'
2023-12-12 18:51:27,642 [.NET ThreadPool Worker] INFO Supervisor Terrasoft.Core.FeatureToggling.FeatureChangedNotificationHandler MoveNext - Handling  feature state change to 
2023-12-12 18:51:47,216 [.NET ThreadPool Worker] INFO  Calendar LogInfo - [RmvYQoQsEOMkpQ3LjpwUg.job] [CalendarFailoverJob] started.
2023-12-12 18:51:47,228 [.NET ThreadPool Worker] INFO  Calendar LogInfo - [RmvYQoQsEOMkpQ3LjpwUg.job] [CalendarFailoverJob] 0 accounts received for enabling synchronization.
2023-12-12 18:51:47,228 [.NET ThreadPool Worker] INFO  Calendar LogInfo - [RmvYQoQsEOMkpQ3LjpwUg.job] [CalendarFailoverJob] Synchronization of 0 accounts is enabled.
2023-12-12 18:51:47,228 [.NET ThreadPool Worker] INFO  Calendar LogInfo - [RmvYQoQsEOMkpQ3LjpwUg.job] [CalendarFailoverJob] ended.
2023-12-12 18:51:48,059 [.NET ThreadPool Worker] WARN  Terrasoft.Core.DB.EntitySchemaDbInfoActualizer Actualize - Actualization of EntitySchemaDbInfo started.
2023-12-12 18:51:48,131 [.NET ThreadPool Worker] WARN  Terrasoft.Core.DB.EntitySchemaDbInfoActualizer Actualize - Actualization of EntitySchemaDbInfo completed.
2023-12-12 18:54:40,933 [.NET ThreadPool Worker] WARN Supervisor Terrasoft.Core.Configuration.SysWorkspace TryPublishOnPubSubChannel - Publish notification to channel SysWorkspaceChanged
2023-12-12 18:54:44,398 [.NET ThreadPool Worker] WARN  Terrasoft.WebHost.Application OnShutdown - Application_End
2023-12-12 18:54:44,467 [.NET ThreadPool Worker] INFO  Terrasoft.Core.EventBuffering.BufferPool RunFromThreadPoolDispatchLoop - Disabling buffering.
2023-12-12 18:54:44,467 [.NET ThreadPool Worker] INFO  Terrasoft.Core.EventBuffering.BufferPool RunFromThreadPoolDispatchLoop - Disabled buffering of Terrasoft.Core.Process.EventBuffering.IProcessEventWriter(free: 1, rent: 0)
2023-12-12 18:54:44,641 [.NET ThreadPool Worker] INFO  Terrasoft.Core.InMemoryPubSubServer ExecutionContextCallback - InMemoryPubSubServer stopped.
2023-12-12 18:54:47,392 [1] WARN  Terrasoft.WebHost.Application OnAfterConfigure - Application starting
2023-12-12 18:54:52,554 [1] INFO  Terrasoft.Core.InMemoryPubSubServer .ctor - InMemoryPubSubServer started.
2023-12-12 18:54:54,198 [1] INFO  Terrasoft.WebHost.Application StartApplicationScheduler - Starting scheduler...
2023-12-12 18:54:54,198 [.NET ThreadPool Worker] INFO  Creatio.Messaging.MessageBus.RabbitMQ.Actors.OperationModeDispatcherActor OnReceive - OperationModeDispatcher initialized
2023-12-12 18:54:54,273 [1] INFO  Terrasoft.WebHost.Application StartApplicationScheduler - Scheduler started
2023-12-12 18:54:54,293 [1] INFO  Terrasoft.WebHost.Startup <MapODataServiceRoute>b__12_0 - OData service initialized successfully
2023-12-12 18:54:55,941 [1] INFO  Mailing CreateInstance - [ActiveContactsHandler.CreateInstance]: Job ActualizeActiveContacts for process ActualizeActiveContactsProcess scheduled
2023-12-12 18:54:55,941 [1] INFO  Mailing ActivateHandlers - MailingHandlersUtilities.Instance of ActiveContactsHandler created.
2023-12-12 18:54:55,944 [1] INFO  Mailing ActivateHandlers - MailingHandlersUtilities.Instance of CESWebHooksHandler created.
2023-12-12 18:54:55,944 [1] INFO  Mailing CreateInstance - [ScheduledMailingsHandler.CreateInstance]: Job MandrillScheduledMailing for process ScheduleMassMailing with interval 1 scheduled
2023-12-12 18:54:55,944 [1] INFO  Mailing ActivateHandlers - MailingHandlersUtilities.Instance of ScheduledMailingsHandler created.
2023-12-12 18:54:55,948 [1] INFO  Mailing ActivateHandlers - MailingHandlersUtilities.Instance of MandrillAnaliticsHandler created.
2023-12-12 18:54:55,948 [1] INFO  Mailing ActivateHandlers - MailingHandlersUtilities.Instance of MandrillRecipientsHandler created.
2023-12-12 18:54:55,953 [1] INFO  Mailing ActivateHandlers - MailingHandlersUtilities.Instance of MandrillWebHooksHandler created.
2023-12-12 18:54:55,953 [1] INFO  Mailing ActivateHandlers - MailingHandlersUtilities.Instance of ArchiveBulkEmailTargetHandler created.
2023-12-12 18:54:59,551 [1] WARN  Terrasoft.WebHost.Application OnStart - Application started
2023-12-12 19:02:15,333 [.NET ThreadPool Worker] WARN Supervisor Terrasoft.Core.PackageHierarchy.PackageHierarchyActualizer LogWarn - Starting package hierarchy actualization
2023-12-12 19:02:15,421 [.NET ThreadPool Worker] WARN Supervisor Terrasoft.Core.PackageHierarchy.PackageHierarchyActualizer LogWarn - Packages and packages dependencies initialization is completed
2023-12-12 19:02:15,423 [.NET ThreadPool Worker] INFO Supervisor Terrasoft.Core.PackageHierarchy.PackageHierarchyActualizer ForEach - Package hierarchies calculation started. Package Id: 4ef5667b-a132-4185-838e-ec36eff103b9
2023-12-12 19:02:15,436 [.NET ThreadPool Worker] INFO Supervisor Terrasoft.Core.PackageHierarchy.PackageHierarchyActualizer ForEach - Package hierarchies calculation started. Package Id: ea5f1802-3266-482d-9134-1a0d98a99eb4
2023-12-12 19:02:15,440 [.NET ThreadPool Worker] INFO Supervisor Terrasoft.Core.PackageHierarchy.PackageHierarchyActualizer ForEach - Package hierarchies calculation started. Package Id: 984718b4-d382-43e5-b4fb-d69fd41ed7df
2023-12-12 19:02:15,440 [.NET ThreadPool Worker] INFO Supervisor Terrasoft.Core.PackageHierarchy.PackageHierarchyActualizer ForEach - Package hierarchies calculation started. Package Id: 530b777b-a077-40b2-ae18-31fa723e96a1
2023-12-12 19:02:15,440 [.NET ThreadPool Worker] INFO Supervisor Terrasoft.Core.PackageHierarchy.PackageHierarchyActualizer ForEach - Package hierarchies calculation started. Package Id: b5996eec-9e40-428e-9b65-15b26c9ff18f
2023-12-12 19:02:15,440 [.NET ThreadPool Worker] INFO Supervisor Terrasoft.Core.PackageHierarchy.PackageHierarchyActualizer ForEach - Package hierarchies calculation started. Package Id: 1a522c87-e0a0-4ce1-b65f-27ba98189d41
2023-12-12 19:02:15,440 [.NET ThreadPool Worker] INFO Supervisor Terrasoft.Core.PackageHierarchy.PackageHierarchyActualizer ForEach - Package hierarchies calculation started. Package Id: 1ec190f0-9570-4baf-a59b-d80347be08d6
2023-12-12 19:02:15,440 [.NET ThreadPool Worker] INFO Supervisor Terrasoft.Core.PackageHierarchy.PackageHierarchyActualizer ForEach - Package hierarchies calculation started. Package Id: 1c98d2be-b92f-4c10-89e7-8bff12b5f2cc
2023-12-12 19:02:15,440 [.NET ThreadPool Worker] INFO Supervisor Terrasoft.Core.PackageHierarchy.PackageHierarchyActualizer ForEach - Package hierarchies calculation started. Package Id: 8b29d640-88dc-47b1-867d-4100c374ec71
2023-12-12 19:02:15,468 [.NET ThreadPool Worker] INFO Supervisor Terrasoft.Core.PackageHierarchy.PackageHierarchyActualizer ForEach - Package hierarchies calculation started. Package Id: 4e3f78c8-598d-4d68-a71e-a0766ace196d
2023-12-12 19:02:15,468 [.NET ThreadPool Worker] INFO Supervisor Terrasoft.Core.PackageHierarchy.PackageHierarchyActualizer ForEach - Package hierarchies calculation started. Package Id: 6e6b9626-9361-4715-9414-dac2675ae225
2023-12-12 19:02:15,473 [.NET ThreadPool Worker] INFO Supervisor Terrasoft.Core.PackageHierarchy.PackageHierarchyActualizer ForEach - Package hierarchies calculation started. Package Id: 020500b4-6dc5-40f7-8f19-c425a869a0aa
2023-12-12 19:02:15,473 [.NET ThreadPool Worker] INFO Supervisor Terrasoft.Core.PackageHierarchy.PackageHierarchyActualizer ForEach - Package hierarchies calculation started. Package Id: 9794c9f9-08f4-4aaf-be16-e94fd831aa86
2023-12-12 19:02:15,473 [.NET ThreadPool Worker] INFO Supervisor Terrasoft.Core.PackageHierarchy.PackageHierarchyActualizer ForEach - Package hierarchies calculation started. Package Id: 173546a7-b5a0-46dc-a003-3211ffe3392f
2023-12-12 19:02:15,473 [.NET ThreadPool Worker] INFO Supervisor Terrasoft.Core.PackageHierarchy.PackageHierarchyActualizer ForEach - Package hierarchies calculation started. Package Id: e855bea2-1c2b-4334-8102-f2947b8cffca
2023-12-12 19:02:15,477 [.NET ThreadPool Worker] INFO Supervisor Terrasoft.Core.PackageHierarchy.PackageHierarchyActualizer ForEach - Package hierarchies calculation started. Package Id: 2255d2e2-bc9c-4748-bf10-330dd0be0234
2023-12-12 19:02:15,477 [.NET ThreadPool Worker] INFO Supervisor Terrasoft.Core.PackageHierarchy.PackageHierarchyActualizer ForEach - Package hierarchies calculation started. Package Id: 293defb3-8d3a-46ab-907b-fea341e84b94
2023-12-12 19:02:15,486 [.NET ThreadPool Worker] INFO Supervisor Terrasoft.Core.PackageHierarchy.PackageHierarchyActualizer ForEach - Package hierarchies calculation started. Package Id: 82bcb29b-b247-460c-932b-31d4121d4f8f
2023-12-12 19:02:15,486 [.NET ThreadPool Worker] INFO Supervisor Terrasoft.Core.PackageHierarchy.PackageHierarchyActualizer ForEach - Package hierarchies calculation started. Package Id: aead9cfc-5ea6-4741-b701-1b0f14370b1a
2023-12-12 19:02:15,486 [.NET ThreadPool Worker] INFO Supervisor Terrasoft.Core.PackageHierarchy.PackageHierarchyActualizer ForEach - Package hierarchies calculation started. Package Id: 4e568e52-4475-47f6-ac03-a017c07d6f8c
2023-12-12 19:02:15,486 [.NET ThreadPool Worker] INFO Supervisor Terrasoft.Core.PackageHierarchy.PackageHierarchyActualizer ForEach - Package hierarchies calculation started. Package Id: 1f9f7422-9cff-4e2c-8ee4-4918c0c85eec
2023-12-12 19:02:15,486 [.NET ThreadPool Worker] INFO Supervisor Terrasoft.Core.PackageHierarchy.PackageHierarchyActualizer ForEach - Package hierarchies calculation started. Package Id: 226e191e-88a9-4ecc-883d-5fb65de706ba
2023-12-12 19:02:15,488 [.NET ThreadPool Worker] INFO Supervisor Terrasoft.Core.PackageHierarchy.PackageHierarchyActualizer ForEach - Package hierarchies calculation started. Package Id: 405fdf19-05b5-4277-9b0f-8ba50e70eeb6
2023-12-12 19:02:15,518 [.NET ThreadPool Worker] INFO Supervisor Terrasoft.Core.PackageHierarchy.PackageHierarchyActualizer ForEach - Package hierarchies calculation started. Package Id: 0cea3696-e8ba-42ec-b408-fa9b2fee6177
2023-12-12 19:02:15,518 [.NET ThreadPool Worker] INFO Supervisor Terrasoft.Core.PackageHierarchy.PackageHierarchyActualizer ForEach - Package hierarchies calculation started. Package Id: 5a2bc829-4839-4e50-9737-ac4863140cb7
2023-12-12 19:02:15,518 [.NET ThreadPool Worker] INFO Supervisor Terrasoft.Core.PackageHierarchy.PackageHierarchyActualizer ForEach - Package hierarchies calculation started. Package Id: ef17cc1b-798d-41f8-8937-7e00b9730278
2023-12-12 19:02:15,518 [.NET ThreadPool Worker] INFO Supervisor Terrasoft.Core.PackageHierarchy.PackageHierarchyActualizer ForEach - Package hierarchies calculation started. Package Id: fa46a797-0a3d-4809-b098-074fed2570c3
2023-12-12 19:02:15,518 [.NET ThreadPool Worker] INFO Supervisor Terrasoft.Core.PackageHierarchy.PackageHierarchyActualizer ForEach - Package hierarchies calculation started. Package Id: 5f186241-54cf-44fd-bd88-be06a79071d2
2023-12-12 19:02:15,518 [.NET ThreadPool Worker] INFO Supervisor Terrasoft.Core.PackageHierarchy.PackageHierarchyActualizer ForEach - Package hierarchies calculation started. Package Id: 577de17c-a17d-4eed-a2ab-92dd48e96409
2023-12-12 19:02:15,526 [.NET ThreadPool Worker] INFO Supervisor Terrasoft.Core.PackageHierarchy.PackageHierarchyActualizer ForEach - Package hierarchies calculation started. Package Id: df8b612d-172d-45e9-b287-7dc5c1d11ce0
2023-12-12 19:02:15,527 [.NET ThreadPool Worker] INFO Supervisor Terrasoft.Core.PackageHierarchy.PackageHierarchyActualizer ForEach - Package hierarchies calculation started. Package Id: 39a73018-3358-4a46-b3de-aa30c6a00c10
2023-12-12 19:02:15,527 [.NET ThreadPool Worker] INFO Supervisor Terrasoft.Core.PackageHierarchy.PackageHierarchyActualizer ForEach - Package hierarchies calculation started. Package Id: 7355c2ec-54bd-4434-aad5-88ea316df880
2023-12-12 19:02:15,527 [.NET ThreadPool Worker] INFO Supervisor Terrasoft.Core.PackageHierarchy.PackageHierarchyActualizer ForEach - Package hierarchies calculation started. Package Id: 6c88c68b-69d0-4c84-8635-ec80e57fc1c8
2023-12-12 19:02:15,527 [.NET ThreadPool Worker] INFO Supervisor Terrasoft.Core.PackageHierarchy.PackageHierarchyActualizer ForEach - Package hierarchies calculation started. Package Id: 1bd8ca5e-ba8c-4558-9f77-2b8299b5deff
2023-12-12 19:02:15,527 [.NET ThreadPool Worker] INFO Supervisor Terrasoft.Core.PackageHierarchy.PackageHierarchyActualizer ForEach - Package hierarchies calculation started. Package Id: 65d9f41d-eb4e-4370-b1c9-48765ec881f3
2023-12-12 19:02:15,527 [.NET ThreadPool Worker] INFO Supervisor Terrasoft.Core.PackageHierarchy.PackageHierarchyActualizer ForEach - Package hierarchies calculation started. Package Id: 6c406ee0-3382-4fd9-ba23-1d0ca2795133
2023-12-12 19:02:15,527 [.NET ThreadPool Worker] INFO Supervisor Terrasoft.Core.PackageHierarchy.PackageHierarchyActualizer ForEach - Package hierarchies calculation started. Package Id: 478635a1-6496-4379-911d-e7356005242a
2023-12-12 19:02:15,527 [.NET ThreadPool Worker] INFO Supervisor Terrasoft.Core.PackageHierarchy.PackageHierarchyActualizer ForEach - Package hierarchies calculation started. Package Id: 6bb61156-eba8-450f-becd-4c16922a0a42
2023-12-12 19:02:15,532 [.NET ThreadPool Worker] INFO Supervisor Terrasoft.Core.PackageHierarchy.PackageHierarchyActualizer ForEach - Package hierarchies calculation started. Package Id: 34c5cf26-6d53-4f27-b4ac-8064c4a52e62
2023-12-12 19:02:15,532 [.NET ThreadPool Worker] INFO Supervisor Terrasoft.Core.PackageHierarchy.PackageHierarchyActualizer ForEach - Package hierarchies calculation started. Package Id: e62f5813-2221-447f-9ff9-831a49d2d18a
2023-12-12 19:02:15,532 [.NET ThreadPool Worker] INFO Supervisor Terrasoft.Core.PackageHierarchy.PackageHierarchyActualizer ForEach - Package hierarchies calculation started. Package Id: 87f60a97-b65b-4ab4-8a19-1e940817d129
2023-12-12 19:02:15,532 [.NET ThreadPool Worker] INFO Supervisor Terrasoft.Core.PackageHierarchy.PackageHierarchyActualizer ForEach - Package hierarchies calculation started. Package Id: dbabd008-30ef-4333-9aba-610c21554622
2023-12-12 19:02:15,532 [.NET ThreadPool Worker] INFO Supervisor Terrasoft.Core.PackageHierarchy.PackageHierarchyActualizer ForEach - Package hierarchies calculation started. Package Id: b016e290-74fd-478d-a71e-eba83869ef39
2023-12-12 19:02:15,532 [.NET ThreadPool Worker] INFO Supervisor Terrasoft.Core.PackageHierarchy.PackageHierarchyActualizer ForEach - Package hierarchies calculation started. Package Id: bf1c839b-2b02-4333-9971-3e3d395dba57
2023-12-12 19:02:15,532 [.NET ThreadPool Worker] INFO Supervisor Terrasoft.Core.PackageHierarchy.PackageHierarchyActualizer ForEach - Package hierarchies calculation started. Package Id: 2f30b11d-0e1f-4638-8a86-ee7bee7a5996
2023-12-12 19:02:15,532 [.NET ThreadPool Worker] INFO Supervisor Terrasoft.Core.PackageHierarchy.PackageHierarchyActualizer ForEach - Package hierarchies calculation started. Package Id: 4ac92322-f94d-4a23-bfe6-90a94a073b7c
2023-12-12 19:02:15,532 [.NET ThreadPool Worker] INFO Supervisor Terrasoft.Core.PackageHierarchy.PackageHierarchyActualizer ForEach - Package hierarchies calculation started. Package Id: 0a0a7541-6150-4fd7-9bb8-2ad91b7eae8b
2023-12-12 19:02:15,532 [.NET ThreadPool Worker] INFO Supervisor Terrasoft.Core.PackageHierarchy.PackageHierarchyActualizer ForEach - Package hierarchies calculation started. Package Id: 9844e01f-b82b-4f07-a5ec-baded611527b
2023-12-12 19:02:15,532 [.NET ThreadPool Worker] INFO Supervisor Terrasoft.Core.PackageHierarchy.PackageHierarchyActualizer ForEach - Package hierarchies calculation started. Package Id: 38a31a2c-00cb-405e-a086-774e75c3ed23
2023-12-12 19:02:15,532 [.NET ThreadPool Worker] INFO Supervisor Terrasoft.Core.PackageHierarchy.PackageHierarchyActualizer ForEach - Package hierarchies calculation started. Package Id: acefbb41-f83f-45e3-a2cb-b5fee52b7980
2023-12-12 19:02:15,543 [.NET ThreadPool Worker] INFO Supervisor Terrasoft.Core.PackageHierarchy.PackageHierarchyActualizer ForEach - Package hierarchies calculation started. Package Id: dc410acf-5741-4b76-9457-1ab246b7fe4f
2023-12-12 19:02:15,543 [.NET ThreadPool Worker] INFO Supervisor Terrasoft.Core.PackageHierarchy.PackageHierarchyActualizer ForEach - Package hierarchies calculation started. Package Id: 8a44b8a1-79de-41fe-82e9-b771b6bfd111
2023-12-12 19:02:15,543 [.NET ThreadPool Worker] INFO Supervisor Terrasoft.Core.PackageHierarchy.PackageHierarchyActualizer ForEach - Package hierarchies calculation started. Package Id: 674fd769-377f-4915-b383-7a51f595e025
2023-12-12 19:02:15,543 [.NET ThreadPool Worker] INFO Supervisor Terrasoft.Core.PackageHierarchy.PackageHierarchyActualizer ForEach - Package hierarchies calculation started. Package Id: f1782e75-b854-4758-baa0-16de5f3b8864
2023-12-12 19:02:15,543 [.NET ThreadPool Worker] INFO Supervisor Terrasoft.Core.PackageHierarchy.PackageHierarchyActualizer ForEach - Package hierarchies calculation started. Package Id: 68948c70-1ff9-46fa-944b-03e75a1f7592
2023-12-12 19:02:15,565 [.NET ThreadPool Worker] INFO Supervisor Terrasoft.Core.PackageHierarchy.PackageHierarchyActualizer ForEach - Package hierarchies calculation started. Package Id: 9ea133a6-4826-411a-9f82-763b823a5749
2023-12-12 19:02:15,565 [.NET ThreadPool Worker] INFO Supervisor Terrasoft.Core.PackageHierarchy.PackageHierarchyActualizer ForEach - Package hierarchies calculation started. Package Id: 807b08b2-0783-4035-837d-94aee0875db6
2023-12-12 19:02:15,565 [.NET ThreadPool Worker] INFO Supervisor Terrasoft.Core.PackageHierarchy.PackageHierarchyActualizer ForEach - Package hierarchies calculation started. Package Id: 3fc5f4b6-3f9f-497e-85e1-4f62ad301919
2023-12-12 19:02:15,565 [.NET ThreadPool Worker] INFO Supervisor Terrasoft.Core.PackageHierarchy.PackageHierarchyActualizer ForEach - Package hierarchies calculation started. Package Id: f67d0d97-43c3-4d18-92b1-b4c63b30aa1c
2023-12-12 19:02:15,565 [.NET ThreadPool Worker] INFO Supervisor Terrasoft.Core.PackageHierarchy.PackageHierarchyActualizer ForEach - Package hierarchies calculation started. Package Id: 64ac6a81-8af2-4e01-914b-94a94901fccc
2023-12-12 19:02:15,565 [.NET ThreadPool Worker] INFO Supervisor Terrasoft.Core.PackageHierarchy.PackageHierarchyActualizer ForEach - Package hierarchies calculation started. Package Id: 7be260ed-3cb0-44e5-8513-0de40dedb7cd
2023-12-12 19:02:15,565 [.NET ThreadPool Worker] INFO Supervisor Terrasoft.Core.PackageHierarchy.PackageHierarchyActualizer ForEach - Package hierarchies calculation started. Package Id: 089bda73-eddb-4c10-acd7-68194d7729b0
2023-12-12 19:02:15,565 [.NET ThreadPool Worker] INFO Supervisor Terrasoft.Core.PackageHierarchy.PackageHierarchyActualizer ForEach - Package hierarchies calculation started. Package Id: cdbf2d7e-91b1-4149-96cf-d75b958ff396
2023-12-12 19:02:15,565 [.NET ThreadPool Worker] INFO Supervisor Terrasoft.Core.PackageHierarchy.PackageHierarchyActualizer ForEach - Package hierarchies calculation started. Package Id: e2b2a622-47d6-458e-87d9-ce1ad91189e5
2023-12-12 19:02:15,565 [.NET ThreadPool Worker] INFO Supervisor Terrasoft.Core.PackageHierarchy.PackageHierarchyActualizer ForEach - Package hierarchies calculation started. Package Id: 2cd28bd7-8526-421e-ac7a-f5df3df5c640
2023-12-12 19:02:15,565 [.NET ThreadPool Worker] INFO Supervisor Terrasoft.Core.PackageHierarchy.PackageHierarchyActualizer ForEach - Package hierarchies calculation started. Package Id: 24940b99-f79c-460a-b8ce-32677936e16b
2023-12-12 19:02:15,565 [.NET ThreadPool Worker] INFO Supervisor Terrasoft.Core.PackageHierarchy.PackageHierarchyActualizer ForEach - Package hierarchies calculation started. Package Id: 6b2b3525-a9cf-4087-81cb-76b56d0f7bd1
2023-12-12 19:02:15,569 [.NET ThreadPool Worker] INFO Supervisor Terrasoft.Core.PackageHierarchy.PackageHierarchyActualizer ForEach - Package hierarchies calculation started. Package Id: 42cf06d2-2e47-4034-9fac-cf634f4bc50b
2023-12-12 19:02:15,569 [.NET ThreadPool Worker] INFO Supervisor Terrasoft.Core.PackageHierarchy.PackageHierarchyActualizer ForEach - Package hierarchies calculation started. Package Id: 2315c591-50da-4ecd-a54e-c25f880d6126
2023-12-12 19:02:15,569 [.NET ThreadPool Worker] INFO Supervisor Terrasoft.Core.PackageHierarchy.PackageHierarchyActualizer ForEach - Package hierarchies calculation started. Package Id: eafcdb0c-0563-41d3-9683-73ad83d199ee
2023-12-12 19:02:15,569 [.NET ThreadPool Worker] INFO Supervisor Terrasoft.Core.PackageHierarchy.PackageHierarchyActualizer ForEach - Package hierarchies calculation started. Package Id: cd7281ed-bfb3-4856-8f59-5a33fd50f783
2023-12-12 19:02:15,569 [.NET ThreadPool Worker] INFO Supervisor Terrasoft.Core.PackageHierarchy.PackageHierarchyActualizer ForEach - Package hierarchies calculation started. Package Id: 1f5bf99c-4e52-4b20-bfad-2175dfa47b35
2023-12-12 19:02:15,569 [.NET ThreadPool Worker] INFO Supervisor Terrasoft.Core.PackageHierarchy.PackageHierarchyActualizer ForEach - Package hierarchies calculation started. Package Id: e1e6084e-7725-49da-af04-0bd3deb70dd5
2023-12-12 19:02:15,569 [.NET ThreadPool Worker] INFO Supervisor Terrasoft.Core.PackageHierarchy.PackageHierarchyActualizer ForEach - Package hierarchies calculation started. Package Id: fd9ce299-8600-4c60-93d4-d0b9e227163f
2023-12-12 19:02:15,569 [.NET ThreadPool Worker] INFO Supervisor Terrasoft.Core.PackageHierarchy.PackageHierarchyActualizer ForEach - Package hierarchies calculation started. Package Id: 59ae3069-a95c-4daf-afd1-f524f64241fa
2023-12-12 19:02:15,569 [.NET ThreadPool Worker] INFO Supervisor Terrasoft.Core.PackageHierarchy.PackageHierarchyActualizer ForEach - Package hierarchies calculation started. Package Id: e05c7bb9-11de-473d-91e2-06f0fd3d22c7
2023-12-12 19:02:15,571 [.NET ThreadPool Worker] INFO Supervisor Terrasoft.Core.PackageHierarchy.PackageHierarchyActualizer ForEach - Package hierarchies calculation started. Package Id: 1daae1e7-ae22-4703-9f1c-b58517d0ff21
2023-12-12 19:02:15,571 [.NET ThreadPool Worker] INFO Supervisor Terrasoft.Core.PackageHierarchy.PackageHierarchyActualizer ForEach - Package hierarchies calculation started. Package Id: ecca9b3a-ed23-4069-9bc9-49cfa3dfce51
2023-12-12 19:02:15,571 [.NET ThreadPool Worker] INFO Supervisor Terrasoft.Core.PackageHierarchy.PackageHierarchyActualizer ForEach - Package hierarchies calculation started. Package Id: abda6f6c-8192-4289-a21a-a713d08659bf
2023-12-12 19:02:15,571 [.NET ThreadPool Worker] INFO Supervisor Terrasoft.Core.PackageHierarchy.PackageHierarchyActualizer ForEach - Package hierarchies calculation started. Package Id: 2503f56e-3a6f-40df-b312-b4c019b5ca54
2023-12-12 19:02:15,571 [.NET ThreadPool Worker] INFO Supervisor Terrasoft.Core.PackageHierarchy.PackageHierarchyActualizer ForEach - Package hierarchies calculation started. Package Id: ea5b32bf-9805-4c0e-9381-5644b5c7d0ac
2023-12-12 19:02:15,571 [.NET ThreadPool Worker] INFO Supervisor Terrasoft.Core.PackageHierarchy.PackageHierarchyActualizer ForEach - Package hierarchies calculation started. Package Id: 808a0669-d536-4298-869f-dede7a21a69f
2023-12-12 19:02:15,571 [.NET ThreadPool Worker] INFO Supervisor Terrasoft.Core.PackageHierarchy.PackageHierarchyActualizer ForEach - Package hierarchies calculation started. Package Id: 48bbc0c5-7a08-46c3-81e4-9b58ea277351
2023-12-12 19:02:15,571 [.NET ThreadPool Worker] INFO Supervisor Terrasoft.Core.PackageHierarchy.PackageHierarchyActualizer ForEach - Package hierarchies calculation started. Package Id: c6e4d91e-2bb2-4968-a267-b09db5b6ff48
2023-12-12 19:02:15,571 [.NET ThreadPool Worker] INFO Supervisor Terrasoft.Core.PackageHierarchy.PackageHierarchyActualizer ForEach - Package hierarchies calculation started. Package Id: ddd49d98-2573-4433-b8fe-dc35a60d22bc
2023-12-12 19:02:15,571 [.NET ThreadPool Worker] INFO Supervisor Terrasoft.Core.PackageHierarchy.PackageHierarchyActualizer ForEach - Package hierarchies calculation started. Package Id: 4000b97c-a91b-4390-890c-bcd70a836b1e
2023-12-12 19:02:15,571 [.NET ThreadPool Worker] INFO Supervisor Terrasoft.Core.PackageHierarchy.PackageHierarchyActualizer ForEach - Package hierarchies calculation started. Package Id: dd4c921c-96a2-40ba-adf8-6bb5e33d698d
2023-12-12 19:02:15,571 [.NET ThreadPool Worker] INFO Supervisor Terrasoft.Core.PackageHierarchy.PackageHierarchyActualizer ForEach - Package hierarchies calculation started. Package Id: a6dd87fd-4e03-4ade-b8b0-d581a2dd688f
2023-12-12 19:02:15,571 [.NET ThreadPool Worker] INFO Supervisor Terrasoft.Core.PackageHierarchy.PackageHierarchyActualizer ForEach - Package hierarchies calculation started. Package Id: 3e496279-9e7d-4883-9d3e-70934785fdf6
2023-12-12 19:02:15,571 [.NET ThreadPool Worker] INFO Supervisor Terrasoft.Core.PackageHierarchy.PackageHierarchyActualizer ForEach - Package hierarchies calculation started. Package Id: 909e42f1-9e65-4c7c-a10f-7d95ab5be58b
2023-12-12 19:02:15,571 [.NET ThreadPool Worker] INFO Supervisor Terrasoft.Core.PackageHierarchy.PackageHierarchyActualizer ForEach - Package hierarchies calculation started. Package Id: 4902c2ed-137b-45a6-aacd-84f21e1af0f3
2023-12-12 19:02:15,571 [.NET ThreadPool Worker] INFO Supervisor Terrasoft.Core.PackageHierarchy.PackageHierarchyActualizer ForEach - Package hierarchies calculation started. Package Id: 1b5173fe-457f-4bec-af1d-f98610424bc6
2023-12-12 19:02:15,571 [.NET ThreadPool Worker] INFO Supervisor Terrasoft.Core.PackageHierarchy.PackageHierarchyActualizer ForEach - Package hierarchies calculation started. Package Id: 8b854a5c-1b1e-42c2-90ff-83ddc2ab10fc
2023-12-12 19:02:15,571 [.NET ThreadPool Worker] INFO Supervisor Terrasoft.Core.PackageHierarchy.PackageHierarchyActualizer ForEach - Package hierarchies calculation started. Package Id: 53ae6478-7de5-4a67-a9c5-3b3d437a2e8e
2023-12-12 19:02:15,571 [.NET ThreadPool Worker] INFO Supervisor Terrasoft.Core.PackageHierarchy.PackageHierarchyActualizer ForEach - Package hierarchies calculation started. Package Id: f603f702-3437-4570-86f9-cab12ff66a24
2023-12-12 19:02:15,571 [.NET ThreadPool Worker] INFO Supervisor Terrasoft.Core.PackageHierarchy.PackageHierarchyActualizer ForEach - Package hierarchies calculation started. Package Id: 2534e43e-c986-4e88-a928-74bb3bbdbe7c
2023-12-12 19:02:15,571 [.NET ThreadPool Worker] INFO Supervisor Terrasoft.Core.PackageHierarchy.PackageHierarchyActualizer ForEach - Package hierarchies calculation started. Package Id: 0cfd45eb-10d7-4141-a4cc-ebc74102df52
2023-12-12 19:02:15,571 [.NET ThreadPool Worker] INFO Supervisor Terrasoft.Core.PackageHierarchy.PackageHierarchyActualizer ForEach - Package hierarchies calculation started. Package Id: 162f2522-e912-4269-8760-294d673fde5f
2023-12-12 19:02:15,571 [.NET ThreadPool Worker] INFO Supervisor Terrasoft.Core.PackageHierarchy.PackageHierarchyActualizer ForEach - Package hierarchies calculation started. Package Id: bca92d19-1c3e-427e-87d3-1a03986f58f3
2023-12-12 19:02:15,571 [.NET ThreadPool Worker] INFO Supervisor Terrasoft.Core.PackageHierarchy.PackageHierarchyActualizer ForEach - Package hierarchies calculation started. Package Id: 2c313e73-5b68-46d9-bd94-792a539cd8be
2023-12-12 19:02:15,571 [.NET ThreadPool Worker] INFO Supervisor Terrasoft.Core.PackageHierarchy.PackageHierarchyActualizer ForEach - Package hierarchies calculation started. Package Id: e790e8b9-8bee-4622-863f-b1b12d1ab7a6
2023-12-12 19:02:15,576 [.NET ThreadPool Worker] INFO Supervisor Terrasoft.Core.PackageHierarchy.PackageHierarchyActualizer ForEach - Package hierarchies calculation started. Package Id: c34f58b9-50b6-4c99-a856-ef4d859ca953
2023-12-12 19:02:15,576 [.NET ThreadPool Worker] INFO Supervisor Terrasoft.Core.PackageHierarchy.PackageHierarchyActualizer ForEach - Package hierarchies calculation started. Package Id: 99fdd23c-bad6-4c66-8a7e-f926c3756c8d
2023-12-12 19:02:15,576 [.NET ThreadPool Worker] INFO Supervisor Terrasoft.Core.PackageHierarchy.PackageHierarchyActualizer ForEach - Package hierarchies calculation started. Package Id: 8f93eab9-7747-4a6f-af04-d6fa13945171
2023-12-12 19:02:15,576 [.NET ThreadPool Worker] INFO Supervisor Terrasoft.Core.PackageHierarchy.PackageHierarchyActualizer ForEach - Package hierarchies calculation started. Package Id: 79446cf7-b858-4ecd-99de-1a937826a93a
2023-12-12 19:02:15,576 [.NET ThreadPool Worker] INFO Supervisor Terrasoft.Core.PackageHierarchy.PackageHierarchyActualizer ForEach - Package hierarchies calculation started. Package Id: 2598e3af-cf59-4878-807b-03811911a7fd
2023-12-12 19:02:15,576 [.NET ThreadPool Worker] INFO Supervisor Terrasoft.Core.PackageHierarchy.PackageHierarchyActualizer ForEach - Package hierarchies calculation started. Package Id: 3f6ce5d4-ddaa-497d-a5d4-c29dba6f0e42
2023-12-12 19:02:15,576 [.NET ThreadPool Worker] INFO Supervisor Terrasoft.Core.PackageHierarchy.PackageHierarchyActualizer ForEach - Package hierarchies calculation started. Package Id: 0ef66f1a-0783-4f44-8184-fd67016f2194
2023-12-12 19:02:15,576 [.NET ThreadPool Worker] INFO Supervisor Terrasoft.Core.PackageHierarchy.PackageHierarchyActualizer ForEach - Package hierarchies calculation started. Package Id: a1574d1d-68d6-41f0-814a-6d37ae7480bc
2023-12-12 19:02:15,576 [.NET ThreadPool Worker] INFO Supervisor Terrasoft.Core.PackageHierarchy.PackageHierarchyActualizer ForEach - Package hierarchies calculation started. Package Id: 244edae5-0a09-403a-b503-08d60da33e66
2023-12-12 19:02:15,576 [.NET ThreadPool Worker] INFO Supervisor Terrasoft.Core.PackageHierarchy.PackageHierarchyActualizer ForEach - Package hierarchies calculation started. Package Id: 040ded35-ece2-4851-b364-1efabfe2d30b
2023-12-12 19:02:15,576 [.NET ThreadPool Worker] INFO Supervisor Terrasoft.Core.PackageHierarchy.PackageHierarchyActualizer ForEach - Package hierarchies calculation started. Package Id: ed4b069d-0606-414c-9117-40611c42b766
2023-12-12 19:02:15,576 [.NET ThreadPool Worker] INFO Supervisor Terrasoft.Core.PackageHierarchy.PackageHierarchyActualizer ForEach - Package hierarchies calculation started. Package Id: eed3d37a-6e34-4bfd-a432-a168e49bd1ba
2023-12-12 19:02:15,576 [.NET ThreadPool Worker] INFO Supervisor Terrasoft.Core.PackageHierarchy.PackageHierarchyActualizer ForEach - Package hierarchies calculation started. Package Id: f971341c-0dc7-4864-a421-d49852320f53
2023-12-12 19:02:15,576 [.NET ThreadPool Worker] INFO Supervisor Terrasoft.Core.PackageHierarchy.PackageHierarchyActualizer ForEach - Package hierarchies calculation started. Package Id: c597c345-409a-4ec2-99a3-d48797bd96ef
2023-12-12 19:02:15,576 [.NET ThreadPool Worker] INFO Supervisor Terrasoft.Core.PackageHierarchy.PackageHierarchyActualizer ForEach - Package hierarchies calculation started. Package Id: 76bf8dbc-7d11-4b18-a859-1182eebb0a00
2023-12-12 19:02:15,576 [.NET ThreadPool Worker] INFO Supervisor Terrasoft.Core.PackageHierarchy.PackageHierarchyActualizer ForEach - Package hierarchies calculation started. Package Id: a6741b03-8a07-4129-8aa2-0110ef619062
2023-12-12 19:02:15,576 [.NET ThreadPool Worker] INFO Supervisor Terrasoft.Core.PackageHierarchy.PackageHierarchyActualizer ForEach - Package hierarchies calculation started. Package Id: f9d2bd6e-f35c-43ab-81fb-de671ef8d5da
2023-12-12 19:02:15,576 [.NET ThreadPool Worker] INFO Supervisor Terrasoft.Core.PackageHierarchy.PackageHierarchyActualizer ForEach - Package hierarchies calculation started. Package Id: b68c0cec-a9a9-43a1-9a89-b65f0a9be1fc
2023-12-12 19:02:15,576 [.NET ThreadPool Worker] INFO Supervisor Terrasoft.Core.PackageHierarchy.PackageHierarchyActualizer ForEach - Package hierarchies calculation started. Package Id: 06e745df-5041-4808-9e47-881773009771
2023-12-12 19:02:15,576 [.NET ThreadPool Worker] INFO Supervisor Terrasoft.Core.PackageHierarchy.PackageHierarchyActualizer ForEach - Package hierarchies calculation started. Package Id: 390d09be-b270-4233-b2a9-fd5d7d1f5e21
2023-12-12 19:02:15,576 [.NET ThreadPool Worker] INFO Supervisor Terrasoft.Core.PackageHierarchy.PackageHierarchyActualizer ForEach - Package hierarchies calculation started. Package Id: 1fdaee1c-b74f-4c5e-a1f2-20b3370805bd
2023-12-12 19:02:15,576 [.NET ThreadPool Worker] INFO Supervisor Terrasoft.Core.PackageHierarchy.PackageHierarchyActualizer ForEach - Package hierarchies calculation started. Package Id: 8c9f9d57-d57a-4e96-a49e-0678e76610f8
2023-12-12 19:02:15,576 [.NET ThreadPool Worker] INFO Supervisor Terrasoft.Core.PackageHierarchy.PackageHierarchyActualizer ForEach - Package hierarchies calculation started. Package Id: bcee3f6f-ee9b-4696-9fd0-1056e20a6061
2023-12-12 19:02:15,576 [.NET ThreadPool Worker] INFO Supervisor Terrasoft.Core.PackageHierarchy.PackageHierarchyActualizer ForEach - Package hierarchies calculation started. Package Id: 25ae3107-06fc-45b3-b6e6-83e95f022150
2023-12-12 19:02:15,576 [.NET ThreadPool Worker] INFO Supervisor Terrasoft.Core.PackageHierarchy.PackageHierarchyActualizer ForEach - Package hierarchies calculation started. Package Id: d6ba7822-55bc-41fc-bf34-8817adfa35ae
2023-12-12 19:02:15,576 [.NET ThreadPool Worker] INFO Supervisor Terrasoft.Core.PackageHierarchy.PackageHierarchyActualizer ForEach - Package hierarchies calculation started. Package Id: f4ff4588-7ac2-4636-a85f-916bb09708f5
2023-12-12 19:02:15,576 [.NET ThreadPool Worker] INFO Supervisor Terrasoft.Core.PackageHierarchy.PackageHierarchyActualizer ForEach - Package hierarchies calculation started. Package Id: e3ef5c30-dc18-4467-b473-fa862eb58b10
2023-12-12 19:02:15,576 [.NET ThreadPool Worker] INFO Supervisor Terrasoft.Core.PackageHierarchy.PackageHierarchyActualizer ForEach - Package hierarchies calculation started. Package Id: 0d974634-020b-40e5-86e2-f05d690854ba
2023-12-12 19:02:15,576 [.NET ThreadPool Worker] INFO Supervisor Terrasoft.Core.PackageHierarchy.PackageHierarchyActualizer ForEach - Package hierarchies calculation started. Package Id: b646c470-ad6b-4c30-8a0c-4d002961c80c
2023-12-12 19:02:15,576 [.NET ThreadPool Worker] INFO Supervisor Terrasoft.Core.PackageHierarchy.PackageHierarchyActualizer ForEach - Package hierarchies calculation started. Package Id: a67cc426-1d25-4962-ac9f-aea0a9b15e05
2023-12-12 19:02:15,576 [.NET ThreadPool Worker] INFO Supervisor Terrasoft.Core.PackageHierarchy.PackageHierarchyActualizer ForEach - Package hierarchies calculation started. Package Id: 9147b43e-54e1-4ad4-bac2-0e2234f4cf94
2023-12-12 19:02:15,576 [.NET ThreadPool Worker] INFO Supervisor Terrasoft.Core.PackageHierarchy.PackageHierarchyActualizer ForEach - Package hierarchies calculation started. Package Id: 07def985-f49e-4717-8c7b-12a982f9c348
2023-12-12 19:02:15,579 [.NET ThreadPool Worker] INFO Supervisor Terrasoft.Core.PackageHierarchy.PackageHierarchyActualizer ForEach - Package hierarchies calculation started. Package Id: e403d5a4-d2e2-4cf6-b879-8b814b3fd6f7
2023-12-12 19:02:15,579 [.NET ThreadPool Worker] INFO Supervisor Terrasoft.Core.PackageHierarchy.PackageHierarchyActualizer ForEach - Package hierarchies calculation started. Package Id: 2c91c571-2349-4b73-9015-7590c9ca184a
2023-12-12 19:02:15,579 [.NET ThreadPool Worker] INFO Supervisor Terrasoft.Core.PackageHierarchy.PackageHierarchyActualizer ForEach - Package hierarchies calculation started. Package Id: b19816bf-42ae-4c54-ba95-b698ae54fee4
2023-12-12 19:02:15,579 [.NET ThreadPool Worker] INFO Supervisor Terrasoft.Core.PackageHierarchy.PackageHierarchyActualizer ForEach - Package hierarchies calculation started. Package Id: e1cdd1df-182a-4f15-818e-ef513a40e7cb
2023-12-12 19:02:15,579 [.NET ThreadPool Worker] INFO Supervisor Terrasoft.Core.PackageHierarchy.PackageHierarchyActualizer ForEach - Package hierarchies calculation started. Package Id: 3b47a19d-2c69-4c08-86b3-e26cf5378924
2023-12-12 19:02:15,579 [.NET ThreadPool Worker] INFO Supervisor Terrasoft.Core.PackageHierarchy.PackageHierarchyActualizer ForEach - Package hierarchies calculation started. Package Id: eddb9a81-6862-4d37-9fd0-49d8d764d15a
2023-12-12 19:02:15,595 [.NET ThreadPool Worker] INFO Supervisor Terrasoft.Core.PackageHierarchy.PackageHierarchyActualizer ForEach - Package hierarchies calculation started. Package Id: eb99bcd4-6d72-45f8-97a3-2d3a0aad9007
2023-12-12 19:02:15,595 [.NET ThreadPool Worker] INFO Supervisor Terrasoft.Core.PackageHierarchy.PackageHierarchyActualizer ForEach - Package hierarchies calculation started. Package Id: 67a89eae-d12e-4183-ac9a-e8395832651a
2023-12-12 19:02:15,595 [.NET ThreadPool Worker] INFO Supervisor Terrasoft.Core.PackageHierarchy.PackageHierarchyActualizer ForEach - Package hierarchies calculation started. Package Id: 20313a9a-0c78-4117-be55-a7f8fc24db8a
2023-12-12 19:02:15,595 [.NET ThreadPool Worker] INFO Supervisor Terrasoft.Core.PackageHierarchy.PackageHierarchyActualizer ForEach - Package hierarchies calculation started. Package Id: c20fbbde-cdaa-4094-a4c8-1a676f952781
2023-12-12 19:02:15,595 [.NET ThreadPool Worker] INFO Supervisor Terrasoft.Core.PackageHierarchy.PackageHierarchyActualizer ForEach - Package hierarchies calculation started. Package Id: 2bd67d5a-71a6-4fe1-bac0-76b2e01cc3bd
2023-12-12 19:02:15,595 [.NET ThreadPool Worker] INFO Supervisor Terrasoft.Core.PackageHierarchy.PackageHierarchyActualizer ForEach - Package hierarchies calculation started. Package Id: acb3dd7c-0892-43ad-98a3-58942c61e98a
2023-12-12 19:02:15,595 [.NET ThreadPool Worker] INFO Supervisor Terrasoft.Core.PackageHierarchy.PackageHierarchyActualizer ForEach - Package hierarchies calculation started. Package Id: b624052b-6a12-41ed-b8be-a28085e539bf
2023-12-12 19:02:15,595 [.NET ThreadPool Worker] INFO Supervisor Terrasoft.Core.PackageHierarchy.PackageHierarchyActualizer ForEach - Package hierarchies calculation started. Package Id: 4b85324b-f78b-4e95-b195-e01aa3376137
2023-12-12 19:02:15,595 [.NET ThreadPool Worker] INFO Supervisor Terrasoft.Core.PackageHierarchy.PackageHierarchyActualizer ForEach - Package hierarchies calculation started. Package Id: 92876727-bff2-4257-8d26-18b22f9fcdab
2023-12-12 19:02:15,595 [.NET ThreadPool Worker] INFO Supervisor Terrasoft.Core.PackageHierarchy.PackageHierarchyActualizer ForEach - Package hierarchies calculation started. Package Id: 6b5fa081-c52f-43b7-bc91-51a4d69e1dae
2023-12-12 19:02:15,595 [.NET ThreadPool Worker] INFO Supervisor Terrasoft.Core.PackageHierarchy.PackageHierarchyActualizer ForEach - Package hierarchies calculation started. Package Id: 19c5b175-ba41-4e3b-8678-da4986557621
2023-12-12 19:02:15,595 [.NET ThreadPool Worker] INFO Supervisor Terrasoft.Core.PackageHierarchy.PackageHierarchyActualizer ForEach - Package hierarchies calculation started. Package Id: f6e4ae31-115d-4306-a1a6-48b88d57e062
2023-12-12 19:02:15,595 [.NET ThreadPool Worker] INFO Supervisor Terrasoft.Core.PackageHierarchy.PackageHierarchyActualizer ForEach - Package hierarchies calculation started. Package Id: a033b595-8882-41e2-8c6a-43845f742cc5
2023-12-12 19:02:15,595 [.NET ThreadPool Worker] INFO Supervisor Terrasoft.Core.PackageHierarchy.PackageHierarchyActualizer ForEach - Package hierarchies calculation started. Package Id: 03e4c1f9-a045-4353-b0f5-9a0e6e97d50e
2023-12-12 19:02:15,595 [.NET ThreadPool Worker] INFO Supervisor Terrasoft.Core.PackageHierarchy.PackageHierarchyActualizer ForEach - Package hierarchies calculation started. Package Id: 2c7561f0-f2ba-4f9c-a443-4f341c6478e6
2023-12-12 19:02:15,595 [.NET ThreadPool Worker] INFO Supervisor Terrasoft.Core.PackageHierarchy.PackageHierarchyActualizer ForEach - Package hierarchies calculation started. Package Id: 56e2f1b4-4f07-4189-8494-6f2e2ddb7daa
2023-12-12 19:02:15,595 [.NET ThreadPool Worker] INFO Supervisor Terrasoft.Core.PackageHierarchy.PackageHierarchyActualizer ForEach - Package hierarchies calculation started. Package Id: 1cbd17fe-735a-49a4-b320-408ed8bb2ee3
2023-12-12 19:02:15,595 [.NET ThreadPool Worker] INFO Supervisor Terrasoft.Core.PackageHierarchy.PackageHierarchyActualizer ForEach - Package hierarchies calculation started. Package Id: 9fabc23b-de43-4eef-90a0-75829ee5ac9c
2023-12-12 19:02:15,595 [.NET ThreadPool Worker] INFO Supervisor Terrasoft.Core.PackageHierarchy.PackageHierarchyActualizer ForEach - Package hierarchies calculation started. Package Id: b63e436c-2eab-4f9f-b2ed-aefa74c3c34b
2023-12-12 19:02:15,595 [.NET ThreadPool Worker] INFO Supervisor Terrasoft.Core.PackageHierarchy.PackageHierarchyActualizer ForEach - Package hierarchies calculation started. Package Id: f1ae427c-04ff-48f2-8610-98bf1967698b
2023-12-12 19:02:15,595 [.NET ThreadPool Worker] INFO Supervisor Terrasoft.Core.PackageHierarchy.PackageHierarchyActualizer ForEach - Package hierarchies calculation started. Package Id: be5db025-86a2-425c-bb76-1210974cc281
2023-12-12 19:02:15,595 [.NET ThreadPool Worker] INFO Supervisor Terrasoft.Core.PackageHierarchy.PackageHierarchyActualizer ForEach - Package hierarchies calculation started. Package Id: 528e30df-1ad6-4807-8ed3-14b1e52a6329
2023-12-12 19:02:15,595 [.NET ThreadPool Worker] INFO Supervisor Terrasoft.Core.PackageHierarchy.PackageHierarchyActualizer ForEach - Package hierarchies calculation started. Package Id: 2d886cb7-1371-40e1-947e-d347cbc32c3f
2023-12-12 19:02:15,595 [.NET ThreadPool Worker] INFO Supervisor Terrasoft.Core.PackageHierarchy.PackageHierarchyActualizer ForEach - Package hierarchies calculation started. Package Id: 2d9b6e14-2e61-4f89-8764-052f21710e93
2023-12-12 19:02:15,595 [.NET ThreadPool Worker] INFO Supervisor Terrasoft.Core.PackageHierarchy.PackageHierarchyActualizer ForEach - Package hierarchies calculation started. Package Id: 2a34d051-67d1-4733-87d1-3358461055f5
2023-12-12 19:02:15,595 [.NET ThreadPool Worker] INFO Supervisor Terrasoft.Core.PackageHierarchy.PackageHierarchyActualizer ForEach - Package hierarchies calculation started. Package Id: 71d57fc9-1125-45c6-9f06-9fe3829e96f5
2023-12-12 19:02:15,595 [.NET ThreadPool Worker] INFO Supervisor Terrasoft.Core.PackageHierarchy.PackageHierarchyActualizer ForEach - Package hierarchies calculation started. Package Id: bb4c67c2-b995-43a1-ba9a-e42590ea692c
2023-12-12 19:02:15,595 [.NET ThreadPool Worker] INFO Supervisor Terrasoft.Core.PackageHierarchy.PackageHierarchyActualizer ForEach - Package hierarchies calculation started. Package Id: acb14cbe-7bda-4191-8adf-03c236c9ddb3
2023-12-12 19:02:15,595 [.NET ThreadPool Worker] INFO Supervisor Terrasoft.Core.PackageHierarchy.PackageHierarchyActualizer ForEach - Package hierarchies calculation started. Package Id: f43b4a67-1219-4504-991f-c2915c2ff086
2023-12-12 19:02:15,595 [.NET ThreadPool Worker] INFO Supervisor Terrasoft.Core.PackageHierarchy.PackageHierarchyActualizer ForEach - Package hierarchies calculation started. Package Id: 7b8cb7dd-3eb5-4526-9f32-2df6fb680a1d
2023-12-12 19:02:15,595 [.NET ThreadPool Worker] INFO Supervisor Terrasoft.Core.PackageHierarchy.PackageHierarchyActualizer ForEach - Package hierarchies calculation started. Package Id: d58275c2-176a-4088-8a4d-166c4faf832e
2023-12-12 19:02:15,595 [.NET ThreadPool Worker] INFO Supervisor Terrasoft.Core.PackageHierarchy.PackageHierarchyActualizer ForEach - Package hierarchies calculation started. Package Id: 7a203308-fdc9-4dfc-be6a-92dfaf20c1d0
2023-12-12 19:02:15,595 [.NET ThreadPool Worker] INFO Supervisor Terrasoft.Core.PackageHierarchy.PackageHierarchyActualizer ForEach - Package hierarchies calculation started. Package Id: 378c3433-1a69-4a71-8b32-03ebfd53340c
2023-12-12 19:02:15,595 [.NET ThreadPool Worker] INFO Supervisor Terrasoft.Core.PackageHierarchy.PackageHierarchyActualizer ForEach - Package hierarchies calculation started. Package Id: a1ba5684-8762-4cf0-9c7e-053ee1fa2fec
2023-12-12 19:02:15,595 [.NET ThreadPool Worker] INFO Supervisor Terrasoft.Core.PackageHierarchy.PackageHierarchyActualizer ForEach - Package hierarchies calculation started. Package Id: 789a3b67-6137-42f3-80e5-ec27acdb00b6
2023-12-12 19:02:15,595 [.NET ThreadPool Worker] INFO Supervisor Terrasoft.Core.PackageHierarchy.PackageHierarchyActualizer ForEach - Package hierarchies calculation started. Package Id: 990756a5-97d9-45e5-8e43-4995be1f9b4c
2023-12-12 19:02:15,595 [.NET ThreadPool Worker] INFO Supervisor Terrasoft.Core.PackageHierarchy.PackageHierarchyActualizer ForEach - Package hierarchies calculation started. Package Id: dd5ff5d4-844f-4e1a-ac14-3917194554d7
2023-12-12 19:02:15,599 [.NET ThreadPool Worker] INFO Supervisor Terrasoft.Core.PackageHierarchy.PackageHierarchyActualizer ForEach - Package hierarchies calculation started. Package Id: ab911d80-bd64-4e32-bef6-1754ad9000d9
2023-12-12 19:02:15,599 [.NET ThreadPool Worker] INFO Supervisor Terrasoft.Core.PackageHierarchy.PackageHierarchyActualizer ForEach - Package hierarchies calculation started. Package Id: 9d6357fe-c898-448f-8b7e-8b35eab66ae8
2023-12-12 19:02:15,599 [.NET ThreadPool Worker] INFO Supervisor Terrasoft.Core.PackageHierarchy.PackageHierarchyActualizer ForEach - Package hierarchies calculation started. Package Id: ce0eef31-f349-4eee-9e3b-41565724c459
2023-12-12 19:02:15,599 [.NET ThreadPool Worker] INFO Supervisor Terrasoft.Core.PackageHierarchy.PackageHierarchyActualizer ForEach - Package hierarchies calculation started. Package Id: 66a0b1d0-b700-471f-afc7-6ee17d6ac4c2
2023-12-12 19:02:15,599 [.NET ThreadPool Worker] INFO Supervisor Terrasoft.Core.PackageHierarchy.PackageHierarchyActualizer ForEach - Package hierarchies calculation started. Package Id: 5a874dc8-3fa1-457b-a49a-36bef807c3de
2023-12-12 19:02:15,599 [.NET ThreadPool Worker] INFO Supervisor Terrasoft.Core.PackageHierarchy.PackageHierarchyActualizer ForEach - Package hierarchies calculation started. Package Id: 76964aae-4981-4190-8f03-72cc5db322a9
2023-12-12 19:02:15,599 [.NET ThreadPool Worker] INFO Supervisor Terrasoft.Core.PackageHierarchy.PackageHierarchyActualizer ForEach - Package hierarchies calculation started. Package Id: 033f64f9-d616-4aa7-828d-50b34bf320eb
2023-12-12 19:02:15,599 [.NET ThreadPool Worker] INFO Supervisor Terrasoft.Core.PackageHierarchy.PackageHierarchyActualizer ForEach - Package hierarchies calculation started. Package Id: 209d496b-3b3b-4b44-875c-0dcec902ef9e
2023-12-12 19:02:15,599 [.NET ThreadPool Worker] INFO Supervisor Terrasoft.Core.PackageHierarchy.PackageHierarchyActualizer ForEach - Package hierarchies calculation started. Package Id: 26c34dde-1836-47cc-a509-3cee77b4acf1
2023-12-12 19:02:15,599 [.NET ThreadPool Worker] INFO Supervisor Terrasoft.Core.PackageHierarchy.PackageHierarchyActualizer ForEach - Package hierarchies calculation started. Package Id: 5c599aa5-84bb-44e1-8de5-7b4a313e4734
2023-12-12 19:02:15,599 [.NET ThreadPool Worker] INFO Supervisor Terrasoft.Core.PackageHierarchy.PackageHierarchyActualizer ForEach - Package hierarchies calculation started. Package Id: 1deda0d5-2966-47a4-8447-f269f4cf0c2e
2023-12-12 19:02:15,599 [.NET ThreadPool Worker] INFO Supervisor Terrasoft.Core.PackageHierarchy.PackageHierarchyActualizer ForEach - Package hierarchies calculation started. Package Id: 19831db9-42c2-40ed-80d2-4f280817a16d
2023-12-12 19:02:15,599 [.NET ThreadPool Worker] INFO Supervisor Terrasoft.Core.PackageHierarchy.PackageHierarchyActualizer ForEach - Package hierarchies calculation started. Package Id: a9884b65-ef9f-4bac-95c0-71d04cd243e0
2023-12-12 19:02:15,599 [.NET ThreadPool Worker] INFO Supervisor Terrasoft.Core.PackageHierarchy.PackageHierarchyActualizer ForEach - Package hierarchies calculation started. Package Id: 89417053-9105-4fee-814e-e40eee382efa
2023-12-12 19:02:15,599 [.NET ThreadPool Worker] INFO Supervisor Terrasoft.Core.PackageHierarchy.PackageHierarchyActualizer ForEach - Package hierarchies calculation started. Package Id: 7a43d627-8447-4e90-9b76-daea7a350c33
2023-12-12 19:02:15,599 [.NET ThreadPool Worker] INFO Supervisor Terrasoft.Core.PackageHierarchy.PackageHierarchyActualizer ForEach - Package hierarchies calculation started. Package Id: 42461886-9023-4fcc-a29c-abc25db85aa7
2023-12-12 19:02:15,599 [.NET ThreadPool Worker] INFO Supervisor Terrasoft.Core.PackageHierarchy.PackageHierarchyActualizer ForEach - Package hierarchies calculation started. Package Id: f3080ed8-e784-428e-9240-3ceab77e1e00
2023-12-12 19:02:15,599 [.NET ThreadPool Worker] INFO Supervisor Terrasoft.Core.PackageHierarchy.PackageHierarchyActualizer ForEach - Package hierarchies calculation started. Package Id: e1f9e44e-536b-44c1-b3d4-226773b0e628
2023-12-12 19:02:15,599 [.NET ThreadPool Worker] INFO Supervisor Terrasoft.Core.PackageHierarchy.PackageHierarchyActualizer ForEach - Package hierarchies calculation started. Package Id: 7a352ec4-bef6-43ad-8c96-2d16e36108b7
2023-12-12 19:02:15,599 [.NET ThreadPool Worker] INFO Supervisor Terrasoft.Core.PackageHierarchy.PackageHierarchyActualizer ForEach - Package hierarchies calculation started. Package Id: ab0e0802-05da-4011-b141-4760056b94e5
2023-12-12 19:02:15,599 [.NET ThreadPool Worker] INFO Supervisor Terrasoft.Core.PackageHierarchy.PackageHierarchyActualizer ForEach - Package hierarchies calculation started. Package Id: 03481f56-2f84-4225-808b-ee27341cf9f6
2023-12-12 19:02:15,599 [.NET ThreadPool Worker] INFO Supervisor Terrasoft.Core.PackageHierarchy.PackageHierarchyActualizer ForEach - Package hierarchies calculation started. Package Id: 2ac6b4bc-e712-4043-a8f6-f99859d41e86
2023-12-12 19:02:15,599 [.NET ThreadPool Worker] INFO Supervisor Terrasoft.Core.PackageHierarchy.PackageHierarchyActualizer ForEach - Package hierarchies calculation started. Package Id: b610a8a0-a368-45cc-946e-3805efaa9693
2023-12-12 19:02:15,599 [.NET ThreadPool Worker] INFO Supervisor Terrasoft.Core.PackageHierarchy.PackageHierarchyActualizer ForEach - Package hierarchies calculation started. Package Id: bc7c7fb4-a870-46d0-955b-9b07bc91dd74
2023-12-12 19:02:15,599 [.NET ThreadPool Worker] INFO Supervisor Terrasoft.Core.PackageHierarchy.PackageHierarchyActualizer ForEach - Package hierarchies calculation started. Package Id: de0169e8-5cf5-49d8-9489-2be81fc80ab5
2023-12-12 19:02:15,599 [.NET ThreadPool Worker] INFO Supervisor Terrasoft.Core.PackageHierarchy.PackageHierarchyActualizer ForEach - Package hierarchies calculation started. Package Id: 64baf4f3-267d-4ca7-a5cb-49accb1fba81
2023-12-12 19:02:15,599 [.NET ThreadPool Worker] INFO Supervisor Terrasoft.Core.PackageHierarchy.PackageHierarchyActualizer ForEach - Package hierarchies calculation started. Package Id: dddfac91-d01a-43ea-9077-3daa1902bf7e
2023-12-12 19:02:15,599 [.NET ThreadPool Worker] INFO Supervisor Terrasoft.Core.PackageHierarchy.PackageHierarchyActualizer ForEach - Package hierarchies calculation started. Package Id: 1b4f471e-84cb-4008-8e10-d95f58e25817
2023-12-12 19:02:15,599 [.NET ThreadPool Worker] INFO Supervisor Terrasoft.Core.PackageHierarchy.PackageHierarchyActualizer ForEach - Package hierarchies calculation started. Package Id: 6e854651-afa8-4881-81c0-13c2badb666d
2023-12-12 19:02:15,599 [.NET ThreadPool Worker] INFO Supervisor Terrasoft.Core.PackageHierarchy.PackageHierarchyActualizer ForEach - Package hierarchies calculation started. Package Id: 57d78a4e-abd1-4761-9ab0-3bbdccdfe788
2023-12-12 19:02:15,599 [.NET ThreadPool Worker] INFO Supervisor Terrasoft.Core.PackageHierarchy.PackageHierarchyActualizer ForEach - Package hierarchies calculation started. Package Id: a9fc14a2-0dd5-43ec-afa3-d7fbdf9a7c78
2023-12-12 19:02:15,599 [.NET ThreadPool Worker] INFO Supervisor Terrasoft.Core.PackageHierarchy.PackageHierarchyActualizer ForEach - Package hierarchies calculation started. Package Id: 3ec92db1-4239-4caa-854b-f5215310d1e7
2023-12-12 19:02:15,599 [.NET ThreadPool Worker] INFO Supervisor Terrasoft.Core.PackageHierarchy.PackageHierarchyActualizer ForEach - Package hierarchies calculation started. Package Id: 4d926c6e-f5bd-4c51-aa87-8cf90cf847c7
2023-12-12 19:02:15,599 [.NET ThreadPool Worker] INFO Supervisor Terrasoft.Core.PackageHierarchy.PackageHierarchyActualizer ForEach - Package hierarchies calculation started. Package Id: 98d6cf4f-68e9-4baa-baae-5d6b2fbb5fd0
2023-12-12 19:02:15,599 [.NET ThreadPool Worker] INFO Supervisor Terrasoft.Core.PackageHierarchy.PackageHierarchyActualizer ForEach - Package hierarchies calculation started. Package Id: 7a51795a-3d9e-4b78-a66b-08fa2f2cd6ba
2023-12-12 19:02:15,599 [.NET ThreadPool Worker] INFO Supervisor Terrasoft.Core.PackageHierarchy.PackageHierarchyActualizer ForEach - Package hierarchies calculation started. Package Id: 83efd010-6c11-4ae3-af6f-cfa26bd14fbb
2023-12-12 19:02:15,599 [.NET ThreadPool Worker] INFO Supervisor Terrasoft.Core.PackageHierarchy.PackageHierarchyActualizer ForEach - Package hierarchies calculation started. Package Id: c683c71f-5a78-48b0-8a99-919c44598d14
2023-12-12 19:02:15,599 [.NET ThreadPool Worker] INFO Supervisor Terrasoft.Core.PackageHierarchy.PackageHierarchyActualizer ForEach - Package hierarchies calculation started. Package Id: 82d6fc6e-e574-4432-939f-01e47444c522
2023-12-12 19:02:15,599 [.NET ThreadPool Worker] INFO Supervisor Terrasoft.Core.PackageHierarchy.PackageHierarchyActualizer ForEach - Package hierarchies calculation started. Package Id: f8c0670c-4cc1-42de-871e-7e6598eecc80
2023-12-12 19:02:15,599 [.NET ThreadPool Worker] INFO Supervisor Terrasoft.Core.PackageHierarchy.PackageHierarchyActualizer ForEach - Package hierarchies calculation started. Package Id: 08b4196a-dabe-40f2-9d79-2deb2f82cd66
2023-12-12 19:02:15,599 [.NET ThreadPool Worker] INFO Supervisor Terrasoft.Core.PackageHierarchy.PackageHierarchyActualizer ForEach - Package hierarchies calculation started. Package Id: c7f2eb71-43ac-4c99-aa67-dee0e720ace0
2023-12-12 19:02:15,599 [.NET ThreadPool Worker] INFO Supervisor Terrasoft.Core.PackageHierarchy.PackageHierarchyActualizer ForEach - Package hierarchies calculation started. Package Id: 1a650134-1928-4fca-9136-e80633df9f5d
2023-12-12 19:02:15,599 [.NET ThreadPool Worker] INFO Supervisor Terrasoft.Core.PackageHierarchy.PackageHierarchyActualizer ForEach - Package hierarchies calculation started. Package Id: 9c664f32-bfba-43e6-a2ae-0a53b8669761
2023-12-12 19:02:15,599 [.NET ThreadPool Worker] INFO Supervisor Terrasoft.Core.PackageHierarchy.PackageHierarchyActualizer ForEach - Package hierarchies calculation started. Package Id: 9331f81e-19f5-4f60-bf3f-7fcf8f0ef67f
2023-12-12 19:02:15,604 [.NET ThreadPool Worker] INFO Supervisor Terrasoft.Core.PackageHierarchy.PackageHierarchyActualizer ForEach - Package hierarchies calculation started. Package Id: 91e1da93-ad21-49c2-ae3b-71fbb3575d8e
2023-12-12 19:02:15,604 [.NET ThreadPool Worker] INFO Supervisor Terrasoft.Core.PackageHierarchy.PackageHierarchyActualizer ForEach - Package hierarchies calculation started. Package Id: c77c56e4-eb2f-461c-ad98-080e8342d505
2023-12-12 19:02:15,604 [.NET ThreadPool Worker] INFO Supervisor Terrasoft.Core.PackageHierarchy.PackageHierarchyActualizer ForEach - Package hierarchies calculation started. Package Id: f86e5b66-c71c-47a9-a939-69209060dea5
2023-12-12 19:02:15,604 [.NET ThreadPool Worker] INFO Supervisor Terrasoft.Core.PackageHierarchy.PackageHierarchyActualizer ForEach - Package hierarchies calculation started. Package Id: 1bb8ce1e-9f1f-439d-a396-bd0b9111338a
2023-12-12 19:02:15,604 [.NET ThreadPool Worker] INFO Supervisor Terrasoft.Core.PackageHierarchy.PackageHierarchyActualizer ForEach - Package hierarchies calculation started. Package Id: 4e176f3a-a886-47e6-9ede-a8f2e145d41a
2023-12-12 19:02:15,604 [.NET ThreadPool Worker] INFO Supervisor Terrasoft.Core.PackageHierarchy.PackageHierarchyActualizer ForEach - Package hierarchies calculation started. Package Id: c8e74bd4-45d2-481d-83d1-50f7e3c5251e
2023-12-12 19:02:15,604 [.NET ThreadPool Worker] INFO Supervisor Terrasoft.Core.PackageHierarchy.PackageHierarchyActualizer ForEach - Package hierarchies calculation started. Package Id: de720e6d-e44a-4402-81f8-084e0c9016c6
2023-12-12 19:02:15,604 [.NET ThreadPool Worker] INFO Supervisor Terrasoft.Core.PackageHierarchy.PackageHierarchyActualizer ForEach - Package hierarchies calculation started. Package Id: c2ac2874-9d75-49c1-9e6d-fd637f51f1a5
2023-12-12 19:02:15,604 [.NET ThreadPool Worker] INFO Supervisor Terrasoft.Core.PackageHierarchy.PackageHierarchyActualizer ForEach - Package hierarchies calculation started. Package Id: 14dba262-6cf0-45b3-98c2-2bcce0f39276
2023-12-12 19:02:15,604 [.NET ThreadPool Worker] INFO Supervisor Terrasoft.Core.PackageHierarchy.PackageHierarchyActualizer ForEach - Package hierarchies calculation started. Package Id: 9180f769-92d5-4a64-acd0-acaf63a36d05
2023-12-12 19:02:15,604 [.NET ThreadPool Worker] INFO Supervisor Terrasoft.Core.PackageHierarchy.PackageHierarchyActualizer ForEach - Package hierarchies calculation started. Package Id: 54938458-1cc5-4f43-aaac-a663809aed2e
2023-12-12 19:02:15,604 [.NET ThreadPool Worker] INFO Supervisor Terrasoft.Core.PackageHierarchy.PackageHierarchyActualizer ForEach - Package hierarchies calculation started. Package Id: aa216582-e817-47cf-8b4c-37bbb03dca19
2023-12-12 19:02:15,604 [.NET ThreadPool Worker] INFO Supervisor Terrasoft.Core.PackageHierarchy.PackageHierarchyActualizer ForEach - Package hierarchies calculation started. Package Id: b8874a2c-0517-426b-b7d1-285ab0ba4ada
2023-12-12 19:02:15,604 [.NET ThreadPool Worker] INFO Supervisor Terrasoft.Core.PackageHierarchy.PackageHierarchyActualizer ForEach - Package hierarchies calculation started. Package Id: c8654dd1-2e9c-4dd6-963a-dbc7bea75c83
2023-12-12 19:02:15,604 [.NET ThreadPool Worker] INFO Supervisor Terrasoft.Core.PackageHierarchy.PackageHierarchyActualizer ForEach - Package hierarchies calculation started. Package Id: eaca4a6e-4a43-4787-8a81-1f0f68d15567
2023-12-12 19:02:15,604 [.NET ThreadPool Worker] INFO Supervisor Terrasoft.Core.PackageHierarchy.PackageHierarchyActualizer ForEach - Package hierarchies calculation started. Package Id: 2526fbb1-1ab4-44fd-989c-94aceaf14876
2023-12-12 19:02:15,604 [.NET ThreadPool Worker] INFO Supervisor Terrasoft.Core.PackageHierarchy.PackageHierarchyActualizer ForEach - Package hierarchies calculation started. Package Id: 28a5cd8e-5943-49d6-84e0-3ee47a4dd7df
2023-12-12 19:02:15,604 [.NET ThreadPool Worker] INFO Supervisor Terrasoft.Core.PackageHierarchy.PackageHierarchyActualizer ForEach - Package hierarchies calculation started. Package Id: e4d9913f-ab48-47d3-ab98-2e26cec838f2
2023-12-12 19:02:15,604 [.NET ThreadPool Worker] INFO Supervisor Terrasoft.Core.PackageHierarchy.PackageHierarchyActualizer ForEach - Package hierarchies calculation started. Package Id: f56411aa-819e-433a-82d4-38e82a116191
2023-12-12 19:02:15,604 [.NET ThreadPool Worker] INFO Supervisor Terrasoft.Core.PackageHierarchy.PackageHierarchyActualizer ForEach - Package hierarchies calculation started. Package Id: d28113a3-457e-4771-bd49-ad77d13501f3
2023-12-12 19:02:15,604 [.NET ThreadPool Worker] INFO Supervisor Terrasoft.Core.PackageHierarchy.PackageHierarchyActualizer ForEach - Package hierarchies calculation started. Package Id: a171b98a-be87-449c-a4fa-b9e2210def1e
2023-12-12 19:02:15,604 [.NET ThreadPool Worker] INFO Supervisor Terrasoft.Core.PackageHierarchy.PackageHierarchyActualizer ForEach - Package hierarchies calculation started. Package Id: 96adf8f9-652d-4382-843c-d91ff737478c
2023-12-12 19:02:15,604 [.NET ThreadPool Worker] INFO Supervisor Terrasoft.Core.PackageHierarchy.PackageHierarchyActualizer ForEach - Package hierarchies calculation started. Package Id: cbcf4bb0-e854-47a0-909e-dc6ccf0934fe
2023-12-12 19:02:15,604 [.NET ThreadPool Worker] INFO Supervisor Terrasoft.Core.PackageHierarchy.PackageHierarchyActualizer ForEach - Package hierarchies calculation started. Package Id: afab5d89-b19c-4d1a-93f8-2f82e52192dd
2023-12-12 19:02:15,604 [.NET ThreadPool Worker] INFO Supervisor Terrasoft.Core.PackageHierarchy.PackageHierarchyActualizer ForEach - Package hierarchies calculation started. Package Id: 53dc79c9-d4a2-45a0-aa2a-de13059b0397
2023-12-12 19:02:15,604 [.NET ThreadPool Worker] INFO Supervisor Terrasoft.Core.PackageHierarchy.PackageHierarchyActualizer ForEach - Package hierarchies calculation started. Package Id: 59229b4d-592d-4870-8829-b81983faebfc
2023-12-12 19:02:15,604 [.NET ThreadPool Worker] INFO Supervisor Terrasoft.Core.PackageHierarchy.PackageHierarchyActualizer ForEach - Package hierarchies calculation started. Package Id: 36adb9a2-01a6-4e93-87d3-cfb6d38f6893
2023-12-12 19:02:15,604 [.NET ThreadPool Worker] INFO Supervisor Terrasoft.Core.PackageHierarchy.PackageHierarchyActualizer ForEach - Package hierarchies calculation started. Package Id: 9bbfd267-7d71-4946-96d0-904ccee6e2e9
2023-12-12 19:02:15,604 [.NET ThreadPool Worker] INFO Supervisor Terrasoft.Core.PackageHierarchy.PackageHierarchyActualizer ForEach - Package hierarchies calculation started. Package Id: 2400747d-b1b5-48e2-b649-42c956694458
2023-12-12 19:02:15,604 [.NET ThreadPool Worker] INFO Supervisor Terrasoft.Core.PackageHierarchy.PackageHierarchyActualizer ForEach - Package hierarchies calculation started. Package Id: d98ea098-62b8-459b-9c74-c899ea156c99
2023-12-12 19:02:15,604 [.NET ThreadPool Worker] INFO Supervisor Terrasoft.Core.PackageHierarchy.PackageHierarchyActualizer ForEach - Package hierarchies calculation started. Package Id: ca10228f-6aa7-4275-a127-1d69b321faad
2023-12-12 19:02:15,604 [.NET ThreadPool Worker] INFO Supervisor Terrasoft.Core.PackageHierarchy.PackageHierarchyActualizer ForEach - Package hierarchies calculation started. Package Id: ebc5b962-b030-4321-ae33-a70c6fdafe56
2023-12-12 19:02:15,604 [.NET ThreadPool Worker] INFO Supervisor Terrasoft.Core.PackageHierarchy.PackageHierarchyActualizer ForEach - Package hierarchies calculation started. Package Id: a54f18d9-cb8f-4cf0-9c6a-0d52f7c27b5b
2023-12-12 19:02:15,604 [.NET ThreadPool Worker] INFO Supervisor Terrasoft.Core.PackageHierarchy.PackageHierarchyActualizer ForEach - Package hierarchies calculation started. Package Id: ef22d96c-72f8-4792-901a-6852a782314b
2023-12-12 19:02:15,604 [.NET ThreadPool Worker] INFO Supervisor Terrasoft.Core.PackageHierarchy.PackageHierarchyActualizer ForEach - Package hierarchies calculation started. Package Id: 8126b7fe-61df-4188-a2c6-72ff7d72a222
2023-12-12 19:02:15,604 [.NET ThreadPool Worker] INFO Supervisor Terrasoft.Core.PackageHierarchy.PackageHierarchyActualizer ForEach - Package hierarchies calculation started. Package Id: 42c33e7f-d9ed-4b1a-87e2-7fffbe9ab87d
2023-12-12 19:02:15,604 [.NET ThreadPool Worker] INFO Supervisor Terrasoft.Core.PackageHierarchy.PackageHierarchyActualizer ForEach - Package hierarchies calculation started. Package Id: 6cc24536-c883-4d96-acad-e5b9abb8c971
2023-12-12 19:02:15,604 [.NET ThreadPool Worker] INFO Supervisor Terrasoft.Core.PackageHierarchy.PackageHierarchyActualizer ForEach - Package hierarchies calculation started. Package Id: f0541e01-53db-48a5-9c48-94bbf9b92e2f
2023-12-12 19:02:15,604 [.NET ThreadPool Worker] INFO Supervisor Terrasoft.Core.PackageHierarchy.PackageHierarchyActualizer ForEach - Package hierarchies calculation started. Package Id: 2afb6e48-4e77-446b-9cdc-7d51e8a7fe12
2023-12-12 19:02:15,604 [.NET ThreadPool Worker] INFO Supervisor Terrasoft.Core.PackageHierarchy.PackageHierarchyActualizer ForEach - Package hierarchies calculation started. Package Id: c700103d-3f5f-4695-8af9-3a3eabc12317
2023-12-12 19:02:15,604 [.NET ThreadPool Worker] INFO Supervisor Terrasoft.Core.PackageHierarchy.PackageHierarchyActualizer ForEach - Package hierarchies calculation started. Package Id: dabcc94d-ca82-4e8c-a0fc-c8be28dacc1d
2023-12-12 19:02:15,604 [.NET ThreadPool Worker] INFO Supervisor Terrasoft.Core.PackageHierarchy.PackageHierarchyActualizer ForEach - Package hierarchies calculation started. Package Id: f284cb66-2c8b-4967-9317-f784f4e4e8b4
2023-12-12 19:02:15,607 [.NET ThreadPool Worker] INFO Supervisor Terrasoft.Core.PackageHierarchy.PackageHierarchyActualizer ForEach - Package hierarchies calculation started. Package Id: 1cb291a9-912e-4c31-84cf-f179c2f790a3
2023-12-12 19:02:15,607 [.NET ThreadPool Worker] INFO Supervisor Terrasoft.Core.PackageHierarchy.PackageHierarchyActualizer ForEach - Package hierarchies calculation started. Package Id: 82a19e43-1ef0-4f15-af05-c680635ce80e
2023-12-12 19:02:15,607 [.NET ThreadPool Worker] INFO Supervisor Terrasoft.Core.PackageHierarchy.PackageHierarchyActualizer ForEach - Package hierarchies calculation started. Package Id: 7d29036b-f085-47c2-a853-a5bd9eb12f16
2023-12-12 19:02:15,607 [.NET ThreadPool Worker] INFO Supervisor Terrasoft.Core.PackageHierarchy.PackageHierarchyActualizer ForEach - Package hierarchies calculation started. Package Id: 4ce32dc9-c382-4e91-a56f-81e396e6f2f6
2023-12-12 19:02:15,607 [.NET ThreadPool Worker] INFO Supervisor Terrasoft.Core.PackageHierarchy.PackageHierarchyActualizer ForEach - Package hierarchies calculation started. Package Id: f3fc8e12-5ec3-4f19-a460-b1d219110b97
2023-12-12 19:02:15,607 [.NET ThreadPool Worker] INFO Supervisor Terrasoft.Core.PackageHierarchy.PackageHierarchyActualizer ForEach - Package hierarchies calculation started. Package Id: 2edbf835-a2ab-454a-b25f-c5a8514bdfd1
2023-12-12 19:02:15,607 [.NET ThreadPool Worker] INFO Supervisor Terrasoft.Core.PackageHierarchy.PackageHierarchyActualizer ForEach - Package hierarchies calculation started. Package Id: 15a7c357-a2c0-4a7d-b42f-0710a39e6da6
2023-12-12 19:02:15,607 [.NET ThreadPool Worker] INFO Supervisor Terrasoft.Core.PackageHierarchy.PackageHierarchyActualizer ForEach - Package hierarchies calculation started. Package Id: 02dc320a-bd1a-4141-a4fa-0e1c8fcd6497
2023-12-12 19:02:15,607 [.NET ThreadPool Worker] INFO Supervisor Terrasoft.Core.PackageHierarchy.PackageHierarchyActualizer ForEach - Package hierarchies calculation started. Package Id: d3369835-610f-4192-a214-a4db5d763f02
2023-12-12 19:02:15,607 [.NET ThreadPool Worker] INFO Supervisor Terrasoft.Core.PackageHierarchy.PackageHierarchyActualizer ForEach - Package hierarchies calculation started. Package Id: 59c77555-a1c3-4f42-9fca-ac9a29b0b1bc
2023-12-12 19:02:15,607 [.NET ThreadPool Worker] INFO Supervisor Terrasoft.Core.PackageHierarchy.PackageHierarchyActualizer ForEach - Package hierarchies calculation started. Package Id: 05fa1bbd-a3ce-4080-a6bf-e7961d3776ee
2023-12-12 19:02:15,607 [.NET ThreadPool Worker] INFO Supervisor Terrasoft.Core.PackageHierarchy.PackageHierarchyActualizer ForEach - Package hierarchies calculation started. Package Id: 912fe2ae-137d-42f1-8c61-6e6135c4566c
2023-12-12 19:02:15,607 [.NET ThreadPool Worker] INFO Supervisor Terrasoft.Core.PackageHierarchy.PackageHierarchyActualizer ForEach - Package hierarchies calculation started. Package Id: 94455208-53a6-47f2-b518-6e22ec84a319
2023-12-12 19:02:15,607 [.NET ThreadPool Worker] INFO Supervisor Terrasoft.Core.PackageHierarchy.PackageHierarchyActualizer ForEach - Package hierarchies calculation started. Package Id: 892824f4-01d8-43e3-b9b1-8f702625b017
2023-12-12 19:02:15,607 [.NET ThreadPool Worker] INFO Supervisor Terrasoft.Core.PackageHierarchy.PackageHierarchyActualizer ForEach - Package hierarchies calculation started. Package Id: b64fe00c-eb0e-4aa3-b521-18a654b0914e
2023-12-12 19:02:15,607 [.NET ThreadPool Worker] INFO Supervisor Terrasoft.Core.PackageHierarchy.PackageHierarchyActualizer ForEach - Package hierarchies calculation started. Package Id: e8f6c611-542f-4862-8605-d9317815ddae
2023-12-12 19:02:15,607 [.NET ThreadPool Worker] INFO Supervisor Terrasoft.Core.PackageHierarchy.PackageHierarchyActualizer ForEach - Package hierarchies calculation started. Package Id: f45c1334-d6bd-406e-bd90-1229f1fc5025
2023-12-12 19:02:15,607 [.NET ThreadPool Worker] INFO Supervisor Terrasoft.Core.PackageHierarchy.PackageHierarchyActualizer ForEach - Package hierarchies calculation started. Package Id: 0e20c629-bfd4-49eb-bdde-56304a990d88
2023-12-12 19:02:15,607 [.NET ThreadPool Worker] INFO Supervisor Terrasoft.Core.PackageHierarchy.PackageHierarchyActualizer ForEach - Package hierarchies calculation started. Package Id: aa64405f-51a1-4fd6-b45e-2ce9e7f48613
2023-12-12 19:02:15,607 [.NET ThreadPool Worker] INFO Supervisor Terrasoft.Core.PackageHierarchy.PackageHierarchyActualizer ForEach - Package hierarchies calculation started. Package Id: 0226cac9-d51c-43ad-99a6-47b0375f2a86
2023-12-12 19:02:15,607 [.NET ThreadPool Worker] INFO Supervisor Terrasoft.Core.PackageHierarchy.PackageHierarchyActualizer ForEach - Package hierarchies calculation started. Package Id: 983a9bbf-2063-43cc-a538-9b1f2735268b
2023-12-12 19:02:15,607 [.NET ThreadPool Worker] INFO Supervisor Terrasoft.Core.PackageHierarchy.PackageHierarchyActualizer ForEach - Package hierarchies calculation started. Package Id: 81264438-8875-44ab-9fb8-0dd34c378f5e
2023-12-12 19:02:15,607 [.NET ThreadPool Worker] INFO Supervisor Terrasoft.Core.PackageHierarchy.PackageHierarchyActualizer ForEach - Package hierarchies calculation started. Package Id: 98ab9532-91e0-4216-ae31-5c063c5158b0
2023-12-12 19:02:15,607 [.NET ThreadPool Worker] INFO Supervisor Terrasoft.Core.PackageHierarchy.PackageHierarchyActualizer ForEach - Package hierarchies calculation started. Package Id: 3ccdbb12-3481-421a-b39c-08612d7d007c
2023-12-12 19:02:15,607 [.NET ThreadPool Worker] INFO Supervisor Terrasoft.Core.PackageHierarchy.PackageHierarchyActualizer ForEach - Package hierarchies calculation started. Package Id: 75675fb1-3271-4a55-b181-38deacc27d87
2023-12-12 19:02:15,607 [.NET ThreadPool Worker] INFO Supervisor Terrasoft.Core.PackageHierarchy.PackageHierarchyActualizer ForEach - Package hierarchies calculation started. Package Id: 559bafb8-7a24-482d-a711-0a89f7e9ec4e
2023-12-12 19:02:15,607 [.NET ThreadPool Worker] INFO Supervisor Terrasoft.Core.PackageHierarchy.PackageHierarchyActualizer ForEach - Package hierarchies calculation started. Package Id: a9faf211-49c8-4e31-9137-c7b48faa341b
2023-12-12 19:02:15,607 [.NET ThreadPool Worker] INFO Supervisor Terrasoft.Core.PackageHierarchy.PackageHierarchyActualizer ForEach - Package hierarchies calculation started. Package Id: cb7b8388-7e38-4636-a152-544b81f57ba0
2023-12-12 19:02:15,607 [.NET ThreadPool Worker] INFO Supervisor Terrasoft.Core.PackageHierarchy.PackageHierarchyActualizer ForEach - Package hierarchies calculation started. Package Id: 59fc4c94-d958-4dea-943d-3d81167c4ad2
2023-12-12 19:02:15,607 [.NET ThreadPool Worker] INFO Supervisor Terrasoft.Core.PackageHierarchy.PackageHierarchyActualizer ForEach - Package hierarchies calculation started. Package Id: 72544340-f6a0-46dd-a1cf-e4fc34c65921
2023-12-12 19:02:15,607 [.NET ThreadPool Worker] INFO Supervisor Terrasoft.Core.PackageHierarchy.PackageHierarchyActualizer ForEach - Package hierarchies calculation started. Package Id: 1c56a227-a5b4-4647-b8ca-e58632892836
2023-12-12 19:02:15,607 [.NET ThreadPool Worker] INFO Supervisor Terrasoft.Core.PackageHierarchy.PackageHierarchyActualizer ForEach - Package hierarchies calculation started. Package Id: 4a4c8d85-2839-437c-81f5-fca84f836807
2023-12-12 19:02:15,607 [.NET ThreadPool Worker] INFO Supervisor Terrasoft.Core.PackageHierarchy.PackageHierarchyActualizer ForEach - Package hierarchies calculation started. Package Id: a1c4e61a-5a37-4942-a72b-890ae2bb1446
2023-12-12 19:02:15,607 [.NET ThreadPool Worker] INFO Supervisor Terrasoft.Core.PackageHierarchy.PackageHierarchyActualizer ForEach - Package hierarchies calculation started. Package Id: e4c6c204-ef3d-4fd9-b0d6-39941ae2f3ba
2023-12-12 19:02:15,607 [.NET ThreadPool Worker] INFO Supervisor Terrasoft.Core.PackageHierarchy.PackageHierarchyActualizer ForEach - Package hierarchies calculation started. Package Id: c79b5bf7-d202-43c0-b6b4-9bc236ca0441
2023-12-12 19:02:15,607 [.NET ThreadPool Worker] INFO Supervisor Terrasoft.Core.PackageHierarchy.PackageHierarchyActualizer ForEach - Package hierarchies calculation started. Package Id: fb524b6a-0fd2-494f-972c-ddfe0d79393e
2023-12-12 19:02:15,607 [.NET ThreadPool Worker] INFO Supervisor Terrasoft.Core.PackageHierarchy.PackageHierarchyActualizer ForEach - Package hierarchies calculation started. Package Id: 03261ae8-ee11-4650-8ed5-46dd45c2834c
2023-12-12 19:02:15,607 [.NET ThreadPool Worker] INFO Supervisor Terrasoft.Core.PackageHierarchy.PackageHierarchyActualizer ForEach - Package hierarchies calculation started. Package Id: d3777751-51c9-4ed7-b465-e5f14a87ff22
2023-12-12 19:02:15,607 [.NET ThreadPool Worker] INFO Supervisor Terrasoft.Core.PackageHierarchy.PackageHierarchyActualizer ForEach - Package hierarchies calculation started. Package Id: a916f0f0-2f7e-4353-a89d-3f6fb9f66164
2023-12-12 19:02:15,607 [.NET ThreadPool Worker] INFO Supervisor Terrasoft.Core.PackageHierarchy.PackageHierarchyActualizer ForEach - Package hierarchies calculation started. Package Id: 62895bdd-6f46-47c7-b8d3-b1e11c414ece
2023-12-12 19:02:15,607 [.NET ThreadPool Worker] INFO Supervisor Terrasoft.Core.PackageHierarchy.PackageHierarchyActualizer ForEach - Package hierarchies calculation started. Package Id: d9da5230-070e-4ff5-b75f-ad6798ec2852
2023-12-12 19:02:15,607 [.NET ThreadPool Worker] INFO Supervisor Terrasoft.Core.PackageHierarchy.PackageHierarchyActualizer ForEach - Package hierarchies calculation started. Package Id: 09ebf77c-6cb2-48c7-97c8-05c442381693
2023-12-12 19:02:15,607 [.NET ThreadPool Worker] INFO Supervisor Terrasoft.Core.PackageHierarchy.PackageHierarchyActualizer ForEach - Package hierarchies calculation started. Package Id: b3a8104c-3bc6-4665-91b7-6977de83e8e8
2023-12-12 19:02:15,607 [.NET ThreadPool Worker] INFO Supervisor Terrasoft.Core.PackageHierarchy.PackageHierarchyActualizer ForEach - Package hierarchies calculation started. Package Id: b762e043-4d1d-4fcd-bd73-fa1317e383bf
2023-12-12 19:02:15,607 [.NET ThreadPool Worker] INFO Supervisor Terrasoft.Core.PackageHierarchy.PackageHierarchyActualizer ForEach - Package hierarchies calculation started. Package Id: fef7eebf-bd0d-4569-9e2c-8b518c51b885
2023-12-12 19:02:15,607 [.NET ThreadPool Worker] INFO Supervisor Terrasoft.Core.PackageHierarchy.PackageHierarchyActualizer ForEach - Package hierarchies calculation started. Package Id: bd02bc64-3421-4052-a590-ec807d31bd71
2023-12-12 19:02:15,611 [.NET ThreadPool Worker] INFO Supervisor Terrasoft.Core.PackageHierarchy.PackageHierarchyActualizer ForEach - Package hierarchies calculation started. Package Id: 75906911-1e44-4b3b-a674-17b683198fba
2023-12-12 19:02:15,611 [.NET ThreadPool Worker] INFO Supervisor Terrasoft.Core.PackageHierarchy.PackageHierarchyActualizer ForEach - Package hierarchies calculation started. Package Id: b1ff5537-b3c4-42d1-b5ac-c4a63d28b74d
2023-12-12 19:02:15,611 [.NET ThreadPool Worker] INFO Supervisor Terrasoft.Core.PackageHierarchy.PackageHierarchyActualizer ForEach - Package hierarchies calculation started. Package Id: aa45c5e7-0db2-4320-8fa4-86e7d677837b
2023-12-12 19:02:15,611 [.NET ThreadPool Worker] INFO Supervisor Terrasoft.Core.PackageHierarchy.PackageHierarchyActualizer ForEach - Package hierarchies calculation started. Package Id: 81f9aa6d-96b1-4cae-99a9-c684b92b563c
2023-12-12 19:02:15,611 [.NET ThreadPool Worker] INFO Supervisor Terrasoft.Core.PackageHierarchy.PackageHierarchyActualizer ForEach - Package hierarchies calculation started. Package Id: f018104e-2930-441b-9c8a-03f87c56d91f
2023-12-12 19:02:15,611 [.NET ThreadPool Worker] INFO Supervisor Terrasoft.Core.PackageHierarchy.PackageHierarchyActualizer ForEach - Package hierarchies calculation started. Package Id: 0d628626-f734-4f8a-b278-a4c8ce6827f2
2023-12-12 19:02:15,611 [.NET ThreadPool Worker] INFO Supervisor Terrasoft.Core.PackageHierarchy.PackageHierarchyActualizer ForEach - Package hierarchies calculation started. Package Id: fb88f322-181f-430a-9032-ac40cee0f7a5
2023-12-12 19:02:15,611 [.NET ThreadPool Worker] INFO Supervisor Terrasoft.Core.PackageHierarchy.PackageHierarchyActualizer ForEach - Package hierarchies calculation started. Package Id: 1af5c432-fbec-4e76-a32a-3cc59f101626
2023-12-12 19:02:15,611 [.NET ThreadPool Worker] INFO Supervisor Terrasoft.Core.PackageHierarchy.PackageHierarchyActualizer ForEach - Package hierarchies calculation started. Package Id: b46391b1-834b-4cc7-826b-81de024427ba
2023-12-12 19:02:15,611 [.NET ThreadPool Worker] INFO Supervisor Terrasoft.Core.PackageHierarchy.PackageHierarchyActualizer ForEach - Package hierarchies calculation started. Package Id: 0887f8e6-7fb1-46b8-876c-297231bf7040
2023-12-12 19:02:15,611 [.NET ThreadPool Worker] INFO Supervisor Terrasoft.Core.PackageHierarchy.PackageHierarchyActualizer ForEach - Package hierarchies calculation started. Package Id: c14702d5-b7e8-49d4-8043-6aed98b3ea03
2023-12-12 19:02:15,611 [.NET ThreadPool Worker] INFO Supervisor Terrasoft.Core.PackageHierarchy.PackageHierarchyActualizer ForEach - Package hierarchies calculation started. Package Id: b1a82b19-b15a-4f05-80c6-04fb8da688e1
2023-12-12 19:02:15,611 [.NET ThreadPool Worker] INFO Supervisor Terrasoft.Core.PackageHierarchy.PackageHierarchyActualizer ForEach - Package hierarchies calculation started. Package Id: bbeda5bd-ebec-49e2-8e2e-d5368516cf9a
2023-12-12 19:02:15,611 [.NET ThreadPool Worker] INFO Supervisor Terrasoft.Core.PackageHierarchy.PackageHierarchyActualizer ForEach - Package hierarchies calculation started. Package Id: 3e260068-2fab-440e-9c13-c6fe5d04a624
2023-12-12 19:02:15,611 [.NET ThreadPool Worker] INFO Supervisor Terrasoft.Core.PackageHierarchy.PackageHierarchyActualizer ForEach - Package hierarchies calculation started. Package Id: fa869a99-ccf4-43af-aebe-4e4cb00b7eb8
2023-12-12 19:02:15,611 [.NET ThreadPool Worker] INFO Supervisor Terrasoft.Core.PackageHierarchy.PackageHierarchyActualizer ForEach - Package hierarchies calculation started. Package Id: f1c0255a-af31-4de0-9a55-b36664bac09c
2023-12-12 19:02:15,611 [.NET ThreadPool Worker] INFO Supervisor Terrasoft.Core.PackageHierarchy.PackageHierarchyActualizer ForEach - Package hierarchies calculation started. Package Id: 0e85652c-53be-46ae-a35d-3081060876ff
2023-12-12 19:02:15,611 [.NET ThreadPool Worker] INFO Supervisor Terrasoft.Core.PackageHierarchy.PackageHierarchyActualizer ForEach - Package hierarchies calculation started. Package Id: bc498e6a-1337-4d66-b959-0d2be5841cff
2023-12-12 19:02:15,611 [.NET ThreadPool Worker] INFO Supervisor Terrasoft.Core.PackageHierarchy.PackageHierarchyActualizer ForEach - Package hierarchies calculation started. Package Id: 2d939dc8-480e-4803-a3f8-322f7eb9afbe
2023-12-12 19:02:15,611 [.NET ThreadPool Worker] INFO Supervisor Terrasoft.Core.PackageHierarchy.PackageHierarchyActualizer ForEach - Package hierarchies calculation started. Package Id: 3f1455c5-ba81-4ca6-a1a3-af2bb6e68111
2023-12-12 19:02:15,615 [.NET ThreadPool Worker] INFO Supervisor Terrasoft.Core.PackageHierarchy.PackageHierarchyActualizer ForEach - Package hierarchies calculation started. Package Id: 312277fe-48cb-483e-a2cc-4c788b7ed430
2023-12-12 19:02:15,615 [.NET ThreadPool Worker] INFO Supervisor Terrasoft.Core.PackageHierarchy.PackageHierarchyActualizer ForEach - Package hierarchies calculation started. Package Id: c473ec27-8fb4-4d15-b2b5-913677d8b90b
2023-12-12 19:02:15,648 [.NET ThreadPool Worker] WARN Supervisor Terrasoft.Core.PackageHierarchy.PackageHierarchyActualizer LogWarn - Package hierarchy calculation completed
2023-12-12 19:02:15,802 [.NET ThreadPool Worker] WARN Supervisor Terrasoft.Core.PackageHierarchy.PackageHierarchyActualizer LogWarn - Package hierarchy initialization is completed
2023-12-12 19:02:15,898 [.NET ThreadPool Worker] WARN Supervisor Terrasoft.Core.PackageHierarchy.PackageHierarchyActualizer LogWarn - Package hierarchy have been successfully updated in the DB. Inserting records: 111, deleting records: 0, affected records: 111
2023-12-12 19:02:15,898 [.NET ThreadPool Worker] WARN Supervisor Terrasoft.Core.PackageHierarchy.PackageHierarchyActualizer LogWarn - Package hierarchy actualization is completed
2023-12-12 19:02:20,410 [.NET ThreadPool Worker] INFO Supervisor AppInfoSynchronization WriteAppInfoExcludingExistingData - Application info (code: UsrRealtyFreedomUI) saved to file /home/shivangi/Shivangi/Shivangi's-workspace/creatio_october_traning/app/Terrasoft.Configuration/Pkg/UsrRealtyFreedomUI/Files/app-descriptor.json
2023-12-12 19:02:35,248 [.NET ThreadPool Worker] INFO  Terrasoft.WebHost.Startup UseMvc - OData service initialized successfully
2023-12-12 19:02:35,255 [.NET ThreadPool Worker] INFO  ODataBackgroundBuildTask InvokeTask - OData entities compilation completed successfully
2023-12-12 19:06:46,509 [.NET ThreadPool Worker] INFO  Calendar LogInfo - [2V2pFVcdo0ymdfznfdx0AA.job] [CalendarFailoverJob] started.
2023-12-12 19:06:46,551 [.NET ThreadPool Worker] INFO  Calendar LogInfo - [2V2pFVcdo0ymdfznfdx0AA.job] [CalendarFailoverJob] 0 accounts received for enabling synchronization.
2023-12-12 19:06:46,551 [.NET ThreadPool Worker] INFO  Calendar LogInfo - [2V2pFVcdo0ymdfznfdx0AA.job] [CalendarFailoverJob] Synchronization of 0 accounts is enabled.
2023-12-12 19:06:46,562 [.NET ThreadPool Worker] INFO  Calendar LogInfo - [2V2pFVcdo0ymdfznfdx0AA.job] [CalendarFailoverJob] ended.
2023-12-12 19:21:46,194 [.NET ThreadPool Worker] INFO  Calendar LogInfo - [2a6FoPSnPUWieC65I3LAQ.job] [CalendarFailoverJob] started.
2023-12-12 19:21:46,197 [.NET ThreadPool Worker] INFO  Calendar LogInfo - [2a6FoPSnPUWieC65I3LAQ.job] [CalendarFailoverJob] 0 accounts received for enabling synchronization.
2023-12-12 19:21:46,197 [.NET ThreadPool Worker] INFO  Calendar LogInfo - [2a6FoPSnPUWieC65I3LAQ.job] [CalendarFailoverJob] Synchronization of 0 accounts is enabled.
2023-12-12 19:21:46,197 [.NET ThreadPool Worker] INFO  Calendar LogInfo - [2a6FoPSnPUWieC65I3LAQ.job] [CalendarFailoverJob] ended.
2023-12-12 19:36:46,212 [.NET ThreadPool Worker] INFO  Calendar LogInfo - [e1aMbHQI50eJlffpB2JUfQ.job] [CalendarFailoverJob] started.
2023-12-12 19:36:46,212 [.NET ThreadPool Worker] INFO  Calendar LogInfo - [e1aMbHQI50eJlffpB2JUfQ.job] [CalendarFailoverJob] 0 accounts received for enabling synchronization.
2023-12-12 19:36:46,212 [.NET ThreadPool Worker] INFO  Calendar LogInfo - [e1aMbHQI50eJlffpB2JUfQ.job] [CalendarFailoverJob] Synchronization of 0 accounts is enabled.
2023-12-12 19:36:46,215 [.NET ThreadPool Worker] INFO  Calendar LogInfo - [e1aMbHQI50eJlffpB2JUfQ.job] [CalendarFailoverJob] ended.
2023-12-12 19:51:46,213 [.NET ThreadPool Worker] INFO  Calendar LogInfo - [oe3KN64cK02sOzYbRTNI4g.job] [CalendarFailoverJob] started.
2023-12-12 19:51:46,215 [.NET ThreadPool Worker] INFO  Calendar LogInfo - [oe3KN64cK02sOzYbRTNI4g.job] [CalendarFailoverJob] 0 accounts received for enabling synchronization.
2023-12-12 19:51:46,215 [.NET ThreadPool Worker] INFO  Calendar LogInfo - [oe3KN64cK02sOzYbRTNI4g.job] [CalendarFailoverJob] Synchronization of 0 accounts is enabled.
2023-12-12 19:51:46,215 [.NET ThreadPool Worker] INFO  Calendar LogInfo - [oe3KN64cK02sOzYbRTNI4g.job] [CalendarFailoverJob] ended.
2023-12-12 20:06:46,228 [.NET ThreadPool Worker] INFO  Calendar LogInfo - [upLTz8CfmU2ZCfPtPMilw.job] [CalendarFailoverJob] started.
2023-12-12 20:06:46,228 [.NET ThreadPool Worker] INFO  Calendar LogInfo - [upLTz8CfmU2ZCfPtPMilw.job] [CalendarFailoverJob] 0 accounts received for enabling synchronization.
2023-12-12 20:06:46,228 [.NET ThreadPool Worker] INFO  Calendar LogInfo - [upLTz8CfmU2ZCfPtPMilw.job] [CalendarFailoverJob] Synchronization of 0 accounts is enabled.
2023-12-12 20:06:46,232 [.NET ThreadPool Worker] INFO  Calendar LogInfo - [upLTz8CfmU2ZCfPtPMilw.job] [CalendarFailoverJob] ended.
2023-12-12 20:21:46,237 [.NET ThreadPool Worker] INFO  Calendar LogInfo - [KDqWQRDTEK5grRN75PvUQ.job] [CalendarFailoverJob] started.
2023-12-12 20:21:46,246 [.NET ThreadPool Worker] INFO  Calendar LogInfo - [KDqWQRDTEK5grRN75PvUQ.job] [CalendarFailoverJob] 0 accounts received for enabling synchronization.
2023-12-12 20:21:46,246 [.NET ThreadPool Worker] INFO  Calendar LogInfo - [KDqWQRDTEK5grRN75PvUQ.job] [CalendarFailoverJob] Synchronization of 0 accounts is enabled.
2023-12-12 20:21:46,251 [.NET ThreadPool Worker] INFO  Calendar LogInfo - [KDqWQRDTEK5grRN75PvUQ.job] [CalendarFailoverJob] ended.
2023-12-12 20:23:21,985 [.NET ThreadPool Worker] INFO Supervisor Terrasoft.Core.FeatureToggling.FeatureChangedNotificationHandler MoveNext - Handling  feature state change to 
