2023-12-12 18:54:40,986 [.NET ThreadPool Worker] INFO Supervisor ConfigurationBuild .ctor - Operation [BuildChanged] started
2023-12-12 18:54:43,259 [.NET ThreadPool Worker] INFO Supervisor ConfigurationBuild LogGenerationResult - Schema count: 0
2023-12-12 18:54:43,261 [.NET ThreadPool Worker] INFO Supervisor ConfigurationBuild .ctor - Operation [GenerateFileContentDescriptors] started
2023-12-12 18:54:44,245 [.NET ThreadPool Worker] INFO Supervisor ConfigurationBuild Stop - Operation [GenerateFileContentDescriptors] took 0 s 983 ms
2023-12-12 18:54:44,245 [.NET ThreadPool Worker] INFO Supervisor ConfigurationBuild .ctor - Operation [GenerateFileContentBootstraps] started
2023-12-12 18:54:44,254 [.NET ThreadPool Worker] INFO Supervisor ConfigurationBuild Stop - Operation [GenerateFileContentBootstraps] took 0 s 8 ms
2023-12-12 18:54:44,254 [.NET ThreadPool Worker] INFO Supervisor ConfigurationBuild Stop - Operation [BuildChanged] took 3 s 269 ms
2023-12-12 19:02:18,327 [.NET ThreadPool Worker] INFO Supervisor ConfigurationBuild .ctor - Operation [BuildChanged] started
2023-12-12 19:02:19,503 [.NET ThreadPool Worker] INFO Supervisor ConfigurationBuild LogGenerationResult - Schema count: 0
2023-12-12 19:02:19,505 [.NET ThreadPool Worker] INFO Supervisor ConfigurationBuild .ctor - Operation [GenerateFileContentDescriptors] started
2023-12-12 19:02:20,203 [.NET ThreadPool Worker] INFO Supervisor ConfigurationBuild Stop - Operation [GenerateFileContentDescriptors] took 0 s 697 ms
2023-12-12 19:02:20,203 [.NET ThreadPool Worker] INFO Supervisor ConfigurationBuild .ctor - Operation [GenerateFileContentBootstraps] started
2023-12-12 19:02:20,210 [.NET ThreadPool Worker] INFO Supervisor ConfigurationBuild Stop - Operation [GenerateFileContentBootstraps] took 0 s 7 ms
2023-12-12 19:02:20,211 [.NET ThreadPool Worker] INFO Supervisor ConfigurationBuild Stop - Operation [BuildChanged] took 1 s 884 ms
2023-12-12 20:23:02,513 [.NET ThreadPool Worker] INFO Supervisor ConfigurationBuild .ctor - Operation [BuildChanged] started
2023-12-12 20:23:03,780 [.NET ThreadPool Worker] INFO Supervisor ConfigurationBuild LogGenerationResult - Schema count: 0
2023-12-12 20:23:03,780 [.NET ThreadPool Worker] INFO Supervisor ConfigurationBuild .ctor - Operation [GenerateFileContentDescriptors] started
2023-12-12 20:23:04,484 [.NET ThreadPool Worker] INFO Supervisor ConfigurationBuild Stop - Operation [GenerateFileContentDescriptors] took 0 s 691 ms
2023-12-12 20:23:04,484 [.NET ThreadPool Worker] INFO Supervisor ConfigurationBuild .ctor - Operation [GenerateFileContentBootstraps] started
2023-12-12 20:23:04,492 [.NET ThreadPool Worker] INFO Supervisor ConfigurationBuild Stop - Operation [GenerateFileContentBootstraps] took 0 s 8 ms
2023-12-12 20:23:04,492 [.NET ThreadPool Worker] INFO Supervisor ConfigurationBuild Stop - Operation [BuildChanged] took 1 s 977 ms
