2023-12-12 18:49:41,270 --> PackageDBStorage.Load
2023-12-12 18:49:42,111 <-- PackageDBStorage.Load
2023-12-12 18:52:05,184 --> PackageDBStorage.Load
2023-12-12 18:52:12,482 <-- PackageDBStorage.Load
2023-12-12 18:52:12,656 --> PackageDBStorage.Load
2023-12-12 18:52:16,953 <-- PackageDBStorage.Load
2023-12-12 18:54:50,009 --> PackageDBStorage.Load
2023-12-12 18:54:50,631 <-- PackageDBStorage.Load
2023-12-12 19:02:06,849 --> AppTemplatePackageStorage.Load
2023-12-12 19:02:06,849 --> AppTemplatePackageStorage.UnZipPackages
2023-12-12 19:02:06,893 <-- AppTemplatePackageStorage.UnZipPackages
2023-12-12 19:02:06,931 <-- AppTemplatePackageStorage.Load
2023-12-12 19:02:06,931 --> PackageDBStorage.Load
2023-12-12 19:02:13,505 <-- PackageDBStorage.Load
2023-12-12 19:02:13,784 --> PackageStorageComposer.Compose
2023-12-12 19:02:13,784 --> PackageStorageComposer.SpecifySourceStorageChanges
2023-12-12 19:02:13,784 <-- PackageStorageComposer.SpecifySourceStorageChanges
2023-12-12 19:02:13,788 --> IntermediatePackageStorage.ActualizePackageResourcesState
2023-12-12 19:02:13,788 <-- IntermediatePackageStorage.ActualizePackageResourcesState
2023-12-12 19:02:13,788 <-- PackageStorageComposer.Compose
2023-12-12 19:02:13,852 --> PackageDBStorageInternal.SavePackage - UsrRealtyFreedomUI
2023-12-12 19:02:13,873 --> PackageDBStorage.Load
2023-12-12 19:02:13,901 <-- PackageDBStorage.Load
2023-12-12 19:02:14,304 <-- PackageDBStorageInternal.SavePackage - UsrRealtyFreedomUI
2023-12-12 19:02:14,409 Added - 1 he-IL resource values for schema 'UsrRealtyFreedomUI_FormPage'
2023-12-12 19:02:14,409 Added - 1 fa-IR resource values for schema 'UsrRealtyFreedomUI_FormPage'
2023-12-12 19:02:14,411 Added - 1 pt-BR resource values for schema 'UsrRealtyFreedomUI_FormPage'
2023-12-12 19:02:14,411 Added - 1 ar-SA resource values for schema 'UsrRealtyFreedomUI_FormPage'
2023-12-12 19:02:14,421 Added - 1 vi-VN resource values for schema 'UsrRealtyFreedomUI_FormPage'
2023-12-12 19:02:14,426 Added - 2 ro-RO resource values for schema 'UsrRealtyFreedomUI_ListPage'
2023-12-12 19:02:14,426 Added - 2 en-US resource values for schema 'UsrRealtyFreedomUI'
2023-12-12 19:02:14,426 Added - 1 th-TH resource values for schema 'UsrRealtyFreedomUI_FormPage'
2023-12-12 19:02:14,440 Added - 2 pl-PL resource values for schema 'UsrRealtyFreedomUI_ListPage'
2023-12-12 19:02:14,444 Added - 2 ar-SA resource values for schema 'UsrRealtyFreedomUI_ListPage'
2023-12-12 19:02:14,451 Added - 1 en-US resource values for schema 'UsrRealtyFreedomUI_FormPage'
2023-12-12 19:02:14,451 Added - 2 th-TH resource values for schema 'UsrRealtyFreedomUI_ListPage'
2023-12-12 19:02:14,467 Added - 1 pt-PT resource values for schema 'UsrRealtyFreedomUI_FormPage'
2023-12-12 19:02:14,467 Added - 1 pl-PL resource values for schema 'UsrRealtyFreedomUI_FormPage'
2023-12-12 19:02:14,467 Added - 2 fr-FR resource values for schema 'UsrRealtyFreedomUI'
2023-12-12 19:02:14,467 Added - 2 he-IL resource values for schema 'UsrRealtyFreedomUI_ListPage'
2023-12-12 19:02:14,472 Added - 1 fr-FR resource values for schema 'UsrRealtyFreedomUI_FormPage'
2023-12-12 19:02:14,485 Added - 2 de-DE resource values for schema 'UsrRealtyFreedomUI_ListPage'
2023-12-12 19:02:14,487 Added - 2 fa-IR resource values for schema 'UsrRealtyFreedomUI_ListPage'
2023-12-12 19:02:14,487 Added - 1 uk-UA resource values for schema 'UsrRealtyFreedomUI_FormPage'
2023-12-12 19:02:14,498 Added - 2 pt-PT resource values for schema 'UsrRealtyFreedomUI'
2023-12-12 19:02:14,500 Added - 1 ru-RU resource values for schema 'UsrRealtyFreedomUIRelatedPage'
2023-12-12 19:02:14,500 Added - 1 cs-CZ resource values for schema 'UsrRealtyFreedomUI_FormPage'
2023-12-12 19:02:14,505 Added - 2 pt-BR resource values for schema 'UsrRealtyFreedomUI'
2023-12-12 19:02:14,515 Added - 2 cs-CZ resource values for schema 'UsrRealtyFreedomUI_ListPage'
2023-12-12 19:02:14,515 Added - 5 uk-UA resource values for schema 'UsrRealtyFreedomUI_ListPage'
2023-12-12 19:02:14,515 Added - 2 fa-IR resource values for schema 'UsrRealtyFreedomUI'
2023-12-12 19:02:14,516 Added - 1 ru-RU resource values for schema 'UsrRealtyFreedomUI_FormPage'
2023-12-12 19:02:14,516 Added - 2 it-IT resource values for schema 'UsrRealtyFreedomUI'
2023-12-12 19:02:14,516 Added - 2 ro-RO resource values for schema 'UsrRealtyFreedomUI'
2023-12-12 19:02:14,520 Added - 1 nl-NL resource values for schema 'UsrRealtyFreedomUI_FormPage'
2023-12-12 19:02:14,523 Added - 1 en-US resource values for schema 'UsrRealtyFreedomUIRelatedPage'
2023-12-12 19:02:14,529 Added - 1 es-ES resource values for schema 'UsrRealtyFreedomUI_FormPage'
2023-12-12 19:02:14,529 Added - 1 de-DE resource values for schema 'UsrRealtyFreedomUI_FormPage'
2023-12-12 19:02:14,618 Added - 1 sv-SE resource values for schema 'UsrRealtyFreedomUI_FormPage'
2023-12-12 19:02:14,618 Added - 1 ro-RO resource values for schema 'UsrRealtyFreedomUI_FormPage'
2023-12-12 19:02:14,620 Added - 2 pl-PL resource values for schema 'UsrRealtyFreedomUI'
2023-12-12 19:02:14,643 Added - 2 en-US resource values for schema 'UsrRealtyFreedomUI_Detail'
2023-12-12 19:02:14,643 Added - 2 es-ES resource values for schema 'UsrRealtyFreedomUI'
2023-12-12 19:02:14,643 Added - 2 pt-BR resource values for schema 'UsrRealtyFreedomUI_ListPage'
2023-12-12 19:02:14,643 Added - 1 it-IT resource values for schema 'UsrRealtyFreedomUI_FormPage'
2023-12-12 19:02:14,643 Added - 2 th-TH resource values for schema 'UsrRealtyFreedomUI'
2023-12-12 19:02:14,643 Added - 2 es-ES resource values for schema 'UsrRealtyFreedomUI_ListPage'
2023-12-12 19:02:14,643 Added - 2 nl-NL resource values for schema 'UsrRealtyFreedomUI'
2023-12-12 19:02:14,643 Added - 2 nl-NL resource values for schema 'UsrRealtyFreedomUI_ListPage'
2023-12-12 19:02:14,643 Added - 2 it-IT resource values for schema 'UsrRealtyFreedomUI_ListPage'
2023-12-12 19:02:14,647 Added - 2 uk-UA resource values for schema 'UsrRealtyFreedomUI'
2023-12-12 19:02:14,647 Added - 2 vi-VN resource values for schema 'UsrRealtyFreedomUI'
2023-12-12 19:02:14,647 Added - 2 pt-PT resource values for schema 'UsrRealtyFreedomUI_ListPage'
2023-12-12 19:02:14,647 Added - 2 ar-SA resource values for schema 'UsrRealtyFreedomUI'
2023-12-12 19:02:14,647 Added - 2 sv-SE resource values for schema 'UsrRealtyFreedomUI'
2023-12-12 19:02:14,656 Added - 2 vi-VN resource values for schema 'UsrRealtyFreedomUI_ListPage'
2023-12-12 19:02:14,661 Added - 2 ru-RU resource values for schema 'UsrRealtyFreedomUI'
2023-12-12 19:02:14,668 Added - 2 sv-SE resource values for schema 'UsrRealtyFreedomUI_ListPage'
2023-12-12 19:02:14,673 Added - 2 ru-RU resource values for schema 'UsrRealtyFreedomUI_Detail'
2023-12-12 19:02:14,680 Added - 5 en-US resource values for schema 'UsrRealtyFreedomUI_ListPage'
2023-12-12 19:02:14,680 Added - 2 fr-FR resource values for schema 'UsrRealtyFreedomUI_ListPage'
2023-12-12 19:02:14,688 Added - 5 ru-RU resource values for schema 'UsrRealtyFreedomUI_ListPage'
2023-12-12 19:02:14,688 Added - 2 he-IL resource values for schema 'UsrRealtyFreedomUI'
2023-12-12 19:02:14,693 Added - 2 cs-CZ resource values for schema 'UsrRealtyFreedomUI'
2023-12-12 19:02:14,697 Added - 2 de-DE resource values for schema 'UsrRealtyFreedomUI'
2023-12-12 19:02:18,177 InstallColumnLookupValues. Count (total): 1
2023-12-12 19:02:18,177 Count (by package [0a5fd6f6-4122-4c7b-87ec-16cf2f86dc0b]): 4
2023-12-12 19:02:18,177 Count (by schema [SysWorkplace]): 2
2023-12-12 19:02:18,244 Count (by schema [SysModule]): 1
2023-12-12 19:02:18,270 Count (by schema [SysModuleInWorkplace]): 1
2023-12-12 19:02:18,290 Count (by schema [SysAdminUnitInWorkplace]): 1
2023-12-12 19:02:20,354 --> PackageDBStorage.Load
2023-12-12 19:02:21,349 <-- PackageDBStorage.Load
2023-12-12 19:12:16,689 --> PackageDBStorage.Load
2023-12-12 19:12:16,725 <-- PackageDBStorage.Load
2023-12-12 19:12:16,819 --> PackageDBStorage.Load
2023-12-12 19:12:16,864 <-- PackageDBStorage.Load
2023-12-12 20:22:47,714 --> PackageDBStorage.Load
2023-12-12 20:22:54,825 <-- PackageDBStorage.Load
2023-12-12 20:22:55,711 --> PackageDBStorage.Load
2023-12-12 20:22:55,749 <-- PackageDBStorage.Load
2023-12-12 20:22:56,824 --> PackageDBStorage.Load
2023-12-12 20:23:01,901 <-- PackageDBStorage.Load
2023-12-12 20:23:02,385 --> PackageDBStorage.Load
2023-12-12 20:23:02,425 <-- PackageDBStorage.Load
2023-12-12 20:23:02,477 --> PackageDBStorage.Load
2023-12-12 20:23:02,513 <-- PackageDBStorage.Load
