2023-12-12 18:49:38,478 [1] INFO  Redis CreateRedisClientsManager - Redis clients manager is created with type: [Terrasoft.Redis.StackExchangeAdapters.RedisClientsManagerAdapter, Terrasoft.Redis.StackExchangeAdapters]
2023-12-12 18:49:53,786 [1] INFO  Redis StartCheckExpiredSessionsTimer - Expired sessions cleanup will occur every [60000] ms.
2023-12-12 18:50:53,802 [.NET ThreadPool Worker] INFO  Redis <ClearExpiredSessionsCallback>b__12_0 - All session keys: 0.Expired session keys: 0.
2023-12-12 18:51:53,819 [.NET ThreadPool Worker] INFO  Redis <ClearExpiredSessionsCallback>b__12_0 - All session keys: 1.Expired session keys: 0.
2023-12-12 18:52:53,840 [.NET ThreadPool Worker] INFO  Redis <ClearExpiredSessionsCallback>b__12_0 - All session keys: 1.Expired session keys: 0.
2023-12-12 18:53:53,842 [.NET ThreadPool Worker] INFO  Redis <ClearExpiredSessionsCallback>b__12_0 - All session keys: 1.Expired session keys: 0.
2023-12-12 18:54:47,597 [1] INFO  Redis CreateRedisClientsManager - Redis clients manager is created with type: [Terrasoft.Redis.StackExchangeAdapters.RedisClientsManagerAdapter, Terrasoft.Redis.StackExchangeAdapters]
2023-12-12 18:54:59,533 [1] INFO  Redis StartCheckExpiredSessionsTimer - Expired sessions cleanup will occur every [60000] ms.
2023-12-12 18:55:59,571 [.NET ThreadPool Worker] INFO  Redis <ClearExpiredSessionsCallback>b__12_0 - All session keys: 1.Expired session keys: 0.
2023-12-12 18:56:59,578 [.NET ThreadPool Worker] INFO  Redis <ClearExpiredSessionsCallback>b__12_0 - All session keys: 1.Expired session keys: 0.
2023-12-12 18:57:59,579 [.NET ThreadPool Worker] INFO  Redis <ClearExpiredSessionsCallback>b__12_0 - All session keys: 1.Expired session keys: 0.
2023-12-12 18:58:59,578 [.NET ThreadPool Worker] INFO  Redis <ClearExpiredSessionsCallback>b__12_0 - All session keys: 1.Expired session keys: 0.
2023-12-12 18:59:59,583 [.NET ThreadPool Worker] INFO  Redis <ClearExpiredSessionsCallback>b__12_0 - All session keys: 1.Expired session keys: 0.
2023-12-12 19:00:59,589 [.NET ThreadPool Worker] INFO  Redis <ClearExpiredSessionsCallback>b__12_0 - All session keys: 1.Expired session keys: 0.
2023-12-12 19:01:59,595 [.NET ThreadPool Worker] INFO  Redis <ClearExpiredSessionsCallback>b__12_0 - All session keys: 1.Expired session keys: 0.
2023-12-12 19:02:59,596 [.NET ThreadPool Worker] INFO  Redis <ClearExpiredSessionsCallback>b__12_0 - All session keys: 1.Expired session keys: 0.
2023-12-12 19:03:59,603 [.NET ThreadPool Worker] INFO  Redis <ClearExpiredSessionsCallback>b__12_0 - All session keys: 1.Expired session keys: 0.
2023-12-12 19:04:59,605 [.NET ThreadPool Worker] INFO  Redis <ClearExpiredSessionsCallback>b__12_0 - All session keys: 1.Expired session keys: 0.
2023-12-12 19:05:59,611 [.NET ThreadPool Worker] INFO  Redis <ClearExpiredSessionsCallback>b__12_0 - All session keys: 1.Expired session keys: 0.
2023-12-12 19:06:59,615 [.NET ThreadPool Worker] INFO  Redis <ClearExpiredSessionsCallback>b__12_0 - All session keys: 1.Expired session keys: 0.
2023-12-12 19:07:59,621 [.NET ThreadPool Worker] INFO  Redis <ClearExpiredSessionsCallback>b__12_0 - All session keys: 1.Expired session keys: 0.
2023-12-12 19:08:59,627 [.NET ThreadPool Worker] INFO  Redis <ClearExpiredSessionsCallback>b__12_0 - All session keys: 1.Expired session keys: 0.
2023-12-12 19:09:59,626 [.NET ThreadPool Worker] INFO  Redis <ClearExpiredSessionsCallback>b__12_0 - All session keys: 1.Expired session keys: 0.
2023-12-12 19:10:59,629 [.NET ThreadPool Worker] INFO  Redis <ClearExpiredSessionsCallback>b__12_0 - All session keys: 1.Expired session keys: 0.
2023-12-12 19:11:59,629 [.NET ThreadPool Worker] INFO  Redis <ClearExpiredSessionsCallback>b__12_0 - All session keys: 1.Expired session keys: 0.
2023-12-12 19:12:59,635 [.NET ThreadPool Worker] INFO  Redis <ClearExpiredSessionsCallback>b__12_0 - All session keys: 1.Expired session keys: 0.
2023-12-12 19:13:59,634 [.NET ThreadPool Worker] INFO  Redis <ClearExpiredSessionsCallback>b__12_0 - All session keys: 1.Expired session keys: 0.
2023-12-12 19:14:59,637 [.NET ThreadPool Worker] INFO  Redis <ClearExpiredSessionsCallback>b__12_0 - All session keys: 1.Expired session keys: 0.
2023-12-12 19:15:59,638 [.NET ThreadPool Worker] INFO  Redis <ClearExpiredSessionsCallback>b__12_0 - All session keys: 1.Expired session keys: 0.
2023-12-12 19:16:59,641 [.NET ThreadPool Worker] INFO  Redis <ClearExpiredSessionsCallback>b__12_0 - All session keys: 1.Expired session keys: 0.
2023-12-12 19:17:59,643 [.NET ThreadPool Worker] INFO  Redis <ClearExpiredSessionsCallback>b__12_0 - All session keys: 1.Expired session keys: 0.
2023-12-12 19:18:59,645 [.NET ThreadPool Worker] INFO  Redis <ClearExpiredSessionsCallback>b__12_0 - All session keys: 1.Expired session keys: 0.
2023-12-12 19:19:59,651 [.NET ThreadPool Worker] INFO  Redis <ClearExpiredSessionsCallback>b__12_0 - All session keys: 1.Expired session keys: 0.
2023-12-12 19:20:59,655 [.NET ThreadPool Worker] INFO  Redis <ClearExpiredSessionsCallback>b__12_0 - All session keys: 1.Expired session keys: 0.
2023-12-12 19:21:59,663 [.NET ThreadPool Worker] INFO  Redis <ClearExpiredSessionsCallback>b__12_0 - All session keys: 1.Expired session keys: 0.
2023-12-12 19:22:59,665 [.NET ThreadPool Worker] INFO  Redis <ClearExpiredSessionsCallback>b__12_0 - All session keys: 1.Expired session keys: 0.
2023-12-12 19:23:59,667 [.NET ThreadPool Worker] INFO  Redis <ClearExpiredSessionsCallback>b__12_0 - All session keys: 1.Expired session keys: 0.
2023-12-12 19:24:59,669 [.NET ThreadPool Worker] INFO  Redis <ClearExpiredSessionsCallback>b__12_0 - All session keys: 1.Expired session keys: 0.
2023-12-12 19:25:59,675 [.NET ThreadPool Worker] INFO  Redis <ClearExpiredSessionsCallback>b__12_0 - All session keys: 1.Expired session keys: 0.
2023-12-12 19:26:59,683 [.NET ThreadPool Worker] INFO  Redis <ClearExpiredSessionsCallback>b__12_0 - All session keys: 1.Expired session keys: 0.
2023-12-12 19:27:59,682 [.NET ThreadPool Worker] INFO  Redis <ClearExpiredSessionsCallback>b__12_0 - All session keys: 1.Expired session keys: 0.
2023-12-12 19:28:59,687 [.NET ThreadPool Worker] INFO  Redis <ClearExpiredSessionsCallback>b__12_0 - All session keys: 1.Expired session keys: 0.
2023-12-12 19:29:59,687 [.NET ThreadPool Worker] INFO  Redis <ClearExpiredSessionsCallback>b__12_0 - All session keys: 1.Expired session keys: 0.
2023-12-12 19:30:59,695 [.NET ThreadPool Worker] INFO  Redis <ClearExpiredSessionsCallback>b__12_0 - All session keys: 1.Expired session keys: 0.
2023-12-12 19:31:59,702 [.NET ThreadPool Worker] INFO  Redis <ClearExpiredSessionsCallback>b__12_0 - All session keys: 1.Expired session keys: 0.
2023-12-12 19:32:59,704 [.NET ThreadPool Worker] INFO  Redis <ClearExpiredSessionsCallback>b__12_0 - All session keys: 1.Expired session keys: 0.
2023-12-12 19:33:59,711 [.NET ThreadPool Worker] INFO  Redis <ClearExpiredSessionsCallback>b__12_0 - All session keys: 1.Expired session keys: 0.
2023-12-12 19:34:59,711 [.NET ThreadPool Worker] INFO  Redis <ClearExpiredSessionsCallback>b__12_0 - All session keys: 1.Expired session keys: 0.
2023-12-12 19:35:59,719 [.NET ThreadPool Worker] INFO  Redis <ClearExpiredSessionsCallback>b__12_0 - All session keys: 1.Expired session keys: 0.
2023-12-12 19:36:59,726 [.NET ThreadPool Worker] INFO  Redis <ClearExpiredSessionsCallback>b__12_0 - All session keys: 1.Expired session keys: 0.
2023-12-12 19:37:59,727 [.NET ThreadPool Worker] INFO  Redis <ClearExpiredSessionsCallback>b__12_0 - All session keys: 1.Expired session keys: 0.
2023-12-12 19:38:59,736 [.NET ThreadPool Worker] INFO  Redis <ClearExpiredSessionsCallback>b__12_0 - All session keys: 1.Expired session keys: 0.
2023-12-12 19:39:59,738 [.NET ThreadPool Worker] INFO  Redis <ClearExpiredSessionsCallback>b__12_0 - All session keys: 1.Expired session keys: 0.
2023-12-12 19:40:59,743 [.NET ThreadPool Worker] INFO  Redis <ClearExpiredSessionsCallback>b__12_0 - All session keys: 1.Expired session keys: 0.
2023-12-12 19:41:59,749 [.NET ThreadPool Worker] INFO  Redis <ClearExpiredSessionsCallback>b__12_0 - All session keys: 1.Expired session keys: 0.
2023-12-12 19:42:59,754 [.NET ThreadPool Worker] INFO  Redis <ClearExpiredSessionsCallback>b__12_0 - All session keys: 1.Expired session keys: 0.
2023-12-12 19:43:59,755 [.NET ThreadPool Worker] INFO  Redis <ClearExpiredSessionsCallback>b__12_0 - All session keys: 1.Expired session keys: 0.
2023-12-12 19:44:59,753 [.NET ThreadPool Worker] INFO  Redis <ClearExpiredSessionsCallback>b__12_0 - All session keys: 1.Expired session keys: 0.
2023-12-12 19:45:59,759 [.NET ThreadPool Worker] INFO  Redis <ClearExpiredSessionsCallback>b__12_0 - All session keys: 1.Expired session keys: 0.
2023-12-12 19:46:59,764 [.NET ThreadPool Worker] INFO  Redis <ClearExpiredSessionsCallback>b__12_0 - All session keys: 1.Expired session keys: 0.
2023-12-12 19:47:59,767 [.NET ThreadPool Worker] INFO  Redis <ClearExpiredSessionsCallback>b__12_0 - All session keys: 1.Expired session keys: 0.
2023-12-12 19:48:59,772 [.NET ThreadPool Worker] INFO  Redis <ClearExpiredSessionsCallback>b__12_0 - All session keys: 1.Expired session keys: 0.
2023-12-12 19:49:59,779 [.NET ThreadPool Worker] INFO  Redis <ClearExpiredSessionsCallback>b__12_0 - All session keys: 1.Expired session keys: 0.
2023-12-12 19:50:59,779 [.NET ThreadPool Worker] INFO  Redis <ClearExpiredSessionsCallback>b__12_0 - All session keys: 1.Expired session keys: 0.
2023-12-12 19:51:59,785 [.NET ThreadPool Worker] INFO  Redis <ClearExpiredSessionsCallback>b__12_0 - All session keys: 1.Expired session keys: 0.
2023-12-12 19:52:59,790 [.NET ThreadPool Worker] INFO  Redis <ClearExpiredSessionsCallback>b__12_0 - All session keys: 1.Expired session keys: 0.
2023-12-12 19:53:59,790 [.NET ThreadPool Worker] INFO  Redis <ClearExpiredSessionsCallback>b__12_0 - All session keys: 1.Expired session keys: 0.
2023-12-12 19:54:59,795 [.NET ThreadPool Worker] INFO  Redis <ClearExpiredSessionsCallback>b__12_0 - All session keys: 1.Expired session keys: 0.
2023-12-12 19:55:59,799 [.NET ThreadPool Worker] INFO  Redis <ClearExpiredSessionsCallback>b__12_0 - All session keys: 1.Expired session keys: 0.
2023-12-12 19:56:59,802 [.NET ThreadPool Worker] INFO  Redis <ClearExpiredSessionsCallback>b__12_0 - All session keys: 1.Expired session keys: 0.
2023-12-12 19:57:59,804 [.NET ThreadPool Worker] INFO  Redis <ClearExpiredSessionsCallback>b__12_0 - All session keys: 1.Expired session keys: 0.
2023-12-12 19:58:59,809 [.NET ThreadPool Worker] INFO  Redis <ClearExpiredSessionsCallback>b__12_0 - All session keys: 1.Expired session keys: 0.
2023-12-12 19:59:59,815 [.NET ThreadPool Worker] INFO  Redis <ClearExpiredSessionsCallback>b__12_0 - All session keys: 1.Expired session keys: 0.
2023-12-12 20:00:59,818 [.NET ThreadPool Worker] INFO  Redis <ClearExpiredSessionsCallback>b__12_0 - All session keys: 1.Expired session keys: 0.
2023-12-12 20:01:59,823 [.NET ThreadPool Worker] INFO  Redis <ClearExpiredSessionsCallback>b__12_0 - All session keys: 1.Expired session keys: 0.
2023-12-12 20:02:59,828 [.NET ThreadPool Worker] INFO  Redis <ClearExpiredSessionsCallback>b__12_0 - All session keys: 1.Expired session keys: 0.
2023-12-12 20:03:59,835 [.NET ThreadPool Worker] INFO  Redis <ClearExpiredSessionsCallback>b__12_0 - All session keys: 1.Expired session keys: 0.
2023-12-12 20:04:59,838 [.NET ThreadPool Worker] INFO  Redis <ClearExpiredSessionsCallback>b__12_0 - All session keys: 1.Expired session keys: 0.
2023-12-12 20:05:59,842 [.NET ThreadPool Worker] INFO  Redis <ClearExpiredSessionsCallback>b__12_0 - All session keys: 1.Expired session keys: 0.
2023-12-12 20:06:59,845 [.NET ThreadPool Worker] INFO  Redis <ClearExpiredSessionsCallback>b__12_0 - All session keys: 1.Expired session keys: 0.
2023-12-12 20:07:59,851 [.NET ThreadPool Worker] INFO  Redis <ClearExpiredSessionsCallback>b__12_0 - All session keys: 1.Expired session keys: 0.
2023-12-12 20:08:59,851 [.NET ThreadPool Worker] INFO  Redis <ClearExpiredSessionsCallback>b__12_0 - All session keys: 1.Expired session keys: 0.
2023-12-12 20:09:59,859 [.NET ThreadPool Worker] INFO  Redis <ClearExpiredSessionsCallback>b__12_0 - All session keys: 1.Expired session keys: 0.
2023-12-12 20:10:59,867 [.NET ThreadPool Worker] INFO  Redis <ClearExpiredSessionsCallback>b__12_0 - All session keys: 1.Expired session keys: 0.
2023-12-12 20:11:59,870 [.NET ThreadPool Worker] INFO  Redis <ClearExpiredSessionsCallback>b__12_0 - All session keys: 1.Expired session keys: 0.
2023-12-12 20:12:59,871 [.NET ThreadPool Worker] INFO  Redis <ClearExpiredSessionsCallback>b__12_0 - All session keys: 1.Expired session keys: 0.
2023-12-12 20:13:59,875 [.NET ThreadPool Worker] INFO  Redis <ClearExpiredSessionsCallback>b__12_0 - All session keys: 1.Expired session keys: 0.
2023-12-12 20:14:59,875 [.NET ThreadPool Worker] INFO  Redis <ClearExpiredSessionsCallback>b__12_0 - All session keys: 1.Expired session keys: 0.
2023-12-12 20:15:59,881 [.NET ThreadPool Worker] INFO  Redis <ClearExpiredSessionsCallback>b__12_0 - All session keys: 1.Expired session keys: 0.
2023-12-12 20:16:59,885 [.NET ThreadPool Worker] INFO  Redis <ClearExpiredSessionsCallback>b__12_0 - All session keys: 1.Expired session keys: 0.
2023-12-12 20:17:59,884 [.NET ThreadPool Worker] INFO  Redis <ClearExpiredSessionsCallback>b__12_0 - All session keys: 1.Expired session keys: 0.
2023-12-12 20:18:59,889 [.NET ThreadPool Worker] INFO  Redis <ClearExpiredSessionsCallback>b__12_0 - All session keys: 1.Expired session keys: 0.
2023-12-12 20:19:59,893 [.NET ThreadPool Worker] INFO  Redis <ClearExpiredSessionsCallback>b__12_0 - All session keys: 1.Expired session keys: 0.
2023-12-12 20:20:59,899 [.NET ThreadPool Worker] INFO  Redis <ClearExpiredSessionsCallback>b__12_0 - All session keys: 1.Expired session keys: 0.
2023-12-12 20:21:59,899 [.NET ThreadPool Worker] INFO  Redis <ClearExpiredSessionsCallback>b__12_0 - All session keys: 1.Expired session keys: 0.
2023-12-12 20:22:59,902 [.NET ThreadPool Worker] INFO  Redis <ClearExpiredSessionsCallback>b__12_0 - All session keys: 1.Expired session keys: 0.
2023-12-12 20:23:59,907 [.NET ThreadPool Worker] INFO  Redis <ClearExpiredSessionsCallback>b__12_0 - All session keys: 1.Expired session keys: 0.
2023-12-12 20:24:59,914 [.NET ThreadPool Worker] INFO  Redis <ClearExpiredSessionsCallback>b__12_0 - All session keys: 1.Expired session keys: 0.
2023-12-12 20:25:59,915 [.NET ThreadPool Worker] INFO  Redis <ClearExpiredSessionsCallback>b__12_0 - All session keys: 1.Expired session keys: 0.
2023-12-12 20:26:59,919 [.NET ThreadPool Worker] INFO  Redis <ClearExpiredSessionsCallback>b__12_0 - All session keys: 1.Expired session keys: 0.
2023-12-12 20:27:59,926 [.NET ThreadPool Worker] INFO  Redis <ClearExpiredSessionsCallback>b__12_0 - All session keys: 1.Expired session keys: 0.
2023-12-12 20:28:59,930 [.NET ThreadPool Worker] INFO  Redis <ClearExpiredSessionsCallback>b__12_0 - All session keys: 1.Expired session keys: 0.
2023-12-12 20:29:59,931 [.NET ThreadPool Worker] INFO  Redis <ClearExpiredSessionsCallback>b__12_0 - All session keys: 1.Expired session keys: 0.
2023-12-12 20:30:43,175 [.NET ThreadPool Worker] WARN  Redis ConnectionFailedEventHandler - ConnectionFailed: EndPoint [Unspecified/localhost:6379] ConnectionType [Subscription] FailureType [UnableToConnect]
StackExchange.Redis.RedisConnectionException: UnableToConnect on localhost:6379/Subscription, Initializing/NotStarted, last: PING, origin: BeginConnectAsync, outstanding: 0, last-read: 0s ago, last-write: 0s ago, keep-alive: 60s, state: Connecting, mgr: 6 of 10 available, last-heartbeat: never, last-mbeat: 0s ago, global: 0s ago, v: 2.6.122.38350
2023-12-12 20:30:43,175 [.NET ThreadPool Worker] WARN  Redis ConnectionFailedEventHandler - ConnectionFailed: EndPoint [Unspecified/localhost:6379] ConnectionType [Interactive] FailureType [UnableToConnect]
StackExchange.Redis.RedisConnectionException: UnableToConnect on localhost:6379/Interactive, Initializing/NotStarted, last: HGET, origin: BeginConnectAsync, outstanding: 0, last-read: 0s ago, last-write: 0s ago, keep-alive: 60s, state: Connecting, mgr: 6 of 10 available, last-heartbeat: never, last-mbeat: 0s ago, global: 0s ago, v: 2.6.122.38350
2023-12-12 20:30:43,193 [.NET ThreadPool Worker] WARN  Redis TryReconfigureMultiplexer - Recreate multiplexer...
2023-12-12 20:30:43,583 [.NET ThreadPool Worker] WARN  Redis ConfigurationChangedEventHandler - ConfigurationChanged: EndPoint [Unspecified/localhost:6379]
