2023-12-07 12:42:22,693 [1] WARN  Terrasoft.WebHost.Application OnAfterConfigure - Application starting
2023-12-07 12:42:28,678 [1] INFO  Terrasoft.Core.InMemoryPubSubServer .ctor - InMemoryPubSubServer started.
2023-12-07 12:42:30,411 [1] INFO  Terrasoft.WebHost.Application StartApplicationScheduler - Starting scheduler...
2023-12-07 12:42:30,412 [.NET ThreadPool Worker] INFO  Creatio.Messaging.MessageBus.RabbitMQ.Actors.OperationModeDispatcherActor OnReceive - OperationModeDispatcher initialized
2023-12-07 12:42:30,490 [1] INFO  Terrasoft.WebHost.Application StartApplicationScheduler - Scheduler started
2023-12-07 12:42:30,510 [1] INFO  Terrasoft.WebHost.Startup <MapODataServiceRoute>b__12_0 - OData service initialized successfully
2023-12-07 12:42:33,122 [1] INFO  Mailing CreateInstance - [ActiveContactsHandler.CreateInstance]: Job ActualizeActiveContacts for process ActualizeActiveContactsProcess scheduled
2023-12-07 12:42:33,122 [1] INFO  Mailing ActivateHandlers - MailingHandlersUtilities.Instance of ActiveContactsHandler created.
2023-12-07 12:42:33,125 [1] INFO  Mailing ActivateHandlers - MailingHandlersUtilities.Instance of CESWebHooksHandler created.
2023-12-07 12:42:33,125 [1] INFO  Mailing CreateInstance - [ScheduledMailingsHandler.CreateInstance]: Job MandrillScheduledMailing for process ScheduleMassMailing with interval 1 scheduled
2023-12-07 12:42:33,125 [1] INFO  Mailing ActivateHandlers - MailingHandlersUtilities.Instance of ScheduledMailingsHandler created.
2023-12-07 12:42:33,130 [1] INFO  Mailing ActivateHandlers - MailingHandlersUtilities.Instance of MandrillAnaliticsHandler created.
2023-12-07 12:42:33,132 [1] INFO  Mailing ActivateHandlers - MailingHandlersUtilities.Instance of MandrillRecipientsHandler created.
2023-12-07 12:42:33,132 [1] INFO  Mailing ActivateHandlers - MailingHandlersUtilities.Instance of MandrillWebHooksHandler created.
2023-12-07 12:42:33,132 [1] INFO  Mailing ActivateHandlers - MailingHandlersUtilities.Instance of ArchiveBulkEmailTargetHandler created.
2023-12-07 12:42:36,598 [1] WARN  Terrasoft.WebHost.Application OnStart - Application started
2023-12-07 12:44:31,431 [.NET ThreadPool Worker] INFO  Calendar LogInfo - [zZtW67w2CEKPrLmJfr9tAg.job] [CalendarFailoverJob] started.
2023-12-07 12:44:31,471 [.NET ThreadPool Worker] INFO  Calendar LogInfo - [zZtW67w2CEKPrLmJfr9tAg.job] [CalendarFailoverJob] 0 accounts received for enabling synchronization.
2023-12-07 12:44:31,471 [.NET ThreadPool Worker] INFO  Calendar LogInfo - [zZtW67w2CEKPrLmJfr9tAg.job] [CalendarFailoverJob] Synchronization of 0 accounts is enabled.
2023-12-07 12:44:31,476 [.NET ThreadPool Worker] INFO  Calendar LogInfo - [zZtW67w2CEKPrLmJfr9tAg.job] [CalendarFailoverJob] ended.
2023-12-07 12:44:32,549 [.NET ThreadPool Worker] WARN  Terrasoft.Core.DB.EntitySchemaDbInfoActualizer Actualize - Actualization of EntitySchemaDbInfo started.
2023-12-07 12:44:32,586 [.NET ThreadPool Worker] WARN  Terrasoft.Core.DB.EntitySchemaDbInfoActualizer Actualize - Actualization of EntitySchemaDbInfo completed.
2023-12-07 12:46:16,811 [.NET ThreadPool Worker] INFO Supervisor Terrasoft.Core.FeatureToggling.DbFeatureProvider AddOrUpdate - Merged duplicate 'NotificationV2' admin unit feature value. AdminUnitId = '7f3b869f-34f3-4f20-ab4d-7480a5fdf647'
2023-12-07 12:46:16,813 [.NET ThreadPool Worker] INFO Supervisor Terrasoft.Core.FeatureToggling.DbFeatureProvider AddOrUpdate - Merged duplicate 'IsMailboxSyncSettingsCached' admin unit feature value. AdminUnitId = '7f3b869f-34f3-4f20-ab4d-7480a5fdf647'
2023-12-07 12:46:16,813 [.NET ThreadPool Worker] INFO Supervisor Terrasoft.Core.FeatureToggling.DbFeatureProvider AddOrUpdate - Merged duplicate 'UsePersistentFileImport' admin unit feature value. AdminUnitId = '7f3b869f-34f3-4f20-ab4d-7480a5fdf647'
2023-12-07 12:46:16,813 [.NET ThreadPool Worker] INFO Supervisor Terrasoft.Core.FeatureToggling.DbFeatureProvider AddOrUpdate - Merged duplicate 'ProcessFeatures.UseRootIdInArchiveOperations' admin unit feature value. AdminUnitId = '7f3b869f-34f3-4f20-ab4d-7480a5fdf647'
2023-12-07 12:46:16,813 [.NET ThreadPool Worker] INFO Supervisor Terrasoft.Core.FeatureToggling.DbFeatureProvider AddOrUpdate - Merged duplicate 'ProcessFeatures.UseProcessLogPartitioning' admin unit feature value. AdminUnitId = '7f3b869f-34f3-4f20-ab4d-7480a5fdf647'
2023-12-07 12:46:16,813 [.NET ThreadPool Worker] INFO Supervisor Terrasoft.Core.FeatureToggling.DbFeatureProvider AddOrUpdate - Merged duplicate 'IsCalendarCached' admin unit feature value. AdminUnitId = '7f3b869f-34f3-4f20-ab4d-7480a5fdf647'
2023-12-07 12:46:17,147 [.NET ThreadPool Worker] INFO Supervisor Terrasoft.Core.FeatureToggling.FeatureChangedNotificationHandler MoveNext - Handling  feature state change to 
2023-12-07 12:59:30,618 [.NET ThreadPool Worker] INFO  Calendar LogInfo - [0dnW09ItV0WKTBo0HvQGQ.job] [CalendarFailoverJob] started.
2023-12-07 12:59:30,621 [.NET ThreadPool Worker] INFO  Calendar LogInfo - [0dnW09ItV0WKTBo0HvQGQ.job] [CalendarFailoverJob] 0 accounts received for enabling synchronization.
2023-12-07 12:59:30,621 [.NET ThreadPool Worker] INFO  Calendar LogInfo - [0dnW09ItV0WKTBo0HvQGQ.job] [CalendarFailoverJob] Synchronization of 0 accounts is enabled.
2023-12-07 12:59:30,621 [.NET ThreadPool Worker] INFO  Calendar LogInfo - [0dnW09ItV0WKTBo0HvQGQ.job] [CalendarFailoverJob] ended.
2023-12-07 13:14:30,610 [.NET ThreadPool Worker] INFO  Calendar LogInfo - [ha5tj929x0aDd9E3GfgNA.job] [CalendarFailoverJob] started.
2023-12-07 13:14:30,613 [.NET ThreadPool Worker] INFO  Calendar LogInfo - [ha5tj929x0aDd9E3GfgNA.job] [CalendarFailoverJob] 0 accounts received for enabling synchronization.
2023-12-07 13:14:30,613 [.NET ThreadPool Worker] INFO  Calendar LogInfo - [ha5tj929x0aDd9E3GfgNA.job] [CalendarFailoverJob] Synchronization of 0 accounts is enabled.
2023-12-07 13:14:30,613 [.NET ThreadPool Worker] INFO  Calendar LogInfo - [ha5tj929x0aDd9E3GfgNA.job] [CalendarFailoverJob] ended.
2023-12-07 13:29:30,615 [.NET ThreadPool Worker] INFO  Calendar LogInfo - [2joT4DQJP0SXj7GFMd5VJw.job] [CalendarFailoverJob] started.
2023-12-07 13:29:30,617 [.NET ThreadPool Worker] INFO  Calendar LogInfo - [2joT4DQJP0SXj7GFMd5VJw.job] [CalendarFailoverJob] 0 accounts received for enabling synchronization.
2023-12-07 13:29:30,617 [.NET ThreadPool Worker] INFO  Calendar LogInfo - [2joT4DQJP0SXj7GFMd5VJw.job] [CalendarFailoverJob] Synchronization of 0 accounts is enabled.
2023-12-07 13:29:30,617 [.NET ThreadPool Worker] INFO  Calendar LogInfo - [2joT4DQJP0SXj7GFMd5VJw.job] [CalendarFailoverJob] ended.
2023-12-07 13:44:30,617 [.NET ThreadPool Worker] INFO  Calendar LogInfo - [VPfNrTFdLEK0mfSrsexUPw.job] [CalendarFailoverJob] started.
2023-12-07 13:44:30,617 [.NET ThreadPool Worker] INFO  Calendar LogInfo - [VPfNrTFdLEK0mfSrsexUPw.job] [CalendarFailoverJob] 0 accounts received for enabling synchronization.
2023-12-07 13:44:30,617 [.NET ThreadPool Worker] INFO  Calendar LogInfo - [VPfNrTFdLEK0mfSrsexUPw.job] [CalendarFailoverJob] Synchronization of 0 accounts is enabled.
2023-12-07 13:44:30,617 [.NET ThreadPool Worker] INFO  Calendar LogInfo - [VPfNrTFdLEK0mfSrsexUPw.job] [CalendarFailoverJob] ended.
2023-12-07 13:59:30,616 [.NET ThreadPool Worker] INFO  Calendar LogInfo - [5MffHZjtHUieRCZQrkilrg.job] [CalendarFailoverJob] started.
2023-12-07 13:59:30,616 [.NET ThreadPool Worker] INFO  Calendar LogInfo - [5MffHZjtHUieRCZQrkilrg.job] [CalendarFailoverJob] 0 accounts received for enabling synchronization.
2023-12-07 13:59:30,616 [.NET ThreadPool Worker] INFO  Calendar LogInfo - [5MffHZjtHUieRCZQrkilrg.job] [CalendarFailoverJob] Synchronization of 0 accounts is enabled.
2023-12-07 13:59:30,616 [.NET ThreadPool Worker] INFO  Calendar LogInfo - [5MffHZjtHUieRCZQrkilrg.job] [CalendarFailoverJob] ended.
2023-12-07 14:14:30,599 [.NET ThreadPool Worker] INFO  Calendar LogInfo - [PabeTtGIfkijPvBnsfP5g.job] [CalendarFailoverJob] started.
2023-12-07 14:14:30,602 [.NET ThreadPool Worker] INFO  Calendar LogInfo - [PabeTtGIfkijPvBnsfP5g.job] [CalendarFailoverJob] 0 accounts received for enabling synchronization.
2023-12-07 14:14:30,602 [.NET ThreadPool Worker] INFO  Calendar LogInfo - [PabeTtGIfkijPvBnsfP5g.job] [CalendarFailoverJob] Synchronization of 0 accounts is enabled.
2023-12-07 14:14:30,602 [.NET ThreadPool Worker] INFO  Calendar LogInfo - [PabeTtGIfkijPvBnsfP5g.job] [CalendarFailoverJob] ended.
2023-12-07 14:29:30,594 [.NET ThreadPool Worker] INFO  Calendar LogInfo - [jTg6sXcR80txyyLbiuuA.job] [CalendarFailoverJob] started.
2023-12-07 14:29:30,594 [.NET ThreadPool Worker] INFO  Calendar LogInfo - [jTg6sXcR80txyyLbiuuA.job] [CalendarFailoverJob] 0 accounts received for enabling synchronization.
2023-12-07 14:29:30,594 [.NET ThreadPool Worker] INFO  Calendar LogInfo - [jTg6sXcR80txyyLbiuuA.job] [CalendarFailoverJob] Synchronization of 0 accounts is enabled.
2023-12-07 14:29:30,598 [.NET ThreadPool Worker] INFO  Calendar LogInfo - [jTg6sXcR80txyyLbiuuA.job] [CalendarFailoverJob] ended.
2023-12-07 14:44:30,602 [.NET ThreadPool Worker] INFO  Calendar LogInfo - [4PUYiGDBVUmL2M62olQtDw.job] [CalendarFailoverJob] started.
2023-12-07 14:44:30,602 [.NET ThreadPool Worker] INFO  Calendar LogInfo - [4PUYiGDBVUmL2M62olQtDw.job] [CalendarFailoverJob] 0 accounts received for enabling synchronization.
2023-12-07 14:44:30,602 [.NET ThreadPool Worker] INFO  Calendar LogInfo - [4PUYiGDBVUmL2M62olQtDw.job] [CalendarFailoverJob] Synchronization of 0 accounts is enabled.
2023-12-07 14:44:30,605 [.NET ThreadPool Worker] INFO  Calendar LogInfo - [4PUYiGDBVUmL2M62olQtDw.job] [CalendarFailoverJob] ended.
2023-12-07 14:59:30,611 [.NET ThreadPool Worker] INFO  Calendar LogInfo - [K6EXVvi6AkGuEenpbYmw.job] [CalendarFailoverJob] started.
2023-12-07 14:59:30,614 [.NET ThreadPool Worker] INFO  Calendar LogInfo - [K6EXVvi6AkGuEenpbYmw.job] [CalendarFailoverJob] 0 accounts received for enabling synchronization.
2023-12-07 14:59:30,614 [.NET ThreadPool Worker] INFO  Calendar LogInfo - [K6EXVvi6AkGuEenpbYmw.job] [CalendarFailoverJob] Synchronization of 0 accounts is enabled.
2023-12-07 14:59:30,614 [.NET ThreadPool Worker] INFO  Calendar LogInfo - [K6EXVvi6AkGuEenpbYmw.job] [CalendarFailoverJob] ended.
2023-12-07 15:13:47,402 [.NET ThreadPool Worker] INFO Supervisor Terrasoft.Core.FeatureToggling.FeatureChangedNotificationHandler MoveNext - Handling  feature state change to 
2023-12-07 15:14:30,615 [.NET ThreadPool Worker] INFO  Calendar LogInfo - [WwVpWfXc0iWPw546FrhzQ.job] [CalendarFailoverJob] started.
2023-12-07 15:14:30,623 [.NET ThreadPool Worker] INFO  Calendar LogInfo - [WwVpWfXc0iWPw546FrhzQ.job] [CalendarFailoverJob] 0 accounts received for enabling synchronization.
2023-12-07 15:14:30,623 [.NET ThreadPool Worker] INFO  Calendar LogInfo - [WwVpWfXc0iWPw546FrhzQ.job] [CalendarFailoverJob] Synchronization of 0 accounts is enabled.
2023-12-07 15:14:30,624 [.NET ThreadPool Worker] INFO  Calendar LogInfo - [WwVpWfXc0iWPw546FrhzQ.job] [CalendarFailoverJob] ended.
2023-12-07 15:29:30,603 [.NET ThreadPool Worker] INFO  Calendar LogInfo - [DhWFD7nQSkmLF0yIwZ35KA.job] [CalendarFailoverJob] started.
2023-12-07 15:29:30,605 [.NET ThreadPool Worker] INFO  Calendar LogInfo - [DhWFD7nQSkmLF0yIwZ35KA.job] [CalendarFailoverJob] 0 accounts received for enabling synchronization.
2023-12-07 15:29:30,605 [.NET ThreadPool Worker] INFO  Calendar LogInfo - [DhWFD7nQSkmLF0yIwZ35KA.job] [CalendarFailoverJob] Synchronization of 0 accounts is enabled.
2023-12-07 15:29:30,605 [.NET ThreadPool Worker] INFO  Calendar LogInfo - [DhWFD7nQSkmLF0yIwZ35KA.job] [CalendarFailoverJob] ended.
2023-12-07 15:44:30,616 [.NET ThreadPool Worker] INFO  Calendar LogInfo - [ejKhx0FCqECIxNHwNcFNuw.job] [CalendarFailoverJob] started.
2023-12-07 15:44:30,619 [.NET ThreadPool Worker] INFO  Calendar LogInfo - [ejKhx0FCqECIxNHwNcFNuw.job] [CalendarFailoverJob] 0 accounts received for enabling synchronization.
2023-12-07 15:44:30,619 [.NET ThreadPool Worker] INFO  Calendar LogInfo - [ejKhx0FCqECIxNHwNcFNuw.job] [CalendarFailoverJob] Synchronization of 0 accounts is enabled.
2023-12-07 15:44:30,621 [.NET ThreadPool Worker] INFO  Calendar LogInfo - [ejKhx0FCqECIxNHwNcFNuw.job] [CalendarFailoverJob] ended.
2023-12-07 15:59:30,604 [.NET ThreadPool Worker] INFO  Calendar LogInfo - [eppdUDf5kadQFz9WewsSg.job] [CalendarFailoverJob] started.
2023-12-07 15:59:30,606 [.NET ThreadPool Worker] INFO  Calendar LogInfo - [eppdUDf5kadQFz9WewsSg.job] [CalendarFailoverJob] 0 accounts received for enabling synchronization.
2023-12-07 15:59:30,606 [.NET ThreadPool Worker] INFO  Calendar LogInfo - [eppdUDf5kadQFz9WewsSg.job] [CalendarFailoverJob] Synchronization of 0 accounts is enabled.
2023-12-07 15:59:30,606 [.NET ThreadPool Worker] INFO  Calendar LogInfo - [eppdUDf5kadQFz9WewsSg.job] [CalendarFailoverJob] ended.
2023-12-07 16:14:30,635 [.NET ThreadPool Worker] INFO  Calendar LogInfo - [6NTQc1TQtUOsrNfoAObqhA.job] [CalendarFailoverJob] started.
2023-12-07 16:14:30,638 [.NET ThreadPool Worker] INFO  Calendar LogInfo - [6NTQc1TQtUOsrNfoAObqhA.job] [CalendarFailoverJob] 0 accounts received for enabling synchronization.
2023-12-07 16:14:30,638 [.NET ThreadPool Worker] INFO  Calendar LogInfo - [6NTQc1TQtUOsrNfoAObqhA.job] [CalendarFailoverJob] Synchronization of 0 accounts is enabled.
2023-12-07 16:14:30,638 [.NET ThreadPool Worker] INFO  Calendar LogInfo - [6NTQc1TQtUOsrNfoAObqhA.job] [CalendarFailoverJob] ended.
2023-12-07 16:29:30,626 [.NET ThreadPool Worker] INFO  Calendar LogInfo - [TIzoCGaWLEawtDE4i9neSQ.job] [CalendarFailoverJob] started.
2023-12-07 16:29:30,626 [.NET ThreadPool Worker] INFO  Calendar LogInfo - [TIzoCGaWLEawtDE4i9neSQ.job] [CalendarFailoverJob] 0 accounts received for enabling synchronization.
2023-12-07 16:29:30,626 [.NET ThreadPool Worker] INFO  Calendar LogInfo - [TIzoCGaWLEawtDE4i9neSQ.job] [CalendarFailoverJob] Synchronization of 0 accounts is enabled.
2023-12-07 16:29:30,630 [.NET ThreadPool Worker] INFO  Calendar LogInfo - [TIzoCGaWLEawtDE4i9neSQ.job] [CalendarFailoverJob] ended.
2023-12-07 16:44:30,605 [.NET ThreadPool Worker] INFO  Calendar LogInfo - [CzjoTeT9YUwRCAyYcJMAA.job] [CalendarFailoverJob] started.
2023-12-07 16:44:30,605 [.NET ThreadPool Worker] INFO  Calendar LogInfo - [CzjoTeT9YUwRCAyYcJMAA.job] [CalendarFailoverJob] 0 accounts received for enabling synchronization.
2023-12-07 16:44:30,605 [.NET ThreadPool Worker] INFO  Calendar LogInfo - [CzjoTeT9YUwRCAyYcJMAA.job] [CalendarFailoverJob] Synchronization of 0 accounts is enabled.
2023-12-07 16:44:30,609 [.NET ThreadPool Worker] INFO  Calendar LogInfo - [CzjoTeT9YUwRCAyYcJMAA.job] [CalendarFailoverJob] ended.
2023-12-07 16:59:30,609 [.NET ThreadPool Worker] INFO  Calendar LogInfo - [DYRG456tkUCMaZbNB3iaIQ.job] [CalendarFailoverJob] started.
2023-12-07 16:59:30,609 [.NET ThreadPool Worker] INFO  Calendar LogInfo - [DYRG456tkUCMaZbNB3iaIQ.job] [CalendarFailoverJob] 0 accounts received for enabling synchronization.
2023-12-07 16:59:30,609 [.NET ThreadPool Worker] INFO  Calendar LogInfo - [DYRG456tkUCMaZbNB3iaIQ.job] [CalendarFailoverJob] Synchronization of 0 accounts is enabled.
2023-12-07 16:59:30,609 [.NET ThreadPool Worker] INFO  Calendar LogInfo - [DYRG456tkUCMaZbNB3iaIQ.job] [CalendarFailoverJob] ended.
2023-12-07 17:14:30,608 [.NET ThreadPool Worker] INFO  Calendar LogInfo - [gw3DHLw9kC3V1kXsEdiCA.job] [CalendarFailoverJob] started.
2023-12-07 17:14:30,610 [.NET ThreadPool Worker] INFO  Calendar LogInfo - [gw3DHLw9kC3V1kXsEdiCA.job] [CalendarFailoverJob] 0 accounts received for enabling synchronization.
2023-12-07 17:14:30,610 [.NET ThreadPool Worker] INFO  Calendar LogInfo - [gw3DHLw9kC3V1kXsEdiCA.job] [CalendarFailoverJob] Synchronization of 0 accounts is enabled.
2023-12-07 17:14:30,610 [.NET ThreadPool Worker] INFO  Calendar LogInfo - [gw3DHLw9kC3V1kXsEdiCA.job] [CalendarFailoverJob] ended.
2023-12-07 17:29:30,605 [.NET ThreadPool Worker] INFO  Calendar LogInfo - [rROx41lRf0u6eEzIet0QHg.job] [CalendarFailoverJob] started.
2023-12-07 17:29:30,605 [.NET ThreadPool Worker] INFO  Calendar LogInfo - [rROx41lRf0u6eEzIet0QHg.job] [CalendarFailoverJob] 0 accounts received for enabling synchronization.
2023-12-07 17:29:30,605 [.NET ThreadPool Worker] INFO  Calendar LogInfo - [rROx41lRf0u6eEzIet0QHg.job] [CalendarFailoverJob] Synchronization of 0 accounts is enabled.
2023-12-07 17:29:30,609 [.NET ThreadPool Worker] INFO  Calendar LogInfo - [rROx41lRf0u6eEzIet0QHg.job] [CalendarFailoverJob] ended.
2023-12-07 17:44:30,608 [.NET ThreadPool Worker] INFO  Calendar LogInfo - [UwyjAwoIRUyTgFlLVtEVg.job] [CalendarFailoverJob] started.
2023-12-07 17:44:30,610 [.NET ThreadPool Worker] INFO  Calendar LogInfo - [UwyjAwoIRUyTgFlLVtEVg.job] [CalendarFailoverJob] 0 accounts received for enabling synchronization.
2023-12-07 17:44:30,610 [.NET ThreadPool Worker] INFO  Calendar LogInfo - [UwyjAwoIRUyTgFlLVtEVg.job] [CalendarFailoverJob] Synchronization of 0 accounts is enabled.
2023-12-07 17:44:30,610 [.NET ThreadPool Worker] INFO  Calendar LogInfo - [UwyjAwoIRUyTgFlLVtEVg.job] [CalendarFailoverJob] ended.
2023-12-07 17:59:30,617 [.NET ThreadPool Worker] INFO  Calendar LogInfo - [5FkAgqpgZU6iR2LJHjUm7w.job] [CalendarFailoverJob] started.
2023-12-07 17:59:30,617 [.NET ThreadPool Worker] INFO  Calendar LogInfo - [5FkAgqpgZU6iR2LJHjUm7w.job] [CalendarFailoverJob] 0 accounts received for enabling synchronization.
2023-12-07 17:59:30,617 [.NET ThreadPool Worker] INFO  Calendar LogInfo - [5FkAgqpgZU6iR2LJHjUm7w.job] [CalendarFailoverJob] Synchronization of 0 accounts is enabled.
2023-12-07 17:59:30,621 [.NET ThreadPool Worker] INFO  Calendar LogInfo - [5FkAgqpgZU6iR2LJHjUm7w.job] [CalendarFailoverJob] ended.
2023-12-07 18:14:30,601 [.NET ThreadPool Worker] INFO  Calendar LogInfo - [V5ZiK5EaIk2cXZnoRokBOg.job] [CalendarFailoverJob] started.
2023-12-07 18:14:30,601 [.NET ThreadPool Worker] INFO  Calendar LogInfo - [V5ZiK5EaIk2cXZnoRokBOg.job] [CalendarFailoverJob] 0 accounts received for enabling synchronization.
2023-12-07 18:14:30,601 [.NET ThreadPool Worker] INFO  Calendar LogInfo - [V5ZiK5EaIk2cXZnoRokBOg.job] [CalendarFailoverJob] Synchronization of 0 accounts is enabled.
2023-12-07 18:14:30,601 [.NET ThreadPool Worker] INFO  Calendar LogInfo - [V5ZiK5EaIk2cXZnoRokBOg.job] [CalendarFailoverJob] ended.
2023-12-07 18:29:30,610 [.NET ThreadPool Worker] INFO  Calendar LogInfo - [wEAM0GHQ5U6NLj9EXwix9A.job] [CalendarFailoverJob] started.
2023-12-07 18:29:30,610 [.NET ThreadPool Worker] INFO  Calendar LogInfo - [wEAM0GHQ5U6NLj9EXwix9A.job] [CalendarFailoverJob] 0 accounts received for enabling synchronization.
2023-12-07 18:29:30,612 [.NET ThreadPool Worker] INFO  Calendar LogInfo - [wEAM0GHQ5U6NLj9EXwix9A.job] [CalendarFailoverJob] Synchronization of 0 accounts is enabled.
2023-12-07 18:29:30,612 [.NET ThreadPool Worker] INFO  Calendar LogInfo - [wEAM0GHQ5U6NLj9EXwix9A.job] [CalendarFailoverJob] ended.
2023-12-07 18:44:30,615 [.NET ThreadPool Worker] INFO  Calendar LogInfo - [GZoSS365RkOhXbYJoYHP2g.job] [CalendarFailoverJob] started.
2023-12-07 18:44:30,617 [.NET ThreadPool Worker] INFO  Calendar LogInfo - [GZoSS365RkOhXbYJoYHP2g.job] [CalendarFailoverJob] 0 accounts received for enabling synchronization.
2023-12-07 18:44:30,617 [.NET ThreadPool Worker] INFO  Calendar LogInfo - [GZoSS365RkOhXbYJoYHP2g.job] [CalendarFailoverJob] Synchronization of 0 accounts is enabled.
2023-12-07 18:44:30,617 [.NET ThreadPool Worker] INFO  Calendar LogInfo - [GZoSS365RkOhXbYJoYHP2g.job] [CalendarFailoverJob] ended.
2023-12-07 18:59:30,607 [.NET ThreadPool Worker] INFO  Calendar LogInfo - [iL0pbsnBDEOhX4MmE5jXVg.job] [CalendarFailoverJob] started.
2023-12-07 18:59:30,611 [.NET ThreadPool Worker] INFO  Calendar LogInfo - [iL0pbsnBDEOhX4MmE5jXVg.job] [CalendarFailoverJob] 0 accounts received for enabling synchronization.
2023-12-07 18:59:30,611 [.NET ThreadPool Worker] INFO  Calendar LogInfo - [iL0pbsnBDEOhX4MmE5jXVg.job] [CalendarFailoverJob] Synchronization of 0 accounts is enabled.
2023-12-07 18:59:30,611 [.NET ThreadPool Worker] INFO  Calendar LogInfo - [iL0pbsnBDEOhX4MmE5jXVg.job] [CalendarFailoverJob] ended.
2023-12-07 19:14:30,608 [.NET ThreadPool Worker] INFO  Calendar LogInfo - [MDIvTba0q0GiDmKeW5LOCg.job] [CalendarFailoverJob] started.
2023-12-07 19:14:30,608 [.NET ThreadPool Worker] INFO  Calendar LogInfo - [MDIvTba0q0GiDmKeW5LOCg.job] [CalendarFailoverJob] 0 accounts received for enabling synchronization.
2023-12-07 19:14:30,608 [.NET ThreadPool Worker] INFO  Calendar LogInfo - [MDIvTba0q0GiDmKeW5LOCg.job] [CalendarFailoverJob] Synchronization of 0 accounts is enabled.
2023-12-07 19:14:30,608 [.NET ThreadPool Worker] INFO  Calendar LogInfo - [MDIvTba0q0GiDmKeW5LOCg.job] [CalendarFailoverJob] ended.
2023-12-07 19:29:30,607 [.NET ThreadPool Worker] INFO  Calendar LogInfo - [Zp4EPu2MEkCv6bQhwhPw.job] [CalendarFailoverJob] started.
2023-12-07 19:29:30,609 [.NET ThreadPool Worker] INFO  Calendar LogInfo - [Zp4EPu2MEkCv6bQhwhPw.job] [CalendarFailoverJob] 0 accounts received for enabling synchronization.
2023-12-07 19:29:30,609 [.NET ThreadPool Worker] INFO  Calendar LogInfo - [Zp4EPu2MEkCv6bQhwhPw.job] [CalendarFailoverJob] Synchronization of 0 accounts is enabled.
2023-12-07 19:29:30,609 [.NET ThreadPool Worker] INFO  Calendar LogInfo - [Zp4EPu2MEkCv6bQhwhPw.job] [CalendarFailoverJob] ended.
2023-12-07 19:44:30,601 [.NET ThreadPool Worker] INFO  Calendar LogInfo - [8KawbUrOkazItUOVU8AQ.job] [CalendarFailoverJob] started.
2023-12-07 19:44:30,601 [.NET ThreadPool Worker] INFO  Calendar LogInfo - [8KawbUrOkazItUOVU8AQ.job] [CalendarFailoverJob] 0 accounts received for enabling synchronization.
2023-12-07 19:44:30,601 [.NET ThreadPool Worker] INFO  Calendar LogInfo - [8KawbUrOkazItUOVU8AQ.job] [CalendarFailoverJob] Synchronization of 0 accounts is enabled.
2023-12-07 19:44:30,605 [.NET ThreadPool Worker] INFO  Calendar LogInfo - [8KawbUrOkazItUOVU8AQ.job] [CalendarFailoverJob] ended.
2023-12-07 19:59:30,606 [.NET ThreadPool Worker] INFO  Calendar LogInfo - [ltHJzc9Vkuzt7ofGSYz3A.job] [CalendarFailoverJob] started.
2023-12-07 19:59:30,608 [.NET ThreadPool Worker] INFO  Calendar LogInfo - [ltHJzc9Vkuzt7ofGSYz3A.job] [CalendarFailoverJob] 0 accounts received for enabling synchronization.
2023-12-07 19:59:30,608 [.NET ThreadPool Worker] INFO  Calendar LogInfo - [ltHJzc9Vkuzt7ofGSYz3A.job] [CalendarFailoverJob] Synchronization of 0 accounts is enabled.
2023-12-07 19:59:30,608 [.NET ThreadPool Worker] INFO  Calendar LogInfo - [ltHJzc9Vkuzt7ofGSYz3A.job] [CalendarFailoverJob] ended.
2023-12-07 20:14:30,610 [.NET ThreadPool Worker] INFO  Calendar LogInfo - [kKoHt5Fwf02VW9CL2qDTWg.job] [CalendarFailoverJob] started.
2023-12-07 20:14:30,613 [.NET ThreadPool Worker] INFO  Calendar LogInfo - [kKoHt5Fwf02VW9CL2qDTWg.job] [CalendarFailoverJob] 0 accounts received for enabling synchronization.
2023-12-07 20:14:30,613 [.NET ThreadPool Worker] INFO  Calendar LogInfo - [kKoHt5Fwf02VW9CL2qDTWg.job] [CalendarFailoverJob] Synchronization of 0 accounts is enabled.
2023-12-07 20:14:30,613 [.NET ThreadPool Worker] INFO  Calendar LogInfo - [kKoHt5Fwf02VW9CL2qDTWg.job] [CalendarFailoverJob] ended.
2023-12-07 20:29:30,610 [.NET ThreadPool Worker] INFO  Calendar LogInfo - [ZoF3n8Yg1kap0DkdnkZ6A.job] [CalendarFailoverJob] started.
2023-12-07 20:29:30,613 [.NET ThreadPool Worker] INFO  Calendar LogInfo - [ZoF3n8Yg1kap0DkdnkZ6A.job] [CalendarFailoverJob] 0 accounts received for enabling synchronization.
2023-12-07 20:29:30,613 [.NET ThreadPool Worker] INFO  Calendar LogInfo - [ZoF3n8Yg1kap0DkdnkZ6A.job] [CalendarFailoverJob] Synchronization of 0 accounts is enabled.
2023-12-07 20:29:30,613 [.NET ThreadPool Worker] INFO  Calendar LogInfo - [ZoF3n8Yg1kap0DkdnkZ6A.job] [CalendarFailoverJob] ended.
2023-12-07 20:44:30,608 [.NET ThreadPool Worker] INFO  Calendar LogInfo - [1ixAsURAN0CnixFhr0rMyA.job] [CalendarFailoverJob] started.
2023-12-07 20:44:30,608 [.NET ThreadPool Worker] INFO  Calendar LogInfo - [1ixAsURAN0CnixFhr0rMyA.job] [CalendarFailoverJob] 0 accounts received for enabling synchronization.
2023-12-07 20:44:30,608 [.NET ThreadPool Worker] INFO  Calendar LogInfo - [1ixAsURAN0CnixFhr0rMyA.job] [CalendarFailoverJob] Synchronization of 0 accounts is enabled.
2023-12-07 20:44:30,608 [.NET ThreadPool Worker] INFO  Calendar LogInfo - [1ixAsURAN0CnixFhr0rMyA.job] [CalendarFailoverJob] ended.
