2023-12-21 11:39:13,001 [.NET ThreadPool Worker] WARN Supervisor <GetModelsGroupedByEntityName>b__1_0 - PredictedResultColumnName is empty for model 74ce4daa-aa40-411d-8152-1b16cc2e8c2b
Metadata: {
}
Entity schemaUid: a5657e6b-342d-4104-8ab8-aab37ef29860

2023-12-21 11:39:13,001 [.NET ThreadPool Worker] WARN Supervisor <GetModelsGroupedByEntityName>b__1_0 - PredictedResultColumnName is empty for model 8f57ed14-2c8a-47c8-a990-104698359451
Metadata: {
}
Entity schemaUid: a5657e6b-342d-4104-8ab8-aab37ef29860

2023-12-21 11:39:13,001 [.NET ThreadPool Worker] WARN Supervisor <GetModelsGroupedByEntityName>b__1_0 - PredictedResultColumnName is empty for model 6f8c5159-e07b-485d-bfa2-37dbf4f0a2d3
Metadata: {
}
Entity schemaUid: 117d32f9-8275-4534-8411-1c66115ce9cd

2023-12-21 11:39:13,001 [.NET ThreadPool Worker] WARN Supervisor <GetModelsGroupedByEntityName>b__1_0 - PredictedResultColumnName is empty for model b624f2fd-81e1-4e8d-890b-5184994d1154
Metadata: {
}
Entity schemaUid: 56143364-4580-4561-8814-8612fad2e5c0

2023-12-21 11:39:55,527 [.NET ThreadPool Worker] INFO  Execute - Start to process (training, state sync) ML models
2023-12-21 11:39:55,531 [.NET ThreadPool Worker] DEBUG  ProcessAllModels - There are no ML problem types with set ServiceUrl
2023-12-21 11:39:55,531 [.NET ThreadPool Worker] INFO  Execute - ML model batch prediction job started
2023-12-21 11:39:55,531 [.NET ThreadPool Worker] DEBUG  ProcessAllModels - There are no ML problem types with set ServiceUrl
2023-12-21 11:54:55,538 [.NET ThreadPool Worker] INFO  Execute - Start to process (training, state sync) ML models
2023-12-21 11:54:55,539 [.NET ThreadPool Worker] DEBUG  ProcessAllModels - There are no ML problem types with set ServiceUrl
2023-12-21 12:09:55,547 [.NET ThreadPool Worker] INFO  Execute - Start to process (training, state sync) ML models
2023-12-21 12:09:55,547 [.NET ThreadPool Worker] DEBUG  ProcessAllModels - There are no ML problem types with set ServiceUrl
2023-12-21 12:24:55,564 [.NET ThreadPool Worker] INFO  Execute - Start to process (training, state sync) ML models
2023-12-21 12:24:55,564 [.NET ThreadPool Worker] DEBUG  ProcessAllModels - There are no ML problem types with set ServiceUrl
2023-12-21 12:39:55,551 [.NET ThreadPool Worker] INFO  Execute - ML model batch prediction job started
2023-12-21 12:39:55,560 [.NET ThreadPool Worker] DEBUG  ProcessAllModels - There are no ML problem types with set ServiceUrl
2023-12-21 12:39:55,571 [.NET ThreadPool Worker] INFO  Execute - Start to process (training, state sync) ML models
2023-12-21 12:39:55,571 [.NET ThreadPool Worker] DEBUG  ProcessAllModels - There are no ML problem types with set ServiceUrl
2023-12-21 12:54:55,577 [.NET ThreadPool Worker] INFO  Execute - Start to process (training, state sync) ML models
2023-12-21 12:54:55,577 [.NET ThreadPool Worker] DEBUG  ProcessAllModels - There are no ML problem types with set ServiceUrl
2023-12-21 13:09:59,199 [.NET ThreadPool Worker] INFO  Execute - Start to process (training, state sync) ML models
2023-12-21 13:09:59,209 [.NET ThreadPool Worker] DEBUG  ProcessAllModels - There are no ML problem types with set ServiceUrl
2023-12-21 13:15:57,321 [.NET ThreadPool Worker] INFO  Execute - Start to process (training, state sync) ML models
2023-12-21 13:15:57,324 [.NET ThreadPool Worker] INFO  Execute - ML model batch prediction job started
2023-12-21 13:15:57,331 [.NET ThreadPool Worker] DEBUG  CheckIsServiceUrlSet - There are no ML problem types with set ServiceUrl
2023-12-21 13:15:57,331 [.NET ThreadPool Worker] DEBUG  CheckIsServiceUrlSet - There are no ML problem types with set ServiceUrl
2023-12-21 13:30:57,345 [.NET ThreadPool Worker] INFO  Execute - Start to process (training, state sync) ML models
2023-12-21 13:30:57,345 [.NET ThreadPool Worker] DEBUG  ProcessAllModels - There are no ML problem types with set ServiceUrl
2023-12-21 13:45:57,363 [.NET ThreadPool Worker] INFO  Execute - Start to process (training, state sync) ML models
2023-12-21 13:45:57,363 [.NET ThreadPool Worker] DEBUG  ProcessAllModels - There are no ML problem types with set ServiceUrl
2023-12-21 14:00:57,381 [.NET ThreadPool Worker] INFO  Execute - Start to process (training, state sync) ML models
2023-12-21 14:00:57,383 [.NET ThreadPool Worker] DEBUG  ProcessAllModels - There are no ML problem types with set ServiceUrl
2023-12-21 14:15:57,347 [.NET ThreadPool Worker] INFO  Execute - ML model batch prediction job started
2023-12-21 14:15:57,347 [.NET ThreadPool Worker] DEBUG  ProcessAllModels - There are no ML problem types with set ServiceUrl
2023-12-21 14:15:57,393 [.NET ThreadPool Worker] INFO  Execute - Start to process (training, state sync) ML models
2023-12-21 14:15:57,395 [.NET ThreadPool Worker] DEBUG  ProcessAllModels - There are no ML problem types with set ServiceUrl
2023-12-21 14:30:57,412 [.NET ThreadPool Worker] INFO  Execute - Start to process (training, state sync) ML models
2023-12-21 14:30:57,412 [.NET ThreadPool Worker] DEBUG  ProcessAllModels - There are no ML problem types with set ServiceUrl
2023-12-21 14:45:57,431 [.NET ThreadPool Worker] INFO  Execute - Start to process (training, state sync) ML models
2023-12-21 14:45:57,431 [.NET ThreadPool Worker] DEBUG  ProcessAllModels - There are no ML problem types with set ServiceUrl
2023-12-21 15:00:57,449 [.NET ThreadPool Worker] INFO  Execute - Start to process (training, state sync) ML models
2023-12-21 15:00:57,452 [.NET ThreadPool Worker] DEBUG  ProcessAllModels - There are no ML problem types with set ServiceUrl
2023-12-21 15:09:57,813 [.NET ThreadPool Worker] WARN Supervisor <GetModelsGroupedByEntityName>b__1_0 - PredictedResultColumnName is empty for model 74ce4daa-aa40-411d-8152-1b16cc2e8c2b
Metadata: {
}
Entity schemaUid: a5657e6b-342d-4104-8ab8-aab37ef29860

2023-12-21 15:09:57,813 [.NET ThreadPool Worker] WARN Supervisor <GetModelsGroupedByEntityName>b__1_0 - PredictedResultColumnName is empty for model 8f57ed14-2c8a-47c8-a990-104698359451
Metadata: {
}
Entity schemaUid: a5657e6b-342d-4104-8ab8-aab37ef29860

2023-12-21 15:09:57,813 [.NET ThreadPool Worker] WARN Supervisor <GetModelsGroupedByEntityName>b__1_0 - PredictedResultColumnName is empty for model 6f8c5159-e07b-485d-bfa2-37dbf4f0a2d3
Metadata: {
}
Entity schemaUid: 117d32f9-8275-4534-8411-1c66115ce9cd

2023-12-21 15:09:57,813 [.NET ThreadPool Worker] WARN Supervisor <GetModelsGroupedByEntityName>b__1_0 - PredictedResultColumnName is empty for model b624f2fd-81e1-4e8d-890b-5184994d1154
Metadata: {
}
Entity schemaUid: 56143364-4580-4561-8814-8612fad2e5c0

2023-12-21 15:15:57,367 [.NET ThreadPool Worker] INFO  Execute - ML model batch prediction job started
2023-12-21 15:15:57,370 [.NET ThreadPool Worker] DEBUG  ProcessAllModels - There are no ML problem types with set ServiceUrl
2023-12-21 15:15:57,469 [.NET ThreadPool Worker] INFO  Execute - Start to process (training, state sync) ML models
2023-12-21 15:15:57,472 [.NET ThreadPool Worker] DEBUG  ProcessAllModels - There are no ML problem types with set ServiceUrl
2023-12-21 15:30:57,488 [.NET ThreadPool Worker] INFO  Execute - Start to process (training, state sync) ML models
2023-12-21 15:30:57,488 [.NET ThreadPool Worker] DEBUG  ProcessAllModels - There are no ML problem types with set ServiceUrl
2023-12-21 15:45:57,505 [.NET ThreadPool Worker] INFO  Execute - Start to process (training, state sync) ML models
2023-12-21 15:45:57,507 [.NET ThreadPool Worker] DEBUG  ProcessAllModels - There are no ML problem types with set ServiceUrl
2023-12-21 16:00:57,523 [.NET ThreadPool Worker] INFO  Execute - Start to process (training, state sync) ML models
2023-12-21 16:00:57,523 [.NET ThreadPool Worker] DEBUG  ProcessAllModels - There are no ML problem types with set ServiceUrl
2023-12-21 16:15:57,387 [.NET ThreadPool Worker] INFO  Execute - ML model batch prediction job started
2023-12-21 16:15:57,392 [.NET ThreadPool Worker] DEBUG  ProcessAllModels - There are no ML problem types with set ServiceUrl
2023-12-21 16:15:57,542 [.NET ThreadPool Worker] INFO  Execute - Start to process (training, state sync) ML models
2023-12-21 16:15:57,544 [.NET ThreadPool Worker] DEBUG  ProcessAllModels - There are no ML problem types with set ServiceUrl
2023-12-21 16:30:57,560 [.NET ThreadPool Worker] INFO  Execute - Start to process (training, state sync) ML models
2023-12-21 16:30:57,560 [.NET ThreadPool Worker] DEBUG  ProcessAllModels - There are no ML problem types with set ServiceUrl
2023-12-21 16:45:57,568 [.NET ThreadPool Worker] INFO  Execute - Start to process (training, state sync) ML models
2023-12-21 16:45:57,568 [.NET ThreadPool Worker] DEBUG  ProcessAllModels - There are no ML problem types with set ServiceUrl
2023-12-21 17:00:57,575 [.NET ThreadPool Worker] INFO  Execute - Start to process (training, state sync) ML models
2023-12-21 17:00:57,575 [.NET ThreadPool Worker] DEBUG  ProcessAllModels - There are no ML problem types with set ServiceUrl
2023-12-21 17:15:57,399 [.NET ThreadPool Worker] INFO  Execute - ML model batch prediction job started
2023-12-21 17:15:57,399 [.NET ThreadPool Worker] DEBUG  ProcessAllModels - There are no ML problem types with set ServiceUrl
2023-12-21 17:15:57,580 [.NET ThreadPool Worker] INFO  Execute - Start to process (training, state sync) ML models
2023-12-21 17:15:57,580 [.NET ThreadPool Worker] DEBUG  ProcessAllModels - There are no ML problem types with set ServiceUrl
2023-12-21 17:30:57,587 [.NET ThreadPool Worker] INFO  Execute - Start to process (training, state sync) ML models
2023-12-21 17:30:57,587 [.NET ThreadPool Worker] DEBUG  ProcessAllModels - There are no ML problem types with set ServiceUrl
2023-12-21 17:45:57,592 [.NET ThreadPool Worker] INFO  Execute - Start to process (training, state sync) ML models
2023-12-21 17:45:57,592 [.NET ThreadPool Worker] DEBUG  ProcessAllModels - There are no ML problem types with set ServiceUrl
2023-12-21 18:00:57,599 [.NET ThreadPool Worker] INFO  Execute - Start to process (training, state sync) ML models
2023-12-21 18:00:57,599 [.NET ThreadPool Worker] DEBUG  ProcessAllModels - There are no ML problem types with set ServiceUrl
2023-12-21 18:15:57,416 [.NET ThreadPool Worker] INFO  Execute - ML model batch prediction job started
2023-12-21 18:15:57,419 [.NET ThreadPool Worker] DEBUG  ProcessAllModels - There are no ML problem types with set ServiceUrl
2023-12-21 18:15:57,616 [.NET ThreadPool Worker] INFO  Execute - Start to process (training, state sync) ML models
2023-12-21 18:15:57,616 [.NET ThreadPool Worker] DEBUG  ProcessAllModels - There are no ML problem types with set ServiceUrl
2023-12-21 18:30:57,624 [.NET ThreadPool Worker] INFO  Execute - Start to process (training, state sync) ML models
2023-12-21 18:30:57,624 [.NET ThreadPool Worker] DEBUG  ProcessAllModels - There are no ML problem types with set ServiceUrl
