2023-12-08 18:29:31,045 [.NET ThreadPool Worker] WARN Supervisor <GetModelsGroupedByEntityName>b__1_0 - PredictedResultColumnName is empty for model 74ce4daa-aa40-411d-8152-1b16cc2e8c2b
Metadata: {
}
Entity schemaUid: a5657e6b-342d-4104-8ab8-aab37ef29860

2023-12-08 18:29:31,048 [.NET ThreadPool Worker] WARN Supervisor <GetModelsGroupedByEntityName>b__1_0 - PredictedResultColumnName is empty for model 8f57ed14-2c8a-47c8-a990-104698359451
Metadata: {
}
Entity schemaUid: a5657e6b-342d-4104-8ab8-aab37ef29860

2023-12-08 18:29:31,048 [.NET ThreadPool Worker] WARN Supervisor <GetModelsGroupedByEntityName>b__1_0 - PredictedResultColumnName is empty for model 6f8c5159-e07b-485d-bfa2-37dbf4f0a2d3
Metadata: {
}
Entity schemaUid: 117d32f9-8275-4534-8411-1c66115ce9cd

2023-12-08 18:29:31,048 [.NET ThreadPool Worker] WARN Supervisor <GetModelsGroupedByEntityName>b__1_0 - PredictedResultColumnName is empty for model b624f2fd-81e1-4e8d-890b-5184994d1154
Metadata: {
}
Entity schemaUid: 56143364-4580-4561-8814-8612fad2e5c0

2023-12-08 18:31:11,469 [.NET ThreadPool Worker] INFO  Execute - Start to process (training, state sync) ML models
2023-12-08 18:31:11,471 [.NET ThreadPool Worker] INFO  Execute - ML model batch prediction job started
2023-12-08 18:31:11,474 [.NET ThreadPool Worker] DEBUG  ProcessAllModels - There are no ML problem types with set ServiceUrl
2023-12-08 18:31:11,474 [.NET ThreadPool Worker] DEBUG  ProcessAllModels - There are no ML problem types with set ServiceUrl
2023-12-08 18:46:11,480 [.NET ThreadPool Worker] INFO  Execute - Start to process (training, state sync) ML models
2023-12-08 18:46:11,482 [.NET ThreadPool Worker] DEBUG  ProcessAllModels - There are no ML problem types with set ServiceUrl
2023-12-08 19:01:11,498 [.NET ThreadPool Worker] INFO  Execute - Start to process (training, state sync) ML models
2023-12-08 19:01:11,501 [.NET ThreadPool Worker] DEBUG  ProcessAllModels - There are no ML problem types with set ServiceUrl
2023-12-08 19:16:11,518 [.NET ThreadPool Worker] INFO  Execute - Start to process (training, state sync) ML models
2023-12-08 19:16:11,518 [.NET ThreadPool Worker] DEBUG  ProcessAllModels - There are no ML problem types with set ServiceUrl
2023-12-08 19:31:11,495 [.NET ThreadPool Worker] INFO  Execute - ML model batch prediction job started
2023-12-08 19:31:11,495 [.NET ThreadPool Worker] DEBUG  ProcessAllModels - There are no ML problem types with set ServiceUrl
2023-12-08 19:31:11,537 [.NET ThreadPool Worker] INFO  Execute - Start to process (training, state sync) ML models
2023-12-08 19:31:11,537 [.NET ThreadPool Worker] DEBUG  ProcessAllModels - There are no ML problem types with set ServiceUrl
2023-12-08 19:46:11,555 [.NET ThreadPool Worker] INFO  Execute - Start to process (training, state sync) ML models
2023-12-08 19:46:11,558 [.NET ThreadPool Worker] DEBUG  ProcessAllModels - There are no ML problem types with set ServiceUrl
2023-12-08 20:01:11,574 [.NET ThreadPool Worker] INFO  Execute - Start to process (training, state sync) ML models
2023-12-08 20:01:11,574 [.NET ThreadPool Worker] DEBUG  ProcessAllModels - There are no ML problem types with set ServiceUrl
2023-12-08 20:16:11,594 [.NET ThreadPool Worker] INFO  Execute - Start to process (training, state sync) ML models
2023-12-08 20:16:11,594 [.NET ThreadPool Worker] DEBUG  ProcessAllModels - There are no ML problem types with set ServiceUrl
2023-12-08 20:31:11,515 [.NET ThreadPool Worker] INFO  Execute - ML model batch prediction job started
2023-12-08 20:31:11,515 [.NET ThreadPool Worker] DEBUG  ProcessAllModels - There are no ML problem types with set ServiceUrl
2023-12-08 20:31:11,611 [.NET ThreadPool Worker] INFO  Execute - Start to process (training, state sync) ML models
2023-12-08 20:31:11,611 [.NET ThreadPool Worker] DEBUG  ProcessAllModels - There are no ML problem types with set ServiceUrl
2023-12-08 20:46:11,629 [.NET ThreadPool Worker] INFO  Execute - Start to process (training, state sync) ML models
2023-12-08 20:46:11,630 [.NET ThreadPool Worker] DEBUG  ProcessAllModels - There are no ML problem types with set ServiceUrl
2023-12-08 21:01:11,635 [.NET ThreadPool Worker] INFO  Execute - Start to process (training, state sync) ML models
2023-12-08 21:01:11,635 [.NET ThreadPool Worker] DEBUG  ProcessAllModels - There are no ML problem types with set ServiceUrl
