2023-11-03 18:20:04,953 [.NET ThreadPool Worker] INFO Supervisor ConfigurationBuild .ctor - Operation [BuildAll] started
2023-11-03 18:20:40,761 [.NET ThreadPool Worker] INFO Supervisor ConfigurationBuild LogGenerationResult - Schema count: 0
2023-11-03 18:20:40,789 [.NET ThreadPool Worker] INFO Supervisor ConfigurationBuild .ctor - Operation [GenerateFileContentDescriptors] started
2023-11-03 18:21:07,717 [.NET ThreadPool Worker] INFO Supervisor ConfigurationBuild Stop - Operation [GenerateFileContentDescriptors] took 26 s 632 ms
2023-11-03 18:21:07,823 [.NET ThreadPool Worker] INFO Supervisor ConfigurationBuild .ctor - Operation [GenerateFileContentBootstraps] started
2023-11-03 18:21:15,032 [.NET ThreadPool Worker] INFO Supervisor ConfigurationBuild Stop - Operation [GenerateFileContentBootstraps] took 7 s 171 ms
2023-11-03 18:21:16,477 [.NET ThreadPool Worker] INFO Supervisor ConfigurationBuild Stop - Operation [BuildAll] took 71 s 508 ms
2023-11-03 18:24:19,851 [.NET ThreadPool Worker] INFO Supervisor ConfigurationBuild .ctor - Operation [BuildChanged] started
2023-11-03 18:24:20,984 [.NET ThreadPool Worker] INFO Supervisor ConfigurationBuild LogGenerationResult - Schema count: 0
2023-11-03 18:24:20,996 [.NET ThreadPool Worker] INFO Supervisor ConfigurationBuild .ctor - Operation [GenerateFileContentDescriptors] started
2023-11-03 18:24:21,619 [.NET ThreadPool Worker] INFO Supervisor ConfigurationBuild Stop - Operation [GenerateFileContentDescriptors] took 0 s 622 ms
2023-11-03 18:24:21,619 [.NET ThreadPool Worker] INFO Supervisor ConfigurationBuild .ctor - Operation [GenerateFileContentBootstraps] started
2023-11-03 18:24:21,631 [.NET ThreadPool Worker] INFO Supervisor ConfigurationBuild Stop - Operation [GenerateFileContentBootstraps] took 0 s 12 ms
2023-11-03 18:24:21,631 [.NET ThreadPool Worker] INFO Supervisor ConfigurationBuild Stop - Operation [BuildChanged] took 1 s 782 ms
2023-11-03 18:55:32,823 [.NET ThreadPool Worker] INFO Supervisor ConfigurationBuild .ctor - Operation [BuildAll] started
2023-11-03 18:56:01,006 [.NET ThreadPool Worker] INFO Supervisor ConfigurationBuild LogGenerationResult - Schema count: 0
2023-11-03 18:56:01,006 [.NET ThreadPool Worker] INFO Supervisor ConfigurationBuild .ctor - Operation [GenerateFileContentDescriptors] started
2023-11-03 18:56:01,473 [.NET ThreadPool Worker] INFO Supervisor ConfigurationBuild Stop - Operation [GenerateFileContentDescriptors] took 0 s 466 ms
2023-11-03 18:56:01,473 [.NET ThreadPool Worker] INFO Supervisor ConfigurationBuild .ctor - Operation [GenerateFileContentBootstraps] started
2023-11-03 18:56:01,482 [.NET ThreadPool Worker] INFO Supervisor ConfigurationBuild Stop - Operation [GenerateFileContentBootstraps] took 0 s 7 ms
2023-11-03 18:56:01,482 [.NET ThreadPool Worker] INFO Supervisor ConfigurationBuild Stop - Operation [BuildAll] took 28 s 658 ms
2023-11-03 19:01:17,078 [.NET ThreadPool Worker] INFO Supervisor ConfigurationBuild .ctor - Operation [BuildChanged] started
2023-11-03 19:01:18,257 [.NET ThreadPool Worker] INFO Supervisor ConfigurationBuild LogGenerationResult - Schema count: 0
2023-11-03 19:01:18,257 [.NET ThreadPool Worker] INFO Supervisor ConfigurationBuild .ctor - Operation [GenerateFileContentDescriptors] started
2023-11-03 19:01:18,814 [.NET ThreadPool Worker] INFO Supervisor ConfigurationBuild Stop - Operation [GenerateFileContentDescriptors] took 0 s 556 ms
2023-11-03 19:01:18,814 [.NET ThreadPool Worker] INFO Supervisor ConfigurationBuild .ctor - Operation [GenerateFileContentBootstraps] started
2023-11-03 19:01:18,814 [.NET ThreadPool Worker] INFO Supervisor ConfigurationBuild Stop - Operation [GenerateFileContentBootstraps] took 0 s 1 ms
2023-11-03 19:01:18,814 [.NET ThreadPool Worker] INFO Supervisor ConfigurationBuild Stop - Operation [BuildChanged] took 1 s 739 ms
2023-11-03 19:23:41,498 [.NET ThreadPool Worker] INFO Supervisor ConfigurationBuild .ctor - Operation [BuildChanged] started
2023-11-03 19:23:42,365 [.NET ThreadPool Worker] INFO Supervisor ConfigurationBuild LogGenerationResult - Schema count: 0
2023-11-03 19:23:42,365 [.NET ThreadPool Worker] INFO Supervisor ConfigurationBuild .ctor - Operation [GenerateFileContentDescriptors] started
2023-11-03 19:23:42,921 [.NET ThreadPool Worker] INFO Supervisor ConfigurationBuild Stop - Operation [GenerateFileContentDescriptors] took 0 s 556 ms
2023-11-03 19:23:42,921 [.NET ThreadPool Worker] INFO Supervisor ConfigurationBuild .ctor - Operation [GenerateFileContentBootstraps] started
2023-11-03 19:23:42,925 [.NET ThreadPool Worker] INFO Supervisor ConfigurationBuild Stop - Operation [GenerateFileContentBootstraps] took 0 s 4 ms
2023-11-03 19:23:42,925 [.NET ThreadPool Worker] INFO Supervisor ConfigurationBuild Stop - Operation [BuildChanged] took 1 s 427 ms
2023-11-03 19:29:47,058 [.NET ThreadPool Worker] INFO Supervisor ConfigurationBuild .ctor - Operation [BuildChanged] started
2023-11-03 19:29:48,057 [.NET ThreadPool Worker] INFO Supervisor ConfigurationBuild LogGenerationResult - Schema count: 0
2023-11-03 19:29:48,057 [.NET ThreadPool Worker] INFO Supervisor ConfigurationBuild .ctor - Operation [GenerateFileContentDescriptors] started
2023-11-03 19:29:48,634 [.NET ThreadPool Worker] INFO Supervisor ConfigurationBuild Stop - Operation [GenerateFileContentDescriptors] took 0 s 579 ms
2023-11-03 19:29:48,634 [.NET ThreadPool Worker] INFO Supervisor ConfigurationBuild .ctor - Operation [GenerateFileContentBootstraps] started
2023-11-03 19:29:48,638 [.NET ThreadPool Worker] INFO Supervisor ConfigurationBuild Stop - Operation [GenerateFileContentBootstraps] took 0 s 1 ms
2023-11-03 19:29:48,660 [.NET ThreadPool Worker] INFO Supervisor ConfigurationBuild Stop - Operation [BuildChanged] took 1 s 600 ms
2023-11-03 19:31:27,356 [.NET ThreadPool Worker] INFO Supervisor ConfigurationBuild .ctor - Operation [BuildChanged] started
2023-11-03 19:31:28,396 [.NET ThreadPool Worker] INFO Supervisor ConfigurationBuild LogGenerationResult - Schema count: 0
2023-11-03 19:31:28,398 [.NET ThreadPool Worker] INFO Supervisor ConfigurationBuild .ctor - Operation [GenerateFileContentDescriptors] started
2023-11-03 19:31:28,938 [.NET ThreadPool Worker] INFO Supervisor ConfigurationBuild Stop - Operation [GenerateFileContentDescriptors] took 0 s 539 ms
2023-11-03 19:31:28,938 [.NET ThreadPool Worker] INFO Supervisor ConfigurationBuild .ctor - Operation [GenerateFileContentBootstraps] started
2023-11-03 19:31:28,948 [.NET ThreadPool Worker] INFO Supervisor ConfigurationBuild Stop - Operation [GenerateFileContentBootstraps] took 0 s 9 ms
2023-11-03 19:31:28,950 [.NET ThreadPool Worker] INFO Supervisor ConfigurationBuild Stop - Operation [BuildChanged] took 1 s 593 ms
2023-11-03 19:35:23,057 [.NET ThreadPool Worker] INFO Supervisor ConfigurationBuild .ctor - Operation [BuildChanged] started
2023-11-03 19:35:23,898 [.NET ThreadPool Worker] INFO Supervisor ConfigurationBuild LogGenerationResult - Schema count: 0
2023-11-03 19:35:23,898 [.NET ThreadPool Worker] INFO Supervisor ConfigurationBuild .ctor - Operation [GenerateFileContentDescriptors] started
2023-11-03 19:35:24,318 [.NET ThreadPool Worker] INFO Supervisor ConfigurationBuild Stop - Operation [GenerateFileContentDescriptors] took 0 s 419 ms
2023-11-03 19:35:24,318 [.NET ThreadPool Worker] INFO Supervisor ConfigurationBuild .ctor - Operation [GenerateFileContentBootstraps] started
2023-11-03 19:35:24,318 [.NET ThreadPool Worker] INFO Supervisor ConfigurationBuild Stop - Operation [GenerateFileContentBootstraps] took 0 s 1 ms
2023-11-03 19:35:24,318 [.NET ThreadPool Worker] INFO Supervisor ConfigurationBuild Stop - Operation [BuildChanged] took 1 s 263 ms
2023-11-03 19:36:29,190 [.NET ThreadPool Worker] INFO Supervisor ConfigurationBuild .ctor - Operation [BuildChanged] started
2023-11-03 19:36:30,043 [.NET ThreadPool Worker] INFO Supervisor ConfigurationBuild LogGenerationResult - Schema count: 0
2023-11-03 19:36:30,043 [.NET ThreadPool Worker] INFO Supervisor ConfigurationBuild .ctor - Operation [GenerateFileContentDescriptors] started
2023-11-03 19:36:30,494 [.NET ThreadPool Worker] INFO Supervisor ConfigurationBuild Stop - Operation [GenerateFileContentDescriptors] took 0 s 452 ms
2023-11-03 19:36:30,494 [.NET ThreadPool Worker] INFO Supervisor ConfigurationBuild .ctor - Operation [GenerateFileContentBootstraps] started
2023-11-03 19:36:30,497 [.NET ThreadPool Worker] INFO Supervisor ConfigurationBuild Stop - Operation [GenerateFileContentBootstraps] took 0 s 1 ms
2023-11-03 19:36:30,497 [.NET ThreadPool Worker] INFO Supervisor ConfigurationBuild Stop - Operation [BuildChanged] took 1 s 307 ms
