2023-11-03 16:37:56,271 --> PackageDBStorage.Load
2023-11-03 16:37:58,100 <-- PackageDBStorage.Load
2023-11-03 16:54:30,667 --> PackageStorageComposer.Compose
2023-11-03 16:54:30,667 --> PackageZipFileStorage.Load
2023-11-03 16:54:30,667 --> PackageZipFileStorage.UnZipPackages
2023-11-03 16:54:30,667 <-- PackageZipFileStorage.UnZipPackages
2023-11-03 16:54:30,667 --> PackageZipFileStorage.LoadSchemaProperties
2023-11-03 16:54:30,667 <-- PackageZipFileStorage.LoadSchemaProperties
2023-11-03 16:54:30,667 <-- PackageZipFileStorage.Load
2023-11-03 18:07:45,800 --> PackageDBStorage.Load
2023-11-03 18:07:54,555 <-- PackageDBStorage.Load
2023-11-03 18:08:15,075 --> PackageDBStorage.Load
2023-11-03 18:08:20,976 <-- PackageDBStorage.Load
2023-11-03 18:16:50,734 --> PackageDBStorage.Load
2023-11-03 18:16:52,383 <-- PackageDBStorage.Load
2023-11-03 18:19:39,260 --> PackageDBStorage.Load
2023-11-03 18:19:49,356 <-- PackageDBStorage.Load
2023-11-03 18:19:49,883 --> PackageDBStorage.Load
2023-11-03 18:19:56,582 <-- PackageDBStorage.Load
2023-11-03 18:22:53,473 --> PackageDBStorage.Load
2023-11-03 18:22:55,223 <-- PackageDBStorage.Load
2023-11-03 18:24:02,630 --> PackageDBStorage.Load
2023-11-03 18:24:08,870 <-- PackageDBStorage.Load
2023-11-03 18:24:08,981 --> PackageDBStorage.Load
2023-11-03 18:24:13,631 <-- PackageDBStorage.Load
2023-11-03 18:54:22,156 --> PackageDBStorage.Load
2023-11-03 18:54:22,702 <-- PackageDBStorage.Load
2023-11-03 18:55:13,834 --> PackageDBStorage.Load
2023-11-03 18:55:18,538 <-- PackageDBStorage.Load
2023-11-03 18:55:18,639 --> PackageDBStorage.Load
2023-11-03 18:55:23,079 <-- PackageDBStorage.Load
2023-11-03 19:01:01,570 --> PackageDBStorage.Load
2023-11-03 19:01:06,371 <-- PackageDBStorage.Load
2023-11-03 19:01:06,459 --> PackageDBStorage.Load
2023-11-03 19:01:11,257 <-- PackageDBStorage.Load
2023-11-03 19:10:46,316 --> PackageStorageComposer.Compose
2023-11-03 19:10:46,316 --> PackageZipFileStorage.Load
2023-11-03 19:10:46,316 --> PackageZipFileStorage.UnZipPackages
2023-11-03 19:10:46,316 <-- PackageZipFileStorage.UnZipPackages
2023-11-03 19:10:46,318 --> PackageZipFileStorage.LoadSchemaProperties
2023-11-03 19:10:46,318 <-- PackageZipFileStorage.LoadSchemaProperties
2023-11-03 19:10:46,318 <-- PackageZipFileStorage.Load
2023-11-03 19:11:33,248 --> PackageDBStorage.Load
2023-11-03 19:11:33,284 <-- PackageDBStorage.Load
2023-11-03 19:23:24,574 --> PackageDBStorage.Load
2023-11-03 19:23:32,032 <-- PackageDBStorage.Load
2023-11-03 19:23:32,049 --> PackageDBStorage.Load
2023-11-03 19:23:36,338 <-- PackageDBStorage.Load
2023-11-03 19:25:11,303 --> PackageDBStorage.Load
2023-11-03 19:25:15,599 <-- PackageDBStorage.Load
2023-11-03 19:25:15,816 --> PackageDBStorage.SavePackage - GuidedDev
2023-11-03 19:25:15,831 <-- PackageDBStorage.SavePackage - GuidedDev
2023-11-03 19:25:16,806 InstallColumnLookupValues. Count (total): 0
2023-11-03 19:29:34,695 --> PackageDBStorage.Load
2023-11-03 19:29:39,723 <-- PackageDBStorage.Load
2023-11-03 19:29:39,812 --> PackageDBStorage.Load
2023-11-03 19:29:44,398 <-- PackageDBStorage.Load
2023-11-03 19:30:54,518 --> PackageDBStorage.Load
2023-11-03 19:30:55,105 <-- PackageDBStorage.Load
2023-11-03 19:31:15,902 --> PackageDBStorage.Load
2023-11-03 19:31:20,636 <-- PackageDBStorage.Load
2023-11-03 19:31:20,722 --> PackageDBStorage.Load
2023-11-03 19:31:24,785 <-- PackageDBStorage.Load
2023-11-03 19:35:01,494 --> PackageInstallUtilities.LoadPackagesToDB
2023-11-03 19:35:01,494 --> PackageFileDesignModeStorage.Load
2023-11-03 19:35:01,528 <-- PackageFileDesignModeStorage.Load
2023-11-03 19:35:01,528 --> PackageFileDesignModeDBStorage.Load
2023-11-03 19:35:05,944 <-- PackageFileDesignModeDBStorage.Load
2023-11-03 19:35:05,951 --> PackageStorageComposer.Compose
2023-11-03 19:35:05,951 --> PackageStorageComposer.SpecifySourceStorageChanges
2023-11-03 19:35:05,958 <-- PackageStorageComposer.SpecifySourceStorageChanges
2023-11-03 19:35:05,968 --> PackageFileDesignModeDBStorage.ActualizePackageResourcesState
2023-11-03 19:35:05,977 <-- PackageFileDesignModeDBStorage.ActualizePackageResourcesState
2023-11-03 19:35:05,977 <-- PackageStorageComposer.Compose
2023-11-03 19:35:05,977 --> PackageFileDesignModeDBStorage.Save: Packages [1] Schemas [20] ReferenceAssemblies [0] SqlScripts [0] PackageData [12] SchemaResources [356] CoreResources [0]
2023-11-03 19:35:06,122 --> PackageFileDesignModeDBStorage.SavePackage - UsrRealtyFreedomUI
2023-11-03 19:35:06,155 --> PackageDBStorage.Load
2023-11-03 19:35:06,182 <-- PackageDBStorage.Load
2023-11-03 19:35:06,720 <-- PackageFileDesignModeDBStorage.SavePackage - UsrRealtyFreedomUI
2023-11-03 19:35:12,056 --> PackageDBStorage.Load
2023-11-03 19:35:16,206 <-- PackageDBStorage.Load
2023-11-03 19:35:16,211 --> PackageDBStorage.Load
2023-11-03 19:35:20,488 <-- PackageDBStorage.Load
2023-11-03 19:36:18,382 --> PackageDBStorage.Load
2023-11-03 19:36:22,641 <-- PackageDBStorage.Load
2023-11-03 19:36:22,641 --> PackageDBStorage.Load
2023-11-03 19:36:26,720 <-- PackageDBStorage.Load
2023-11-03 20:37:13,846 --> PackageDBStorage.Load
2023-11-03 20:37:14,815 <-- PackageDBStorage.Load
2023-11-03 20:44:36,719 --> PackageDBStorage.Load
2023-11-03 20:44:36,752 <-- PackageDBStorage.Load
