2023-11-07 11:21:53,206 [.NET ThreadPool Worker] ERROR Supervisor Microsoft.AspNetCore.Antiforgery.DefaultAntiforgery GetCookieTokenDoesNotThrow - An exception was thrown while deserializing the token.
Microsoft.AspNetCore.Antiforgery.AntiforgeryValidationException: The antiforgery token could not be decrypted.
 ---> System.Security.Cryptography.CryptographicException: The provided payload cannot be decrypted because it was not protected with this protection provider. For more information go to http://aka.ms/dataprotectionwarning
   at Microsoft.AspNetCore.DataProtection.KeyManagement.KeyRingBasedDataProtector.UnprotectCore(Byte[] protectedData, Boolean allowOperationsOnRevokedKeys, UnprotectStatus& status)
   at Microsoft.AspNetCore.DataProtection.KeyManagement.KeyRingBasedDataProtector.Unprotect(Byte[] protectedData)
   at Microsoft.AspNetCore.Antiforgery.DefaultAntiforgeryTokenSerializer.Deserialize(String serializedToken)
   --- End of inner exception stack trace ---
   at Microsoft.AspNetCore.Antiforgery.DefaultAntiforgeryTokenSerializer.Deserialize(String serializedToken)
   at Microsoft.AspNetCore.Antiforgery.DefaultAntiforgery.GetCookieTokenDoesNotThrow(HttpContext httpContext)
2023-11-07 14:38:35,516 [.NET ThreadPool Worker] ERROR  Microsoft.AspNetCore.Server.Kestrel MoveNext - Connection id "0HMUVAMEG25SS", Request id "0HMUVAMEG25SS:00000003": An unhandled exception was thrown by the application.
Terrasoft.Common.ArgumentNullOrEmptyException: Value for argument "userConnection" must be specified.
   at Terrasoft.Common.ValidateUtilities.CheckArgumentNull(Object source, String argumentName) in /opt/buildagent/work/ApplicationCoreLinux/TSBpm/Src/Lib/Terrasoft.Common/ValidateUtilities.cs:line 24
   at Terrasoft.Core.CoreClientUnitSchemaDecorator.DecorateSource(UserConnection userConnection, EntitySchema schema) in /opt/buildagent/work/ApplicationCoreLinux/TSBpm/Src/Lib/Terrasoft.Core/CoreClientUnitSchemaDecorator.cs:line 1239
   at Terrasoft.Core.CoreClientUnitSchemaDecorator.DecorateSource(EntitySchema schema) in /opt/buildagent/work/ApplicationCoreLinux/TSBpm/Src/Lib/Terrasoft.Core/CoreClientUnitSchemaDecorator.cs:line 1350
   at Terrasoft.WebHost.Middleware.ConfigurationClientResourceMiddleware.TryGetResource(String path, String& resource) in /opt/buildagent/work/ApplicationCoreLinux/TSBpm/Src/Lib/Terrasoft.WebHost/Middleware/ConfigurationClientResourceMiddleware.cs:line 63
   at Terrasoft.WebHost.Middleware.ConfigurationClientResourceMiddleware.Invoke(HttpContext httpContext) in /opt/buildagent/work/ApplicationCoreLinux/TSBpm/Src/Lib/Terrasoft.WebHost/Middleware/ConfigurationClientResourceMiddleware.cs:line 76
   at Microsoft.AspNetCore.Authorization.AuthorizationMiddleware.Invoke(HttpContext context)
   at Terrasoft.WebHost.Middleware.AcquireRequestStateMiddleware.Invoke(HttpContext httpContext) in /opt/buildagent/work/ApplicationCoreLinux/TSBpm/Src/Lib/Terrasoft.WebHost/Middleware/AcquireRequestStateMiddleware.cs:line 183
   at Microsoft.AspNetCore.Session.SessionMiddleware.Invoke(HttpContext context)
   at Microsoft.AspNetCore.Session.SessionMiddleware.Invoke(HttpContext context)
   at Terrasoft.Authentication.Middleware.OpenIdMiddleware.Invoke(HttpContext httpContext, IOpenIdAuthorizeInitiator openIdAuthorizeInitiator) in /opt/buildagent/work/ApplicationCoreLinux/TSBpm/Src/Lib/Terrasoft.Authentication/Middleware/OpenIdMiddleware.cs:line 42
   at Microsoft.AspNetCore.Authentication.AuthenticationMiddleware.Invoke(HttpContext context)
   at Terrasoft.WebHost.Middleware.CustomHeadersMiddleware.Invoke(HttpContext context) in /opt/buildagent/work/ApplicationCoreLinux/TSBpm/Src/Lib/Terrasoft.WebHost/Middleware/CustomHeadersMiddleware.cs:line 96
   at Terrasoft.WebHost.Middleware.FileUploadSecurityMiddleware.Invoke(HttpContext context) in /opt/buildagent/work/ApplicationCoreLinux/TSBpm/Src/Lib/Terrasoft.WebHost/Middleware/FileUploadSecurityMiddleware.cs:line 77
   at Terrasoft.WebHost.UserConnectionLifetimeMiddleware.Invoke(HttpContext context) in /opt/buildagent/work/ApplicationCoreLinux/TSBpm/Src/Lib/Terrasoft.WebHost/Middleware/UserConnectionLifetimeMiddleware.cs:line 46
   at Terrasoft.WebHost.Middleware.RequestResponseLoggingMiddleware.<>c__DisplayClass26_0.<<Invoke>b__0>d.MoveNext() in /opt/buildagent/work/ApplicationCoreLinux/TSBpm/Src/Lib/Terrasoft.WebHost/Middleware/RequestResponseLoggingMiddleware.cs:line 245
--- End of stack trace from previous location ---
   at Terrasoft.WebHost.Middleware.RequestResponseLoggingMiddleware.PrepareBodyStreamIf(Boolean condition, HttpContext context, Func`3 action) in /opt/buildagent/work/ApplicationCoreLinux/TSBpm/Src/Lib/Terrasoft.WebHost/Middleware/RequestResponseLoggingMiddleware.cs:line 214
   at Terrasoft.WebHost.Middleware.RequestResponseLoggingMiddleware.PrepareBodyStreamIf(Boolean condition, HttpContext context, Func`3 action) in /opt/buildagent/work/ApplicationCoreLinux/TSBpm/Src/Lib/Terrasoft.WebHost/Middleware/RequestResponseLoggingMiddleware.cs:line 214
   at Terrasoft.WebHost.Middleware.RequestResponseLoggingMiddleware.Invoke(HttpContext context) in /opt/buildagent/work/ApplicationCoreLinux/TSBpm/Src/Lib/Terrasoft.WebHost/Middleware/RequestResponseLoggingMiddleware.cs:line 246
   at Microsoft.AspNetCore.Server.Kestrel.Core.Internal.Http.HttpProtocol.ProcessRequests[TContext](IHttpApplication`1 application)
2023-11-07 14:38:35,516 [.NET ThreadPool Worker] ERROR  Microsoft.AspNetCore.Server.Kestrel MoveNext - Connection id "0HMUVAMEG25SP", Request id "0HMUVAMEG25SP:0000000D": An unhandled exception was thrown by the application.
Terrasoft.Common.ArgumentNullOrEmptyException: Value for argument "userConnection" must be specified.
   at Terrasoft.Common.ValidateUtilities.CheckArgumentNull(Object source, String argumentName) in /opt/buildagent/work/ApplicationCoreLinux/TSBpm/Src/Lib/Terrasoft.Common/ValidateUtilities.cs:line 24
   at Terrasoft.Core.CoreClientUnitSchemaDecorator.DecorateSource(UserConnection userConnection, EntitySchema schema) in /opt/buildagent/work/ApplicationCoreLinux/TSBpm/Src/Lib/Terrasoft.Core/CoreClientUnitSchemaDecorator.cs:line 1239
   at Terrasoft.Core.CoreClientUnitSchemaDecorator.DecorateSource(EntitySchema schema) in /opt/buildagent/work/ApplicationCoreLinux/TSBpm/Src/Lib/Terrasoft.Core/CoreClientUnitSchemaDecorator.cs:line 1350
   at Terrasoft.WebHost.Middleware.ConfigurationClientResourceMiddleware.TryGetResource(String path, String& resource) in /opt/buildagent/work/ApplicationCoreLinux/TSBpm/Src/Lib/Terrasoft.WebHost/Middleware/ConfigurationClientResourceMiddleware.cs:line 67
   at Terrasoft.WebHost.Middleware.ConfigurationClientResourceMiddleware.Invoke(HttpContext httpContext) in /opt/buildagent/work/ApplicationCoreLinux/TSBpm/Src/Lib/Terrasoft.WebHost/Middleware/ConfigurationClientResourceMiddleware.cs:line 87
   at Microsoft.AspNetCore.Authorization.AuthorizationMiddleware.Invoke(HttpContext context)
   at Terrasoft.WebHost.Middleware.AcquireRequestStateMiddleware.Invoke(HttpContext httpContext) in /opt/buildagent/work/ApplicationCoreLinux/TSBpm/Src/Lib/Terrasoft.WebHost/Middleware/AcquireRequestStateMiddleware.cs:line 183
   at Microsoft.AspNetCore.Session.SessionMiddleware.Invoke(HttpContext context)
   at Microsoft.AspNetCore.Session.SessionMiddleware.Invoke(HttpContext context)
   at Terrasoft.Authentication.Middleware.OpenIdMiddleware.Invoke(HttpContext httpContext, IOpenIdAuthorizeInitiator openIdAuthorizeInitiator) in /opt/buildagent/work/ApplicationCoreLinux/TSBpm/Src/Lib/Terrasoft.Authentication/Middleware/OpenIdMiddleware.cs:line 42
   at Microsoft.AspNetCore.Authentication.AuthenticationMiddleware.Invoke(HttpContext context)
   at Terrasoft.WebHost.Middleware.CustomHeadersMiddleware.Invoke(HttpContext context) in /opt/buildagent/work/ApplicationCoreLinux/TSBpm/Src/Lib/Terrasoft.WebHost/Middleware/CustomHeadersMiddleware.cs:line 96
   at Terrasoft.WebHost.Middleware.FileUploadSecurityMiddleware.Invoke(HttpContext context) in /opt/buildagent/work/ApplicationCoreLinux/TSBpm/Src/Lib/Terrasoft.WebHost/Middleware/FileUploadSecurityMiddleware.cs:line 77
   at Terrasoft.WebHost.UserConnectionLifetimeMiddleware.Invoke(HttpContext context) in /opt/buildagent/work/ApplicationCoreLinux/TSBpm/Src/Lib/Terrasoft.WebHost/Middleware/UserConnectionLifetimeMiddleware.cs:line 46
   at Terrasoft.WebHost.Middleware.RequestResponseLoggingMiddleware.<>c__DisplayClass26_0.<<Invoke>b__0>d.MoveNext() in /opt/buildagent/work/ApplicationCoreLinux/TSBpm/Src/Lib/Terrasoft.WebHost/Middleware/RequestResponseLoggingMiddleware.cs:line 245
--- End of stack trace from previous location ---
   at Terrasoft.WebHost.Middleware.RequestResponseLoggingMiddleware.PrepareBodyStreamIf(Boolean condition, HttpContext context, Func`3 action) in /opt/buildagent/work/ApplicationCoreLinux/TSBpm/Src/Lib/Terrasoft.WebHost/Middleware/RequestResponseLoggingMiddleware.cs:line 214
   at Terrasoft.WebHost.Middleware.RequestResponseLoggingMiddleware.PrepareBodyStreamIf(Boolean condition, HttpContext context, Func`3 action) in /opt/buildagent/work/ApplicationCoreLinux/TSBpm/Src/Lib/Terrasoft.WebHost/Middleware/RequestResponseLoggingMiddleware.cs:line 214
   at Terrasoft.WebHost.Middleware.RequestResponseLoggingMiddleware.Invoke(HttpContext context) in /opt/buildagent/work/ApplicationCoreLinux/TSBpm/Src/Lib/Terrasoft.WebHost/Middleware/RequestResponseLoggingMiddleware.cs:line 246
   at Microsoft.AspNetCore.Server.Kestrel.Core.Internal.Http.HttpProtocol.ProcessRequests[TContext](IHttpApplication`1 application)
