2023-11-21 15:15:04,573 ERROR  ProcessEngine RunProcessByStartTimerEvent - Could not run process by start timer event. The schema "StartProcessWebhookToEntity" is not enabled.
2023-11-21 15:15:08,066 INFO  Process IsDailyActualizationAllowedConditionalFlowExpressionExecute - Process: ContactAgeActualizationRunnerProcess, Source element: ExclusiveGateway2, Conditional flow: IsDailyActualizationAllowedConditionalFlow, Expression: ((Boolean)SysSettings.GetValue(UserConnection, "ActualizeAge")) && ((Boolean)SysSettings.GetValue(UserConnection, "RunAgeActualizationDaily")), Result: True
2023-11-21 15:15:08,083 INFO  Process ConditionalSequenceFlow1ExpressionExecute - Process: ContactActualizeAgeProcess, Source element: ExclusiveGateway1, Conditional flow: ConditionalSequenceFlow1, Expression: (IsNeedToNotifyUser), Result: False
2023-11-21 15:15:08,179 INFO  Process ConditionalSequenceFlow3ExpressionExecute - Process: ContactActualizeAgeProcess, Source element: ExclusiveGateway2, Conditional flow: ConditionalSequenceFlow3, Expression: (IsNeedToNotifyUser), Result: False
2023-11-21 15:16:00,010 ERROR  ProcessEngine RunProcessByStartTimerEvent - Could not run process by start timer event. The schema "StartProcessWebhookToEntity" is not enabled.
2023-11-21 15:17:00,018 ERROR  ProcessEngine RunProcessByStartTimerEvent - Could not run process by start timer event. The schema "StartProcessWebhookToEntity" is not enabled.
2023-11-21 15:18:00,005 ERROR  ProcessEngine RunProcessByStartTimerEvent - Could not run process by start timer event. The schema "StartProcessWebhookToEntity" is not enabled.
2023-11-21 15:19:00,005 ERROR  ProcessEngine RunProcessByStartTimerEvent - Could not run process by start timer event. The schema "StartProcessWebhookToEntity" is not enabled.
2023-11-21 15:20:00,005 ERROR  ProcessEngine RunProcessByStartTimerEvent - Could not run process by start timer event. The schema "StartProcessWebhookToEntity" is not enabled.
2023-11-21 15:23:03,940 ERROR  ProcessEngine RunProcessByStartTimerEvent - Could not run process by start timer event. The schema "StartProcessWebhookToEntity" is not enabled.
2023-11-21 15:23:04,083 ERROR  ProcessEngine RunProcessByStartTimerEvent - Could not run process by start timer event. The schema "StartProcessWebhookToEntity" is not enabled.
2023-11-21 15:23:04,221 ERROR  ProcessEngine RunProcessByStartTimerEvent - Could not run process by start timer event. The schema "StartProcessWebhookToEntity" is not enabled.
2023-11-21 15:24:00,010 ERROR  ProcessEngine RunProcessByStartTimerEvent - Could not run process by start timer event. The schema "StartProcessWebhookToEntity" is not enabled.
2023-11-21 15:25:00,007 ERROR  ProcessEngine RunProcessByStartTimerEvent - Could not run process by start timer event. The schema "StartProcessWebhookToEntity" is not enabled.
2023-11-21 15:26:00,005 ERROR  ProcessEngine RunProcessByStartTimerEvent - Could not run process by start timer event. The schema "StartProcessWebhookToEntity" is not enabled.
2023-11-21 15:27:00,019 ERROR  ProcessEngine RunProcessByStartTimerEvent - Could not run process by start timer event. The schema "StartProcessWebhookToEntity" is not enabled.
2023-11-21 15:28:00,019 ERROR  ProcessEngine RunProcessByStartTimerEvent - Could not run process by start timer event. The schema "StartProcessWebhookToEntity" is not enabled.
2023-11-21 15:29:00,015 ERROR  ProcessEngine RunProcessByStartTimerEvent - Could not run process by start timer event. The schema "StartProcessWebhookToEntity" is not enabled.
2023-11-21 15:30:00,014 ERROR  ProcessEngine RunProcessByStartTimerEvent - Could not run process by start timer event. The schema "StartProcessWebhookToEntity" is not enabled.
2023-11-21 15:31:00,019 ERROR  ProcessEngine RunProcessByStartTimerEvent - Could not run process by start timer event. The schema "StartProcessWebhookToEntity" is not enabled.
2023-11-21 15:32:00,014 ERROR  ProcessEngine RunProcessByStartTimerEvent - Could not run process by start timer event. The schema "StartProcessWebhookToEntity" is not enabled.
2023-11-21 15:33:00,018 ERROR  ProcessEngine RunProcessByStartTimerEvent - Could not run process by start timer event. The schema "StartProcessWebhookToEntity" is not enabled.
2023-11-21 15:34:00,019 ERROR  ProcessEngine RunProcessByStartTimerEvent - Could not run process by start timer event. The schema "StartProcessWebhookToEntity" is not enabled.
2023-11-21 15:35:00,017 ERROR  ProcessEngine RunProcessByStartTimerEvent - Could not run process by start timer event. The schema "StartProcessWebhookToEntity" is not enabled.
2023-11-21 15:36:00,013 ERROR  ProcessEngine Execute - Could not run process by start timer event. The schema "StartProcessWebhookToEntity" is not enabled.
2023-11-21 15:37:00,019 ERROR  ProcessEngine Execute - Could not run process by start timer event. The schema "StartProcessWebhookToEntity" is not enabled.
2023-11-21 15:38:00,018 ERROR  ProcessEngine Execute - Could not run process by start timer event. The schema "StartProcessWebhookToEntity" is not enabled.
2023-11-21 15:39:00,014 ERROR  ProcessEngine Execute - Could not run process by start timer event. The schema "StartProcessWebhookToEntity" is not enabled.
2023-11-21 15:40:00,009 ERROR  ProcessEngine Execute - Could not run process by start timer event. The schema "StartProcessWebhookToEntity" is not enabled.
2023-11-21 15:41:00,018 ERROR  ProcessEngine Execute - Could not run process by start timer event. The schema "StartProcessWebhookToEntity" is not enabled.
2023-11-21 15:42:00,019 ERROR  ProcessEngine Execute - Could not run process by start timer event. The schema "StartProcessWebhookToEntity" is not enabled.
2023-11-21 15:43:00,011 ERROR  ProcessEngine Execute - Could not run process by start timer event. The schema "StartProcessWebhookToEntity" is not enabled.
2023-11-21 15:44:00,017 ERROR  ProcessEngine Execute - Could not run process by start timer event. The schema "StartProcessWebhookToEntity" is not enabled.
2023-11-21 15:45:00,018 ERROR  ProcessEngine Execute - Could not run process by start timer event. The schema "StartProcessWebhookToEntity" is not enabled.
2023-11-21 15:46:00,015 ERROR  ProcessEngine Execute - Could not run process by start timer event. The schema "StartProcessWebhookToEntity" is not enabled.
2023-11-21 15:47:00,018 ERROR  ProcessEngine Execute - Could not run process by start timer event. The schema "StartProcessWebhookToEntity" is not enabled.
2023-11-21 15:48:00,018 ERROR  ProcessEngine Execute - Could not run process by start timer event. The schema "StartProcessWebhookToEntity" is not enabled.
2023-11-21 15:49:00,014 ERROR  ProcessEngine Execute - Could not run process by start timer event. The schema "StartProcessWebhookToEntity" is not enabled.
2023-11-21 15:50:00,014 ERROR  ProcessEngine Execute - Could not run process by start timer event. The schema "StartProcessWebhookToEntity" is not enabled.
2023-11-21 15:51:00,018 ERROR  ProcessEngine Execute - Could not run process by start timer event. The schema "StartProcessWebhookToEntity" is not enabled.
2023-11-21 15:52:00,004 ERROR  ProcessEngine Execute - Could not run process by start timer event. The schema "StartProcessWebhookToEntity" is not enabled.
2023-11-21 15:53:00,018 ERROR  ProcessEngine Execute - Could not run process by start timer event. The schema "StartProcessWebhookToEntity" is not enabled.
2023-11-21 15:54:00,004 ERROR  ProcessEngine Execute - Could not run process by start timer event. The schema "StartProcessWebhookToEntity" is not enabled.
2023-11-21 15:55:00,018 ERROR  ProcessEngine Execute - Could not run process by start timer event. The schema "StartProcessWebhookToEntity" is not enabled.
2023-11-21 15:56:00,019 ERROR  ProcessEngine Execute - Could not run process by start timer event. The schema "StartProcessWebhookToEntity" is not enabled.
2023-11-21 15:57:00,009 ERROR  ProcessEngine Execute - Could not run process by start timer event. The schema "StartProcessWebhookToEntity" is not enabled.
2023-11-21 15:58:00,014 ERROR  ProcessEngine Execute - Could not run process by start timer event. The schema "StartProcessWebhookToEntity" is not enabled.
2023-11-21 15:59:00,014 ERROR  ProcessEngine Execute - Could not run process by start timer event. The schema "StartProcessWebhookToEntity" is not enabled.
2023-11-21 16:00:00,039 ERROR  ProcessEngine Execute - Could not run process by start timer event. The schema "StartProcessWebhookToEntity" is not enabled.
2023-11-21 16:01:00,018 ERROR  ProcessEngine Execute - Could not run process by start timer event. The schema "StartProcessWebhookToEntity" is not enabled.
2023-11-21 16:02:00,020 ERROR  ProcessEngine Execute - Could not run process by start timer event. The schema "StartProcessWebhookToEntity" is not enabled.
2023-11-21 16:03:00,029 ERROR  ProcessEngine Execute - Could not run process by start timer event. The schema "StartProcessWebhookToEntity" is not enabled.
2023-11-21 16:04:00,019 ERROR  ProcessEngine Execute - Could not run process by start timer event. The schema "StartProcessWebhookToEntity" is not enabled.
2023-11-21 16:05:00,018 ERROR  ProcessEngine Execute - Could not run process by start timer event. The schema "StartProcessWebhookToEntity" is not enabled.
2023-11-21 16:06:00,018 ERROR  ProcessEngine Execute - Could not run process by start timer event. The schema "StartProcessWebhookToEntity" is not enabled.
2023-11-21 16:07:00,018 ERROR  ProcessEngine Execute - Could not run process by start timer event. The schema "StartProcessWebhookToEntity" is not enabled.
2023-11-21 16:08:00,019 ERROR  ProcessEngine Execute - Could not run process by start timer event. The schema "StartProcessWebhookToEntity" is not enabled.
2023-11-21 16:09:00,015 ERROR  ProcessEngine Execute - Could not run process by start timer event. The schema "StartProcessWebhookToEntity" is not enabled.
2023-11-21 16:10:00,017 ERROR  ProcessEngine Execute - Could not run process by start timer event. The schema "StartProcessWebhookToEntity" is not enabled.
2023-11-21 16:11:00,019 ERROR  ProcessEngine Execute - Could not run process by start timer event. The schema "StartProcessWebhookToEntity" is not enabled.
2023-11-21 16:12:00,005 ERROR  ProcessEngine Execute - Could not run process by start timer event. The schema "StartProcessWebhookToEntity" is not enabled.
2023-11-21 16:13:00,019 ERROR  ProcessEngine Execute - Could not run process by start timer event. The schema "StartProcessWebhookToEntity" is not enabled.
2023-11-21 16:14:00,019 ERROR  ProcessEngine Execute - Could not run process by start timer event. The schema "StartProcessWebhookToEntity" is not enabled.
2023-11-21 16:15:00,018 ERROR  ProcessEngine Execute - Could not run process by start timer event. The schema "StartProcessWebhookToEntity" is not enabled.
2023-11-21 16:16:00,020 ERROR  ProcessEngine Execute - Could not run process by start timer event. The schema "StartProcessWebhookToEntity" is not enabled.
2023-11-21 16:17:00,018 ERROR  ProcessEngine Execute - Could not run process by start timer event. The schema "StartProcessWebhookToEntity" is not enabled.
2023-11-21 16:18:00,018 ERROR  ProcessEngine Execute - Could not run process by start timer event. The schema "StartProcessWebhookToEntity" is not enabled.
2023-11-21 16:19:00,020 ERROR  ProcessEngine Execute - Could not run process by start timer event. The schema "StartProcessWebhookToEntity" is not enabled.
2023-11-21 16:20:00,019 ERROR  ProcessEngine Execute - Could not run process by start timer event. The schema "StartProcessWebhookToEntity" is not enabled.
2023-11-21 16:21:00,020 ERROR  ProcessEngine Execute - Could not run process by start timer event. The schema "StartProcessWebhookToEntity" is not enabled.
2023-11-21 16:22:00,019 ERROR  ProcessEngine Execute - Could not run process by start timer event. The schema "StartProcessWebhookToEntity" is not enabled.
2023-11-21 16:23:00,019 ERROR  ProcessEngine Execute - Could not run process by start timer event. The schema "StartProcessWebhookToEntity" is not enabled.
2023-11-21 16:24:00,018 ERROR  ProcessEngine Execute - Could not run process by start timer event. The schema "StartProcessWebhookToEntity" is not enabled.
2023-11-21 16:25:00,018 ERROR  ProcessEngine Execute - Could not run process by start timer event. The schema "StartProcessWebhookToEntity" is not enabled.
2023-11-21 16:26:00,018 ERROR  ProcessEngine Execute - Could not run process by start timer event. The schema "StartProcessWebhookToEntity" is not enabled.
2023-11-21 16:27:00,019 ERROR  ProcessEngine Execute - Could not run process by start timer event. The schema "StartProcessWebhookToEntity" is not enabled.
2023-11-21 16:28:00,018 ERROR  ProcessEngine Execute - Could not run process by start timer event. The schema "StartProcessWebhookToEntity" is not enabled.
2023-11-21 16:29:00,019 ERROR  ProcessEngine Execute - Could not run process by start timer event. The schema "StartProcessWebhookToEntity" is not enabled.
2023-11-21 16:30:00,066 ERROR  ProcessEngine Execute - Could not run process by start timer event. The schema "StartProcessWebhookToEntity" is not enabled.
2023-11-21 16:31:00,018 ERROR  ProcessEngine Execute - Could not run process by start timer event. The schema "StartProcessWebhookToEntity" is not enabled.
2023-11-21 16:32:00,018 ERROR  ProcessEngine Execute - Could not run process by start timer event. The schema "StartProcessWebhookToEntity" is not enabled.
2023-11-21 16:33:00,019 ERROR  ProcessEngine Execute - Could not run process by start timer event. The schema "StartProcessWebhookToEntity" is not enabled.
2023-11-21 16:34:00,018 ERROR  ProcessEngine Execute - Could not run process by start timer event. The schema "StartProcessWebhookToEntity" is not enabled.
2023-11-21 16:35:00,018 ERROR  ProcessEngine Execute - Could not run process by start timer event. The schema "StartProcessWebhookToEntity" is not enabled.
2023-11-21 16:36:00,019 ERROR  ProcessEngine Execute - Could not run process by start timer event. The schema "StartProcessWebhookToEntity" is not enabled.
2023-11-21 16:37:00,019 ERROR  ProcessEngine Execute - Could not run process by start timer event. The schema "StartProcessWebhookToEntity" is not enabled.
2023-11-21 16:38:00,018 ERROR  ProcessEngine Execute - Could not run process by start timer event. The schema "StartProcessWebhookToEntity" is not enabled.
2023-11-21 16:39:00,018 ERROR  ProcessEngine Execute - Could not run process by start timer event. The schema "StartProcessWebhookToEntity" is not enabled.
2023-11-21 16:40:00,018 ERROR  ProcessEngine Execute - Could not run process by start timer event. The schema "StartProcessWebhookToEntity" is not enabled.
2023-11-21 16:41:00,019 ERROR  ProcessEngine Execute - Could not run process by start timer event. The schema "StartProcessWebhookToEntity" is not enabled.
2023-11-21 16:42:00,019 ERROR  ProcessEngine Execute - Could not run process by start timer event. The schema "StartProcessWebhookToEntity" is not enabled.
2023-11-21 16:43:00,018 ERROR  ProcessEngine Execute - Could not run process by start timer event. The schema "StartProcessWebhookToEntity" is not enabled.
2023-11-21 16:44:00,018 ERROR  ProcessEngine Execute - Could not run process by start timer event. The schema "StartProcessWebhookToEntity" is not enabled.
2023-11-21 16:45:00,018 ERROR  ProcessEngine Execute - Could not run process by start timer event. The schema "StartProcessWebhookToEntity" is not enabled.
2023-11-21 16:46:00,018 ERROR  ProcessEngine Execute - Could not run process by start timer event. The schema "StartProcessWebhookToEntity" is not enabled.
2023-11-21 16:47:00,018 ERROR  ProcessEngine Execute - Could not run process by start timer event. The schema "StartProcessWebhookToEntity" is not enabled.
2023-11-21 16:48:00,018 ERROR  ProcessEngine Execute - Could not run process by start timer event. The schema "StartProcessWebhookToEntity" is not enabled.
2023-11-21 16:49:00,019 ERROR  ProcessEngine Execute - Could not run process by start timer event. The schema "StartProcessWebhookToEntity" is not enabled.
2023-11-21 16:50:00,018 ERROR  ProcessEngine Execute - Could not run process by start timer event. The schema "StartProcessWebhookToEntity" is not enabled.
2023-11-21 16:51:00,018 ERROR  ProcessEngine Execute - Could not run process by start timer event. The schema "StartProcessWebhookToEntity" is not enabled.
2023-11-21 16:52:00,018 ERROR  ProcessEngine Execute - Could not run process by start timer event. The schema "StartProcessWebhookToEntity" is not enabled.
2023-11-21 16:53:00,019 ERROR  ProcessEngine Execute - Could not run process by start timer event. The schema "StartProcessWebhookToEntity" is not enabled.
2023-11-21 16:54:00,018 ERROR  ProcessEngine Execute - Could not run process by start timer event. The schema "StartProcessWebhookToEntity" is not enabled.
2023-11-21 16:55:00,018 ERROR  ProcessEngine Execute - Could not run process by start timer event. The schema "StartProcessWebhookToEntity" is not enabled.
2023-11-21 16:56:00,019 ERROR  ProcessEngine Execute - Could not run process by start timer event. The schema "StartProcessWebhookToEntity" is not enabled.
2023-11-21 16:57:00,019 ERROR  ProcessEngine Execute - Could not run process by start timer event. The schema "StartProcessWebhookToEntity" is not enabled.
2023-11-21 16:58:00,018 ERROR  ProcessEngine Execute - Could not run process by start timer event. The schema "StartProcessWebhookToEntity" is not enabled.
2023-11-21 16:59:00,022 ERROR  ProcessEngine Execute - Could not run process by start timer event. The schema "StartProcessWebhookToEntity" is not enabled.
2023-11-21 17:00:00,040 ERROR  ProcessEngine Execute - Could not run process by start timer event. The schema "StartProcessWebhookToEntity" is not enabled.
2023-11-21 17:01:00,019 ERROR  ProcessEngine Execute - Could not run process by start timer event. The schema "StartProcessWebhookToEntity" is not enabled.
2023-11-21 17:02:00,018 ERROR  ProcessEngine Execute - Could not run process by start timer event. The schema "StartProcessWebhookToEntity" is not enabled.
2023-11-21 17:03:00,018 ERROR  ProcessEngine Execute - Could not run process by start timer event. The schema "StartProcessWebhookToEntity" is not enabled.
2023-11-21 17:04:00,018 ERROR  ProcessEngine Execute - Could not run process by start timer event. The schema "StartProcessWebhookToEntity" is not enabled.
2023-11-21 17:05:00,018 ERROR  ProcessEngine Execute - Could not run process by start timer event. The schema "StartProcessWebhookToEntity" is not enabled.
2023-11-21 17:06:00,005 ERROR  ProcessEngine Execute - Could not run process by start timer event. The schema "StartProcessWebhookToEntity" is not enabled.
2023-11-21 17:07:00,018 ERROR  ProcessEngine Execute - Could not run process by start timer event. The schema "StartProcessWebhookToEntity" is not enabled.
2023-11-21 17:08:00,019 ERROR  ProcessEngine Execute - Could not run process by start timer event. The schema "StartProcessWebhookToEntity" is not enabled.
2023-11-21 17:09:00,018 ERROR  ProcessEngine Execute - Could not run process by start timer event. The schema "StartProcessWebhookToEntity" is not enabled.
2023-11-21 17:10:00,018 ERROR  ProcessEngine Execute - Could not run process by start timer event. The schema "StartProcessWebhookToEntity" is not enabled.
2023-11-21 17:11:00,005 ERROR  ProcessEngine Execute - Could not run process by start timer event. The schema "StartProcessWebhookToEntity" is not enabled.
2023-11-21 17:12:00,019 ERROR  ProcessEngine Execute - Could not run process by start timer event. The schema "StartProcessWebhookToEntity" is not enabled.
2023-11-21 17:13:00,018 ERROR  ProcessEngine Execute - Could not run process by start timer event. The schema "StartProcessWebhookToEntity" is not enabled.
2023-11-21 17:14:00,014 ERROR  ProcessEngine Execute - Could not run process by start timer event. The schema "StartProcessWebhookToEntity" is not enabled.
2023-11-21 17:15:00,018 ERROR  ProcessEngine Execute - Could not run process by start timer event. The schema "StartProcessWebhookToEntity" is not enabled.
2023-11-21 17:16:00,015 ERROR  ProcessEngine Execute - Could not run process by start timer event. The schema "StartProcessWebhookToEntity" is not enabled.
2023-11-21 17:17:00,018 ERROR  ProcessEngine Execute - Could not run process by start timer event. The schema "StartProcessWebhookToEntity" is not enabled.
2023-11-21 17:18:00,019 ERROR  ProcessEngine Execute - Could not run process by start timer event. The schema "StartProcessWebhookToEntity" is not enabled.
2023-11-21 17:19:00,018 ERROR  ProcessEngine Execute - Could not run process by start timer event. The schema "StartProcessWebhookToEntity" is not enabled.
2023-11-21 17:20:00,013 ERROR  ProcessEngine Execute - Could not run process by start timer event. The schema "StartProcessWebhookToEntity" is not enabled.
2023-11-21 17:21:00,005 ERROR  ProcessEngine Execute - Could not run process by start timer event. The schema "StartProcessWebhookToEntity" is not enabled.
2023-11-21 17:22:00,018 ERROR  ProcessEngine Execute - Could not run process by start timer event. The schema "StartProcessWebhookToEntity" is not enabled.
2023-11-21 17:23:00,006 ERROR  ProcessEngine Execute - Could not run process by start timer event. The schema "StartProcessWebhookToEntity" is not enabled.
2023-11-21 17:24:00,014 ERROR  ProcessEngine Execute - Could not run process by start timer event. The schema "StartProcessWebhookToEntity" is not enabled.
2023-11-21 17:25:00,008 ERROR  ProcessEngine Execute - Could not run process by start timer event. The schema "StartProcessWebhookToEntity" is not enabled.
2023-11-21 17:26:00,018 ERROR  ProcessEngine Execute - Could not run process by start timer event. The schema "StartProcessWebhookToEntity" is not enabled.
2023-11-21 17:27:00,019 ERROR  ProcessEngine Execute - Could not run process by start timer event. The schema "StartProcessWebhookToEntity" is not enabled.
2023-11-21 17:28:00,015 ERROR  ProcessEngine Execute - Could not run process by start timer event. The schema "StartProcessWebhookToEntity" is not enabled.
2023-11-21 17:29:00,005 ERROR  ProcessEngine Execute - Could not run process by start timer event. The schema "StartProcessWebhookToEntity" is not enabled.
2023-11-21 17:30:00,019 ERROR  ProcessEngine Execute - Could not run process by start timer event. The schema "StartProcessWebhookToEntity" is not enabled.
2023-11-21 17:31:00,007 ERROR  ProcessEngine Execute - Could not run process by start timer event. The schema "StartProcessWebhookToEntity" is not enabled.
2023-11-21 17:32:00,005 ERROR  ProcessEngine Execute - Could not run process by start timer event. The schema "StartProcessWebhookToEntity" is not enabled.
2023-11-21 17:33:00,019 ERROR  ProcessEngine Execute - Could not run process by start timer event. The schema "StartProcessWebhookToEntity" is not enabled.
2023-11-21 17:34:00,019 ERROR  ProcessEngine Execute - Could not run process by start timer event. The schema "StartProcessWebhookToEntity" is not enabled.
2023-11-21 17:35:00,018 ERROR  ProcessEngine Execute - Could not run process by start timer event. The schema "StartProcessWebhookToEntity" is not enabled.
2023-11-21 17:36:00,018 ERROR  ProcessEngine Execute - Could not run process by start timer event. The schema "StartProcessWebhookToEntity" is not enabled.
2023-11-21 17:37:00,005 ERROR  ProcessEngine Execute - Could not run process by start timer event. The schema "StartProcessWebhookToEntity" is not enabled.
2023-11-21 17:38:00,018 ERROR  ProcessEngine Execute - Could not run process by start timer event. The schema "StartProcessWebhookToEntity" is not enabled.
2023-11-21 17:39:00,018 ERROR  ProcessEngine Execute - Could not run process by start timer event. The schema "StartProcessWebhookToEntity" is not enabled.
2023-11-21 17:40:00,018 ERROR  ProcessEngine Execute - Could not run process by start timer event. The schema "StartProcessWebhookToEntity" is not enabled.
2023-11-21 17:41:00,014 ERROR  ProcessEngine Execute - Could not run process by start timer event. The schema "StartProcessWebhookToEntity" is not enabled.
2023-11-21 17:42:00,012 ERROR  ProcessEngine Execute - Could not run process by start timer event. The schema "StartProcessWebhookToEntity" is not enabled.
2023-11-21 17:43:00,014 ERROR  ProcessEngine Execute - Could not run process by start timer event. The schema "StartProcessWebhookToEntity" is not enabled.
2023-11-21 17:44:00,017 ERROR  ProcessEngine Execute - Could not run process by start timer event. The schema "StartProcessWebhookToEntity" is not enabled.
2023-11-21 17:45:00,019 ERROR  ProcessEngine Execute - Could not run process by start timer event. The schema "StartProcessWebhookToEntity" is not enabled.
2023-11-21 17:46:00,018 ERROR  ProcessEngine Execute - Could not run process by start timer event. The schema "StartProcessWebhookToEntity" is not enabled.
2023-11-21 17:47:00,018 ERROR  ProcessEngine Execute - Could not run process by start timer event. The schema "StartProcessWebhookToEntity" is not enabled.
2023-11-21 17:48:00,018 ERROR  ProcessEngine Execute - Could not run process by start timer event. The schema "StartProcessWebhookToEntity" is not enabled.
2023-11-21 17:49:00,018 ERROR  ProcessEngine Execute - Could not run process by start timer event. The schema "StartProcessWebhookToEntity" is not enabled.
2023-11-21 17:50:00,018 ERROR  ProcessEngine Execute - Could not run process by start timer event. The schema "StartProcessWebhookToEntity" is not enabled.
2023-11-21 17:51:00,018 ERROR  ProcessEngine Execute - Could not run process by start timer event. The schema "StartProcessWebhookToEntity" is not enabled.
2023-11-21 17:52:00,005 ERROR  ProcessEngine Execute - Could not run process by start timer event. The schema "StartProcessWebhookToEntity" is not enabled.
2023-11-21 17:53:00,018 ERROR  ProcessEngine Execute - Could not run process by start timer event. The schema "StartProcessWebhookToEntity" is not enabled.
2023-11-21 17:54:00,018 ERROR  ProcessEngine Execute - Could not run process by start timer event. The schema "StartProcessWebhookToEntity" is not enabled.
2023-11-21 17:55:00,019 ERROR  ProcessEngine Execute - Could not run process by start timer event. The schema "StartProcessWebhookToEntity" is not enabled.
2023-11-21 17:56:00,028 ERROR  ProcessEngine Execute - Could not run process by start timer event. The schema "StartProcessWebhookToEntity" is not enabled.
2023-11-21 17:57:00,019 ERROR  ProcessEngine Execute - Could not run process by start timer event. The schema "StartProcessWebhookToEntity" is not enabled.
2023-11-21 17:58:00,018 ERROR  ProcessEngine Execute - Could not run process by start timer event. The schema "StartProcessWebhookToEntity" is not enabled.
2023-11-21 17:59:00,014 ERROR  ProcessEngine Execute - Could not run process by start timer event. The schema "StartProcessWebhookToEntity" is not enabled.
2023-11-21 18:00:00,027 ERROR  ProcessEngine Execute - Could not run process by start timer event. The schema "StartProcessWebhookToEntity" is not enabled.
2023-11-21 18:01:00,014 ERROR  ProcessEngine Execute - Could not run process by start timer event. The schema "StartProcessWebhookToEntity" is not enabled.
2023-11-21 18:02:00,013 ERROR  ProcessEngine Execute - Could not run process by start timer event. The schema "StartProcessWebhookToEntity" is not enabled.
2023-11-21 18:03:00,009 ERROR  ProcessEngine Execute - Could not run process by start timer event. The schema "StartProcessWebhookToEntity" is not enabled.
2023-11-21 18:04:00,014 ERROR  ProcessEngine Execute - Could not run process by start timer event. The schema "StartProcessWebhookToEntity" is not enabled.
2023-11-21 18:05:00,018 ERROR  ProcessEngine Execute - Could not run process by start timer event. The schema "StartProcessWebhookToEntity" is not enabled.
2023-11-21 18:06:00,019 ERROR  ProcessEngine Execute - Could not run process by start timer event. The schema "StartProcessWebhookToEntity" is not enabled.
2023-11-21 18:07:00,015 ERROR  ProcessEngine Execute - Could not run process by start timer event. The schema "StartProcessWebhookToEntity" is not enabled.
2023-11-21 18:08:00,018 ERROR  ProcessEngine Execute - Could not run process by start timer event. The schema "StartProcessWebhookToEntity" is not enabled.
2023-11-21 18:09:00,014 ERROR  ProcessEngine Execute - Could not run process by start timer event. The schema "StartProcessWebhookToEntity" is not enabled.
2023-11-21 18:10:00,005 ERROR  ProcessEngine Execute - Could not run process by start timer event. The schema "StartProcessWebhookToEntity" is not enabled.
2023-11-21 18:11:00,019 ERROR  ProcessEngine Execute - Could not run process by start timer event. The schema "StartProcessWebhookToEntity" is not enabled.
2023-11-21 18:12:00,014 ERROR  ProcessEngine Execute - Could not run process by start timer event. The schema "StartProcessWebhookToEntity" is not enabled.
2023-11-21 18:13:00,019 ERROR  ProcessEngine Execute - Could not run process by start timer event. The schema "StartProcessWebhookToEntity" is not enabled.
2023-11-21 18:14:00,016 ERROR  ProcessEngine Execute - Could not run process by start timer event. The schema "StartProcessWebhookToEntity" is not enabled.
2023-11-21 18:15:00,015 ERROR  ProcessEngine Execute - Could not run process by start timer event. The schema "StartProcessWebhookToEntity" is not enabled.
2023-11-21 18:16:00,012 ERROR  ProcessEngine Execute - Could not run process by start timer event. The schema "StartProcessWebhookToEntity" is not enabled.
2023-11-21 18:17:00,019 ERROR  ProcessEngine Execute - Could not run process by start timer event. The schema "StartProcessWebhookToEntity" is not enabled.
2023-11-21 18:18:00,013 ERROR  ProcessEngine Execute - Could not run process by start timer event. The schema "StartProcessWebhookToEntity" is not enabled.
2023-11-21 18:19:00,019 ERROR  ProcessEngine Execute - Could not run process by start timer event. The schema "StartProcessWebhookToEntity" is not enabled.
2023-11-21 18:20:00,012 ERROR  ProcessEngine Execute - Could not run process by start timer event. The schema "StartProcessWebhookToEntity" is not enabled.
2023-11-21 18:21:00,014 ERROR  ProcessEngine Execute - Could not run process by start timer event. The schema "StartProcessWebhookToEntity" is not enabled.
2023-11-21 18:22:00,018 ERROR  ProcessEngine Execute - Could not run process by start timer event. The schema "StartProcessWebhookToEntity" is not enabled.
2023-11-21 18:23:00,015 ERROR  ProcessEngine Execute - Could not run process by start timer event. The schema "StartProcessWebhookToEntity" is not enabled.
2023-11-21 18:24:00,024 ERROR  ProcessEngine Execute - Could not run process by start timer event. The schema "StartProcessWebhookToEntity" is not enabled.
2023-11-21 18:25:00,009 ERROR  ProcessEngine Execute - Could not run process by start timer event. The schema "StartProcessWebhookToEntity" is not enabled.
2023-11-21 18:26:00,018 ERROR  ProcessEngine Execute - Could not run process by start timer event. The schema "StartProcessWebhookToEntity" is not enabled.
2023-11-21 18:27:00,018 ERROR  ProcessEngine Execute - Could not run process by start timer event. The schema "StartProcessWebhookToEntity" is not enabled.
2023-11-21 18:28:00,019 ERROR  ProcessEngine Execute - Could not run process by start timer event. The schema "StartProcessWebhookToEntity" is not enabled.
2023-11-21 18:29:00,014 ERROR  ProcessEngine Execute - Could not run process by start timer event. The schema "StartProcessWebhookToEntity" is not enabled.
2023-11-21 18:30:00,015 ERROR  ProcessEngine Execute - Could not run process by start timer event. The schema "StartProcessWebhookToEntity" is not enabled.
2023-11-21 18:31:00,009 ERROR  ProcessEngine Execute - Could not run process by start timer event. The schema "StartProcessWebhookToEntity" is not enabled.
2023-11-21 18:32:00,019 ERROR  ProcessEngine Execute - Could not run process by start timer event. The schema "StartProcessWebhookToEntity" is not enabled.
2023-11-21 18:33:00,018 ERROR  ProcessEngine Execute - Could not run process by start timer event. The schema "StartProcessWebhookToEntity" is not enabled.
2023-11-21 18:34:00,011 ERROR  ProcessEngine Execute - Could not run process by start timer event. The schema "StartProcessWebhookToEntity" is not enabled.
2023-11-21 18:35:00,018 ERROR  ProcessEngine Execute - Could not run process by start timer event. The schema "StartProcessWebhookToEntity" is not enabled.
2023-11-21 18:36:00,014 ERROR  ProcessEngine Execute - Could not run process by start timer event. The schema "StartProcessWebhookToEntity" is not enabled.
2023-11-21 18:37:00,015 ERROR  ProcessEngine Execute - Could not run process by start timer event. The schema "StartProcessWebhookToEntity" is not enabled.
2023-11-21 18:38:00,016 ERROR  ProcessEngine Execute - Could not run process by start timer event. The schema "StartProcessWebhookToEntity" is not enabled.
2023-11-21 18:39:00,005 ERROR  ProcessEngine Execute - Could not run process by start timer event. The schema "StartProcessWebhookToEntity" is not enabled.
2023-11-21 18:40:00,015 ERROR  ProcessEngine Execute - Could not run process by start timer event. The schema "StartProcessWebhookToEntity" is not enabled.
2023-11-21 18:41:00,011 ERROR  ProcessEngine Execute - Could not run process by start timer event. The schema "StartProcessWebhookToEntity" is not enabled.
2023-11-21 18:42:00,013 ERROR  ProcessEngine Execute - Could not run process by start timer event. The schema "StartProcessWebhookToEntity" is not enabled.
2023-11-21 18:43:00,021 ERROR  ProcessEngine Execute - Could not run process by start timer event. The schema "StartProcessWebhookToEntity" is not enabled.
2023-11-21 18:44:00,011 ERROR  ProcessEngine Execute - Could not run process by start timer event. The schema "StartProcessWebhookToEntity" is not enabled.
2023-11-21 18:45:00,012 ERROR  ProcessEngine Execute - Could not run process by start timer event. The schema "StartProcessWebhookToEntity" is not enabled.
2023-11-21 18:46:00,014 ERROR  ProcessEngine Execute - Could not run process by start timer event. The schema "StartProcessWebhookToEntity" is not enabled.
2023-11-21 18:47:00,015 ERROR  ProcessEngine Execute - Could not run process by start timer event. The schema "StartProcessWebhookToEntity" is not enabled.
2023-11-21 18:48:00,017 ERROR  ProcessEngine Execute - Could not run process by start timer event. The schema "StartProcessWebhookToEntity" is not enabled.
2023-11-21 18:49:00,007 ERROR  ProcessEngine Execute - Could not run process by start timer event. The schema "StartProcessWebhookToEntity" is not enabled.
2023-11-21 18:50:00,019 ERROR  ProcessEngine Execute - Could not run process by start timer event. The schema "StartProcessWebhookToEntity" is not enabled.
2023-11-21 18:51:00,019 ERROR  ProcessEngine Execute - Could not run process by start timer event. The schema "StartProcessWebhookToEntity" is not enabled.
2023-11-21 18:52:00,019 ERROR  ProcessEngine Execute - Could not run process by start timer event. The schema "StartProcessWebhookToEntity" is not enabled.
2023-11-21 18:53:00,018 ERROR  ProcessEngine Execute - Could not run process by start timer event. The schema "StartProcessWebhookToEntity" is not enabled.
2023-11-21 18:54:00,018 ERROR  ProcessEngine Execute - Could not run process by start timer event. The schema "StartProcessWebhookToEntity" is not enabled.
2023-11-21 18:55:00,018 ERROR  ProcessEngine Execute - Could not run process by start timer event. The schema "StartProcessWebhookToEntity" is not enabled.
2023-11-21 18:56:00,004 ERROR  ProcessEngine Execute - Could not run process by start timer event. The schema "StartProcessWebhookToEntity" is not enabled.
2023-11-21 18:57:00,019 ERROR  ProcessEngine Execute - Could not run process by start timer event. The schema "StartProcessWebhookToEntity" is not enabled.
2023-11-21 18:58:00,019 ERROR  ProcessEngine Execute - Could not run process by start timer event. The schema "StartProcessWebhookToEntity" is not enabled.
2023-11-21 18:59:00,005 ERROR  ProcessEngine Execute - Could not run process by start timer event. The schema "StartProcessWebhookToEntity" is not enabled.
2023-11-21 19:00:00,020 ERROR  ProcessEngine Execute - Could not run process by start timer event. The schema "StartProcessWebhookToEntity" is not enabled.
2023-11-21 19:01:00,019 ERROR  ProcessEngine Execute - Could not run process by start timer event. The schema "StartProcessWebhookToEntity" is not enabled.
2023-11-21 19:02:00,018 ERROR  ProcessEngine Execute - Could not run process by start timer event. The schema "StartProcessWebhookToEntity" is not enabled.
2023-11-21 19:03:00,018 ERROR  ProcessEngine Execute - Could not run process by start timer event. The schema "StartProcessWebhookToEntity" is not enabled.
2023-11-21 19:04:00,018 ERROR  ProcessEngine Execute - Could not run process by start timer event. The schema "StartProcessWebhookToEntity" is not enabled.
2023-11-21 19:05:00,018 ERROR  ProcessEngine Execute - Could not run process by start timer event. The schema "StartProcessWebhookToEntity" is not enabled.
2023-11-21 19:06:00,012 ERROR  ProcessEngine Execute - Could not run process by start timer event. The schema "StartProcessWebhookToEntity" is not enabled.
2023-11-21 19:07:00,019 ERROR  ProcessEngine Execute - Could not run process by start timer event. The schema "StartProcessWebhookToEntity" is not enabled.
2023-11-21 19:08:00,019 ERROR  ProcessEngine Execute - Could not run process by start timer event. The schema "StartProcessWebhookToEntity" is not enabled.
2023-11-21 19:09:00,017 ERROR  ProcessEngine Execute - Could not run process by start timer event. The schema "StartProcessWebhookToEntity" is not enabled.
2023-11-21 19:10:00,006 ERROR  ProcessEngine Execute - Could not run process by start timer event. The schema "StartProcessWebhookToEntity" is not enabled.
2023-11-21 19:11:00,014 ERROR  ProcessEngine Execute - Could not run process by start timer event. The schema "StartProcessWebhookToEntity" is not enabled.
2023-11-21 19:12:00,014 ERROR  ProcessEngine Execute - Could not run process by start timer event. The schema "StartProcessWebhookToEntity" is not enabled.
2023-11-21 19:13:00,012 ERROR  ProcessEngine Execute - Could not run process by start timer event. The schema "StartProcessWebhookToEntity" is not enabled.
2023-11-21 19:14:00,018 ERROR  ProcessEngine Execute - Could not run process by start timer event. The schema "StartProcessWebhookToEntity" is not enabled.
2023-11-21 19:15:00,008 ERROR  ProcessEngine Execute - Could not run process by start timer event. The schema "StartProcessWebhookToEntity" is not enabled.
2023-11-21 19:16:00,019 ERROR  ProcessEngine Execute - Could not run process by start timer event. The schema "StartProcessWebhookToEntity" is not enabled.
2023-11-21 19:17:00,019 ERROR  ProcessEngine Execute - Could not run process by start timer event. The schema "StartProcessWebhookToEntity" is not enabled.
2023-11-21 19:18:00,051 ERROR  ProcessEngine Execute - Could not run process by start timer event. The schema "StartProcessWebhookToEntity" is not enabled.
2023-11-21 19:19:00,019 ERROR  ProcessEngine Execute - Could not run process by start timer event. The schema "StartProcessWebhookToEntity" is not enabled.
2023-11-21 19:20:00,017 ERROR  ProcessEngine Execute - Could not run process by start timer event. The schema "StartProcessWebhookToEntity" is not enabled.
2023-11-21 19:21:00,019 ERROR  ProcessEngine Execute - Could not run process by start timer event. The schema "StartProcessWebhookToEntity" is not enabled.
2023-11-21 19:22:00,019 ERROR  ProcessEngine Execute - Could not run process by start timer event. The schema "StartProcessWebhookToEntity" is not enabled.
2023-11-21 19:23:00,018 ERROR  ProcessEngine Execute - Could not run process by start timer event. The schema "StartProcessWebhookToEntity" is not enabled.
2023-11-21 19:24:00,019 ERROR  ProcessEngine Execute - Could not run process by start timer event. The schema "StartProcessWebhookToEntity" is not enabled.
2023-11-21 19:25:00,018 ERROR  ProcessEngine Execute - Could not run process by start timer event. The schema "StartProcessWebhookToEntity" is not enabled.
2023-11-21 19:26:00,019 ERROR  ProcessEngine Execute - Could not run process by start timer event. The schema "StartProcessWebhookToEntity" is not enabled.
2023-11-21 19:27:00,019 ERROR  ProcessEngine Execute - Could not run process by start timer event. The schema "StartProcessWebhookToEntity" is not enabled.
2023-11-21 19:28:00,009 ERROR  ProcessEngine Execute - Could not run process by start timer event. The schema "StartProcessWebhookToEntity" is not enabled.
2023-11-21 19:29:00,019 ERROR  ProcessEngine Execute - Could not run process by start timer event. The schema "StartProcessWebhookToEntity" is not enabled.
2023-11-21 19:30:00,019 ERROR  ProcessEngine Execute - Could not run process by start timer event. The schema "StartProcessWebhookToEntity" is not enabled.
2023-11-21 19:31:00,017 ERROR  ProcessEngine Execute - Could not run process by start timer event. The schema "StartProcessWebhookToEntity" is not enabled.
2023-11-21 19:32:00,013 ERROR  ProcessEngine Execute - Could not run process by start timer event. The schema "StartProcessWebhookToEntity" is not enabled.
2023-11-21 19:33:00,016 ERROR  ProcessEngine Execute - Could not run process by start timer event. The schema "StartProcessWebhookToEntity" is not enabled.
2023-11-21 19:34:00,018 ERROR  ProcessEngine Execute - Could not run process by start timer event. The schema "StartProcessWebhookToEntity" is not enabled.
2023-11-21 19:35:00,018 ERROR  ProcessEngine Execute - Could not run process by start timer event. The schema "StartProcessWebhookToEntity" is not enabled.
2023-11-21 19:36:00,021 ERROR  ProcessEngine Execute - Could not run process by start timer event. The schema "StartProcessWebhookToEntity" is not enabled.
2023-11-21 19:37:00,018 ERROR  ProcessEngine Execute - Could not run process by start timer event. The schema "StartProcessWebhookToEntity" is not enabled.
2023-11-21 19:38:00,014 ERROR  ProcessEngine Execute - Could not run process by start timer event. The schema "StartProcessWebhookToEntity" is not enabled.
2023-11-21 19:39:00,018 ERROR  ProcessEngine Execute - Could not run process by start timer event. The schema "StartProcessWebhookToEntity" is not enabled.
2023-11-21 19:40:00,029 ERROR  ProcessEngine Execute - Could not run process by start timer event. The schema "StartProcessWebhookToEntity" is not enabled.
2023-11-21 19:41:00,024 ERROR  ProcessEngine Execute - Could not run process by start timer event. The schema "StartProcessWebhookToEntity" is not enabled.
2023-11-21 19:42:00,019 ERROR  ProcessEngine Execute - Could not run process by start timer event. The schema "StartProcessWebhookToEntity" is not enabled.
2023-11-21 19:43:00,018 ERROR  ProcessEngine Execute - Could not run process by start timer event. The schema "StartProcessWebhookToEntity" is not enabled.
2023-11-21 19:44:00,019 ERROR  ProcessEngine Execute - Could not run process by start timer event. The schema "StartProcessWebhookToEntity" is not enabled.
2023-11-21 19:45:00,018 ERROR  ProcessEngine Execute - Could not run process by start timer event. The schema "StartProcessWebhookToEntity" is not enabled.
2023-11-21 19:46:00,019 ERROR  ProcessEngine Execute - Could not run process by start timer event. The schema "StartProcessWebhookToEntity" is not enabled.
2023-11-21 19:47:00,019 ERROR  ProcessEngine Execute - Could not run process by start timer event. The schema "StartProcessWebhookToEntity" is not enabled.
2023-11-21 19:48:00,019 ERROR  ProcessEngine Execute - Could not run process by start timer event. The schema "StartProcessWebhookToEntity" is not enabled.
2023-11-21 19:49:00,007 ERROR  ProcessEngine Execute - Could not run process by start timer event. The schema "StartProcessWebhookToEntity" is not enabled.
2023-11-21 19:50:00,019 ERROR  ProcessEngine Execute - Could not run process by start timer event. The schema "StartProcessWebhookToEntity" is not enabled.
2023-11-21 19:51:00,012 ERROR  ProcessEngine Execute - Could not run process by start timer event. The schema "StartProcessWebhookToEntity" is not enabled.
2023-11-21 19:52:00,019 ERROR  ProcessEngine Execute - Could not run process by start timer event. The schema "StartProcessWebhookToEntity" is not enabled.
2023-11-21 19:53:00,018 ERROR  ProcessEngine Execute - Could not run process by start timer event. The schema "StartProcessWebhookToEntity" is not enabled.
2023-11-21 19:54:00,018 ERROR  ProcessEngine Execute - Could not run process by start timer event. The schema "StartProcessWebhookToEntity" is not enabled.
2023-11-21 19:55:00,018 ERROR  ProcessEngine Execute - Could not run process by start timer event. The schema "StartProcessWebhookToEntity" is not enabled.
2023-11-21 19:56:00,019 ERROR  ProcessEngine Execute - Could not run process by start timer event. The schema "StartProcessWebhookToEntity" is not enabled.
2023-11-21 19:57:00,018 ERROR  ProcessEngine Execute - Could not run process by start timer event. The schema "StartProcessWebhookToEntity" is not enabled.
2023-11-21 19:58:00,019 ERROR  ProcessEngine Execute - Could not run process by start timer event. The schema "StartProcessWebhookToEntity" is not enabled.
2023-11-21 19:59:00,018 ERROR  ProcessEngine Execute - Could not run process by start timer event. The schema "StartProcessWebhookToEntity" is not enabled.
2023-11-21 20:00:00,039 ERROR  ProcessEngine Execute - Could not run process by start timer event. The schema "StartProcessWebhookToEntity" is not enabled.
2023-11-21 20:01:00,019 ERROR  ProcessEngine Execute - Could not run process by start timer event. The schema "StartProcessWebhookToEntity" is not enabled.
2023-11-21 20:02:00,019 ERROR  ProcessEngine Execute - Could not run process by start timer event. The schema "StartProcessWebhookToEntity" is not enabled.
2023-11-21 20:03:00,019 ERROR  ProcessEngine Execute - Could not run process by start timer event. The schema "StartProcessWebhookToEntity" is not enabled.
2023-11-21 20:04:00,019 ERROR  ProcessEngine Execute - Could not run process by start timer event. The schema "StartProcessWebhookToEntity" is not enabled.
2023-11-21 20:05:00,019 ERROR  ProcessEngine Execute - Could not run process by start timer event. The schema "StartProcessWebhookToEntity" is not enabled.
2023-11-21 20:06:00,009 ERROR  ProcessEngine Execute - Could not run process by start timer event. The schema "StartProcessWebhookToEntity" is not enabled.
2023-11-21 20:07:00,018 ERROR  ProcessEngine Execute - Could not run process by start timer event. The schema "StartProcessWebhookToEntity" is not enabled.
2023-11-21 20:08:00,019 ERROR  ProcessEngine Execute - Could not run process by start timer event. The schema "StartProcessWebhookToEntity" is not enabled.
2023-11-21 20:09:00,018 ERROR  ProcessEngine Execute - Could not run process by start timer event. The schema "StartProcessWebhookToEntity" is not enabled.
2023-11-21 20:10:00,015 ERROR  ProcessEngine Execute - Could not run process by start timer event. The schema "StartProcessWebhookToEntity" is not enabled.
2023-11-21 20:11:00,004 ERROR  ProcessEngine Execute - Could not run process by start timer event. The schema "StartProcessWebhookToEntity" is not enabled.
2023-11-21 20:12:00,019 ERROR  ProcessEngine Execute - Could not run process by start timer event. The schema "StartProcessWebhookToEntity" is not enabled.
2023-11-21 20:13:00,018 ERROR  ProcessEngine Execute - Could not run process by start timer event. The schema "StartProcessWebhookToEntity" is not enabled.
2023-11-21 20:14:00,012 ERROR  ProcessEngine Execute - Could not run process by start timer event. The schema "StartProcessWebhookToEntity" is not enabled.
2023-11-21 20:15:00,019 ERROR  ProcessEngine Execute - Could not run process by start timer event. The schema "StartProcessWebhookToEntity" is not enabled.
2023-11-21 20:16:00,019 ERROR  ProcessEngine Execute - Could not run process by start timer event. The schema "StartProcessWebhookToEntity" is not enabled.
2023-11-21 20:17:00,019 ERROR  ProcessEngine Execute - Could not run process by start timer event. The schema "StartProcessWebhookToEntity" is not enabled.
2023-11-21 20:18:00,014 ERROR  ProcessEngine Execute - Could not run process by start timer event. The schema "StartProcessWebhookToEntity" is not enabled.
2023-11-21 20:19:00,019 ERROR  ProcessEngine Execute - Could not run process by start timer event. The schema "StartProcessWebhookToEntity" is not enabled.
2023-11-21 20:20:00,019 ERROR  ProcessEngine Execute - Could not run process by start timer event. The schema "StartProcessWebhookToEntity" is not enabled.
2023-11-21 20:21:00,018 ERROR  ProcessEngine Execute - Could not run process by start timer event. The schema "StartProcessWebhookToEntity" is not enabled.
2023-11-21 20:22:00,019 ERROR  ProcessEngine Execute - Could not run process by start timer event. The schema "StartProcessWebhookToEntity" is not enabled.
2023-11-21 20:23:00,018 ERROR  ProcessEngine Execute - Could not run process by start timer event. The schema "StartProcessWebhookToEntity" is not enabled.
2023-11-21 20:24:00,018 ERROR  ProcessEngine Execute - Could not run process by start timer event. The schema "StartProcessWebhookToEntity" is not enabled.
2023-11-21 20:25:00,018 ERROR  ProcessEngine Execute - Could not run process by start timer event. The schema "StartProcessWebhookToEntity" is not enabled.
2023-11-21 20:26:00,018 ERROR  ProcessEngine Execute - Could not run process by start timer event. The schema "StartProcessWebhookToEntity" is not enabled.
2023-11-21 20:27:00,019 ERROR  ProcessEngine Execute - Could not run process by start timer event. The schema "StartProcessWebhookToEntity" is not enabled.
2023-11-21 20:28:00,015 ERROR  ProcessEngine Execute - Could not run process by start timer event. The schema "StartProcessWebhookToEntity" is not enabled.
2023-11-21 20:29:00,016 ERROR  ProcessEngine Execute - Could not run process by start timer event. The schema "StartProcessWebhookToEntity" is not enabled.
2023-11-21 20:30:00,019 ERROR  ProcessEngine Execute - Could not run process by start timer event. The schema "StartProcessWebhookToEntity" is not enabled.
2023-11-21 20:31:00,019 ERROR  ProcessEngine Execute - Could not run process by start timer event. The schema "StartProcessWebhookToEntity" is not enabled.
2023-11-21 20:32:00,005 ERROR  ProcessEngine Execute - Could not run process by start timer event. The schema "StartProcessWebhookToEntity" is not enabled.
2023-11-21 20:33:00,018 ERROR  ProcessEngine Execute - Could not run process by start timer event. The schema "StartProcessWebhookToEntity" is not enabled.
2023-11-21 20:34:00,020 ERROR  ProcessEngine Execute - Could not run process by start timer event. The schema "StartProcessWebhookToEntity" is not enabled.
2023-11-21 20:35:00,014 ERROR  ProcessEngine Execute - Could not run process by start timer event. The schema "StartProcessWebhookToEntity" is not enabled.
2023-11-21 20:36:00,018 ERROR  ProcessEngine Execute - Could not run process by start timer event. The schema "StartProcessWebhookToEntity" is not enabled.
2023-11-21 20:37:00,005 ERROR  ProcessEngine Execute - Could not run process by start timer event. The schema "StartProcessWebhookToEntity" is not enabled.
2023-11-21 20:38:00,012 ERROR  ProcessEngine Execute - Could not run process by start timer event. The schema "StartProcessWebhookToEntity" is not enabled.
2023-11-21 20:39:00,019 ERROR  ProcessEngine Execute - Could not run process by start timer event. The schema "StartProcessWebhookToEntity" is not enabled.
2023-11-21 20:40:00,014 ERROR  ProcessEngine Execute - Could not run process by start timer event. The schema "StartProcessWebhookToEntity" is not enabled.
2023-11-21 20:41:00,016 ERROR  ProcessEngine Execute - Could not run process by start timer event. The schema "StartProcessWebhookToEntity" is not enabled.
2023-11-21 20:42:00,019 ERROR  ProcessEngine Execute - Could not run process by start timer event. The schema "StartProcessWebhookToEntity" is not enabled.
2023-11-21 20:43:00,009 ERROR  ProcessEngine Execute - Could not run process by start timer event. The schema "StartProcessWebhookToEntity" is not enabled.
2023-11-21 20:44:00,014 ERROR  ProcessEngine Execute - Could not run process by start timer event. The schema "StartProcessWebhookToEntity" is not enabled.
2023-11-21 20:45:00,019 ERROR  ProcessEngine Execute - Could not run process by start timer event. The schema "StartProcessWebhookToEntity" is not enabled.
2023-11-21 20:46:00,018 ERROR  ProcessEngine Execute - Could not run process by start timer event. The schema "StartProcessWebhookToEntity" is not enabled.
2023-11-21 20:47:00,015 ERROR  ProcessEngine Execute - Could not run process by start timer event. The schema "StartProcessWebhookToEntity" is not enabled.
2023-11-21 20:48:00,018 ERROR  ProcessEngine Execute - Could not run process by start timer event. The schema "StartProcessWebhookToEntity" is not enabled.
2023-11-21 20:49:00,019 ERROR  ProcessEngine Execute - Could not run process by start timer event. The schema "StartProcessWebhookToEntity" is not enabled.
2023-11-21 20:50:00,019 ERROR  ProcessEngine Execute - Could not run process by start timer event. The schema "StartProcessWebhookToEntity" is not enabled.
2023-11-21 20:51:00,018 ERROR  ProcessEngine Execute - Could not run process by start timer event. The schema "StartProcessWebhookToEntity" is not enabled.
2023-11-21 20:52:00,019 ERROR  ProcessEngine Execute - Could not run process by start timer event. The schema "StartProcessWebhookToEntity" is not enabled.
2023-11-21 20:53:00,018 ERROR  ProcessEngine Execute - Could not run process by start timer event. The schema "StartProcessWebhookToEntity" is not enabled.
2023-11-21 20:54:00,011 ERROR  ProcessEngine Execute - Could not run process by start timer event. The schema "StartProcessWebhookToEntity" is not enabled.
2023-11-21 20:55:00,019 ERROR  ProcessEngine Execute - Could not run process by start timer event. The schema "StartProcessWebhookToEntity" is not enabled.
2023-11-21 20:56:00,014 ERROR  ProcessEngine Execute - Could not run process by start timer event. The schema "StartProcessWebhookToEntity" is not enabled.
2023-11-21 20:57:00,014 ERROR  ProcessEngine Execute - Could not run process by start timer event. The schema "StartProcessWebhookToEntity" is not enabled.
2023-11-21 20:58:00,018 ERROR  ProcessEngine Execute - Could not run process by start timer event. The schema "StartProcessWebhookToEntity" is not enabled.
2023-11-21 20:59:00,019 ERROR  ProcessEngine Execute - Could not run process by start timer event. The schema "StartProcessWebhookToEntity" is not enabled.
2023-11-21 21:00:00,040 ERROR  ProcessEngine Execute - Could not run process by start timer event. The schema "StartProcessWebhookToEntity" is not enabled.
2023-11-21 21:01:00,019 ERROR  ProcessEngine Execute - Could not run process by start timer event. The schema "StartProcessWebhookToEntity" is not enabled.
2023-11-21 21:02:00,021 ERROR  ProcessEngine Execute - Could not run process by start timer event. The schema "StartProcessWebhookToEntity" is not enabled.
2023-11-21 21:03:00,009 ERROR  ProcessEngine Execute - Could not run process by start timer event. The schema "StartProcessWebhookToEntity" is not enabled.
