2023-12-13 12:09:34,769 [.NET ThreadPool Worker] WARN Supervisor <GetModelsGroupedByEntityName>b__1_0 - PredictedResultColumnName is empty for model 74ce4daa-aa40-411d-8152-1b16cc2e8c2b
Metadata: {
}
Entity schemaUid: a5657e6b-342d-4104-8ab8-aab37ef29860

2023-12-13 12:09:34,771 [.NET ThreadPool Worker] WARN Supervisor <GetModelsGroupedByEntityName>b__1_0 - PredictedResultColumnName is empty for model 8f57ed14-2c8a-47c8-a990-104698359451
Metadata: {
}
Entity schemaUid: a5657e6b-342d-4104-8ab8-aab37ef29860

2023-12-13 12:09:34,771 [.NET ThreadPool Worker] WARN Supervisor <GetModelsGroupedByEntityName>b__1_0 - PredictedResultColumnName is empty for model 6f8c5159-e07b-485d-bfa2-37dbf4f0a2d3
Metadata: {
}
Entity schemaUid: 117d32f9-8275-4534-8411-1c66115ce9cd

2023-12-13 12:09:34,771 [.NET ThreadPool Worker] WARN Supervisor <GetModelsGroupedByEntityName>b__1_0 - PredictedResultColumnName is empty for model b624f2fd-81e1-4e8d-890b-5184994d1154
Metadata: {
}
Entity schemaUid: 56143364-4580-4561-8814-8612fad2e5c0

2023-12-13 12:11:17,855 [.NET ThreadPool Worker] INFO  Execute - Start to process (training, state sync) ML models
2023-12-13 12:11:17,855 [.NET ThreadPool Worker] INFO  Execute - ML model batch prediction job started
2023-12-13 12:11:17,859 [.NET ThreadPool Worker] DEBUG  ProcessAllModels - There are no ML problem types with set ServiceUrl
2023-12-13 12:11:17,859 [.NET ThreadPool Worker] DEBUG  ProcessAllModels - There are no ML problem types with set ServiceUrl
2023-12-13 12:26:17,879 [.NET ThreadPool Worker] INFO  Execute - Start to process (training, state sync) ML models
2023-12-13 12:26:17,879 [.NET ThreadPool Worker] DEBUG  ProcessAllModels - There are no ML problem types with set ServiceUrl
2023-12-13 12:41:17,897 [.NET ThreadPool Worker] INFO  Execute - Start to process (training, state sync) ML models
2023-12-13 12:41:17,899 [.NET ThreadPool Worker] DEBUG  ProcessAllModels - There are no ML problem types with set ServiceUrl
2023-12-13 12:56:17,916 [.NET ThreadPool Worker] INFO  Execute - Start to process (training, state sync) ML models
2023-12-13 12:56:17,919 [.NET ThreadPool Worker] DEBUG  ProcessAllModels - There are no ML problem types with set ServiceUrl
2023-12-13 13:11:17,889 [.NET ThreadPool Worker] INFO  Execute - ML model batch prediction job started
2023-12-13 13:11:17,891 [.NET ThreadPool Worker] DEBUG  ProcessAllModels - There are no ML problem types with set ServiceUrl
2023-12-13 13:11:17,935 [.NET ThreadPool Worker] INFO  Execute - Start to process (training, state sync) ML models
2023-12-13 13:11:17,935 [.NET ThreadPool Worker] DEBUG  ProcessAllModels - There are no ML problem types with set ServiceUrl
2023-12-13 13:26:17,955 [.NET ThreadPool Worker] INFO  Execute - Start to process (training, state sync) ML models
2023-12-13 13:26:17,961 [.NET ThreadPool Worker] DEBUG  ProcessAllModels - There are no ML problem types with set ServiceUrl
2023-12-13 13:41:17,978 [.NET ThreadPool Worker] INFO  Execute - Start to process (training, state sync) ML models
2023-12-13 13:41:17,978 [.NET ThreadPool Worker] DEBUG  ProcessAllModels - There are no ML problem types with set ServiceUrl
2023-12-13 13:56:17,998 [.NET ThreadPool Worker] INFO  Execute - Start to process (training, state sync) ML models
2023-12-13 13:56:17,998 [.NET ThreadPool Worker] DEBUG  ProcessAllModels - There are no ML problem types with set ServiceUrl
2023-12-13 14:11:17,907 [.NET ThreadPool Worker] INFO  Execute - ML model batch prediction job started
2023-12-13 14:11:17,912 [.NET ThreadPool Worker] DEBUG  ProcessAllModels - There are no ML problem types with set ServiceUrl
2023-12-13 14:11:18,016 [.NET ThreadPool Worker] INFO  Execute - Start to process (training, state sync) ML models
2023-12-13 14:11:18,019 [.NET ThreadPool Worker] DEBUG  ProcessAllModels - There are no ML problem types with set ServiceUrl
2023-12-13 14:26:18,035 [.NET ThreadPool Worker] INFO  Execute - Start to process (training, state sync) ML models
2023-12-13 14:26:18,035 [.NET ThreadPool Worker] DEBUG  ProcessAllModels - There are no ML problem types with set ServiceUrl
2023-12-13 14:41:18,054 [.NET ThreadPool Worker] INFO  Execute - Start to process (training, state sync) ML models
2023-12-13 14:41:18,054 [.NET ThreadPool Worker] DEBUG  ProcessAllModels - There are no ML problem types with set ServiceUrl
2023-12-13 14:56:18,072 [.NET ThreadPool Worker] INFO  Execute - Start to process (training, state sync) ML models
2023-12-13 14:56:18,075 [.NET ThreadPool Worker] DEBUG  ProcessAllModels - There are no ML problem types with set ServiceUrl
2023-12-13 15:11:17,931 [.NET ThreadPool Worker] INFO  Execute - ML model batch prediction job started
2023-12-13 15:11:17,931 [.NET ThreadPool Worker] DEBUG  ProcessAllModels - There are no ML problem types with set ServiceUrl
2023-12-13 15:11:18,091 [.NET ThreadPool Worker] INFO  Execute - Start to process (training, state sync) ML models
2023-12-13 15:11:18,091 [.NET ThreadPool Worker] DEBUG  ProcessAllModels - There are no ML problem types with set ServiceUrl
2023-12-13 15:26:18,111 [.NET ThreadPool Worker] INFO  Execute - Start to process (training, state sync) ML models
2023-12-13 15:26:18,111 [.NET ThreadPool Worker] DEBUG  ProcessAllModels - There are no ML problem types with set ServiceUrl
2023-12-13 15:41:18,129 [.NET ThreadPool Worker] INFO  Execute - Start to process (training, state sync) ML models
2023-12-13 15:41:18,132 [.NET ThreadPool Worker] DEBUG  ProcessAllModels - There are no ML problem types with set ServiceUrl
2023-12-13 15:56:18,137 [.NET ThreadPool Worker] INFO  Execute - Start to process (training, state sync) ML models
2023-12-13 15:56:18,137 [.NET ThreadPool Worker] DEBUG  ProcessAllModels - There are no ML problem types with set ServiceUrl
2023-12-13 16:11:17,955 [.NET ThreadPool Worker] INFO  Execute - ML model batch prediction job started
2023-12-13 16:11:17,955 [.NET ThreadPool Worker] DEBUG  ProcessAllModels - There are no ML problem types with set ServiceUrl
2023-12-13 16:11:18,169 [.NET ThreadPool Worker] INFO  Execute - Start to process (training, state sync) ML models
2023-12-13 16:11:18,171 [.NET ThreadPool Worker] DEBUG  ProcessAllModels - There are no ML problem types with set ServiceUrl
2023-12-13 16:26:18,176 [.NET ThreadPool Worker] INFO  Execute - Start to process (training, state sync) ML models
2023-12-13 16:26:18,176 [.NET ThreadPool Worker] DEBUG  ProcessAllModels - There are no ML problem types with set ServiceUrl
2023-12-13 16:41:18,214 [.NET ThreadPool Worker] INFO  Execute - Start to process (training, state sync) ML models
2023-12-13 16:41:18,214 [.NET ThreadPool Worker] DEBUG  ProcessAllModels - There are no ML problem types with set ServiceUrl
2023-12-13 16:56:18,232 [.NET ThreadPool Worker] INFO  Execute - Start to process (training, state sync) ML models
2023-12-13 16:56:18,232 [.NET ThreadPool Worker] DEBUG  ProcessAllModels - There are no ML problem types with set ServiceUrl
2023-12-13 17:11:17,976 [.NET ThreadPool Worker] INFO  Execute - ML model batch prediction job started
2023-12-13 17:11:17,976 [.NET ThreadPool Worker] DEBUG  ProcessAllModels - There are no ML problem types with set ServiceUrl
2023-12-13 17:11:18,251 [.NET ThreadPool Worker] INFO  Execute - Start to process (training, state sync) ML models
2023-12-13 17:11:18,251 [.NET ThreadPool Worker] DEBUG  ProcessAllModels - There are no ML problem types with set ServiceUrl
2023-12-13 17:26:18,271 [.NET ThreadPool Worker] INFO  Execute - Start to process (training, state sync) ML models
2023-12-13 17:26:18,271 [.NET ThreadPool Worker] DEBUG  ProcessAllModels - There are no ML problem types with set ServiceUrl
2023-12-13 17:41:18,291 [.NET ThreadPool Worker] INFO  Execute - Start to process (training, state sync) ML models
2023-12-13 17:41:18,291 [.NET ThreadPool Worker] DEBUG  ProcessAllModels - There are no ML problem types with set ServiceUrl
2023-12-13 17:56:18,309 [.NET ThreadPool Worker] INFO  Execute - Start to process (training, state sync) ML models
2023-12-13 17:56:18,312 [.NET ThreadPool Worker] DEBUG  ProcessAllModels - There are no ML problem types with set ServiceUrl
2023-12-13 18:11:17,991 [.NET ThreadPool Worker] INFO  Execute - ML model batch prediction job started
2023-12-13 18:11:17,991 [.NET ThreadPool Worker] DEBUG  ProcessAllModels - There are no ML problem types with set ServiceUrl
2023-12-13 18:11:18,351 [.NET ThreadPool Worker] INFO  Execute - Start to process (training, state sync) ML models
2023-12-13 18:11:18,360 [.NET ThreadPool Worker] DEBUG  ProcessAllModels - There are no ML problem types with set ServiceUrl
2023-12-13 18:26:18,364 [.NET ThreadPool Worker] INFO  Execute - Start to process (training, state sync) ML models
2023-12-13 18:26:18,364 [.NET ThreadPool Worker] DEBUG  ProcessAllModels - There are no ML problem types with set ServiceUrl
2023-12-13 18:34:55,170 [.NET ThreadPool Worker] WARN Supervisor <GetModelsGroupedByEntityName>b__1_0 - PredictedResultColumnName is empty for model 74ce4daa-aa40-411d-8152-1b16cc2e8c2b
Metadata: {
}
Entity schemaUid: a5657e6b-342d-4104-8ab8-aab37ef29860

2023-12-13 18:34:55,170 [.NET ThreadPool Worker] WARN Supervisor <GetModelsGroupedByEntityName>b__1_0 - PredictedResultColumnName is empty for model 8f57ed14-2c8a-47c8-a990-104698359451
Metadata: {
}
Entity schemaUid: a5657e6b-342d-4104-8ab8-aab37ef29860

2023-12-13 18:34:55,170 [.NET ThreadPool Worker] WARN Supervisor <GetModelsGroupedByEntityName>b__1_0 - PredictedResultColumnName is empty for model 6f8c5159-e07b-485d-bfa2-37dbf4f0a2d3
Metadata: {
}
Entity schemaUid: 117d32f9-8275-4534-8411-1c66115ce9cd

2023-12-13 18:34:55,170 [.NET ThreadPool Worker] WARN Supervisor <GetModelsGroupedByEntityName>b__1_0 - PredictedResultColumnName is empty for model b624f2fd-81e1-4e8d-890b-5184994d1154
Metadata: {
}
Entity schemaUid: 56143364-4580-4561-8814-8612fad2e5c0

2023-12-13 18:36:42,162 [.NET ThreadPool Worker] INFO  Execute - Start to process (training, state sync) ML models
2023-12-13 18:36:42,166 [.NET ThreadPool Worker] DEBUG  ProcessAllModels - There are no ML problem types with set ServiceUrl
2023-12-13 18:36:42,174 [.NET ThreadPool Worker] INFO  Execute - ML model batch prediction job started
2023-12-13 18:36:42,174 [.NET ThreadPool Worker] DEBUG  ProcessAllModels - There are no ML problem types with set ServiceUrl
2023-12-13 18:51:42,174 [.NET ThreadPool Worker] INFO  Execute - Start to process (training, state sync) ML models
2023-12-13 18:51:42,174 [.NET ThreadPool Worker] DEBUG  ProcessAllModels - There are no ML problem types with set ServiceUrl
2023-12-13 19:06:42,191 [.NET ThreadPool Worker] INFO  Execute - Start to process (training, state sync) ML models
2023-12-13 19:06:42,204 [.NET ThreadPool Worker] DEBUG  ProcessAllModels - There are no ML problem types with set ServiceUrl
2023-12-13 19:21:42,210 [.NET ThreadPool Worker] INFO  Execute - Start to process (training, state sync) ML models
2023-12-13 19:21:42,210 [.NET ThreadPool Worker] DEBUG  ProcessAllModels - There are no ML problem types with set ServiceUrl
2023-12-13 19:36:42,193 [.NET ThreadPool Worker] INFO  Execute - ML model batch prediction job started
2023-12-13 19:36:42,195 [.NET ThreadPool Worker] DEBUG  ProcessAllModels - There are no ML problem types with set ServiceUrl
2023-12-13 19:36:42,225 [.NET ThreadPool Worker] INFO  Execute - Start to process (training, state sync) ML models
2023-12-13 19:36:42,227 [.NET ThreadPool Worker] DEBUG  ProcessAllModels - There are no ML problem types with set ServiceUrl
2023-12-13 19:52:31,181 [.NET ThreadPool Worker] INFO  ProcessAllModels - ML model batch prediction job started
2023-12-13 19:52:31,176 [.NET ThreadPool Worker] INFO  ProcessAllModels - Start to process (training, state sync) ML models
2023-12-13 19:52:31,197 [.NET ThreadPool Worker] DEBUG  CheckIsServiceUrlSet - There are no ML problem types with set ServiceUrl
2023-12-13 19:52:31,199 [.NET ThreadPool Worker] DEBUG  CheckIsServiceUrlSet - There are no ML problem types with set ServiceUrl
2023-12-13 19:57:26,778 [.NET ThreadPool Worker] INFO  ProcessAllModels - ML model batch prediction job started
2023-12-13 19:57:26,798 [.NET ThreadPool Worker] DEBUG  CheckIsServiceUrlSet - There are no ML problem types with set ServiceUrl
2023-12-13 19:57:26,823 [.NET ThreadPool Worker] INFO  ProcessAllModels - Start to process (training, state sync) ML models
2023-12-13 19:57:26,823 [.NET ThreadPool Worker] DEBUG  CheckIsServiceUrlSet - There are no ML problem types with set ServiceUrl
2023-12-13 20:12:26,834 [.NET ThreadPool Worker] INFO  Execute - Start to process (training, state sync) ML models
2023-12-13 20:12:26,834 [.NET ThreadPool Worker] DEBUG  ProcessAllModels - There are no ML problem types with set ServiceUrl
2023-12-13 20:13:58,795 [.NET ThreadPool Worker] WARN Supervisor <GetModelsGroupedByEntityName>b__1_0 - PredictedResultColumnName is empty for model 74ce4daa-aa40-411d-8152-1b16cc2e8c2b
Metadata: {
}
Entity schemaUid: a5657e6b-342d-4104-8ab8-aab37ef29860

2023-12-13 20:13:58,795 [.NET ThreadPool Worker] WARN Supervisor <GetModelsGroupedByEntityName>b__1_0 - PredictedResultColumnName is empty for model 8f57ed14-2c8a-47c8-a990-104698359451
Metadata: {
}
Entity schemaUid: a5657e6b-342d-4104-8ab8-aab37ef29860

2023-12-13 20:13:58,795 [.NET ThreadPool Worker] WARN Supervisor <GetModelsGroupedByEntityName>b__1_0 - PredictedResultColumnName is empty for model 6f8c5159-e07b-485d-bfa2-37dbf4f0a2d3
Metadata: {
}
Entity schemaUid: 117d32f9-8275-4534-8411-1c66115ce9cd

2023-12-13 20:13:58,795 [.NET ThreadPool Worker] WARN Supervisor <GetModelsGroupedByEntityName>b__1_0 - PredictedResultColumnName is empty for model b624f2fd-81e1-4e8d-890b-5184994d1154
Metadata: {
}
Entity schemaUid: 56143364-4580-4561-8814-8612fad2e5c0

2023-12-13 20:27:26,906 [.NET ThreadPool Worker] INFO  Execute - Start to process (training, state sync) ML models
2023-12-13 20:27:26,906 [.NET ThreadPool Worker] DEBUG  ProcessAllModels - There are no ML problem types with set ServiceUrl
2023-12-13 20:42:26,913 [.NET ThreadPool Worker] INFO  Execute - Start to process (training, state sync) ML models
2023-12-13 20:42:26,914 [.NET ThreadPool Worker] DEBUG  ProcessAllModels - There are no ML problem types with set ServiceUrl
2023-12-13 20:57:26,823 [.NET ThreadPool Worker] INFO  Execute - ML model batch prediction job started
2023-12-13 20:57:26,823 [.NET ThreadPool Worker] DEBUG  ProcessAllModels - There are no ML problem types with set ServiceUrl
2023-12-13 20:57:26,919 [.NET ThreadPool Worker] INFO  Execute - Start to process (training, state sync) ML models
2023-12-13 20:57:26,919 [.NET ThreadPool Worker] DEBUG  ProcessAllModels - There are no ML problem types with set ServiceUrl
2023-12-13 21:01:51,808 [.NET ThreadPool Worker] INFO  ProcessAllModels - ML model batch prediction job started
2023-12-13 21:01:51,821 [.NET ThreadPool Worker] DEBUG  CheckIsServiceUrlSet - There are no ML problem types with set ServiceUrl
2023-12-13 21:01:51,842 [.NET ThreadPool Worker] INFO  ProcessAllModels - Start to process (training, state sync) ML models
2023-12-13 21:01:51,842 [.NET ThreadPool Worker] DEBUG  CheckIsServiceUrlSet - There are no ML problem types with set ServiceUrl
