2023-11-22 13:09:15,523 [1] INFO  OnAppStart - OmnichannelMessagingAppEventListener: OnAppStart executed
2023-11-22 13:09:15,523 [1] INFO  ClearOperatorsCache - OmnichannelMessagingAppEventListener: Operator cache was cleared
2023-11-22 13:09:15,528 [1] INFO  StartTelegramChannel - OmnichannelMessagingAppEventListener: TelegramClientFactory was initialized
2023-11-22 13:09:15,546 [1] INFO  StartTelegramChannel - OmnichannelMessagingAppEventListener: TelegramChannelsJob was ran
2023-11-22 13:09:15,566 [1] INFO  SetupOmnichannelMessagingJobs - OmnichannelMessagingAppEventListener: OmnichannelMessaging Jobs were ran
2023-11-22 13:09:15,568 [1] INFO  CreateNotifiers - OmnichannelMessagingAppEventListener: Notifiers were created
2023-11-22 13:09:15,574 [1] INFO  BindInterfaces - OmnichannelMessagingAppEventListener: Interfaces were bound
2023-11-22 13:27:36,105 [1] INFO  OnAppStart - OmnichannelMessagingAppEventListener: OnAppStart executed
2023-11-22 13:27:36,106 [1] INFO  ClearOperatorsCache - OmnichannelMessagingAppEventListener: Operator cache was cleared
2023-11-22 13:27:36,106 [1] INFO  StartTelegramChannel - OmnichannelMessagingAppEventListener: TelegramClientFactory was initialized
2023-11-22 13:27:36,116 [1] INFO  StartTelegramChannel - OmnichannelMessagingAppEventListener: TelegramChannelsJob was ran
2023-11-22 13:27:36,132 [1] INFO  SetupOmnichannelMessagingJobs - OmnichannelMessagingAppEventListener: OmnichannelMessaging Jobs were ran
2023-11-22 13:27:36,132 [1] INFO  CreateNotifiers - OmnichannelMessagingAppEventListener: Notifiers were created
2023-11-22 13:27:36,137 [1] INFO  BindInterfaces - OmnichannelMessagingAppEventListener: Interfaces were bound
2023-11-22 15:49:36,023 [1] INFO  <OnAppStart>b__0 - OmnichannelMessagingAppEventListener: OnAppStart executed
2023-11-22 15:49:36,023 [1] INFO  InitializeOmnichannels - OmnichannelMessagingAppEventListener: Operator cache was cleared
2023-11-22 15:49:36,027 [1] INFO  InitializeOmnichannels - OmnichannelMessagingAppEventListener: TelegramClientFactory was initialized
2023-11-22 15:49:36,037 [1] INFO  InitializeOmnichannels - OmnichannelMessagingAppEventListener: TelegramChannelsJob was ran
2023-11-22 15:49:36,066 [1] INFO  InitializeOmnichannels - OmnichannelMessagingAppEventListener: OmnichannelMessaging Jobs were ran
2023-11-22 15:49:36,066 [1] INFO  InitializeOmnichannels - OmnichannelMessagingAppEventListener: Notifiers were created
2023-11-22 15:49:36,079 [1] INFO  InitializeOmnichannels - OmnichannelMessagingAppEventListener: Interfaces were bound
2023-11-22 17:49:21,106 [1] INFO  OnAppStart - OmnichannelMessagingAppEventListener: OnAppStart executed
2023-11-22 17:49:21,110 [1] INFO  ClearOperatorsCache - OmnichannelMessagingAppEventListener: Operator cache was cleared
2023-11-22 17:49:21,115 [1] INFO  StartTelegramChannel - OmnichannelMessagingAppEventListener: TelegramClientFactory was initialized
2023-11-22 17:49:21,134 [1] INFO  StartTelegramChannel - OmnichannelMessagingAppEventListener: TelegramChannelsJob was ran
2023-11-22 17:49:21,161 [1] INFO  SetupOmnichannelMessagingJobs - OmnichannelMessagingAppEventListener: OmnichannelMessaging Jobs were ran
2023-11-22 17:49:21,164 [1] INFO  CreateNotifiers - OmnichannelMessagingAppEventListener: Notifiers were created
2023-11-22 17:49:21,172 [1] INFO  BindInterfaces - OmnichannelMessagingAppEventListener: Interfaces were bound
