2023-11-22 13:27:45,251 [.NET ThreadPool Worker] INFO Supervisor InstallZipPackage LogInfo - Configuration build started
2023-11-22 13:27:45,292 [.NET ThreadPool Worker] INFO Supervisor InstallZipPackage LogInfo - Current schemas info loaded
2023-11-22 13:27:45,599 [.NET ThreadPool Worker] INFO Supervisor InstallZipPackage LogInfo - New schemas info loaded
2023-11-22 13:27:46,246 [.NET ThreadPool Worker] INFO Supervisor InstallZipPackage LogInfo - Configuration state loaded
2023-11-22 13:27:46,246 [.NET ThreadPool Worker] INFO Supervisor InstallZipPackage LogInfo - Configuration server content generation started
2023-11-22 13:27:46,251 [.NET ThreadPool Worker] INFO Supervisor InstallZipPackage LogInfo - Configuration server content generated
2023-11-22 13:27:46,315 [.NET ThreadPool Worker] INFO Supervisor InstallZipPackage LogInfo - Meta info file updated
2023-11-22 13:27:46,322 [.NET ThreadPool Worker] INFO Supervisor InstallZipPackage LogInfo - File content generation started
2023-11-22 13:27:46,792 [.NET ThreadPool Worker] INFO Supervisor InstallZipPackage LogInfo - File content descriptors obtained
2023-11-22 13:27:46,800 [.NET ThreadPool Worker] INFO Supervisor InstallZipPackage LogInfo - File content descriptors generated
2023-11-22 13:27:46,813 [.NET ThreadPool Worker] INFO Supervisor InstallZipPackage LogInfo - File content bootstraps generated
2023-11-22 13:27:46,813 [.NET ThreadPool Worker] INFO Supervisor InstallZipPackage LogInfo - Configuration build finished
2023-11-22 13:30:13,758 [.NET ThreadPool Worker] INFO Supervisor InstallZipPackage LogInfo - Configuration build started
2023-11-22 13:30:13,775 [.NET ThreadPool Worker] INFO Supervisor InstallZipPackage LogInfo - Current schemas info loaded
2023-11-22 13:30:14,077 [.NET ThreadPool Worker] INFO Supervisor InstallZipPackage GetConfigurationSchemasState - New schemas info loaded
2023-11-22 13:30:14,591 [.NET ThreadPool Worker] INFO Supervisor InstallZipPackage GetConfigurationSchemasState - Configuration state loaded
2023-11-22 13:30:14,591 [.NET ThreadPool Worker] INFO Supervisor InstallZipPackage BuildAllServerContent - Configuration server content generation started
2023-11-22 13:30:42,716 [.NET ThreadPool Worker] INFO Supervisor InstallZipPackage BuildAllServerContent - Configuration server content generated
2023-11-22 13:30:42,759 [.NET ThreadPool Worker] INFO Supervisor InstallZipPackage UpdateMetaInfo - Meta info file updated
2023-11-22 13:30:42,759 [.NET ThreadPool Worker] INFO Supervisor InstallZipPackage MoveNext - File content generation started
2023-11-22 13:30:43,503 [.NET ThreadPool Worker] INFO Supervisor InstallZipPackage MoveNext - File content descriptors obtained
2023-11-22 13:30:43,503 [.NET ThreadPool Worker] INFO Supervisor InstallZipPackage MoveNext - File content descriptors generated
2023-11-22 13:30:43,512 [.NET ThreadPool Worker] INFO Supervisor InstallZipPackage MoveNext - File content bootstraps generated
2023-11-22 13:30:43,512 [.NET ThreadPool Worker] INFO Supervisor InstallZipPackage ConfigurationBuildFinished - Configuration build finished
2023-11-22 13:36:12,202 [.NET ThreadPool Worker] INFO Supervisor InstallZipPackage ConfigurationBuildStarted - Configuration build started
2023-11-22 13:36:12,214 [.NET ThreadPool Worker] INFO Supervisor InstallZipPackage GetConfigurationSchemasState - Current schemas info loaded
2023-11-22 13:36:12,498 [.NET ThreadPool Worker] INFO Supervisor InstallZipPackage GetConfigurationSchemasState - New schemas info loaded
2023-11-22 13:36:12,996 [.NET ThreadPool Worker] INFO Supervisor InstallZipPackage GetConfigurationSchemasState - Configuration state loaded
2023-11-22 13:36:12,996 [.NET ThreadPool Worker] INFO Supervisor InstallZipPackage BuildAllServerContent - Configuration server content generation started
2023-11-22 13:36:31,564 [.NET ThreadPool Worker] INFO Supervisor InstallZipPackage BuildAllServerContent - Configuration server content generated
2023-11-22 13:36:31,616 [.NET ThreadPool Worker] INFO Supervisor InstallZipPackage UpdateMetaInfo - Meta info file updated
2023-11-22 13:36:31,616 [.NET ThreadPool Worker] INFO Supervisor InstallZipPackage MoveNext - File content generation started
2023-11-22 13:36:32,130 [.NET ThreadPool Worker] INFO Supervisor InstallZipPackage MoveNext - File content descriptors obtained
2023-11-22 13:36:32,133 [.NET ThreadPool Worker] INFO Supervisor InstallZipPackage MoveNext - File content descriptors generated
2023-11-22 13:36:32,133 [.NET ThreadPool Worker] INFO Supervisor InstallZipPackage MoveNext - File content bootstraps generated
2023-11-22 13:36:32,133 [.NET ThreadPool Worker] INFO Supervisor InstallZipPackage ConfigurationBuildFinished - Configuration build finished
2023-11-22 13:37:13,331 [.NET ThreadPool Worker] INFO Supervisor InstallZipPackage ConfigurationBuildStarted - Configuration build started
2023-11-22 13:37:13,342 [.NET ThreadPool Worker] INFO Supervisor InstallZipPackage GetConfigurationSchemasState - Current schemas info loaded
2023-11-22 13:37:13,611 [.NET ThreadPool Worker] INFO Supervisor InstallZipPackage GetConfigurationSchemasState - New schemas info loaded
2023-11-22 13:37:14,137 [.NET ThreadPool Worker] INFO Supervisor InstallZipPackage GetConfigurationSchemasState - Configuration state loaded
2023-11-22 13:37:14,137 [.NET ThreadPool Worker] INFO Supervisor InstallZipPackage BuildChangedServerContent - Configuration server content generation started
2023-11-22 13:37:14,137 [.NET ThreadPool Worker] INFO Supervisor InstallZipPackage BuildChangedServerContent - Configuration server content generated
2023-11-22 13:37:14,191 [.NET ThreadPool Worker] INFO Supervisor InstallZipPackage UpdateMetaInfo - Meta info file updated
2023-11-22 13:37:14,191 [.NET ThreadPool Worker] INFO Supervisor InstallZipPackage MoveNext - File content generation started
2023-11-22 13:37:14,783 [.NET ThreadPool Worker] INFO Supervisor InstallZipPackage MoveNext - File content descriptors obtained
2023-11-22 13:37:14,783 [.NET ThreadPool Worker] INFO Supervisor InstallZipPackage MoveNext - File content descriptors generated
2023-11-22 13:37:14,786 [.NET ThreadPool Worker] INFO Supervisor InstallZipPackage MoveNext - File content bootstraps generated
2023-11-22 13:37:14,786 [.NET ThreadPool Worker] INFO Supervisor InstallZipPackage ConfigurationBuildFinished - Configuration build finished
2023-11-22 15:50:40,543 [.NET ThreadPool Worker] INFO Supervisor InstallZipPackage LogInfo - Configuration build started
2023-11-22 15:50:40,568 [.NET ThreadPool Worker] INFO Supervisor InstallZipPackage LogInfo - Current schemas info loaded
2023-11-22 15:50:40,892 [.NET ThreadPool Worker] INFO Supervisor InstallZipPackage LogInfo - New schemas info loaded
2023-11-22 15:50:41,537 [.NET ThreadPool Worker] INFO Supervisor InstallZipPackage LogInfo - Configuration state loaded
2023-11-22 15:50:41,541 [.NET ThreadPool Worker] INFO Supervisor InstallZipPackage LogInfo - Configuration server content generation started
2023-11-22 15:50:41,541 [.NET ThreadPool Worker] INFO Supervisor InstallZipPackage LogInfo - Configuration server content generated
2023-11-22 15:50:41,601 [.NET ThreadPool Worker] INFO Supervisor InstallZipPackage LogInfo - Meta info file updated
2023-11-22 15:50:41,608 [.NET ThreadPool Worker] INFO Supervisor InstallZipPackage LogInfo - File content generation started
2023-11-22 15:50:42,098 [.NET ThreadPool Worker] INFO Supervisor InstallZipPackage LogInfo - File content descriptors obtained
2023-11-22 15:50:42,112 [.NET ThreadPool Worker] INFO Supervisor InstallZipPackage LogInfo - File content descriptors generated
2023-11-22 15:50:42,123 [.NET ThreadPool Worker] INFO Supervisor InstallZipPackage LogInfo - File content bootstraps generated
2023-11-22 15:50:42,123 [.NET ThreadPool Worker] INFO Supervisor InstallZipPackage LogInfo - Configuration build finished
2023-11-22 16:38:03,399 [.NET ThreadPool Worker] INFO Supervisor InstallZipPackage ConfigurationBuildStarted - Configuration build started
2023-11-22 16:38:03,415 [.NET ThreadPool Worker] INFO Supervisor InstallZipPackage GetConfigurationSchemasState - Current schemas info loaded
2023-11-22 16:38:03,717 [.NET ThreadPool Worker] INFO Supervisor InstallZipPackage GetConfigurationSchemasState - New schemas info loaded
2023-11-22 16:38:04,304 [.NET ThreadPool Worker] INFO Supervisor InstallZipPackage GetConfigurationSchemasState - Configuration state loaded
2023-11-22 16:38:04,304 [.NET ThreadPool Worker] INFO Supervisor InstallZipPackage BuildChangedServerContent - Configuration server content generation started
2023-11-22 16:38:04,304 [.NET ThreadPool Worker] INFO Supervisor InstallZipPackage BuildChangedServerContent - Configuration server content generated
2023-11-22 16:38:04,481 [.NET ThreadPool Worker] INFO Supervisor InstallZipPackage UpdateMetaInfo - Meta info file updated
2023-11-22 16:38:04,481 [.NET ThreadPool Worker] INFO Supervisor InstallZipPackage MoveNext - File content generation started
2023-11-22 16:38:04,945 [.NET ThreadPool Worker] INFO Supervisor InstallZipPackage MoveNext - File content descriptors obtained
2023-11-22 16:38:04,947 [.NET ThreadPool Worker] INFO Supervisor InstallZipPackage MoveNext - File content descriptors generated
2023-11-22 16:38:04,947 [.NET ThreadPool Worker] INFO Supervisor InstallZipPackage MoveNext - File content bootstraps generated
2023-11-22 16:38:04,947 [.NET ThreadPool Worker] INFO Supervisor InstallZipPackage ConfigurationBuildFinished - Configuration build finished
2023-11-22 17:54:10,744 [.NET ThreadPool Worker] INFO Supervisor InstallZipPackage LogInfo - Configuration build started
2023-11-22 17:54:10,772 [.NET ThreadPool Worker] INFO Supervisor InstallZipPackage LogInfo - Current schemas info loaded
2023-11-22 17:54:11,282 [.NET ThreadPool Worker] INFO Supervisor InstallZipPackage LogInfo - New schemas info loaded
2023-11-22 17:54:12,149 [.NET ThreadPool Worker] INFO Supervisor InstallZipPackage LogInfo - Configuration state loaded
2023-11-22 17:54:12,153 [.NET ThreadPool Worker] INFO Supervisor InstallZipPackage LogInfo - Configuration server content generation started
2023-11-22 17:54:12,153 [.NET ThreadPool Worker] INFO Supervisor InstallZipPackage LogInfo - Configuration server content generated
2023-11-22 17:54:12,220 [.NET ThreadPool Worker] INFO Supervisor InstallZipPackage LogInfo - Meta info file updated
2023-11-22 17:54:12,228 [.NET ThreadPool Worker] INFO Supervisor InstallZipPackage LogInfo - File content generation started
2023-11-22 17:54:12,768 [.NET ThreadPool Worker] INFO Supervisor InstallZipPackage LogInfo - File content descriptors obtained
2023-11-22 17:54:12,777 [.NET ThreadPool Worker] INFO Supervisor InstallZipPackage LogInfo - File content descriptors generated
2023-11-22 17:54:12,787 [.NET ThreadPool Worker] INFO Supervisor InstallZipPackage LogInfo - File content bootstraps generated
2023-11-22 17:54:12,787 [.NET ThreadPool Worker] INFO Supervisor InstallZipPackage LogInfo - Configuration build finished
