2023-12-18 11:57:28,954 [.NET ThreadPool Worker] ERROR Supervisor Microsoft.AspNetCore.Antiforgery.DefaultAntiforgery GetCookieTokenDoesNotThrow - An exception was thrown while deserializing the token.
Microsoft.AspNetCore.Antiforgery.AntiforgeryValidationException: The antiforgery token could not be decrypted.
 ---> System.Security.Cryptography.CryptographicException: The provided payload cannot be decrypted because it was not protected with this protection provider. For more information go to http://aka.ms/dataprotectionwarning
   at Microsoft.AspNetCore.DataProtection.KeyManagement.KeyRingBasedDataProtector.UnprotectCore(Byte[] protectedData, Boolean allowOperationsOnRevokedKeys, UnprotectStatus& status)
   at Microsoft.AspNetCore.DataProtection.KeyManagement.KeyRingBasedDataProtector.Unprotect(Byte[] protectedData)
   at Microsoft.AspNetCore.Antiforgery.DefaultAntiforgeryTokenSerializer.Deserialize(String serializedToken)
   --- End of inner exception stack trace ---
   at Microsoft.AspNetCore.Antiforgery.DefaultAntiforgeryTokenSerializer.Deserialize(String serializedToken)
   at Microsoft.AspNetCore.Antiforgery.DefaultAntiforgery.GetCookieTokenDoesNotThrow(HttpContext httpContext)
2023-12-18 12:51:01,409 [.NET ThreadPool Worker] ERROR Supervisor Microsoft.AspNetCore.Server.Kestrel MoveNext - Connection id "0HMVVI9HAHRA7", Request id "0HMVVI9HAHRA7:00000002": An unhandled exception was thrown by the application.
Microsoft.AspNetCore.Server.Kestrel.Core.BadHttpRequestException: Unexpected end of request content.
   at Microsoft.AspNetCore.Server.Kestrel.Core.Internal.Http.Http1ContentLengthMessageBody.ReadAsyncInternal(CancellationToken cancellationToken)
   at System.Runtime.CompilerServices.PoolingAsyncValueTaskMethodBuilder`1.StateMachineBox`1.System.Threading.Tasks.Sources.IValueTaskSource<TResult>.GetResult(Int16 token)
   at Microsoft.AspNetCore.Server.Kestrel.Core.Internal.Http.HttpRequestStream.ReadAsyncInternal(Memory`1 destination, CancellationToken cancellationToken)
   at Microsoft.AspNetCore.WebUtilities.FileBufferingReadStream.ReadAsync(Memory`1 buffer, CancellationToken cancellationToken)
   at Microsoft.AspNetCore.WebUtilities.StreamHelperExtensions.DrainAsync(Stream stream, ArrayPool`1 bytePool, Nullable`1 limit, CancellationToken cancellationToken)
   at Microsoft.AspNetCore.Mvc.Formatters.NewtonsoftJsonInputFormatter.ReadRequestBodyAsync(InputFormatterContext context, Encoding encoding)
   at Microsoft.AspNetCore.Mvc.ModelBinding.Binders.BodyModelBinder.BindModelAsync(ModelBindingContext bindingContext)
   at Microsoft.AspNetCore.Mvc.ModelBinding.ParameterBinder.BindModelAsync(ActionContext actionContext, IModelBinder modelBinder, IValueProvider valueProvider, ParameterDescriptor parameter, ModelMetadata metadata, Object value, Object container)
   at Microsoft.AspNetCore.Mvc.Controllers.ControllerBinderDelegateProvider.<>c__DisplayClass0_0.<<CreateBinderDelegate>g__Bind|0>d.MoveNext()
--- End of stack trace from previous location ---
   at Microsoft.AspNetCore.Mvc.Infrastructure.ControllerActionInvoker.<InvokeInnerFilterAsync>g__Awaited|13_0(ControllerActionInvoker invoker, Task lastTask, State next, Scope scope, Object state, Boolean isCompleted)
   at Microsoft.AspNetCore.Mvc.Infrastructure.ResourceInvoker.<InvokeNextResourceFilter>g__Awaited|25_0(ResourceInvoker invoker, Task lastTask, State next, Scope scope, Object state, Boolean isCompleted)
   at Microsoft.AspNetCore.Mvc.Infrastructure.ResourceInvoker.Rethrow(ResourceExecutedContextSealed context)
   at Microsoft.AspNetCore.Mvc.Infrastructure.ResourceInvoker.Next(State& next, Scope& scope, Object& state, Boolean& isCompleted)
   at Microsoft.AspNetCore.Mvc.Infrastructure.ResourceInvoker.InvokeFilterPipelineAsync()
--- End of stack trace from previous location ---
   at Microsoft.AspNetCore.Mvc.Infrastructure.ResourceInvoker.<InvokeAsync>g__Awaited|17_0(ResourceInvoker invoker, Task task, IDisposable scope)
   at Microsoft.AspNetCore.Mvc.Infrastructure.ResourceInvoker.<InvokeAsync>g__Awaited|17_0(ResourceInvoker invoker, Task task, IDisposable scope)
   at Microsoft.AspNetCore.Routing.EndpointMiddleware.<Invoke>g__AwaitRequestTask|6_0(Endpoint endpoint, Task requestTask, ILogger logger)
   at Microsoft.AspNetCore.Authorization.AuthorizationMiddleware.Invoke(HttpContext context)
   at Terrasoft.WebHost.Middleware.AcquireRequestStateMiddleware.Invoke(HttpContext httpContext) in /opt/buildagent/work/ApplicationCoreLinux/TSBpm/Src/Lib/Terrasoft.WebHost/Middleware/AcquireRequestStateMiddleware.cs:line 183
   at Microsoft.AspNetCore.Session.SessionMiddleware.Invoke(HttpContext context)
   at Microsoft.AspNetCore.Session.SessionMiddleware.Invoke(HttpContext context)
   at Terrasoft.Authentication.Middleware.OpenIdMiddleware.Invoke(HttpContext httpContext, IOpenIdAuthorizeInitiator openIdAuthorizeInitiator) in /opt/buildagent/work/ApplicationCoreLinux/TSBpm/Src/Lib/Terrasoft.Authentication/Middleware/OpenIdMiddleware.cs:line 42
   at Microsoft.AspNetCore.Authentication.AuthenticationMiddleware.Invoke(HttpContext context)
   at Terrasoft.WebHost.Middleware.CustomHeadersMiddleware.Invoke(HttpContext context) in /opt/buildagent/work/ApplicationCoreLinux/TSBpm/Src/Lib/Terrasoft.WebHost/Middleware/CustomHeadersMiddleware.cs:line 96
   at Terrasoft.WebHost.Middleware.FileUploadSecurityMiddleware.Invoke(HttpContext context) in /opt/buildagent/work/ApplicationCoreLinux/TSBpm/Src/Lib/Terrasoft.WebHost/Middleware/FileUploadSecurityMiddleware.cs:line 77
   at Terrasoft.WebHost.UserConnectionLifetimeMiddleware.Invoke(HttpContext context) in /opt/buildagent/work/ApplicationCoreLinux/TSBpm/Src/Lib/Terrasoft.WebHost/Middleware/UserConnectionLifetimeMiddleware.cs:line 46
   at Terrasoft.WebHost.Middleware.RequestResponseLoggingMiddleware.<>c__DisplayClass26_0.<<Invoke>b__0>d.MoveNext() in /opt/buildagent/work/ApplicationCoreLinux/TSBpm/Src/Lib/Terrasoft.WebHost/Middleware/RequestResponseLoggingMiddleware.cs:line 245
--- End of stack trace from previous location ---
   at Terrasoft.WebHost.Middleware.RequestResponseLoggingMiddleware.PrepareBodyStreamIf(Boolean condition, HttpContext context, Func`3 action) in /opt/buildagent/work/ApplicationCoreLinux/TSBpm/Src/Lib/Terrasoft.WebHost/Middleware/RequestResponseLoggingMiddleware.cs:line 214
   at Terrasoft.WebHost.Middleware.RequestResponseLoggingMiddleware.PrepareBodyStreamIf(Boolean condition, HttpContext context, Func`3 action) in /opt/buildagent/work/ApplicationCoreLinux/TSBpm/Src/Lib/Terrasoft.WebHost/Middleware/RequestResponseLoggingMiddleware.cs:line 214
   at Terrasoft.WebHost.Middleware.RequestResponseLoggingMiddleware.Invoke(HttpContext context) in /opt/buildagent/work/ApplicationCoreLinux/TSBpm/Src/Lib/Terrasoft.WebHost/Middleware/RequestResponseLoggingMiddleware.cs:line 246
   at Microsoft.AspNetCore.Server.Kestrel.Core.Internal.Http.HttpProtocol.ProcessRequests[TContext](IHttpApplication`1 application)
2023-12-18 12:51:01,409 [.NET ThreadPool Worker] ERROR Supervisor Microsoft.AspNetCore.Server.Kestrel MoveNext - Connection id "0HMVVI9HAHRA6", Request id "0HMVVI9HAHRA6:00000002": An unhandled exception was thrown by the application.
Microsoft.AspNetCore.Server.Kestrel.Core.BadHttpRequestException: Unexpected end of request content.
   at Microsoft.AspNetCore.Server.Kestrel.Core.Internal.Http.Http1ContentLengthMessageBody.ReadAsyncInternal(CancellationToken cancellationToken)
   at System.Runtime.CompilerServices.PoolingAsyncValueTaskMethodBuilder`1.StateMachineBox`1.System.Threading.Tasks.Sources.IValueTaskSource<TResult>.GetResult(Int16 token)
   at Microsoft.AspNetCore.Server.Kestrel.Core.Internal.Http.HttpRequestStream.ReadAsyncInternal(Memory`1 destination, CancellationToken cancellationToken)
   at Microsoft.AspNetCore.WebUtilities.FileBufferingReadStream.ReadAsync(Memory`1 buffer, CancellationToken cancellationToken)
   at Microsoft.AspNetCore.WebUtilities.StreamHelperExtensions.DrainAsync(Stream stream, ArrayPool`1 bytePool, Nullable`1 limit, CancellationToken cancellationToken)
   at Microsoft.AspNetCore.Mvc.Formatters.NewtonsoftJsonInputFormatter.ReadRequestBodyAsync(InputFormatterContext context, Encoding encoding)
   at Microsoft.AspNetCore.Mvc.ModelBinding.Binders.BodyModelBinder.BindModelAsync(ModelBindingContext bindingContext)
   at Microsoft.AspNetCore.Mvc.ModelBinding.ParameterBinder.BindModelAsync(ActionContext actionContext, IModelBinder modelBinder, IValueProvider valueProvider, ParameterDescriptor parameter, ModelMetadata metadata, Object value, Object container)
   at Microsoft.AspNetCore.Mvc.Controllers.ControllerBinderDelegateProvider.<>c__DisplayClass0_0.<<CreateBinderDelegate>g__Bind|0>d.MoveNext()
--- End of stack trace from previous location ---
   at Microsoft.AspNetCore.Mvc.Infrastructure.ControllerActionInvoker.<InvokeInnerFilterAsync>g__Awaited|13_0(ControllerActionInvoker invoker, Task lastTask, State next, Scope scope, Object state, Boolean isCompleted)
   at Microsoft.AspNetCore.Mvc.Infrastructure.ResourceInvoker.<InvokeNextResourceFilter>g__Awaited|25_0(ResourceInvoker invoker, Task lastTask, State next, Scope scope, Object state, Boolean isCompleted)
   at Microsoft.AspNetCore.Mvc.Infrastructure.ResourceInvoker.Rethrow(ResourceExecutedContextSealed context)
   at Microsoft.AspNetCore.Mvc.Infrastructure.ResourceInvoker.Next(State& next, Scope& scope, Object& state, Boolean& isCompleted)
   at Microsoft.AspNetCore.Mvc.Infrastructure.ResourceInvoker.InvokeFilterPipelineAsync()
--- End of stack trace from previous location ---
   at Microsoft.AspNetCore.Mvc.Infrastructure.ResourceInvoker.<InvokeAsync>g__Awaited|17_0(ResourceInvoker invoker, Task task, IDisposable scope)
   at Microsoft.AspNetCore.Mvc.Infrastructure.ResourceInvoker.<InvokeAsync>g__Awaited|17_0(ResourceInvoker invoker, Task task, IDisposable scope)
   at Microsoft.AspNetCore.Routing.EndpointMiddleware.<Invoke>g__AwaitRequestTask|6_0(Endpoint endpoint, Task requestTask, ILogger logger)
   at Microsoft.AspNetCore.Authorization.AuthorizationMiddleware.Invoke(HttpContext context)
   at Terrasoft.WebHost.Middleware.AcquireRequestStateMiddleware.Invoke(HttpContext httpContext) in /opt/buildagent/work/ApplicationCoreLinux/TSBpm/Src/Lib/Terrasoft.WebHost/Middleware/AcquireRequestStateMiddleware.cs:line 183
   at Microsoft.AspNetCore.Session.SessionMiddleware.Invoke(HttpContext context)
   at Microsoft.AspNetCore.Session.SessionMiddleware.Invoke(HttpContext context)
   at Terrasoft.Authentication.Middleware.OpenIdMiddleware.Invoke(HttpContext httpContext, IOpenIdAuthorizeInitiator openIdAuthorizeInitiator) in /opt/buildagent/work/ApplicationCoreLinux/TSBpm/Src/Lib/Terrasoft.Authentication/Middleware/OpenIdMiddleware.cs:line 42
   at Microsoft.AspNetCore.Authentication.AuthenticationMiddleware.Invoke(HttpContext context)
   at Terrasoft.WebHost.Middleware.CustomHeadersMiddleware.Invoke(HttpContext context) in /opt/buildagent/work/ApplicationCoreLinux/TSBpm/Src/Lib/Terrasoft.WebHost/Middleware/CustomHeadersMiddleware.cs:line 96
   at Terrasoft.WebHost.Middleware.FileUploadSecurityMiddleware.Invoke(HttpContext context) in /opt/buildagent/work/ApplicationCoreLinux/TSBpm/Src/Lib/Terrasoft.WebHost/Middleware/FileUploadSecurityMiddleware.cs:line 77
   at Terrasoft.WebHost.UserConnectionLifetimeMiddleware.Invoke(HttpContext context) in /opt/buildagent/work/ApplicationCoreLinux/TSBpm/Src/Lib/Terrasoft.WebHost/Middleware/UserConnectionLifetimeMiddleware.cs:line 46
   at Terrasoft.WebHost.Middleware.RequestResponseLoggingMiddleware.<>c__DisplayClass26_0.<<Invoke>b__0>d.MoveNext() in /opt/buildagent/work/ApplicationCoreLinux/TSBpm/Src/Lib/Terrasoft.WebHost/Middleware/RequestResponseLoggingMiddleware.cs:line 245
--- End of stack trace from previous location ---
   at Terrasoft.WebHost.Middleware.RequestResponseLoggingMiddleware.PrepareBodyStreamIf(Boolean condition, HttpContext context, Func`3 action) in /opt/buildagent/work/ApplicationCoreLinux/TSBpm/Src/Lib/Terrasoft.WebHost/Middleware/RequestResponseLoggingMiddleware.cs:line 214
   at Terrasoft.WebHost.Middleware.RequestResponseLoggingMiddleware.PrepareBodyStreamIf(Boolean condition, HttpContext context, Func`3 action) in /opt/buildagent/work/ApplicationCoreLinux/TSBpm/Src/Lib/Terrasoft.WebHost/Middleware/RequestResponseLoggingMiddleware.cs:line 214
   at Terrasoft.WebHost.Middleware.RequestResponseLoggingMiddleware.Invoke(HttpContext context) in /opt/buildagent/work/ApplicationCoreLinux/TSBpm/Src/Lib/Terrasoft.WebHost/Middleware/RequestResponseLoggingMiddleware.cs:line 246
   at Microsoft.AspNetCore.Server.Kestrel.Core.Internal.Http.HttpProtocol.ProcessRequests[TContext](IHttpApplication`1 application)
2023-12-18 12:51:01,409 [.NET ThreadPool Worker] ERROR Supervisor Microsoft.AspNetCore.Server.Kestrel MoveNext - Connection id "0HMVVI9HAHRA9", Request id "0HMVVI9HAHRA9:00000002": An unhandled exception was thrown by the application.
Microsoft.AspNetCore.Server.Kestrel.Core.BadHttpRequestException: Unexpected end of request content.
   at Microsoft.AspNetCore.Server.Kestrel.Core.Internal.Http.Http1ContentLengthMessageBody.ReadAsyncInternal(CancellationToken cancellationToken)
   at System.Runtime.CompilerServices.PoolingAsyncValueTaskMethodBuilder`1.StateMachineBox`1.System.Threading.Tasks.Sources.IValueTaskSource<TResult>.GetResult(Int16 token)
   at Microsoft.AspNetCore.Server.Kestrel.Core.Internal.Http.HttpRequestStream.ReadAsyncInternal(Memory`1 destination, CancellationToken cancellationToken)
   at Microsoft.AspNetCore.WebUtilities.FileBufferingReadStream.ReadAsync(Memory`1 buffer, CancellationToken cancellationToken)
   at Microsoft.AspNetCore.WebUtilities.StreamHelperExtensions.DrainAsync(Stream stream, ArrayPool`1 bytePool, Nullable`1 limit, CancellationToken cancellationToken)
   at Microsoft.AspNetCore.Mvc.Formatters.NewtonsoftJsonInputFormatter.ReadRequestBodyAsync(InputFormatterContext context, Encoding encoding)
   at Microsoft.AspNetCore.Mvc.ModelBinding.Binders.BodyModelBinder.BindModelAsync(ModelBindingContext bindingContext)
   at Microsoft.AspNetCore.Mvc.ModelBinding.ParameterBinder.BindModelAsync(ActionContext actionContext, IModelBinder modelBinder, IValueProvider valueProvider, ParameterDescriptor parameter, ModelMetadata metadata, Object value, Object container)
   at Microsoft.AspNetCore.Mvc.Controllers.ControllerBinderDelegateProvider.<>c__DisplayClass0_0.<<CreateBinderDelegate>g__Bind|0>d.MoveNext()
--- End of stack trace from previous location ---
   at Microsoft.AspNetCore.Mvc.Infrastructure.ControllerActionInvoker.<InvokeInnerFilterAsync>g__Awaited|13_0(ControllerActionInvoker invoker, Task lastTask, State next, Scope scope, Object state, Boolean isCompleted)
   at Microsoft.AspNetCore.Mvc.Infrastructure.ResourceInvoker.<InvokeNextResourceFilter>g__Awaited|25_0(ResourceInvoker invoker, Task lastTask, State next, Scope scope, Object state, Boolean isCompleted)
   at Microsoft.AspNetCore.Mvc.Infrastructure.ResourceInvoker.Rethrow(ResourceExecutedContextSealed context)
   at Microsoft.AspNetCore.Mvc.Infrastructure.ResourceInvoker.Next(State& next, Scope& scope, Object& state, Boolean& isCompleted)
   at Microsoft.AspNetCore.Mvc.Infrastructure.ResourceInvoker.InvokeFilterPipelineAsync()
--- End of stack trace from previous location ---
   at Microsoft.AspNetCore.Mvc.Infrastructure.ResourceInvoker.<InvokeAsync>g__Awaited|17_0(ResourceInvoker invoker, Task task, IDisposable scope)
   at Microsoft.AspNetCore.Mvc.Infrastructure.ResourceInvoker.<InvokeAsync>g__Awaited|17_0(ResourceInvoker invoker, Task task, IDisposable scope)
   at Microsoft.AspNetCore.Routing.EndpointMiddleware.<Invoke>g__AwaitRequestTask|6_0(Endpoint endpoint, Task requestTask, ILogger logger)
   at Microsoft.AspNetCore.Authorization.AuthorizationMiddleware.Invoke(HttpContext context)
   at Terrasoft.WebHost.Middleware.AcquireRequestStateMiddleware.Invoke(HttpContext httpContext) in /opt/buildagent/work/ApplicationCoreLinux/TSBpm/Src/Lib/Terrasoft.WebHost/Middleware/AcquireRequestStateMiddleware.cs:line 183
   at Microsoft.AspNetCore.Session.SessionMiddleware.Invoke(HttpContext context)
   at Microsoft.AspNetCore.Session.SessionMiddleware.Invoke(HttpContext context)
   at Terrasoft.Authentication.Middleware.OpenIdMiddleware.Invoke(HttpContext httpContext, IOpenIdAuthorizeInitiator openIdAuthorizeInitiator) in /opt/buildagent/work/ApplicationCoreLinux/TSBpm/Src/Lib/Terrasoft.Authentication/Middleware/OpenIdMiddleware.cs:line 42
   at Microsoft.AspNetCore.Authentication.AuthenticationMiddleware.Invoke(HttpContext context)
   at Terrasoft.WebHost.Middleware.CustomHeadersMiddleware.Invoke(HttpContext context) in /opt/buildagent/work/ApplicationCoreLinux/TSBpm/Src/Lib/Terrasoft.WebHost/Middleware/CustomHeadersMiddleware.cs:line 96
   at Terrasoft.WebHost.Middleware.FileUploadSecurityMiddleware.Invoke(HttpContext context) in /opt/buildagent/work/ApplicationCoreLinux/TSBpm/Src/Lib/Terrasoft.WebHost/Middleware/FileUploadSecurityMiddleware.cs:line 77
   at Terrasoft.WebHost.UserConnectionLifetimeMiddleware.Invoke(HttpContext context) in /opt/buildagent/work/ApplicationCoreLinux/TSBpm/Src/Lib/Terrasoft.WebHost/Middleware/UserConnectionLifetimeMiddleware.cs:line 46
   at Terrasoft.WebHost.Middleware.RequestResponseLoggingMiddleware.<>c__DisplayClass26_0.<<Invoke>b__0>d.MoveNext() in /opt/buildagent/work/ApplicationCoreLinux/TSBpm/Src/Lib/Terrasoft.WebHost/Middleware/RequestResponseLoggingMiddleware.cs:line 245
--- End of stack trace from previous location ---
   at Terrasoft.WebHost.Middleware.RequestResponseLoggingMiddleware.PrepareBodyStreamIf(Boolean condition, HttpContext context, Func`3 action) in /opt/buildagent/work/ApplicationCoreLinux/TSBpm/Src/Lib/Terrasoft.WebHost/Middleware/RequestResponseLoggingMiddleware.cs:line 214
   at Terrasoft.WebHost.Middleware.RequestResponseLoggingMiddleware.PrepareBodyStreamIf(Boolean condition, HttpContext context, Func`3 action) in /opt/buildagent/work/ApplicationCoreLinux/TSBpm/Src/Lib/Terrasoft.WebHost/Middleware/RequestResponseLoggingMiddleware.cs:line 214
   at Terrasoft.WebHost.Middleware.RequestResponseLoggingMiddleware.Invoke(HttpContext context) in /opt/buildagent/work/ApplicationCoreLinux/TSBpm/Src/Lib/Terrasoft.WebHost/Middleware/RequestResponseLoggingMiddleware.cs:line 246
   at Microsoft.AspNetCore.Server.Kestrel.Core.Internal.Http.HttpProtocol.ProcessRequests[TContext](IHttpApplication`1 application)
2023-12-18 12:51:01,409 [.NET ThreadPool Worker] ERROR Supervisor Microsoft.AspNetCore.Server.Kestrel MoveNext - Connection id "0HMVVI9HAHRA8", Request id "0HMVVI9HAHRA8:00000002": An unhandled exception was thrown by the application.
Microsoft.AspNetCore.Server.Kestrel.Core.BadHttpRequestException: Unexpected end of request content.
   at Microsoft.AspNetCore.Server.Kestrel.Core.Internal.Http.Http1ContentLengthMessageBody.ReadAsyncInternal(CancellationToken cancellationToken)
   at System.Runtime.CompilerServices.PoolingAsyncValueTaskMethodBuilder`1.StateMachineBox`1.System.Threading.Tasks.Sources.IValueTaskSource<TResult>.GetResult(Int16 token)
   at Microsoft.AspNetCore.Server.Kestrel.Core.Internal.Http.HttpRequestStream.ReadAsyncInternal(Memory`1 destination, CancellationToken cancellationToken)
   at Microsoft.AspNetCore.WebUtilities.FileBufferingReadStream.ReadAsync(Memory`1 buffer, CancellationToken cancellationToken)
   at Microsoft.AspNetCore.WebUtilities.StreamHelperExtensions.DrainAsync(Stream stream, ArrayPool`1 bytePool, Nullable`1 limit, CancellationToken cancellationToken)
   at Microsoft.AspNetCore.Mvc.Formatters.NewtonsoftJsonInputFormatter.ReadRequestBodyAsync(InputFormatterContext context, Encoding encoding)
   at Microsoft.AspNetCore.Mvc.ModelBinding.Binders.BodyModelBinder.BindModelAsync(ModelBindingContext bindingContext)
   at Microsoft.AspNetCore.Mvc.ModelBinding.ParameterBinder.BindModelAsync(ActionContext actionContext, IModelBinder modelBinder, IValueProvider valueProvider, ParameterDescriptor parameter, ModelMetadata metadata, Object value, Object container)
   at Microsoft.AspNetCore.Mvc.Controllers.ControllerBinderDelegateProvider.<>c__DisplayClass0_0.<<CreateBinderDelegate>g__Bind|0>d.MoveNext()
--- End of stack trace from previous location ---
   at Microsoft.AspNetCore.Mvc.Infrastructure.ControllerActionInvoker.<InvokeInnerFilterAsync>g__Awaited|13_0(ControllerActionInvoker invoker, Task lastTask, State next, Scope scope, Object state, Boolean isCompleted)
   at Microsoft.AspNetCore.Mvc.Infrastructure.ResourceInvoker.<InvokeNextResourceFilter>g__Awaited|25_0(ResourceInvoker invoker, Task lastTask, State next, Scope scope, Object state, Boolean isCompleted)
   at Microsoft.AspNetCore.Mvc.Infrastructure.ResourceInvoker.Rethrow(ResourceExecutedContextSealed context)
   at Microsoft.AspNetCore.Mvc.Infrastructure.ResourceInvoker.Next(State& next, Scope& scope, Object& state, Boolean& isCompleted)
   at Microsoft.AspNetCore.Mvc.Infrastructure.ResourceInvoker.InvokeFilterPipelineAsync()
--- End of stack trace from previous location ---
   at Microsoft.AspNetCore.Mvc.Infrastructure.ResourceInvoker.<InvokeAsync>g__Awaited|17_0(ResourceInvoker invoker, Task task, IDisposable scope)
   at Microsoft.AspNetCore.Mvc.Infrastructure.ResourceInvoker.<InvokeAsync>g__Awaited|17_0(ResourceInvoker invoker, Task task, IDisposable scope)
   at Microsoft.AspNetCore.Routing.EndpointMiddleware.<Invoke>g__AwaitRequestTask|6_0(Endpoint endpoint, Task requestTask, ILogger logger)
   at Microsoft.AspNetCore.Authorization.AuthorizationMiddleware.Invoke(HttpContext context)
   at Terrasoft.WebHost.Middleware.AcquireRequestStateMiddleware.Invoke(HttpContext httpContext) in /opt/buildagent/work/ApplicationCoreLinux/TSBpm/Src/Lib/Terrasoft.WebHost/Middleware/AcquireRequestStateMiddleware.cs:line 183
   at Microsoft.AspNetCore.Session.SessionMiddleware.Invoke(HttpContext context)
   at Microsoft.AspNetCore.Session.SessionMiddleware.Invoke(HttpContext context)
   at Terrasoft.Authentication.Middleware.OpenIdMiddleware.Invoke(HttpContext httpContext, IOpenIdAuthorizeInitiator openIdAuthorizeInitiator) in /opt/buildagent/work/ApplicationCoreLinux/TSBpm/Src/Lib/Terrasoft.Authentication/Middleware/OpenIdMiddleware.cs:line 42
   at Microsoft.AspNetCore.Authentication.AuthenticationMiddleware.Invoke(HttpContext context)
   at Terrasoft.WebHost.Middleware.CustomHeadersMiddleware.Invoke(HttpContext context) in /opt/buildagent/work/ApplicationCoreLinux/TSBpm/Src/Lib/Terrasoft.WebHost/Middleware/CustomHeadersMiddleware.cs:line 96
   at Terrasoft.WebHost.Middleware.FileUploadSecurityMiddleware.Invoke(HttpContext context) in /opt/buildagent/work/ApplicationCoreLinux/TSBpm/Src/Lib/Terrasoft.WebHost/Middleware/FileUploadSecurityMiddleware.cs:line 77
   at Terrasoft.WebHost.UserConnectionLifetimeMiddleware.Invoke(HttpContext context) in /opt/buildagent/work/ApplicationCoreLinux/TSBpm/Src/Lib/Terrasoft.WebHost/Middleware/UserConnectionLifetimeMiddleware.cs:line 46
   at Terrasoft.WebHost.Middleware.RequestResponseLoggingMiddleware.<>c__DisplayClass26_0.<<Invoke>b__0>d.MoveNext() in /opt/buildagent/work/ApplicationCoreLinux/TSBpm/Src/Lib/Terrasoft.WebHost/Middleware/RequestResponseLoggingMiddleware.cs:line 245
--- End of stack trace from previous location ---
   at Terrasoft.WebHost.Middleware.RequestResponseLoggingMiddleware.PrepareBodyStreamIf(Boolean condition, HttpContext context, Func`3 action) in /opt/buildagent/work/ApplicationCoreLinux/TSBpm/Src/Lib/Terrasoft.WebHost/Middleware/RequestResponseLoggingMiddleware.cs:line 214
   at Terrasoft.WebHost.Middleware.RequestResponseLoggingMiddleware.PrepareBodyStreamIf(Boolean condition, HttpContext context, Func`3 action) in /opt/buildagent/work/ApplicationCoreLinux/TSBpm/Src/Lib/Terrasoft.WebHost/Middleware/RequestResponseLoggingMiddleware.cs:line 214
   at Terrasoft.WebHost.Middleware.RequestResponseLoggingMiddleware.Invoke(HttpContext context) in /opt/buildagent/work/ApplicationCoreLinux/TSBpm/Src/Lib/Terrasoft.WebHost/Middleware/RequestResponseLoggingMiddleware.cs:line 246
   at Microsoft.AspNetCore.Server.Kestrel.Core.Internal.Http.HttpProtocol.ProcessRequests[TContext](IHttpApplication`1 application)
