2023-12-18 11:59:12,215 ERROR  ProcessEngine RunProcessByStartTimerEvent - Could not run process by start timer event. The schema "StartProcessWebhookToEntity" is not enabled.
2023-12-18 11:59:14,051 INFO  Process IsDailyActualizationAllowedConditionalFlowExpressionExecute - Process: ContactAgeActualizationRunnerProcess, Source element: ExclusiveGateway2, Conditional flow: IsDailyActualizationAllowedConditionalFlow, Expression: ((Boolean)SysSettings.GetValue(UserConnection, "ActualizeAge")) && ((Boolean)SysSettings.GetValue(UserConnection, "RunAgeActualizationDaily")), Result: True
2023-12-18 11:59:14,066 INFO  Process ConditionalSequenceFlow1ExpressionExecute - Process: ContactActualizeAgeProcess, Source element: ExclusiveGateway1, Conditional flow: ConditionalSequenceFlow1, Expression: (IsNeedToNotifyUser), Result: False
2023-12-18 11:59:14,102 INFO  Process ConditionalSequenceFlow3ExpressionExecute - Process: ContactActualizeAgeProcess, Source element: ExclusiveGateway2, Conditional flow: ConditionalSequenceFlow3, Expression: (IsNeedToNotifyUser), Result: False
2023-12-18 12:00:00,009 ERROR  ProcessEngine RunProcessByStartTimerEvent - Could not run process by start timer event. The schema "StartProcessWebhookToEntity" is not enabled.
2023-12-18 12:01:00,017 ERROR  ProcessEngine RunProcessByStartTimerEvent - Could not run process by start timer event. The schema "StartProcessWebhookToEntity" is not enabled.
2023-12-18 12:02:00,018 ERROR  ProcessEngine RunProcessByStartTimerEvent - Could not run process by start timer event. The schema "StartProcessWebhookToEntity" is not enabled.
2023-12-18 12:03:00,019 ERROR  ProcessEngine RunProcessByStartTimerEvent - Could not run process by start timer event. The schema "StartProcessWebhookToEntity" is not enabled.
2023-12-18 12:04:00,019 ERROR  ProcessEngine RunProcessByStartTimerEvent - Could not run process by start timer event. The schema "StartProcessWebhookToEntity" is not enabled.
2023-12-18 12:05:00,018 ERROR  ProcessEngine RunProcessByStartTimerEvent - Could not run process by start timer event. The schema "StartProcessWebhookToEntity" is not enabled.
2023-12-18 12:06:00,017 ERROR  ProcessEngine RunProcessByStartTimerEvent - Could not run process by start timer event. The schema "StartProcessWebhookToEntity" is not enabled.
2023-12-18 12:07:00,018 ERROR  ProcessEngine RunProcessByStartTimerEvent - Could not run process by start timer event. The schema "StartProcessWebhookToEntity" is not enabled.
2023-12-18 12:08:00,018 ERROR  ProcessEngine RunProcessByStartTimerEvent - Could not run process by start timer event. The schema "StartProcessWebhookToEntity" is not enabled.
2023-12-18 12:09:00,019 ERROR  ProcessEngine Execute - Could not run process by start timer event. The schema "StartProcessWebhookToEntity" is not enabled.
2023-12-18 12:10:00,018 ERROR  ProcessEngine Execute - Could not run process by start timer event. The schema "StartProcessWebhookToEntity" is not enabled.
2023-12-18 12:11:00,018 ERROR  ProcessEngine Execute - Could not run process by start timer event. The schema "StartProcessWebhookToEntity" is not enabled.
2023-12-18 12:12:00,005 ERROR  ProcessEngine Execute - Could not run process by start timer event. The schema "StartProcessWebhookToEntity" is not enabled.
2023-12-18 12:13:00,015 ERROR  ProcessEngine Execute - Could not run process by start timer event. The schema "StartProcessWebhookToEntity" is not enabled.
2023-12-18 12:14:00,007 ERROR  ProcessEngine Execute - Could not run process by start timer event. The schema "StartProcessWebhookToEntity" is not enabled.
2023-12-18 12:15:00,005 ERROR  ProcessEngine Execute - Could not run process by start timer event. The schema "StartProcessWebhookToEntity" is not enabled.
2023-12-18 12:16:00,005 ERROR  ProcessEngine Execute - Could not run process by start timer event. The schema "StartProcessWebhookToEntity" is not enabled.
2023-12-18 12:17:00,017 ERROR  ProcessEngine Execute - Could not run process by start timer event. The schema "StartProcessWebhookToEntity" is not enabled.
2023-12-18 12:18:00,005 ERROR  ProcessEngine Execute - Could not run process by start timer event. The schema "StartProcessWebhookToEntity" is not enabled.
2023-12-18 12:19:00,018 ERROR  ProcessEngine Execute - Could not run process by start timer event. The schema "StartProcessWebhookToEntity" is not enabled.
2023-12-18 12:20:00,015 ERROR  ProcessEngine Execute - Could not run process by start timer event. The schema "StartProcessWebhookToEntity" is not enabled.
2023-12-18 12:21:00,005 ERROR  ProcessEngine Execute - Could not run process by start timer event. The schema "StartProcessWebhookToEntity" is not enabled.
2023-12-18 12:22:00,013 ERROR  ProcessEngine Execute - Could not run process by start timer event. The schema "StartProcessWebhookToEntity" is not enabled.
2023-12-18 12:23:00,018 ERROR  ProcessEngine Execute - Could not run process by start timer event. The schema "StartProcessWebhookToEntity" is not enabled.
2023-12-18 12:24:00,018 ERROR  ProcessEngine Execute - Could not run process by start timer event. The schema "StartProcessWebhookToEntity" is not enabled.
2023-12-18 12:25:00,018 ERROR  ProcessEngine Execute - Could not run process by start timer event. The schema "StartProcessWebhookToEntity" is not enabled.
2023-12-18 12:26:00,018 ERROR  ProcessEngine Execute - Could not run process by start timer event. The schema "StartProcessWebhookToEntity" is not enabled.
2023-12-18 12:27:00,005 ERROR  ProcessEngine Execute - Could not run process by start timer event. The schema "StartProcessWebhookToEntity" is not enabled.
2023-12-18 12:28:00,005 ERROR  ProcessEngine Execute - Could not run process by start timer event. The schema "StartProcessWebhookToEntity" is not enabled.
2023-12-18 12:29:00,025 ERROR  ProcessEngine Execute - Could not run process by start timer event. The schema "StartProcessWebhookToEntity" is not enabled.
2023-12-18 12:30:00,018 ERROR  ProcessEngine Execute - Could not run process by start timer event. The schema "StartProcessWebhookToEntity" is not enabled.
2023-12-18 12:31:00,005 ERROR  ProcessEngine Execute - Could not run process by start timer event. The schema "StartProcessWebhookToEntity" is not enabled.
2023-12-18 12:32:00,017 ERROR  ProcessEngine Execute - Could not run process by start timer event. The schema "StartProcessWebhookToEntity" is not enabled.
2023-12-18 12:33:00,018 ERROR  ProcessEngine Execute - Could not run process by start timer event. The schema "StartProcessWebhookToEntity" is not enabled.
2023-12-18 12:34:00,006 ERROR  ProcessEngine Execute - Could not run process by start timer event. The schema "StartProcessWebhookToEntity" is not enabled.
2023-12-18 12:35:00,007 ERROR  ProcessEngine Execute - Could not run process by start timer event. The schema "StartProcessWebhookToEntity" is not enabled.
2023-12-18 12:36:00,018 ERROR  ProcessEngine Execute - Could not run process by start timer event. The schema "StartProcessWebhookToEntity" is not enabled.
2023-12-18 12:37:00,007 ERROR  ProcessEngine Execute - Could not run process by start timer event. The schema "StartProcessWebhookToEntity" is not enabled.
2023-12-18 12:38:00,018 ERROR  ProcessEngine Execute - Could not run process by start timer event. The schema "StartProcessWebhookToEntity" is not enabled.
2023-12-18 12:39:00,005 ERROR  ProcessEngine Execute - Could not run process by start timer event. The schema "StartProcessWebhookToEntity" is not enabled.
2023-12-18 12:40:00,017 ERROR  ProcessEngine Execute - Could not run process by start timer event. The schema "StartProcessWebhookToEntity" is not enabled.
2023-12-18 12:41:00,007 ERROR  ProcessEngine Execute - Could not run process by start timer event. The schema "StartProcessWebhookToEntity" is not enabled.
2023-12-18 12:42:00,006 ERROR  ProcessEngine Execute - Could not run process by start timer event. The schema "StartProcessWebhookToEntity" is not enabled.
2023-12-18 12:43:00,014 ERROR  ProcessEngine Execute - Could not run process by start timer event. The schema "StartProcessWebhookToEntity" is not enabled.
2023-12-18 12:44:00,018 ERROR  ProcessEngine Execute - Could not run process by start timer event. The schema "StartProcessWebhookToEntity" is not enabled.
2023-12-18 12:45:00,018 ERROR  ProcessEngine Execute - Could not run process by start timer event. The schema "StartProcessWebhookToEntity" is not enabled.
2023-12-18 12:46:00,018 ERROR  ProcessEngine Execute - Could not run process by start timer event. The schema "StartProcessWebhookToEntity" is not enabled.
2023-12-18 12:47:00,005 ERROR  ProcessEngine Execute - Could not run process by start timer event. The schema "StartProcessWebhookToEntity" is not enabled.
2023-12-18 12:48:00,018 ERROR  ProcessEngine Execute - Could not run process by start timer event. The schema "StartProcessWebhookToEntity" is not enabled.
2023-12-18 12:49:00,017 ERROR  ProcessEngine Execute - Could not run process by start timer event. The schema "StartProcessWebhookToEntity" is not enabled.
2023-12-18 12:50:00,006 ERROR  ProcessEngine Execute - Could not run process by start timer event. The schema "StartProcessWebhookToEntity" is not enabled.
2023-12-18 12:51:00,008 ERROR  ProcessEngine Execute - Could not run process by start timer event. The schema "StartProcessWebhookToEntity" is not enabled.
2023-12-18 12:52:00,030 ERROR  ProcessEngine Execute - Could not run process by start timer event. The schema "StartProcessWebhookToEntity" is not enabled.
2023-12-18 12:53:00,025 ERROR  ProcessEngine Execute - Could not run process by start timer event. The schema "StartProcessWebhookToEntity" is not enabled.
2023-12-18 12:54:00,005 ERROR  ProcessEngine Execute - Could not run process by start timer event. The schema "StartProcessWebhookToEntity" is not enabled.
2023-12-18 12:55:00,005 ERROR  ProcessEngine Execute - Could not run process by start timer event. The schema "StartProcessWebhookToEntity" is not enabled.
2023-12-18 12:56:00,059 ERROR  ProcessEngine Execute - Could not run process by start timer event. The schema "StartProcessWebhookToEntity" is not enabled.
2023-12-18 12:57:00,005 ERROR  ProcessEngine Execute - Could not run process by start timer event. The schema "StartProcessWebhookToEntity" is not enabled.
2023-12-18 12:59:55,770 ERROR  ProcessEngine RunProcessByStartTimerEvent - Could not run process by start timer event. The schema "StartProcessWebhookToEntity" is not enabled.
2023-12-18 12:59:56,013 ERROR  ProcessEngine RunProcessByStartTimerEvent - Could not run process by start timer event. The schema "StartProcessWebhookToEntity" is not enabled.
2023-12-18 13:00:00,017 ERROR  ProcessEngine RunProcessByStartTimerEvent - Could not run process by start timer event. The schema "StartProcessWebhookToEntity" is not enabled.
2023-12-18 13:01:00,018 ERROR  ProcessEngine RunProcessByStartTimerEvent - Could not run process by start timer event. The schema "StartProcessWebhookToEntity" is not enabled.
2023-12-18 13:02:00,005 ERROR  ProcessEngine RunProcessByStartTimerEvent - Could not run process by start timer event. The schema "StartProcessWebhookToEntity" is not enabled.
2023-12-18 13:03:00,015 ERROR  ProcessEngine RunProcessByStartTimerEvent - Could not run process by start timer event. The schema "StartProcessWebhookToEntity" is not enabled.
2023-12-18 13:04:00,005 ERROR  ProcessEngine RunProcessByStartTimerEvent - Could not run process by start timer event. The schema "StartProcessWebhookToEntity" is not enabled.
2023-12-18 13:05:00,017 ERROR  ProcessEngine RunProcessByStartTimerEvent - Could not run process by start timer event. The schema "StartProcessWebhookToEntity" is not enabled.
2023-12-18 13:06:00,015 ERROR  ProcessEngine RunProcessByStartTimerEvent - Could not run process by start timer event. The schema "StartProcessWebhookToEntity" is not enabled.
2023-12-18 13:07:00,018 ERROR  ProcessEngine RunProcessByStartTimerEvent - Could not run process by start timer event. The schema "StartProcessWebhookToEntity" is not enabled.
2023-12-18 13:08:00,019 ERROR  ProcessEngine RunProcessByStartTimerEvent - Could not run process by start timer event. The schema "StartProcessWebhookToEntity" is not enabled.
2023-12-18 13:09:00,005 ERROR  ProcessEngine RunProcessByStartTimerEvent - Could not run process by start timer event. The schema "StartProcessWebhookToEntity" is not enabled.
2023-12-18 13:10:00,010 ERROR  ProcessEngine RunProcessByStartTimerEvent - Could not run process by start timer event. The schema "StartProcessWebhookToEntity" is not enabled.
2023-12-18 13:11:00,018 ERROR  ProcessEngine RunProcessByStartTimerEvent - Could not run process by start timer event. The schema "StartProcessWebhookToEntity" is not enabled.
2023-12-18 13:12:00,018 ERROR  ProcessEngine RunProcessByStartTimerEvent - Could not run process by start timer event. The schema "StartProcessWebhookToEntity" is not enabled.
2023-12-18 13:13:00,013 ERROR  ProcessEngine Execute - Could not run process by start timer event. The schema "StartProcessWebhookToEntity" is not enabled.
2023-12-18 13:14:00,013 ERROR  ProcessEngine Execute - Could not run process by start timer event. The schema "StartProcessWebhookToEntity" is not enabled.
2023-12-18 13:15:00,006 ERROR  ProcessEngine Execute - Could not run process by start timer event. The schema "StartProcessWebhookToEntity" is not enabled.
2023-12-18 13:16:00,017 ERROR  ProcessEngine Execute - Could not run process by start timer event. The schema "StartProcessWebhookToEntity" is not enabled.
2023-12-18 13:17:00,005 ERROR  ProcessEngine Execute - Could not run process by start timer event. The schema "StartProcessWebhookToEntity" is not enabled.
2023-12-18 13:18:00,022 ERROR  ProcessEngine Execute - Could not run process by start timer event. The schema "StartProcessWebhookToEntity" is not enabled.
2023-12-18 13:19:00,013 ERROR  ProcessEngine Execute - Could not run process by start timer event. The schema "StartProcessWebhookToEntity" is not enabled.
2023-12-18 13:20:00,005 ERROR  ProcessEngine Execute - Could not run process by start timer event. The schema "StartProcessWebhookToEntity" is not enabled.
2023-12-18 13:21:00,021 ERROR  ProcessEngine Execute - Could not run process by start timer event. The schema "StartProcessWebhookToEntity" is not enabled.
2023-12-18 13:22:00,006 ERROR  ProcessEngine Execute - Could not run process by start timer event. The schema "StartProcessWebhookToEntity" is not enabled.
2023-12-18 13:23:00,008 ERROR  ProcessEngine Execute - Could not run process by start timer event. The schema "StartProcessWebhookToEntity" is not enabled.
2023-12-18 13:24:00,017 ERROR  ProcessEngine Execute - Could not run process by start timer event. The schema "StartProcessWebhookToEntity" is not enabled.
2023-12-18 13:25:00,010 ERROR  ProcessEngine Execute - Could not run process by start timer event. The schema "StartProcessWebhookToEntity" is not enabled.
2023-12-18 13:26:00,006 ERROR  ProcessEngine Execute - Could not run process by start timer event. The schema "StartProcessWebhookToEntity" is not enabled.
2023-12-18 13:27:00,017 ERROR  ProcessEngine Execute - Could not run process by start timer event. The schema "StartProcessWebhookToEntity" is not enabled.
2023-12-18 13:28:00,012 ERROR  ProcessEngine Execute - Could not run process by start timer event. The schema "StartProcessWebhookToEntity" is not enabled.
2023-12-18 13:29:00,018 ERROR  ProcessEngine Execute - Could not run process by start timer event. The schema "StartProcessWebhookToEntity" is not enabled.
2023-12-18 13:30:00,018 ERROR  ProcessEngine Execute - Could not run process by start timer event. The schema "StartProcessWebhookToEntity" is not enabled.
2023-12-18 13:31:00,018 ERROR  ProcessEngine Execute - Could not run process by start timer event. The schema "StartProcessWebhookToEntity" is not enabled.
2023-12-18 13:32:00,017 ERROR  ProcessEngine Execute - Could not run process by start timer event. The schema "StartProcessWebhookToEntity" is not enabled.
2023-12-18 13:33:00,017 ERROR  ProcessEngine Execute - Could not run process by start timer event. The schema "StartProcessWebhookToEntity" is not enabled.
2023-12-18 13:34:00,006 ERROR  ProcessEngine Execute - Could not run process by start timer event. The schema "StartProcessWebhookToEntity" is not enabled.
2023-12-18 13:35:00,017 ERROR  ProcessEngine Execute - Could not run process by start timer event. The schema "StartProcessWebhookToEntity" is not enabled.
2023-12-18 13:36:00,018 ERROR  ProcessEngine Execute - Could not run process by start timer event. The schema "StartProcessWebhookToEntity" is not enabled.
2023-12-18 13:37:00,016 ERROR  ProcessEngine Execute - Could not run process by start timer event. The schema "StartProcessWebhookToEntity" is not enabled.
2023-12-18 13:38:00,018 ERROR  ProcessEngine Execute - Could not run process by start timer event. The schema "StartProcessWebhookToEntity" is not enabled.
2023-12-18 13:39:00,013 ERROR  ProcessEngine Execute - Could not run process by start timer event. The schema "StartProcessWebhookToEntity" is not enabled.
2023-12-18 13:40:00,018 ERROR  ProcessEngine Execute - Could not run process by start timer event. The schema "StartProcessWebhookToEntity" is not enabled.
2023-12-18 13:41:00,018 ERROR  ProcessEngine Execute - Could not run process by start timer event. The schema "StartProcessWebhookToEntity" is not enabled.
2023-12-18 13:42:00,005 ERROR  ProcessEngine Execute - Could not run process by start timer event. The schema "StartProcessWebhookToEntity" is not enabled.
2023-12-18 13:43:00,018 ERROR  ProcessEngine Execute - Could not run process by start timer event. The schema "StartProcessWebhookToEntity" is not enabled.
2023-12-18 13:44:00,017 ERROR  ProcessEngine Execute - Could not run process by start timer event. The schema "StartProcessWebhookToEntity" is not enabled.
2023-12-18 13:45:00,018 ERROR  ProcessEngine Execute - Could not run process by start timer event. The schema "StartProcessWebhookToEntity" is not enabled.
2023-12-18 13:46:00,018 ERROR  ProcessEngine Execute - Could not run process by start timer event. The schema "StartProcessWebhookToEntity" is not enabled.
2023-12-18 13:47:00,018 ERROR  ProcessEngine Execute - Could not run process by start timer event. The schema "StartProcessWebhookToEntity" is not enabled.
2023-12-18 13:48:00,017 ERROR  ProcessEngine Execute - Could not run process by start timer event. The schema "StartProcessWebhookToEntity" is not enabled.
2023-12-18 13:49:00,005 ERROR  ProcessEngine Execute - Could not run process by start timer event. The schema "StartProcessWebhookToEntity" is not enabled.
2023-12-18 13:50:00,005 ERROR  ProcessEngine Execute - Could not run process by start timer event. The schema "StartProcessWebhookToEntity" is not enabled.
2023-12-18 13:51:00,006 ERROR  ProcessEngine Execute - Could not run process by start timer event. The schema "StartProcessWebhookToEntity" is not enabled.
2023-12-18 13:52:00,018 ERROR  ProcessEngine Execute - Could not run process by start timer event. The schema "StartProcessWebhookToEntity" is not enabled.
2023-12-18 13:53:00,007 ERROR  ProcessEngine Execute - Could not run process by start timer event. The schema "StartProcessWebhookToEntity" is not enabled.
2023-12-18 13:54:00,014 ERROR  ProcessEngine Execute - Could not run process by start timer event. The schema "StartProcessWebhookToEntity" is not enabled.
2023-12-18 13:55:00,005 ERROR  ProcessEngine Execute - Could not run process by start timer event. The schema "StartProcessWebhookToEntity" is not enabled.
2023-12-18 13:57:38,586 ERROR  ProcessEngine RunProcessByStartTimerEvent - Could not run process by start timer event. The schema "StartProcessWebhookToEntity" is not enabled.
2023-12-18 13:57:38,824 ERROR  ProcessEngine RunProcessByStartTimerEvent - Could not run process by start timer event. The schema "StartProcessWebhookToEntity" is not enabled.
2023-12-18 13:58:00,019 ERROR  ProcessEngine RunProcessByStartTimerEvent - Could not run process by start timer event. The schema "StartProcessWebhookToEntity" is not enabled.
2023-12-18 13:59:00,018 ERROR  ProcessEngine RunProcessByStartTimerEvent - Could not run process by start timer event. The schema "StartProcessWebhookToEntity" is not enabled.
2023-12-18 14:00:00,016 ERROR  ProcessEngine RunProcessByStartTimerEvent - Could not run process by start timer event. The schema "StartProcessWebhookToEntity" is not enabled.
2023-12-18 14:01:00,019 ERROR  ProcessEngine RunProcessByStartTimerEvent - Could not run process by start timer event. The schema "StartProcessWebhookToEntity" is not enabled.
2023-12-18 14:02:00,018 ERROR  ProcessEngine RunProcessByStartTimerEvent - Could not run process by start timer event. The schema "StartProcessWebhookToEntity" is not enabled.
2023-12-18 14:03:00,018 ERROR  ProcessEngine RunProcessByStartTimerEvent - Could not run process by start timer event. The schema "StartProcessWebhookToEntity" is not enabled.
2023-12-18 14:04:00,017 ERROR  ProcessEngine RunProcessByStartTimerEvent - Could not run process by start timer event. The schema "StartProcessWebhookToEntity" is not enabled.
2023-12-18 14:05:00,018 ERROR  ProcessEngine RunProcessByStartTimerEvent - Could not run process by start timer event. The schema "StartProcessWebhookToEntity" is not enabled.
2023-12-18 14:06:00,015 ERROR  ProcessEngine RunProcessByStartTimerEvent - Could not run process by start timer event. The schema "StartProcessWebhookToEntity" is not enabled.
2023-12-18 14:07:00,018 ERROR  ProcessEngine RunProcessByStartTimerEvent - Could not run process by start timer event. The schema "StartProcessWebhookToEntity" is not enabled.
2023-12-18 14:08:00,017 ERROR  ProcessEngine RunProcessByStartTimerEvent - Could not run process by start timer event. The schema "StartProcessWebhookToEntity" is not enabled.
2023-12-18 14:09:00,018 ERROR  ProcessEngine RunProcessByStartTimerEvent - Could not run process by start timer event. The schema "StartProcessWebhookToEntity" is not enabled.
2023-12-18 14:10:00,018 ERROR  ProcessEngine RunProcessByStartTimerEvent - Could not run process by start timer event. The schema "StartProcessWebhookToEntity" is not enabled.
2023-12-18 14:11:00,014 ERROR  ProcessEngine Execute - Could not run process by start timer event. The schema "StartProcessWebhookToEntity" is not enabled.
2023-12-18 14:12:00,020 ERROR  ProcessEngine Execute - Could not run process by start timer event. The schema "StartProcessWebhookToEntity" is not enabled.
2023-12-18 14:13:00,018 ERROR  ProcessEngine Execute - Could not run process by start timer event. The schema "StartProcessWebhookToEntity" is not enabled.
2023-12-18 14:14:00,018 ERROR  ProcessEngine Execute - Could not run process by start timer event. The schema "StartProcessWebhookToEntity" is not enabled.
2023-12-18 14:15:00,018 ERROR  ProcessEngine Execute - Could not run process by start timer event. The schema "StartProcessWebhookToEntity" is not enabled.
2023-12-18 14:16:00,018 ERROR  ProcessEngine Execute - Could not run process by start timer event. The schema "StartProcessWebhookToEntity" is not enabled.
2023-12-18 14:17:00,015 ERROR  ProcessEngine Execute - Could not run process by start timer event. The schema "StartProcessWebhookToEntity" is not enabled.
2023-12-18 14:18:00,018 ERROR  ProcessEngine Execute - Could not run process by start timer event. The schema "StartProcessWebhookToEntity" is not enabled.
2023-12-18 14:19:00,019 ERROR  ProcessEngine Execute - Could not run process by start timer event. The schema "StartProcessWebhookToEntity" is not enabled.
2023-12-18 14:20:00,017 ERROR  ProcessEngine Execute - Could not run process by start timer event. The schema "StartProcessWebhookToEntity" is not enabled.
2023-12-18 14:21:00,018 ERROR  ProcessEngine Execute - Could not run process by start timer event. The schema "StartProcessWebhookToEntity" is not enabled.
2023-12-18 14:22:00,018 ERROR  ProcessEngine Execute - Could not run process by start timer event. The schema "StartProcessWebhookToEntity" is not enabled.
2023-12-18 14:23:00,018 ERROR  ProcessEngine Execute - Could not run process by start timer event. The schema "StartProcessWebhookToEntity" is not enabled.
2023-12-18 14:24:00,016 ERROR  ProcessEngine Execute - Could not run process by start timer event. The schema "StartProcessWebhookToEntity" is not enabled.
2023-12-18 14:25:00,018 ERROR  ProcessEngine Execute - Could not run process by start timer event. The schema "StartProcessWebhookToEntity" is not enabled.
2023-12-18 14:26:00,018 ERROR  ProcessEngine Execute - Could not run process by start timer event. The schema "StartProcessWebhookToEntity" is not enabled.
2023-12-18 14:27:00,019 ERROR  ProcessEngine Execute - Could not run process by start timer event. The schema "StartProcessWebhookToEntity" is not enabled.
2023-12-18 14:28:00,005 ERROR  ProcessEngine Execute - Could not run process by start timer event. The schema "StartProcessWebhookToEntity" is not enabled.
2023-12-18 14:29:00,019 ERROR  ProcessEngine Execute - Could not run process by start timer event. The schema "StartProcessWebhookToEntity" is not enabled.
2023-12-18 14:30:00,015 ERROR  ProcessEngine Execute - Could not run process by start timer event. The schema "StartProcessWebhookToEntity" is not enabled.
2023-12-18 14:31:00,018 ERROR  ProcessEngine Execute - Could not run process by start timer event. The schema "StartProcessWebhookToEntity" is not enabled.
2023-12-18 14:32:00,007 ERROR  ProcessEngine Execute - Could not run process by start timer event. The schema "StartProcessWebhookToEntity" is not enabled.
2023-12-18 14:33:00,018 ERROR  ProcessEngine Execute - Could not run process by start timer event. The schema "StartProcessWebhookToEntity" is not enabled.
2023-12-18 14:34:00,018 ERROR  ProcessEngine Execute - Could not run process by start timer event. The schema "StartProcessWebhookToEntity" is not enabled.
2023-12-18 14:35:00,018 ERROR  ProcessEngine Execute - Could not run process by start timer event. The schema "StartProcessWebhookToEntity" is not enabled.
2023-12-18 14:36:00,015 ERROR  ProcessEngine Execute - Could not run process by start timer event. The schema "StartProcessWebhookToEntity" is not enabled.
2023-12-18 14:37:00,018 ERROR  ProcessEngine Execute - Could not run process by start timer event. The schema "StartProcessWebhookToEntity" is not enabled.
2023-12-18 14:38:00,018 ERROR  ProcessEngine Execute - Could not run process by start timer event. The schema "StartProcessWebhookToEntity" is not enabled.
2023-12-18 14:39:00,016 ERROR  ProcessEngine Execute - Could not run process by start timer event. The schema "StartProcessWebhookToEntity" is not enabled.
2023-12-18 14:40:00,017 ERROR  ProcessEngine Execute - Could not run process by start timer event. The schema "StartProcessWebhookToEntity" is not enabled.
2023-12-18 14:41:00,005 ERROR  ProcessEngine Execute - Could not run process by start timer event. The schema "StartProcessWebhookToEntity" is not enabled.
2023-12-18 14:42:00,005 ERROR  ProcessEngine Execute - Could not run process by start timer event. The schema "StartProcessWebhookToEntity" is not enabled.
2023-12-18 14:43:00,005 ERROR  ProcessEngine Execute - Could not run process by start timer event. The schema "StartProcessWebhookToEntity" is not enabled.
2023-12-18 14:45:34,316 ERROR  ProcessEngine RunProcessByStartTimerEvent - Could not run process by start timer event. The schema "StartProcessWebhookToEntity" is not enabled.
2023-12-18 14:45:34,513 ERROR  ProcessEngine RunProcessByStartTimerEvent - Could not run process by start timer event. The schema "StartProcessWebhookToEntity" is not enabled.
2023-12-18 14:46:00,005 ERROR  ProcessEngine RunProcessByStartTimerEvent - Could not run process by start timer event. The schema "StartProcessWebhookToEntity" is not enabled.
2023-12-18 14:47:00,018 ERROR  ProcessEngine RunProcessByStartTimerEvent - Could not run process by start timer event. The schema "StartProcessWebhookToEntity" is not enabled.
2023-12-18 14:48:00,018 ERROR  ProcessEngine RunProcessByStartTimerEvent - Could not run process by start timer event. The schema "StartProcessWebhookToEntity" is not enabled.
2023-12-18 14:49:00,018 ERROR  ProcessEngine RunProcessByStartTimerEvent - Could not run process by start timer event. The schema "StartProcessWebhookToEntity" is not enabled.
2023-12-18 14:50:00,018 ERROR  ProcessEngine RunProcessByStartTimerEvent - Could not run process by start timer event. The schema "StartProcessWebhookToEntity" is not enabled.
2023-12-18 14:51:00,018 ERROR  ProcessEngine RunProcessByStartTimerEvent - Could not run process by start timer event. The schema "StartProcessWebhookToEntity" is not enabled.
2023-12-18 14:52:00,018 ERROR  ProcessEngine RunProcessByStartTimerEvent - Could not run process by start timer event. The schema "StartProcessWebhookToEntity" is not enabled.
2023-12-18 14:53:00,018 ERROR  ProcessEngine RunProcessByStartTimerEvent - Could not run process by start timer event. The schema "StartProcessWebhookToEntity" is not enabled.
2023-12-18 14:54:00,009 ERROR  ProcessEngine RunProcessByStartTimerEvent - Could not run process by start timer event. The schema "StartProcessWebhookToEntity" is not enabled.
2023-12-18 14:55:00,018 ERROR  ProcessEngine RunProcessByStartTimerEvent - Could not run process by start timer event. The schema "StartProcessWebhookToEntity" is not enabled.
2023-12-18 14:56:00,005 ERROR  ProcessEngine RunProcessByStartTimerEvent - Could not run process by start timer event. The schema "StartProcessWebhookToEntity" is not enabled.
2023-12-18 14:57:00,007 ERROR  ProcessEngine RunProcessByStartTimerEvent - Could not run process by start timer event. The schema "StartProcessWebhookToEntity" is not enabled.
2023-12-18 14:58:00,018 ERROR  ProcessEngine RunProcessByStartTimerEvent - Could not run process by start timer event. The schema "StartProcessWebhookToEntity" is not enabled.
2023-12-18 14:59:00,018 ERROR  ProcessEngine RunProcessByStartTimerEvent - Could not run process by start timer event. The schema "StartProcessWebhookToEntity" is not enabled.
2023-12-18 15:00:00,018 ERROR  ProcessEngine Execute - Could not run process by start timer event. The schema "StartProcessWebhookToEntity" is not enabled.
2023-12-18 15:01:00,018 ERROR  ProcessEngine Execute - Could not run process by start timer event. The schema "StartProcessWebhookToEntity" is not enabled.
2023-12-18 15:02:00,005 ERROR  ProcessEngine Execute - Could not run process by start timer event. The schema "StartProcessWebhookToEntity" is not enabled.
2023-12-18 15:03:00,007 ERROR  ProcessEngine Execute - Could not run process by start timer event. The schema "StartProcessWebhookToEntity" is not enabled.
2023-12-18 15:04:00,021 ERROR  ProcessEngine Execute - Could not run process by start timer event. The schema "StartProcessWebhookToEntity" is not enabled.
2023-12-18 15:05:00,006 ERROR  ProcessEngine Execute - Could not run process by start timer event. The schema "StartProcessWebhookToEntity" is not enabled.
2023-12-18 15:06:00,005 ERROR  ProcessEngine Execute - Could not run process by start timer event. The schema "StartProcessWebhookToEntity" is not enabled.
2023-12-18 15:07:00,013 ERROR  ProcessEngine Execute - Could not run process by start timer event. The schema "StartProcessWebhookToEntity" is not enabled.
2023-12-18 15:08:00,020 ERROR  ProcessEngine Execute - Could not run process by start timer event. The schema "StartProcessWebhookToEntity" is not enabled.
2023-12-18 15:09:00,005 ERROR  ProcessEngine Execute - Could not run process by start timer event. The schema "StartProcessWebhookToEntity" is not enabled.
2023-12-18 15:10:00,018 ERROR  ProcessEngine Execute - Could not run process by start timer event. The schema "StartProcessWebhookToEntity" is not enabled.
2023-12-18 15:11:00,014 ERROR  ProcessEngine Execute - Could not run process by start timer event. The schema "StartProcessWebhookToEntity" is not enabled.
2023-12-18 15:12:00,020 ERROR  ProcessEngine Execute - Could not run process by start timer event. The schema "StartProcessWebhookToEntity" is not enabled.
2023-12-18 15:13:00,017 ERROR  ProcessEngine Execute - Could not run process by start timer event. The schema "StartProcessWebhookToEntity" is not enabled.
2023-12-18 15:14:00,018 ERROR  ProcessEngine Execute - Could not run process by start timer event. The schema "StartProcessWebhookToEntity" is not enabled.
2023-12-18 15:15:00,018 ERROR  ProcessEngine Execute - Could not run process by start timer event. The schema "StartProcessWebhookToEntity" is not enabled.
2023-12-18 15:16:00,018 ERROR  ProcessEngine Execute - Could not run process by start timer event. The schema "StartProcessWebhookToEntity" is not enabled.
2023-12-18 15:17:00,005 ERROR  ProcessEngine Execute - Could not run process by start timer event. The schema "StartProcessWebhookToEntity" is not enabled.
2023-12-18 15:18:00,006 ERROR  ProcessEngine Execute - Could not run process by start timer event. The schema "StartProcessWebhookToEntity" is not enabled.
2023-12-18 15:19:00,009 ERROR  ProcessEngine Execute - Could not run process by start timer event. The schema "StartProcessWebhookToEntity" is not enabled.
2023-12-18 15:20:00,019 ERROR  ProcessEngine Execute - Could not run process by start timer event. The schema "StartProcessWebhookToEntity" is not enabled.
2023-12-18 15:20:01,150 INFO  Process OnExecuted - Process: FileImportProcess, Source element: ExclusiveGateway1, Conditional flow: ConditionalSequenceFlow4, Expression: (IsUsePersistentFileImportEnabled), Result: True
2023-12-18 15:21:00,027 ERROR  ProcessEngine Execute - Could not run process by start timer event. The schema "StartProcessWebhookToEntity" is not enabled.
2023-12-18 15:22:00,006 ERROR  ProcessEngine Execute - Could not run process by start timer event. The schema "StartProcessWebhookToEntity" is not enabled.
2023-12-18 15:23:00,009 ERROR  ProcessEngine Execute - Could not run process by start timer event. The schema "StartProcessWebhookToEntity" is not enabled.
2023-12-18 15:24:00,006 ERROR  ProcessEngine Execute - Could not run process by start timer event. The schema "StartProcessWebhookToEntity" is not enabled.
2023-12-18 15:25:00,005 ERROR  ProcessEngine Execute - Could not run process by start timer event. The schema "StartProcessWebhookToEntity" is not enabled.
2023-12-18 15:26:00,006 ERROR  ProcessEngine Execute - Could not run process by start timer event. The schema "StartProcessWebhookToEntity" is not enabled.
2023-12-18 15:27:00,019 ERROR  ProcessEngine Execute - Could not run process by start timer event. The schema "StartProcessWebhookToEntity" is not enabled.
2023-12-18 15:28:00,005 ERROR  ProcessEngine Execute - Could not run process by start timer event. The schema "StartProcessWebhookToEntity" is not enabled.
2023-12-18 15:29:00,012 ERROR  ProcessEngine Execute - Could not run process by start timer event. The schema "StartProcessWebhookToEntity" is not enabled.
2023-12-18 15:30:00,021 ERROR  ProcessEngine Execute - Could not run process by start timer event. The schema "StartProcessWebhookToEntity" is not enabled.
2023-12-18 15:31:00,005 ERROR  ProcessEngine Execute - Could not run process by start timer event. The schema "StartProcessWebhookToEntity" is not enabled.
2023-12-18 15:32:00,007 ERROR  ProcessEngine Execute - Could not run process by start timer event. The schema "StartProcessWebhookToEntity" is not enabled.
2023-12-18 15:33:00,006 ERROR  ProcessEngine Execute - Could not run process by start timer event. The schema "StartProcessWebhookToEntity" is not enabled.
2023-12-18 15:34:00,017 ERROR  ProcessEngine Execute - Could not run process by start timer event. The schema "StartProcessWebhookToEntity" is not enabled.
2023-12-18 15:35:00,009 ERROR  ProcessEngine Execute - Could not run process by start timer event. The schema "StartProcessWebhookToEntity" is not enabled.
2023-12-18 15:36:00,005 ERROR  ProcessEngine Execute - Could not run process by start timer event. The schema "StartProcessWebhookToEntity" is not enabled.
2023-12-18 15:37:00,015 ERROR  ProcessEngine Execute - Could not run process by start timer event. The schema "StartProcessWebhookToEntity" is not enabled.
2023-12-18 15:38:00,018 ERROR  ProcessEngine Execute - Could not run process by start timer event. The schema "StartProcessWebhookToEntity" is not enabled.
2023-12-18 15:39:00,018 ERROR  ProcessEngine Execute - Could not run process by start timer event. The schema "StartProcessWebhookToEntity" is not enabled.
2023-12-18 15:40:00,014 ERROR  ProcessEngine Execute - Could not run process by start timer event. The schema "StartProcessWebhookToEntity" is not enabled.
2023-12-18 15:41:00,018 ERROR  ProcessEngine Execute - Could not run process by start timer event. The schema "StartProcessWebhookToEntity" is not enabled.
2023-12-18 15:42:00,005 ERROR  ProcessEngine Execute - Could not run process by start timer event. The schema "StartProcessWebhookToEntity" is not enabled.
2023-12-18 15:43:00,018 ERROR  ProcessEngine Execute - Could not run process by start timer event. The schema "StartProcessWebhookToEntity" is not enabled.
2023-12-18 15:44:00,006 ERROR  ProcessEngine Execute - Could not run process by start timer event. The schema "StartProcessWebhookToEntity" is not enabled.
2023-12-18 15:45:00,018 ERROR  ProcessEngine Execute - Could not run process by start timer event. The schema "StartProcessWebhookToEntity" is not enabled.
2023-12-18 15:46:00,017 ERROR  ProcessEngine Execute - Could not run process by start timer event. The schema "StartProcessWebhookToEntity" is not enabled.
2023-12-18 15:47:00,018 ERROR  ProcessEngine Execute - Could not run process by start timer event. The schema "StartProcessWebhookToEntity" is not enabled.
2023-12-18 15:48:00,005 ERROR  ProcessEngine Execute - Could not run process by start timer event. The schema "StartProcessWebhookToEntity" is not enabled.
2023-12-18 15:49:00,005 ERROR  ProcessEngine Execute - Could not run process by start timer event. The schema "StartProcessWebhookToEntity" is not enabled.
2023-12-18 15:50:00,007 ERROR  ProcessEngine Execute - Could not run process by start timer event. The schema "StartProcessWebhookToEntity" is not enabled.
2023-12-18 15:51:00,018 ERROR  ProcessEngine Execute - Could not run process by start timer event. The schema "StartProcessWebhookToEntity" is not enabled.
2023-12-18 15:52:00,018 ERROR  ProcessEngine Execute - Could not run process by start timer event. The schema "StartProcessWebhookToEntity" is not enabled.
2023-12-18 15:53:00,005 ERROR  ProcessEngine Execute - Could not run process by start timer event. The schema "StartProcessWebhookToEntity" is not enabled.
2023-12-18 15:54:00,011 ERROR  ProcessEngine Execute - Could not run process by start timer event. The schema "StartProcessWebhookToEntity" is not enabled.
2023-12-18 15:55:00,005 ERROR  ProcessEngine Execute - Could not run process by start timer event. The schema "StartProcessWebhookToEntity" is not enabled.
2023-12-18 15:56:00,007 ERROR  ProcessEngine Execute - Could not run process by start timer event. The schema "StartProcessWebhookToEntity" is not enabled.
2023-12-18 15:57:00,009 ERROR  ProcessEngine Execute - Could not run process by start timer event. The schema "StartProcessWebhookToEntity" is not enabled.
2023-12-18 15:58:00,013 ERROR  ProcessEngine Execute - Could not run process by start timer event. The schema "StartProcessWebhookToEntity" is not enabled.
2023-12-18 15:59:01,456 ERROR  ProcessEngine Execute - Could not run process by start timer event. The schema "StartProcessWebhookToEntity" is not enabled.
2023-12-18 16:02:59,417 ERROR  ProcessEngine RunProcessByStartTimerEvent - Could not run process by start timer event. The schema "StartProcessWebhookToEntity" is not enabled.
2023-12-18 16:02:59,608 ERROR  ProcessEngine RunProcessByStartTimerEvent - Could not run process by start timer event. The schema "StartProcessWebhookToEntity" is not enabled.
2023-12-18 16:02:59,978 ERROR  ProcessEngine RunProcessByStartTimerEvent - Could not run process by start timer event. The schema "StartProcessWebhookToEntity" is not enabled.
2023-12-18 16:03:00,067 ERROR  ProcessEngine RunProcessByStartTimerEvent - Could not run process by start timer event. The schema "StartProcessWebhookToEntity" is not enabled.
2023-12-18 16:04:00,006 ERROR  ProcessEngine RunProcessByStartTimerEvent - Could not run process by start timer event. The schema "StartProcessWebhookToEntity" is not enabled.
2023-12-18 16:05:00,006 ERROR  ProcessEngine RunProcessByStartTimerEvent - Could not run process by start timer event. The schema "StartProcessWebhookToEntity" is not enabled.
2023-12-18 16:06:00,010 ERROR  ProcessEngine RunProcessByStartTimerEvent - Could not run process by start timer event. The schema "StartProcessWebhookToEntity" is not enabled.
2023-12-18 16:07:00,010 ERROR  ProcessEngine RunProcessByStartTimerEvent - Could not run process by start timer event. The schema "StartProcessWebhookToEntity" is not enabled.
2023-12-18 16:09:50,443 ERROR  ProcessEngine RunProcessByStartTimerEvent - Could not run process by start timer event. The schema "StartProcessWebhookToEntity" is not enabled.
2023-12-18 16:09:50,626 ERROR  ProcessEngine RunProcessByStartTimerEvent - Could not run process by start timer event. The schema "StartProcessWebhookToEntity" is not enabled.
2023-12-18 16:10:00,006 ERROR  ProcessEngine RunProcessByStartTimerEvent - Could not run process by start timer event. The schema "StartProcessWebhookToEntity" is not enabled.
2023-12-18 16:11:00,018 ERROR  ProcessEngine RunProcessByStartTimerEvent - Could not run process by start timer event. The schema "StartProcessWebhookToEntity" is not enabled.
2023-12-18 16:12:00,006 ERROR  ProcessEngine RunProcessByStartTimerEvent - Could not run process by start timer event. The schema "StartProcessWebhookToEntity" is not enabled.
2023-12-18 16:13:00,017 ERROR  ProcessEngine RunProcessByStartTimerEvent - Could not run process by start timer event. The schema "StartProcessWebhookToEntity" is not enabled.
2023-12-18 16:14:00,017 ERROR  ProcessEngine RunProcessByStartTimerEvent - Could not run process by start timer event. The schema "StartProcessWebhookToEntity" is not enabled.
2023-12-18 16:15:00,006 ERROR  ProcessEngine RunProcessByStartTimerEvent - Could not run process by start timer event. The schema "StartProcessWebhookToEntity" is not enabled.
2023-12-18 16:16:00,018 ERROR  ProcessEngine RunProcessByStartTimerEvent - Could not run process by start timer event. The schema "StartProcessWebhookToEntity" is not enabled.
2023-12-18 16:17:00,018 ERROR  ProcessEngine RunProcessByStartTimerEvent - Could not run process by start timer event. The schema "StartProcessWebhookToEntity" is not enabled.
2023-12-18 16:18:00,013 ERROR  ProcessEngine RunProcessByStartTimerEvent - Could not run process by start timer event. The schema "StartProcessWebhookToEntity" is not enabled.
2023-12-18 16:19:00,018 ERROR  ProcessEngine RunProcessByStartTimerEvent - Could not run process by start timer event. The schema "StartProcessWebhookToEntity" is not enabled.
2023-12-18 16:20:00,018 ERROR  ProcessEngine RunProcessByStartTimerEvent - Could not run process by start timer event. The schema "StartProcessWebhookToEntity" is not enabled.
2023-12-18 16:21:00,018 ERROR  ProcessEngine RunProcessByStartTimerEvent - Could not run process by start timer event. The schema "StartProcessWebhookToEntity" is not enabled.
2023-12-18 16:22:00,018 ERROR  ProcessEngine RunProcessByStartTimerEvent - Could not run process by start timer event. The schema "StartProcessWebhookToEntity" is not enabled.
2023-12-18 16:23:00,013 ERROR  ProcessEngine RunProcessByStartTimerEvent - Could not run process by start timer event. The schema "StartProcessWebhookToEntity" is not enabled.
2023-12-18 16:24:00,018 ERROR  ProcessEngine RunProcessByStartTimerEvent - Could not run process by start timer event. The schema "StartProcessWebhookToEntity" is not enabled.
2023-12-18 16:25:00,005 ERROR  ProcessEngine Execute - Could not run process by start timer event. The schema "StartProcessWebhookToEntity" is not enabled.
2023-12-18 16:26:00,017 ERROR  ProcessEngine Execute - Could not run process by start timer event. The schema "StartProcessWebhookToEntity" is not enabled.
2023-12-18 16:27:00,018 ERROR  ProcessEngine Execute - Could not run process by start timer event. The schema "StartProcessWebhookToEntity" is not enabled.
2023-12-18 16:28:00,018 ERROR  ProcessEngine Execute - Could not run process by start timer event. The schema "StartProcessWebhookToEntity" is not enabled.
2023-12-18 16:29:00,018 ERROR  ProcessEngine Execute - Could not run process by start timer event. The schema "StartProcessWebhookToEntity" is not enabled.
2023-12-18 16:30:00,059 ERROR  ProcessEngine Execute - Could not run process by start timer event. The schema "StartProcessWebhookToEntity" is not enabled.
2023-12-18 16:31:00,017 ERROR  ProcessEngine Execute - Could not run process by start timer event. The schema "StartProcessWebhookToEntity" is not enabled.
2023-12-18 16:32:00,018 ERROR  ProcessEngine Execute - Could not run process by start timer event. The schema "StartProcessWebhookToEntity" is not enabled.
2023-12-18 16:33:00,018 ERROR  ProcessEngine Execute - Could not run process by start timer event. The schema "StartProcessWebhookToEntity" is not enabled.
2023-12-18 16:34:00,017 ERROR  ProcessEngine Execute - Could not run process by start timer event. The schema "StartProcessWebhookToEntity" is not enabled.
2023-12-18 16:35:00,017 ERROR  ProcessEngine Execute - Could not run process by start timer event. The schema "StartProcessWebhookToEntity" is not enabled.
2023-12-18 16:36:00,018 ERROR  ProcessEngine Execute - Could not run process by start timer event. The schema "StartProcessWebhookToEntity" is not enabled.
2023-12-18 16:37:00,014 ERROR  ProcessEngine Execute - Could not run process by start timer event. The schema "StartProcessWebhookToEntity" is not enabled.
2023-12-18 16:38:00,014 ERROR  ProcessEngine Execute - Could not run process by start timer event. The schema "StartProcessWebhookToEntity" is not enabled.
2023-12-18 16:39:00,017 ERROR  ProcessEngine Execute - Could not run process by start timer event. The schema "StartProcessWebhookToEntity" is not enabled.
2023-12-18 16:40:00,005 ERROR  ProcessEngine Execute - Could not run process by start timer event. The schema "StartProcessWebhookToEntity" is not enabled.
2023-12-18 16:41:00,018 ERROR  ProcessEngine Execute - Could not run process by start timer event. The schema "StartProcessWebhookToEntity" is not enabled.
2023-12-18 16:42:00,018 ERROR  ProcessEngine Execute - Could not run process by start timer event. The schema "StartProcessWebhookToEntity" is not enabled.
2023-12-18 16:43:00,017 ERROR  ProcessEngine Execute - Could not run process by start timer event. The schema "StartProcessWebhookToEntity" is not enabled.
2023-12-18 16:44:00,018 ERROR  ProcessEngine Execute - Could not run process by start timer event. The schema "StartProcessWebhookToEntity" is not enabled.
2023-12-18 16:45:00,017 ERROR  ProcessEngine Execute - Could not run process by start timer event. The schema "StartProcessWebhookToEntity" is not enabled.
2023-12-18 16:46:00,018 ERROR  ProcessEngine Execute - Could not run process by start timer event. The schema "StartProcessWebhookToEntity" is not enabled.
2023-12-18 16:47:00,017 ERROR  ProcessEngine Execute - Could not run process by start timer event. The schema "StartProcessWebhookToEntity" is not enabled.
2023-12-18 16:48:00,017 ERROR  ProcessEngine Execute - Could not run process by start timer event. The schema "StartProcessWebhookToEntity" is not enabled.
2023-12-18 16:49:00,007 ERROR  ProcessEngine Execute - Could not run process by start timer event. The schema "StartProcessWebhookToEntity" is not enabled.
2023-12-18 16:50:00,008 ERROR  ProcessEngine Execute - Could not run process by start timer event. The schema "StartProcessWebhookToEntity" is not enabled.
2023-12-18 16:51:00,011 ERROR  ProcessEngine Execute - Could not run process by start timer event. The schema "StartProcessWebhookToEntity" is not enabled.
2023-12-18 16:52:00,018 ERROR  ProcessEngine Execute - Could not run process by start timer event. The schema "StartProcessWebhookToEntity" is not enabled.
2023-12-18 16:53:00,018 ERROR  ProcessEngine Execute - Could not run process by start timer event. The schema "StartProcessWebhookToEntity" is not enabled.
2023-12-18 16:54:00,018 ERROR  ProcessEngine Execute - Could not run process by start timer event. The schema "StartProcessWebhookToEntity" is not enabled.
2023-12-18 16:55:00,018 ERROR  ProcessEngine Execute - Could not run process by start timer event. The schema "StartProcessWebhookToEntity" is not enabled.
2023-12-18 16:56:00,005 ERROR  ProcessEngine Execute - Could not run process by start timer event. The schema "StartProcessWebhookToEntity" is not enabled.
2023-12-18 16:57:00,018 ERROR  ProcessEngine Execute - Could not run process by start timer event. The schema "StartProcessWebhookToEntity" is not enabled.
2023-12-18 16:58:00,017 ERROR  ProcessEngine Execute - Could not run process by start timer event. The schema "StartProcessWebhookToEntity" is not enabled.
2023-12-18 16:59:00,014 ERROR  ProcessEngine Execute - Could not run process by start timer event. The schema "StartProcessWebhookToEntity" is not enabled.
2023-12-18 17:00:00,018 ERROR  ProcessEngine Execute - Could not run process by start timer event. The schema "StartProcessWebhookToEntity" is not enabled.
2023-12-18 17:01:00,017 ERROR  ProcessEngine Execute - Could not run process by start timer event. The schema "StartProcessWebhookToEntity" is not enabled.
2023-12-18 17:02:00,014 ERROR  ProcessEngine Execute - Could not run process by start timer event. The schema "StartProcessWebhookToEntity" is not enabled.
2023-12-18 17:03:00,018 ERROR  ProcessEngine Execute - Could not run process by start timer event. The schema "StartProcessWebhookToEntity" is not enabled.
2023-12-18 17:04:00,018 ERROR  ProcessEngine Execute - Could not run process by start timer event. The schema "StartProcessWebhookToEntity" is not enabled.
2023-12-18 17:05:00,017 ERROR  ProcessEngine Execute - Could not run process by start timer event. The schema "StartProcessWebhookToEntity" is not enabled.
2023-12-18 17:06:00,014 ERROR  ProcessEngine Execute - Could not run process by start timer event. The schema "StartProcessWebhookToEntity" is not enabled.
2023-12-18 17:07:00,018 ERROR  ProcessEngine Execute - Could not run process by start timer event. The schema "StartProcessWebhookToEntity" is not enabled.
2023-12-18 17:08:00,018 ERROR  ProcessEngine Execute - Could not run process by start timer event. The schema "StartProcessWebhookToEntity" is not enabled.
2023-12-18 17:09:00,018 ERROR  ProcessEngine Execute - Could not run process by start timer event. The schema "StartProcessWebhookToEntity" is not enabled.
2023-12-18 17:10:00,018 ERROR  ProcessEngine Execute - Could not run process by start timer event. The schema "StartProcessWebhookToEntity" is not enabled.
2023-12-18 17:11:00,017 ERROR  ProcessEngine Execute - Could not run process by start timer event. The schema "StartProcessWebhookToEntity" is not enabled.
2023-12-18 17:12:00,018 ERROR  ProcessEngine Execute - Could not run process by start timer event. The schema "StartProcessWebhookToEntity" is not enabled.
2023-12-18 17:13:00,018 ERROR  ProcessEngine Execute - Could not run process by start timer event. The schema "StartProcessWebhookToEntity" is not enabled.
2023-12-18 17:14:00,014 ERROR  ProcessEngine Execute - Could not run process by start timer event. The schema "StartProcessWebhookToEntity" is not enabled.
2023-12-18 17:15:00,018 ERROR  ProcessEngine Execute - Could not run process by start timer event. The schema "StartProcessWebhookToEntity" is not enabled.
2023-12-18 17:16:00,018 ERROR  ProcessEngine Execute - Could not run process by start timer event. The schema "StartProcessWebhookToEntity" is not enabled.
2023-12-18 17:17:00,017 ERROR  ProcessEngine Execute - Could not run process by start timer event. The schema "StartProcessWebhookToEntity" is not enabled.
2023-12-18 17:18:00,005 ERROR  ProcessEngine Execute - Could not run process by start timer event. The schema "StartProcessWebhookToEntity" is not enabled.
2023-12-18 17:19:00,014 ERROR  ProcessEngine Execute - Could not run process by start timer event. The schema "StartProcessWebhookToEntity" is not enabled.
2023-12-18 17:20:00,018 ERROR  ProcessEngine Execute - Could not run process by start timer event. The schema "StartProcessWebhookToEntity" is not enabled.
2023-12-18 17:21:00,018 ERROR  ProcessEngine Execute - Could not run process by start timer event. The schema "StartProcessWebhookToEntity" is not enabled.
2023-12-18 17:22:00,018 ERROR  ProcessEngine Execute - Could not run process by start timer event. The schema "StartProcessWebhookToEntity" is not enabled.
2023-12-18 17:23:00,018 ERROR  ProcessEngine Execute - Could not run process by start timer event. The schema "StartProcessWebhookToEntity" is not enabled.
2023-12-18 17:24:00,018 ERROR  ProcessEngine Execute - Could not run process by start timer event. The schema "StartProcessWebhookToEntity" is not enabled.
2023-12-18 17:25:00,005 ERROR  ProcessEngine Execute - Could not run process by start timer event. The schema "StartProcessWebhookToEntity" is not enabled.
2023-12-18 17:26:00,011 ERROR  ProcessEngine Execute - Could not run process by start timer event. The schema "StartProcessWebhookToEntity" is not enabled.
2023-12-18 17:27:00,018 ERROR  ProcessEngine Execute - Could not run process by start timer event. The schema "StartProcessWebhookToEntity" is not enabled.
2023-12-18 17:28:00,018 ERROR  ProcessEngine Execute - Could not run process by start timer event. The schema "StartProcessWebhookToEntity" is not enabled.
2023-12-18 17:29:00,005 ERROR  ProcessEngine Execute - Could not run process by start timer event. The schema "StartProcessWebhookToEntity" is not enabled.
2023-12-18 17:30:00,017 ERROR  ProcessEngine Execute - Could not run process by start timer event. The schema "StartProcessWebhookToEntity" is not enabled.
2023-12-18 17:31:00,010 ERROR  ProcessEngine Execute - Could not run process by start timer event. The schema "StartProcessWebhookToEntity" is not enabled.
2023-12-18 17:32:00,005 ERROR  ProcessEngine Execute - Could not run process by start timer event. The schema "StartProcessWebhookToEntity" is not enabled.
2023-12-18 17:33:00,009 ERROR  ProcessEngine Execute - Could not run process by start timer event. The schema "StartProcessWebhookToEntity" is not enabled.
2023-12-18 17:34:00,007 ERROR  ProcessEngine Execute - Could not run process by start timer event. The schema "StartProcessWebhookToEntity" is not enabled.
2023-12-18 17:35:00,007 ERROR  ProcessEngine Execute - Could not run process by start timer event. The schema "StartProcessWebhookToEntity" is not enabled.
2023-12-18 17:36:00,005 ERROR  ProcessEngine Execute - Could not run process by start timer event. The schema "StartProcessWebhookToEntity" is not enabled.
2023-12-18 17:37:00,009 ERROR  ProcessEngine Execute - Could not run process by start timer event. The schema "StartProcessWebhookToEntity" is not enabled.
2023-12-18 17:38:00,019 ERROR  ProcessEngine Execute - Could not run process by start timer event. The schema "StartProcessWebhookToEntity" is not enabled.
2023-12-18 17:39:00,013 ERROR  ProcessEngine Execute - Could not run process by start timer event. The schema "StartProcessWebhookToEntity" is not enabled.
2023-12-18 17:40:00,008 ERROR  ProcessEngine Execute - Could not run process by start timer event. The schema "StartProcessWebhookToEntity" is not enabled.
2023-12-18 17:41:00,017 ERROR  ProcessEngine Execute - Could not run process by start timer event. The schema "StartProcessWebhookToEntity" is not enabled.
2023-12-18 17:42:00,006 ERROR  ProcessEngine Execute - Could not run process by start timer event. The schema "StartProcessWebhookToEntity" is not enabled.
2023-12-18 17:43:00,013 ERROR  ProcessEngine Execute - Could not run process by start timer event. The schema "StartProcessWebhookToEntity" is not enabled.
2023-12-18 17:44:00,018 ERROR  ProcessEngine Execute - Could not run process by start timer event. The schema "StartProcessWebhookToEntity" is not enabled.
2023-12-18 17:45:00,014 ERROR  ProcessEngine Execute - Could not run process by start timer event. The schema "StartProcessWebhookToEntity" is not enabled.
2023-12-18 17:46:00,014 ERROR  ProcessEngine Execute - Could not run process by start timer event. The schema "StartProcessWebhookToEntity" is not enabled.
2023-12-18 17:47:00,018 ERROR  ProcessEngine Execute - Could not run process by start timer event. The schema "StartProcessWebhookToEntity" is not enabled.
2023-12-18 17:48:00,017 ERROR  ProcessEngine Execute - Could not run process by start timer event. The schema "StartProcessWebhookToEntity" is not enabled.
2023-12-18 17:49:00,008 ERROR  ProcessEngine Execute - Could not run process by start timer event. The schema "StartProcessWebhookToEntity" is not enabled.
2023-12-18 17:50:00,014 ERROR  ProcessEngine Execute - Could not run process by start timer event. The schema "StartProcessWebhookToEntity" is not enabled.
2023-12-18 17:51:00,013 ERROR  ProcessEngine Execute - Could not run process by start timer event. The schema "StartProcessWebhookToEntity" is not enabled.
2023-12-18 17:52:00,006 ERROR  ProcessEngine Execute - Could not run process by start timer event. The schema "StartProcessWebhookToEntity" is not enabled.
2023-12-18 17:53:00,018 ERROR  ProcessEngine Execute - Could not run process by start timer event. The schema "StartProcessWebhookToEntity" is not enabled.
2023-12-18 17:54:00,007 ERROR  ProcessEngine Execute - Could not run process by start timer event. The schema "StartProcessWebhookToEntity" is not enabled.
2023-12-18 17:55:00,010 ERROR  ProcessEngine Execute - Could not run process by start timer event. The schema "StartProcessWebhookToEntity" is not enabled.
2023-12-18 17:56:00,014 ERROR  ProcessEngine Execute - Could not run process by start timer event. The schema "StartProcessWebhookToEntity" is not enabled.
2023-12-18 17:57:00,007 ERROR  ProcessEngine Execute - Could not run process by start timer event. The schema "StartProcessWebhookToEntity" is not enabled.
2023-12-18 17:58:00,009 ERROR  ProcessEngine Execute - Could not run process by start timer event. The schema "StartProcessWebhookToEntity" is not enabled.
2023-12-18 17:59:00,014 ERROR  ProcessEngine Execute - Could not run process by start timer event. The schema "StartProcessWebhookToEntity" is not enabled.
2023-12-18 18:00:00,012 ERROR  ProcessEngine Execute - Could not run process by start timer event. The schema "StartProcessWebhookToEntity" is not enabled.
2023-12-18 18:01:00,010 ERROR  ProcessEngine Execute - Could not run process by start timer event. The schema "StartProcessWebhookToEntity" is not enabled.
2023-12-18 18:02:00,013 ERROR  ProcessEngine Execute - Could not run process by start timer event. The schema "StartProcessWebhookToEntity" is not enabled.
2023-12-18 18:03:00,018 ERROR  ProcessEngine Execute - Could not run process by start timer event. The schema "StartProcessWebhookToEntity" is not enabled.
2023-12-18 18:04:00,008 ERROR  ProcessEngine Execute - Could not run process by start timer event. The schema "StartProcessWebhookToEntity" is not enabled.
2023-12-18 18:05:00,014 ERROR  ProcessEngine Execute - Could not run process by start timer event. The schema "StartProcessWebhookToEntity" is not enabled.
2023-12-18 18:06:00,014 ERROR  ProcessEngine Execute - Could not run process by start timer event. The schema "StartProcessWebhookToEntity" is not enabled.
2023-12-18 18:07:00,019 ERROR  ProcessEngine Execute - Could not run process by start timer event. The schema "StartProcessWebhookToEntity" is not enabled.
2023-12-18 18:08:00,011 ERROR  ProcessEngine Execute - Could not run process by start timer event. The schema "StartProcessWebhookToEntity" is not enabled.
2023-12-18 18:09:00,018 ERROR  ProcessEngine Execute - Could not run process by start timer event. The schema "StartProcessWebhookToEntity" is not enabled.
2023-12-18 18:10:00,013 ERROR  ProcessEngine Execute - Could not run process by start timer event. The schema "StartProcessWebhookToEntity" is not enabled.
2023-12-18 18:11:00,012 ERROR  ProcessEngine Execute - Could not run process by start timer event. The schema "StartProcessWebhookToEntity" is not enabled.
2023-12-18 18:12:00,014 ERROR  ProcessEngine Execute - Could not run process by start timer event. The schema "StartProcessWebhookToEntity" is not enabled.
2023-12-18 18:13:00,008 ERROR  ProcessEngine Execute - Could not run process by start timer event. The schema "StartProcessWebhookToEntity" is not enabled.
2023-12-18 18:14:00,012 ERROR  ProcessEngine Execute - Could not run process by start timer event. The schema "StartProcessWebhookToEntity" is not enabled.
2023-12-18 18:15:00,012 ERROR  ProcessEngine Execute - Could not run process by start timer event. The schema "StartProcessWebhookToEntity" is not enabled.
2023-12-18 18:16:00,012 ERROR  ProcessEngine Execute - Could not run process by start timer event. The schema "StartProcessWebhookToEntity" is not enabled.
2023-12-18 18:17:00,012 ERROR  ProcessEngine Execute - Could not run process by start timer event. The schema "StartProcessWebhookToEntity" is not enabled.
2023-12-18 18:18:00,009 ERROR  ProcessEngine Execute - Could not run process by start timer event. The schema "StartProcessWebhookToEntity" is not enabled.
2023-12-18 18:19:00,013 ERROR  ProcessEngine Execute - Could not run process by start timer event. The schema "StartProcessWebhookToEntity" is not enabled.
2023-12-18 18:20:00,018 ERROR  ProcessEngine Execute - Could not run process by start timer event. The schema "StartProcessWebhookToEntity" is not enabled.
2023-12-18 18:21:00,008 ERROR  ProcessEngine Execute - Could not run process by start timer event. The schema "StartProcessWebhookToEntity" is not enabled.
2023-12-18 18:22:00,009 ERROR  ProcessEngine Execute - Could not run process by start timer event. The schema "StartProcessWebhookToEntity" is not enabled.
2023-12-18 18:23:00,006 ERROR  ProcessEngine Execute - Could not run process by start timer event. The schema "StartProcessWebhookToEntity" is not enabled.
2023-12-18 18:24:00,006 ERROR  ProcessEngine Execute - Could not run process by start timer event. The schema "StartProcessWebhookToEntity" is not enabled.
2023-12-18 18:25:00,018 ERROR  ProcessEngine Execute - Could not run process by start timer event. The schema "StartProcessWebhookToEntity" is not enabled.
2023-12-18 18:26:00,017 ERROR  ProcessEngine Execute - Could not run process by start timer event. The schema "StartProcessWebhookToEntity" is not enabled.
2023-12-18 18:27:00,018 ERROR  ProcessEngine Execute - Could not run process by start timer event. The schema "StartProcessWebhookToEntity" is not enabled.
2023-12-18 18:28:00,018 ERROR  ProcessEngine Execute - Could not run process by start timer event. The schema "StartProcessWebhookToEntity" is not enabled.
2023-12-18 18:29:00,005 ERROR  ProcessEngine Execute - Could not run process by start timer event. The schema "StartProcessWebhookToEntity" is not enabled.
2023-12-18 18:30:00,018 ERROR  ProcessEngine Execute - Could not run process by start timer event. The schema "StartProcessWebhookToEntity" is not enabled.
2023-12-18 18:31:00,013 ERROR  ProcessEngine Execute - Could not run process by start timer event. The schema "StartProcessWebhookToEntity" is not enabled.
2023-12-18 18:32:00,017 ERROR  ProcessEngine Execute - Could not run process by start timer event. The schema "StartProcessWebhookToEntity" is not enabled.
2023-12-18 18:33:00,017 ERROR  ProcessEngine Execute - Could not run process by start timer event. The schema "StartProcessWebhookToEntity" is not enabled.
2023-12-18 18:34:00,017 ERROR  ProcessEngine Execute - Could not run process by start timer event. The schema "StartProcessWebhookToEntity" is not enabled.
2023-12-18 18:35:00,018 ERROR  ProcessEngine Execute - Could not run process by start timer event. The schema "StartProcessWebhookToEntity" is not enabled.
2023-12-18 18:36:00,005 ERROR  ProcessEngine Execute - Could not run process by start timer event. The schema "StartProcessWebhookToEntity" is not enabled.
2023-12-18 18:37:00,017 ERROR  ProcessEngine Execute - Could not run process by start timer event. The schema "StartProcessWebhookToEntity" is not enabled.
2023-12-18 18:38:00,017 ERROR  ProcessEngine Execute - Could not run process by start timer event. The schema "StartProcessWebhookToEntity" is not enabled.
2023-12-18 18:39:00,018 ERROR  ProcessEngine Execute - Could not run process by start timer event. The schema "StartProcessWebhookToEntity" is not enabled.
2023-12-18 18:40:00,018 ERROR  ProcessEngine Execute - Could not run process by start timer event. The schema "StartProcessWebhookToEntity" is not enabled.
2023-12-18 18:41:00,013 ERROR  ProcessEngine Execute - Could not run process by start timer event. The schema "StartProcessWebhookToEntity" is not enabled.
2023-12-18 18:42:00,018 ERROR  ProcessEngine Execute - Could not run process by start timer event. The schema "StartProcessWebhookToEntity" is not enabled.
2023-12-18 18:43:00,018 ERROR  ProcessEngine Execute - Could not run process by start timer event. The schema "StartProcessWebhookToEntity" is not enabled.
2023-12-18 18:44:00,017 ERROR  ProcessEngine Execute - Could not run process by start timer event. The schema "StartProcessWebhookToEntity" is not enabled.
2023-12-18 18:45:00,017 ERROR  ProcessEngine Execute - Could not run process by start timer event. The schema "StartProcessWebhookToEntity" is not enabled.
2023-12-18 18:46:00,017 ERROR  ProcessEngine Execute - Could not run process by start timer event. The schema "StartProcessWebhookToEntity" is not enabled.
2023-12-18 18:47:00,014 ERROR  ProcessEngine Execute - Could not run process by start timer event. The schema "StartProcessWebhookToEntity" is not enabled.
2023-12-18 18:48:00,018 ERROR  ProcessEngine Execute - Could not run process by start timer event. The schema "StartProcessWebhookToEntity" is not enabled.
2023-12-18 18:49:00,018 ERROR  ProcessEngine Execute - Could not run process by start timer event. The schema "StartProcessWebhookToEntity" is not enabled.
2023-12-18 18:50:00,018 ERROR  ProcessEngine Execute - Could not run process by start timer event. The schema "StartProcessWebhookToEntity" is not enabled.
2023-12-18 18:51:00,018 ERROR  ProcessEngine Execute - Could not run process by start timer event. The schema "StartProcessWebhookToEntity" is not enabled.
2023-12-18 18:52:00,012 ERROR  ProcessEngine Execute - Could not run process by start timer event. The schema "StartProcessWebhookToEntity" is not enabled.
2023-12-18 18:53:00,004 ERROR  ProcessEngine Execute - Could not run process by start timer event. The schema "StartProcessWebhookToEntity" is not enabled.
2023-12-18 18:54:00,005 ERROR  ProcessEngine Execute - Could not run process by start timer event. The schema "StartProcessWebhookToEntity" is not enabled.
2023-12-18 18:55:00,005 ERROR  ProcessEngine Execute - Could not run process by start timer event. The schema "StartProcessWebhookToEntity" is not enabled.
2023-12-18 18:56:00,017 ERROR  ProcessEngine Execute - Could not run process by start timer event. The schema "StartProcessWebhookToEntity" is not enabled.
2023-12-18 18:57:00,018 ERROR  ProcessEngine Execute - Could not run process by start timer event. The schema "StartProcessWebhookToEntity" is not enabled.
2023-12-18 18:58:00,018 ERROR  ProcessEngine Execute - Could not run process by start timer event. The schema "StartProcessWebhookToEntity" is not enabled.
2023-12-18 18:59:00,004 ERROR  ProcessEngine Execute - Could not run process by start timer event. The schema "StartProcessWebhookToEntity" is not enabled.
2023-12-18 19:00:00,005 ERROR  ProcessEngine Execute - Could not run process by start timer event. The schema "StartProcessWebhookToEntity" is not enabled.
2023-12-18 19:01:00,013 ERROR  ProcessEngine Execute - Could not run process by start timer event. The schema "StartProcessWebhookToEntity" is not enabled.
2023-12-18 19:02:00,018 ERROR  ProcessEngine Execute - Could not run process by start timer event. The schema "StartProcessWebhookToEntity" is not enabled.
2023-12-18 19:03:00,017 ERROR  ProcessEngine Execute - Could not run process by start timer event. The schema "StartProcessWebhookToEntity" is not enabled.
2023-12-18 19:04:00,017 ERROR  ProcessEngine Execute - Could not run process by start timer event. The schema "StartProcessWebhookToEntity" is not enabled.
2023-12-18 19:05:00,017 ERROR  ProcessEngine Execute - Could not run process by start timer event. The schema "StartProcessWebhookToEntity" is not enabled.
2023-12-18 19:06:00,017 ERROR  ProcessEngine Execute - Could not run process by start timer event. The schema "StartProcessWebhookToEntity" is not enabled.
2023-12-18 19:07:00,018 ERROR  ProcessEngine Execute - Could not run process by start timer event. The schema "StartProcessWebhookToEntity" is not enabled.
2023-12-18 19:08:00,018 ERROR  ProcessEngine Execute - Could not run process by start timer event. The schema "StartProcessWebhookToEntity" is not enabled.
2023-12-18 19:09:00,018 ERROR  ProcessEngine Execute - Could not run process by start timer event. The schema "StartProcessWebhookToEntity" is not enabled.
2023-12-18 19:10:00,018 ERROR  ProcessEngine Execute - Could not run process by start timer event. The schema "StartProcessWebhookToEntity" is not enabled.
2023-12-18 19:11:00,017 ERROR  ProcessEngine Execute - Could not run process by start timer event. The schema "StartProcessWebhookToEntity" is not enabled.
2023-12-18 19:12:00,017 ERROR  ProcessEngine Execute - Could not run process by start timer event. The schema "StartProcessWebhookToEntity" is not enabled.
2023-12-18 19:13:00,017 ERROR  ProcessEngine Execute - Could not run process by start timer event. The schema "StartProcessWebhookToEntity" is not enabled.
2023-12-18 19:14:00,017 ERROR  ProcessEngine Execute - Could not run process by start timer event. The schema "StartProcessWebhookToEntity" is not enabled.
2023-12-18 19:15:00,017 ERROR  ProcessEngine Execute - Could not run process by start timer event. The schema "StartProcessWebhookToEntity" is not enabled.
2023-12-18 19:16:00,015 ERROR  ProcessEngine Execute - Could not run process by start timer event. The schema "StartProcessWebhookToEntity" is not enabled.
2023-12-18 19:17:00,018 ERROR  ProcessEngine Execute - Could not run process by start timer event. The schema "StartProcessWebhookToEntity" is not enabled.
2023-12-18 19:18:00,018 ERROR  ProcessEngine Execute - Could not run process by start timer event. The schema "StartProcessWebhookToEntity" is not enabled.
2023-12-18 19:19:00,017 ERROR  ProcessEngine Execute - Could not run process by start timer event. The schema "StartProcessWebhookToEntity" is not enabled.
2023-12-18 19:20:00,017 ERROR  ProcessEngine Execute - Could not run process by start timer event. The schema "StartProcessWebhookToEntity" is not enabled.
2023-12-18 19:21:00,018 ERROR  ProcessEngine Execute - Could not run process by start timer event. The schema "StartProcessWebhookToEntity" is not enabled.
2023-12-18 19:22:00,004 ERROR  ProcessEngine Execute - Could not run process by start timer event. The schema "StartProcessWebhookToEntity" is not enabled.
2023-12-18 19:23:00,018 ERROR  ProcessEngine Execute - Could not run process by start timer event. The schema "StartProcessWebhookToEntity" is not enabled.
2023-12-18 19:24:00,018 ERROR  ProcessEngine Execute - Could not run process by start timer event. The schema "StartProcessWebhookToEntity" is not enabled.
2023-12-18 19:25:00,013 ERROR  ProcessEngine Execute - Could not run process by start timer event. The schema "StartProcessWebhookToEntity" is not enabled.
2023-12-18 19:26:00,005 ERROR  ProcessEngine Execute - Could not run process by start timer event. The schema "StartProcessWebhookToEntity" is not enabled.
2023-12-18 19:27:00,017 ERROR  ProcessEngine Execute - Could not run process by start timer event. The schema "StartProcessWebhookToEntity" is not enabled.
2023-12-18 19:28:00,017 ERROR  ProcessEngine Execute - Could not run process by start timer event. The schema "StartProcessWebhookToEntity" is not enabled.
2023-12-18 19:29:00,005 ERROR  ProcessEngine Execute - Could not run process by start timer event. The schema "StartProcessWebhookToEntity" is not enabled.
2023-12-18 19:30:00,007 ERROR  ProcessEngine Execute - Could not run process by start timer event. The schema "StartProcessWebhookToEntity" is not enabled.
2023-12-18 19:31:00,017 ERROR  ProcessEngine Execute - Could not run process by start timer event. The schema "StartProcessWebhookToEntity" is not enabled.
2023-12-18 19:32:00,005 ERROR  ProcessEngine Execute - Could not run process by start timer event. The schema "StartProcessWebhookToEntity" is not enabled.
2023-12-18 19:33:00,017 ERROR  ProcessEngine Execute - Could not run process by start timer event. The schema "StartProcessWebhookToEntity" is not enabled.
2023-12-18 19:34:00,017 ERROR  ProcessEngine Execute - Could not run process by start timer event. The schema "StartProcessWebhookToEntity" is not enabled.
2023-12-18 19:35:00,018 ERROR  ProcessEngine Execute - Could not run process by start timer event. The schema "StartProcessWebhookToEntity" is not enabled.
2023-12-18 19:36:00,005 ERROR  ProcessEngine Execute - Could not run process by start timer event. The schema "StartProcessWebhookToEntity" is not enabled.
2023-12-18 19:37:00,013 ERROR  ProcessEngine Execute - Could not run process by start timer event. The schema "StartProcessWebhookToEntity" is not enabled.
2023-12-18 19:38:00,018 ERROR  ProcessEngine Execute - Could not run process by start timer event. The schema "StartProcessWebhookToEntity" is not enabled.
2023-12-18 19:39:00,017 ERROR  ProcessEngine Execute - Could not run process by start timer event. The schema "StartProcessWebhookToEntity" is not enabled.
2023-12-18 19:40:00,018 ERROR  ProcessEngine Execute - Could not run process by start timer event. The schema "StartProcessWebhookToEntity" is not enabled.
2023-12-18 19:41:00,010 ERROR  ProcessEngine Execute - Could not run process by start timer event. The schema "StartProcessWebhookToEntity" is not enabled.
2023-12-18 19:42:00,017 ERROR  ProcessEngine Execute - Could not run process by start timer event. The schema "StartProcessWebhookToEntity" is not enabled.
2023-12-18 19:43:00,018 ERROR  ProcessEngine Execute - Could not run process by start timer event. The schema "StartProcessWebhookToEntity" is not enabled.
2023-12-18 19:44:00,018 ERROR  ProcessEngine Execute - Could not run process by start timer event. The schema "StartProcessWebhookToEntity" is not enabled.
2023-12-18 19:45:00,019 ERROR  ProcessEngine Execute - Could not run process by start timer event. The schema "StartProcessWebhookToEntity" is not enabled.
2023-12-18 19:46:00,017 ERROR  ProcessEngine Execute - Could not run process by start timer event. The schema "StartProcessWebhookToEntity" is not enabled.
2023-12-18 19:47:00,017 ERROR  ProcessEngine Execute - Could not run process by start timer event. The schema "StartProcessWebhookToEntity" is not enabled.
2023-12-18 19:48:00,011 ERROR  ProcessEngine Execute - Could not run process by start timer event. The schema "StartProcessWebhookToEntity" is not enabled.
2023-12-18 19:49:00,005 ERROR  ProcessEngine Execute - Could not run process by start timer event. The schema "StartProcessWebhookToEntity" is not enabled.
2023-12-18 19:50:00,018 ERROR  ProcessEngine Execute - Could not run process by start timer event. The schema "StartProcessWebhookToEntity" is not enabled.
2023-12-18 19:51:00,018 ERROR  ProcessEngine Execute - Could not run process by start timer event. The schema "StartProcessWebhookToEntity" is not enabled.
2023-12-18 19:52:00,005 ERROR  ProcessEngine Execute - Could not run process by start timer event. The schema "StartProcessWebhookToEntity" is not enabled.
2023-12-18 19:53:00,013 ERROR  ProcessEngine Execute - Could not run process by start timer event. The schema "StartProcessWebhookToEntity" is not enabled.
2023-12-18 19:54:00,018 ERROR  ProcessEngine Execute - Could not run process by start timer event. The schema "StartProcessWebhookToEntity" is not enabled.
2023-12-18 19:55:00,004 ERROR  ProcessEngine Execute - Could not run process by start timer event. The schema "StartProcessWebhookToEntity" is not enabled.
2023-12-18 19:56:00,008 ERROR  ProcessEngine Execute - Could not run process by start timer event. The schema "StartProcessWebhookToEntity" is not enabled.
2023-12-18 19:57:00,017 ERROR  ProcessEngine Execute - Could not run process by start timer event. The schema "StartProcessWebhookToEntity" is not enabled.
2023-12-18 19:58:00,018 ERROR  ProcessEngine Execute - Could not run process by start timer event. The schema "StartProcessWebhookToEntity" is not enabled.
2023-12-18 19:59:00,018 ERROR  ProcessEngine Execute - Could not run process by start timer event. The schema "StartProcessWebhookToEntity" is not enabled.
2023-12-18 20:00:00,017 ERROR  ProcessEngine Execute - Could not run process by start timer event. The schema "StartProcessWebhookToEntity" is not enabled.
2023-12-18 20:01:00,006 ERROR  ProcessEngine Execute - Could not run process by start timer event. The schema "StartProcessWebhookToEntity" is not enabled.
2023-12-18 20:02:00,017 ERROR  ProcessEngine Execute - Could not run process by start timer event. The schema "StartProcessWebhookToEntity" is not enabled.
2023-12-18 20:03:00,017 ERROR  ProcessEngine Execute - Could not run process by start timer event. The schema "StartProcessWebhookToEntity" is not enabled.
2023-12-18 20:04:00,017 ERROR  ProcessEngine Execute - Could not run process by start timer event. The schema "StartProcessWebhookToEntity" is not enabled.
2023-12-18 20:05:00,017 ERROR  ProcessEngine Execute - Could not run process by start timer event. The schema "StartProcessWebhookToEntity" is not enabled.
2023-12-18 20:06:00,005 ERROR  ProcessEngine Execute - Could not run process by start timer event. The schema "StartProcessWebhookToEntity" is not enabled.
2023-12-18 20:07:00,017 ERROR  ProcessEngine Execute - Could not run process by start timer event. The schema "StartProcessWebhookToEntity" is not enabled.
2023-12-18 20:08:00,018 ERROR  ProcessEngine Execute - Could not run process by start timer event. The schema "StartProcessWebhookToEntity" is not enabled.
2023-12-18 20:09:00,018 ERROR  ProcessEngine Execute - Could not run process by start timer event. The schema "StartProcessWebhookToEntity" is not enabled.
2023-12-18 20:10:00,004 ERROR  ProcessEngine Execute - Could not run process by start timer event. The schema "StartProcessWebhookToEntity" is not enabled.
2023-12-18 20:11:00,005 ERROR  ProcessEngine Execute - Could not run process by start timer event. The schema "StartProcessWebhookToEntity" is not enabled.
2023-12-18 20:12:00,005 ERROR  ProcessEngine Execute - Could not run process by start timer event. The schema "StartProcessWebhookToEntity" is not enabled.
2023-12-18 20:13:00,006 ERROR  ProcessEngine Execute - Could not run process by start timer event. The schema "StartProcessWebhookToEntity" is not enabled.
2023-12-18 20:14:00,005 ERROR  ProcessEngine Execute - Could not run process by start timer event. The schema "StartProcessWebhookToEntity" is not enabled.
2023-12-18 20:15:00,004 ERROR  ProcessEngine Execute - Could not run process by start timer event. The schema "StartProcessWebhookToEntity" is not enabled.
2023-12-18 20:16:00,004 ERROR  ProcessEngine Execute - Could not run process by start timer event. The schema "StartProcessWebhookToEntity" is not enabled.
2023-12-18 20:17:00,004 ERROR  ProcessEngine Execute - Could not run process by start timer event. The schema "StartProcessWebhookToEntity" is not enabled.
2023-12-18 20:18:00,005 ERROR  ProcessEngine Execute - Could not run process by start timer event. The schema "StartProcessWebhookToEntity" is not enabled.
2023-12-18 20:19:00,006 ERROR  ProcessEngine Execute - Could not run process by start timer event. The schema "StartProcessWebhookToEntity" is not enabled.
2023-12-18 20:20:00,017 ERROR  ProcessEngine Execute - Could not run process by start timer event. The schema "StartProcessWebhookToEntity" is not enabled.
2023-12-18 20:21:00,017 ERROR  ProcessEngine Execute - Could not run process by start timer event. The schema "StartProcessWebhookToEntity" is not enabled.
2023-12-18 20:22:00,018 ERROR  ProcessEngine Execute - Could not run process by start timer event. The schema "StartProcessWebhookToEntity" is not enabled.
2023-12-18 20:23:00,017 ERROR  ProcessEngine Execute - Could not run process by start timer event. The schema "StartProcessWebhookToEntity" is not enabled.
2023-12-18 20:24:00,018 ERROR  ProcessEngine Execute - Could not run process by start timer event. The schema "StartProcessWebhookToEntity" is not enabled.
2023-12-18 20:25:00,018 ERROR  ProcessEngine Execute - Could not run process by start timer event. The schema "StartProcessWebhookToEntity" is not enabled.
2023-12-18 20:26:00,018 ERROR  ProcessEngine Execute - Could not run process by start timer event. The schema "StartProcessWebhookToEntity" is not enabled.
2023-12-18 20:27:00,018 ERROR  ProcessEngine Execute - Could not run process by start timer event. The schema "StartProcessWebhookToEntity" is not enabled.
2023-12-18 20:28:00,017 ERROR  ProcessEngine Execute - Could not run process by start timer event. The schema "StartProcessWebhookToEntity" is not enabled.
2023-12-18 20:29:00,018 ERROR  ProcessEngine Execute - Could not run process by start timer event. The schema "StartProcessWebhookToEntity" is not enabled.
2023-12-18 20:30:00,018 ERROR  ProcessEngine Execute - Could not run process by start timer event. The schema "StartProcessWebhookToEntity" is not enabled.
2023-12-18 20:31:00,017 ERROR  ProcessEngine Execute - Could not run process by start timer event. The schema "StartProcessWebhookToEntity" is not enabled.
2023-12-18 20:32:00,017 ERROR  ProcessEngine Execute - Could not run process by start timer event. The schema "StartProcessWebhookToEntity" is not enabled.
2023-12-18 20:33:00,012 ERROR  ProcessEngine Execute - Could not run process by start timer event. The schema "StartProcessWebhookToEntity" is not enabled.
2023-12-18 20:34:00,018 ERROR  ProcessEngine Execute - Could not run process by start timer event. The schema "StartProcessWebhookToEntity" is not enabled.
2023-12-18 20:35:00,018 ERROR  ProcessEngine Execute - Could not run process by start timer event. The schema "StartProcessWebhookToEntity" is not enabled.
2023-12-18 20:36:00,007 ERROR  ProcessEngine Execute - Could not run process by start timer event. The schema "StartProcessWebhookToEntity" is not enabled.
2023-12-18 20:37:00,017 ERROR  ProcessEngine Execute - Could not run process by start timer event. The schema "StartProcessWebhookToEntity" is not enabled.
2023-12-18 20:38:00,005 ERROR  ProcessEngine Execute - Could not run process by start timer event. The schema "StartProcessWebhookToEntity" is not enabled.
2023-12-18 20:39:00,018 ERROR  ProcessEngine Execute - Could not run process by start timer event. The schema "StartProcessWebhookToEntity" is not enabled.
2023-12-18 20:40:00,018 ERROR  ProcessEngine Execute - Could not run process by start timer event. The schema "StartProcessWebhookToEntity" is not enabled.
2023-12-18 20:41:00,018 ERROR  ProcessEngine Execute - Could not run process by start timer event. The schema "StartProcessWebhookToEntity" is not enabled.
2023-12-18 20:42:00,030 ERROR  ProcessEngine Execute - Could not run process by start timer event. The schema "StartProcessWebhookToEntity" is not enabled.
2023-12-18 20:43:00,008 ERROR  ProcessEngine Execute - Could not run process by start timer event. The schema "StartProcessWebhookToEntity" is not enabled.
2023-12-18 20:44:00,018 ERROR  ProcessEngine Execute - Could not run process by start timer event. The schema "StartProcessWebhookToEntity" is not enabled.
2023-12-18 20:45:00,018 ERROR  ProcessEngine Execute - Could not run process by start timer event. The schema "StartProcessWebhookToEntity" is not enabled.
2023-12-18 20:46:00,017 ERROR  ProcessEngine Execute - Could not run process by start timer event. The schema "StartProcessWebhookToEntity" is not enabled.
2023-12-18 20:47:00,017 ERROR  ProcessEngine Execute - Could not run process by start timer event. The schema "StartProcessWebhookToEntity" is not enabled.
2023-12-18 20:48:00,018 ERROR  ProcessEngine Execute - Could not run process by start timer event. The schema "StartProcessWebhookToEntity" is not enabled.
2023-12-18 20:49:00,018 ERROR  ProcessEngine Execute - Could not run process by start timer event. The schema "StartProcessWebhookToEntity" is not enabled.
2023-12-18 20:50:00,018 ERROR  ProcessEngine Execute - Could not run process by start timer event. The schema "StartProcessWebhookToEntity" is not enabled.
2023-12-18 20:51:00,017 ERROR  ProcessEngine Execute - Could not run process by start timer event. The schema "StartProcessWebhookToEntity" is not enabled.
2023-12-18 20:52:00,018 ERROR  ProcessEngine Execute - Could not run process by start timer event. The schema "StartProcessWebhookToEntity" is not enabled.
2023-12-18 20:53:00,018 ERROR  ProcessEngine Execute - Could not run process by start timer event. The schema "StartProcessWebhookToEntity" is not enabled.
2023-12-18 20:54:00,018 ERROR  ProcessEngine Execute - Could not run process by start timer event. The schema "StartProcessWebhookToEntity" is not enabled.
2023-12-18 20:55:00,017 ERROR  ProcessEngine Execute - Could not run process by start timer event. The schema "StartProcessWebhookToEntity" is not enabled.
2023-12-18 20:56:00,009 ERROR  ProcessEngine Execute - Could not run process by start timer event. The schema "StartProcessWebhookToEntity" is not enabled.
2023-12-18 20:57:00,018 ERROR  ProcessEngine Execute - Could not run process by start timer event. The schema "StartProcessWebhookToEntity" is not enabled.
2023-12-18 20:58:00,018 ERROR  ProcessEngine Execute - Could not run process by start timer event. The schema "StartProcessWebhookToEntity" is not enabled.
2023-12-18 20:59:00,018 ERROR  ProcessEngine Execute - Could not run process by start timer event. The schema "StartProcessWebhookToEntity" is not enabled.
2023-12-18 21:00:00,018 ERROR  ProcessEngine Execute - Could not run process by start timer event. The schema "StartProcessWebhookToEntity" is not enabled.
2023-12-18 21:01:00,018 ERROR  ProcessEngine Execute - Could not run process by start timer event. The schema "StartProcessWebhookToEntity" is not enabled.
2023-12-18 21:02:00,017 ERROR  ProcessEngine Execute - Could not run process by start timer event. The schema "StartProcessWebhookToEntity" is not enabled.
2023-12-18 21:03:00,027 ERROR  ProcessEngine Execute - Could not run process by start timer event. The schema "StartProcessWebhookToEntity" is not enabled.
2023-12-18 21:04:00,018 ERROR  ProcessEngine Execute - Could not run process by start timer event. The schema "StartProcessWebhookToEntity" is not enabled.
2023-12-18 21:05:00,015 ERROR  ProcessEngine Execute - Could not run process by start timer event. The schema "StartProcessWebhookToEntity" is not enabled.
2023-12-18 21:06:00,018 ERROR  ProcessEngine Execute - Could not run process by start timer event. The schema "StartProcessWebhookToEntity" is not enabled.
2023-12-18 21:07:00,018 ERROR  ProcessEngine Execute - Could not run process by start timer event. The schema "StartProcessWebhookToEntity" is not enabled.
2023-12-18 21:08:00,018 ERROR  ProcessEngine Execute - Could not run process by start timer event. The schema "StartProcessWebhookToEntity" is not enabled.
2023-12-18 21:09:00,017 ERROR  ProcessEngine Execute - Could not run process by start timer event. The schema "StartProcessWebhookToEntity" is not enabled.
2023-12-18 21:10:00,017 ERROR  ProcessEngine Execute - Could not run process by start timer event. The schema "StartProcessWebhookToEntity" is not enabled.
2023-12-18 21:11:00,018 ERROR  ProcessEngine Execute - Could not run process by start timer event. The schema "StartProcessWebhookToEntity" is not enabled.
2023-12-18 21:12:00,018 ERROR  ProcessEngine Execute - Could not run process by start timer event. The schema "StartProcessWebhookToEntity" is not enabled.
2023-12-18 21:13:00,010 ERROR  ProcessEngine Execute - Could not run process by start timer event. The schema "StartProcessWebhookToEntity" is not enabled.
2023-12-18 21:14:00,009 ERROR  ProcessEngine Execute - Could not run process by start timer event. The schema "StartProcessWebhookToEntity" is not enabled.
2023-12-18 21:15:00,017 ERROR  ProcessEngine Execute - Could not run process by start timer event. The schema "StartProcessWebhookToEntity" is not enabled.
2023-12-18 21:16:00,018 ERROR  ProcessEngine Execute - Could not run process by start timer event. The schema "StartProcessWebhookToEntity" is not enabled.
2023-12-18 21:17:00,018 ERROR  ProcessEngine Execute - Could not run process by start timer event. The schema "StartProcessWebhookToEntity" is not enabled.
2023-12-18 21:18:00,017 ERROR  ProcessEngine Execute - Could not run process by start timer event. The schema "StartProcessWebhookToEntity" is not enabled.
2023-12-18 21:19:00,004 ERROR  ProcessEngine Execute - Could not run process by start timer event. The schema "StartProcessWebhookToEntity" is not enabled.
2023-12-18 21:20:00,018 ERROR  ProcessEngine Execute - Could not run process by start timer event. The schema "StartProcessWebhookToEntity" is not enabled.
2023-12-18 21:21:00,018 ERROR  ProcessEngine Execute - Could not run process by start timer event. The schema "StartProcessWebhookToEntity" is not enabled.
2023-12-18 21:22:00,018 ERROR  ProcessEngine Execute - Could not run process by start timer event. The schema "StartProcessWebhookToEntity" is not enabled.
2023-12-18 21:23:00,018 ERROR  ProcessEngine Execute - Could not run process by start timer event. The schema "StartProcessWebhookToEntity" is not enabled.
2023-12-18 21:24:00,018 ERROR  ProcessEngine Execute - Could not run process by start timer event. The schema "StartProcessWebhookToEntity" is not enabled.
2023-12-18 21:25:00,017 ERROR  ProcessEngine Execute - Could not run process by start timer event. The schema "StartProcessWebhookToEntity" is not enabled.
2023-12-18 21:26:00,018 ERROR  ProcessEngine Execute - Could not run process by start timer event. The schema "StartProcessWebhookToEntity" is not enabled.
2023-12-18 21:27:00,015 ERROR  ProcessEngine Execute - Could not run process by start timer event. The schema "StartProcessWebhookToEntity" is not enabled.
2023-12-18 21:28:00,004 ERROR  ProcessEngine Execute - Could not run process by start timer event. The schema "StartProcessWebhookToEntity" is not enabled.
2023-12-18 21:29:00,018 ERROR  ProcessEngine Execute - Could not run process by start timer event. The schema "StartProcessWebhookToEntity" is not enabled.
2023-12-18 21:30:00,017 ERROR  ProcessEngine Execute - Could not run process by start timer event. The schema "StartProcessWebhookToEntity" is not enabled.
