2023-12-18 11:57:04,853 --> PackageDBStorage.Load
2023-12-18 11:57:06,882 <-- PackageDBStorage.Load
2023-12-18 12:11:13,280 --> PackageDBStorage.Load
2023-12-18 12:11:20,779 <-- PackageDBStorage.Load
2023-12-18 12:11:22,672 --> PackageDBStorage.Load
2023-12-18 12:11:22,706 <-- PackageDBStorage.Load
2023-12-18 12:22:02,453 --> PackageDBStorage.Load
2023-12-18 12:22:07,935 <-- PackageDBStorage.Load
2023-12-18 12:22:10,470 --> PackageDBStorage.Load
2023-12-18 12:22:10,503 <-- PackageDBStorage.Load
2023-12-18 12:22:12,443 --> PackageDBStorage.Load
2023-12-18 12:22:16,656 <-- PackageDBStorage.Load
2023-12-18 12:22:17,953 --> PackageDBStorage.Load
2023-12-18 12:22:17,986 <-- PackageDBStorage.Load
2023-12-18 12:22:18,008 --> PackageDBStorage.Load
2023-12-18 12:22:18,041 <-- PackageDBStorage.Load
2023-12-18 12:29:18,696 --> PackageDBStorage.Load
2023-12-18 12:29:18,739 <-- PackageDBStorage.Load
2023-12-18 12:29:18,847 --> PackageDBStorage.Load
2023-12-18 12:29:18,898 <-- PackageDBStorage.Load
2023-12-18 12:48:42,698 --> PackageDBStorage.Load
2023-12-18 12:48:47,354 <-- PackageDBStorage.Load
2023-12-18 12:48:50,760 --> PackageDBStorage.Load
2023-12-18 12:48:55,509 <-- PackageDBStorage.Load
2023-12-18 12:49:45,367 --> PackageDBStorage.Load
2023-12-18 12:49:49,809 <-- PackageDBStorage.Load
2023-12-18 12:51:28,072 --> PackageDBStorage.Load
2023-12-18 12:51:32,160 <-- PackageDBStorage.Load
2023-12-18 12:52:23,870 --> PackageDBStorage.Load
2023-12-18 12:52:31,420 <-- PackageDBStorage.Load
2023-12-18 12:52:38,769 --> PackageDBStorage.Load
2023-12-18 12:52:39,612 <-- PackageDBStorage.Load
2023-12-18 12:53:01,581 --> PackageDBStorage.Load
2023-12-18 12:53:02,414 <-- PackageDBStorage.Load
2023-12-18 12:55:05,370 --> PackageDBStorage.Load
2023-12-18 12:55:10,314 <-- PackageDBStorage.Load
2023-12-18 12:55:10,435 --> PackageDBStorage.Load
2023-12-18 12:55:14,673 <-- PackageDBStorage.Load
2023-12-18 12:57:51,097 --> PackageDBStorage.Load
2023-12-18 12:57:51,712 <-- PackageDBStorage.Load
2023-12-18 13:08:33,432 --> PackageDBStorage.Load
2023-12-18 13:08:33,466 <-- PackageDBStorage.Load
2023-12-18 13:12:19,599 --> PackageDBStorage.Load
2023-12-18 13:12:24,832 <-- PackageDBStorage.Load
2023-12-18 13:21:12,332 --> PackageDBStorage.Load
2023-12-18 13:21:12,386 <-- PackageDBStorage.Load
2023-12-18 13:21:12,496 --> PackageDBStorage.Load
2023-12-18 13:21:12,534 <-- PackageDBStorage.Load
2023-12-18 13:49:56,924 --> PackageDBStorage.Load
2023-12-18 13:50:02,594 <-- PackageDBStorage.Load
2023-12-18 13:50:04,880 --> PackageDBStorage.Load
2023-12-18 13:50:09,105 <-- PackageDBStorage.Load
2023-12-18 13:50:10,243 --> PackageDBStorage.Load
2023-12-18 13:50:14,384 <-- PackageDBStorage.Load
2023-12-18 13:50:15,248 --> PackageDBStorage.Load
2023-12-18 13:50:19,649 <-- PackageDBStorage.Load
2023-12-18 13:50:20,647 --> PackageDBStorage.Load
2023-12-18 13:50:24,711 <-- PackageDBStorage.Load
2023-12-18 13:50:25,628 --> PackageDBStorage.Load
2023-12-18 13:50:29,899 <-- PackageDBStorage.Load
2023-12-18 13:50:30,598 --> PackageDBStorage.Load
2023-12-18 13:50:34,606 <-- PackageDBStorage.Load
2023-12-18 13:50:35,400 --> PackageDBStorage.Load
2023-12-18 13:50:39,672 <-- PackageDBStorage.Load
2023-12-18 13:50:40,363 --> PackageDBStorage.Load
2023-12-18 13:50:44,440 <-- PackageDBStorage.Load
2023-12-18 13:50:53,428 --> PackageDBStorage.Load
2023-12-18 13:50:54,325 <-- PackageDBStorage.Load
2023-12-18 13:52:44,734 --> PackageDBStorage.Load
2023-12-18 13:52:49,262 <-- PackageDBStorage.Load
2023-12-18 13:52:49,389 --> PackageDBStorage.Load
2023-12-18 13:52:53,655 <-- PackageDBStorage.Load
2023-12-18 13:55:33,765 --> PackageDBStorage.Load
2023-12-18 13:55:34,410 <-- PackageDBStorage.Load
2023-12-18 14:40:43,851 --> PackageDBStorage.Load
2023-12-18 14:40:48,122 <-- PackageDBStorage.Load
2023-12-18 14:40:48,358 --> PackageDBStorage.Load
2023-12-18 14:40:52,488 <-- PackageDBStorage.Load
2023-12-18 14:43:29,232 --> PackageDBStorage.Load
2023-12-18 14:43:29,792 <-- PackageDBStorage.Load
2023-12-18 14:48:05,638 --> PackageDBStorage.Load
2023-12-18 14:48:05,686 <-- PackageDBStorage.Load
2023-12-18 14:48:08,672 --> PackageDBStorage.Load
2023-12-18 14:48:08,707 <-- PackageDBStorage.Load
2023-12-18 15:03:27,574 --> PackageInstallUtilities.LoadPackagesToFileSystem
2023-12-18 15:03:27,574 --> PackageStorageComposer.Compose
2023-12-18 15:03:27,574 --> PackageFileDesignModeDBStorage.Load
2023-12-18 15:03:36,926 <-- PackageFileDesignModeDBStorage.Load
2023-12-18 15:03:36,926 --> PackageFileDesignModeStorage.Load
2023-12-18 15:03:37,113 <-- PackageFileDesignModeStorage.Load
2023-12-18 15:03:37,113 --> PackageStorageComposer.SpecifySourceStorageChanges
2023-12-18 15:03:37,136 <-- PackageStorageComposer.ApplySourcePackageSqlScriptsChanges
2023-12-18 15:03:37,150 <-- PackageStorageComposer.ApplySourcePackageSqlScriptsChanges
2023-12-18 15:03:37,150 <-- PackageStorageComposer.ApplySourcePackageSqlScriptsChanges
2023-12-18 15:03:37,150 <-- PackageStorageComposer.ApplySourcePackageSqlScriptsChanges
2023-12-18 15:03:37,150 <-- PackageStorageComposer.SpecifySourceStorageChanges
2023-12-18 15:03:37,164 --> PackageFileDesignModeStorage.ActualizePackageResourcesState
2023-12-18 15:03:37,164 <-- PackageFileDesignModeStorage.ActualizePackageResourcesState
2023-12-18 15:03:37,164 <-- PackageStorageComposer.Compose
2023-12-18 15:03:37,183 --> PackageFileDesignModeStorage.Save: Packages [330] Schemas [8507] ReferenceAssemblies [35] SqlScripts [1535] PackageData [5247] SchemaResources [155266] CoreResources [0]
2023-12-18 15:03:37,186 --> PackageFileDesignModeStorage.MarkNotEditablePackagesAsNotChanged
2023-12-18 15:03:37,186 <-- PackageFileDesignModeStorage.MarkNotEditablePackagesAsNotChanged
2023-12-18 15:03:37,186 --> PackageFileDesignModeStorage.DeletePackageItems - GuidedDev
2023-12-18 15:03:37,191 <-- PackageFileDesignModeStorage.DeletePackageItems - GuidedDev
2023-12-18 15:03:37,191 --> PackageFileDesignModeStorage.DeletePackageItems - Custom
2023-12-18 15:03:37,191 <-- PackageFileDesignModeStorage.DeletePackageItems - Custom
2023-12-18 15:03:37,191 --> PackageFileDesignModeStorage.UpdatePackage - GuidedDev
2023-12-18 15:03:37,191 --> PackageFileDesignModeStorage.SavePackage - GuidedDev
2023-12-18 15:03:37,191 --> PackageFileDesignModeStorage.SavePackageDescriptor - GuidedDev
2023-12-18 15:03:37,199 <-- PackageFileDesignModeStorage.SavePackageDescriptor - GuidedDev
2023-12-18 15:03:37,199 --> PackageFileDesignModeStorage.SaveStandalonePackageSpecificFiles - GuidedDev
2023-12-18 15:03:37,222 <-- PackageFileDesignModeStorage.SaveStandalonePackageSpecificFiles - GuidedDev
2023-12-18 15:03:37,222 --> PackageFileDesignModeStorage.SavePackageSchemas - GuidedDev
2023-12-18 15:03:37,277 <-- PackageFileDesignModeStorage.SavePackageSchemas - GuidedDev
2023-12-18 15:03:37,997 --> PackageFileDesignModeStorage.SavePackageReferenceAssemblies - GuidedDev
2023-12-18 15:03:37,997 <-- PackageFileDesignModeStorage.SavePackageReferenceAssemblies - GuidedDev
2023-12-18 15:03:37,997 --> PackageFileDesignModeStorage.SavePackageSqlScripts - GuidedDev
2023-12-18 15:03:37,997 <-- PackageFileDesignModeStorage.SavePackageSqlScripts - GuidedDev
2023-12-18 15:03:37,997 --> PackageFileDesignModeStorage.SavePackageData - GuidedDev
2023-12-18 15:03:38,051 <-- PackageFileDesignModeStorage.SavePackageData - GuidedDev
2023-12-18 15:03:38,051 <-- PackageFileDesignModeStorage.SavePackage - GuidedDev
2023-12-18 15:03:38,051 <-- PackageFileDesignModeStorage.UpdatePackage - GuidedDev
2023-12-18 15:03:38,051 --> PackageFileDesignModeStorage.UpdatePackage - Custom
2023-12-18 15:03:38,051 --> PackageFileDesignModeStorage.SavePackage - Custom
2023-12-18 15:03:38,051 --> PackageFileDesignModeStorage.SavePackageDescriptor - Custom
2023-12-18 15:03:38,057 <-- PackageFileDesignModeStorage.SavePackageDescriptor - Custom
2023-12-18 15:03:38,057 --> PackageFileDesignModeStorage.SavePackageSchemas - Custom
2023-12-18 15:03:38,057 <-- PackageFileDesignModeStorage.SavePackageSchemas - Custom
2023-12-18 15:03:38,061 --> PackageFileDesignModeStorage.SavePackageReferenceAssemblies - Custom
2023-12-18 15:03:38,061 <-- PackageFileDesignModeStorage.SavePackageReferenceAssemblies - Custom
2023-12-18 15:03:38,061 --> PackageFileDesignModeStorage.SavePackageSqlScripts - Custom
2023-12-18 15:03:38,061 <-- PackageFileDesignModeStorage.SavePackageSqlScripts - Custom
2023-12-18 15:03:38,061 --> PackageFileDesignModeStorage.SavePackageData - Custom
2023-12-18 15:03:38,061 <-- PackageFileDesignModeStorage.SavePackageData - Custom
2023-12-18 15:03:38,061 <-- PackageFileDesignModeStorage.SavePackage - Custom
2023-12-18 15:03:38,061 <-- PackageFileDesignModeStorage.UpdatePackage - Custom
2023-12-18 15:03:38,061 --> PackageFileDesignModeStorage.SavePackage - UsrApp_aalxdqy
2023-12-18 15:03:38,061 --> PackageFileDesignModeStorage.SavePackageDescriptor - UsrApp_aalxdqy
2023-12-18 15:03:38,061 <-- PackageFileDesignModeStorage.SavePackageDescriptor - UsrApp_aalxdqy
2023-12-18 15:03:38,061 --> PackageFileDesignModeStorage.SaveStandalonePackageSpecificFiles - UsrApp_aalxdqy
2023-12-18 15:03:38,061 <-- PackageFileDesignModeStorage.SaveStandalonePackageSpecificFiles - UsrApp_aalxdqy
2023-12-18 15:03:38,061 --> PackageFileDesignModeStorage.SavePackageSchemas - UsrApp_aalxdqy
2023-12-18 15:03:38,061 <-- PackageFileDesignModeStorage.SavePackageSchemas - UsrApp_aalxdqy
2023-12-18 15:03:38,071 --> PackageFileDesignModeStorage.SavePackageReferenceAssemblies - UsrApp_aalxdqy
2023-12-18 15:03:38,071 <-- PackageFileDesignModeStorage.SavePackageReferenceAssemblies - UsrApp_aalxdqy
2023-12-18 15:03:38,071 --> PackageFileDesignModeStorage.SavePackageSqlScripts - UsrApp_aalxdqy
2023-12-18 15:03:38,071 <-- PackageFileDesignModeStorage.SavePackageSqlScripts - UsrApp_aalxdqy
2023-12-18 15:03:38,071 --> PackageFileDesignModeStorage.SavePackageData - UsrApp_aalxdqy
2023-12-18 15:03:38,071 <-- PackageFileDesignModeStorage.SavePackageData - UsrApp_aalxdqy
2023-12-18 15:03:38,071 <-- PackageFileDesignModeStorage.SavePackage - UsrApp_aalxdqy
2023-12-18 15:03:39,323 <-- PackageFileDesignModeStorage.Save
2023-12-18 15:03:39,323 --> PackageInstallUtilities.UpdatePackagesAutogeneratedContent
2023-12-18 15:03:39,323 --> PackageDBStorage.Load
2023-12-18 15:03:43,815 <-- PackageDBStorage.Load
2023-12-18 15:03:47,595 --> PackageInstallUtilities.UpdateWorkspaceSolution
2023-12-18 15:03:47,595 --> PackageDBStorage.Load
2023-12-18 15:03:51,916 <-- PackageDBStorage.Load
2023-12-18 15:03:56,826 <-- PackageInstallUtilities.UpdateWorkspaceSolution
2023-12-18 15:03:56,826 <-- PackageInstallUtilities.UpdatePackagesAutogeneratedContent
2023-12-18 15:03:56,826 <-- PackageInstallUtilities.LoadPackagesToFileSystem
2023-12-18 15:06:28,231 --> PackageDBStorage.Load
2023-12-18 15:06:28,269 <-- PackageDBStorage.Load
2023-12-18 15:06:28,336 --> PackageDBStorage.Load
2023-12-18 15:06:28,387 <-- PackageDBStorage.Load
2023-12-18 15:21:29,951 --> PackageDBStorage.Load
2023-12-18 15:21:29,984 <-- PackageDBStorage.Load
2023-12-18 15:21:35,707 --> PackageDBStorage.Load
2023-12-18 15:21:35,768 <-- PackageDBStorage.Load
2023-12-18 15:22:43,493 --> PackageDBStorage.Load
2023-12-18 15:22:43,527 <-- PackageDBStorage.Load
2023-12-18 15:33:18,786 --> PackageDBStorage.Load
2023-12-18 15:33:26,023 <-- PackageDBStorage.Load
2023-12-18 15:33:28,669 --> PackageDBStorage.Load
2023-12-18 15:33:28,702 <-- PackageDBStorage.Load
2023-12-18 15:44:09,197 --> PackageDBStorage.Load
2023-12-18 15:44:09,230 <-- PackageDBStorage.Load
2023-12-18 15:49:27,192 --> PackageDBStorage.Load
2023-12-18 15:49:32,274 <-- PackageDBStorage.Load
2023-12-18 15:49:36,185 --> PackageDBStorage.Load
2023-12-18 15:49:36,224 <-- PackageDBStorage.Load
2023-12-18 15:54:05,825 --> PackageDBStorage.Load
2023-12-18 15:54:11,607 <-- PackageDBStorage.Load
2023-12-18 15:54:13,708 --> PackageDBStorage.Load
2023-12-18 15:54:13,742 <-- PackageDBStorage.Load
2023-12-18 15:56:43,408 --> PackageInstallUtilities.LoadPackagesToFileSystem
2023-12-18 15:56:43,408 --> PackageStorageComposer.Compose
2023-12-18 15:56:43,408 --> PackageFileDesignModeDBStorage.Load
2023-12-18 15:56:48,398 <-- PackageFileDesignModeDBStorage.Load
2023-12-18 15:56:48,398 --> PackageFileDesignModeStorage.Load
2023-12-18 15:56:48,463 <-- PackageFileDesignModeStorage.Load
2023-12-18 15:56:48,463 --> PackageStorageComposer.SpecifySourceStorageChanges
2023-12-18 15:56:48,477 <-- PackageStorageComposer.ApplySourcePackageSqlScriptsChanges
2023-12-18 15:56:48,477 <-- PackageStorageComposer.ApplySourcePackageSqlScriptsChanges
2023-12-18 15:56:48,481 <-- PackageStorageComposer.ApplySourcePackageSqlScriptsChanges
2023-12-18 15:56:48,481 <-- PackageStorageComposer.ApplySourcePackageSqlScriptsChanges
2023-12-18 15:56:48,481 <-- PackageStorageComposer.ApplySourcePackageSqlScriptsChanges
2023-12-18 15:56:48,481 <-- PackageStorageComposer.SpecifySourceStorageChanges
2023-12-18 15:56:48,490 --> PackageFileDesignModeStorage.ActualizePackageResourcesState
2023-12-18 15:56:48,490 <-- PackageFileDesignModeStorage.ActualizePackageResourcesState
2023-12-18 15:56:48,490 <-- PackageStorageComposer.Compose
2023-12-18 15:56:48,501 --> PackageFileDesignModeStorage.Save: Packages [330] Schemas [8498] ReferenceAssemblies [35] SqlScripts [1535] PackageData [5240] SchemaResources [155266] CoreResources [0]
2023-12-18 15:56:48,501 --> PackageFileDesignModeStorage.MarkNotEditablePackagesAsNotChanged
2023-12-18 15:56:48,501 <-- PackageFileDesignModeStorage.MarkNotEditablePackagesAsNotChanged
2023-12-18 15:56:48,501 --> PackageFileDesignModeStorage.DeletePackageItems - GuidedDev
2023-12-18 15:56:48,501 <-- PackageFileDesignModeStorage.DeletePackageItems - GuidedDev
2023-12-18 15:56:48,501 --> PackageFileDesignModeStorage.DeletePackageItems - Custom
2023-12-18 15:56:48,501 <-- PackageFileDesignModeStorage.DeletePackageItems - Custom
2023-12-18 15:56:48,501 --> PackageFileDesignModeStorage.UpdatePackage - GuidedDev
2023-12-18 15:56:48,501 --> PackageFileDesignModeStorage.SavePackage - GuidedDev
2023-12-18 15:56:48,501 --> PackageFileDesignModeStorage.SavePackageDescriptor - GuidedDev
2023-12-18 15:56:48,501 <-- PackageFileDesignModeStorage.SavePackageDescriptor - GuidedDev
2023-12-18 15:56:48,501 --> PackageFileDesignModeStorage.SaveStandalonePackageSpecificFiles - GuidedDev
2023-12-18 15:56:48,511 <-- PackageFileDesignModeStorage.SaveStandalonePackageSpecificFiles - GuidedDev
2023-12-18 15:56:48,511 --> PackageFileDesignModeStorage.SavePackageSchemas - GuidedDev
2023-12-18 15:56:48,511 <-- PackageFileDesignModeStorage.SavePackageSchemas - GuidedDev
2023-12-18 15:56:49,168 --> PackageFileDesignModeStorage.SavePackageReferenceAssemblies - GuidedDev
2023-12-18 15:56:49,168 <-- PackageFileDesignModeStorage.SavePackageReferenceAssemblies - GuidedDev
2023-12-18 15:56:49,168 --> PackageFileDesignModeStorage.SavePackageSqlScripts - GuidedDev
2023-12-18 15:56:49,168 <-- PackageFileDesignModeStorage.SavePackageSqlScripts - GuidedDev
2023-12-18 15:56:49,168 --> PackageFileDesignModeStorage.SavePackageData - GuidedDev
2023-12-18 15:56:49,198 <-- PackageFileDesignModeStorage.SavePackageData - GuidedDev
2023-12-18 15:56:49,198 <-- PackageFileDesignModeStorage.SavePackage - GuidedDev
2023-12-18 15:56:49,198 <-- PackageFileDesignModeStorage.UpdatePackage - GuidedDev
2023-12-18 15:56:49,198 --> PackageFileDesignModeStorage.UpdatePackage - Custom
2023-12-18 15:56:49,198 --> PackageFileDesignModeStorage.SavePackage - Custom
2023-12-18 15:56:49,198 --> PackageFileDesignModeStorage.SavePackageDescriptor - Custom
2023-12-18 15:56:49,198 <-- PackageFileDesignModeStorage.SavePackageDescriptor - Custom
2023-12-18 15:56:49,198 --> PackageFileDesignModeStorage.SavePackageSchemas - Custom
2023-12-18 15:56:49,198 <-- PackageFileDesignModeStorage.SavePackageSchemas - Custom
2023-12-18 15:56:49,206 --> PackageFileDesignModeStorage.SavePackageReferenceAssemblies - Custom
2023-12-18 15:56:49,206 <-- PackageFileDesignModeStorage.SavePackageReferenceAssemblies - Custom
2023-12-18 15:56:49,206 --> PackageFileDesignModeStorage.SavePackageSqlScripts - Custom
2023-12-18 15:56:49,206 <-- PackageFileDesignModeStorage.SavePackageSqlScripts - Custom
2023-12-18 15:56:49,206 --> PackageFileDesignModeStorage.SavePackageData - Custom
2023-12-18 15:56:49,206 <-- PackageFileDesignModeStorage.SavePackageData - Custom
2023-12-18 15:56:49,206 <-- PackageFileDesignModeStorage.SavePackage - Custom
2023-12-18 15:56:49,206 <-- PackageFileDesignModeStorage.UpdatePackage - Custom
2023-12-18 15:56:49,206 --> PackageFileDesignModeStorage.SavePackage - UsrApp_mazftrh
2023-12-18 15:56:49,206 --> PackageFileDesignModeStorage.SavePackageDescriptor - UsrApp_mazftrh
2023-12-18 15:56:49,206 <-- PackageFileDesignModeStorage.SavePackageDescriptor - UsrApp_mazftrh
2023-12-18 15:56:49,206 --> PackageFileDesignModeStorage.SaveStandalonePackageSpecificFiles - UsrApp_mazftrh
2023-12-18 15:56:49,211 <-- PackageFileDesignModeStorage.SaveStandalonePackageSpecificFiles - UsrApp_mazftrh
2023-12-18 15:56:49,211 --> PackageFileDesignModeStorage.SavePackageSchemas - UsrApp_mazftrh
2023-12-18 15:56:49,211 <-- PackageFileDesignModeStorage.SavePackageSchemas - UsrApp_mazftrh
2023-12-18 15:56:49,215 --> PackageFileDesignModeStorage.SavePackageReferenceAssemblies - UsrApp_mazftrh
2023-12-18 15:56:49,215 <-- PackageFileDesignModeStorage.SavePackageReferenceAssemblies - UsrApp_mazftrh
2023-12-18 15:56:49,215 --> PackageFileDesignModeStorage.SavePackageSqlScripts - UsrApp_mazftrh
2023-12-18 15:56:49,215 <-- PackageFileDesignModeStorage.SavePackageSqlScripts - UsrApp_mazftrh
2023-12-18 15:56:49,215 --> PackageFileDesignModeStorage.SavePackageData - UsrApp_mazftrh
2023-12-18 15:56:49,215 <-- PackageFileDesignModeStorage.SavePackageData - UsrApp_mazftrh
2023-12-18 15:56:49,215 <-- PackageFileDesignModeStorage.SavePackage - UsrApp_mazftrh
2023-12-18 15:56:50,283 <-- PackageFileDesignModeStorage.Save
2023-12-18 15:56:50,283 --> PackageInstallUtilities.UpdatePackagesAutogeneratedContent
2023-12-18 15:56:50,283 --> PackageDBStorage.Load
2023-12-18 15:56:54,656 <-- PackageDBStorage.Load
2023-12-18 15:56:57,847 --> PackageInstallUtilities.UpdateWorkspaceSolution
2023-12-18 15:56:57,847 --> PackageDBStorage.Load
2023-12-18 15:57:02,428 <-- PackageDBStorage.Load
2023-12-18 15:57:07,995 <-- PackageInstallUtilities.UpdateWorkspaceSolution
2023-12-18 15:57:07,995 <-- PackageInstallUtilities.UpdatePackagesAutogeneratedContent
2023-12-18 15:57:07,995 <-- PackageInstallUtilities.LoadPackagesToFileSystem
2023-12-18 16:00:51,758 --> PackageDBStorage.Load
2023-12-18 16:00:54,015 <-- PackageDBStorage.Load
2023-12-18 16:01:40,310 --> PackageDBStorage.Load
2023-12-18 16:01:47,451 <-- PackageDBStorage.Load
2023-12-18 16:01:50,899 --> PackageDBStorage.Load
2023-12-18 16:01:50,935 <-- PackageDBStorage.Load
2023-12-18 16:01:59,773 --> PackageInstallUtilities.LoadPackagesToFileSystem
2023-12-18 16:01:59,773 --> PackageStorageComposer.Compose
2023-12-18 16:01:59,773 --> PackageFileDesignModeDBStorage.Load
2023-12-18 16:02:03,784 <-- PackageFileDesignModeDBStorage.Load
2023-12-18 16:02:03,784 --> PackageFileDesignModeStorage.Load
2023-12-18 16:02:03,842 <-- PackageFileDesignModeStorage.Load
2023-12-18 16:02:03,842 --> PackageStorageComposer.SpecifySourceStorageChanges
2023-12-18 16:02:03,868 <-- PackageStorageComposer.ApplySourcePackageSqlScriptsChanges
2023-12-18 16:02:03,878 <-- PackageStorageComposer.ApplySourcePackageSqlScriptsChanges
2023-12-18 16:02:03,878 <-- PackageStorageComposer.ApplySourcePackageSqlScriptsChanges
2023-12-18 16:02:03,883 <-- PackageStorageComposer.ApplySourcePackageSqlScriptsChanges
2023-12-18 16:02:03,883 <-- PackageStorageComposer.ApplySourcePackageSqlScriptsChanges
2023-12-18 16:02:03,883 <-- PackageStorageComposer.ApplySourcePackageSqlScriptsChanges
2023-12-18 16:02:03,883 <-- PackageStorageComposer.SpecifySourceStorageChanges
2023-12-18 16:02:03,895 --> PackageFileDesignModeStorage.ActualizePackageResourcesState
2023-12-18 16:02:03,895 <-- PackageFileDesignModeStorage.ActualizePackageResourcesState
2023-12-18 16:02:03,895 <-- PackageStorageComposer.Compose
2023-12-18 16:02:03,916 --> PackageFileDesignModeStorage.Save: Packages [327] Schemas [8498] ReferenceAssemblies [35] SqlScripts [1535] PackageData [5239] SchemaResources [155266] CoreResources [0]
2023-12-18 16:02:03,919 --> PackageFileDesignModeStorage.MarkNotEditablePackagesAsNotChanged
2023-12-18 16:02:03,919 <-- PackageFileDesignModeStorage.MarkNotEditablePackagesAsNotChanged
2023-12-18 16:02:03,919 <-- PackageFileDesignModeStorage.Save
2023-12-18 16:02:03,919 <-- PackageInstallUtilities.LoadPackagesToFileSystem
2023-12-18 16:04:49,725 --> PackageDBStorage.Load
2023-12-18 16:04:55,359 <-- PackageDBStorage.Load
2023-12-18 16:04:55,499 --> PackageDBStorage.Load
2023-12-18 16:04:59,659 <-- PackageDBStorage.Load
2023-12-18 16:07:45,581 --> PackageDBStorage.Load
2023-12-18 16:07:46,217 <-- PackageDBStorage.Load
