2023-12-12 18:51:29,417 [.NET ThreadPool Worker] WARN Supervisor <GetModelsGroupedByEntityName>b__1_0 - PredictedResultColumnName is empty for model 74ce4daa-aa40-411d-8152-1b16cc2e8c2b
Metadata: {
}
Entity schemaUid: a5657e6b-342d-4104-8ab8-aab37ef29860

2023-12-12 18:51:29,420 [.NET ThreadPool Worker] WARN Supervisor <GetModelsGroupedByEntityName>b__1_0 - PredictedResultColumnName is empty for model 8f57ed14-2c8a-47c8-a990-104698359451
Metadata: {
}
Entity schemaUid: a5657e6b-342d-4104-8ab8-aab37ef29860

2023-12-12 18:51:29,420 [.NET ThreadPool Worker] WARN Supervisor <GetModelsGroupedByEntityName>b__1_0 - PredictedResultColumnName is empty for model 6f8c5159-e07b-485d-bfa2-37dbf4f0a2d3
Metadata: {
}
Entity schemaUid: 117d32f9-8275-4534-8411-1c66115ce9cd

2023-12-12 18:51:29,420 [.NET ThreadPool Worker] WARN Supervisor <GetModelsGroupedByEntityName>b__1_0 - PredictedResultColumnName is empty for model b624f2fd-81e1-4e8d-890b-5184994d1154
Metadata: {
}
Entity schemaUid: 56143364-4580-4561-8814-8612fad2e5c0

2023-12-12 18:51:46,389 [.NET ThreadPool Worker] INFO  Execute - ML model batch prediction job started
2023-12-12 18:51:46,389 [.NET ThreadPool Worker] INFO  Execute - Start to process (training, state sync) ML models
2023-12-12 18:51:46,395 [.NET ThreadPool Worker] DEBUG  ProcessAllModels - There are no ML problem types with set ServiceUrl
2023-12-12 18:51:46,395 [.NET ThreadPool Worker] DEBUG  ProcessAllModels - There are no ML problem types with set ServiceUrl
2023-12-12 18:56:54,489 [.NET ThreadPool Worker] INFO  Execute - ML model batch prediction job started
2023-12-12 18:56:54,489 [.NET ThreadPool Worker] INFO  Execute - Start to process (training, state sync) ML models
2023-12-12 18:56:54,499 [.NET ThreadPool Worker] DEBUG  ProcessAllModels - There are no ML problem types with set ServiceUrl
2023-12-12 18:56:54,499 [.NET ThreadPool Worker] DEBUG  ProcessAllModels - There are no ML problem types with set ServiceUrl
2023-12-12 19:11:54,521 [.NET ThreadPool Worker] INFO  Execute - Start to process (training, state sync) ML models
2023-12-12 19:11:54,531 [.NET ThreadPool Worker] DEBUG  ProcessAllModels - There are no ML problem types with set ServiceUrl
2023-12-12 19:26:54,548 [.NET ThreadPool Worker] INFO  Execute - Start to process (training, state sync) ML models
2023-12-12 19:26:54,548 [.NET ThreadPool Worker] DEBUG  ProcessAllModels - There are no ML problem types with set ServiceUrl
2023-12-12 19:41:54,568 [.NET ThreadPool Worker] INFO  Execute - Start to process (training, state sync) ML models
2023-12-12 19:41:54,568 [.NET ThreadPool Worker] DEBUG  ProcessAllModels - There are no ML problem types with set ServiceUrl
2023-12-12 19:56:54,528 [.NET ThreadPool Worker] INFO  Execute - ML model batch prediction job started
2023-12-12 19:56:54,528 [.NET ThreadPool Worker] DEBUG  ProcessAllModels - There are no ML problem types with set ServiceUrl
2023-12-12 19:56:54,587 [.NET ThreadPool Worker] INFO  Execute - Start to process (training, state sync) ML models
2023-12-12 19:56:54,587 [.NET ThreadPool Worker] DEBUG  ProcessAllModels - There are no ML problem types with set ServiceUrl
2023-12-12 20:11:54,608 [.NET ThreadPool Worker] INFO  Execute - Start to process (training, state sync) ML models
2023-12-12 20:11:54,608 [.NET ThreadPool Worker] DEBUG  ProcessAllModels - There are no ML problem types with set ServiceUrl
2023-12-12 20:23:22,755 [.NET ThreadPool Worker] WARN Supervisor <GetModelsGroupedByEntityName>b__1_0 - PredictedResultColumnName is empty for model 74ce4daa-aa40-411d-8152-1b16cc2e8c2b
Metadata: {
}
Entity schemaUid: a5657e6b-342d-4104-8ab8-aab37ef29860

2023-12-12 20:23:22,755 [.NET ThreadPool Worker] WARN Supervisor <GetModelsGroupedByEntityName>b__1_0 - PredictedResultColumnName is empty for model 8f57ed14-2c8a-47c8-a990-104698359451
Metadata: {
}
Entity schemaUid: a5657e6b-342d-4104-8ab8-aab37ef29860

2023-12-12 20:23:22,755 [.NET ThreadPool Worker] WARN Supervisor <GetModelsGroupedByEntityName>b__1_0 - PredictedResultColumnName is empty for model 6f8c5159-e07b-485d-bfa2-37dbf4f0a2d3
Metadata: {
}
Entity schemaUid: 117d32f9-8275-4534-8411-1c66115ce9cd

2023-12-12 20:23:22,755 [.NET ThreadPool Worker] WARN Supervisor <GetModelsGroupedByEntityName>b__1_0 - PredictedResultColumnName is empty for model b624f2fd-81e1-4e8d-890b-5184994d1154
Metadata: {
}
Entity schemaUid: 56143364-4580-4561-8814-8612fad2e5c0

2023-12-12 20:26:54,614 [.NET ThreadPool Worker] INFO  Execute - Start to process (training, state sync) ML models
2023-12-12 20:26:54,614 [.NET ThreadPool Worker] DEBUG  ProcessAllModels - There are no ML problem types with set ServiceUrl
