2023-12-04 12:14:15,325 [1] INFO  RunGlobalSearchConfigJob - Prepare GlobalSearchConfigsJob
2023-12-04 12:14:15,335 [1] INFO  RemoveJobs - RemoveJobs GlobalSearchGroup 0 successfully
2023-12-04 12:14:15,384 [1] INFO  RunGlobalSearchConfigJob - GlobalSearchConfigsJob started successfully
2023-12-04 12:16:14,853 [.NET ThreadPool Worker] INFO  RunJobExecutor - Global search config job started
2023-12-04 12:16:14,857 [.NET ThreadPool Worker] INFO  Execute - GlobalSearch_V2 feature is False
2023-12-04 12:39:28,962 [1] INFO  RunGlobalSearchConfigJob - Prepare GlobalSearchConfigsJob
2023-12-04 12:39:28,969 [1] INFO  RemoveJobs - RemoveJobs GlobalSearchGroup 0 successfully
2023-12-04 12:39:28,998 [1] INFO  RunGlobalSearchConfigJob - GlobalSearchConfigsJob started successfully
2023-12-04 12:41:28,478 [.NET ThreadPool Worker] INFO  RunJobExecutor - Global search config job started
2023-12-04 12:41:28,480 [.NET ThreadPool Worker] INFO  Execute - GlobalSearch_V2 feature is False
2023-12-04 15:37:39,920 [1] INFO  RunGlobalSearchConfigJob - Prepare GlobalSearchConfigsJob
2023-12-04 15:37:39,930 [1] INFO  RemoveJobs - RemoveJobs GlobalSearchGroup 0 successfully
2023-12-04 15:37:39,981 [1] INFO  RunGlobalSearchConfigJob - GlobalSearchConfigsJob started successfully
2023-12-04 15:39:39,199 [.NET ThreadPool Worker] INFO  Execute - Global search config job started
2023-12-04 15:39:39,212 [.NET ThreadPool Worker] INFO  Execute - GlobalSearch_V2 feature is False
2023-12-04 20:37:17,212 [1] INFO  RunGlobalSearchConfigJob - Prepare GlobalSearchConfigsJob
2023-12-04 20:37:17,219 [1] INFO  RemoveJobs - RemoveJobs GlobalSearchGroup 0 successfully
2023-12-04 20:37:17,255 [1] INFO  RunGlobalSearchConfigJob - GlobalSearchConfigsJob started successfully
2023-12-04 20:39:16,582 [.NET ThreadPool Worker] INFO  RunJobExecutor - Global search config job started
2023-12-04 20:39:16,582 [.NET ThreadPool Worker] INFO  Execute - GlobalSearch_V2 feature is False
