2023-12-04 12:14:08,806 --> PackageDBStorage.Load
2023-12-04 12:14:10,662 <-- PackageDBStorage.Load
2023-12-04 12:39:23,176 --> PackageDBStorage.Load
2023-12-04 12:39:24,582 <-- PackageDBStorage.Load
2023-12-04 12:39:42,240 --> PackageInstallUtilities.LoadPackagesToDB
2023-12-04 12:39:42,240 --> PackageFileDesignModeStorage.Load
2023-12-04 12:39:42,264 <-- PackageFileDesignModeStorage.Load
2023-12-04 12:39:42,264 --> PackageFileDesignModeDBStorage.Load
2023-12-04 12:39:50,860 <-- PackageFileDesignModeDBStorage.Load
2023-12-04 12:39:50,871 --> PackageStorageComposer.Compose
2023-12-04 12:39:50,872 --> PackageStorageComposer.SpecifySourceStorageChanges
2023-12-04 12:39:50,877 <-- PackageStorageComposer.ApplySourcePackageSqlScriptsChanges
2023-12-04 12:39:50,886 <-- PackageStorageComposer.ApplySourcePackageSqlScriptsChanges
2023-12-04 12:39:50,886 <-- PackageStorageComposer.ApplySourcePackageSqlScriptsChanges
2023-12-04 12:39:50,886 <-- PackageStorageComposer.SpecifySourceStorageChanges
2023-12-04 12:39:50,898 --> PackageFileDesignModeDBStorage.ActualizePackageResourcesState
2023-12-04 12:39:50,907 <-- PackageFileDesignModeDBStorage.ActualizePackageResourcesState
2023-12-04 12:39:50,907 <-- PackageStorageComposer.Compose
2023-12-04 12:39:50,907 --> PackageFileDesignModeDBStorage.Save: Packages [0] Schemas [0] ReferenceAssemblies [0] SqlScripts [0] PackageData [0] SchemaResources [0] CoreResources [0]
2023-12-04 12:39:51,517 InstallColumnLookupValues. Count (total): 0
2023-12-04 12:39:51,663 <-- PackageFileDesignModeDBStorage.Save
2023-12-04 12:39:51,663 <-- PackageInstallUtilities.LoadPackagesToDB
2023-12-04 13:28:42,374 --> PackageDBStorage.Load
2023-12-04 13:28:42,410 <-- PackageDBStorage.Load
2023-12-04 13:28:48,465 --> PackageDBStorage.Load
2023-12-04 13:28:48,500 <-- PackageDBStorage.Load
2023-12-04 13:35:10,382 --> PackageDBStorage.Load
2023-12-04 13:35:10,416 <-- PackageDBStorage.Load
2023-12-04 15:37:31,590 --> PackageDBStorage.Load
2023-12-04 15:37:33,698 <-- PackageDBStorage.Load
2023-12-04 15:47:20,937 --> PackageDBStorage.Load
2023-12-04 15:47:20,972 <-- PackageDBStorage.Load
2023-12-04 15:47:24,444 --> PackageDBStorage.Load
2023-12-04 15:47:24,481 <-- PackageDBStorage.Load
2023-12-04 15:47:28,356 --> PackageDBStorage.Load
2023-12-04 15:47:28,414 <-- PackageDBStorage.Load
2023-12-04 15:47:28,490 --> PackageDBStorage.Load
2023-12-04 15:47:28,526 <-- PackageDBStorage.Load
2023-12-04 15:48:09,951 --> PackageDBStorage.Load
2023-12-04 15:48:09,989 <-- PackageDBStorage.Load
2023-12-04 15:48:13,658 --> PackageDBStorage.Load
2023-12-04 15:48:13,692 <-- PackageDBStorage.Load
2023-12-04 15:54:42,944 --> PackageDBStorage.Load
2023-12-04 15:54:50,537 <-- PackageDBStorage.Load
2023-12-04 15:54:51,734 --> PackageDBStorage.Load
2023-12-04 15:54:51,767 <-- PackageDBStorage.Load
2023-12-04 15:55:33,658 --> PackageDBStorage.Load
2023-12-04 15:55:37,986 <-- PackageDBStorage.Load
2023-12-04 15:55:38,606 --> PackageDBStorage.Load
2023-12-04 15:55:38,640 <-- PackageDBStorage.Load
2023-12-04 15:55:40,882 --> PackageDBStorage.Load
2023-12-04 15:55:41,883 <-- PackageDBStorage.Load
2023-12-04 16:40:14,522 --> PackageDBStorage.Load
2023-12-04 16:40:14,593 <-- PackageDBStorage.Load
2023-12-04 16:41:53,540 --> PackageDBStorage.Load
2023-12-04 16:41:53,575 <-- PackageDBStorage.Load
2023-12-04 18:16:18,929 --> PackageDBStorage.Load
2023-12-04 18:16:18,964 <-- PackageDBStorage.Load
2023-12-04 18:16:28,514 --> PackageDBStorage.Load
2023-12-04 18:16:28,549 <-- PackageDBStorage.Load
2023-12-04 18:16:28,607 --> PackageDBStorage.Load
2023-12-04 18:16:28,644 <-- PackageDBStorage.Load
2023-12-04 18:22:32,483 --> PackageDBStorage.Load
2023-12-04 18:22:38,103 <-- PackageDBStorage.Load
2023-12-04 18:22:38,896 --> PackageDBStorage.Load
2023-12-04 18:22:38,930 <-- PackageDBStorage.Load
2023-12-04 18:22:40,564 --> PackageDBStorage.Load
2023-12-04 18:22:45,320 <-- PackageDBStorage.Load
2023-12-04 18:22:45,954 --> PackageDBStorage.Load
2023-12-04 18:22:45,988 <-- PackageDBStorage.Load
2023-12-04 18:22:47,659 --> PackageDBStorage.Load
2023-12-04 18:22:48,391 <-- PackageDBStorage.Load
2023-12-04 18:36:50,654 --> PackageDBStorage.Load
2023-12-04 18:36:50,903 <-- PackageDBStorage.Load
2023-12-04 18:41:38,436 --> PackageDBStorage.Load
2023-12-04 18:41:38,502 <-- PackageDBStorage.Load
2023-12-04 18:41:38,581 --> PackageDBStorage.Load
2023-12-04 18:41:38,619 <-- PackageDBStorage.Load
2023-12-04 18:46:18,479 --> PackageDBStorage.Load
2023-12-04 18:46:18,515 <-- PackageDBStorage.Load
2023-12-04 18:46:42,862 --> PackageDBStorage.Load
2023-12-04 18:46:48,769 <-- PackageDBStorage.Load
2023-12-04 18:46:52,037 --> PackageDBStorage.Load
2023-12-04 18:46:57,003 <-- PackageDBStorage.Load
2023-12-04 18:46:59,724 --> PackageDBStorage.Load
2023-12-04 18:47:00,539 <-- PackageDBStorage.Load
2023-12-04 18:51:06,375 --> PackageDBStorage.Load
2023-12-04 18:51:06,410 <-- PackageDBStorage.Load
2023-12-04 20:02:24,836 --> PackageDBStorage.Load
2023-12-04 20:02:24,892 <-- PackageDBStorage.Load
2023-12-04 20:02:24,983 --> PackageDBStorage.Load
2023-12-04 20:02:25,022 <-- PackageDBStorage.Load
2023-12-04 20:02:33,697 --> PackageDBStorage.Load
2023-12-04 20:02:33,731 <-- PackageDBStorage.Load
2023-12-04 20:06:20,705 --> PackageDBStorage.Load
2023-12-04 20:06:30,969 <-- PackageDBStorage.Load
2023-12-04 20:06:32,957 --> PackageDBStorage.Load
2023-12-04 20:06:33,025 <-- PackageDBStorage.Load
2023-12-04 20:07:08,117 --> PackageDBStorage.Load
2023-12-04 20:07:12,962 <-- PackageDBStorage.Load
2023-12-04 20:07:13,550 --> PackageDBStorage.Load
2023-12-04 20:07:13,584 <-- PackageDBStorage.Load
2023-12-04 20:07:16,400 --> PackageDBStorage.Load
2023-12-04 20:07:17,201 <-- PackageDBStorage.Load
2023-12-04 20:07:18,949 --> PackageDBStorage.Load
2023-12-04 20:07:24,362 <-- PackageDBStorage.Load
2023-12-04 20:07:25,709 --> PackageDBStorage.Load
2023-12-04 20:07:25,767 <-- PackageDBStorage.Load
2023-12-04 20:23:42,932 --> PackageDBStorage.Load
2023-12-04 20:23:43,006 <-- PackageDBStorage.Load
2023-12-04 20:23:43,100 --> PackageDBStorage.Load
2023-12-04 20:23:43,158 <-- PackageDBStorage.Load
2023-12-04 20:25:27,793 --> PackageDBStorage.Load
2023-12-04 20:25:34,079 <-- PackageDBStorage.Load
2023-12-04 20:25:34,852 --> PackageDBStorage.Load
2023-12-04 20:25:34,885 <-- PackageDBStorage.Load
2023-12-04 20:25:36,535 --> PackageDBStorage.Load
2023-12-04 20:25:41,103 <-- PackageDBStorage.Load
2023-12-04 20:25:42,047 --> PackageDBStorage.Load
2023-12-04 20:25:42,080 <-- PackageDBStorage.Load
2023-12-04 20:25:44,091 --> PackageDBStorage.Load
2023-12-04 20:25:44,946 <-- PackageDBStorage.Load
2023-12-04 20:27:07,822 --> PackageDBStorage.Load
2023-12-04 20:27:12,499 <-- PackageDBStorage.Load
2023-12-04 20:27:12,658 --> PackageDBStorage.Load
2023-12-04 20:27:17,088 <-- PackageDBStorage.Load
2023-12-04 20:37:10,921 --> PackageDBStorage.Load
2023-12-04 20:37:12,628 <-- PackageDBStorage.Load
2023-12-04 21:07:34,874 --> PackageDBStorage.Load
2023-12-04 21:07:34,908 <-- PackageDBStorage.Load
2023-12-04 21:07:38,031 --> PackageDBStorage.Load
2023-12-04 21:07:38,067 <-- PackageDBStorage.Load
