2023-12-13 12:09:24,847 [1] INFO  OnAppStart - OmnichannelMessagingAppEventListener: OnAppStart executed
2023-12-13 12:09:24,847 [1] INFO  ClearOperatorsCache - OmnichannelMessagingAppEventListener: Operator cache was cleared
2023-12-13 12:09:24,851 [1] INFO  StartTelegramChannel - OmnichannelMessagingAppEventListener: TelegramClientFactory was initialized
2023-12-13 12:09:24,872 [1] INFO  StartTelegramChannel - OmnichannelMessagingAppEventListener: TelegramChannelsJob was ran
2023-12-13 12:09:24,886 [1] INFO  SetupOmnichannelMessagingJobs - OmnichannelMessagingAppEventListener: OmnichannelMessaging Jobs were ran
2023-12-13 12:09:24,886 [1] INFO  CreateNotifiers - OmnichannelMessagingAppEventListener: Notifiers were created
2023-12-13 12:09:24,891 [1] INFO  BindInterfaces - OmnichannelMessagingAppEventListener: Interfaces were bound
2023-12-13 18:34:46,473 [1] INFO  OnAppStart - OmnichannelMessagingAppEventListener: OnAppStart executed
2023-12-13 18:34:46,476 [1] INFO  ClearOperatorsCache - OmnichannelMessagingAppEventListener: Operator cache was cleared
2023-12-13 18:34:46,480 [1] INFO  StartTelegramChannel - OmnichannelMessagingAppEventListener: TelegramClientFactory was initialized
2023-12-13 18:34:46,515 [1] INFO  StartTelegramChannel - OmnichannelMessagingAppEventListener: TelegramChannelsJob was ran
2023-12-13 18:34:46,567 [1] INFO  SetupOmnichannelMessagingJobs - OmnichannelMessagingAppEventListener: OmnichannelMessaging Jobs were ran
2023-12-13 18:34:46,567 [1] INFO  CreateNotifiers - OmnichannelMessagingAppEventListener: Notifiers were created
2023-12-13 18:34:46,580 [1] INFO  BindInterfaces - OmnichannelMessagingAppEventListener: Interfaces were bound
2023-12-13 19:50:35,972 [1] INFO  OnAppStart - OmnichannelMessagingAppEventListener: OnAppStart executed
2023-12-13 19:50:35,977 [1] INFO  ClearOperatorsCache - OmnichannelMessagingAppEventListener: Operator cache was cleared
2023-12-13 19:50:35,981 [1] INFO  StartTelegramChannel - OmnichannelMessagingAppEventListener: TelegramClientFactory was initialized
2023-12-13 19:50:36,006 [1] INFO  StartTelegramChannel - OmnichannelMessagingAppEventListener: TelegramChannelsJob was ran
2023-12-13 19:50:36,021 [1] INFO  SetupOmnichannelMessagingJobs - OmnichannelMessagingAppEventListener: OmnichannelMessaging Jobs were ran
2023-12-13 19:50:36,023 [1] INFO  CreateNotifiers - OmnichannelMessagingAppEventListener: Notifiers were created
2023-12-13 19:50:36,028 [1] INFO  BindInterfaces - OmnichannelMessagingAppEventListener: Interfaces were bound
2023-12-13 19:55:13,395 [.NET ThreadPool Worker] INFO Supervisor InitializeOmnichannels - OmnichannelMessagingAppEventListener: Operator cache was cleared
2023-12-13 19:55:13,395 [.NET ThreadPool Worker] INFO Supervisor InitializeOmnichannels - OmnichannelMessagingAppEventListener: TelegramClientFactory was initialized
2023-12-13 19:55:13,395 [.NET ThreadPool Worker] INFO Supervisor InitializeOmnichannels - OmnichannelMessagingAppEventListener: TelegramChannelsJob was ran
2023-12-13 19:55:13,431 [.NET ThreadPool Worker] INFO Supervisor InitializeOmnichannels - OmnichannelMessagingAppEventListener: OmnichannelMessaging Jobs were ran
2023-12-13 19:55:13,434 [.NET ThreadPool Worker] INFO Supervisor InitializeOmnichannels - OmnichannelMessagingAppEventListener: Notifiers were created
2023-12-13 19:55:13,434 [.NET ThreadPool Worker] INFO Supervisor InitializeOmnichannels - OmnichannelMessagingAppEventListener: Interfaces were bound
2023-12-13 19:55:31,258 [1] INFO  OnAppStart - OmnichannelMessagingAppEventListener: OnAppStart executed
2023-12-13 19:55:31,258 [1] INFO  ClearOperatorsCache - OmnichannelMessagingAppEventListener: Operator cache was cleared
2023-12-13 19:55:31,263 [1] INFO  StartTelegramChannel - OmnichannelMessagingAppEventListener: TelegramClientFactory was initialized
2023-12-13 19:55:31,271 [1] INFO  StartTelegramChannel - OmnichannelMessagingAppEventListener: TelegramChannelsJob was ran
2023-12-13 19:55:31,286 [1] INFO  SetupOmnichannelMessagingJobs - OmnichannelMessagingAppEventListener: OmnichannelMessaging Jobs were ran
2023-12-13 19:55:31,287 [1] INFO  CreateNotifiers - OmnichannelMessagingAppEventListener: Notifiers were created
2023-12-13 19:55:31,290 [1] INFO  BindInterfaces - OmnichannelMessagingAppEventListener: Interfaces were bound
2023-12-13 20:59:37,715 [.NET ThreadPool Worker] INFO Supervisor InitializeOmnichannels - OmnichannelMessagingAppEventListener: Operator cache was cleared
2023-12-13 20:59:37,715 [.NET ThreadPool Worker] INFO Supervisor InitializeOmnichannels - OmnichannelMessagingAppEventListener: TelegramClientFactory was initialized
2023-12-13 20:59:37,719 [.NET ThreadPool Worker] INFO Supervisor InitializeOmnichannels - OmnichannelMessagingAppEventListener: TelegramChannelsJob was ran
2023-12-13 20:59:37,732 [.NET ThreadPool Worker] INFO Supervisor InitializeOmnichannels - OmnichannelMessagingAppEventListener: OmnichannelMessaging Jobs were ran
2023-12-13 20:59:37,732 [.NET ThreadPool Worker] INFO Supervisor InitializeOmnichannels - OmnichannelMessagingAppEventListener: Notifiers were created
2023-12-13 20:59:37,741 [.NET ThreadPool Worker] INFO Supervisor InitializeOmnichannels - OmnichannelMessagingAppEventListener: Interfaces were bound
2023-12-13 20:59:56,623 [1] INFO  OnAppStart - OmnichannelMessagingAppEventListener: OnAppStart executed
2023-12-13 20:59:56,623 [1] INFO  ClearOperatorsCache - OmnichannelMessagingAppEventListener: Operator cache was cleared
2023-12-13 20:59:56,628 [1] INFO  StartTelegramChannel - OmnichannelMessagingAppEventListener: TelegramClientFactory was initialized
2023-12-13 20:59:56,645 [1] INFO  StartTelegramChannel - OmnichannelMessagingAppEventListener: TelegramChannelsJob was ran
2023-12-13 20:59:56,659 [1] INFO  SetupOmnichannelMessagingJobs - OmnichannelMessagingAppEventListener: OmnichannelMessaging Jobs were ran
2023-12-13 20:59:56,659 [1] INFO  CreateNotifiers - OmnichannelMessagingAppEventListener: Notifiers were created
2023-12-13 20:59:56,664 [1] INFO  BindInterfaces - OmnichannelMessagingAppEventListener: Interfaces were bound
