2023-12-01 11:32:10,126 --> PackageDBStorage.Load
2023-12-01 11:32:11,831 <-- PackageDBStorage.Load
2023-12-01 14:59:02,730 --> PackageDBStorage.Load
2023-12-01 14:59:09,208 <-- PackageDBStorage.Load
2023-12-01 14:59:19,261 --> PackageDBStorage.Load
2023-12-01 14:59:23,633 <-- PackageDBStorage.Load
2023-12-01 14:59:58,666 --> PackageDBStorage.Load
2023-12-01 14:59:59,219 <-- PackageDBStorage.Load
2023-12-01 15:01:09,720 --> PackageDBStorage.Load
2023-12-01 15:01:14,747 <-- PackageDBStorage.Load
2023-12-01 17:46:49,524 --> PackageInstallUtilities.LoadPackagesToFileSystem
2023-12-01 17:46:49,524 --> PackageStorageComposer.Compose
2023-12-01 17:46:49,524 --> PackageFileDesignModeDBStorage.Load
2023-12-01 17:46:55,117 <-- PackageFileDesignModeDBStorage.Load
2023-12-01 17:46:55,117 --> PackageFileDesignModeStorage.Load
2023-12-01 17:46:55,174 <-- PackageFileDesignModeStorage.Load
2023-12-01 17:46:55,175 --> PackageStorageComposer.SpecifySourceStorageChanges
2023-12-01 17:46:55,188 <-- PackageStorageComposer.ApplySourcePackageSqlScriptsChanges
2023-12-01 17:46:55,198 <-- PackageStorageComposer.ApplySourcePackageSqlScriptsChanges
2023-12-01 17:46:55,198 <-- PackageStorageComposer.ApplySourcePackageSqlScriptsChanges
2023-12-01 17:46:55,198 <-- PackageStorageComposer.SpecifySourceStorageChanges
2023-12-01 17:46:55,209 --> PackageFileDesignModeStorage.ActualizePackageResourcesState
2023-12-01 17:46:55,209 <-- PackageFileDesignModeStorage.ActualizePackageResourcesState
2023-12-01 17:46:55,209 <-- PackageStorageComposer.Compose
2023-12-01 17:46:55,229 --> PackageFileDesignModeStorage.Save: Packages [327] Schemas [8498] ReferenceAssemblies [35] SqlScripts [1535] PackageData [5239] SchemaResources [155264] CoreResources [0]
2023-12-01 17:46:55,232 --> PackageFileDesignModeStorage.MarkNotEditablePackagesAsNotChanged
2023-12-01 17:46:55,232 <-- PackageFileDesignModeStorage.MarkNotEditablePackagesAsNotChanged
2023-12-01 17:46:55,232 --> PackageFileDesignModeStorage.DeletePackageItems - GuidedDev
2023-12-01 17:46:55,238 <-- PackageFileDesignModeStorage.DeletePackageItems - GuidedDev
2023-12-01 17:46:55,238 --> PackageFileDesignModeStorage.UpdatePackage - GuidedDev
2023-12-01 17:46:55,238 --> PackageFileDesignModeStorage.SavePackage - GuidedDev
2023-12-01 17:46:55,238 --> PackageFileDesignModeStorage.SavePackageDescriptor - GuidedDev
2023-12-01 17:46:55,242 <-- PackageFileDesignModeStorage.SavePackageDescriptor - GuidedDev
2023-12-01 17:46:55,242 --> PackageFileDesignModeStorage.SaveStandalonePackageSpecificFiles - GuidedDev
2023-12-01 17:46:55,266 <-- PackageFileDesignModeStorage.SaveStandalonePackageSpecificFiles - GuidedDev
2023-12-01 17:46:55,266 --> PackageFileDesignModeStorage.SavePackageSchemas - GuidedDev
2023-12-01 17:46:55,276 <-- PackageFileDesignModeStorage.SavePackageSchemas - GuidedDev
2023-12-01 17:46:55,322 --> PackageFileDesignModeStorage.SavePackageReferenceAssemblies - GuidedDev
2023-12-01 17:46:55,322 <-- PackageFileDesignModeStorage.SavePackageReferenceAssemblies - GuidedDev
2023-12-01 17:46:55,322 --> PackageFileDesignModeStorage.SavePackageSqlScripts - GuidedDev
2023-12-01 17:46:55,322 <-- PackageFileDesignModeStorage.SavePackageSqlScripts - GuidedDev
2023-12-01 17:46:55,322 --> PackageFileDesignModeStorage.SavePackageData - GuidedDev
2023-12-01 17:46:55,322 <-- PackageFileDesignModeStorage.SavePackageData - GuidedDev
2023-12-01 17:46:55,324 <-- PackageFileDesignModeStorage.SavePackage - GuidedDev
2023-12-01 17:46:55,324 <-- PackageFileDesignModeStorage.UpdatePackage - GuidedDev
2023-12-01 17:46:55,427 <-- PackageFileDesignModeStorage.Save
2023-12-01 17:46:55,427 --> PackageInstallUtilities.UpdatePackagesAutogeneratedContent
2023-12-01 17:46:55,427 --> PackageDBStorage.Load
2023-12-01 17:46:59,831 <-- PackageDBStorage.Load
2023-12-01 17:47:02,997 --> PackageInstallUtilities.UpdateWorkspaceSolution
2023-12-01 17:47:02,997 --> PackageDBStorage.Load
2023-12-01 17:47:07,508 <-- PackageDBStorage.Load
2023-12-01 17:47:12,531 <-- PackageInstallUtilities.UpdateWorkspaceSolution
2023-12-01 17:47:12,531 <-- PackageInstallUtilities.UpdatePackagesAutogeneratedContent
2023-12-01 17:47:12,531 <-- PackageInstallUtilities.LoadPackagesToFileSystem
2023-12-01 17:57:08,204 --> PackageInstallUtilities.LoadPackagesToDB
2023-12-01 17:57:08,204 --> PackageFileDesignModeStorage.Load
2023-12-01 17:57:08,219 <-- PackageFileDesignModeStorage.Load
2023-12-01 17:57:08,219 --> PackageFileDesignModeDBStorage.Load
2023-12-01 17:57:13,090 <-- PackageFileDesignModeDBStorage.Load
2023-12-01 17:57:13,099 --> PackageStorageComposer.Compose
2023-12-01 17:57:13,099 --> PackageStorageComposer.SpecifySourceStorageChanges
2023-12-01 17:57:13,099 <-- PackageStorageComposer.ApplySourcePackageSqlScriptsChanges
2023-12-01 17:57:13,099 <-- PackageStorageComposer.ApplySourcePackageSqlScriptsChanges
2023-12-01 17:57:13,099 <-- PackageStorageComposer.ApplySourcePackageSqlScriptsChanges
2023-12-01 17:57:13,099 <-- PackageStorageComposer.SpecifySourceStorageChanges
2023-12-01 17:57:13,108 --> PackageFileDesignModeDBStorage.ActualizePackageResourcesState
2023-12-01 17:57:13,117 <-- PackageFileDesignModeDBStorage.ActualizePackageResourcesState
2023-12-01 17:57:13,117 <-- PackageStorageComposer.Compose
2023-12-01 17:57:13,117 --> PackageFileDesignModeDBStorage.Save: Packages [0] Schemas [0] ReferenceAssemblies [0] SqlScripts [0] PackageData [0] SchemaResources [0] CoreResources [0]
2023-12-01 17:57:13,564 InstallColumnLookupValues. Count (total): 0
2023-12-01 17:57:13,706 <-- PackageFileDesignModeDBStorage.Save
2023-12-01 17:57:13,706 <-- PackageInstallUtilities.LoadPackagesToDB
