2023-12-01 11:32:07,672 [1] INFO  Redis CreateRedisClientsManager - Redis clients manager is created with type: [Terrasoft.Redis.StackExchangeAdapters.RedisClientsManagerAdapter, Terrasoft.Redis.StackExchangeAdapters]
2023-12-01 11:32:21,508 [1] INFO  Redis StartCheckExpiredSessionsTimer - Expired sessions cleanup will occur every [60000] ms.
2023-12-01 11:33:21,523 [.NET ThreadPool Worker] INFO  Redis GetExpiredSessionKeys - All session keys: 1.Expired session keys: 1.
2023-12-01 11:34:21,585 [.NET ThreadPool Worker] INFO  Redis <ClearExpiredSessionsCallback>b__12_0 - All session keys: 0.Expired session keys: 0.
2023-12-01 11:35:21,589 [.NET ThreadPool Worker] INFO  Redis <ClearExpiredSessionsCallback>b__12_0 - All session keys: 0.Expired session keys: 0.
2023-12-01 11:36:21,595 [.NET ThreadPool Worker] INFO  Redis <ClearExpiredSessionsCallback>b__12_0 - All session keys: 0.Expired session keys: 0.
2023-12-01 11:37:21,598 [.NET ThreadPool Worker] INFO  Redis <ClearExpiredSessionsCallback>b__12_0 - All session keys: 0.Expired session keys: 0.
2023-12-01 11:38:21,603 [.NET ThreadPool Worker] INFO  Redis <ClearExpiredSessionsCallback>b__12_0 - All session keys: 0.Expired session keys: 0.
2023-12-01 11:39:21,605 [.NET ThreadPool Worker] INFO  Redis <ClearExpiredSessionsCallback>b__12_0 - All session keys: 0.Expired session keys: 0.
2023-12-01 11:40:21,609 [.NET ThreadPool Worker] INFO  Redis <ClearExpiredSessionsCallback>b__12_0 - All session keys: 0.Expired session keys: 0.
2023-12-01 11:41:21,615 [.NET ThreadPool Worker] INFO  Redis <ClearExpiredSessionsCallback>b__12_0 - All session keys: 0.Expired session keys: 0.
2023-12-01 11:42:21,617 [.NET ThreadPool Worker] INFO  Redis <ClearExpiredSessionsCallback>b__12_0 - All session keys: 0.Expired session keys: 0.
2023-12-01 11:43:21,624 [.NET ThreadPool Worker] INFO  Redis <ClearExpiredSessionsCallback>b__12_0 - All session keys: 2.Expired session keys: 0.
2023-12-01 11:44:21,634 [.NET ThreadPool Worker] INFO  Redis <ClearExpiredSessionsCallback>b__12_0 - All session keys: 2.Expired session keys: 0.
2023-12-01 11:45:21,639 [.NET ThreadPool Worker] INFO  Redis <ClearExpiredSessionsCallback>b__12_0 - All session keys: 2.Expired session keys: 0.
2023-12-01 11:46:21,641 [.NET ThreadPool Worker] INFO  Redis <ClearExpiredSessionsCallback>b__12_0 - All session keys: 2.Expired session keys: 0.
2023-12-01 11:47:21,641 [.NET ThreadPool Worker] INFO  Redis <ClearExpiredSessionsCallback>b__12_0 - All session keys: 2.Expired session keys: 0.
2023-12-01 11:48:21,647 [.NET ThreadPool Worker] INFO  Redis <ClearExpiredSessionsCallback>b__12_0 - All session keys: 2.Expired session keys: 0.
2023-12-01 11:49:21,655 [.NET ThreadPool Worker] INFO  Redis <ClearExpiredSessionsCallback>b__12_0 - All session keys: 2.Expired session keys: 0.
2023-12-01 11:50:21,663 [.NET ThreadPool Worker] INFO  Redis <ClearExpiredSessionsCallback>b__12_0 - All session keys: 2.Expired session keys: 0.
2023-12-01 11:51:21,668 [.NET ThreadPool Worker] INFO  Redis <ClearExpiredSessionsCallback>b__12_0 - All session keys: 2.Expired session keys: 0.
2023-12-01 11:52:21,671 [.NET ThreadPool Worker] INFO  Redis <ClearExpiredSessionsCallback>b__12_0 - All session keys: 2.Expired session keys: 0.
2023-12-01 11:53:21,679 [.NET ThreadPool Worker] INFO  Redis <ClearExpiredSessionsCallback>b__12_0 - All session keys: 2.Expired session keys: 0.
2023-12-01 11:54:21,686 [.NET ThreadPool Worker] INFO  Redis <ClearExpiredSessionsCallback>b__12_0 - All session keys: 2.Expired session keys: 0.
2023-12-01 11:55:21,689 [.NET ThreadPool Worker] INFO  Redis <ClearExpiredSessionsCallback>b__12_0 - All session keys: 2.Expired session keys: 0.
2023-12-01 11:56:21,696 [.NET ThreadPool Worker] INFO  Redis <ClearExpiredSessionsCallback>b__12_0 - All session keys: 2.Expired session keys: 0.
2023-12-01 11:57:21,698 [.NET ThreadPool Worker] INFO  Redis <ClearExpiredSessionsCallback>b__12_0 - All session keys: 2.Expired session keys: 0.
2023-12-01 11:58:21,703 [.NET ThreadPool Worker] INFO  Redis <ClearExpiredSessionsCallback>b__12_0 - All session keys: 2.Expired session keys: 0.
2023-12-01 11:59:21,707 [.NET ThreadPool Worker] INFO  Redis <ClearExpiredSessionsCallback>b__12_0 - All session keys: 2.Expired session keys: 0.
2023-12-01 12:00:21,716 [.NET ThreadPool Worker] INFO  Redis <ClearExpiredSessionsCallback>b__12_0 - All session keys: 2.Expired session keys: 0.
2023-12-01 12:01:21,723 [.NET ThreadPool Worker] INFO  Redis <ClearExpiredSessionsCallback>b__12_0 - All session keys: 2.Expired session keys: 0.
2023-12-01 12:02:21,726 [.NET ThreadPool Worker] INFO  Redis <ClearExpiredSessionsCallback>b__12_0 - All session keys: 2.Expired session keys: 0.
2023-12-01 12:03:21,731 [.NET ThreadPool Worker] INFO  Redis <ClearExpiredSessionsCallback>b__12_0 - All session keys: 2.Expired session keys: 0.
2023-12-01 12:04:21,738 [.NET ThreadPool Worker] INFO  Redis <ClearExpiredSessionsCallback>b__12_0 - All session keys: 2.Expired session keys: 0.
2023-12-01 12:05:21,739 [.NET ThreadPool Worker] INFO  Redis <ClearExpiredSessionsCallback>b__12_0 - All session keys: 2.Expired session keys: 0.
2023-12-01 12:06:21,746 [.NET ThreadPool Worker] INFO  Redis <ClearExpiredSessionsCallback>b__12_0 - All session keys: 2.Expired session keys: 0.
2023-12-01 12:07:21,750 [.NET ThreadPool Worker] INFO  Redis <ClearExpiredSessionsCallback>b__12_0 - All session keys: 2.Expired session keys: 0.
2023-12-01 12:08:21,755 [.NET ThreadPool Worker] INFO  Redis <ClearExpiredSessionsCallback>b__12_0 - All session keys: 2.Expired session keys: 0.
2023-12-01 12:09:21,755 [.NET ThreadPool Worker] INFO  Redis <ClearExpiredSessionsCallback>b__12_0 - All session keys: 2.Expired session keys: 0.
2023-12-01 12:10:21,763 [.NET ThreadPool Worker] INFO  Redis <ClearExpiredSessionsCallback>b__12_0 - All session keys: 2.Expired session keys: 0.
2023-12-01 12:11:21,768 [.NET ThreadPool Worker] INFO  Redis <ClearExpiredSessionsCallback>b__12_0 - All session keys: 2.Expired session keys: 0.
2023-12-01 12:12:21,774 [.NET ThreadPool Worker] INFO  Redis <ClearExpiredSessionsCallback>b__12_0 - All session keys: 2.Expired session keys: 0.
2023-12-01 12:13:21,773 [.NET ThreadPool Worker] INFO  Redis <ClearExpiredSessionsCallback>b__12_0 - All session keys: 2.Expired session keys: 0.
2023-12-01 12:14:21,777 [.NET ThreadPool Worker] INFO  Redis <ClearExpiredSessionsCallback>b__12_0 - All session keys: 2.Expired session keys: 0.
2023-12-01 12:15:21,782 [.NET ThreadPool Worker] INFO  Redis <ClearExpiredSessionsCallback>b__12_0 - All session keys: 2.Expired session keys: 0.
2023-12-01 12:16:21,785 [.NET ThreadPool Worker] INFO  Redis <ClearExpiredSessionsCallback>b__12_0 - All session keys: 2.Expired session keys: 0.
2023-12-01 12:17:21,784 [.NET ThreadPool Worker] INFO  Redis <ClearExpiredSessionsCallback>b__12_0 - All session keys: 2.Expired session keys: 0.
2023-12-01 12:18:21,791 [.NET ThreadPool Worker] INFO  Redis <ClearExpiredSessionsCallback>b__12_0 - All session keys: 2.Expired session keys: 0.
2023-12-01 12:19:21,793 [.NET ThreadPool Worker] INFO  Redis <ClearExpiredSessionsCallback>b__12_0 - All session keys: 2.Expired session keys: 0.
2023-12-01 12:20:21,797 [.NET ThreadPool Worker] INFO  Redis <ClearExpiredSessionsCallback>b__12_0 - All session keys: 2.Expired session keys: 0.
2023-12-01 12:21:21,797 [.NET ThreadPool Worker] INFO  Redis <ClearExpiredSessionsCallback>b__12_0 - All session keys: 2.Expired session keys: 0.
2023-12-01 12:22:21,801 [.NET ThreadPool Worker] INFO  Redis <ClearExpiredSessionsCallback>b__12_0 - All session keys: 2.Expired session keys: 0.
2023-12-01 12:23:21,802 [.NET ThreadPool Worker] INFO  Redis <ClearExpiredSessionsCallback>b__12_0 - All session keys: 2.Expired session keys: 0.
2023-12-01 12:24:21,805 [.NET ThreadPool Worker] INFO  Redis <ClearExpiredSessionsCallback>b__12_0 - All session keys: 2.Expired session keys: 0.
2023-12-01 12:25:21,809 [.NET ThreadPool Worker] INFO  Redis <ClearExpiredSessionsCallback>b__12_0 - All session keys: 2.Expired session keys: 0.
2023-12-01 12:26:21,809 [.NET ThreadPool Worker] INFO  Redis <ClearExpiredSessionsCallback>b__12_0 - All session keys: 2.Expired session keys: 0.
2023-12-01 12:27:21,814 [.NET ThreadPool Worker] INFO  Redis <ClearExpiredSessionsCallback>b__12_0 - All session keys: 2.Expired session keys: 0.
2023-12-01 12:28:21,816 [.NET ThreadPool Worker] INFO  Redis <ClearExpiredSessionsCallback>b__12_0 - All session keys: 2.Expired session keys: 0.
2023-12-01 12:29:21,818 [.NET ThreadPool Worker] INFO  Redis <ClearExpiredSessionsCallback>b__12_0 - All session keys: 2.Expired session keys: 0.
2023-12-01 12:30:21,822 [.NET ThreadPool Worker] INFO  Redis <ClearExpiredSessionsCallback>b__12_0 - All session keys: 2.Expired session keys: 0.
2023-12-01 12:31:21,822 [.NET ThreadPool Worker] INFO  Redis <ClearExpiredSessionsCallback>b__12_0 - All session keys: 2.Expired session keys: 0.
2023-12-01 12:32:21,827 [.NET ThreadPool Worker] INFO  Redis <ClearExpiredSessionsCallback>b__12_0 - All session keys: 2.Expired session keys: 0.
2023-12-01 12:33:21,834 [.NET ThreadPool Worker] INFO  Redis <ClearExpiredSessionsCallback>b__12_0 - All session keys: 2.Expired session keys: 0.
2023-12-01 12:34:21,839 [.NET ThreadPool Worker] INFO  Redis <ClearExpiredSessionsCallback>b__12_0 - All session keys: 2.Expired session keys: 0.
2023-12-01 12:35:21,842 [.NET ThreadPool Worker] INFO  Redis <ClearExpiredSessionsCallback>b__12_0 - All session keys: 2.Expired session keys: 0.
2023-12-01 12:36:21,843 [.NET ThreadPool Worker] INFO  Redis <ClearExpiredSessionsCallback>b__12_0 - All session keys: 2.Expired session keys: 0.
2023-12-01 12:37:21,843 [.NET ThreadPool Worker] INFO  Redis <ClearExpiredSessionsCallback>b__12_0 - All session keys: 2.Expired session keys: 0.
2023-12-01 12:38:21,846 [.NET ThreadPool Worker] INFO  Redis <ClearExpiredSessionsCallback>b__12_0 - All session keys: 2.Expired session keys: 0.
2023-12-01 12:39:21,851 [.NET ThreadPool Worker] INFO  Redis <ClearExpiredSessionsCallback>b__12_0 - All session keys: 2.Expired session keys: 0.
2023-12-01 12:40:21,852 [.NET ThreadPool Worker] INFO  Redis <ClearExpiredSessionsCallback>b__12_0 - All session keys: 2.Expired session keys: 0.
2023-12-01 12:41:21,858 [.NET ThreadPool Worker] INFO  Redis <ClearExpiredSessionsCallback>b__12_0 - All session keys: 2.Expired session keys: 0.
2023-12-01 12:42:21,858 [.NET ThreadPool Worker] INFO  Redis <ClearExpiredSessionsCallback>b__12_0 - All session keys: 2.Expired session keys: 0.
2023-12-01 12:43:21,859 [.NET ThreadPool Worker] INFO  Redis <ClearExpiredSessionsCallback>b__12_0 - All session keys: 2.Expired session keys: 1.
2023-12-01 12:44:21,868 [.NET ThreadPool Worker] INFO  Redis <ClearExpiredSessionsCallback>b__12_0 - All session keys: 1.Expired session keys: 0.
2023-12-01 12:45:21,868 [.NET ThreadPool Worker] INFO  Redis <ClearExpiredSessionsCallback>b__12_0 - All session keys: 1.Expired session keys: 0.
2023-12-01 12:46:21,875 [.NET ThreadPool Worker] INFO  Redis <ClearExpiredSessionsCallback>b__12_0 - All session keys: 1.Expired session keys: 0.
2023-12-01 12:47:21,883 [.NET ThreadPool Worker] INFO  Redis <ClearExpiredSessionsCallback>b__12_0 - All session keys: 1.Expired session keys: 0.
2023-12-01 12:48:21,888 [.NET ThreadPool Worker] INFO  Redis <ClearExpiredSessionsCallback>b__12_0 - All session keys: 1.Expired session keys: 0.
2023-12-01 12:49:21,895 [.NET ThreadPool Worker] INFO  Redis <ClearExpiredSessionsCallback>b__12_0 - All session keys: 1.Expired session keys: 0.
2023-12-01 12:50:21,895 [.NET ThreadPool Worker] INFO  Redis <ClearExpiredSessionsCallback>b__12_0 - All session keys: 1.Expired session keys: 0.
2023-12-01 12:51:21,903 [.NET ThreadPool Worker] INFO  Redis <ClearExpiredSessionsCallback>b__12_0 - All session keys: 1.Expired session keys: 0.
2023-12-01 12:52:21,905 [.NET ThreadPool Worker] INFO  Redis <ClearExpiredSessionsCallback>b__12_0 - All session keys: 1.Expired session keys: 1.
2023-12-01 12:53:21,917 [.NET ThreadPool Worker] INFO  Redis <ClearExpiredSessionsCallback>b__12_0 - All session keys: 0.Expired session keys: 0.
2023-12-01 12:54:21,923 [.NET ThreadPool Worker] INFO  Redis <ClearExpiredSessionsCallback>b__12_0 - All session keys: 0.Expired session keys: 0.
2023-12-01 12:55:21,931 [.NET ThreadPool Worker] INFO  Redis <ClearExpiredSessionsCallback>b__12_0 - All session keys: 0.Expired session keys: 0.
2023-12-01 12:56:21,935 [.NET ThreadPool Worker] INFO  Redis <ClearExpiredSessionsCallback>b__12_0 - All session keys: 0.Expired session keys: 0.
2023-12-01 12:57:21,943 [.NET ThreadPool Worker] INFO  Redis <ClearExpiredSessionsCallback>b__12_0 - All session keys: 0.Expired session keys: 0.
2023-12-01 12:58:21,943 [.NET ThreadPool Worker] INFO  Redis <ClearExpiredSessionsCallback>b__12_0 - All session keys: 0.Expired session keys: 0.
2023-12-01 12:59:21,951 [.NET ThreadPool Worker] INFO  Redis <ClearExpiredSessionsCallback>b__12_0 - All session keys: 0.Expired session keys: 0.
2023-12-01 13:00:21,955 [.NET ThreadPool Worker] INFO  Redis <ClearExpiredSessionsCallback>b__12_0 - All session keys: 0.Expired session keys: 0.
2023-12-01 13:01:21,962 [.NET ThreadPool Worker] INFO  Redis <ClearExpiredSessionsCallback>b__12_0 - All session keys: 0.Expired session keys: 0.
2023-12-01 13:02:21,966 [.NET ThreadPool Worker] INFO  Redis <ClearExpiredSessionsCallback>b__12_0 - All session keys: 0.Expired session keys: 0.
2023-12-01 13:03:21,970 [.NET ThreadPool Worker] INFO  Redis <ClearExpiredSessionsCallback>b__12_0 - All session keys: 0.Expired session keys: 0.
2023-12-01 13:04:21,971 [.NET ThreadPool Worker] INFO  Redis <ClearExpiredSessionsCallback>b__12_0 - All session keys: 0.Expired session keys: 0.
2023-12-01 13:05:21,979 [.NET ThreadPool Worker] INFO  Redis <ClearExpiredSessionsCallback>b__12_0 - All session keys: 0.Expired session keys: 0.
2023-12-01 13:06:21,980 [.NET ThreadPool Worker] INFO  Redis <ClearExpiredSessionsCallback>b__12_0 - All session keys: 0.Expired session keys: 0.
2023-12-01 13:07:21,985 [.NET ThreadPool Worker] INFO  Redis <ClearExpiredSessionsCallback>b__12_0 - All session keys: 0.Expired session keys: 0.
2023-12-01 13:08:21,990 [.NET ThreadPool Worker] INFO  Redis <ClearExpiredSessionsCallback>b__12_0 - All session keys: 0.Expired session keys: 0.
2023-12-01 13:09:21,988 [.NET ThreadPool Worker] INFO  Redis <ClearExpiredSessionsCallback>b__12_0 - All session keys: 0.Expired session keys: 0.
2023-12-01 13:10:21,990 [.NET ThreadPool Worker] INFO  Redis <ClearExpiredSessionsCallback>b__12_0 - All session keys: 0.Expired session keys: 0.
2023-12-01 13:11:21,995 [.NET ThreadPool Worker] INFO  Redis <ClearExpiredSessionsCallback>b__12_0 - All session keys: 0.Expired session keys: 0.
2023-12-01 13:12:22,001 [.NET ThreadPool Worker] INFO  Redis <ClearExpiredSessionsCallback>b__12_0 - All session keys: 0.Expired session keys: 0.
2023-12-01 13:13:22,006 [.NET ThreadPool Worker] INFO  Redis <ClearExpiredSessionsCallback>b__12_0 - All session keys: 0.Expired session keys: 0.
2023-12-01 13:14:22,007 [.NET ThreadPool Worker] INFO  Redis <ClearExpiredSessionsCallback>b__12_0 - All session keys: 0.Expired session keys: 0.
2023-12-01 13:15:22,006 [.NET ThreadPool Worker] INFO  Redis <ClearExpiredSessionsCallback>b__12_0 - All session keys: 0.Expired session keys: 0.
2023-12-01 13:16:22,011 [.NET ThreadPool Worker] INFO  Redis <ClearExpiredSessionsCallback>b__12_0 - All session keys: 0.Expired session keys: 0.
2023-12-01 13:17:22,015 [.NET ThreadPool Worker] INFO  Redis <ClearExpiredSessionsCallback>b__12_0 - All session keys: 0.Expired session keys: 0.
2023-12-01 13:18:22,022 [.NET ThreadPool Worker] INFO  Redis <ClearExpiredSessionsCallback>b__12_0 - All session keys: 0.Expired session keys: 0.
2023-12-01 13:19:22,027 [.NET ThreadPool Worker] INFO  Redis <ClearExpiredSessionsCallback>b__12_0 - All session keys: 0.Expired session keys: 0.
2023-12-01 13:20:22,031 [.NET ThreadPool Worker] INFO  Redis <ClearExpiredSessionsCallback>b__12_0 - All session keys: 0.Expired session keys: 0.
2023-12-01 13:21:22,035 [.NET ThreadPool Worker] INFO  Redis <ClearExpiredSessionsCallback>b__12_0 - All session keys: 0.Expired session keys: 0.
2023-12-01 13:22:22,040 [.NET ThreadPool Worker] INFO  Redis <ClearExpiredSessionsCallback>b__12_0 - All session keys: 0.Expired session keys: 0.
2023-12-01 13:23:22,047 [.NET ThreadPool Worker] INFO  Redis <ClearExpiredSessionsCallback>b__12_0 - All session keys: 0.Expired session keys: 0.
2023-12-01 13:24:22,052 [.NET ThreadPool Worker] INFO  Redis <ClearExpiredSessionsCallback>b__12_0 - All session keys: 0.Expired session keys: 0.
2023-12-01 13:25:22,058 [.NET ThreadPool Worker] INFO  Redis <ClearExpiredSessionsCallback>b__12_0 - All session keys: 0.Expired session keys: 0.
2023-12-01 13:26:22,058 [.NET ThreadPool Worker] INFO  Redis <ClearExpiredSessionsCallback>b__12_0 - All session keys: 0.Expired session keys: 0.
2023-12-01 13:27:22,063 [.NET ThreadPool Worker] INFO  Redis <ClearExpiredSessionsCallback>b__12_0 - All session keys: 0.Expired session keys: 0.
2023-12-01 13:28:22,064 [.NET ThreadPool Worker] INFO  Redis <ClearExpiredSessionsCallback>b__12_0 - All session keys: 0.Expired session keys: 0.
2023-12-01 13:29:22,070 [.NET ThreadPool Worker] INFO  Redis <ClearExpiredSessionsCallback>b__12_0 - All session keys: 0.Expired session keys: 0.
2023-12-01 13:30:22,074 [.NET ThreadPool Worker] INFO  Redis <ClearExpiredSessionsCallback>b__12_0 - All session keys: 0.Expired session keys: 0.
2023-12-01 13:31:22,074 [.NET ThreadPool Worker] INFO  Redis <ClearExpiredSessionsCallback>b__12_0 - All session keys: 0.Expired session keys: 0.
2023-12-01 13:32:22,075 [.NET ThreadPool Worker] INFO  Redis <ClearExpiredSessionsCallback>b__12_0 - All session keys: 0.Expired session keys: 0.
2023-12-01 13:33:22,081 [.NET ThreadPool Worker] INFO  Redis <ClearExpiredSessionsCallback>b__12_0 - All session keys: 0.Expired session keys: 0.
2023-12-01 13:34:22,086 [.NET ThreadPool Worker] INFO  Redis <ClearExpiredSessionsCallback>b__12_0 - All session keys: 0.Expired session keys: 0.
2023-12-01 13:35:22,090 [.NET ThreadPool Worker] INFO  Redis <ClearExpiredSessionsCallback>b__12_0 - All session keys: 0.Expired session keys: 0.
2023-12-01 13:36:22,093 [.NET ThreadPool Worker] INFO  Redis <ClearExpiredSessionsCallback>b__12_0 - All session keys: 0.Expired session keys: 0.
2023-12-01 13:37:22,094 [.NET ThreadPool Worker] INFO  Redis <ClearExpiredSessionsCallback>b__12_0 - All session keys: 0.Expired session keys: 0.
2023-12-01 13:38:22,098 [.NET ThreadPool Worker] INFO  Redis <ClearExpiredSessionsCallback>b__12_0 - All session keys: 0.Expired session keys: 0.
2023-12-01 13:39:22,102 [.NET ThreadPool Worker] INFO  Redis <ClearExpiredSessionsCallback>b__12_0 - All session keys: 0.Expired session keys: 0.
2023-12-01 13:40:22,103 [.NET ThreadPool Worker] INFO  Redis <ClearExpiredSessionsCallback>b__12_0 - All session keys: 0.Expired session keys: 0.
2023-12-01 13:41:22,106 [.NET ThreadPool Worker] INFO  Redis <ClearExpiredSessionsCallback>b__12_0 - All session keys: 0.Expired session keys: 0.
2023-12-01 13:42:22,106 [.NET ThreadPool Worker] INFO  Redis <ClearExpiredSessionsCallback>b__12_0 - All session keys: 0.Expired session keys: 0.
2023-12-01 13:43:22,107 [.NET ThreadPool Worker] INFO  Redis <ClearExpiredSessionsCallback>b__12_0 - All session keys: 0.Expired session keys: 0.
2023-12-01 13:44:22,115 [.NET ThreadPool Worker] INFO  Redis <ClearExpiredSessionsCallback>b__12_0 - All session keys: 0.Expired session keys: 0.
2023-12-01 13:45:22,120 [.NET ThreadPool Worker] INFO  Redis <ClearExpiredSessionsCallback>b__12_0 - All session keys: 0.Expired session keys: 0.
2023-12-01 13:46:22,126 [.NET ThreadPool Worker] INFO  Redis <ClearExpiredSessionsCallback>b__12_0 - All session keys: 0.Expired session keys: 0.
2023-12-01 13:47:22,127 [.NET ThreadPool Worker] INFO  Redis <ClearExpiredSessionsCallback>b__12_0 - All session keys: 0.Expired session keys: 0.
2023-12-01 13:48:22,134 [.NET ThreadPool Worker] INFO  Redis <ClearExpiredSessionsCallback>b__12_0 - All session keys: 0.Expired session keys: 0.
2023-12-01 13:49:22,133 [.NET ThreadPool Worker] INFO  Redis <ClearExpiredSessionsCallback>b__12_0 - All session keys: 0.Expired session keys: 0.
2023-12-01 13:50:22,139 [.NET ThreadPool Worker] INFO  Redis <ClearExpiredSessionsCallback>b__12_0 - All session keys: 0.Expired session keys: 0.
2023-12-01 13:51:22,139 [.NET ThreadPool Worker] INFO  Redis <ClearExpiredSessionsCallback>b__12_0 - All session keys: 0.Expired session keys: 0.
2023-12-01 13:52:22,147 [.NET ThreadPool Worker] INFO  Redis <ClearExpiredSessionsCallback>b__12_0 - All session keys: 0.Expired session keys: 0.
2023-12-01 13:53:22,150 [.NET ThreadPool Worker] INFO  Redis <ClearExpiredSessionsCallback>b__12_0 - All session keys: 0.Expired session keys: 0.
2023-12-01 13:54:22,155 [.NET ThreadPool Worker] INFO  Redis <ClearExpiredSessionsCallback>b__12_0 - All session keys: 0.Expired session keys: 0.
2023-12-01 13:55:22,162 [.NET ThreadPool Worker] INFO  Redis <ClearExpiredSessionsCallback>b__12_0 - All session keys: 0.Expired session keys: 0.
2023-12-01 13:56:22,163 [.NET ThreadPool Worker] INFO  Redis <ClearExpiredSessionsCallback>b__12_0 - All session keys: 0.Expired session keys: 0.
2023-12-01 13:57:22,167 [.NET ThreadPool Worker] INFO  Redis <ClearExpiredSessionsCallback>b__12_0 - All session keys: 0.Expired session keys: 0.
2023-12-01 13:58:22,174 [.NET ThreadPool Worker] INFO  Redis <ClearExpiredSessionsCallback>b__12_0 - All session keys: 0.Expired session keys: 0.
2023-12-01 13:59:22,175 [.NET ThreadPool Worker] INFO  Redis <ClearExpiredSessionsCallback>b__12_0 - All session keys: 0.Expired session keys: 0.
2023-12-01 14:00:22,183 [.NET ThreadPool Worker] INFO  Redis <ClearExpiredSessionsCallback>b__12_0 - All session keys: 0.Expired session keys: 0.
2023-12-01 14:01:22,191 [.NET ThreadPool Worker] INFO  Redis <ClearExpiredSessionsCallback>b__12_0 - All session keys: 0.Expired session keys: 0.
2023-12-01 14:02:22,195 [.NET ThreadPool Worker] INFO  Redis <ClearExpiredSessionsCallback>b__12_0 - All session keys: 0.Expired session keys: 0.
2023-12-01 14:03:22,203 [.NET ThreadPool Worker] INFO  Redis <ClearExpiredSessionsCallback>b__12_0 - All session keys: 0.Expired session keys: 0.
2023-12-01 14:04:22,210 [.NET ThreadPool Worker] INFO  Redis <ClearExpiredSessionsCallback>b__12_0 - All session keys: 0.Expired session keys: 0.
2023-12-01 14:05:22,212 [.NET ThreadPool Worker] INFO  Redis <ClearExpiredSessionsCallback>b__12_0 - All session keys: 0.Expired session keys: 0.
2023-12-01 14:06:22,218 [.NET ThreadPool Worker] INFO  Redis <ClearExpiredSessionsCallback>b__12_0 - All session keys: 0.Expired session keys: 0.
2023-12-01 14:07:22,223 [.NET ThreadPool Worker] INFO  Redis <ClearExpiredSessionsCallback>b__12_0 - All session keys: 0.Expired session keys: 0.
2023-12-01 14:08:22,226 [.NET ThreadPool Worker] INFO  Redis <ClearExpiredSessionsCallback>b__12_0 - All session keys: 0.Expired session keys: 0.
2023-12-01 14:09:22,230 [.NET ThreadPool Worker] INFO  Redis <ClearExpiredSessionsCallback>b__12_0 - All session keys: 0.Expired session keys: 0.
2023-12-01 14:10:22,234 [.NET ThreadPool Worker] INFO  Redis <ClearExpiredSessionsCallback>b__12_0 - All session keys: 0.Expired session keys: 0.
2023-12-01 14:11:22,239 [.NET ThreadPool Worker] INFO  Redis <ClearExpiredSessionsCallback>b__12_0 - All session keys: 0.Expired session keys: 0.
2023-12-01 14:12:22,246 [.NET ThreadPool Worker] INFO  Redis <ClearExpiredSessionsCallback>b__12_0 - All session keys: 0.Expired session keys: 0.
2023-12-01 14:13:22,247 [.NET ThreadPool Worker] INFO  Redis <ClearExpiredSessionsCallback>b__12_0 - All session keys: 0.Expired session keys: 0.
2023-12-01 14:14:22,255 [.NET ThreadPool Worker] INFO  Redis <ClearExpiredSessionsCallback>b__12_0 - All session keys: 0.Expired session keys: 0.
2023-12-01 14:15:22,263 [.NET ThreadPool Worker] INFO  Redis <ClearExpiredSessionsCallback>b__12_0 - All session keys: 0.Expired session keys: 0.
2023-12-01 14:16:22,266 [.NET ThreadPool Worker] INFO  Redis <ClearExpiredSessionsCallback>b__12_0 - All session keys: 0.Expired session keys: 0.
2023-12-01 14:17:22,266 [.NET ThreadPool Worker] INFO  Redis <ClearExpiredSessionsCallback>b__12_0 - All session keys: 0.Expired session keys: 0.
2023-12-01 14:18:22,270 [.NET ThreadPool Worker] INFO  Redis <ClearExpiredSessionsCallback>b__12_0 - All session keys: 0.Expired session keys: 0.
2023-12-01 14:19:22,273 [.NET ThreadPool Worker] INFO  Redis <ClearExpiredSessionsCallback>b__12_0 - All session keys: 0.Expired session keys: 0.
2023-12-01 14:20:22,277 [.NET ThreadPool Worker] INFO  Redis <ClearExpiredSessionsCallback>b__12_0 - All session keys: 0.Expired session keys: 0.
2023-12-01 14:21:22,279 [.NET ThreadPool Worker] INFO  Redis <ClearExpiredSessionsCallback>b__12_0 - All session keys: 0.Expired session keys: 0.
2023-12-01 14:22:22,287 [.NET ThreadPool Worker] INFO  Redis <ClearExpiredSessionsCallback>b__12_0 - All session keys: 0.Expired session keys: 0.
2023-12-01 14:23:22,293 [.NET ThreadPool Worker] INFO  Redis <ClearExpiredSessionsCallback>b__12_0 - All session keys: 0.Expired session keys: 0.
2023-12-01 14:24:22,299 [.NET ThreadPool Worker] INFO  Redis <ClearExpiredSessionsCallback>b__12_0 - All session keys: 0.Expired session keys: 0.
2023-12-01 14:25:22,300 [.NET ThreadPool Worker] INFO  Redis <ClearExpiredSessionsCallback>b__12_0 - All session keys: 0.Expired session keys: 0.
2023-12-01 14:26:22,303 [.NET ThreadPool Worker] INFO  Redis <ClearExpiredSessionsCallback>b__12_0 - All session keys: 0.Expired session keys: 0.
2023-12-01 14:27:22,310 [.NET ThreadPool Worker] INFO  Redis <ClearExpiredSessionsCallback>b__12_0 - All session keys: 0.Expired session keys: 0.
2023-12-01 14:28:22,315 [.NET ThreadPool Worker] INFO  Redis <ClearExpiredSessionsCallback>b__12_0 - All session keys: 0.Expired session keys: 0.
2023-12-01 14:29:22,319 [.NET ThreadPool Worker] INFO  Redis <ClearExpiredSessionsCallback>b__12_0 - All session keys: 0.Expired session keys: 0.
2023-12-01 14:30:22,323 [.NET ThreadPool Worker] INFO  Redis <ClearExpiredSessionsCallback>b__12_0 - All session keys: 0.Expired session keys: 0.
2023-12-01 14:31:22,330 [.NET ThreadPool Worker] INFO  Redis <ClearExpiredSessionsCallback>b__12_0 - All session keys: 0.Expired session keys: 0.
2023-12-01 14:32:22,334 [.NET ThreadPool Worker] INFO  Redis <ClearExpiredSessionsCallback>b__12_0 - All session keys: 0.Expired session keys: 0.
2023-12-01 14:33:22,339 [.NET ThreadPool Worker] INFO  Redis <ClearExpiredSessionsCallback>b__12_0 - All session keys: 0.Expired session keys: 0.
2023-12-01 14:34:22,339 [.NET ThreadPool Worker] INFO  Redis <ClearExpiredSessionsCallback>b__12_0 - All session keys: 0.Expired session keys: 0.
2023-12-01 14:35:22,346 [.NET ThreadPool Worker] INFO  Redis <ClearExpiredSessionsCallback>b__12_0 - All session keys: 0.Expired session keys: 0.
2023-12-01 14:36:22,350 [.NET ThreadPool Worker] INFO  Redis <ClearExpiredSessionsCallback>b__12_0 - All session keys: 0.Expired session keys: 0.
2023-12-01 14:37:22,354 [.NET ThreadPool Worker] INFO  Redis <ClearExpiredSessionsCallback>b__12_0 - All session keys: 0.Expired session keys: 0.
2023-12-01 14:38:22,355 [.NET ThreadPool Worker] INFO  Redis <ClearExpiredSessionsCallback>b__12_0 - All session keys: 0.Expired session keys: 0.
2023-12-01 14:39:22,356 [.NET ThreadPool Worker] INFO  Redis <ClearExpiredSessionsCallback>b__12_0 - All session keys: 0.Expired session keys: 0.
2023-12-01 14:40:22,363 [.NET ThreadPool Worker] INFO  Redis <ClearExpiredSessionsCallback>b__12_0 - All session keys: 0.Expired session keys: 0.
2023-12-01 14:41:22,366 [.NET ThreadPool Worker] INFO  Redis <ClearExpiredSessionsCallback>b__12_0 - All session keys: 0.Expired session keys: 0.
2023-12-01 14:42:22,370 [.NET ThreadPool Worker] INFO  Redis <ClearExpiredSessionsCallback>b__12_0 - All session keys: 0.Expired session keys: 0.
2023-12-01 14:43:22,371 [.NET ThreadPool Worker] INFO  Redis <ClearExpiredSessionsCallback>b__12_0 - All session keys: 0.Expired session keys: 0.
2023-12-01 14:44:22,379 [.NET ThreadPool Worker] INFO  Redis <ClearExpiredSessionsCallback>b__12_0 - All session keys: 1.Expired session keys: 0.
2023-12-01 14:45:22,387 [.NET ThreadPool Worker] INFO  Redis <ClearExpiredSessionsCallback>b__12_0 - All session keys: 1.Expired session keys: 0.
2023-12-01 14:46:22,394 [.NET ThreadPool Worker] INFO  Redis <ClearExpiredSessionsCallback>b__12_0 - All session keys: 1.Expired session keys: 0.
2023-12-01 14:47:22,394 [.NET ThreadPool Worker] INFO  Redis <ClearExpiredSessionsCallback>b__12_0 - All session keys: 1.Expired session keys: 0.
2023-12-01 14:48:22,399 [.NET ThreadPool Worker] INFO  Redis <ClearExpiredSessionsCallback>b__12_0 - All session keys: 1.Expired session keys: 0.
2023-12-01 14:49:22,406 [.NET ThreadPool Worker] INFO  Redis <ClearExpiredSessionsCallback>b__12_0 - All session keys: 1.Expired session keys: 0.
2023-12-01 14:50:22,409 [.NET ThreadPool Worker] INFO  Redis <ClearExpiredSessionsCallback>b__12_0 - All session keys: 1.Expired session keys: 0.
2023-12-01 14:51:22,411 [.NET ThreadPool Worker] INFO  Redis <ClearExpiredSessionsCallback>b__12_0 - All session keys: 1.Expired session keys: 0.
2023-12-01 14:52:22,417 [.NET ThreadPool Worker] INFO  Redis <ClearExpiredSessionsCallback>b__12_0 - All session keys: 1.Expired session keys: 0.
2023-12-01 14:53:22,423 [.NET ThreadPool Worker] INFO  Redis <ClearExpiredSessionsCallback>b__12_0 - All session keys: 1.Expired session keys: 0.
2023-12-01 14:54:22,429 [.NET ThreadPool Worker] INFO  Redis <ClearExpiredSessionsCallback>b__12_0 - All session keys: 1.Expired session keys: 0.
2023-12-01 14:55:22,429 [.NET ThreadPool Worker] INFO  Redis <ClearExpiredSessionsCallback>b__12_0 - All session keys: 1.Expired session keys: 0.
2023-12-01 14:56:22,433 [.NET ThreadPool Worker] INFO  Redis <ClearExpiredSessionsCallback>b__12_0 - All session keys: 1.Expired session keys: 0.
2023-12-01 14:57:22,438 [.NET ThreadPool Worker] INFO  Redis <ClearExpiredSessionsCallback>b__12_0 - All session keys: 1.Expired session keys: 0.
2023-12-01 14:58:22,440 [.NET ThreadPool Worker] INFO  Redis <ClearExpiredSessionsCallback>b__12_0 - All session keys: 1.Expired session keys: 0.
2023-12-01 14:59:22,441 [.NET ThreadPool Worker] INFO  Redis <ClearExpiredSessionsCallback>b__12_0 - All session keys: 1.Expired session keys: 0.
2023-12-01 14:59:56,678 [1] INFO  Redis CreateRedisClientsManager - Redis clients manager is created with type: [Terrasoft.Redis.StackExchangeAdapters.RedisClientsManagerAdapter, Terrasoft.Redis.StackExchangeAdapters]
2023-12-01 15:00:07,379 [1] INFO  Redis StartCheckExpiredSessionsTimer - Expired sessions cleanup will occur every [60000] ms.
2023-12-01 15:01:07,401 [.NET ThreadPool Worker] INFO  Redis <ClearExpiredSessionsCallback>b__12_0 - All session keys: 2.Expired session keys: 0.
2023-12-01 15:02:07,410 [.NET ThreadPool Worker] INFO  Redis <ClearExpiredSessionsCallback>b__12_0 - All session keys: 2.Expired session keys: 0.
2023-12-01 15:03:07,414 [.NET ThreadPool Worker] INFO  Redis <ClearExpiredSessionsCallback>b__12_0 - All session keys: 2.Expired session keys: 0.
2023-12-01 15:04:07,415 [.NET ThreadPool Worker] INFO  Redis <ClearExpiredSessionsCallback>b__12_0 - All session keys: 2.Expired session keys: 0.
2023-12-01 15:05:07,422 [.NET ThreadPool Worker] INFO  Redis <ClearExpiredSessionsCallback>b__12_0 - All session keys: 2.Expired session keys: 0.
2023-12-01 15:06:07,427 [.NET ThreadPool Worker] INFO  Redis <ClearExpiredSessionsCallback>b__12_0 - All session keys: 2.Expired session keys: 0.
2023-12-01 15:07:07,433 [.NET ThreadPool Worker] INFO  Redis <ClearExpiredSessionsCallback>b__12_0 - All session keys: 2.Expired session keys: 0.
2023-12-01 15:08:07,434 [.NET ThreadPool Worker] INFO  Redis <ClearExpiredSessionsCallback>b__12_0 - All session keys: 2.Expired session keys: 0.
2023-12-01 15:09:07,439 [.NET ThreadPool Worker] INFO  Redis <ClearExpiredSessionsCallback>b__12_0 - All session keys: 2.Expired session keys: 0.
2023-12-01 15:10:07,446 [.NET ThreadPool Worker] INFO  Redis <ClearExpiredSessionsCallback>b__12_0 - All session keys: 2.Expired session keys: 0.
2023-12-01 15:11:07,445 [.NET ThreadPool Worker] INFO  Redis <ClearExpiredSessionsCallback>b__12_0 - All session keys: 2.Expired session keys: 0.
2023-12-01 15:12:07,451 [.NET ThreadPool Worker] INFO  Redis <ClearExpiredSessionsCallback>b__12_0 - All session keys: 2.Expired session keys: 0.
2023-12-01 15:13:07,459 [.NET ThreadPool Worker] INFO  Redis <ClearExpiredSessionsCallback>b__12_0 - All session keys: 2.Expired session keys: 0.
2023-12-01 15:14:07,467 [.NET ThreadPool Worker] INFO  Redis <ClearExpiredSessionsCallback>b__12_0 - All session keys: 2.Expired session keys: 0.
2023-12-01 15:15:07,474 [.NET ThreadPool Worker] INFO  Redis <ClearExpiredSessionsCallback>b__12_0 - All session keys: 2.Expired session keys: 0.
2023-12-01 15:16:07,475 [.NET ThreadPool Worker] INFO  Redis <ClearExpiredSessionsCallback>b__12_0 - All session keys: 2.Expired session keys: 0.
2023-12-01 15:17:07,483 [.NET ThreadPool Worker] INFO  Redis <ClearExpiredSessionsCallback>b__12_0 - All session keys: 2.Expired session keys: 0.
2023-12-01 15:18:07,486 [.NET ThreadPool Worker] INFO  Redis <ClearExpiredSessionsCallback>b__12_0 - All session keys: 2.Expired session keys: 0.
2023-12-01 15:19:07,490 [.NET ThreadPool Worker] INFO  Redis <ClearExpiredSessionsCallback>b__12_0 - All session keys: 2.Expired session keys: 0.
2023-12-01 15:20:07,491 [.NET ThreadPool Worker] INFO  Redis <ClearExpiredSessionsCallback>b__12_0 - All session keys: 2.Expired session keys: 0.
2023-12-01 15:21:07,493 [.NET ThreadPool Worker] INFO  Redis <ClearExpiredSessionsCallback>b__12_0 - All session keys: 2.Expired session keys: 0.
2023-12-01 15:22:07,499 [.NET ThreadPool Worker] INFO  Redis <ClearExpiredSessionsCallback>b__12_0 - All session keys: 2.Expired session keys: 0.
2023-12-01 15:23:07,502 [.NET ThreadPool Worker] INFO  Redis <ClearExpiredSessionsCallback>b__12_0 - All session keys: 2.Expired session keys: 0.
2023-12-01 15:24:07,502 [.NET ThreadPool Worker] INFO  Redis <ClearExpiredSessionsCallback>b__12_0 - All session keys: 2.Expired session keys: 0.
2023-12-01 15:25:07,507 [.NET ThreadPool Worker] INFO  Redis <ClearExpiredSessionsCallback>b__12_0 - All session keys: 2.Expired session keys: 0.
2023-12-01 15:26:07,510 [.NET ThreadPool Worker] INFO  Redis <ClearExpiredSessionsCallback>b__12_0 - All session keys: 2.Expired session keys: 0.
2023-12-01 15:27:07,514 [.NET ThreadPool Worker] INFO  Redis <ClearExpiredSessionsCallback>b__12_0 - All session keys: 2.Expired session keys: 0.
2023-12-01 15:28:07,511 [.NET ThreadPool Worker] INFO  Redis <ClearExpiredSessionsCallback>b__12_0 - All session keys: 2.Expired session keys: 0.
2023-12-01 15:29:07,515 [.NET ThreadPool Worker] INFO  Redis <ClearExpiredSessionsCallback>b__12_0 - All session keys: 2.Expired session keys: 0.
2023-12-01 15:30:07,521 [.NET ThreadPool Worker] INFO  Redis <ClearExpiredSessionsCallback>b__12_0 - All session keys: 2.Expired session keys: 0.
2023-12-01 15:31:07,526 [.NET ThreadPool Worker] INFO  Redis <ClearExpiredSessionsCallback>b__12_0 - All session keys: 2.Expired session keys: 0.
2023-12-01 15:32:07,529 [.NET ThreadPool Worker] INFO  Redis <ClearExpiredSessionsCallback>b__12_0 - All session keys: 2.Expired session keys: 0.
2023-12-01 15:33:07,529 [.NET ThreadPool Worker] INFO  Redis <ClearExpiredSessionsCallback>b__12_0 - All session keys: 2.Expired session keys: 0.
2023-12-01 15:34:07,534 [.NET ThreadPool Worker] INFO  Redis <ClearExpiredSessionsCallback>b__12_0 - All session keys: 2.Expired session keys: 0.
2023-12-01 15:35:07,539 [.NET ThreadPool Worker] INFO  Redis <ClearExpiredSessionsCallback>b__12_0 - All session keys: 2.Expired session keys: 0.
2023-12-01 15:36:07,544 [.NET ThreadPool Worker] INFO  Redis <ClearExpiredSessionsCallback>b__12_0 - All session keys: 2.Expired session keys: 0.
2023-12-01 15:37:07,551 [.NET ThreadPool Worker] INFO  Redis <ClearExpiredSessionsCallback>b__12_0 - All session keys: 2.Expired session keys: 0.
2023-12-01 15:38:07,555 [.NET ThreadPool Worker] INFO  Redis <ClearExpiredSessionsCallback>b__12_0 - All session keys: 2.Expired session keys: 0.
2023-12-01 15:39:07,563 [.NET ThreadPool Worker] INFO  Redis <ClearExpiredSessionsCallback>b__12_0 - All session keys: 2.Expired session keys: 0.
2023-12-01 15:40:07,571 [.NET ThreadPool Worker] INFO  Redis <ClearExpiredSessionsCallback>b__12_0 - All session keys: 2.Expired session keys: 0.
2023-12-01 15:41:07,579 [.NET ThreadPool Worker] INFO  Redis <ClearExpiredSessionsCallback>b__12_0 - All session keys: 2.Expired session keys: 0.
2023-12-01 15:42:07,582 [.NET ThreadPool Worker] INFO  Redis <ClearExpiredSessionsCallback>b__12_0 - All session keys: 2.Expired session keys: 0.
2023-12-01 15:43:07,585 [.NET ThreadPool Worker] INFO  Redis <ClearExpiredSessionsCallback>b__12_0 - All session keys: 2.Expired session keys: 0.
2023-12-01 15:44:07,589 [.NET ThreadPool Worker] INFO  Redis <ClearExpiredSessionsCallback>b__12_0 - All session keys: 2.Expired session keys: 0.
2023-12-01 15:45:07,594 [.NET ThreadPool Worker] INFO  Redis <ClearExpiredSessionsCallback>b__12_0 - All session keys: 2.Expired session keys: 0.
2023-12-01 15:46:07,595 [.NET ThreadPool Worker] INFO  Redis <ClearExpiredSessionsCallback>b__12_0 - All session keys: 2.Expired session keys: 0.
2023-12-01 15:47:07,597 [.NET ThreadPool Worker] INFO  Redis <ClearExpiredSessionsCallback>b__12_0 - All session keys: 2.Expired session keys: 0.
2023-12-01 15:48:07,602 [.NET ThreadPool Worker] INFO  Redis <ClearExpiredSessionsCallback>b__12_0 - All session keys: 2.Expired session keys: 0.
2023-12-01 15:49:07,607 [.NET ThreadPool Worker] INFO  Redis <ClearExpiredSessionsCallback>b__12_0 - All session keys: 2.Expired session keys: 0.
2023-12-01 15:50:07,607 [.NET ThreadPool Worker] INFO  Redis <ClearExpiredSessionsCallback>b__12_0 - All session keys: 2.Expired session keys: 0.
2023-12-01 15:51:07,610 [.NET ThreadPool Worker] INFO  Redis <ClearExpiredSessionsCallback>b__12_0 - All session keys: 2.Expired session keys: 0.
2023-12-01 15:52:07,613 [.NET ThreadPool Worker] INFO  Redis <ClearExpiredSessionsCallback>b__12_0 - All session keys: 2.Expired session keys: 0.
2023-12-01 15:53:07,618 [.NET ThreadPool Worker] INFO  Redis <ClearExpiredSessionsCallback>b__12_0 - All session keys: 2.Expired session keys: 0.
2023-12-01 15:54:07,623 [.NET ThreadPool Worker] INFO  Redis <ClearExpiredSessionsCallback>b__12_0 - All session keys: 2.Expired session keys: 0.
2023-12-01 15:55:07,623 [.NET ThreadPool Worker] INFO  Redis <ClearExpiredSessionsCallback>b__12_0 - All session keys: 2.Expired session keys: 0.
2023-12-01 15:56:07,627 [.NET ThreadPool Worker] INFO  Redis <ClearExpiredSessionsCallback>b__12_0 - All session keys: 2.Expired session keys: 0.
2023-12-01 15:57:07,635 [.NET ThreadPool Worker] INFO  Redis <ClearExpiredSessionsCallback>b__12_0 - All session keys: 2.Expired session keys: 0.
2023-12-01 15:58:07,641 [.NET ThreadPool Worker] INFO  Redis <ClearExpiredSessionsCallback>b__12_0 - All session keys: 2.Expired session keys: 0.
2023-12-01 15:59:07,643 [.NET ThreadPool Worker] INFO  Redis <ClearExpiredSessionsCallback>b__12_0 - All session keys: 2.Expired session keys: 0.
2023-12-01 16:00:07,652 [.NET ThreadPool Worker] INFO  Redis <ClearExpiredSessionsCallback>b__12_0 - All session keys: 2.Expired session keys: 1.
2023-12-01 16:01:07,750 [.NET ThreadPool Worker] INFO  Redis <ClearExpiredSessionsCallback>b__12_0 - All session keys: 1.Expired session keys: 0.
2023-12-01 16:02:07,755 [.NET ThreadPool Worker] INFO  Redis <ClearExpiredSessionsCallback>b__12_0 - All session keys: 1.Expired session keys: 1.
2023-12-01 16:03:07,790 [.NET ThreadPool Worker] INFO  Redis <ClearExpiredSessionsCallback>b__12_0 - All session keys: 0.Expired session keys: 0.
2023-12-01 16:04:07,794 [.NET ThreadPool Worker] INFO  Redis <ClearExpiredSessionsCallback>b__12_0 - All session keys: 0.Expired session keys: 0.
2023-12-01 16:05:07,799 [.NET ThreadPool Worker] INFO  Redis <ClearExpiredSessionsCallback>b__12_0 - All session keys: 0.Expired session keys: 0.
2023-12-01 16:06:07,802 [.NET ThreadPool Worker] INFO  Redis <ClearExpiredSessionsCallback>b__12_0 - All session keys: 0.Expired session keys: 0.
2023-12-01 16:07:07,803 [.NET ThreadPool Worker] INFO  Redis <ClearExpiredSessionsCallback>b__12_0 - All session keys: 0.Expired session keys: 0.
2023-12-01 16:08:07,805 [.NET ThreadPool Worker] INFO  Redis <ClearExpiredSessionsCallback>b__12_0 - All session keys: 0.Expired session keys: 0.
2023-12-01 16:09:07,810 [.NET ThreadPool Worker] INFO  Redis <ClearExpiredSessionsCallback>b__12_0 - All session keys: 0.Expired session keys: 0.
2023-12-01 16:10:07,814 [.NET ThreadPool Worker] INFO  Redis <ClearExpiredSessionsCallback>b__12_0 - All session keys: 0.Expired session keys: 0.
2023-12-01 16:11:07,814 [.NET ThreadPool Worker] INFO  Redis <ClearExpiredSessionsCallback>b__12_0 - All session keys: 0.Expired session keys: 0.
2023-12-01 16:12:07,817 [.NET ThreadPool Worker] INFO  Redis <ClearExpiredSessionsCallback>b__12_0 - All session keys: 0.Expired session keys: 0.
2023-12-01 16:13:07,822 [.NET ThreadPool Worker] INFO  Redis <ClearExpiredSessionsCallback>b__12_0 - All session keys: 0.Expired session keys: 0.
2023-12-01 16:14:07,827 [.NET ThreadPool Worker] INFO  Redis <ClearExpiredSessionsCallback>b__12_0 - All session keys: 0.Expired session keys: 0.
2023-12-01 16:15:07,825 [.NET ThreadPool Worker] INFO  Redis <ClearExpiredSessionsCallback>b__12_0 - All session keys: 0.Expired session keys: 0.
2023-12-01 16:16:07,829 [.NET ThreadPool Worker] INFO  Redis <ClearExpiredSessionsCallback>b__12_0 - All session keys: 0.Expired session keys: 0.
2023-12-01 16:17:07,834 [.NET ThreadPool Worker] INFO  Redis <ClearExpiredSessionsCallback>b__12_0 - All session keys: 0.Expired session keys: 0.
2023-12-01 16:18:07,836 [.NET ThreadPool Worker] INFO  Redis <ClearExpiredSessionsCallback>b__12_0 - All session keys: 0.Expired session keys: 0.
2023-12-01 16:19:07,838 [.NET ThreadPool Worker] INFO  Redis <ClearExpiredSessionsCallback>b__12_0 - All session keys: 0.Expired session keys: 0.
2023-12-01 16:20:07,842 [.NET ThreadPool Worker] INFO  Redis <ClearExpiredSessionsCallback>b__12_0 - All session keys: 0.Expired session keys: 0.
2023-12-01 16:21:07,846 [.NET ThreadPool Worker] INFO  Redis <ClearExpiredSessionsCallback>b__12_0 - All session keys: 0.Expired session keys: 0.
2023-12-01 16:22:07,847 [.NET ThreadPool Worker] INFO  Redis <ClearExpiredSessionsCallback>b__12_0 - All session keys: 0.Expired session keys: 0.
2023-12-01 16:23:07,851 [.NET ThreadPool Worker] INFO  Redis <ClearExpiredSessionsCallback>b__12_0 - All session keys: 0.Expired session keys: 0.
2023-12-01 16:24:07,858 [.NET ThreadPool Worker] INFO  Redis <ClearExpiredSessionsCallback>b__12_0 - All session keys: 0.Expired session keys: 0.
2023-12-01 16:25:07,862 [.NET ThreadPool Worker] INFO  Redis <ClearExpiredSessionsCallback>b__12_0 - All session keys: 0.Expired session keys: 0.
2023-12-01 16:26:07,864 [.NET ThreadPool Worker] INFO  Redis <ClearExpiredSessionsCallback>b__12_0 - All session keys: 0.Expired session keys: 0.
2023-12-01 16:27:07,867 [.NET ThreadPool Worker] INFO  Redis <ClearExpiredSessionsCallback>b__12_0 - All session keys: 0.Expired session keys: 0.
2023-12-01 16:28:07,874 [.NET ThreadPool Worker] INFO  Redis <ClearExpiredSessionsCallback>b__12_0 - All session keys: 0.Expired session keys: 0.
2023-12-01 16:29:07,878 [.NET ThreadPool Worker] INFO  Redis <ClearExpiredSessionsCallback>b__12_0 - All session keys: 0.Expired session keys: 0.
2023-12-01 16:30:07,882 [.NET ThreadPool Worker] INFO  Redis <ClearExpiredSessionsCallback>b__12_0 - All session keys: 0.Expired session keys: 0.
2023-12-01 16:31:07,881 [.NET ThreadPool Worker] INFO  Redis <ClearExpiredSessionsCallback>b__12_0 - All session keys: 0.Expired session keys: 0.
2023-12-01 16:32:07,886 [.NET ThreadPool Worker] INFO  Redis <ClearExpiredSessionsCallback>b__12_0 - All session keys: 0.Expired session keys: 0.
2023-12-01 16:33:07,891 [.NET ThreadPool Worker] INFO  Redis <ClearExpiredSessionsCallback>b__12_0 - All session keys: 0.Expired session keys: 0.
2023-12-01 16:34:07,894 [.NET ThreadPool Worker] INFO  Redis <ClearExpiredSessionsCallback>b__12_0 - All session keys: 0.Expired session keys: 0.
2023-12-01 16:35:07,893 [.NET ThreadPool Worker] INFO  Redis <ClearExpiredSessionsCallback>b__12_0 - All session keys: 0.Expired session keys: 0.
2023-12-01 16:36:07,896 [.NET ThreadPool Worker] INFO  Redis <ClearExpiredSessionsCallback>b__12_0 - All session keys: 0.Expired session keys: 0.
2023-12-01 16:37:07,900 [.NET ThreadPool Worker] INFO  Redis <ClearExpiredSessionsCallback>b__12_0 - All session keys: 0.Expired session keys: 0.
2023-12-01 16:38:07,904 [.NET ThreadPool Worker] INFO  Redis <ClearExpiredSessionsCallback>b__12_0 - All session keys: 0.Expired session keys: 0.
2023-12-01 16:39:07,908 [.NET ThreadPool Worker] INFO  Redis <ClearExpiredSessionsCallback>b__12_0 - All session keys: 0.Expired session keys: 0.
2023-12-01 16:40:07,912 [.NET ThreadPool Worker] INFO  Redis <ClearExpiredSessionsCallback>b__12_0 - All session keys: 0.Expired session keys: 0.
2023-12-01 16:41:07,917 [.NET ThreadPool Worker] INFO  Redis <ClearExpiredSessionsCallback>b__12_0 - All session keys: 0.Expired session keys: 0.
2023-12-01 16:42:07,918 [.NET ThreadPool Worker] INFO  Redis <ClearExpiredSessionsCallback>b__12_0 - All session keys: 0.Expired session keys: 0.
2023-12-01 16:43:07,921 [.NET ThreadPool Worker] INFO  Redis <ClearExpiredSessionsCallback>b__12_0 - All session keys: 0.Expired session keys: 0.
2023-12-01 16:44:07,923 [.NET ThreadPool Worker] INFO  Redis <ClearExpiredSessionsCallback>b__12_0 - All session keys: 0.Expired session keys: 0.
2023-12-01 16:45:07,928 [.NET ThreadPool Worker] INFO  Redis <ClearExpiredSessionsCallback>b__12_0 - All session keys: 0.Expired session keys: 0.
2023-12-01 16:46:07,931 [.NET ThreadPool Worker] INFO  Redis <ClearExpiredSessionsCallback>b__12_0 - All session keys: 0.Expired session keys: 0.
2023-12-01 16:47:07,934 [.NET ThreadPool Worker] INFO  Redis <ClearExpiredSessionsCallback>b__12_0 - All session keys: 0.Expired session keys: 0.
2023-12-01 16:48:07,935 [.NET ThreadPool Worker] INFO  Redis <ClearExpiredSessionsCallback>b__12_0 - All session keys: 0.Expired session keys: 0.
2023-12-01 16:49:07,943 [.NET ThreadPool Worker] INFO  Redis <ClearExpiredSessionsCallback>b__12_0 - All session keys: 0.Expired session keys: 0.
2023-12-01 16:50:07,948 [.NET ThreadPool Worker] INFO  Redis <ClearExpiredSessionsCallback>b__12_0 - All session keys: 0.Expired session keys: 0.
2023-12-01 16:51:07,955 [.NET ThreadPool Worker] INFO  Redis <ClearExpiredSessionsCallback>b__12_0 - All session keys: 0.Expired session keys: 0.
2023-12-01 16:52:07,959 [.NET ThreadPool Worker] INFO  Redis <ClearExpiredSessionsCallback>b__12_0 - All session keys: 0.Expired session keys: 0.
2023-12-01 16:53:07,959 [.NET ThreadPool Worker] INFO  Redis <ClearExpiredSessionsCallback>b__12_0 - All session keys: 0.Expired session keys: 0.
2023-12-01 16:54:07,967 [.NET ThreadPool Worker] INFO  Redis <ClearExpiredSessionsCallback>b__12_0 - All session keys: 0.Expired session keys: 0.
2023-12-01 16:55:07,969 [.NET ThreadPool Worker] INFO  Redis <ClearExpiredSessionsCallback>b__12_0 - All session keys: 0.Expired session keys: 0.
2023-12-01 16:56:07,975 [.NET ThreadPool Worker] INFO  Redis <ClearExpiredSessionsCallback>b__12_0 - All session keys: 0.Expired session keys: 0.
2023-12-01 16:57:07,983 [.NET ThreadPool Worker] INFO  Redis <ClearExpiredSessionsCallback>b__12_0 - All session keys: 0.Expired session keys: 0.
2023-12-01 16:58:07,987 [.NET ThreadPool Worker] INFO  Redis <ClearExpiredSessionsCallback>b__12_0 - All session keys: 0.Expired session keys: 0.
2023-12-01 16:59:07,994 [.NET ThreadPool Worker] INFO  Redis <ClearExpiredSessionsCallback>b__12_0 - All session keys: 0.Expired session keys: 0.
2023-12-01 17:00:07,995 [.NET ThreadPool Worker] INFO  Redis <ClearExpiredSessionsCallback>b__12_0 - All session keys: 0.Expired session keys: 0.
2023-12-01 17:01:07,997 [.NET ThreadPool Worker] INFO  Redis <ClearExpiredSessionsCallback>b__12_0 - All session keys: 0.Expired session keys: 0.
2023-12-01 17:02:08,002 [.NET ThreadPool Worker] INFO  Redis <ClearExpiredSessionsCallback>b__12_0 - All session keys: 0.Expired session keys: 0.
2023-12-01 17:03:08,003 [.NET ThreadPool Worker] INFO  Redis <ClearExpiredSessionsCallback>b__12_0 - All session keys: 0.Expired session keys: 0.
2023-12-01 17:04:08,005 [.NET ThreadPool Worker] INFO  Redis <ClearExpiredSessionsCallback>b__12_0 - All session keys: 0.Expired session keys: 0.
2023-12-01 17:05:08,005 [.NET ThreadPool Worker] INFO  Redis <ClearExpiredSessionsCallback>b__12_0 - All session keys: 0.Expired session keys: 0.
2023-12-01 17:06:08,011 [.NET ThreadPool Worker] INFO  Redis <ClearExpiredSessionsCallback>b__12_0 - All session keys: 0.Expired session keys: 0.
2023-12-01 17:07:08,018 [.NET ThreadPool Worker] INFO  Redis <ClearExpiredSessionsCallback>b__12_0 - All session keys: 0.Expired session keys: 0.
2023-12-01 17:08:08,019 [.NET ThreadPool Worker] INFO  Redis <ClearExpiredSessionsCallback>b__12_0 - All session keys: 0.Expired session keys: 0.
2023-12-01 17:09:08,023 [.NET ThreadPool Worker] INFO  Redis <ClearExpiredSessionsCallback>b__12_0 - All session keys: 0.Expired session keys: 0.
2023-12-01 17:10:08,030 [.NET ThreadPool Worker] INFO  Redis <ClearExpiredSessionsCallback>b__12_0 - All session keys: 0.Expired session keys: 0.
2023-12-01 17:11:08,031 [.NET ThreadPool Worker] INFO  Redis <ClearExpiredSessionsCallback>b__12_0 - All session keys: 0.Expired session keys: 0.
2023-12-01 17:12:08,037 [.NET ThreadPool Worker] INFO  Redis <ClearExpiredSessionsCallback>b__12_0 - All session keys: 0.Expired session keys: 0.
2023-12-01 17:13:08,040 [.NET ThreadPool Worker] INFO  Redis <ClearExpiredSessionsCallback>b__12_0 - All session keys: 0.Expired session keys: 0.
2023-12-01 17:14:08,046 [.NET ThreadPool Worker] INFO  Redis <ClearExpiredSessionsCallback>b__12_0 - All session keys: 0.Expired session keys: 0.
2023-12-01 17:15:08,051 [.NET ThreadPool Worker] INFO  Redis <ClearExpiredSessionsCallback>b__12_0 - All session keys: 0.Expired session keys: 0.
2023-12-01 17:16:08,054 [.NET ThreadPool Worker] INFO  Redis <ClearExpiredSessionsCallback>b__12_0 - All session keys: 0.Expired session keys: 0.
2023-12-01 17:17:08,059 [.NET ThreadPool Worker] INFO  Redis <ClearExpiredSessionsCallback>b__12_0 - All session keys: 0.Expired session keys: 0.
2023-12-01 17:18:08,067 [.NET ThreadPool Worker] INFO  Redis <ClearExpiredSessionsCallback>b__12_0 - All session keys: 0.Expired session keys: 0.
2023-12-01 17:19:08,071 [.NET ThreadPool Worker] INFO  Redis <ClearExpiredSessionsCallback>b__12_0 - All session keys: 0.Expired session keys: 0.
2023-12-01 17:20:08,079 [.NET ThreadPool Worker] INFO  Redis <ClearExpiredSessionsCallback>b__12_0 - All session keys: 0.Expired session keys: 0.
2023-12-01 17:21:08,085 [.NET ThreadPool Worker] INFO  Redis <ClearExpiredSessionsCallback>b__12_0 - All session keys: 0.Expired session keys: 0.
2023-12-01 17:22:08,088 [.NET ThreadPool Worker] INFO  Redis <ClearExpiredSessionsCallback>b__12_0 - All session keys: 0.Expired session keys: 0.
2023-12-01 17:23:08,094 [.NET ThreadPool Worker] INFO  Redis <ClearExpiredSessionsCallback>b__12_0 - All session keys: 0.Expired session keys: 0.
2023-12-01 17:24:08,098 [.NET ThreadPool Worker] INFO  Redis <ClearExpiredSessionsCallback>b__12_0 - All session keys: 0.Expired session keys: 0.
2023-12-01 17:25:08,100 [.NET ThreadPool Worker] INFO  Redis <ClearExpiredSessionsCallback>b__12_0 - All session keys: 0.Expired session keys: 0.
2023-12-01 17:26:08,103 [.NET ThreadPool Worker] INFO  Redis <ClearExpiredSessionsCallback>b__12_0 - All session keys: 0.Expired session keys: 0.
2023-12-01 17:27:08,110 [.NET ThreadPool Worker] INFO  Redis <ClearExpiredSessionsCallback>b__12_0 - All session keys: 0.Expired session keys: 0.
2023-12-01 17:28:08,115 [.NET ThreadPool Worker] INFO  Redis <ClearExpiredSessionsCallback>b__12_0 - All session keys: 0.Expired session keys: 0.
2023-12-01 17:29:08,118 [.NET ThreadPool Worker] INFO  Redis <ClearExpiredSessionsCallback>b__12_0 - All session keys: 0.Expired session keys: 0.
2023-12-01 17:30:08,119 [.NET ThreadPool Worker] INFO  Redis <ClearExpiredSessionsCallback>b__12_0 - All session keys: 0.Expired session keys: 0.
2023-12-01 17:31:08,126 [.NET ThreadPool Worker] INFO  Redis <ClearExpiredSessionsCallback>b__12_0 - All session keys: 0.Expired session keys: 0.
2023-12-01 17:32:08,130 [.NET ThreadPool Worker] INFO  Redis <ClearExpiredSessionsCallback>b__12_0 - All session keys: 0.Expired session keys: 0.
2023-12-01 17:33:08,130 [.NET ThreadPool Worker] INFO  Redis <ClearExpiredSessionsCallback>b__12_0 - All session keys: 0.Expired session keys: 0.
2023-12-01 17:34:08,134 [.NET ThreadPool Worker] INFO  Redis <ClearExpiredSessionsCallback>b__12_0 - All session keys: 0.Expired session keys: 0.
2023-12-01 17:35:08,138 [.NET ThreadPool Worker] INFO  Redis <ClearExpiredSessionsCallback>b__12_0 - All session keys: 0.Expired session keys: 0.
2023-12-01 17:36:08,139 [.NET ThreadPool Worker] INFO  Redis <ClearExpiredSessionsCallback>b__12_0 - All session keys: 0.Expired session keys: 0.
2023-12-01 17:37:08,143 [.NET ThreadPool Worker] INFO  Redis <ClearExpiredSessionsCallback>b__12_0 - All session keys: 0.Expired session keys: 0.
2023-12-01 17:38:08,149 [.NET ThreadPool Worker] INFO  Redis <ClearExpiredSessionsCallback>b__12_0 - All session keys: 0.Expired session keys: 0.
2023-12-01 17:39:08,154 [.NET ThreadPool Worker] INFO  Redis <ClearExpiredSessionsCallback>b__12_0 - All session keys: 0.Expired session keys: 0.
2023-12-01 17:40:08,155 [.NET ThreadPool Worker] INFO  Redis <ClearExpiredSessionsCallback>b__12_0 - All session keys: 0.Expired session keys: 0.
2023-12-01 17:41:08,159 [.NET ThreadPool Worker] INFO  Redis <ClearExpiredSessionsCallback>b__12_0 - All session keys: 0.Expired session keys: 0.
2023-12-01 17:42:08,167 [.NET ThreadPool Worker] INFO  Redis <ClearExpiredSessionsCallback>b__12_0 - All session keys: 0.Expired session keys: 0.
2023-12-01 17:43:08,171 [.NET ThreadPool Worker] INFO  Redis <ClearExpiredSessionsCallback>b__12_0 - All session keys: 0.Expired session keys: 0.
2023-12-01 17:44:08,178 [.NET ThreadPool Worker] INFO  Redis <ClearExpiredSessionsCallback>b__12_0 - All session keys: 0.Expired session keys: 0.
2023-12-01 17:45:08,183 [.NET ThreadPool Worker] INFO  Redis <ClearExpiredSessionsCallback>b__12_0 - All session keys: 0.Expired session keys: 0.
2023-12-01 17:46:08,185 [.NET ThreadPool Worker] INFO  Redis <ClearExpiredSessionsCallback>b__12_0 - All session keys: 1.Expired session keys: 0.
2023-12-01 17:47:08,189 [.NET ThreadPool Worker] INFO  Redis <ClearExpiredSessionsCallback>b__12_0 - All session keys: 1.Expired session keys: 0.
2023-12-01 17:48:08,193 [.NET ThreadPool Worker] INFO  Redis <ClearExpiredSessionsCallback>b__12_0 - All session keys: 1.Expired session keys: 0.
2023-12-01 17:49:08,199 [.NET ThreadPool Worker] INFO  Redis <ClearExpiredSessionsCallback>b__12_0 - All session keys: 1.Expired session keys: 0.
2023-12-01 17:50:08,203 [.NET ThreadPool Worker] INFO  Redis <ClearExpiredSessionsCallback>b__12_0 - All session keys: 1.Expired session keys: 0.
2023-12-01 17:51:08,211 [.NET ThreadPool Worker] INFO  Redis <ClearExpiredSessionsCallback>b__12_0 - All session keys: 1.Expired session keys: 0.
2023-12-01 17:52:08,215 [.NET ThreadPool Worker] INFO  Redis <ClearExpiredSessionsCallback>b__12_0 - All session keys: 1.Expired session keys: 0.
2023-12-01 17:53:08,219 [.NET ThreadPool Worker] INFO  Redis <ClearExpiredSessionsCallback>b__12_0 - All session keys: 1.Expired session keys: 0.
2023-12-01 17:54:08,223 [.NET ThreadPool Worker] INFO  Redis <ClearExpiredSessionsCallback>b__12_0 - All session keys: 1.Expired session keys: 0.
2023-12-01 17:55:08,225 [.NET ThreadPool Worker] INFO  Redis <ClearExpiredSessionsCallback>b__12_0 - All session keys: 1.Expired session keys: 0.
2023-12-01 17:56:08,228 [.NET ThreadPool Worker] INFO  Redis <ClearExpiredSessionsCallback>b__12_0 - All session keys: 1.Expired session keys: 0.
2023-12-01 17:57:08,228 [.NET ThreadPool Worker] INFO  Redis <ClearExpiredSessionsCallback>b__12_0 - All session keys: 1.Expired session keys: 0.
2023-12-01 17:58:08,233 [.NET ThreadPool Worker] INFO  Redis <ClearExpiredSessionsCallback>b__12_0 - All session keys: 1.Expired session keys: 0.
2023-12-01 17:59:08,240 [.NET ThreadPool Worker] INFO  Redis <ClearExpiredSessionsCallback>b__12_0 - All session keys: 1.Expired session keys: 0.
2023-12-01 18:00:08,244 [.NET ThreadPool Worker] INFO  Redis <ClearExpiredSessionsCallback>b__12_0 - All session keys: 1.Expired session keys: 0.
2023-12-01 18:01:08,250 [.NET ThreadPool Worker] INFO  Redis <ClearExpiredSessionsCallback>b__12_0 - All session keys: 1.Expired session keys: 0.
2023-12-01 18:02:08,254 [.NET ThreadPool Worker] INFO  Redis <ClearExpiredSessionsCallback>b__12_0 - All session keys: 1.Expired session keys: 0.
2023-12-01 18:03:08,255 [.NET ThreadPool Worker] INFO  Redis <ClearExpiredSessionsCallback>b__12_0 - All session keys: 1.Expired session keys: 0.
2023-12-01 18:04:08,263 [.NET ThreadPool Worker] INFO  Redis <ClearExpiredSessionsCallback>b__12_0 - All session keys: 1.Expired session keys: 0.
2023-12-01 18:05:08,270 [.NET ThreadPool Worker] INFO  Redis <ClearExpiredSessionsCallback>b__12_0 - All session keys: 1.Expired session keys: 0.
2023-12-01 18:06:08,275 [.NET ThreadPool Worker] INFO  Redis <ClearExpiredSessionsCallback>b__12_0 - All session keys: 1.Expired session keys: 0.
2023-12-01 18:07:08,275 [.NET ThreadPool Worker] INFO  Redis <ClearExpiredSessionsCallback>b__12_0 - All session keys: 1.Expired session keys: 0.
2023-12-01 18:08:08,279 [.NET ThreadPool Worker] INFO  Redis <ClearExpiredSessionsCallback>b__12_0 - All session keys: 1.Expired session keys: 0.
2023-12-01 18:09:08,282 [.NET ThreadPool Worker] INFO  Redis <ClearExpiredSessionsCallback>b__12_0 - All session keys: 1.Expired session keys: 0.
2023-12-01 18:10:08,287 [.NET ThreadPool Worker] INFO  Redis <ClearExpiredSessionsCallback>b__12_0 - All session keys: 1.Expired session keys: 0.
2023-12-01 18:11:08,291 [.NET ThreadPool Worker] INFO  Redis <ClearExpiredSessionsCallback>b__12_0 - All session keys: 1.Expired session keys: 0.
2023-12-01 18:12:08,298 [.NET ThreadPool Worker] INFO  Redis <ClearExpiredSessionsCallback>b__12_0 - All session keys: 1.Expired session keys: 0.
2023-12-01 18:13:08,301 [.NET ThreadPool Worker] INFO  Redis <ClearExpiredSessionsCallback>b__12_0 - All session keys: 1.Expired session keys: 0.
2023-12-01 18:14:08,307 [.NET ThreadPool Worker] INFO  Redis <ClearExpiredSessionsCallback>b__12_0 - All session keys: 1.Expired session keys: 0.
2023-12-01 18:15:08,307 [.NET ThreadPool Worker] INFO  Redis <ClearExpiredSessionsCallback>b__12_0 - All session keys: 1.Expired session keys: 0.
2023-12-01 18:16:08,315 [.NET ThreadPool Worker] INFO  Redis <ClearExpiredSessionsCallback>b__12_0 - All session keys: 1.Expired session keys: 0.
2023-12-01 18:17:08,318 [.NET ThreadPool Worker] INFO  Redis <ClearExpiredSessionsCallback>b__12_0 - All session keys: 1.Expired session keys: 0.
2023-12-01 18:18:08,317 [.NET ThreadPool Worker] INFO  Redis <ClearExpiredSessionsCallback>b__12_0 - All session keys: 1.Expired session keys: 0.
2023-12-01 18:19:08,323 [.NET ThreadPool Worker] INFO  Redis <ClearExpiredSessionsCallback>b__12_0 - All session keys: 1.Expired session keys: 0.
2023-12-01 18:20:08,327 [.NET ThreadPool Worker] INFO  Redis <ClearExpiredSessionsCallback>b__12_0 - All session keys: 1.Expired session keys: 0.
2023-12-01 18:21:08,330 [.NET ThreadPool Worker] INFO  Redis <ClearExpiredSessionsCallback>b__12_0 - All session keys: 1.Expired session keys: 0.
2023-12-01 18:22:08,334 [.NET ThreadPool Worker] INFO  Redis <ClearExpiredSessionsCallback>b__12_0 - All session keys: 1.Expired session keys: 0.
2023-12-01 18:23:08,335 [.NET ThreadPool Worker] INFO  Redis <ClearExpiredSessionsCallback>b__12_0 - All session keys: 1.Expired session keys: 0.
2023-12-01 18:24:08,342 [.NET ThreadPool Worker] INFO  Redis <ClearExpiredSessionsCallback>b__12_0 - All session keys: 1.Expired session keys: 0.
2023-12-01 18:25:08,345 [.NET ThreadPool Worker] INFO  Redis <ClearExpiredSessionsCallback>b__12_0 - All session keys: 1.Expired session keys: 0.
2023-12-01 18:26:08,348 [.NET ThreadPool Worker] INFO  Redis <ClearExpiredSessionsCallback>b__12_0 - All session keys: 1.Expired session keys: 0.
2023-12-01 18:27:08,350 [.NET ThreadPool Worker] INFO  Redis <ClearExpiredSessionsCallback>b__12_0 - All session keys: 1.Expired session keys: 0.
2023-12-01 18:28:08,355 [.NET ThreadPool Worker] INFO  Redis <ClearExpiredSessionsCallback>b__12_0 - All session keys: 1.Expired session keys: 0.
2023-12-01 18:29:08,362 [.NET ThreadPool Worker] INFO  Redis <ClearExpiredSessionsCallback>b__12_0 - All session keys: 1.Expired session keys: 0.
2023-12-01 18:30:08,364 [.NET ThreadPool Worker] INFO  Redis <ClearExpiredSessionsCallback>b__12_0 - All session keys: 1.Expired session keys: 0.
2023-12-01 18:31:08,371 [.NET ThreadPool Worker] INFO  Redis <ClearExpiredSessionsCallback>b__12_0 - All session keys: 1.Expired session keys: 0.
2023-12-01 18:32:08,374 [.NET ThreadPool Worker] INFO  Redis <ClearExpiredSessionsCallback>b__12_0 - All session keys: 1.Expired session keys: 0.
2023-12-01 18:33:08,378 [.NET ThreadPool Worker] INFO  Redis <ClearExpiredSessionsCallback>b__12_0 - All session keys: 1.Expired session keys: 0.
2023-12-01 18:34:08,383 [.NET ThreadPool Worker] INFO  Redis <ClearExpiredSessionsCallback>b__12_0 - All session keys: 1.Expired session keys: 0.
2023-12-01 18:35:08,386 [.NET ThreadPool Worker] INFO  Redis <ClearExpiredSessionsCallback>b__12_0 - All session keys: 1.Expired session keys: 0.
2023-12-01 18:36:08,389 [.NET ThreadPool Worker] INFO  Redis <ClearExpiredSessionsCallback>b__12_0 - All session keys: 1.Expired session keys: 0.
2023-12-01 18:37:08,390 [.NET ThreadPool Worker] INFO  Redis <ClearExpiredSessionsCallback>b__12_0 - All session keys: 1.Expired session keys: 0.
2023-12-01 18:38:08,395 [.NET ThreadPool Worker] INFO  Redis <ClearExpiredSessionsCallback>b__12_0 - All session keys: 1.Expired session keys: 0.
2023-12-01 18:39:08,402 [.NET ThreadPool Worker] INFO  Redis <ClearExpiredSessionsCallback>b__12_0 - All session keys: 1.Expired session keys: 0.
2023-12-01 18:40:08,406 [.NET ThreadPool Worker] INFO  Redis <ClearExpiredSessionsCallback>b__12_0 - All session keys: 1.Expired session keys: 0.
2023-12-01 18:41:08,406 [.NET ThreadPool Worker] INFO  Redis <ClearExpiredSessionsCallback>b__12_0 - All session keys: 1.Expired session keys: 0.
2023-12-01 18:42:08,408 [.NET ThreadPool Worker] INFO  Redis <ClearExpiredSessionsCallback>b__12_0 - All session keys: 1.Expired session keys: 0.
2023-12-01 18:43:08,409 [.NET ThreadPool Worker] INFO  Redis <ClearExpiredSessionsCallback>b__12_0 - All session keys: 1.Expired session keys: 0.
2023-12-01 18:44:08,415 [.NET ThreadPool Worker] INFO  Redis <ClearExpiredSessionsCallback>b__12_0 - All session keys: 1.Expired session keys: 0.
2023-12-01 18:45:08,420 [.NET ThreadPool Worker] INFO  Redis <ClearExpiredSessionsCallback>b__12_0 - All session keys: 1.Expired session keys: 0.
2023-12-01 18:46:08,422 [.NET ThreadPool Worker] INFO  Redis <ClearExpiredSessionsCallback>b__12_0 - All session keys: 1.Expired session keys: 0.
2023-12-01 18:47:08,425 [.NET ThreadPool Worker] INFO  Redis <ClearExpiredSessionsCallback>b__12_0 - All session keys: 1.Expired session keys: 0.
2023-12-01 18:48:08,428 [.NET ThreadPool Worker] INFO  Redis <ClearExpiredSessionsCallback>b__12_0 - All session keys: 1.Expired session keys: 0.
2023-12-01 18:49:08,433 [.NET ThreadPool Worker] INFO  Redis <ClearExpiredSessionsCallback>b__12_0 - All session keys: 1.Expired session keys: 0.
2023-12-01 18:50:08,430 [.NET ThreadPool Worker] INFO  Redis <ClearExpiredSessionsCallback>b__12_0 - All session keys: 1.Expired session keys: 0.
2023-12-01 18:51:08,434 [.NET ThreadPool Worker] INFO  Redis <ClearExpiredSessionsCallback>b__12_0 - All session keys: 1.Expired session keys: 0.
2023-12-01 18:52:08,439 [.NET ThreadPool Worker] INFO  Redis <ClearExpiredSessionsCallback>b__12_0 - All session keys: 1.Expired session keys: 0.
2023-12-01 18:53:08,441 [.NET ThreadPool Worker] INFO  Redis <ClearExpiredSessionsCallback>b__12_0 - All session keys: 1.Expired session keys: 0.
2023-12-01 18:54:08,446 [.NET ThreadPool Worker] INFO  Redis <ClearExpiredSessionsCallback>b__12_0 - All session keys: 1.Expired session keys: 0.
2023-12-01 18:55:08,446 [.NET ThreadPool Worker] INFO  Redis <ClearExpiredSessionsCallback>b__12_0 - All session keys: 1.Expired session keys: 0.
2023-12-01 18:56:08,448 [.NET ThreadPool Worker] INFO  Redis <ClearExpiredSessionsCallback>b__12_0 - All session keys: 1.Expired session keys: 0.
2023-12-01 18:57:08,451 [.NET ThreadPool Worker] INFO  Redis <ClearExpiredSessionsCallback>b__12_0 - All session keys: 1.Expired session keys: 1.
2023-12-01 18:58:08,569 [.NET ThreadPool Worker] INFO  Redis <ClearExpiredSessionsCallback>b__12_0 - All session keys: 0.Expired session keys: 0.
2023-12-01 18:59:08,571 [.NET ThreadPool Worker] INFO  Redis <ClearExpiredSessionsCallback>b__12_0 - All session keys: 0.Expired session keys: 0.
2023-12-01 19:00:08,578 [.NET ThreadPool Worker] INFO  Redis <ClearExpiredSessionsCallback>b__12_0 - All session keys: 0.Expired session keys: 0.
2023-12-01 19:01:08,581 [.NET ThreadPool Worker] INFO  Redis <ClearExpiredSessionsCallback>b__12_0 - All session keys: 0.Expired session keys: 0.
