2023-11-21 15:13:53,980 [.NET ThreadPool Worker] WARN Supervisor <GetModelsGroupedByEntityName>b__1_0 - PredictedResultColumnName is empty for model 74ce4daa-aa40-411d-8152-1b16cc2e8c2b
Metadata: {
}
Entity schemaUid: a5657e6b-342d-4104-8ab8-aab37ef29860

2023-11-21 15:13:53,987 [.NET ThreadPool Worker] WARN Supervisor <GetModelsGroupedByEntityName>b__1_0 - PredictedResultColumnName is empty for model 8f57ed14-2c8a-47c8-a990-104698359451
Metadata: {
}
Entity schemaUid: a5657e6b-342d-4104-8ab8-aab37ef29860

2023-11-21 15:13:53,987 [.NET ThreadPool Worker] WARN Supervisor <GetModelsGroupedByEntityName>b__1_0 - PredictedResultColumnName is empty for model 6f8c5159-e07b-485d-bfa2-37dbf4f0a2d3
Metadata: {
}
Entity schemaUid: 117d32f9-8275-4534-8411-1c66115ce9cd

2023-11-21 15:13:53,987 [.NET ThreadPool Worker] WARN Supervisor <GetModelsGroupedByEntityName>b__1_0 - PredictedResultColumnName is empty for model b624f2fd-81e1-4e8d-890b-5184994d1154
Metadata: {
}
Entity schemaUid: 56143364-4580-4561-8814-8612fad2e5c0

2023-11-21 15:15:02,728 [.NET ThreadPool Worker] INFO  Execute - ML model batch prediction job started
2023-11-21 15:15:02,728 [.NET ThreadPool Worker] INFO  Execute - Start to process (training, state sync) ML models
2023-11-21 15:15:02,732 [.NET ThreadPool Worker] DEBUG  ProcessAllModels - There are no ML problem types with set ServiceUrl
2023-11-21 15:15:02,732 [.NET ThreadPool Worker] DEBUG  ProcessAllModels - There are no ML problem types with set ServiceUrl
2023-11-21 15:23:03,958 [.NET ThreadPool Worker] INFO  Execute - ML model batch prediction job started
2023-11-21 15:23:03,958 [.NET ThreadPool Worker] INFO  Execute - Start to process (training, state sync) ML models
2023-11-21 15:23:03,975 [.NET ThreadPool Worker] DEBUG  CheckIsServiceUrlSet - There are no ML problem types with set ServiceUrl
2023-11-21 15:23:03,975 [.NET ThreadPool Worker] DEBUG  CheckIsServiceUrlSet - There are no ML problem types with set ServiceUrl
2023-11-21 15:38:03,994 [.NET ThreadPool Worker] INFO  Execute - Start to process (training, state sync) ML models
2023-11-21 15:38:03,994 [.NET ThreadPool Worker] DEBUG  ProcessAllModels - There are no ML problem types with set ServiceUrl
2023-11-21 15:53:04,014 [.NET ThreadPool Worker] INFO  Execute - Start to process (training, state sync) ML models
2023-11-21 15:53:04,014 [.NET ThreadPool Worker] DEBUG  ProcessAllModels - There are no ML problem types with set ServiceUrl
2023-11-21 16:08:04,033 [.NET ThreadPool Worker] INFO  Execute - Start to process (training, state sync) ML models
2023-11-21 16:08:04,034 [.NET ThreadPool Worker] DEBUG  ProcessAllModels - There are no ML problem types with set ServiceUrl
2023-11-21 16:23:04,004 [.NET ThreadPool Worker] INFO  Execute - ML model batch prediction job started
2023-11-21 16:23:04,004 [.NET ThreadPool Worker] DEBUG  ProcessAllModels - There are no ML problem types with set ServiceUrl
2023-11-21 16:23:04,050 [.NET ThreadPool Worker] INFO  Execute - Start to process (training, state sync) ML models
2023-11-21 16:23:04,054 [.NET ThreadPool Worker] DEBUG  ProcessAllModels - There are no ML problem types with set ServiceUrl
2023-11-21 16:38:04,071 [.NET ThreadPool Worker] INFO  Execute - Start to process (training, state sync) ML models
2023-11-21 16:38:04,071 [.NET ThreadPool Worker] DEBUG  ProcessAllModels - There are no ML problem types with set ServiceUrl
2023-11-21 16:53:04,090 [.NET ThreadPool Worker] INFO  Execute - Start to process (training, state sync) ML models
2023-11-21 16:53:04,090 [.NET ThreadPool Worker] DEBUG  ProcessAllModels - There are no ML problem types with set ServiceUrl
2023-11-21 17:08:04,109 [.NET ThreadPool Worker] INFO  Execute - Start to process (training, state sync) ML models
2023-11-21 17:08:04,111 [.NET ThreadPool Worker] DEBUG  ProcessAllModels - There are no ML problem types with set ServiceUrl
2023-11-21 17:23:04,024 [.NET ThreadPool Worker] INFO  Execute - ML model batch prediction job started
2023-11-21 17:23:04,024 [.NET ThreadPool Worker] DEBUG  ProcessAllModels - There are no ML problem types with set ServiceUrl
2023-11-21 17:23:04,128 [.NET ThreadPool Worker] INFO  Execute - Start to process (training, state sync) ML models
2023-11-21 17:23:04,130 [.NET ThreadPool Worker] DEBUG  ProcessAllModels - There are no ML problem types with set ServiceUrl
2023-11-21 17:38:04,147 [.NET ThreadPool Worker] INFO  Execute - Start to process (training, state sync) ML models
2023-11-21 17:38:04,147 [.NET ThreadPool Worker] DEBUG  ProcessAllModels - There are no ML problem types with set ServiceUrl
2023-11-21 17:53:04,166 [.NET ThreadPool Worker] INFO  Execute - Start to process (training, state sync) ML models
2023-11-21 17:53:04,166 [.NET ThreadPool Worker] DEBUG  ProcessAllModels - There are no ML problem types with set ServiceUrl
2023-11-21 18:08:04,184 [.NET ThreadPool Worker] INFO  Execute - Start to process (training, state sync) ML models
2023-11-21 18:08:04,187 [.NET ThreadPool Worker] DEBUG  ProcessAllModels - There are no ML problem types with set ServiceUrl
2023-11-21 18:23:04,044 [.NET ThreadPool Worker] INFO  Execute - ML model batch prediction job started
2023-11-21 18:23:04,046 [.NET ThreadPool Worker] DEBUG  ProcessAllModels - There are no ML problem types with set ServiceUrl
2023-11-21 18:23:04,203 [.NET ThreadPool Worker] INFO  Execute - Start to process (training, state sync) ML models
2023-11-21 18:23:04,203 [.NET ThreadPool Worker] DEBUG  ProcessAllModels - There are no ML problem types with set ServiceUrl
2023-11-21 18:38:04,222 [.NET ThreadPool Worker] INFO  Execute - Start to process (training, state sync) ML models
2023-11-21 18:38:04,222 [.NET ThreadPool Worker] DEBUG  ProcessAllModels - There are no ML problem types with set ServiceUrl
2023-11-21 18:53:04,241 [.NET ThreadPool Worker] INFO  Execute - Start to process (training, state sync) ML models
2023-11-21 18:53:04,243 [.NET ThreadPool Worker] DEBUG  ProcessAllModels - There are no ML problem types with set ServiceUrl
2023-11-21 19:08:04,260 [.NET ThreadPool Worker] INFO  Execute - Start to process (training, state sync) ML models
2023-11-21 19:08:04,260 [.NET ThreadPool Worker] DEBUG  ProcessAllModels - There are no ML problem types with set ServiceUrl
2023-11-21 19:23:04,063 [.NET ThreadPool Worker] INFO  Execute - ML model batch prediction job started
2023-11-21 19:23:04,063 [.NET ThreadPool Worker] DEBUG  ProcessAllModels - There are no ML problem types with set ServiceUrl
2023-11-21 19:23:04,278 [.NET ThreadPool Worker] INFO  Execute - Start to process (training, state sync) ML models
2023-11-21 19:23:04,278 [.NET ThreadPool Worker] DEBUG  ProcessAllModels - There are no ML problem types with set ServiceUrl
2023-11-21 19:38:04,286 [.NET ThreadPool Worker] INFO  Execute - Start to process (training, state sync) ML models
2023-11-21 19:38:04,286 [.NET ThreadPool Worker] DEBUG  ProcessAllModels - There are no ML problem types with set ServiceUrl
2023-11-21 19:39:29,628 [.NET ThreadPool Worker] WARN Supervisor MoveNext - PredictedResultColumnName is empty for model 74ce4daa-aa40-411d-8152-1b16cc2e8c2b
Metadata: {
}
Entity schemaUid: a5657e6b-342d-4104-8ab8-aab37ef29860

2023-11-21 19:39:29,628 [.NET ThreadPool Worker] WARN Supervisor MoveNext - PredictedResultColumnName is empty for model 8f57ed14-2c8a-47c8-a990-104698359451
Metadata: {
}
Entity schemaUid: a5657e6b-342d-4104-8ab8-aab37ef29860

2023-11-21 19:39:29,628 [.NET ThreadPool Worker] WARN Supervisor MoveNext - PredictedResultColumnName is empty for model 6f8c5159-e07b-485d-bfa2-37dbf4f0a2d3
Metadata: {
}
Entity schemaUid: 117d32f9-8275-4534-8411-1c66115ce9cd

2023-11-21 19:39:29,628 [.NET ThreadPool Worker] WARN Supervisor MoveNext - PredictedResultColumnName is empty for model b624f2fd-81e1-4e8d-890b-5184994d1154
Metadata: {
}
Entity schemaUid: 56143364-4580-4561-8814-8612fad2e5c0

2023-11-21 19:53:04,303 [.NET ThreadPool Worker] INFO  Execute - Start to process (training, state sync) ML models
2023-11-21 19:53:04,306 [.NET ThreadPool Worker] DEBUG  ProcessAllModels - There are no ML problem types with set ServiceUrl
2023-11-21 20:08:04,323 [.NET ThreadPool Worker] INFO  Execute - Start to process (training, state sync) ML models
2023-11-21 20:08:04,323 [.NET ThreadPool Worker] DEBUG  ProcessAllModels - There are no ML problem types with set ServiceUrl
2023-11-21 20:23:04,084 [.NET ThreadPool Worker] INFO  Execute - ML model batch prediction job started
2023-11-21 20:23:04,084 [.NET ThreadPool Worker] DEBUG  ProcessAllModels - There are no ML problem types with set ServiceUrl
2023-11-21 20:23:04,342 [.NET ThreadPool Worker] INFO  Execute - Start to process (training, state sync) ML models
2023-11-21 20:23:04,342 [.NET ThreadPool Worker] DEBUG  ProcessAllModels - There are no ML problem types with set ServiceUrl
2023-11-21 20:38:04,361 [.NET ThreadPool Worker] INFO  Execute - Start to process (training, state sync) ML models
2023-11-21 20:38:04,364 [.NET ThreadPool Worker] DEBUG  ProcessAllModels - There are no ML problem types with set ServiceUrl
2023-11-21 20:53:04,381 [.NET ThreadPool Worker] INFO  Execute - Start to process (training, state sync) ML models
2023-11-21 20:53:04,383 [.NET ThreadPool Worker] DEBUG  ProcessAllModels - There are no ML problem types with set ServiceUrl
