2023-12-05 11:55:55,321 Operation [Build] started
2023-12-05 11:58:36,819 Operation [Build] took 161 s 498 ms
2023-12-05 13:19:02,990 Operation [Build] started
2023-12-05 13:21:44,444 Operation [Build] took 161 s 454 ms
2023-12-05 13:23:47,113 InstallStart: SchemaDBStructure
2023-12-05 13:23:47,145 InstallFinish: SchemaDBStructure
2023-12-05 13:23:57,213 Operation [Build] started
2023-12-05 13:23:57,213 Operation [Build] took 0 s 0 ms
2023-12-05 18:19:31,495 Creating storage directory [/tmp//root/app/AppCreation/Packages]
2023-12-05 18:19:31,495 Downloading file [%AppCode%.gz]
2023-12-05 18:19:54,493 Creating storage directory [/tmp//root/app/AppCreation/Packages]
2023-12-05 18:19:54,493 Downloading file [%AppCode%.gz]
2023-12-05 18:26:34,239 Operation [Rebuild] started
2023-12-05 18:30:53,793 Operation [Build] started
2023-12-05 18:33:39,188 Operation [Build] took 165 s 394 ms
2023-12-05 18:35:09,601 Operation [Build] started
2023-12-05 18:35:39,137 Operation [Build] took 29 s 535 ms
2023-12-05 18:36:09,725 Operation [Rebuild] started
2023-12-05 18:36:36,288 Operation [Build] started
2023-12-05 18:36:36,288 Operation [Build] took 0 s 0 ms
2023-12-05 18:38:28,838 Operation [Rebuild] took 139 s 112 ms
2023-12-05 18:38:56,709 Creating storage directory [/tmp//root/app/AppCreation/Packages]
2023-12-05 18:38:56,709 Downloading file [%AppCode%.gz]
2023-12-05 18:41:06,911 Creating storage directory [/tmp//root/app/AppCreation/Packages]
2023-12-05 18:41:06,911 Downloading file [%AppCode%.gz]
2023-12-05 18:46:02,131 Operation [Rebuild] started
2023-12-05 18:48:40,099 Operation [Rebuild] took 157 s 969 ms
2023-12-05 18:50:30,291 Creating storage directory [/tmp//root/app/AppCreation/Packages]
2023-12-05 18:50:30,291 Downloading file [%AppCode%.gz]
2023-12-05 18:52:12,984 Creating storage directory [/tmp//root/app/AppCreation/Packages]
2023-12-05 18:52:12,984 Downloading file [%AppCode%.gz]
