2023-12-15 12:04:54,140 --> PackageDBStorage.Load
2023-12-15 12:04:56,148 <-- PackageDBStorage.Load
2023-12-15 12:11:45,607 --> PackageDBStorage.Load
2023-12-15 12:11:51,199 <-- PackageDBStorage.Load
2023-12-15 12:11:51,286 --> PackageDBStorage.Load
2023-12-15 12:11:55,359 <-- PackageDBStorage.Load
2023-12-15 12:30:51,191 --> PackageDBStorage.Load
2023-12-15 12:31:01,922 <-- PackageDBStorage.Load
2023-12-15 12:31:02,047 --> PackageDBStorage.Load
2023-12-15 12:31:07,270 <-- PackageDBStorage.Load
2023-12-15 12:39:46,726 --> PackageDBStorage.Load
2023-12-15 12:39:51,158 <-- PackageDBStorage.Load
2023-12-15 12:39:51,228 --> PackageDBStorage.Load
2023-12-15 12:39:55,430 <-- PackageDBStorage.Load
2023-12-15 18:18:57,570 --> PackageInstallUtilities.LoadPackagesToFileSystem
2023-12-15 18:18:57,578 --> PackageStorageComposer.Compose
2023-12-15 18:18:57,578 --> PackageFileDesignModeDBStorage.Load
2023-12-15 18:19:08,885 <-- PackageFileDesignModeDBStorage.Load
2023-12-15 18:19:08,885 --> PackageFileDesignModeStorage.Load
2023-12-15 18:19:09,128 <-- PackageFileDesignModeStorage.Load
2023-12-15 18:19:09,132 --> PackageStorageComposer.SpecifySourceStorageChanges
2023-12-15 18:19:09,149 <-- PackageStorageComposer.ApplySourcePackageSqlScriptsChanges
2023-12-15 18:19:09,170 <-- PackageStorageComposer.ApplySourcePackageSqlScriptsChanges
2023-12-15 18:19:09,175 <-- PackageStorageComposer.ApplySourcePackageSqlScriptsChanges
2023-12-15 18:19:09,175 <-- PackageStorageComposer.ApplySourcePackageSqlScriptsChanges
2023-12-15 18:19:09,175 <-- PackageStorageComposer.SpecifySourceStorageChanges
2023-12-15 18:19:09,189 --> PackageFileDesignModeStorage.ActualizePackageResourcesState
2023-12-15 18:19:09,190 <-- PackageFileDesignModeStorage.ActualizePackageResourcesState
2023-12-15 18:19:09,190 <-- PackageStorageComposer.Compose
2023-12-15 18:19:09,217 --> PackageFileDesignModeStorage.Save: Packages [328] Schemas [8498] ReferenceAssemblies [35] SqlScripts [1535] PackageData [5239] SchemaResources [155285] CoreResources [0]
2023-12-15 18:19:09,224 --> PackageFileDesignModeStorage.MarkNotEditablePackagesAsNotChanged
2023-12-15 18:19:09,224 <-- PackageFileDesignModeStorage.MarkNotEditablePackagesAsNotChanged
2023-12-15 18:19:09,224 --> PackageFileDesignModeStorage.DeletePackageItems - UsrRealtyFreedomUI
2023-12-15 18:19:09,233 <-- PackageFileDesignModeStorage.DeletePackageItems - UsrRealtyFreedomUI
2023-12-15 18:19:09,233 --> PackageFileDesignModeStorage.UpdatePackage - UsrRealtyFreedomUI
2023-12-15 18:19:09,233 --> PackageFileDesignModeStorage.SavePackage - UsrRealtyFreedomUI
2023-12-15 18:19:09,234 --> PackageFileDesignModeStorage.SavePackageDescriptor - UsrRealtyFreedomUI
2023-12-15 18:19:09,241 <-- PackageFileDesignModeStorage.SavePackageDescriptor - UsrRealtyFreedomUI
2023-12-15 18:19:09,241 --> PackageFileDesignModeStorage.SaveStandalonePackageSpecificFiles - UsrRealtyFreedomUI
2023-12-15 18:19:09,251 <-- PackageFileDesignModeStorage.SaveStandalonePackageSpecificFiles - UsrRealtyFreedomUI
2023-12-15 18:19:09,251 --> PackageFileDesignModeStorage.SavePackageSchemas - UsrRealtyFreedomUI
2023-12-15 18:19:09,255 <-- PackageFileDesignModeStorage.SavePackageSchemas - UsrRealtyFreedomUI
2023-12-15 18:19:09,928 --> PackageFileDesignModeStorage.SavePackageReferenceAssemblies - UsrRealtyFreedomUI
2023-12-15 18:19:09,928 <-- PackageFileDesignModeStorage.SavePackageReferenceAssemblies - UsrRealtyFreedomUI
2023-12-15 18:19:09,928 --> PackageFileDesignModeStorage.SavePackageSqlScripts - UsrRealtyFreedomUI
2023-12-15 18:19:09,928 <-- PackageFileDesignModeStorage.SavePackageSqlScripts - UsrRealtyFreedomUI
2023-12-15 18:19:09,928 --> PackageFileDesignModeStorage.SavePackageData - UsrRealtyFreedomUI
2023-12-15 18:19:09,928 <-- PackageFileDesignModeStorage.SavePackageData - UsrRealtyFreedomUI
2023-12-15 18:19:09,930 <-- PackageFileDesignModeStorage.SavePackage - UsrRealtyFreedomUI
2023-12-15 18:19:09,930 <-- PackageFileDesignModeStorage.UpdatePackage - UsrRealtyFreedomUI
2023-12-15 18:19:10,553 <-- PackageFileDesignModeStorage.Save
2023-12-15 18:19:10,553 --> PackageInstallUtilities.UpdatePackagesAutogeneratedContent
2023-12-15 18:19:10,554 --> PackageDBStorage.Load
2023-12-15 18:19:18,512 <-- PackageDBStorage.Load
2023-12-15 18:19:30,587 --> PackageInstallUtilities.UpdateWorkspaceSolution
2023-12-15 18:19:30,592 --> PackageDBStorage.Load
2023-12-15 18:19:35,632 <-- PackageDBStorage.Load
2023-12-15 18:19:44,948 <-- PackageInstallUtilities.UpdateWorkspaceSolution
2023-12-15 18:19:44,948 <-- PackageInstallUtilities.UpdatePackagesAutogeneratedContent
2023-12-15 18:19:44,948 <-- PackageInstallUtilities.LoadPackagesToFileSystem
2023-12-15 19:10:42,971 --> PackageDBStorage.Load
2023-12-15 19:10:44,438 <-- PackageDBStorage.Load
2023-12-15 19:30:37,949 --> PackageDBStorage.Load
2023-12-15 19:30:39,944 <-- PackageDBStorage.Load
2023-12-15 20:15:18,047 --> PackageDBStorage.Load
2023-12-15 20:15:27,818 <-- PackageDBStorage.Load
2023-12-15 20:15:28,226 --> PackageDBStorage.Load
2023-12-15 20:15:38,134 <-- PackageDBStorage.Load
2023-12-15 20:19:46,432 --> PackageDBStorage.Load
2023-12-15 20:19:48,399 <-- PackageDBStorage.Load
2023-12-15 20:22:42,298 --> PackageDBStorage.Load
2023-12-15 20:22:42,870 <-- PackageDBStorage.Load
2023-12-15 20:22:48,352 --> PackageDBStorage.Load
2023-12-15 20:22:54,544 <-- PackageDBStorage.Load
2023-12-15 20:22:54,639 --> PackageDBStorage.Load
2023-12-15 20:22:58,608 <-- PackageDBStorage.Load
2023-12-15 20:25:34,194 --> PackageDBStorage.Load
2023-12-15 20:25:34,748 <-- PackageDBStorage.Load
2023-12-15 20:43:08,466 --> PackageStorageComposer.Compose
2023-12-15 20:43:08,466 --> PackageZipFileStorage.Load
2023-12-15 20:43:08,466 --> PackageZipFileStorage.UnZipPackages
2023-12-15 20:43:08,484 <-- PackageZipFileStorage.UnZipPackages
2023-12-15 20:43:08,494 --> PackageZipFileStorage.LoadSchemaProperties
2023-12-15 20:43:08,494 <-- PackageZipFileStorage.LoadSchemaProperties
2023-12-15 20:43:08,494 <-- PackageZipFileStorage.Load
2023-12-15 20:43:08,494 --> PackageDBStorage.Load
2023-12-15 20:43:13,766 <-- PackageDBStorage.Load
2023-12-15 20:43:13,766 --> PackageStorageComposer.SpecifySourceStorageChanges
2023-12-15 20:43:13,772 <-- PackageStorageComposer.ApplySourcePackageSqlScriptsChanges
2023-12-15 20:43:13,779 <-- PackageStorageComposer.SpecifySourceStorageChanges
2023-12-15 20:43:13,789 --> PackageDBStorage.ActualizePackageResourcesState
2023-12-15 20:43:13,789 <-- PackageDBStorage.ActualizePackageResourcesState
2023-12-15 20:43:13,789 <-- PackageStorageComposer.Compose
2023-12-15 20:43:13,854 --> PackageZipFileStorage.Load
2023-12-15 20:43:13,854 --> PackageZipFileStorage.UnZipPackages
2023-12-15 20:43:13,854 <-- PackageZipFileStorage.UnZipPackages
2023-12-15 20:43:13,860 <-- PackageZipFileStorage.Load
2023-12-15 20:43:13,861 --> PackageDBStorageInternal.Load
2023-12-15 20:43:18,395 <-- PackageDBStorageInternal.Load
2023-12-15 20:43:18,397 --> PackageStorageComposer.Compose
2023-12-15 20:43:18,397 --> PackageStorageComposer.SpecifySourceStorageChanges
2023-12-15 20:43:18,405 <-- PackageStorageComposer.ApplySourcePackageSqlScriptsChanges
2023-12-15 20:43:18,405 <-- PackageStorageComposer.SpecifySourceStorageChanges
2023-12-15 20:43:18,405 --> IntermediatePackageStorage.ActualizePackageResourcesState
2023-12-15 20:43:18,405 <-- IntermediatePackageStorage.ActualizePackageResourcesState
2023-12-15 20:43:18,405 <-- PackageStorageComposer.Compose
2023-12-15 20:43:18,405 --> PackageDBStorageInternal.Load
2023-12-15 20:43:22,668 <-- PackageDBStorageInternal.Load
2023-12-15 20:43:22,668 --> PackageStorageComposer.Compose
2023-12-15 20:43:22,668 --> PackageStorageComposer.SpecifySourceStorageChanges
2023-12-15 20:43:22,668 <-- PackageStorageComposer.SpecifySourceStorageChanges
2023-12-15 20:43:22,668 --> IntermediatePackageStorage.ActualizePackageResourcesState
2023-12-15 20:43:22,668 <-- IntermediatePackageStorage.ActualizePackageResourcesState
2023-12-15 20:43:22,668 <-- PackageStorageComposer.Compose
2023-12-15 20:43:22,674 --> PackageZipFileStorage.SavePackage - CSL_MaintenanceTools
2023-12-15 20:43:22,674 --> PackageZipFileStorage.SavePackageDescriptor - CSL_MaintenanceTools
2023-12-15 20:43:22,678 <-- PackageZipFileStorage.SavePackageDescriptor - CSL_MaintenanceTools
2023-12-15 20:43:22,678 --> PackageZipFileStorage.SaveStandalonePackageSpecificFiles - CSL_MaintenanceTools
2023-12-15 20:43:22,709 <-- PackageZipFileStorage.SaveStandalonePackageSpecificFiles - CSL_MaintenanceTools
2023-12-15 20:43:22,709 --> PackageZipFileStorage.SavePackageSchemas - CSL_MaintenanceTools
2023-12-15 20:43:22,742 <-- PackageZipFileStorage.SavePackageSchemas - CSL_MaintenanceTools
2023-12-15 20:43:22,837 --> PackageZipFileStorage.SavePackageReferenceAssemblies - CSL_MaintenanceTools
2023-12-15 20:43:22,837 <-- PackageZipFileStorage.SavePackageReferenceAssemblies - CSL_MaintenanceTools
2023-12-15 20:43:22,837 --> PackageZipFileStorage.SavePackageSqlScripts - CSL_MaintenanceTools
2023-12-15 20:43:22,837 <-- PackageZipFileStorage.SavePackageSqlScripts - CSL_MaintenanceTools
2023-12-15 20:43:22,837 --> PackageZipFileStorage.SavePackageData - CSL_MaintenanceTools
2023-12-15 20:43:22,837 <-- PackageZipFileStorage.SavePackageData - CSL_MaintenanceTools
2023-12-15 20:43:22,843 <-- PackageZipFileStorage.SavePackage - CSL_MaintenanceTools
2023-12-15 20:43:22,905 --> PackageZipFileStorage.Load
2023-12-15 20:43:22,905 --> PackageZipFileStorage.UnZipPackages
2023-12-15 20:43:22,905 <-- PackageZipFileStorage.UnZipPackages
2023-12-15 20:43:22,905 <-- PackageZipFileStorage.Load
2023-12-15 20:43:23,734 --> PackageZipFileStorage.Load
2023-12-15 20:43:23,734 --> PackageZipFileStorage.UnZipPackages
2023-12-15 20:43:23,734 <-- PackageZipFileStorage.UnZipPackages
2023-12-15 20:43:23,734 <-- PackageZipFileStorage.Load
2023-12-15 20:43:23,742 --> PackageDBStorageInternal.Load
2023-12-15 20:43:27,996 <-- PackageDBStorageInternal.Load
2023-12-15 20:43:28,053 --> PackageStorageComposer.Compose
2023-12-15 20:43:28,053 --> PackageStorageComposer.SpecifySourceStorageChanges
2023-12-15 20:43:28,053 <-- PackageStorageComposer.ApplySourcePackageSqlScriptsChanges
2023-12-15 20:43:28,053 <-- PackageStorageComposer.SpecifySourceStorageChanges
2023-12-15 20:43:28,053 --> IntermediatePackageStorage.ActualizePackageResourcesState
2023-12-15 20:43:28,053 <-- IntermediatePackageStorage.ActualizePackageResourcesState
2023-12-15 20:43:28,053 <-- PackageStorageComposer.Compose
2023-12-15 20:43:28,604 --> PackageDBStorageInternal.SavePackage - CSL_MaintenanceTools
2023-12-15 20:43:28,637 <-- PackageDBStorageInternal.SavePackage - CSL_MaintenanceTools
2023-12-15 20:43:29,008 InstallColumnLookupValues. Count (total): 0
2023-12-15 21:06:25,171 --> PackageDBStorage.Load
2023-12-15 21:06:33,176 <-- PackageDBStorage.Load
2023-12-15 21:06:33,285 --> PackageDBStorage.Load
2023-12-15 21:06:38,307 <-- PackageDBStorage.Load
2023-12-15 21:10:03,843 --> PackageDBStorage.Load
2023-12-15 21:10:06,083 <-- PackageDBStorage.Load
2023-12-15 21:11:26,254 --> PackageDBStorage.Load
2023-12-15 21:11:32,084 <-- PackageDBStorage.Load
2023-12-15 21:11:32,310 --> PackageDBStorage.Load
2023-12-15 21:11:36,475 <-- PackageDBStorage.Load
2023-12-15 21:14:11,559 --> PackageDBStorage.Load
2023-12-15 21:14:12,137 <-- PackageDBStorage.Load
