2023-11-06 14:35:15,481 ERROR ActorSystem - One or more errors occurred. (53300: sorry, too many clients already)
Npgsql.PostgresException (0x80004005): 53300: sorry, too many clients already
   at Npgsql.NpgsqlConnector.DoReadMessage(Boolean async, DataRowLoadingMode dataRowLoadingMode, Boolean readingNotifications, Boolean isPrependedMessage)
   at Npgsql.NpgsqlConnector.ReadMessage(Boolean async, DataRowLoadingMode dataRowLoadingMode, Boolean readingNotifications)
   at Npgsql.NpgsqlConnector.ReadMessage(Boolean async, DataRowLoadingMode dataRowLoadingMode, Boolean readingNotifications)
   at Npgsql.NpgsqlConnector.ReadExpecting[T](Boolean async)
   at Npgsql.NpgsqlConnector.Authenticate(String username, NpgsqlTimeout timeout, Boolean async, CancellationToken cancellationToken)
   at Npgsql.NpgsqlConnector.Open(NpgsqlTimeout timeout, Boolean async, CancellationToken cancellationToken)
   at Npgsql.ConnectorPool.AllocateLong(NpgsqlConnection conn, NpgsqlTimeout timeout, Boolean async, CancellationToken cancellationToken)
   at Npgsql.NpgsqlConnection.Open(Boolean async, CancellationToken cancellationToken)
   at Npgsql.NpgsqlConnection.Open()
   at Terrasoft.Core.DB.DBExecutor.<get_DBConnection>b__23_0() in /opt/buildagent/work/ApplicationCoreLinux/TSBpm/Src/Lib/Terrasoft.Core/DB/DBExecutor.cs:line 230
   at Polly.Policy.<>c__DisplayClass109_0.<Execute>b__0(Context ctx, CancellationToken ct)
   at Polly.Policy.<>c__DisplayClass103_0.<NoOp>b__1(Context ctx, CancellationToken ct)
   at Polly.Policy.<>c.<NoOp>b__103_0(Action`2 action, Context context, CancellationToken cancellationToken)
   at Polly.Policy.Execute(Action`2 action, Context context, CancellationToken cancellationToken)
   at Polly.Policy.Execute(Action action)
   at Terrasoft.Core.DB.DBExecutor.get_DBConnection() in /opt/buildagent/work/ApplicationCoreLinux/TSBpm/Src/Lib/Terrasoft.Core/DB/DBExecutor.cs:line 233
   at Terrasoft.Core.DB.DBExecutor.CreateCommand() in /opt/buildagent/work/ApplicationCoreLinux/TSBpm/Src/Lib/Terrasoft.Core/DB/DBExecutor.cs:line 441
   at Terrasoft.Core.DB.DBExecutor.ExecuteCommandAsync[TResult](Func`2 commandExecutionCallback, Func`2 commandExecutionCallbackAsync, String sqlText, QueryParameterCollection queryParameters, CancellationToken cancellationToken, Boolean sync) in /opt/buildagent/work/ApplicationCoreLinux/TSBpm/Src/Lib/Terrasoft.Core/DB/DBExecutor.cs:line 593
   at Terrasoft.Core.DB.DBExecutor.InternalExecuteReader(String sqlText, QueryParameterCollection queryParameters, CommandBehavior behavior, CancellationToken cancellationToken) in /opt/buildagent/work/ApplicationCoreLinux/TSBpm/Src/Lib/Terrasoft.Core/DB/DBExecutor.cs:line 801
   at Terrasoft.DB.PostgreSql.PostgreSqlExecutor.<>c__DisplayClass41_0.<InternalExecuteReader>b__0() in /opt/buildagent/work/ApplicationCoreLinux/TSBpm/Src/Lib/Terrasoft.DB.PostgreSql/PostgreSqlExecutor.cs:line 399
   at Terrasoft.DB.PostgreSql.PostgreSqlExecutor.ExecuteInLockIfInTransaction[TResult](Func`1 action) in /opt/buildagent/work/ApplicationCoreLinux/TSBpm/Src/Lib/Terrasoft.DB.PostgreSql/PostgreSqlExecutor.cs:line 266
   at Terrasoft.DB.PostgreSql.PostgreSqlExecutor.InternalExecuteReader(String sqlText, QueryParameterCollection queryParameters, CommandBehavior behavior, CancellationToken cancellationToken) in /opt/buildagent/work/ApplicationCoreLinux/TSBpm/Src/Lib/Terrasoft.DB.PostgreSql/PostgreSqlExecutor.cs:line 388
   at Terrasoft.Core.DB.DBExecutor.InternalExecuteReader(String sqlText, QueryParameterCollection queryParameters) in /opt/buildagent/work/ApplicationCoreLinux/TSBpm/Src/Lib/Terrasoft.Core/DB/DBExecutor.cs:line 886
   at Terrasoft.Core.DB.Select.ExecuteReaderAsync(DBExecutor dbExecutor, Boolean sync) in /opt/buildagent/work/ApplicationCoreLinux/TSBpm/Src/Lib/Terrasoft.Core/DB/Select.cs:line 1163
   at Terrasoft.Core.DB.Select.ExecuteReader(DBExecutor dbExecutor) in /opt/buildagent/work/ApplicationCoreLinux/TSBpm/Src/Lib/Terrasoft.Core/DB/Select.cs:line 1452
   at Terrasoft.Core.Packages.WorkspaceUtilities.FindSchemaIdByUId(Guid schemaUId, UserConnection userConnection) in /opt/buildagent/work/ApplicationCoreLinux/TSBpm/Src/Lib/Terrasoft.Core/Packages/WorkspaceUtilities.cs:line 2329
   at Terrasoft.Core.Packages.WorkspaceUtilities.GetSchemaIdByUId(Guid schemaUId, UserConnection userConnection) in /opt/buildagent/work/ApplicationCoreLinux/TSBpm/Src/Lib/Terrasoft.Core/Packages/WorkspaceUtilities.cs:line 2358
   at Terrasoft.Core.Packages.PackageInstallUtilities.<>c__DisplayClass179_0.<GenerateSchemaAdditionalSources>b__1(String schemaName) in /opt/buildagent/work/ApplicationCoreLinux/TSBpm/Src/Lib/Terrasoft.Core/Packages/PackageInstallUtilities.cs:line 1433
   at System.Threading.Tasks.Parallel.<>c__DisplayClass44_0`2.<PartitionerForEachWorker>b__1(IEnumerator& partitionState, Int32 timeout, Boolean& replicationDelegateYieldedBeforeCompletion)
--- End of stack trace from previous location ---
   at System.Threading.Tasks.Parallel.<>c__DisplayClass44_0`2.<PartitionerForEachWorker>b__1(IEnumerator& partitionState, Int32 timeout, Boolean& replicationDelegateYieldedBeforeCompletion)
   at System.Threading.Tasks.TaskReplicator.Replica.Execute()
