2023-11-30 18:17:35,544 [.NET ThreadPool Worker] ERROR  Terrasoft.Core.UserConnection OnCurrentUserConnectionChanged - Overwriting UserConnection.Current in the same context is not allowed    at System.Environment.get_StackTrace()
   at Terrasoft.Core.UserConnection.OnCurrentUserConnectionChanged(AsyncLocalValueChangedArgs`1 args) in /opt/buildagent/work/ApplicationCoreLinux/TSBpm/Src/Lib/Terrasoft.Core/UserConnection.cs:line 626
   at System.Threading.AsyncLocal`1.System.Threading.IAsyncLocal.OnValueChanged(Object previousValueObj, Object currentValueObj, Boolean contextChanged)
   at System.Threading.ExecutionContext.SetLocalValue(IAsyncLocal local, Object newValue, Boolean needChangeNotifications)
   at Terrasoft.WebHost.Session.SessionEventListener.OnSessionEnd(ISession session) in /opt/buildagent/work/ApplicationCoreLinux/TSBpm/Src/Lib/Terrasoft.WebHost/Session/SessionEventListener.cs:line 205
   at Terrasoft.WebHost.Session.ExpiredSessionSynchronizationService.CloseSession(String sessionKey) in /opt/buildagent/work/ApplicationCoreLinux/TSBpm/Src/Lib/Terrasoft.WebHost/Session/ExpiredSessionSynchronizationService.cs:line 64
   at Terrasoft.WebHost.Session.ExpiredSessionSynchronizationService.<ClearExpiredSessionsCallback>b__12_0() in /opt/buildagent/work/ApplicationCoreLinux/TSBpm/Src/Lib/Terrasoft.WebHost/Session/ExpiredSessionSynchronizationService.cs:line 76
   at Terrasoft.Redis.RedisThrottledExecutor.Execute(Action action) in /opt/buildagent/work/ApplicationCoreLinux/TSBpm/Src/Lib/Terrasoft.Redis/RedisThrottledExecutor.cs:line 37
   at Terrasoft.WebHost.Session.ExpiredSessionSynchronizationService.ClearExpiredSessionsCallback(Object state) in /opt/buildagent/work/ApplicationCoreLinux/TSBpm/Src/Lib/Terrasoft.WebHost/Session/ExpiredSessionSynchronizationService.cs:line 72
   at Terrasoft.Common.Timer.NonOverlappingTimerCallback(TimerCallback callback, Object state, Int32 dueTime, Int32 period) in /opt/buildagent/work/ApplicationCoreLinux/TSBpm/Src/Lib/Terrasoft.Common/Timer.cs:line 22
   at Terrasoft.Common.Timer.<>c__DisplayClass2_0.<Start>b__0(Object currentState) in /opt/buildagent/work/ApplicationCoreLinux/TSBpm/Src/Lib/Terrasoft.Common/Timer.cs:line 37
   at System.Threading.ExecutionContext.RunInternal(ExecutionContext executionContext, ContextCallback callback, Object state)
   at System.Threading.TimerQueueTimer.Fire(Boolean isThreadPool)
   at System.Threading.TimerQueue.FireNextTimers()
   at System.Threading.UnmanagedThreadPoolWorkItem.ExecuteUnmanagedThreadPoolWorkItem(IntPtr callback, IntPtr state)
   at System.Threading.UnmanagedThreadPoolWorkItem.ExecuteUnmanagedThreadPoolWorkItem(IntPtr callback, IntPtr state)
   at System.Threading.UnmanagedThreadPoolWorkItem.System.Threading.IThreadPoolWorkItem.Execute()
   at System.Threading.ThreadPoolWorkQueue.Dispatch()
   at System.Threading.PortableThreadPool.WorkerThread.WorkerThreadStart()
2023-11-30 18:19:07,023 [.NET ThreadPool Worker] ERROR  MatomoConnector Synchronize - MatomoConnector.MatomoDataSyncManager.Synchronize. Exception. 
MatomoConnector.API.AuthException: Unable to send request because URL or API_KEY is incorrect.
   at MatomoConnector.API.BaseModule.SendRequest[T](String method, ParametersCollection parameters, Int32 offset)
   at MatomoConnector.API.SitesManagerModule.GetAllSites()
   at MatomoConnector.API.MatomoService.GetAllSites()
   at Terrasoft.Configuration.MatomoServiceFacade.GetSiteIds(IEnumerable`1 urls)
   at Terrasoft.Configuration.MatomoDataSyncManager.GetSiteIds(List`1 visitors)
   at Terrasoft.Configuration.MatomoDataSyncManager.Synchronize()
2023-11-30 18:19:07,086 [.NET ThreadPool Worker] ERROR  TouchPoints FireOnMessageDequeuedEvent - Message processing error. Message: {"$type":"Terrasoft.Configuration.MatomoSyncDataMessage, CrtMatomoConnector","Type":2,"RequiresDeduplication":true}.
MatomoConnector.API.AuthException: Unable to send request because URL or API_KEY is incorrect.
   at MatomoConnector.API.BaseModule.SendRequest[T](String method, ParametersCollection parameters, Int32 offset)
   at MatomoConnector.API.SitesManagerModule.GetAllSites()
   at MatomoConnector.API.MatomoService.GetAllSites()
   at Terrasoft.Configuration.MatomoServiceFacade.GetSiteIds(IEnumerable`1 urls)
   at Terrasoft.Configuration.MatomoDataSyncManager.GetSiteIds(List`1 visitors)
   at Terrasoft.Configuration.MatomoDataSyncManager.Synchronize()
   at Terrasoft.Configuration.MatomoTouchQueueMessageProcessor.<InitStrategy>b__9_2(TouchQueueMessage baseMessage)
   at Terrasoft.Configuration.BaseTouchQueueMessageProcessor.ProcessMessage(BaseTaskQueueMessage message)
   at Terrasoft.Configuration.BaseQueueMessageProcessor.Process(BaseTaskQueueMessage message)
   at Terrasoft.Configuration.TouchQueueMessageProcessor.InternalProcess(TouchQueueMessage message)
   at Terrasoft.Configuration.TouchQueueMessageProcessor.Process(TouchQueueMessage message)
   at Terrasoft.Configuration.TouchQueueJobDispatcher.OnMessageDequeued(Object sender, TouchQueueMessage message)
   at Terrasoft.Configuration.BaseTaskQueueManager`1.FireOnMessageDequeuedEvent(T message)
   at Terrasoft.Configuration.TouchQueueManager.FireOnMessageDequeuedEvent(TouchQueueMessage message)
2023-11-30 18:19:07,086 [.NET ThreadPool Worker] ERROR  TouchPoints Execute - TouchQueueJobDispatcher failed to execute job.
MatomoConnector.API.AuthException: Unable to send request because URL or API_KEY is incorrect.
   at MatomoConnector.API.BaseModule.SendRequest[T](String method, ParametersCollection parameters, Int32 offset)
   at MatomoConnector.API.SitesManagerModule.GetAllSites()
   at MatomoConnector.API.MatomoService.GetAllSites()
   at Terrasoft.Configuration.MatomoServiceFacade.GetSiteIds(IEnumerable`1 urls)
   at Terrasoft.Configuration.MatomoDataSyncManager.GetSiteIds(List`1 visitors)
   at Terrasoft.Configuration.MatomoDataSyncManager.Synchronize()
   at Terrasoft.Configuration.MatomoTouchQueueMessageProcessor.<InitStrategy>b__9_2(TouchQueueMessage baseMessage)
   at Terrasoft.Configuration.BaseTouchQueueMessageProcessor.ProcessMessage(BaseTaskQueueMessage message)
   at Terrasoft.Configuration.BaseQueueMessageProcessor.Process(BaseTaskQueueMessage message)
   at Terrasoft.Configuration.TouchQueueMessageProcessor.InternalProcess(TouchQueueMessage message)
   at Terrasoft.Configuration.TouchQueueMessageProcessor.Process(TouchQueueMessage message)
   at Terrasoft.Configuration.TouchQueueJobDispatcher.OnMessageDequeued(Object sender, TouchQueueMessage message)
   at Terrasoft.Configuration.BaseTaskQueueManager`1.FireOnMessageDequeuedEvent(T message)
   at Terrasoft.Configuration.TouchQueueManager.FireOnMessageDequeuedEvent(TouchQueueMessage message)
   at Terrasoft.Configuration.BaseTaskQueueManager`1.InternalDequeue(IEnumerable`1 messageTypes)
   at Terrasoft.Configuration.BaseTaskQueueManager`1.Dequeue()
   at Terrasoft.Configuration.TouchQueueJobDispatcher.InternalExecute()
   at Terrasoft.Configuration.BaseQueueJobDispatcher.Execute(UserConnection userConnection, IDictionary`2 parameters)
2023-11-30 18:20:06,920 [.NET ThreadPool Worker] ERROR  MatomoConnector Synchronize - MatomoConnector.MatomoDataSyncManager.Synchronize. Exception. 
MatomoConnector.API.AuthException: Unable to send request because URL or API_KEY is incorrect.
   at MatomoConnector.API.BaseModule.SendRequest[T](String method, ParametersCollection parameters, Int32 offset)
   at MatomoConnector.API.SitesManagerModule.GetAllSites()
   at MatomoConnector.API.MatomoService.GetAllSites()
   at Terrasoft.Configuration.MatomoServiceFacade.GetSiteIds(IEnumerable`1 urls)
   at Terrasoft.Configuration.MatomoDataSyncManager.GetSiteIds(List`1 visitors)
   at Terrasoft.Configuration.MatomoDataSyncManager.Synchronize()
2023-11-30 18:20:06,930 [.NET ThreadPool Worker] ERROR  TouchPoints FireOnMessageDequeuedEvent - Message processing error. Message: {"$type":"Terrasoft.Configuration.MatomoSyncDataMessage, CrtMatomoConnector","Type":2,"RequiresDeduplication":true}.
MatomoConnector.API.AuthException: Unable to send request because URL or API_KEY is incorrect.
   at MatomoConnector.API.BaseModule.SendRequest[T](String method, ParametersCollection parameters, Int32 offset)
   at MatomoConnector.API.SitesManagerModule.GetAllSites()
   at MatomoConnector.API.MatomoService.GetAllSites()
   at Terrasoft.Configuration.MatomoServiceFacade.GetSiteIds(IEnumerable`1 urls)
   at Terrasoft.Configuration.MatomoDataSyncManager.GetSiteIds(List`1 visitors)
   at Terrasoft.Configuration.MatomoDataSyncManager.Synchronize()
   at Terrasoft.Configuration.MatomoTouchQueueMessageProcessor.<InitStrategy>b__9_2(TouchQueueMessage baseMessage)
   at Terrasoft.Configuration.BaseTouchQueueMessageProcessor.ProcessMessage(BaseTaskQueueMessage message)
   at Terrasoft.Configuration.BaseQueueMessageProcessor.Process(BaseTaskQueueMessage message)
   at Terrasoft.Configuration.TouchQueueMessageProcessor.InternalProcess(TouchQueueMessage message)
   at Terrasoft.Configuration.TouchQueueMessageProcessor.Process(TouchQueueMessage message)
   at Terrasoft.Configuration.TouchQueueJobDispatcher.OnMessageDequeued(Object sender, TouchQueueMessage message)
   at Terrasoft.Configuration.BaseTaskQueueManager`1.FireOnMessageDequeuedEvent(T message)
   at Terrasoft.Configuration.TouchQueueManager.FireOnMessageDequeuedEvent(TouchQueueMessage message)
2023-11-30 18:20:06,930 [.NET ThreadPool Worker] ERROR  TouchPoints Execute - TouchQueueJobDispatcher failed to execute job.
MatomoConnector.API.AuthException: Unable to send request because URL or API_KEY is incorrect.
   at MatomoConnector.API.BaseModule.SendRequest[T](String method, ParametersCollection parameters, Int32 offset)
   at MatomoConnector.API.SitesManagerModule.GetAllSites()
   at MatomoConnector.API.MatomoService.GetAllSites()
   at Terrasoft.Configuration.MatomoServiceFacade.GetSiteIds(IEnumerable`1 urls)
   at Terrasoft.Configuration.MatomoDataSyncManager.GetSiteIds(List`1 visitors)
   at Terrasoft.Configuration.MatomoDataSyncManager.Synchronize()
   at Terrasoft.Configuration.MatomoTouchQueueMessageProcessor.<InitStrategy>b__9_2(TouchQueueMessage baseMessage)
   at Terrasoft.Configuration.BaseTouchQueueMessageProcessor.ProcessMessage(BaseTaskQueueMessage message)
   at Terrasoft.Configuration.BaseQueueMessageProcessor.Process(BaseTaskQueueMessage message)
   at Terrasoft.Configuration.TouchQueueMessageProcessor.InternalProcess(TouchQueueMessage message)
   at Terrasoft.Configuration.TouchQueueMessageProcessor.Process(TouchQueueMessage message)
   at Terrasoft.Configuration.TouchQueueJobDispatcher.OnMessageDequeued(Object sender, TouchQueueMessage message)
   at Terrasoft.Configuration.BaseTaskQueueManager`1.FireOnMessageDequeuedEvent(T message)
   at Terrasoft.Configuration.TouchQueueManager.FireOnMessageDequeuedEvent(TouchQueueMessage message)
   at Terrasoft.Configuration.BaseTaskQueueManager`1.InternalDequeue(IEnumerable`1 messageTypes)
   at Terrasoft.Configuration.BaseTaskQueueManager`1.Dequeue()
   at Terrasoft.Configuration.TouchQueueJobDispatcher.InternalExecute()
   at Terrasoft.Configuration.BaseQueueJobDispatcher.Execute(UserConnection userConnection, IDictionary`2 parameters)
2023-11-30 18:21:06,917 [.NET ThreadPool Worker] ERROR  MatomoConnector Synchronize - MatomoConnector.MatomoDataSyncManager.Synchronize. Exception. 
MatomoConnector.API.AuthException: Unable to send request because URL or API_KEY is incorrect.
   at MatomoConnector.API.BaseModule.SendRequest[T](String method, ParametersCollection parameters, Int32 offset)
   at MatomoConnector.API.SitesManagerModule.GetAllSites()
   at MatomoConnector.API.MatomoService.GetAllSites()
   at Terrasoft.Configuration.MatomoServiceFacade.GetSiteIds(IEnumerable`1 urls)
   at Terrasoft.Configuration.MatomoDataSyncManager.GetSiteIds(List`1 visitors)
   at Terrasoft.Configuration.MatomoDataSyncManager.Synchronize()
2023-11-30 18:21:06,928 [.NET ThreadPool Worker] ERROR  TouchPoints FireOnMessageDequeuedEvent - Message processing error. Message: {"$type":"Terrasoft.Configuration.MatomoSyncDataMessage, CrtMatomoConnector","Type":2,"RequiresDeduplication":true}.
MatomoConnector.API.AuthException: Unable to send request because URL or API_KEY is incorrect.
   at MatomoConnector.API.BaseModule.SendRequest[T](String method, ParametersCollection parameters, Int32 offset)
   at MatomoConnector.API.SitesManagerModule.GetAllSites()
   at MatomoConnector.API.MatomoService.GetAllSites()
   at Terrasoft.Configuration.MatomoServiceFacade.GetSiteIds(IEnumerable`1 urls)
   at Terrasoft.Configuration.MatomoDataSyncManager.GetSiteIds(List`1 visitors)
   at Terrasoft.Configuration.MatomoDataSyncManager.Synchronize()
   at Terrasoft.Configuration.MatomoTouchQueueMessageProcessor.<InitStrategy>b__9_2(TouchQueueMessage baseMessage)
   at Terrasoft.Configuration.BaseTouchQueueMessageProcessor.ProcessMessage(BaseTaskQueueMessage message)
   at Terrasoft.Configuration.BaseQueueMessageProcessor.Process(BaseTaskQueueMessage message)
   at Terrasoft.Configuration.TouchQueueMessageProcessor.InternalProcess(TouchQueueMessage message)
   at Terrasoft.Configuration.TouchQueueMessageProcessor.Process(TouchQueueMessage message)
   at Terrasoft.Configuration.TouchQueueJobDispatcher.OnMessageDequeued(Object sender, TouchQueueMessage message)
   at Terrasoft.Configuration.BaseTaskQueueManager`1.FireOnMessageDequeuedEvent(T message)
   at Terrasoft.Configuration.TouchQueueManager.FireOnMessageDequeuedEvent(TouchQueueMessage message)
2023-11-30 18:21:06,928 [.NET ThreadPool Worker] ERROR  TouchPoints Execute - TouchQueueJobDispatcher failed to execute job.
MatomoConnector.API.AuthException: Unable to send request because URL or API_KEY is incorrect.
   at MatomoConnector.API.BaseModule.SendRequest[T](String method, ParametersCollection parameters, Int32 offset)
   at MatomoConnector.API.SitesManagerModule.GetAllSites()
   at MatomoConnector.API.MatomoService.GetAllSites()
   at Terrasoft.Configuration.MatomoServiceFacade.GetSiteIds(IEnumerable`1 urls)
   at Terrasoft.Configuration.MatomoDataSyncManager.GetSiteIds(List`1 visitors)
   at Terrasoft.Configuration.MatomoDataSyncManager.Synchronize()
   at Terrasoft.Configuration.MatomoTouchQueueMessageProcessor.<InitStrategy>b__9_2(TouchQueueMessage baseMessage)
   at Terrasoft.Configuration.BaseTouchQueueMessageProcessor.ProcessMessage(BaseTaskQueueMessage message)
   at Terrasoft.Configuration.BaseQueueMessageProcessor.Process(BaseTaskQueueMessage message)
   at Terrasoft.Configuration.TouchQueueMessageProcessor.InternalProcess(TouchQueueMessage message)
   at Terrasoft.Configuration.TouchQueueMessageProcessor.Process(TouchQueueMessage message)
   at Terrasoft.Configuration.TouchQueueJobDispatcher.OnMessageDequeued(Object sender, TouchQueueMessage message)
   at Terrasoft.Configuration.BaseTaskQueueManager`1.FireOnMessageDequeuedEvent(T message)
   at Terrasoft.Configuration.TouchQueueManager.FireOnMessageDequeuedEvent(TouchQueueMessage message)
   at Terrasoft.Configuration.BaseTaskQueueManager`1.InternalDequeue(IEnumerable`1 messageTypes)
   at Terrasoft.Configuration.BaseTaskQueueManager`1.Dequeue()
   at Terrasoft.Configuration.TouchQueueJobDispatcher.InternalExecute()
   at Terrasoft.Configuration.BaseQueueJobDispatcher.Execute(UserConnection userConnection, IDictionary`2 parameters)
2023-11-30 18:22:06,940 [.NET ThreadPool Worker] ERROR  MatomoConnector Synchronize - MatomoConnector.MatomoDataSyncManager.Synchronize. Exception. 
MatomoConnector.API.AuthException: Unable to send request because URL or API_KEY is incorrect.
   at MatomoConnector.API.BaseModule.SendRequest[T](String method, ParametersCollection parameters, Int32 offset)
   at MatomoConnector.API.SitesManagerModule.GetAllSites()
   at MatomoConnector.API.MatomoService.GetAllSites()
   at Terrasoft.Configuration.MatomoServiceFacade.GetSiteIds(IEnumerable`1 urls)
   at Terrasoft.Configuration.MatomoDataSyncManager.GetSiteIds(List`1 visitors)
   at Terrasoft.Configuration.MatomoDataSyncManager.Synchronize()
2023-11-30 18:22:06,954 [.NET ThreadPool Worker] ERROR  TouchPoints FireOnMessageDequeuedEvent - Message processing error. Message: {"$type":"Terrasoft.Configuration.MatomoSyncDataMessage, CrtMatomoConnector","Type":2,"RequiresDeduplication":true}.
MatomoConnector.API.AuthException: Unable to send request because URL or API_KEY is incorrect.
   at MatomoConnector.API.BaseModule.SendRequest[T](String method, ParametersCollection parameters, Int32 offset)
   at MatomoConnector.API.SitesManagerModule.GetAllSites()
   at MatomoConnector.API.MatomoService.GetAllSites()
   at Terrasoft.Configuration.MatomoServiceFacade.GetSiteIds(IEnumerable`1 urls)
   at Terrasoft.Configuration.MatomoDataSyncManager.GetSiteIds(List`1 visitors)
   at Terrasoft.Configuration.MatomoDataSyncManager.Synchronize()
   at Terrasoft.Configuration.MatomoTouchQueueMessageProcessor.<InitStrategy>b__9_2(TouchQueueMessage baseMessage)
   at Terrasoft.Configuration.BaseTouchQueueMessageProcessor.ProcessMessage(BaseTaskQueueMessage message)
   at Terrasoft.Configuration.BaseQueueMessageProcessor.Process(BaseTaskQueueMessage message)
   at Terrasoft.Configuration.TouchQueueMessageProcessor.InternalProcess(TouchQueueMessage message)
   at Terrasoft.Configuration.TouchQueueMessageProcessor.Process(TouchQueueMessage message)
   at Terrasoft.Configuration.TouchQueueJobDispatcher.OnMessageDequeued(Object sender, TouchQueueMessage message)
   at Terrasoft.Configuration.BaseTaskQueueManager`1.FireOnMessageDequeuedEvent(T message)
   at Terrasoft.Configuration.TouchQueueManager.FireOnMessageDequeuedEvent(TouchQueueMessage message)
2023-11-30 18:22:06,954 [.NET ThreadPool Worker] ERROR  TouchPoints Execute - TouchQueueJobDispatcher failed to execute job.
MatomoConnector.API.AuthException: Unable to send request because URL or API_KEY is incorrect.
   at MatomoConnector.API.BaseModule.SendRequest[T](String method, ParametersCollection parameters, Int32 offset)
   at MatomoConnector.API.SitesManagerModule.GetAllSites()
   at MatomoConnector.API.MatomoService.GetAllSites()
   at Terrasoft.Configuration.MatomoServiceFacade.GetSiteIds(IEnumerable`1 urls)
   at Terrasoft.Configuration.MatomoDataSyncManager.GetSiteIds(List`1 visitors)
   at Terrasoft.Configuration.MatomoDataSyncManager.Synchronize()
   at Terrasoft.Configuration.MatomoTouchQueueMessageProcessor.<InitStrategy>b__9_2(TouchQueueMessage baseMessage)
   at Terrasoft.Configuration.BaseTouchQueueMessageProcessor.ProcessMessage(BaseTaskQueueMessage message)
   at Terrasoft.Configuration.BaseQueueMessageProcessor.Process(BaseTaskQueueMessage message)
   at Terrasoft.Configuration.TouchQueueMessageProcessor.InternalProcess(TouchQueueMessage message)
   at Terrasoft.Configuration.TouchQueueMessageProcessor.Process(TouchQueueMessage message)
   at Terrasoft.Configuration.TouchQueueJobDispatcher.OnMessageDequeued(Object sender, TouchQueueMessage message)
   at Terrasoft.Configuration.BaseTaskQueueManager`1.FireOnMessageDequeuedEvent(T message)
   at Terrasoft.Configuration.TouchQueueManager.FireOnMessageDequeuedEvent(TouchQueueMessage message)
   at Terrasoft.Configuration.BaseTaskQueueManager`1.InternalDequeue(IEnumerable`1 messageTypes)
   at Terrasoft.Configuration.BaseTaskQueueManager`1.Dequeue()
   at Terrasoft.Configuration.TouchQueueJobDispatcher.InternalExecute()
   at Terrasoft.Configuration.BaseQueueJobDispatcher.Execute(UserConnection userConnection, IDictionary`2 parameters)
2023-11-30 18:23:07,329 [.NET ThreadPool Worker] ERROR  MatomoConnector SynchronizeForContactsRequest - MatomoConnector.MatomoDataSyncManager.SynchronizeForContactsRequest. Exception. 
MatomoConnector.API.AuthException: Unable to send request because URL or API_KEY is incorrect.
   at MatomoConnector.API.BaseModule.SendRequest[T](String method, ParametersCollection parameters, Int32 offset)
   at MatomoConnector.API.SitesManagerModule.GetAllSites()
   at MatomoConnector.API.MatomoService.GetAllSites()
   at Terrasoft.Configuration.MatomoServiceFacade.GetSiteIds(IEnumerable`1 urls)
   at Terrasoft.Configuration.MatomoDataSyncManager.GetSiteIds(List`1 visitors)
   at Terrasoft.Configuration.MatomoDataSyncManager.SynchronizeForContactsRequest()
2023-11-30 18:23:07,342 [.NET ThreadPool Worker] ERROR  TouchPoints FireOnMessageDequeuedEvent - Message processing error. Message: {"$type":"Terrasoft.Configuration.MatomoContactsRequestMessage, CrtMatomoConnector","Type":1,"RequiresDeduplication":true}.
MatomoConnector.API.AuthException: Unable to send request because URL or API_KEY is incorrect.
   at MatomoConnector.API.BaseModule.SendRequest[T](String method, ParametersCollection parameters, Int32 offset)
   at MatomoConnector.API.SitesManagerModule.GetAllSites()
   at MatomoConnector.API.MatomoService.GetAllSites()
   at Terrasoft.Configuration.MatomoServiceFacade.GetSiteIds(IEnumerable`1 urls)
   at Terrasoft.Configuration.MatomoDataSyncManager.GetSiteIds(List`1 visitors)
   at Terrasoft.Configuration.MatomoDataSyncManager.SynchronizeForContactsRequest()
   at Terrasoft.Configuration.MatomoTouchQueueMessageProcessor.<InitStrategy>b__9_4(TouchQueueMessage baseMessage)
   at Terrasoft.Configuration.BaseTouchQueueMessageProcessor.ProcessMessage(BaseTaskQueueMessage message)
   at Terrasoft.Configuration.BaseQueueMessageProcessor.Process(BaseTaskQueueMessage message)
   at Terrasoft.Configuration.TouchQueueMessageProcessor.InternalProcess(TouchQueueMessage message)
   at Terrasoft.Configuration.TouchQueueMessageProcessor.Process(TouchQueueMessage message)
   at Terrasoft.Configuration.TouchQueueJobDispatcher.OnMessageDequeued(Object sender, TouchQueueMessage message)
   at Terrasoft.Configuration.BaseTaskQueueManager`1.FireOnMessageDequeuedEvent(T message)
   at Terrasoft.Configuration.TouchQueueManager.FireOnMessageDequeuedEvent(TouchQueueMessage message)
2023-11-30 18:23:07,342 [.NET ThreadPool Worker] ERROR  TouchPoints Execute - TouchQueueJobDispatcher failed to execute job.
MatomoConnector.API.AuthException: Unable to send request because URL or API_KEY is incorrect.
   at MatomoConnector.API.BaseModule.SendRequest[T](String method, ParametersCollection parameters, Int32 offset)
   at MatomoConnector.API.SitesManagerModule.GetAllSites()
   at MatomoConnector.API.MatomoService.GetAllSites()
   at Terrasoft.Configuration.MatomoServiceFacade.GetSiteIds(IEnumerable`1 urls)
   at Terrasoft.Configuration.MatomoDataSyncManager.GetSiteIds(List`1 visitors)
   at Terrasoft.Configuration.MatomoDataSyncManager.SynchronizeForContactsRequest()
   at Terrasoft.Configuration.MatomoTouchQueueMessageProcessor.<InitStrategy>b__9_4(TouchQueueMessage baseMessage)
   at Terrasoft.Configuration.BaseTouchQueueMessageProcessor.ProcessMessage(BaseTaskQueueMessage message)
   at Terrasoft.Configuration.BaseQueueMessageProcessor.Process(BaseTaskQueueMessage message)
   at Terrasoft.Configuration.TouchQueueMessageProcessor.InternalProcess(TouchQueueMessage message)
   at Terrasoft.Configuration.TouchQueueMessageProcessor.Process(TouchQueueMessage message)
   at Terrasoft.Configuration.TouchQueueJobDispatcher.OnMessageDequeued(Object sender, TouchQueueMessage message)
   at Terrasoft.Configuration.BaseTaskQueueManager`1.FireOnMessageDequeuedEvent(T message)
   at Terrasoft.Configuration.TouchQueueManager.FireOnMessageDequeuedEvent(TouchQueueMessage message)
   at Terrasoft.Configuration.BaseTaskQueueManager`1.InternalDequeue(IEnumerable`1 messageTypes)
   at Terrasoft.Configuration.BaseTaskQueueManager`1.Dequeue()
   at Terrasoft.Configuration.TouchQueueJobDispatcher.InternalExecute()
   at Terrasoft.Configuration.BaseQueueJobDispatcher.Execute(UserConnection userConnection, IDictionary`2 parameters)
2023-11-30 18:24:06,924 [.NET ThreadPool Worker] ERROR  MatomoConnector SynchronizeForContactsRequest - MatomoConnector.MatomoDataSyncManager.SynchronizeForContactsRequest. Exception. 
MatomoConnector.API.AuthException: Unable to send request because URL or API_KEY is incorrect.
   at MatomoConnector.API.BaseModule.SendRequest[T](String method, ParametersCollection parameters, Int32 offset)
   at MatomoConnector.API.SitesManagerModule.GetAllSites()
   at MatomoConnector.API.MatomoService.GetAllSites()
   at Terrasoft.Configuration.MatomoServiceFacade.GetSiteIds(IEnumerable`1 urls)
   at Terrasoft.Configuration.MatomoDataSyncManager.GetSiteIds(List`1 visitors)
   at Terrasoft.Configuration.MatomoDataSyncManager.SynchronizeForContactsRequest()
2023-11-30 18:24:06,933 [.NET ThreadPool Worker] ERROR  TouchPoints FireOnMessageDequeuedEvent - Message processing error. Message: {"$type":"Terrasoft.Configuration.MatomoContactsRequestMessage, CrtMatomoConnector","Type":1,"RequiresDeduplication":true}.
MatomoConnector.API.AuthException: Unable to send request because URL or API_KEY is incorrect.
   at MatomoConnector.API.BaseModule.SendRequest[T](String method, ParametersCollection parameters, Int32 offset)
   at MatomoConnector.API.SitesManagerModule.GetAllSites()
   at MatomoConnector.API.MatomoService.GetAllSites()
   at Terrasoft.Configuration.MatomoServiceFacade.GetSiteIds(IEnumerable`1 urls)
   at Terrasoft.Configuration.MatomoDataSyncManager.GetSiteIds(List`1 visitors)
   at Terrasoft.Configuration.MatomoDataSyncManager.SynchronizeForContactsRequest()
   at Terrasoft.Configuration.MatomoTouchQueueMessageProcessor.<InitStrategy>b__9_4(TouchQueueMessage baseMessage)
   at Terrasoft.Configuration.BaseTouchQueueMessageProcessor.ProcessMessage(BaseTaskQueueMessage message)
   at Terrasoft.Configuration.BaseQueueMessageProcessor.Process(BaseTaskQueueMessage message)
   at Terrasoft.Configuration.TouchQueueMessageProcessor.InternalProcess(TouchQueueMessage message)
   at Terrasoft.Configuration.TouchQueueMessageProcessor.Process(TouchQueueMessage message)
   at Terrasoft.Configuration.TouchQueueJobDispatcher.OnMessageDequeued(Object sender, TouchQueueMessage message)
   at Terrasoft.Configuration.BaseTaskQueueManager`1.FireOnMessageDequeuedEvent(T message)
   at Terrasoft.Configuration.TouchQueueManager.FireOnMessageDequeuedEvent(TouchQueueMessage message)
2023-11-30 18:24:06,933 [.NET ThreadPool Worker] ERROR  TouchPoints RunJobExecutor - TouchQueueJobDispatcher failed to execute job.
MatomoConnector.API.AuthException: Unable to send request because URL or API_KEY is incorrect.
   at MatomoConnector.API.BaseModule.SendRequest[T](String method, ParametersCollection parameters, Int32 offset)
   at MatomoConnector.API.SitesManagerModule.GetAllSites()
   at MatomoConnector.API.MatomoService.GetAllSites()
   at Terrasoft.Configuration.MatomoServiceFacade.GetSiteIds(IEnumerable`1 urls)
   at Terrasoft.Configuration.MatomoDataSyncManager.GetSiteIds(List`1 visitors)
   at Terrasoft.Configuration.MatomoDataSyncManager.SynchronizeForContactsRequest()
   at Terrasoft.Configuration.MatomoTouchQueueMessageProcessor.<InitStrategy>b__9_4(TouchQueueMessage baseMessage)
   at Terrasoft.Configuration.BaseTouchQueueMessageProcessor.ProcessMessage(BaseTaskQueueMessage message)
   at Terrasoft.Configuration.BaseQueueMessageProcessor.Process(BaseTaskQueueMessage message)
   at Terrasoft.Configuration.TouchQueueMessageProcessor.InternalProcess(TouchQueueMessage message)
   at Terrasoft.Configuration.TouchQueueMessageProcessor.Process(TouchQueueMessage message)
   at Terrasoft.Configuration.TouchQueueJobDispatcher.OnMessageDequeued(Object sender, TouchQueueMessage message)
   at Terrasoft.Configuration.BaseTaskQueueManager`1.FireOnMessageDequeuedEvent(T message)
   at Terrasoft.Configuration.TouchQueueManager.FireOnMessageDequeuedEvent(TouchQueueMessage message)
   at Terrasoft.Configuration.BaseTaskQueueManager`1.InternalDequeue(IEnumerable`1 messageTypes)
   at Terrasoft.Configuration.BaseTaskQueueManager`1.Dequeue()
   at Terrasoft.Configuration.TouchQueueJobDispatcher.InternalExecute()
   at Terrasoft.Configuration.BaseQueueJobDispatcher.Execute(UserConnection userConnection, IDictionary`2 parameters)
2023-11-30 18:25:06,940 [.NET ThreadPool Worker] ERROR  MatomoConnector <InitStrategy>b__9_4 - MatomoConnector.MatomoDataSyncManager.SynchronizeForContactsRequest. Exception. 
MatomoConnector.API.AuthException: Unable to send request because URL or API_KEY is incorrect.
   at MatomoConnector.API.BaseModule.SendRequest[T](String method, ParametersCollection parameters, Int32 offset)
   at MatomoConnector.API.SitesManagerModule.GetAllSites()
   at MatomoConnector.API.MatomoService.GetAllSites()
   at Terrasoft.Configuration.MatomoServiceFacade.GetSiteIds(IEnumerable`1 urls)
   at Terrasoft.Configuration.MatomoDataSyncManager.GetSiteIds(List`1 visitors)
   at Terrasoft.Configuration.MatomoDataSyncManager.SynchronizeForContactsRequest()
2023-11-30 18:25:06,944 [.NET ThreadPool Worker] ERROR  TouchPoints InternalDequeue - Message processing error. Message: {"$type":"Terrasoft.Configuration.MatomoContactsRequestMessage, CrtMatomoConnector","Type":1,"RequiresDeduplication":true}.
MatomoConnector.API.AuthException: Unable to send request because URL or API_KEY is incorrect.
   at MatomoConnector.API.BaseModule.SendRequest[T](String method, ParametersCollection parameters, Int32 offset)
   at MatomoConnector.API.SitesManagerModule.GetAllSites()
   at MatomoConnector.API.MatomoService.GetAllSites()
   at Terrasoft.Configuration.MatomoServiceFacade.GetSiteIds(IEnumerable`1 urls)
   at Terrasoft.Configuration.MatomoDataSyncManager.GetSiteIds(List`1 visitors)
   at Terrasoft.Configuration.MatomoDataSyncManager.SynchronizeForContactsRequest()
   at Terrasoft.Configuration.MatomoTouchQueueMessageProcessor.<InitStrategy>b__9_4(TouchQueueMessage baseMessage)
   at Terrasoft.Configuration.BaseTouchQueueMessageProcessor.ProcessMessage(BaseTaskQueueMessage message)
   at Terrasoft.Configuration.BaseQueueMessageProcessor.Process(BaseTaskQueueMessage message)
   at Terrasoft.Configuration.TouchQueueMessageProcessor.InternalProcess(TouchQueueMessage message)
   at Terrasoft.Configuration.TouchQueueMessageProcessor.Process(TouchQueueMessage message)
   at Terrasoft.Configuration.TouchQueueJobDispatcher.OnMessageDequeued(Object sender, TouchQueueMessage message)
   at Terrasoft.Configuration.BaseTaskQueueManager`1.FireOnMessageDequeuedEvent(T message)
   at Terrasoft.Configuration.TouchQueueManager.FireOnMessageDequeuedEvent(TouchQueueMessage message)
2023-11-30 18:25:06,944 [.NET ThreadPool Worker] ERROR  TouchPoints RunJobExecutor - TouchQueueJobDispatcher failed to execute job.
MatomoConnector.API.AuthException: Unable to send request because URL or API_KEY is incorrect.
   at MatomoConnector.API.BaseModule.SendRequest[T](String method, ParametersCollection parameters, Int32 offset)
   at MatomoConnector.API.SitesManagerModule.GetAllSites()
   at MatomoConnector.API.MatomoService.GetAllSites()
   at Terrasoft.Configuration.MatomoServiceFacade.GetSiteIds(IEnumerable`1 urls)
   at Terrasoft.Configuration.MatomoDataSyncManager.GetSiteIds(List`1 visitors)
   at Terrasoft.Configuration.MatomoDataSyncManager.SynchronizeForContactsRequest()
   at Terrasoft.Configuration.MatomoTouchQueueMessageProcessor.<InitStrategy>b__9_4(TouchQueueMessage baseMessage)
   at Terrasoft.Configuration.BaseTouchQueueMessageProcessor.ProcessMessage(BaseTaskQueueMessage message)
   at Terrasoft.Configuration.BaseQueueMessageProcessor.Process(BaseTaskQueueMessage message)
   at Terrasoft.Configuration.TouchQueueMessageProcessor.InternalProcess(TouchQueueMessage message)
   at Terrasoft.Configuration.TouchQueueMessageProcessor.Process(TouchQueueMessage message)
   at Terrasoft.Configuration.TouchQueueJobDispatcher.OnMessageDequeued(Object sender, TouchQueueMessage message)
   at Terrasoft.Configuration.BaseTaskQueueManager`1.FireOnMessageDequeuedEvent(T message)
   at Terrasoft.Configuration.TouchQueueManager.FireOnMessageDequeuedEvent(TouchQueueMessage message)
   at Terrasoft.Configuration.BaseTaskQueueManager`1.InternalDequeue(IEnumerable`1 messageTypes)
   at Terrasoft.Configuration.BaseTaskQueueManager`1.Dequeue()
   at Terrasoft.Configuration.TouchQueueJobDispatcher.InternalExecute()
   at Terrasoft.Configuration.BaseQueueJobDispatcher.Execute(UserConnection userConnection, IDictionary`2 parameters)
2023-11-30 18:26:06,932 [.NET ThreadPool Worker] ERROR  MatomoConnector <InitStrategy>b__9_4 - MatomoConnector.MatomoDataSyncManager.SynchronizeForContactsRequest. Exception. 
MatomoConnector.API.AuthException: Unable to send request because URL or API_KEY is incorrect.
   at MatomoConnector.API.BaseModule.SendRequest[T](String method, ParametersCollection parameters, Int32 offset)
   at MatomoConnector.API.SitesManagerModule.GetAllSites()
   at MatomoConnector.API.MatomoService.GetAllSites()
   at Terrasoft.Configuration.MatomoServiceFacade.GetSiteIds(IEnumerable`1 urls)
   at Terrasoft.Configuration.MatomoDataSyncManager.GetSiteIds(List`1 visitors)
   at Terrasoft.Configuration.MatomoDataSyncManager.SynchronizeForContactsRequest()
2023-11-30 18:26:06,949 [.NET ThreadPool Worker] ERROR  TouchPoints InternalDequeue - Message processing error. Message: {"$type":"Terrasoft.Configuration.MatomoContactsRequestMessage, CrtMatomoConnector","Type":1,"RequiresDeduplication":true}.
MatomoConnector.API.AuthException: Unable to send request because URL or API_KEY is incorrect.
   at MatomoConnector.API.BaseModule.SendRequest[T](String method, ParametersCollection parameters, Int32 offset)
   at MatomoConnector.API.SitesManagerModule.GetAllSites()
   at MatomoConnector.API.MatomoService.GetAllSites()
   at Terrasoft.Configuration.MatomoServiceFacade.GetSiteIds(IEnumerable`1 urls)
   at Terrasoft.Configuration.MatomoDataSyncManager.GetSiteIds(List`1 visitors)
   at Terrasoft.Configuration.MatomoDataSyncManager.SynchronizeForContactsRequest()
   at Terrasoft.Configuration.MatomoTouchQueueMessageProcessor.<InitStrategy>b__9_4(TouchQueueMessage baseMessage)
   at Terrasoft.Configuration.BaseTouchQueueMessageProcessor.ProcessMessage(BaseTaskQueueMessage message)
   at Terrasoft.Configuration.BaseQueueMessageProcessor.Process(BaseTaskQueueMessage message)
   at Terrasoft.Configuration.TouchQueueMessageProcessor.InternalProcess(TouchQueueMessage message)
   at Terrasoft.Configuration.TouchQueueMessageProcessor.Process(TouchQueueMessage message)
   at Terrasoft.Configuration.TouchQueueJobDispatcher.OnMessageDequeued(Object sender, TouchQueueMessage message)
   at Terrasoft.Configuration.BaseTaskQueueManager`1.FireOnMessageDequeuedEvent(T message)
   at Terrasoft.Configuration.TouchQueueManager.FireOnMessageDequeuedEvent(TouchQueueMessage message)
2023-11-30 18:26:06,949 [.NET ThreadPool Worker] ERROR  TouchPoints RunJobExecutor - TouchQueueJobDispatcher failed to execute job.
MatomoConnector.API.AuthException: Unable to send request because URL or API_KEY is incorrect.
   at MatomoConnector.API.BaseModule.SendRequest[T](String method, ParametersCollection parameters, Int32 offset)
   at MatomoConnector.API.SitesManagerModule.GetAllSites()
   at MatomoConnector.API.MatomoService.GetAllSites()
   at Terrasoft.Configuration.MatomoServiceFacade.GetSiteIds(IEnumerable`1 urls)
   at Terrasoft.Configuration.MatomoDataSyncManager.GetSiteIds(List`1 visitors)
   at Terrasoft.Configuration.MatomoDataSyncManager.SynchronizeForContactsRequest()
   at Terrasoft.Configuration.MatomoTouchQueueMessageProcessor.<InitStrategy>b__9_4(TouchQueueMessage baseMessage)
   at Terrasoft.Configuration.BaseTouchQueueMessageProcessor.ProcessMessage(BaseTaskQueueMessage message)
   at Terrasoft.Configuration.BaseQueueMessageProcessor.Process(BaseTaskQueueMessage message)
   at Terrasoft.Configuration.TouchQueueMessageProcessor.InternalProcess(TouchQueueMessage message)
   at Terrasoft.Configuration.TouchQueueMessageProcessor.Process(TouchQueueMessage message)
   at Terrasoft.Configuration.TouchQueueJobDispatcher.OnMessageDequeued(Object sender, TouchQueueMessage message)
   at Terrasoft.Configuration.BaseTaskQueueManager`1.FireOnMessageDequeuedEvent(T message)
   at Terrasoft.Configuration.TouchQueueManager.FireOnMessageDequeuedEvent(TouchQueueMessage message)
   at Terrasoft.Configuration.BaseTaskQueueManager`1.InternalDequeue(IEnumerable`1 messageTypes)
   at Terrasoft.Configuration.BaseTaskQueueManager`1.Dequeue()
   at Terrasoft.Configuration.TouchQueueJobDispatcher.InternalExecute()
   at Terrasoft.Configuration.BaseQueueJobDispatcher.Execute(UserConnection userConnection, IDictionary`2 parameters)
2023-11-30 19:43:24,662 [.NET ThreadPool Worker] ERROR  Terrasoft.Core.UserConnection System.Threading.IAsyncLocal.OnValueChanged - Overwriting UserConnection.Current in the same context is not allowed    at System.Environment.get_StackTrace()
   at Terrasoft.Core.UserConnection.OnCurrentUserConnectionChanged(AsyncLocalValueChangedArgs`1 args) in /opt/buildagent/work/ApplicationCoreLinux/TSBpm/Src/Lib/Terrasoft.Core/UserConnection.cs:line 626
   at System.Threading.AsyncLocal`1.System.Threading.IAsyncLocal.OnValueChanged(Object previousValueObj, Object currentValueObj, Boolean contextChanged)
   at System.Threading.ExecutionContext.SetLocalValue(IAsyncLocal local, Object newValue, Boolean needChangeNotifications)
   at Terrasoft.WebHost.Session.SessionEventListener.OnSessionEnd(ISession session) in /opt/buildagent/work/ApplicationCoreLinux/TSBpm/Src/Lib/Terrasoft.WebHost/Session/SessionEventListener.cs:line 205
   at Terrasoft.WebHost.Session.ExpiredSessionSynchronizationService.CloseSession(String sessionKey) in /opt/buildagent/work/ApplicationCoreLinux/TSBpm/Src/Lib/Terrasoft.WebHost/Session/ExpiredSessionSynchronizationService.cs:line 64
   at Terrasoft.WebHost.Session.ExpiredSessionSynchronizationService.<ClearExpiredSessionsCallback>b__12_0() in /opt/buildagent/work/ApplicationCoreLinux/TSBpm/Src/Lib/Terrasoft.WebHost/Session/ExpiredSessionSynchronizationService.cs:line 76
   at Terrasoft.Common.Timer.NonOverlappingTimerCallback(TimerCallback callback, Object state, Int32 dueTime, Int32 period) in /opt/buildagent/work/ApplicationCoreLinux/TSBpm/Src/Lib/Terrasoft.Common/Timer.cs:line 22
   at System.Threading.ExecutionContext.RunInternal(ExecutionContext executionContext, ContextCallback callback, Object state)
   at System.Threading.TimerQueueTimer.Fire(Boolean isThreadPool)
   at System.Threading.TimerQueue.FireNextTimers()
   at System.Threading.UnmanagedThreadPoolWorkItem.ExecuteUnmanagedThreadPoolWorkItem(IntPtr callback, IntPtr state)
   at System.Threading.UnmanagedThreadPoolWorkItem.ExecuteUnmanagedThreadPoolWorkItem(IntPtr callback, IntPtr state)
   at System.Threading.UnmanagedThreadPoolWorkItem.System.Threading.IThreadPoolWorkItem.Execute()
   at System.Threading.ThreadPoolWorkQueue.Dispatch()
   at System.Threading.PortableThreadPool.WorkerThread.WorkerThreadStart()
