2023-11-30 18:16:18,622 [1] INFO  Redis CreateRedisClientsManager - Redis clients manager is created with type: [Terrasoft.Redis.StackExchangeAdapters.RedisClientsManagerAdapter, Terrasoft.Redis.StackExchangeAdapters]
2023-11-30 18:16:35,461 [1] INFO  Redis StartCheckExpiredSessionsTimer - Expired sessions cleanup will occur every [60000] ms.
2023-11-30 18:17:35,491 [.NET ThreadPool Worker] INFO  Redis <ClearExpiredSessionsCallback>b__12_0 - All session keys: 2.Expired session keys: 1.
2023-11-30 18:18:35,602 [.NET ThreadPool Worker] INFO  Redis <ClearExpiredSessionsCallback>b__12_0 - All session keys: 1.Expired session keys: 0.
2023-11-30 18:19:35,605 [.NET ThreadPool Worker] INFO  Redis <ClearExpiredSessionsCallback>b__12_0 - All session keys: 1.Expired session keys: 0.
2023-11-30 18:20:35,628 [.NET ThreadPool Worker] INFO  Redis <ClearExpiredSessionsCallback>b__12_0 - All session keys: 1.Expired session keys: 0.
2023-11-30 18:21:35,629 [.NET ThreadPool Worker] INFO  Redis <ClearExpiredSessionsCallback>b__12_0 - All session keys: 1.Expired session keys: 0.
2023-11-30 18:22:35,635 [.NET ThreadPool Worker] INFO  Redis <ClearExpiredSessionsCallback>b__12_0 - All session keys: 1.Expired session keys: 0.
2023-11-30 18:23:35,642 [.NET ThreadPool Worker] INFO  Redis <ClearExpiredSessionsCallback>b__12_0 - All session keys: 1.Expired session keys: 0.
2023-11-30 18:24:35,646 [.NET ThreadPool Worker] INFO  Redis <ClearExpiredSessionsCallback>b__12_0 - All session keys: 1.Expired session keys: 0.
2023-11-30 18:25:35,653 [.NET ThreadPool Worker] INFO  Redis <ClearExpiredSessionsCallback>b__12_0 - All session keys: 1.Expired session keys: 0.
2023-11-30 18:26:35,665 [.NET ThreadPool Worker] INFO  Redis <ClearExpiredSessionsCallback>b__12_0 - All session keys: 1.Expired session keys: 0.
2023-11-30 18:27:35,695 [.NET ThreadPool Worker] INFO  Redis <ClearExpiredSessionsCallback>b__12_0 - All session keys: 1.Expired session keys: 0.
2023-11-30 18:28:35,719 [.NET ThreadPool Worker] INFO  Redis <ClearExpiredSessionsCallback>b__12_0 - All session keys: 1.Expired session keys: 0.
2023-11-30 18:29:35,733 [.NET ThreadPool Worker] INFO  Redis <ClearExpiredSessionsCallback>b__12_0 - All session keys: 1.Expired session keys: 0.
2023-11-30 18:30:35,740 [.NET ThreadPool Worker] INFO  Redis <ClearExpiredSessionsCallback>b__12_0 - All session keys: 1.Expired session keys: 0.
2023-11-30 18:31:35,756 [.NET ThreadPool Worker] INFO  Redis <ClearExpiredSessionsCallback>b__12_0 - All session keys: 1.Expired session keys: 0.
2023-11-30 18:32:35,767 [.NET ThreadPool Worker] INFO  Redis <ClearExpiredSessionsCallback>b__12_0 - All session keys: 1.Expired session keys: 0.
2023-11-30 18:33:35,783 [.NET ThreadPool Worker] INFO  Redis <ClearExpiredSessionsCallback>b__12_0 - All session keys: 1.Expired session keys: 0.
2023-11-30 18:34:35,797 [.NET ThreadPool Worker] INFO  Redis <ClearExpiredSessionsCallback>b__12_0 - All session keys: 1.Expired session keys: 0.
2023-11-30 18:35:35,824 [.NET ThreadPool Worker] INFO  Redis <ClearExpiredSessionsCallback>b__12_0 - All session keys: 1.Expired session keys: 0.
2023-11-30 18:36:35,872 [.NET ThreadPool Worker] INFO  Redis <ClearExpiredSessionsCallback>b__12_0 - All session keys: 1.Expired session keys: 0.
2023-11-30 18:37:35,893 [.NET ThreadPool Worker] INFO  Redis <ClearExpiredSessionsCallback>b__12_0 - All session keys: 1.Expired session keys: 0.
2023-11-30 18:38:36,111 [.NET ThreadPool Worker] INFO  Redis <ClearExpiredSessionsCallback>b__12_0 - All session keys: 1.Expired session keys: 0.
2023-11-30 18:39:36,515 [.NET ThreadPool Worker] INFO  Redis <ClearExpiredSessionsCallback>b__12_0 - All session keys: 1.Expired session keys: 0.
2023-11-30 18:40:37,023 [.NET ThreadPool Worker] INFO  Redis <ClearExpiredSessionsCallback>b__12_0 - All session keys: 1.Expired session keys: 0.
2023-11-30 18:42:07,790 [1] INFO  Redis CreateRedisClientsManager - Redis clients manager is created with type: [Terrasoft.Redis.StackExchangeAdapters.RedisClientsManagerAdapter, Terrasoft.Redis.StackExchangeAdapters]
2023-11-30 18:42:22,950 [1] INFO  Redis StartCheckExpiredSessionsTimer - Expired sessions cleanup will occur every [60000] ms.
2023-11-30 18:43:23,000 [.NET ThreadPool Worker] INFO  Redis <ClearExpiredSessionsCallback>b__12_0 - All session keys: 1.Expired session keys: 0.
2023-11-30 18:44:23,000 [.NET ThreadPool Worker] INFO  Redis <ClearExpiredSessionsCallback>b__12_0 - All session keys: 1.Expired session keys: 0.
2023-11-30 18:45:23,003 [.NET ThreadPool Worker] INFO  Redis <ClearExpiredSessionsCallback>b__12_0 - All session keys: 1.Expired session keys: 0.
2023-11-30 18:46:23,008 [.NET ThreadPool Worker] INFO  Redis <ClearExpiredSessionsCallback>b__12_0 - All session keys: 1.Expired session keys: 0.
2023-11-30 18:47:23,011 [.NET ThreadPool Worker] INFO  Redis <ClearExpiredSessionsCallback>b__12_0 - All session keys: 1.Expired session keys: 0.
2023-11-30 18:48:23,016 [.NET ThreadPool Worker] INFO  Redis <ClearExpiredSessionsCallback>b__12_0 - All session keys: 1.Expired session keys: 0.
2023-11-30 18:49:23,017 [.NET ThreadPool Worker] INFO  Redis <ClearExpiredSessionsCallback>b__12_0 - All session keys: 1.Expired session keys: 0.
2023-11-30 18:50:23,022 [.NET ThreadPool Worker] INFO  Redis <ClearExpiredSessionsCallback>b__12_0 - All session keys: 1.Expired session keys: 0.
2023-11-30 18:51:23,025 [.NET ThreadPool Worker] INFO  Redis <ClearExpiredSessionsCallback>b__12_0 - All session keys: 1.Expired session keys: 0.
2023-11-30 18:52:23,029 [.NET ThreadPool Worker] INFO  Redis <ClearExpiredSessionsCallback>b__12_0 - All session keys: 1.Expired session keys: 0.
2023-11-30 18:53:23,031 [.NET ThreadPool Worker] INFO  Redis <ClearExpiredSessionsCallback>b__12_0 - All session keys: 1.Expired session keys: 0.
2023-11-30 18:54:23,032 [.NET ThreadPool Worker] INFO  Redis <ClearExpiredSessionsCallback>b__12_0 - All session keys: 1.Expired session keys: 0.
2023-11-30 18:55:23,035 [.NET ThreadPool Worker] INFO  Redis <ClearExpiredSessionsCallback>b__12_0 - All session keys: 1.Expired session keys: 0.
2023-11-30 18:56:23,042 [.NET ThreadPool Worker] INFO  Redis <ClearExpiredSessionsCallback>b__12_0 - All session keys: 1.Expired session keys: 0.
2023-11-30 18:57:23,044 [.NET ThreadPool Worker] INFO  Redis <ClearExpiredSessionsCallback>b__12_0 - All session keys: 1.Expired session keys: 0.
2023-11-30 18:58:23,050 [.NET ThreadPool Worker] INFO  Redis <ClearExpiredSessionsCallback>b__12_0 - All session keys: 1.Expired session keys: 0.
2023-11-30 18:59:23,051 [.NET ThreadPool Worker] INFO  Redis <ClearExpiredSessionsCallback>b__12_0 - All session keys: 1.Expired session keys: 0.
2023-11-30 19:00:23,051 [.NET ThreadPool Worker] INFO  Redis <ClearExpiredSessionsCallback>b__12_0 - All session keys: 1.Expired session keys: 0.
2023-11-30 19:01:23,055 [.NET ThreadPool Worker] INFO  Redis <ClearExpiredSessionsCallback>b__12_0 - All session keys: 1.Expired session keys: 0.
2023-11-30 19:02:23,055 [.NET ThreadPool Worker] INFO  Redis <ClearExpiredSessionsCallback>b__12_0 - All session keys: 1.Expired session keys: 0.
2023-11-30 19:03:23,059 [.NET ThreadPool Worker] INFO  Redis <ClearExpiredSessionsCallback>b__12_0 - All session keys: 1.Expired session keys: 0.
2023-11-30 19:04:23,061 [.NET ThreadPool Worker] INFO  Redis <ClearExpiredSessionsCallback>b__12_0 - All session keys: 1.Expired session keys: 0.
2023-11-30 19:05:23,064 [.NET ThreadPool Worker] INFO  Redis <ClearExpiredSessionsCallback>b__12_0 - All session keys: 1.Expired session keys: 0.
2023-11-30 19:06:23,065 [.NET ThreadPool Worker] INFO  Redis <ClearExpiredSessionsCallback>b__12_0 - All session keys: 1.Expired session keys: 0.
2023-11-30 19:07:23,070 [.NET ThreadPool Worker] INFO  Redis <ClearExpiredSessionsCallback>b__12_0 - All session keys: 1.Expired session keys: 0.
2023-11-30 19:08:23,077 [.NET ThreadPool Worker] INFO  Redis <ClearExpiredSessionsCallback>b__12_0 - All session keys: 1.Expired session keys: 0.
2023-11-30 19:09:23,081 [.NET ThreadPool Worker] INFO  Redis <ClearExpiredSessionsCallback>b__12_0 - All session keys: 1.Expired session keys: 0.
2023-11-30 19:10:23,081 [.NET ThreadPool Worker] INFO  Redis <ClearExpiredSessionsCallback>b__12_0 - All session keys: 1.Expired session keys: 0.
2023-11-30 19:11:23,082 [.NET ThreadPool Worker] INFO  Redis <ClearExpiredSessionsCallback>b__12_0 - All session keys: 1.Expired session keys: 0.
2023-11-30 19:12:23,089 [.NET ThreadPool Worker] INFO  Redis <ClearExpiredSessionsCallback>b__12_0 - All session keys: 1.Expired session keys: 0.
2023-11-30 19:13:23,093 [.NET ThreadPool Worker] INFO  Redis <ClearExpiredSessionsCallback>b__12_0 - All session keys: 1.Expired session keys: 0.
2023-11-30 19:14:23,099 [.NET ThreadPool Worker] INFO  Redis <ClearExpiredSessionsCallback>b__12_0 - All session keys: 1.Expired session keys: 0.
2023-11-30 19:15:23,110 [.NET ThreadPool Worker] INFO  Redis <ClearExpiredSessionsCallback>b__12_0 - All session keys: 1.Expired session keys: 0.
2023-11-30 19:16:23,117 [.NET ThreadPool Worker] INFO  Redis <ClearExpiredSessionsCallback>b__12_0 - All session keys: 1.Expired session keys: 0.
2023-11-30 19:17:23,121 [.NET ThreadPool Worker] INFO  Redis <ClearExpiredSessionsCallback>b__12_0 - All session keys: 1.Expired session keys: 0.
2023-11-30 19:18:23,123 [.NET ThreadPool Worker] INFO  Redis <ClearExpiredSessionsCallback>b__12_0 - All session keys: 1.Expired session keys: 0.
2023-11-30 19:19:23,129 [.NET ThreadPool Worker] INFO  Redis <ClearExpiredSessionsCallback>b__12_0 - All session keys: 1.Expired session keys: 0.
2023-11-30 19:20:23,132 [.NET ThreadPool Worker] INFO  Redis <ClearExpiredSessionsCallback>b__12_0 - All session keys: 1.Expired session keys: 0.
2023-11-30 19:21:23,133 [.NET ThreadPool Worker] INFO  Redis <ClearExpiredSessionsCallback>b__12_0 - All session keys: 1.Expired session keys: 0.
2023-11-30 19:22:23,137 [.NET ThreadPool Worker] INFO  Redis <ClearExpiredSessionsCallback>b__12_0 - All session keys: 1.Expired session keys: 0.
2023-11-30 19:23:23,141 [.NET ThreadPool Worker] INFO  Redis <ClearExpiredSessionsCallback>b__12_0 - All session keys: 1.Expired session keys: 0.
2023-11-30 19:24:23,142 [.NET ThreadPool Worker] INFO  Redis <ClearExpiredSessionsCallback>b__12_0 - All session keys: 1.Expired session keys: 0.
2023-11-30 19:25:23,148 [.NET ThreadPool Worker] INFO  Redis <ClearExpiredSessionsCallback>b__12_0 - All session keys: 1.Expired session keys: 0.
2023-11-30 19:26:23,153 [.NET ThreadPool Worker] INFO  Redis <ClearExpiredSessionsCallback>b__12_0 - All session keys: 1.Expired session keys: 0.
2023-11-30 19:27:23,153 [.NET ThreadPool Worker] INFO  Redis <ClearExpiredSessionsCallback>b__12_0 - All session keys: 1.Expired session keys: 0.
2023-11-30 19:28:23,157 [.NET ThreadPool Worker] INFO  Redis <ClearExpiredSessionsCallback>b__12_0 - All session keys: 1.Expired session keys: 0.
2023-11-30 19:29:23,162 [.NET ThreadPool Worker] INFO  Redis <ClearExpiredSessionsCallback>b__12_0 - All session keys: 1.Expired session keys: 0.
2023-11-30 19:30:23,169 [.NET ThreadPool Worker] INFO  Redis <ClearExpiredSessionsCallback>b__12_0 - All session keys: 1.Expired session keys: 0.
2023-11-30 19:31:23,169 [.NET ThreadPool Worker] INFO  Redis <ClearExpiredSessionsCallback>b__12_0 - All session keys: 1.Expired session keys: 0.
2023-11-30 19:32:23,173 [.NET ThreadPool Worker] INFO  Redis <ClearExpiredSessionsCallback>b__12_0 - All session keys: 1.Expired session keys: 0.
2023-11-30 19:33:23,181 [.NET ThreadPool Worker] INFO  Redis <ClearExpiredSessionsCallback>b__12_0 - All session keys: 1.Expired session keys: 0.
2023-11-30 19:34:23,181 [.NET ThreadPool Worker] INFO  Redis <ClearExpiredSessionsCallback>b__12_0 - All session keys: 1.Expired session keys: 0.
2023-11-30 19:35:23,185 [.NET ThreadPool Worker] INFO  Redis <ClearExpiredSessionsCallback>b__12_0 - All session keys: 1.Expired session keys: 0.
2023-11-30 19:36:23,189 [.NET ThreadPool Worker] INFO  Redis <ClearExpiredSessionsCallback>b__12_0 - All session keys: 1.Expired session keys: 0.
2023-11-30 19:37:23,193 [.NET ThreadPool Worker] INFO  Redis <ClearExpiredSessionsCallback>b__12_0 - All session keys: 1.Expired session keys: 0.
2023-11-30 19:38:23,197 [.NET ThreadPool Worker] INFO  Redis <ClearExpiredSessionsCallback>b__12_0 - All session keys: 1.Expired session keys: 0.
2023-11-30 19:39:23,201 [.NET ThreadPool Worker] INFO  Redis <ClearExpiredSessionsCallback>b__12_0 - All session keys: 1.Expired session keys: 0.
2023-11-30 19:40:23,205 [.NET ThreadPool Worker] INFO  Redis <ClearExpiredSessionsCallback>b__12_0 - All session keys: 1.Expired session keys: 0.
2023-11-30 19:41:23,205 [.NET ThreadPool Worker] INFO  Redis <ClearExpiredSessionsCallback>b__12_0 - All session keys: 1.Expired session keys: 0.
2023-11-30 19:42:23,209 [.NET ThreadPool Worker] INFO  Redis <ClearExpiredSessionsCallback>b__12_0 - All session keys: 1.Expired session keys: 0.
2023-11-30 19:43:23,214 [.NET ThreadPool Worker] INFO  Redis <ClearExpiredSessionsCallback>b__12_0 - All session keys: 1.Expired session keys: 1.
2023-11-30 19:44:24,709 [.NET ThreadPool Worker] INFO  Redis <ClearExpiredSessionsCallback>b__12_0 - All session keys: 0.Expired session keys: 0.
2023-11-30 19:45:24,709 [.NET ThreadPool Worker] INFO  Redis <ClearExpiredSessionsCallback>b__12_0 - All session keys: 0.Expired session keys: 0.
2023-11-30 19:46:24,717 [.NET ThreadPool Worker] INFO  Redis <ClearExpiredSessionsCallback>b__12_0 - All session keys: 0.Expired session keys: 0.
2023-11-30 19:47:24,725 [.NET ThreadPool Worker] INFO  Redis <ClearExpiredSessionsCallback>b__12_0 - All session keys: 0.Expired session keys: 0.
2023-11-30 19:48:24,733 [.NET ThreadPool Worker] INFO  Redis <ClearExpiredSessionsCallback>b__12_0 - All session keys: 0.Expired session keys: 0.
2023-11-30 19:49:24,735 [.NET ThreadPool Worker] INFO  Redis <ClearExpiredSessionsCallback>b__12_0 - All session keys: 0.Expired session keys: 0.
2023-11-30 19:50:24,741 [.NET ThreadPool Worker] INFO  Redis <ClearExpiredSessionsCallback>b__12_0 - All session keys: 0.Expired session keys: 0.
2023-11-30 19:51:24,745 [.NET ThreadPool Worker] INFO  Redis <ClearExpiredSessionsCallback>b__12_0 - All session keys: 0.Expired session keys: 0.
2023-11-30 19:52:24,745 [.NET ThreadPool Worker] INFO  Redis <ClearExpiredSessionsCallback>b__12_0 - All session keys: 0.Expired session keys: 0.
2023-11-30 19:53:24,749 [.NET ThreadPool Worker] INFO  Redis <ClearExpiredSessionsCallback>b__12_0 - All session keys: 0.Expired session keys: 0.
2023-11-30 19:54:24,750 [.NET ThreadPool Worker] INFO  Redis <ClearExpiredSessionsCallback>b__12_0 - All session keys: 0.Expired session keys: 0.
2023-11-30 19:55:24,757 [.NET ThreadPool Worker] INFO  Redis <ClearExpiredSessionsCallback>b__12_0 - All session keys: 0.Expired session keys: 0.
2023-11-30 19:56:24,757 [.NET ThreadPool Worker] INFO  Redis <ClearExpiredSessionsCallback>b__12_0 - All session keys: 0.Expired session keys: 0.
2023-11-30 19:57:24,760 [.NET ThreadPool Worker] INFO  Redis <ClearExpiredSessionsCallback>b__12_0 - All session keys: 0.Expired session keys: 0.
2023-11-30 19:58:24,765 [.NET ThreadPool Worker] INFO  Redis <ClearExpiredSessionsCallback>b__12_0 - All session keys: 0.Expired session keys: 0.
2023-11-30 19:59:24,769 [.NET ThreadPool Worker] INFO  Redis <ClearExpiredSessionsCallback>b__12_0 - All session keys: 0.Expired session keys: 0.
2023-11-30 20:00:24,769 [.NET ThreadPool Worker] INFO  Redis <ClearExpiredSessionsCallback>b__12_0 - All session keys: 0.Expired session keys: 0.
2023-11-30 20:01:24,770 [.NET ThreadPool Worker] INFO  Redis <ClearExpiredSessionsCallback>b__12_0 - All session keys: 0.Expired session keys: 0.
2023-11-30 20:02:24,777 [.NET ThreadPool Worker] INFO  Redis <ClearExpiredSessionsCallback>b__12_0 - All session keys: 0.Expired session keys: 0.
2023-11-30 20:03:24,777 [.NET ThreadPool Worker] INFO  Redis <ClearExpiredSessionsCallback>b__12_0 - All session keys: 0.Expired session keys: 0.
2023-11-30 20:04:24,781 [.NET ThreadPool Worker] INFO  Redis <ClearExpiredSessionsCallback>b__12_0 - All session keys: 0.Expired session keys: 0.
2023-11-30 20:05:24,785 [.NET ThreadPool Worker] INFO  Redis <ClearExpiredSessionsCallback>b__12_0 - All session keys: 0.Expired session keys: 0.
2023-11-30 20:06:24,789 [.NET ThreadPool Worker] INFO  Redis <ClearExpiredSessionsCallback>b__12_0 - All session keys: 0.Expired session keys: 0.
2023-11-30 20:07:24,790 [.NET ThreadPool Worker] INFO  Redis <ClearExpiredSessionsCallback>b__12_0 - All session keys: 0.Expired session keys: 0.
2023-11-30 20:08:24,797 [.NET ThreadPool Worker] INFO  Redis <ClearExpiredSessionsCallback>b__12_0 - All session keys: 0.Expired session keys: 0.
2023-11-30 20:09:24,801 [.NET ThreadPool Worker] INFO  Redis <ClearExpiredSessionsCallback>b__12_0 - All session keys: 0.Expired session keys: 0.
2023-11-30 20:10:24,804 [.NET ThreadPool Worker] INFO  Redis <ClearExpiredSessionsCallback>b__12_0 - All session keys: 0.Expired session keys: 0.
2023-11-30 20:11:24,806 [.NET ThreadPool Worker] INFO  Redis <ClearExpiredSessionsCallback>b__12_0 - All session keys: 0.Expired session keys: 0.
2023-11-30 20:12:24,811 [.NET ThreadPool Worker] INFO  Redis <ClearExpiredSessionsCallback>b__12_0 - All session keys: 1.Expired session keys: 0.
2023-11-30 20:13:24,815 [.NET ThreadPool Worker] INFO  Redis <ClearExpiredSessionsCallback>b__12_0 - All session keys: 1.Expired session keys: 0.
2023-11-30 20:14:24,833 [.NET ThreadPool Worker] INFO  Redis <ClearExpiredSessionsCallback>b__12_0 - All session keys: 1.Expired session keys: 0.
2023-11-30 20:15:24,836 [.NET ThreadPool Worker] INFO  Redis <ClearExpiredSessionsCallback>b__12_0 - All session keys: 1.Expired session keys: 0.
2023-11-30 20:16:24,840 [.NET ThreadPool Worker] INFO  Redis <ClearExpiredSessionsCallback>b__12_0 - All session keys: 1.Expired session keys: 0.
2023-11-30 20:17:24,847 [.NET ThreadPool Worker] INFO  Redis <ClearExpiredSessionsCallback>b__12_0 - All session keys: 1.Expired session keys: 0.
2023-11-30 20:18:10,822 [1] INFO  Redis CreateRedisClientsManager - Redis clients manager is created with type: [Terrasoft.Redis.StackExchangeAdapters.RedisClientsManagerAdapter, Terrasoft.Redis.StackExchangeAdapters]
2023-11-30 20:18:22,358 [1] INFO  Redis StartCheckExpiredSessionsTimer - Expired sessions cleanup will occur every [60000] ms.
2023-11-30 20:19:22,375 [.NET ThreadPool Worker] INFO  Redis <ClearExpiredSessionsCallback>b__12_0 - All session keys: 1.Expired session keys: 0.
2023-11-30 20:20:22,384 [.NET ThreadPool Worker] INFO  Redis <ClearExpiredSessionsCallback>b__12_0 - All session keys: 1.Expired session keys: 0.
2023-11-30 20:21:22,389 [.NET ThreadPool Worker] INFO  Redis <ClearExpiredSessionsCallback>b__12_0 - All session keys: 1.Expired session keys: 0.
2023-11-30 20:22:22,388 [.NET ThreadPool Worker] INFO  Redis <ClearExpiredSessionsCallback>b__12_0 - All session keys: 1.Expired session keys: 0.
2023-11-30 20:23:22,393 [.NET ThreadPool Worker] INFO  Redis <ClearExpiredSessionsCallback>b__12_0 - All session keys: 1.Expired session keys: 0.
2023-11-30 20:24:22,399 [.NET ThreadPool Worker] INFO  Redis <ClearExpiredSessionsCallback>b__12_0 - All session keys: 1.Expired session keys: 0.
2023-11-30 20:25:22,400 [.NET ThreadPool Worker] INFO  Redis <ClearExpiredSessionsCallback>b__12_0 - All session keys: 1.Expired session keys: 0.
2023-11-30 20:26:22,399 [.NET ThreadPool Worker] INFO  Redis <ClearExpiredSessionsCallback>b__12_0 - All session keys: 1.Expired session keys: 0.
2023-11-30 20:27:22,404 [.NET ThreadPool Worker] INFO  Redis <ClearExpiredSessionsCallback>b__12_0 - All session keys: 1.Expired session keys: 0.
2023-11-30 20:28:22,406 [.NET ThreadPool Worker] INFO  Redis <ClearExpiredSessionsCallback>b__12_0 - All session keys: 1.Expired session keys: 0.
2023-11-30 20:29:22,413 [.NET ThreadPool Worker] INFO  Redis <ClearExpiredSessionsCallback>b__12_0 - All session keys: 1.Expired session keys: 0.
2023-11-30 20:30:22,414 [.NET ThreadPool Worker] INFO  Redis <ClearExpiredSessionsCallback>b__12_0 - All session keys: 1.Expired session keys: 0.
2023-11-30 20:31:22,417 [.NET ThreadPool Worker] INFO  Redis <ClearExpiredSessionsCallback>b__12_0 - All session keys: 1.Expired session keys: 0.
2023-11-30 20:32:22,421 [.NET ThreadPool Worker] INFO  Redis <ClearExpiredSessionsCallback>b__12_0 - All session keys: 1.Expired session keys: 0.
2023-11-30 20:33:22,419 [.NET ThreadPool Worker] INFO  Redis <ClearExpiredSessionsCallback>b__12_0 - All session keys: 1.Expired session keys: 0.
2023-11-30 20:34:22,422 [.NET ThreadPool Worker] INFO  Redis <ClearExpiredSessionsCallback>b__12_0 - All session keys: 1.Expired session keys: 0.
2023-11-30 20:35:22,425 [.NET ThreadPool Worker] INFO  Redis <ClearExpiredSessionsCallback>b__12_0 - All session keys: 1.Expired session keys: 0.
2023-11-30 20:36:22,426 [.NET ThreadPool Worker] INFO  Redis <ClearExpiredSessionsCallback>b__12_0 - All session keys: 1.Expired session keys: 0.
2023-11-30 20:37:22,428 [.NET ThreadPool Worker] INFO  Redis <ClearExpiredSessionsCallback>b__12_0 - All session keys: 1.Expired session keys: 0.
2023-11-30 20:38:22,431 [.NET ThreadPool Worker] INFO  Redis <ClearExpiredSessionsCallback>b__12_0 - All session keys: 1.Expired session keys: 0.
2023-11-30 20:39:22,437 [.NET ThreadPool Worker] INFO  Redis <ClearExpiredSessionsCallback>b__12_0 - All session keys: 1.Expired session keys: 0.
2023-11-30 20:40:22,435 [.NET ThreadPool Worker] INFO  Redis <ClearExpiredSessionsCallback>b__12_0 - All session keys: 1.Expired session keys: 0.
2023-11-30 20:41:22,439 [.NET ThreadPool Worker] INFO  Redis <ClearExpiredSessionsCallback>b__12_0 - All session keys: 1.Expired session keys: 0.
2023-11-30 20:42:22,439 [.NET ThreadPool Worker] INFO  Redis <ClearExpiredSessionsCallback>b__12_0 - All session keys: 1.Expired session keys: 0.
2023-11-30 20:43:22,443 [.NET ThreadPool Worker] INFO  Redis <ClearExpiredSessionsCallback>b__12_0 - All session keys: 1.Expired session keys: 0.
2023-11-30 20:44:22,446 [.NET ThreadPool Worker] INFO  Redis <ClearExpiredSessionsCallback>b__12_0 - All session keys: 1.Expired session keys: 0.
2023-11-30 20:45:22,450 [.NET ThreadPool Worker] INFO  Redis <ClearExpiredSessionsCallback>b__12_0 - All session keys: 1.Expired session keys: 0.
2023-11-30 20:46:22,458 [.NET ThreadPool Worker] INFO  Redis <ClearExpiredSessionsCallback>b__12_0 - All session keys: 1.Expired session keys: 0.
2023-11-30 20:47:22,462 [.NET ThreadPool Worker] INFO  Redis <ClearExpiredSessionsCallback>b__12_0 - All session keys: 1.Expired session keys: 0.
2023-11-30 20:48:22,469 [.NET ThreadPool Worker] INFO  Redis <ClearExpiredSessionsCallback>b__12_0 - All session keys: 1.Expired session keys: 0.
2023-11-30 20:49:22,469 [.NET ThreadPool Worker] INFO  Redis <ClearExpiredSessionsCallback>b__12_0 - All session keys: 1.Expired session keys: 0.
2023-11-30 20:50:22,469 [.NET ThreadPool Worker] INFO  Redis <ClearExpiredSessionsCallback>b__12_0 - All session keys: 1.Expired session keys: 0.
2023-11-30 20:51:22,476 [.NET ThreadPool Worker] INFO  Redis <ClearExpiredSessionsCallback>b__12_0 - All session keys: 1.Expired session keys: 0.
2023-11-30 20:52:22,478 [.NET ThreadPool Worker] INFO  Redis <ClearExpiredSessionsCallback>b__12_0 - All session keys: 1.Expired session keys: 0.
2023-11-30 20:53:22,483 [.NET ThreadPool Worker] INFO  Redis <ClearExpiredSessionsCallback>b__12_0 - All session keys: 1.Expired session keys: 0.
2023-11-30 20:54:22,486 [.NET ThreadPool Worker] INFO  Redis <ClearExpiredSessionsCallback>b__12_0 - All session keys: 1.Expired session keys: 0.
2023-11-30 20:55:22,491 [.NET ThreadPool Worker] INFO  Redis <ClearExpiredSessionsCallback>b__12_0 - All session keys: 1.Expired session keys: 0.
2023-11-30 20:56:22,495 [.NET ThreadPool Worker] INFO  Redis <ClearExpiredSessionsCallback>b__12_0 - All session keys: 1.Expired session keys: 0.
2023-11-30 20:57:22,495 [.NET ThreadPool Worker] INFO  Redis <ClearExpiredSessionsCallback>b__12_0 - All session keys: 1.Expired session keys: 0.
2023-11-30 20:58:22,501 [.NET ThreadPool Worker] INFO  Redis <ClearExpiredSessionsCallback>b__12_0 - All session keys: 1.Expired session keys: 0.
2023-11-30 20:59:22,500 [.NET ThreadPool Worker] INFO  Redis <ClearExpiredSessionsCallback>b__12_0 - All session keys: 1.Expired session keys: 0.
2023-11-30 21:00:22,505 [.NET ThreadPool Worker] INFO  Redis <ClearExpiredSessionsCallback>b__12_0 - All session keys: 1.Expired session keys: 0.
2023-11-30 21:01:22,504 [.NET ThreadPool Worker] INFO  Redis <ClearExpiredSessionsCallback>b__12_0 - All session keys: 1.Expired session keys: 0.
2023-11-30 21:02:22,510 [.NET ThreadPool Worker] INFO  Redis <ClearExpiredSessionsCallback>b__12_0 - All session keys: 1.Expired session keys: 0.
2023-11-30 21:03:22,514 [.NET ThreadPool Worker] INFO  Redis <ClearExpiredSessionsCallback>b__12_0 - All session keys: 1.Expired session keys: 0.
2023-11-30 21:04:22,519 [.NET ThreadPool Worker] INFO  Redis <ClearExpiredSessionsCallback>b__12_0 - All session keys: 1.Expired session keys: 0.
2023-11-30 21:05:22,522 [.NET ThreadPool Worker] INFO  Redis <ClearExpiredSessionsCallback>b__12_0 - All session keys: 1.Expired session keys: 0.
2023-11-30 21:06:22,530 [.NET ThreadPool Worker] INFO  Redis <ClearExpiredSessionsCallback>b__12_0 - All session keys: 1.Expired session keys: 0.
2023-11-30 21:07:22,532 [.NET ThreadPool Worker] INFO  Redis <ClearExpiredSessionsCallback>b__12_0 - All session keys: 1.Expired session keys: 0.
2023-11-30 21:08:22,535 [.NET ThreadPool Worker] INFO  Redis <ClearExpiredSessionsCallback>b__12_0 - All session keys: 1.Expired session keys: 0.
2023-11-30 21:09:22,539 [.NET ThreadPool Worker] INFO  Redis <ClearExpiredSessionsCallback>b__12_0 - All session keys: 1.Expired session keys: 0.
2023-11-30 21:10:22,542 [.NET ThreadPool Worker] INFO  Redis <ClearExpiredSessionsCallback>b__12_0 - All session keys: 1.Expired session keys: 0.
2023-11-30 21:11:22,550 [.NET ThreadPool Worker] INFO  Redis <ClearExpiredSessionsCallback>b__12_0 - All session keys: 1.Expired session keys: 0.
2023-11-30 21:12:22,553 [.NET ThreadPool Worker] INFO  Redis <ClearExpiredSessionsCallback>b__12_0 - All session keys: 1.Expired session keys: 0.
2023-11-30 21:12:50,783 [.NET ThreadPool Worker] WARN  Redis ConnectionFailedEventHandler - ConnectionFailed: EndPoint [Unspecified/localhost:6379] ConnectionType [Subscription] FailureType [UnableToConnect]
StackExchange.Redis.RedisConnectionException: UnableToConnect on localhost:6379/Subscription, Initializing/NotStarted, last: PING, origin: BeginConnectAsync, outstanding: 0, last-read: 0s ago, last-write: 0s ago, keep-alive: 60s, state: Connecting, mgr: 6 of 10 available, last-heartbeat: never, last-mbeat: 0s ago, global: 0s ago, v: 2.6.122.38350
2023-11-30 21:12:50,783 [.NET ThreadPool Worker] WARN  Redis ConnectionFailedEventHandler - ConnectionFailed: EndPoint [Unspecified/localhost:6379] ConnectionType [Interactive] FailureType [UnableToConnect]
StackExchange.Redis.RedisConnectionException: UnableToConnect on localhost:6379/Interactive, Initializing/NotStarted, last: INFO, origin: BeginConnectAsync, outstanding: 0, last-read: 0s ago, last-write: 0s ago, keep-alive: 60s, state: Connecting, mgr: 6 of 10 available, last-heartbeat: never, last-mbeat: 0s ago, global: 0s ago, v: 2.6.122.38350
2023-11-30 21:12:50,783 [.NET ThreadPool Worker] WARN  Redis TryReconfigureMultiplexer - Recreate multiplexer...
2023-11-30 21:12:50,811 [.NET ThreadPool Worker] WARN  Redis ConfigurationChangedEventHandler - ConfigurationChanged: EndPoint [Unspecified/localhost:6379]
